000 (13118.193.000) 2024-06-07 17:04:03 Job submitted from host: <10.18.24.233:9618?addrs=10.18.24.233-9618&alias=bioclusts03.bioclust.biologie.ens.fr&noUDP&sock=schedd_942_b64d>
...
001 (13118.193.000) 2024-06-08 00:56:58 Job executing on host: <10.18.24.45:9618?addrs=10.18.24.45-9618&alias=bioclust45.bioclust.biologie.ens.fr&noUDP&sock=startd_826558_9dc7>
...
006 (13118.193.000) 2024-06-08 00:57:07 Image size of job updated: 332124
	169  -  MemoryUsage of job (MB)
	172380  -  ResidentSetSize of job (KB)
...
006 (13118.193.000) 2024-06-08 01:02:08 Image size of job updated: 1671228
	622  -  MemoryUsage of job (MB)
	636040  -  ResidentSetSize of job (KB)
...
006 (13118.193.000) 2024-06-08 01:07:09 Image size of job updated: 1672156
	622  -  MemoryUsage of job (MB)
	636832  -  ResidentSetSize of job (KB)
...
006 (13118.193.000) 2024-06-08 01:12:09 Image size of job updated: 1673212
	624  -  MemoryUsage of job (MB)
	638020  -  ResidentSetSize of job (KB)
...
006 (13118.193.000) 2024-06-08 01:17:10 Image size of job updated: 1674140
	624  -  MemoryUsage of job (MB)
	638944  -  ResidentSetSize of job (KB)
...
006 (13118.193.000) 2024-06-08 01:22:11 Image size of job updated: 1675324
	625  -  MemoryUsage of job (MB)
	639704  -  ResidentSetSize of job (KB)
...
006 (13118.193.000) 2024-06-08 01:27:11 Image size of job updated: 1676392
	626  -  MemoryUsage of job (MB)
	641004  -  ResidentSetSize of job (KB)
...
006 (13118.193.000) 2024-06-08 01:32:11 Image size of job updated: 1677448
	628  -  MemoryUsage of job (MB)
	642332  -  ResidentSetSize of job (KB)
...
006 (13118.193.000) 2024-06-08 01:37:12 Image size of job updated: 1678360
	629  -  MemoryUsage of job (MB)
	643076  -  ResidentSetSize of job (KB)
...
006 (13118.193.000) 2024-06-08 01:42:12 Image size of job updated: 1679420
	630  -  MemoryUsage of job (MB)
	644304  -  ResidentSetSize of job (KB)
...
006 (13118.193.000) 2024-06-08 01:47:12 Image size of job updated: 1680880
	631  -  MemoryUsage of job (MB)
	645628  -  ResidentSetSize of job (KB)
...
006 (13118.193.000) 2024-06-08 01:52:13 Image size of job updated: 1681680
	632  -  MemoryUsage of job (MB)
	646420  -  ResidentSetSize of job (KB)
...
006 (13118.193.000) 2024-06-08 01:57:14 Image size of job updated: 1682472
	633  -  MemoryUsage of job (MB)
	647212  -  ResidentSetSize of job (KB)
...
006 (13118.193.000) 2024-06-08 02:02:14 Image size of job updated: 1683732
	634  -  MemoryUsage of job (MB)
	648488  -  ResidentSetSize of job (KB)
...
006 (13118.193.000) 2024-06-08 02:07:15 Image size of job updated: 1684788
	635  -  MemoryUsage of job (MB)
	649544  -  ResidentSetSize of job (KB)
...
006 (13118.193.000) 2024-06-08 02:12:16 Image size of job updated: 1685712
	636  -  MemoryUsage of job (MB)
	650600  -  ResidentSetSize of job (KB)
...
006 (13118.193.000) 2024-06-08 02:17:16 Image size of job updated: 1686640
	637  -  MemoryUsage of job (MB)
	651524  -  ResidentSetSize of job (KB)
...
006 (13118.193.000) 2024-06-08 02:17:37 Image size of job updated: 1686772
	637  -  MemoryUsage of job (MB)
	651524  -  ResidentSetSize of job (KB)
...
005 (13118.193.000) 2024-06-08 02:17:37 Job terminated.
	(1) Normal termination (return value 0)
		Usr 0 01:19:50, Sys 0 00:00:04  -  Run Remote Usage
		Usr 0 00:00:00, Sys 0 00:00:00  -  Run Local Usage
		Usr 0 01:19:50, Sys 0 00:00:04  -  Total Remote Usage
		Usr 0 00:00:00, Sys 0 00:00:00  -  Total Local Usage
	0  -  Run Bytes Sent By Job
	0  -  Run Bytes Received By Job
	0  -  Total Bytes Sent By Job
	0  -  Total Bytes Received By Job
	Partitionable Resources :    Usage  Request Allocated 
	   Cpus                 :     0.99        1         1 
	   Disk (KB)            :    15          15      2237 
	   Memory (MB)          :   637       20480     20480 

	Job terminated of its own accord at 2024-06-08T00:17:37Z with exit-code 0.
...
