000 (13118.306.000) 2024-06-07 17:04:06 Job submitted from host: <10.18.24.233:9618?addrs=10.18.24.233-9618&alias=bioclusts03.bioclust.biologie.ens.fr&noUDP&sock=schedd_942_b64d>
...
001 (13118.306.000) 2024-06-08 06:15:01 Job executing on host: <10.18.24.45:9618?addrs=10.18.24.45-9618&alias=bioclust45.bioclust.biologie.ens.fr&noUDP&sock=startd_826558_9dc7>
...
006 (13118.306.000) 2024-06-08 06:15:10 Image size of job updated: 870596
	241  -  MemoryUsage of job (MB)
	246512  -  ResidentSetSize of job (KB)
...
006 (13118.306.000) 2024-06-08 06:20:11 Image size of job updated: 1565672
	576  -  MemoryUsage of job (MB)
	589196  -  ResidentSetSize of job (KB)
...
006 (13118.306.000) 2024-06-08 06:25:11 Image size of job updated: 1565672
	577  -  MemoryUsage of job (MB)
	590120  -  ResidentSetSize of job (KB)
...
006 (13118.306.000) 2024-06-08 06:30:11 Image size of job updated: 1567224
	577  -  MemoryUsage of job (MB)
	590120  -  ResidentSetSize of job (KB)
...
006 (13118.306.000) 2024-06-08 06:35:12 Image size of job updated: 1634756
	577  -  MemoryUsage of job (MB)
	590120  -  ResidentSetSize of job (KB)
...
006 (13118.306.000) 2024-06-08 06:40:12 Image size of job updated: 1636164
	577  -  MemoryUsage of job (MB)
	590120  -  ResidentSetSize of job (KB)
...
006 (13118.306.000) 2024-06-08 06:45:12 Image size of job updated: 1645748
	577  -  MemoryUsage of job (MB)
	590120  -  ResidentSetSize of job (KB)
...
006 (13118.306.000) 2024-06-08 06:55:14 Image size of job updated: 1645748
	578  -  MemoryUsage of job (MB)
	591060  -  ResidentSetSize of job (KB)
...
006 (13118.306.000) 2024-06-08 07:00:14 Image size of job updated: 1649844
	581  -  MemoryUsage of job (MB)
	594504  -  ResidentSetSize of job (KB)
...
006 (13118.306.000) 2024-06-08 07:05:15 Image size of job updated: 1649844
	584  -  MemoryUsage of job (MB)
	597604  -  ResidentSetSize of job (KB)
...
005 (13118.306.000) 2024-06-08 07:09:35 Job terminated.
	(1) Normal termination (return value 0)
		Usr 0 00:53:34, Sys 0 00:00:34  -  Run Remote Usage
		Usr 0 00:00:00, Sys 0 00:00:00  -  Run Local Usage
		Usr 0 00:53:34, Sys 0 00:00:34  -  Total Remote Usage
		Usr 0 00:00:00, Sys 0 00:00:00  -  Total Local Usage
	0  -  Run Bytes Sent By Job
	0  -  Run Bytes Received By Job
	0  -  Total Bytes Sent By Job
	0  -  Total Bytes Received By Job
	Partitionable Resources :    Usage  Request Allocated 
	   Cpus                 :     0.99        1         1 
	   Disk (KB)            :    15          15      2237 
	   Memory (MB)          :   584       20480     20480 

	Job terminated of its own accord at 2024-06-08T05:09:35Z with exit-code 0.
...
