000 (13118.020.000) 2024-06-07 17:03:59 Job submitted from host: <10.18.24.233:9618?addrs=10.18.24.233-9618&alias=bioclusts03.bioclust.biologie.ens.fr&noUDP&sock=schedd_942_b64d>
...
001 (13118.020.000) 2024-06-07 17:54:10 Job executing on host: <10.18.24.14:9618?addrs=10.18.24.14-9618&alias=bioclust14.bioclust.biologie.ens.fr&noUDP&sock=startd_1218_0671>
...
006 (13118.020.000) 2024-06-07 17:54:19 Image size of job updated: 313000
	306  -  MemoryUsage of job (MB)
	313000  -  ResidentSetSize of job (KB)
...
006 (13118.020.000) 2024-06-07 17:59:19 Image size of job updated: 1688452
	565  -  MemoryUsage of job (MB)
	577828  -  ResidentSetSize of job (KB)
...
006 (13118.020.000) 2024-06-07 18:04:19 Image size of job updated: 1691368
	567  -  MemoryUsage of job (MB)
	580480  -  ResidentSetSize of job (KB)
...
006 (13118.020.000) 2024-06-07 18:09:20 Image size of job updated: 1692044
	567  -  MemoryUsage of job (MB)
	580480  -  ResidentSetSize of job (KB)
...
006 (13118.020.000) 2024-06-07 18:14:21 Image size of job updated: 1692792
	569  -  MemoryUsage of job (MB)
	581896  -  ResidentSetSize of job (KB)
...
006 (13118.020.000) 2024-06-07 18:19:21 Image size of job updated: 1694200
	570  -  MemoryUsage of job (MB)
	582848  -  ResidentSetSize of job (KB)
...
006 (13118.020.000) 2024-06-07 18:24:21 Image size of job updated: 1695248
	570  -  MemoryUsage of job (MB)
	582848  -  ResidentSetSize of job (KB)
...
006 (13118.020.000) 2024-06-07 18:29:22 Image size of job updated: 1695988
	572  -  MemoryUsage of job (MB)
	585224  -  ResidentSetSize of job (KB)
...
006 (13118.020.000) 2024-06-07 18:34:22 Image size of job updated: 1696384
	572  -  MemoryUsage of job (MB)
	585564  -  ResidentSetSize of job (KB)
...
006 (13118.020.000) 2024-06-07 18:39:22 Image size of job updated: 1698104
	574  -  MemoryUsage of job (MB)
	587428  -  ResidentSetSize of job (KB)
...
006 (13118.020.000) 2024-06-07 18:44:23 Image size of job updated: 1698632
	575  -  MemoryUsage of job (MB)
	587892  -  ResidentSetSize of job (KB)
...
006 (13118.020.000) 2024-06-07 18:49:24 Image size of job updated: 1700220
	576  -  MemoryUsage of job (MB)
	589288  -  ResidentSetSize of job (KB)
...
006 (13118.020.000) 2024-06-07 18:54:24 Image size of job updated: 1700616
	577  -  MemoryUsage of job (MB)
	590000  -  ResidentSetSize of job (KB)
...
006 (13118.020.000) 2024-06-07 18:59:24 Image size of job updated: 1701940
	578  -  MemoryUsage of job (MB)
	591468  -  ResidentSetSize of job (KB)
...
006 (13118.020.000) 2024-06-07 19:04:25 Image size of job updated: 1703000
	579  -  MemoryUsage of job (MB)
	592052  -  ResidentSetSize of job (KB)
...
006 (13118.020.000) 2024-06-07 19:09:25 Image size of job updated: 1703900
	580  -  MemoryUsage of job (MB)
	593104  -  ResidentSetSize of job (KB)
...
006 (13118.020.000) 2024-06-07 19:14:25 Image size of job updated: 1705212
	580  -  MemoryUsage of job (MB)
	593452  -  ResidentSetSize of job (KB)
...
006 (13118.020.000) 2024-06-07 19:19:26 Image size of job updated: 1705700
	587  -  MemoryUsage of job (MB)
	600432  -  ResidentSetSize of job (KB)
...
006 (13118.020.000) 2024-06-07 19:24:27 Image size of job updated: 1706360
	587  -  MemoryUsage of job (MB)
	600432  -  ResidentSetSize of job (KB)
...
006 (13118.020.000) 2024-06-07 19:29:27 Image size of job updated: 1707284
	587  -  MemoryUsage of job (MB)
	600432  -  ResidentSetSize of job (KB)
...
006 (13118.020.000) 2024-06-07 19:34:28 Image size of job updated: 1708264
	587  -  MemoryUsage of job (MB)
	600432  -  ResidentSetSize of job (KB)
...
006 (13118.020.000) 2024-06-07 19:39:29 Image size of job updated: 1709188
	587  -  MemoryUsage of job (MB)
	600432  -  ResidentSetSize of job (KB)
...
006 (13118.020.000) 2024-06-07 19:41:09 Image size of job updated: 1709980
	587  -  MemoryUsage of job (MB)
	600432  -  ResidentSetSize of job (KB)
...
005 (13118.020.000) 2024-06-07 19:41:09 Job terminated.
	(1) Normal termination (return value 0)
		Usr 0 01:46:20, Sys 0 00:00:07  -  Run Remote Usage
		Usr 0 00:00:00, Sys 0 00:00:00  -  Run Local Usage
		Usr 0 01:46:20, Sys 0 00:00:07  -  Total Remote Usage
		Usr 0 00:00:00, Sys 0 00:00:00  -  Total Local Usage
	0  -  Run Bytes Sent By Job
	0  -  Run Bytes Received By Job
	0  -  Total Bytes Sent By Job
	0  -  Total Bytes Received By Job
	Partitionable Resources :    Usage  Request Allocated 
	   Cpus                 :     1.00        1         1 
	   Disk (KB)            :    15          15      2067 
	   Memory (MB)          :   587       20480     20480 

	Job terminated of its own accord at 2024-06-07T17:41:09Z with exit-code 0.
...
