000 (13118.151.000) 2024-06-07 17:04:02 Job submitted from host: <10.18.24.233:9618?addrs=10.18.24.233-9618&alias=bioclusts03.bioclust.biologie.ens.fr&noUDP&sock=schedd_942_b64d>
...
001 (13118.151.000) 2024-06-07 22:59:57 Job executing on host: <10.18.24.13:9618?addrs=10.18.24.13-9618&alias=bioclust13.bioclust.biologie.ens.fr&noUDP&sock=startd_1231_f12c>
...
006 (13118.151.000) 2024-06-07 23:00:06 Image size of job updated: 786088
	214  -  MemoryUsage of job (MB)
	218568  -  ResidentSetSize of job (KB)
...
006 (13118.151.000) 2024-06-07 23:05:07 Image size of job updated: 1620804
	542  -  MemoryUsage of job (MB)
	554292  -  ResidentSetSize of job (KB)
...
006 (13118.151.000) 2024-06-07 23:10:07 Image size of job updated: 1623060
	547  -  MemoryUsage of job (MB)
	559452  -  ResidentSetSize of job (KB)
...
006 (13118.151.000) 2024-06-07 23:15:08 Image size of job updated: 1626132
	549  -  MemoryUsage of job (MB)
	562028  -  ResidentSetSize of job (KB)
...
006 (13118.151.000) 2024-06-07 23:20:09 Image size of job updated: 1626132
	551  -  MemoryUsage of job (MB)
	564012  -  ResidentSetSize of job (KB)
...
006 (13118.151.000) 2024-06-07 23:25:09 Image size of job updated: 1629492
	553  -  MemoryUsage of job (MB)
	565944  -  ResidentSetSize of job (KB)
...
006 (13118.151.000) 2024-06-07 23:30:10 Image size of job updated: 1631236
	555  -  MemoryUsage of job (MB)
	568052  -  ResidentSetSize of job (KB)
...
006 (13118.151.000) 2024-06-07 23:35:11 Image size of job updated: 1633668
	558  -  MemoryUsage of job (MB)
	570600  -  ResidentSetSize of job (KB)
...
006 (13118.151.000) 2024-06-07 23:40:11 Image size of job updated: 1636424
	561  -  MemoryUsage of job (MB)
	573784  -  ResidentSetSize of job (KB)
...
006 (13118.151.000) 2024-06-07 23:45:11 Image size of job updated: 1638464
	561  -  MemoryUsage of job (MB)
	573784  -  ResidentSetSize of job (KB)
...
006 (13118.151.000) 2024-06-07 23:50:12 Image size of job updated: 1641800
	566  -  MemoryUsage of job (MB)
	579116  -  ResidentSetSize of job (KB)
...
006 (13118.151.000) 2024-06-07 23:55:12 Image size of job updated: 1643620
	572  -  MemoryUsage of job (MB)
	584912  -  ResidentSetSize of job (KB)
...
006 (13118.151.000) 2024-06-08 00:00:12 Image size of job updated: 1644764
	572  -  MemoryUsage of job (MB)
	584912  -  ResidentSetSize of job (KB)
...
006 (13118.151.000) 2024-06-08 00:05:13 Image size of job updated: 1647696
	573  -  MemoryUsage of job (MB)
	586028  -  ResidentSetSize of job (KB)
...
006 (13118.151.000) 2024-06-08 00:10:14 Image size of job updated: 1650528
	576  -  MemoryUsage of job (MB)
	589780  -  ResidentSetSize of job (KB)
...
006 (13118.151.000) 2024-06-08 00:11:48 Image size of job updated: 1651340
	576  -  MemoryUsage of job (MB)
	589780  -  ResidentSetSize of job (KB)
...
005 (13118.151.000) 2024-06-08 00:11:48 Job terminated.
	(1) Normal termination (return value 0)
		Usr 0 01:11:34, Sys 0 00:00:07  -  Run Remote Usage
		Usr 0 00:00:00, Sys 0 00:00:00  -  Run Local Usage
		Usr 0 01:11:34, Sys 0 00:00:07  -  Total Remote Usage
		Usr 0 00:00:00, Sys 0 00:00:00  -  Total Local Usage
	0  -  Run Bytes Sent By Job
	0  -  Run Bytes Received By Job
	0  -  Total Bytes Sent By Job
	0  -  Total Bytes Received By Job
	Partitionable Resources :    Usage  Request Allocated 
	   Cpus                 :     0.99        1         1 
	   Disk (KB)            :    15          15      2412 
	   Memory (MB)          :   576       20480     20480 

	Job terminated of its own accord at 2024-06-07T22:11:48Z with exit-code 0.
...
