000 (13763.048.000) 2024-09-23 16:11:28 Job submitted from host: <10.18.24.233:9618?addrs=10.18.24.233-9618&alias=bioclusts03.bioclust.biologie.ens.fr&noUDP&sock=schedd_942_b64d>
...
001 (13763.048.000) 2024-09-23 16:11:31 Job executing on host: <10.18.24.36:9618?addrs=10.18.24.36-9618&alias=bioclust36.bioclust.biologie.ens.fr&noUDP&sock=startd_1560_9bd5>
...
006 (13763.048.000) 2024-09-23 16:11:40 Image size of job updated: 275108
	179  -  MemoryUsage of job (MB)
	182312  -  ResidentSetSize of job (KB)
...
006 (13763.048.000) 2024-09-23 16:16:41 Image size of job updated: 1504164
	545  -  MemoryUsage of job (MB)
	557188  -  ResidentSetSize of job (KB)
...
006 (13763.048.000) 2024-09-23 16:21:41 Image size of job updated: 1507140
	547  -  MemoryUsage of job (MB)
	560016  -  ResidentSetSize of job (KB)
...
006 (13763.048.000) 2024-09-23 16:26:41 Image size of job updated: 1509212
	551  -  MemoryUsage of job (MB)
	563928  -  ResidentSetSize of job (KB)
...
006 (13763.048.000) 2024-09-23 16:31:43 Image size of job updated: 1512052
	558  -  MemoryUsage of job (MB)
	571132  -  ResidentSetSize of job (KB)
...
006 (13763.048.000) 2024-09-23 16:36:42 Image size of job updated: 1514284
	561  -  MemoryUsage of job (MB)
	573896  -  ResidentSetSize of job (KB)
...
006 (13763.048.000) 2024-09-23 16:41:42 Image size of job updated: 1516764
	564  -  MemoryUsage of job (MB)
	577424  -  ResidentSetSize of job (KB)
...
006 (13763.048.000) 2024-09-23 16:46:43 Image size of job updated: 1519432
	568  -  MemoryUsage of job (MB)
	580932  -  ResidentSetSize of job (KB)
...
006 (13763.048.000) 2024-09-23 16:51:06 Image size of job updated: 1521632
	568  -  MemoryUsage of job (MB)
	580932  -  ResidentSetSize of job (KB)
...
005 (13763.048.000) 2024-09-23 16:51:06 Job terminated.
	(1) Normal termination (return value 0)
		Usr 0 00:39:21, Sys 0 00:00:03  -  Run Remote Usage
		Usr 0 00:00:00, Sys 0 00:00:00  -  Run Local Usage
		Usr 0 00:39:21, Sys 0 00:00:03  -  Total Remote Usage
		Usr 0 00:00:00, Sys 0 00:00:00  -  Total Local Usage
	0  -  Run Bytes Sent By Job
	0  -  Run Bytes Received By Job
	0  -  Total Bytes Sent By Job
	0  -  Total Bytes Received By Job
	Partitionable Resources :    Usage  Request Allocated 
	   Cpus                 :     1.00        1         1 
	   Disk (KB)            :    15          15      3167 
	   Memory (MB)          :   568        2048      2048 

	Job terminated of its own accord at 2024-09-23T14:51:06Z with exit-code 0.
...
