000 (13118.173.000) 2024-06-07 17:04:03 Job submitted from host: <10.18.24.233:9618?addrs=10.18.24.233-9618&alias=bioclusts03.bioclust.biologie.ens.fr&noUDP&sock=schedd_942_b64d>
...
001 (13118.173.000) 2024-06-07 23:54:57 Job executing on host: <10.18.24.45:9618?addrs=10.18.24.45-9618&alias=bioclust45.bioclust.biologie.ens.fr&noUDP&sock=startd_826558_9dc7>
...
006 (13118.173.000) 2024-06-07 23:55:06 Image size of job updated: 234088
	169  -  MemoryUsage of job (MB)
	172280  -  ResidentSetSize of job (KB)
...
006 (13118.173.000) 2024-06-08 00:00:07 Image size of job updated: 1644160
	596  -  MemoryUsage of job (MB)
	610104  -  ResidentSetSize of job (KB)
...
006 (13118.173.000) 2024-06-08 00:05:07 Image size of job updated: 1645348
	601  -  MemoryUsage of job (MB)
	615356  -  ResidentSetSize of job (KB)
...
006 (13118.173.000) 2024-06-08 00:10:07 Image size of job updated: 1646804
	602  -  MemoryUsage of job (MB)
	615488  -  ResidentSetSize of job (KB)
...
006 (13118.173.000) 2024-06-08 00:15:08 Image size of job updated: 1649716
	602  -  MemoryUsage of job (MB)
	616048  -  ResidentSetSize of job (KB)
...
006 (13118.173.000) 2024-06-08 00:20:08 Image size of job updated: 1650640
	604  -  MemoryUsage of job (MB)
	617616  -  ResidentSetSize of job (KB)
...
006 (13118.173.000) 2024-06-08 00:25:08 Image size of job updated: 1653828
	611  -  MemoryUsage of job (MB)
	624764  -  ResidentSetSize of job (KB)
...
006 (13118.173.000) 2024-06-08 00:30:09 Image size of job updated: 1655680
	611  -  MemoryUsage of job (MB)
	624764  -  ResidentSetSize of job (KB)
...
006 (13118.173.000) 2024-06-08 00:35:09 Image size of job updated: 1655944
	620  -  MemoryUsage of job (MB)
	634500  -  ResidentSetSize of job (KB)
...
006 (13118.173.000) 2024-06-08 00:40:09 Image size of job updated: 1662448
	620  -  MemoryUsage of job (MB)
	634500  -  ResidentSetSize of job (KB)
...
006 (13118.173.000) 2024-06-08 00:55:11 Image size of job updated: 1663036
	620  -  MemoryUsage of job (MB)
	634500  -  ResidentSetSize of job (KB)
...
006 (13118.173.000) 2024-06-08 00:56:40 Image size of job updated: 1663304
	620  -  MemoryUsage of job (MB)
	634500  -  ResidentSetSize of job (KB)
...
005 (13118.173.000) 2024-06-08 00:56:40 Job terminated.
	(1) Normal termination (return value 0)
		Usr 0 01:00:43, Sys 0 00:00:22  -  Run Remote Usage
		Usr 0 00:00:00, Sys 0 00:00:00  -  Run Local Usage
		Usr 0 01:00:43, Sys 0 00:00:22  -  Total Remote Usage
		Usr 0 00:00:00, Sys 0 00:00:00  -  Total Local Usage
	0  -  Run Bytes Sent By Job
	0  -  Run Bytes Received By Job
	0  -  Total Bytes Sent By Job
	0  -  Total Bytes Received By Job
	Partitionable Resources :    Usage  Request Allocated 
	   Cpus                 :     0.99        1         1 
	   Disk (KB)            :    15          15      2237 
	   Memory (MB)          :   620       20480     20480 

	Job terminated of its own accord at 2024-06-07T22:56:40Z with exit-code 0.
...
