000 (13763.023.000) 2024-09-23 16:11:27 Job submitted from host: <10.18.24.233:9618?addrs=10.18.24.233-9618&alias=bioclusts03.bioclust.biologie.ens.fr&noUDP&sock=schedd_942_b64d>
...
001 (13763.023.000) 2024-09-23 16:11:30 Job executing on host: <10.18.24.103:9618?addrs=10.18.24.103-9618&alias=ecoclust08.bioclust.biologie.ens.fr&noUDP&sock=startd_1023_4579>
...
006 (13763.023.000) 2024-09-23 16:11:39 Image size of job updated: 356256
	143  -  MemoryUsage of job (MB)
	145860  -  ResidentSetSize of job (KB)
...
006 (13763.023.000) 2024-09-23 16:16:40 Image size of job updated: 1693052
	599  -  MemoryUsage of job (MB)
	612928  -  ResidentSetSize of job (KB)
...
006 (13763.023.000) 2024-09-23 16:21:40 Image size of job updated: 1694476
	608  -  MemoryUsage of job (MB)
	622100  -  ResidentSetSize of job (KB)
...
006 (13763.023.000) 2024-09-23 16:26:40 Image size of job updated: 1696060
	608  -  MemoryUsage of job (MB)
	622100  -  ResidentSetSize of job (KB)
...
006 (13763.023.000) 2024-09-23 16:31:41 Image size of job updated: 1697636
	608  -  MemoryUsage of job (MB)
	622100  -  ResidentSetSize of job (KB)
...
006 (13763.023.000) 2024-09-23 16:36:42 Image size of job updated: 1698744
	608  -  MemoryUsage of job (MB)
	622100  -  ResidentSetSize of job (KB)
...
006 (13763.023.000) 2024-09-23 16:41:42 Image size of job updated: 1700064
	608  -  MemoryUsage of job (MB)
	622100  -  ResidentSetSize of job (KB)
...
006 (13763.023.000) 2024-09-23 16:46:43 Image size of job updated: 1701388
	608  -  MemoryUsage of job (MB)
	622100  -  ResidentSetSize of job (KB)
...
006 (13763.023.000) 2024-09-23 16:51:44 Image size of job updated: 1702972
	612  -  MemoryUsage of job (MB)
	626340  -  ResidentSetSize of job (KB)
...
006 (13763.023.000) 2024-09-23 16:56:44 Image size of job updated: 1704556
	614  -  MemoryUsage of job (MB)
	627812  -  ResidentSetSize of job (KB)
...
006 (13763.023.000) 2024-09-23 17:01:44 Image size of job updated: 1705612
	614  -  MemoryUsage of job (MB)
	627812  -  ResidentSetSize of job (KB)
...
006 (13763.023.000) 2024-09-23 17:06:45 Image size of job updated: 1707064
	625  -  MemoryUsage of job (MB)
	639536  -  ResidentSetSize of job (KB)
...
006 (13763.023.000) 2024-09-23 17:11:45 Image size of job updated: 1708648
	625  -  MemoryUsage of job (MB)
	639536  -  ResidentSetSize of job (KB)
...
006 (13763.023.000) 2024-09-23 17:16:45 Image size of job updated: 1710100
	625  -  MemoryUsage of job (MB)
	639536  -  ResidentSetSize of job (KB)
...
006 (13763.023.000) 2024-09-23 17:21:47 Image size of job updated: 1711816
	625  -  MemoryUsage of job (MB)
	639536  -  ResidentSetSize of job (KB)
...
006 (13763.023.000) 2024-09-23 17:23:17 Image size of job updated: 1712476
	625  -  MemoryUsage of job (MB)
	639536  -  ResidentSetSize of job (KB)
...
005 (13763.023.000) 2024-09-23 17:23:17 Job terminated.
	(1) Normal termination (return value 0)
		Usr 0 01:11:05, Sys 0 00:00:28  -  Run Remote Usage
		Usr 0 00:00:00, Sys 0 00:00:00  -  Run Local Usage
		Usr 0 01:11:05, Sys 0 00:00:28  -  Total Remote Usage
		Usr 0 00:00:00, Sys 0 00:00:00  -  Total Local Usage
	0  -  Run Bytes Sent By Job
	0  -  Run Bytes Received By Job
	0  -  Total Bytes Sent By Job
	0  -  Total Bytes Received By Job
	Partitionable Resources :    Usage  Request Allocated 
	   Cpus                 :     1.00        1         1 
	   Disk (KB)            :    15          15      4053 
	   Memory (MB)          :   625        2048      2048 

	Job terminated of its own accord at 2024-09-23T15:23:17Z with exit-code 0.
...
