000 (13118.170.000) 2024-06-07 17:04:02 Job submitted from host: <10.18.24.233:9618?addrs=10.18.24.233-9618&alias=bioclusts03.bioclust.biologie.ens.fr&noUDP&sock=schedd_942_b64d>
...
001 (13118.170.000) 2024-06-07 23:50:58 Job executing on host: <10.18.24.12:9618?addrs=10.18.24.12-9618&alias=bioclust12.bioclust.biologie.ens.fr&noUDP&sock=startd_52665_6353>
...
006 (13118.170.000) 2024-06-07 23:51:06 Image size of job updated: 919508
	440  -  MemoryUsage of job (MB)
	449544  -  ResidentSetSize of job (KB)
...
006 (13118.170.000) 2024-06-07 23:56:06 Image size of job updated: 1608184
	555  -  MemoryUsage of job (MB)
	568004  -  ResidentSetSize of job (KB)
...
006 (13118.170.000) 2024-06-08 00:06:08 Image size of job updated: 1608976
	555  -  MemoryUsage of job (MB)
	568004  -  ResidentSetSize of job (KB)
...
006 (13118.170.000) 2024-06-08 00:11:08 Image size of job updated: 1613508
	558  -  MemoryUsage of job (MB)
	570636  -  ResidentSetSize of job (KB)
...
006 (13118.170.000) 2024-06-08 00:21:09 Image size of job updated: 1613508
	562  -  MemoryUsage of job (MB)
	574912  -  ResidentSetSize of job (KB)
...
006 (13118.170.000) 2024-06-08 00:41:11 Image size of job updated: 1613508
	564  -  MemoryUsage of job (MB)
	577440  -  ResidentSetSize of job (KB)
...
006 (13118.170.000) 2024-06-08 00:56:13 Image size of job updated: 1614632
	564  -  MemoryUsage of job (MB)
	577440  -  ResidentSetSize of job (KB)
...
006 (13118.170.000) 2024-06-08 01:01:13 Image size of job updated: 1614896
	564  -  MemoryUsage of job (MB)
	577440  -  ResidentSetSize of job (KB)
...
006 (13118.170.000) 2024-06-08 01:06:13 Image size of job updated: 1615292
	564  -  MemoryUsage of job (MB)
	577440  -  ResidentSetSize of job (KB)
...
006 (13118.170.000) 2024-06-08 01:11:14 Image size of job updated: 1617684
	564  -  MemoryUsage of job (MB)
	577440  -  ResidentSetSize of job (KB)
...
006 (13118.170.000) 2024-06-08 01:21:14 Image size of job updated: 1617684
	572  -  MemoryUsage of job (MB)
	585664  -  ResidentSetSize of job (KB)
...
006 (13118.170.000) 2024-06-08 01:26:15 Image size of job updated: 1619932
	572  -  MemoryUsage of job (MB)
	585664  -  ResidentSetSize of job (KB)
...
006 (13118.170.000) 2024-06-08 01:41:17 Image size of job updated: 1620516
	572  -  MemoryUsage of job (MB)
	585664  -  ResidentSetSize of job (KB)
...
006 (13118.170.000) 2024-06-08 01:46:18 Image size of job updated: 1620516
	574  -  MemoryUsage of job (MB)
	587032  -  ResidentSetSize of job (KB)
...
006 (13118.170.000) 2024-06-08 01:51:18 Image size of job updated: 1621836
	574  -  MemoryUsage of job (MB)
	587032  -  ResidentSetSize of job (KB)
...
006 (13118.170.000) 2024-06-08 02:01:19 Image size of job updated: 1622392
	574  -  MemoryUsage of job (MB)
	587032  -  ResidentSetSize of job (KB)
...
006 (13118.170.000) 2024-06-08 02:06:19 Image size of job updated: 1622768
	574  -  MemoryUsage of job (MB)
	587032  -  ResidentSetSize of job (KB)
...
006 (13118.170.000) 2024-06-08 02:11:19 Image size of job updated: 1624320
	577  -  MemoryUsage of job (MB)
	590300  -  ResidentSetSize of job (KB)
...
006 (13118.170.000) 2024-06-08 02:16:20 Image size of job updated: 1624320
	579  -  MemoryUsage of job (MB)
	592620  -  ResidentSetSize of job (KB)
...
006 (13118.170.000) 2024-06-08 02:21:21 Image size of job updated: 1624320
	579  -  MemoryUsage of job (MB)
	592752  -  ResidentSetSize of job (KB)
...
006 (13118.170.000) 2024-06-08 02:26:21 Image size of job updated: 1624652
	579  -  MemoryUsage of job (MB)
	592752  -  ResidentSetSize of job (KB)
...
006 (13118.170.000) 2024-06-08 02:31:22 Image size of job updated: 1625072
	579  -  MemoryUsage of job (MB)
	592752  -  ResidentSetSize of job (KB)
...
006 (13118.170.000) 2024-06-08 02:36:23 Image size of job updated: 1625072
	584  -  MemoryUsage of job (MB)
	597896  -  ResidentSetSize of job (KB)
...
006 (13118.170.000) 2024-06-08 02:41:23 Image size of job updated: 1625596
	584  -  MemoryUsage of job (MB)
	597896  -  ResidentSetSize of job (KB)
...
006 (13118.170.000) 2024-06-08 02:46:24 Image size of job updated: 1627180
	584  -  MemoryUsage of job (MB)
	597896  -  ResidentSetSize of job (KB)
...
006 (13118.170.000) 2024-06-08 02:56:25 Image size of job updated: 1627472
	584  -  MemoryUsage of job (MB)
	597896  -  ResidentSetSize of job (KB)
...
006 (13118.170.000) 2024-06-08 03:01:25 Image size of job updated: 1628528
	584  -  MemoryUsage of job (MB)
	597896  -  ResidentSetSize of job (KB)
...
005 (13118.170.000) 2024-06-08 03:09:02 Job terminated.
	(1) Normal termination (return value 0)
		Usr 0 03:16:03, Sys 0 00:01:01  -  Run Remote Usage
		Usr 0 00:00:00, Sys 0 00:00:00  -  Run Local Usage
		Usr 0 03:16:03, Sys 0 00:01:01  -  Total Remote Usage
		Usr 0 00:00:00, Sys 0 00:00:00  -  Total Local Usage
	0  -  Run Bytes Sent By Job
	0  -  Run Bytes Received By Job
	0  -  Total Bytes Sent By Job
	0  -  Total Bytes Received By Job
	Partitionable Resources :    Usage  Request Allocated 
	   Cpus                 :     1.00        1         1 
	   Disk (KB)            :    15          15      2316 
	   Memory (MB)          :   584       20480     20480 

	Job terminated of its own accord at 2024-06-08T01:09:02Z with exit-code 0.
...
