000 (13763.030.000) 2024-09-23 16:11:27 Job submitted from host: <10.18.24.233:9618?addrs=10.18.24.233-9618&alias=bioclusts03.bioclust.biologie.ens.fr&noUDP&sock=schedd_942_b64d>
...
001 (13763.030.000) 2024-09-23 16:11:30 Job executing on host: <10.18.24.44:9618?addrs=10.18.24.44-9618&alias=bioclust44.bioclust.biologie.ens.fr&noUDP&sock=startd_1100_1644>
...
006 (13763.030.000) 2024-09-23 16:11:39 Image size of job updated: 329324
	146  -  MemoryUsage of job (MB)
	149028  -  ResidentSetSize of job (KB)
...
006 (13763.030.000) 2024-09-23 16:16:40 Image size of job updated: 1622308
	601  -  MemoryUsage of job (MB)
	614720  -  ResidentSetSize of job (KB)
...
006 (13763.030.000) 2024-09-23 16:21:40 Image size of job updated: 1623948
	605  -  MemoryUsage of job (MB)
	618588  -  ResidentSetSize of job (KB)
...
006 (13763.030.000) 2024-09-23 16:26:41 Image size of job updated: 1625304
	608  -  MemoryUsage of job (MB)
	621736  -  ResidentSetSize of job (KB)
...
006 (13763.030.000) 2024-09-23 16:31:42 Image size of job updated: 1626072
	609  -  MemoryUsage of job (MB)
	622912  -  ResidentSetSize of job (KB)
...
006 (13763.030.000) 2024-09-23 16:36:42 Image size of job updated: 1627768
	611  -  MemoryUsage of job (MB)
	624688  -  ResidentSetSize of job (KB)
...
006 (13763.030.000) 2024-09-23 16:41:42 Image size of job updated: 1629196
	613  -  MemoryUsage of job (MB)
	627564  -  ResidentSetSize of job (KB)
...
006 (13763.030.000) 2024-09-23 16:46:43 Image size of job updated: 1630140
	616  -  MemoryUsage of job (MB)
	630336  -  ResidentSetSize of job (KB)
...
006 (13763.030.000) 2024-09-23 16:51:43 Image size of job updated: 1631544
	618  -  MemoryUsage of job (MB)
	631972  -  ResidentSetSize of job (KB)
...
006 (13763.030.000) 2024-09-23 16:56:43 Image size of job updated: 1632084
	618  -  MemoryUsage of job (MB)
	632548  -  ResidentSetSize of job (KB)
...
006 (13763.030.000) 2024-09-23 17:01:45 Image size of job updated: 1633788
	620  -  MemoryUsage of job (MB)
	634396  -  ResidentSetSize of job (KB)
...
006 (13763.030.000) 2024-09-23 17:06:45 Image size of job updated: 1634900
	621  -  MemoryUsage of job (MB)
	635796  -  ResidentSetSize of job (KB)
...
006 (13763.030.000) 2024-09-23 17:11:45 Image size of job updated: 1636348
	623  -  MemoryUsage of job (MB)
	637848  -  ResidentSetSize of job (KB)
...
006 (13763.030.000) 2024-09-23 17:16:46 Image size of job updated: 1637132
	624  -  MemoryUsage of job (MB)
	638652  -  ResidentSetSize of job (KB)
...
006 (13763.030.000) 2024-09-23 17:21:47 Image size of job updated: 1638616
	626  -  MemoryUsage of job (MB)
	640104  -  ResidentSetSize of job (KB)
...
006 (13763.030.000) 2024-09-23 17:26:47 Image size of job updated: 1639556
	627  -  MemoryUsage of job (MB)
	641160  -  ResidentSetSize of job (KB)
...
006 (13763.030.000) 2024-09-23 17:31:48 Image size of job updated: 1640772
	628  -  MemoryUsage of job (MB)
	643008  -  ResidentSetSize of job (KB)
...
005 (13763.030.000) 2024-09-23 17:32:19 Job terminated.
	(1) Normal termination (return value 0)
		Usr 0 01:20:30, Sys 0 00:00:05  -  Run Remote Usage
		Usr 0 00:00:00, Sys 0 00:00:00  -  Run Local Usage
		Usr 0 01:20:30, Sys 0 00:00:05  -  Total Remote Usage
		Usr 0 00:00:00, Sys 0 00:00:00  -  Total Local Usage
	0  -  Run Bytes Sent By Job
	0  -  Run Bytes Received By Job
	0  -  Total Bytes Sent By Job
	0  -  Total Bytes Received By Job
	Partitionable Resources :    Usage  Request Allocated 
	   Cpus                 :     1.00        1         1 
	   Disk (KB)            :    15          15      1866 
	   Memory (MB)          :   628        2048      2048 

	Job terminated of its own accord at 2024-09-23T15:32:19Z with exit-code 0.
...
