000 (13118.000.000) 2024-06-07 17:03:58 Job submitted from host: <10.18.24.233:9618?addrs=10.18.24.233-9618&alias=bioclusts03.bioclust.biologie.ens.fr&noUDP&sock=schedd_942_b64d>
...
001 (13118.000.000) 2024-06-07 17:05:10 Job executing on host: <10.18.24.13:9618?addrs=10.18.24.13-9618&alias=bioclust13.bioclust.biologie.ens.fr&noUDP&sock=startd_1231_f12c>
...
006 (13118.000.000) 2024-06-07 17:05:18 Image size of job updated: 272052
	266  -  MemoryUsage of job (MB)
	272052  -  ResidentSetSize of job (KB)
...
006 (13118.000.000) 2024-06-07 17:10:18 Image size of job updated: 1610232
	555  -  MemoryUsage of job (MB)
	567364  -  ResidentSetSize of job (KB)
...
006 (13118.000.000) 2024-06-07 17:15:18 Image size of job updated: 1613276
	563  -  MemoryUsage of job (MB)
	576416  -  ResidentSetSize of job (KB)
...
006 (13118.000.000) 2024-06-07 17:20:19 Image size of job updated: 1615832
	563  -  MemoryUsage of job (MB)
	576416  -  ResidentSetSize of job (KB)
...
006 (13118.000.000) 2024-06-07 17:25:20 Image size of job updated: 1619812
	572  -  MemoryUsage of job (MB)
	584896  -  ResidentSetSize of job (KB)
...
006 (13118.000.000) 2024-06-07 17:30:20 Image size of job updated: 1622600
	572  -  MemoryUsage of job (MB)
	585028  -  ResidentSetSize of job (KB)
...
006 (13118.000.000) 2024-06-07 17:35:20 Image size of job updated: 1625248
	579  -  MemoryUsage of job (MB)
	592100  -  ResidentSetSize of job (KB)
...
006 (13118.000.000) 2024-06-07 17:40:21 Image size of job updated: 1628580
	579  -  MemoryUsage of job (MB)
	592100  -  ResidentSetSize of job (KB)
...
006 (13118.000.000) 2024-06-07 17:45:21 Image size of job updated: 1631088
	582  -  MemoryUsage of job (MB)
	595184  -  ResidentSetSize of job (KB)
...
006 (13118.000.000) 2024-06-07 17:50:21 Image size of job updated: 1633996
	586  -  MemoryUsage of job (MB)
	599644  -  ResidentSetSize of job (KB)
...
006 (13118.000.000) 2024-06-07 17:55:22 Image size of job updated: 1639552
	592  -  MemoryUsage of job (MB)
	605544  -  ResidentSetSize of job (KB)
...
006 (13118.000.000) 2024-06-07 18:00:23 Image size of job updated: 1641272
	594  -  MemoryUsage of job (MB)
	608028  -  ResidentSetSize of job (KB)
...
006 (13118.000.000) 2024-06-07 18:05:23 Image size of job updated: 1644992
	601  -  MemoryUsage of job (MB)
	615192  -  ResidentSetSize of job (KB)
...
006 (13118.000.000) 2024-06-07 18:10:24 Image size of job updated: 1649096
	607  -  MemoryUsage of job (MB)
	620600  -  ResidentSetSize of job (KB)
...
006 (13118.000.000) 2024-06-07 18:15:25 Image size of job updated: 1652272
	607  -  MemoryUsage of job (MB)
	621384  -  ResidentSetSize of job (KB)
...
006 (13118.000.000) 2024-06-07 18:20:25 Image size of job updated: 1656520
	612  -  MemoryUsage of job (MB)
	626252  -  ResidentSetSize of job (KB)
...
006 (13118.000.000) 2024-06-07 18:25:25 Image size of job updated: 1660488
	617  -  MemoryUsage of job (MB)
	630812  -  ResidentSetSize of job (KB)
...
006 (13118.000.000) 2024-06-07 18:30:26 Image size of job updated: 1664208
	620  -  MemoryUsage of job (MB)
	634708  -  ResidentSetSize of job (KB)
...
006 (13118.000.000) 2024-06-07 18:35:27 Image size of job updated: 1666724
	631  -  MemoryUsage of job (MB)
	645216  -  ResidentSetSize of job (KB)
...
006 (13118.000.000) 2024-06-07 18:40:27 Image size of job updated: 1671892
	631  -  MemoryUsage of job (MB)
	645348  -  ResidentSetSize of job (KB)
...
006 (13118.000.000) 2024-06-07 18:45:27 Image size of job updated: 1675468
	633  -  MemoryUsage of job (MB)
	647760  -  ResidentSetSize of job (KB)
...
006 (13118.000.000) 2024-06-07 18:50:28 Image size of job updated: 1678068
	636  -  MemoryUsage of job (MB)
	651000  -  ResidentSetSize of job (KB)
...
006 (13118.000.000) 2024-06-07 18:55:28 Image size of job updated: 1682044
	641  -  MemoryUsage of job (MB)
	655604  -  ResidentSetSize of job (KB)
...
005 (13118.000.000) 2024-06-07 18:55:52 Job terminated.
	(1) Normal termination (return value 0)
		Usr 0 01:49:13, Sys 0 00:00:37  -  Run Remote Usage
		Usr 0 00:00:00, Sys 0 00:00:00  -  Run Local Usage
		Usr 0 01:49:13, Sys 0 00:00:37  -  Total Remote Usage
		Usr 0 00:00:00, Sys 0 00:00:00  -  Total Local Usage
	0  -  Run Bytes Sent By Job
	0  -  Run Bytes Received By Job
	0  -  Total Bytes Sent By Job
	0  -  Total Bytes Received By Job
	Partitionable Resources :    Usage  Request Allocated 
	   Cpus                 :     1.00        1         1 
	   Disk (KB)            :    15          15      2412 
	   Memory (MB)          :   641       20480     20480 

	Job terminated of its own accord at 2024-06-07T16:55:52Z with exit-code 0.
...
