000 (13763.061.000) 2024-09-23 16:11:28 Job submitted from host: <10.18.24.233:9618?addrs=10.18.24.233-9618&alias=bioclusts03.bioclust.biologie.ens.fr&noUDP&sock=schedd_942_b64d>
...
001 (13763.061.000) 2024-09-23 16:11:31 Job executing on host: <10.18.24.28:9618?addrs=10.18.24.28-9618&alias=bioclust28.bioclust.biologie.ens.fr&noUDP&sock=startd_1349_e159>
...
006 (13763.061.000) 2024-09-23 16:11:40 Image size of job updated: 277332
	180  -  MemoryUsage of job (MB)
	183876  -  ResidentSetSize of job (KB)
...
006 (13763.061.000) 2024-09-23 16:16:41 Image size of job updated: 1530364
	563  -  MemoryUsage of job (MB)
	575792  -  ResidentSetSize of job (KB)
...
006 (13763.061.000) 2024-09-23 16:21:41 Image size of job updated: 1532664
	568  -  MemoryUsage of job (MB)
	581072  -  ResidentSetSize of job (KB)
...
006 (13763.061.000) 2024-09-23 16:26:41 Image size of job updated: 1534972
	569  -  MemoryUsage of job (MB)
	582528  -  ResidentSetSize of job (KB)
...
006 (13763.061.000) 2024-09-23 16:31:42 Image size of job updated: 1537300
	573  -  MemoryUsage of job (MB)
	586512  -  ResidentSetSize of job (KB)
...
006 (13763.061.000) 2024-09-23 16:36:43 Image size of job updated: 1539008
	575  -  MemoryUsage of job (MB)
	587920  -  ResidentSetSize of job (KB)
...
006 (13763.061.000) 2024-09-23 16:41:43 Image size of job updated: 1541184
	579  -  MemoryUsage of job (MB)
	592076  -  ResidentSetSize of job (KB)
...
006 (13763.061.000) 2024-09-23 16:46:44 Image size of job updated: 1544072
	581  -  MemoryUsage of job (MB)
	594480  -  ResidentSetSize of job (KB)
...
006 (13763.061.000) 2024-09-23 16:51:45 Image size of job updated: 1546216
	584  -  MemoryUsage of job (MB)
	597280  -  ResidentSetSize of job (KB)
...
006 (13763.061.000) 2024-09-23 16:56:45 Image size of job updated: 1549084
	587  -  MemoryUsage of job (MB)
	600128  -  ResidentSetSize of job (KB)
...
006 (13763.061.000) 2024-09-23 16:59:25 Image size of job updated: 1549488
	587  -  MemoryUsage of job (MB)
	600128  -  ResidentSetSize of job (KB)
...
005 (13763.061.000) 2024-09-23 16:59:25 Job terminated.
	(1) Normal termination (return value 0)
		Usr 0 00:47:39, Sys 0 00:00:04  -  Run Remote Usage
		Usr 0 00:00:00, Sys 0 00:00:00  -  Run Local Usage
		Usr 0 00:47:39, Sys 0 00:00:04  -  Total Remote Usage
		Usr 0 00:00:00, Sys 0 00:00:00  -  Total Local Usage
	0  -  Run Bytes Sent By Job
	0  -  Run Bytes Received By Job
	0  -  Total Bytes Sent By Job
	0  -  Total Bytes Received By Job
	Partitionable Resources :    Usage  Request Allocated 
	   Cpus                 :     1.00        1         1 
	   Disk (KB)            :    15          15      2556 
	   Memory (MB)          :   587        2048      2048 

	Job terminated of its own accord at 2024-09-23T14:59:25Z with exit-code 0.
...
