000 (13118.114.000) 2024-06-07 17:04:01 Job submitted from host: <10.18.24.233:9618?addrs=10.18.24.233-9618&alias=bioclusts03.bioclust.biologie.ens.fr&noUDP&sock=schedd_942_b64d>
...
001 (13118.114.000) 2024-06-07 21:17:37 Job executing on host: <10.18.24.13:9618?addrs=10.18.24.13-9618&alias=bioclust13.bioclust.biologie.ens.fr&noUDP&sock=startd_1231_f12c>
...
006 (13118.114.000) 2024-06-07 21:17:45 Image size of job updated: 279312
	200  -  MemoryUsage of job (MB)
	204656  -  ResidentSetSize of job (KB)
...
006 (13118.114.000) 2024-06-07 21:22:45 Image size of job updated: 1644464
	579  -  MemoryUsage of job (MB)
	592860  -  ResidentSetSize of job (KB)
...
006 (13118.114.000) 2024-06-07 21:27:46 Image size of job updated: 1645388
	580  -  MemoryUsage of job (MB)
	593652  -  ResidentSetSize of job (KB)
...
006 (13118.114.000) 2024-06-07 21:32:47 Image size of job updated: 1646840
	582  -  MemoryUsage of job (MB)
	595104  -  ResidentSetSize of job (KB)
...
006 (13118.114.000) 2024-06-07 21:37:47 Image size of job updated: 1648476
	584  -  MemoryUsage of job (MB)
	597000  -  ResidentSetSize of job (KB)
...
006 (13118.114.000) 2024-06-07 21:42:48 Image size of job updated: 1649764
	584  -  MemoryUsage of job (MB)
	597000  -  ResidentSetSize of job (KB)
...
006 (13118.114.000) 2024-06-07 21:47:49 Image size of job updated: 1651084
	586  -  MemoryUsage of job (MB)
	599720  -  ResidentSetSize of job (KB)
...
006 (13118.114.000) 2024-06-07 21:52:49 Image size of job updated: 1652536
	588  -  MemoryUsage of job (MB)
	601172  -  ResidentSetSize of job (KB)
...
006 (13118.114.000) 2024-06-07 21:57:49 Image size of job updated: 1653856
	589  -  MemoryUsage of job (MB)
	602756  -  ResidentSetSize of job (KB)
...
006 (13118.114.000) 2024-06-07 22:02:50 Image size of job updated: 1654972
	590  -  MemoryUsage of job (MB)
	603684  -  ResidentSetSize of job (KB)
...
006 (13118.114.000) 2024-06-07 22:07:50 Image size of job updated: 1656556
	592  -  MemoryUsage of job (MB)
	605624  -  ResidentSetSize of job (KB)
...
006 (13118.114.000) 2024-06-07 22:12:50 Image size of job updated: 1657628
	593  -  MemoryUsage of job (MB)
	606876  -  ResidentSetSize of job (KB)
...
006 (13118.114.000) 2024-06-07 22:17:51 Image size of job updated: 1658948
	595  -  MemoryUsage of job (MB)
	608460  -  ResidentSetSize of job (KB)
...
006 (13118.114.000) 2024-06-07 22:22:52 Image size of job updated: 1660096
	596  -  MemoryUsage of job (MB)
	609800  -  ResidentSetSize of job (KB)
...
006 (13118.114.000) 2024-06-07 22:27:52 Image size of job updated: 1661680
	598  -  MemoryUsage of job (MB)
	611384  -  ResidentSetSize of job (KB)
...
006 (13118.114.000) 2024-06-07 22:32:53 Image size of job updated: 1663000
	599  -  MemoryUsage of job (MB)
	612704  -  ResidentSetSize of job (KB)
...
006 (13118.114.000) 2024-06-07 22:37:27 Image size of job updated: 1663792
	599  -  MemoryUsage of job (MB)
	612704  -  ResidentSetSize of job (KB)
...
005 (13118.114.000) 2024-06-07 22:37:27 Job terminated.
	(1) Normal termination (return value 0)
		Usr 0 01:19:41, Sys 0 00:00:04  -  Run Remote Usage
		Usr 0 00:00:00, Sys 0 00:00:00  -  Run Local Usage
		Usr 0 01:19:41, Sys 0 00:00:04  -  Total Remote Usage
		Usr 0 00:00:00, Sys 0 00:00:00  -  Total Local Usage
	0  -  Run Bytes Sent By Job
	0  -  Run Bytes Received By Job
	0  -  Total Bytes Sent By Job
	0  -  Total Bytes Received By Job
	Partitionable Resources :    Usage  Request Allocated 
	   Cpus                 :     1.00        1         1 
	   Disk (KB)            :    15          15      2412 
	   Memory (MB)          :   599       20480     20480 

	Job terminated of its own accord at 2024-06-07T20:37:27Z with exit-code 0.
...
