000 (13118.310.000) 2024-06-07 17:04:06 Job submitted from host: <10.18.24.233:9618?addrs=10.18.24.233-9618&alias=bioclusts03.bioclust.biologie.ens.fr&noUDP&sock=schedd_942_b64d>
...
001 (13118.310.000) 2024-06-08 06:26:01 Job executing on host: <10.18.24.41:9618?addrs=10.18.24.41-9618&alias=bioclust41.bioclust.biologie.ens.fr&noUDP&sock=startd_1116_0fc8>
...
006 (13118.310.000) 2024-06-08 06:26:10 Image size of job updated: 283132
	243  -  MemoryUsage of job (MB)
	247868  -  ResidentSetSize of job (KB)
...
006 (13118.310.000) 2024-06-08 06:31:10 Image size of job updated: 1580528
	601  -  MemoryUsage of job (MB)
	615328  -  ResidentSetSize of job (KB)
...
006 (13118.310.000) 2024-06-08 06:36:10 Image size of job updated: 1583012
	601  -  MemoryUsage of job (MB)
	615328  -  ResidentSetSize of job (KB)
...
006 (13118.310.000) 2024-06-08 06:41:11 Image size of job updated: 1585924
	601  -  MemoryUsage of job (MB)
	615328  -  ResidentSetSize of job (KB)
...
006 (13118.310.000) 2024-06-08 06:46:11 Image size of job updated: 1588828
	601  -  MemoryUsage of job (MB)
	615328  -  ResidentSetSize of job (KB)
...
006 (13118.310.000) 2024-06-08 06:51:11 Image size of job updated: 1590948
	603  -  MemoryUsage of job (MB)
	617372  -  ResidentSetSize of job (KB)
...
006 (13118.310.000) 2024-06-08 06:56:12 Image size of job updated: 1593712
	607  -  MemoryUsage of job (MB)
	621404  -  ResidentSetSize of job (KB)
...
006 (13118.310.000) 2024-06-08 07:01:13 Image size of job updated: 1596352
	611  -  MemoryUsage of job (MB)
	625108  -  ResidentSetSize of job (KB)
...
006 (13118.310.000) 2024-06-08 07:06:13 Image size of job updated: 1598996
	612  -  MemoryUsage of job (MB)
	625908  -  ResidentSetSize of job (KB)
...
006 (13118.310.000) 2024-06-08 07:11:14 Image size of job updated: 1601476
	623  -  MemoryUsage of job (MB)
	637564  -  ResidentSetSize of job (KB)
...
006 (13118.310.000) 2024-06-08 07:16:15 Image size of job updated: 1605016
	626  -  MemoryUsage of job (MB)
	640604  -  ResidentSetSize of job (KB)
...
006 (13118.310.000) 2024-06-08 07:21:15 Image size of job updated: 1607840
	626  -  MemoryUsage of job (MB)
	640604  -  ResidentSetSize of job (KB)
...
006 (13118.310.000) 2024-06-08 07:26:15 Image size of job updated: 1610908
	626  -  MemoryUsage of job (MB)
	640604  -  ResidentSetSize of job (KB)
...
006 (13118.310.000) 2024-06-08 07:28:36 Image size of job updated: 1612732
	626  -  MemoryUsage of job (MB)
	640604  -  ResidentSetSize of job (KB)
...
005 (13118.310.000) 2024-06-08 07:28:36 Job terminated.
	(1) Normal termination (return value 0)
		Usr 0 01:01:18, Sys 0 00:01:06  -  Run Remote Usage
		Usr 0 00:00:00, Sys 0 00:00:00  -  Run Local Usage
		Usr 0 01:01:18, Sys 0 00:01:06  -  Total Remote Usage
		Usr 0 00:00:00, Sys 0 00:00:00  -  Total Local Usage
	0  -  Run Bytes Sent By Job
	0  -  Run Bytes Received By Job
	0  -  Total Bytes Sent By Job
	0  -  Total Bytes Received By Job
	Partitionable Resources :    Usage  Request Allocated 
	   Cpus                 :     1.00        1         1 
	   Disk (KB)            :    15          15      1615 
	   Memory (MB)          :   626       20480     20480 

	Job terminated of its own accord at 2024-06-08T05:28:36Z with exit-code 0.
...
