000 (13118.347.000) 2024-06-07 17:04:07 Job submitted from host: <10.18.24.233:9618?addrs=10.18.24.233-9618&alias=bioclusts03.bioclust.biologie.ens.fr&noUDP&sock=schedd_942_b64d>
...
001 (13118.347.000) 2024-06-08 07:58:04 Job executing on host: <10.18.24.3:9618?addrs=10.18.24.3-9618&alias=bioclust03.bioclust.biologie.ens.fr&noUDP&sock=startd_1137_7745>
...
006 (13118.347.000) 2024-06-08 07:58:12 Image size of job updated: 295016
	251  -  MemoryUsage of job (MB)
	256244  -  ResidentSetSize of job (KB)
...
006 (13118.347.000) 2024-06-08 08:03:12 Image size of job updated: 1580892
	573  -  MemoryUsage of job (MB)
	586680  -  ResidentSetSize of job (KB)
...
006 (13118.347.000) 2024-06-08 08:08:13 Image size of job updated: 1584776
	580  -  MemoryUsage of job (MB)
	593768  -  ResidentSetSize of job (KB)
...
006 (13118.347.000) 2024-06-08 08:13:14 Image size of job updated: 1589096
	587  -  MemoryUsage of job (MB)
	600952  -  ResidentSetSize of job (KB)
...
006 (13118.347.000) 2024-06-08 08:18:14 Image size of job updated: 1592484
	601  -  MemoryUsage of job (MB)
	614532  -  ResidentSetSize of job (KB)
...
006 (13118.347.000) 2024-06-08 08:23:15 Image size of job updated: 1596316
	601  -  MemoryUsage of job (MB)
	614664  -  ResidentSetSize of job (KB)
...
006 (13118.347.000) 2024-06-08 08:28:16 Image size of job updated: 1665448
	604  -  MemoryUsage of job (MB)
	617636  -  ResidentSetSize of job (KB)
...
006 (13118.347.000) 2024-06-08 08:33:16 Image size of job updated: 1669088
	608  -  MemoryUsage of job (MB)
	622584  -  ResidentSetSize of job (KB)
...
006 (13118.347.000) 2024-06-08 08:38:16 Image size of job updated: 1673540
	614  -  MemoryUsage of job (MB)
	628180  -  ResidentSetSize of job (KB)
...
006 (13118.347.000) 2024-06-08 08:43:17 Image size of job updated: 1676812
	618  -  MemoryUsage of job (MB)
	632708  -  ResidentSetSize of job (KB)
...
006 (13118.347.000) 2024-06-08 08:48:18 Image size of job updated: 1679948
	623  -  MemoryUsage of job (MB)
	636932  -  ResidentSetSize of job (KB)
...
006 (13118.347.000) 2024-06-08 08:53:18 Image size of job updated: 1684484
	628  -  MemoryUsage of job (MB)
	642208  -  ResidentSetSize of job (KB)
...
006 (13118.347.000) 2024-06-08 08:58:19 Image size of job updated: 1688580
	633  -  MemoryUsage of job (MB)
	647324  -  ResidentSetSize of job (KB)
...
006 (13118.347.000) 2024-06-08 09:03:20 Image size of job updated: 1691764
	637  -  MemoryUsage of job (MB)
	651396  -  ResidentSetSize of job (KB)
...
006 (13118.347.000) 2024-06-08 09:04:05 Image size of job updated: 1691796
	637  -  MemoryUsage of job (MB)
	651396  -  ResidentSetSize of job (KB)
...
005 (13118.347.000) 2024-06-08 09:04:05 Job terminated.
	(1) Normal termination (return value 0)
		Usr 0 01:05:02, Sys 0 00:00:49  -  Run Remote Usage
		Usr 0 00:00:00, Sys 0 00:00:00  -  Run Local Usage
		Usr 0 01:05:02, Sys 0 00:00:49  -  Total Remote Usage
		Usr 0 00:00:00, Sys 0 00:00:00  -  Total Local Usage
	0  -  Run Bytes Sent By Job
	0  -  Run Bytes Received By Job
	0  -  Total Bytes Sent By Job
	0  -  Total Bytes Received By Job
	Partitionable Resources :    Usage  Request Allocated 
	   Cpus                 :     1.00        1         1 
	   Disk (KB)            :    15          15      2148 
	   Memory (MB)          :   637       20480     20480 

	Job terminated of its own accord at 2024-06-08T07:04:05Z with exit-code 0.
...
