000 (13763.013.000) 2024-09-23 16:11:27 Job submitted from host: <10.18.24.233:9618?addrs=10.18.24.233-9618&alias=bioclusts03.bioclust.biologie.ens.fr&noUDP&sock=schedd_942_b64d>
...
001 (13763.013.000) 2024-09-23 16:11:30 Job executing on host: <10.18.24.104:9618?addrs=10.18.24.104-9618&alias=ecoclust09.bioclust.biologie.ens.fr&noUDP&sock=startd_993_b1a2>
...
006 (13763.013.000) 2024-09-23 16:11:38 Image size of job updated: 87552
	2  -  MemoryUsage of job (MB)
	1056  -  ResidentSetSize of job (KB)
...
006 (13763.013.000) 2024-09-23 16:16:38 Image size of job updated: 1720168
	588  -  MemoryUsage of job (MB)
	601388  -  ResidentSetSize of job (KB)
...
006 (13763.013.000) 2024-09-23 16:21:39 Image size of job updated: 1724144
	591  -  MemoryUsage of job (MB)
	604680  -  ResidentSetSize of job (KB)
...
006 (13763.013.000) 2024-09-23 16:26:40 Image size of job updated: 1725336
	591  -  MemoryUsage of job (MB)
	604680  -  ResidentSetSize of job (KB)
...
006 (13763.013.000) 2024-09-23 16:31:40 Image size of job updated: 1726648
	594  -  MemoryUsage of job (MB)
	607800  -  ResidentSetSize of job (KB)
...
006 (13763.013.000) 2024-09-23 16:36:40 Image size of job updated: 1727840
	596  -  MemoryUsage of job (MB)
	609832  -  ResidentSetSize of job (KB)
...
006 (13763.013.000) 2024-09-23 16:41:41 Image size of job updated: 1728912
	596  -  MemoryUsage of job (MB)
	610264  -  ResidentSetSize of job (KB)
...
006 (13763.013.000) 2024-09-23 16:46:41 Image size of job updated: 1729712
	601  -  MemoryUsage of job (MB)
	615408  -  ResidentSetSize of job (KB)
...
006 (13763.013.000) 2024-09-23 16:51:41 Image size of job updated: 1731572
	602  -  MemoryUsage of job (MB)
	615540  -  ResidentSetSize of job (KB)
...
006 (13763.013.000) 2024-09-23 16:56:42 Image size of job updated: 1731840
	602  -  MemoryUsage of job (MB)
	615540  -  ResidentSetSize of job (KB)
...
006 (13763.013.000) 2024-09-23 17:01:43 Image size of job updated: 1732780
	602  -  MemoryUsage of job (MB)
	615540  -  ResidentSetSize of job (KB)
...
006 (13763.013.000) 2024-09-23 17:06:43 Image size of job updated: 1734372
	602  -  MemoryUsage of job (MB)
	616392  -  ResidentSetSize of job (KB)
...
006 (13763.013.000) 2024-09-23 17:11:44 Image size of job updated: 1735172
	603  -  MemoryUsage of job (MB)
	616676  -  ResidentSetSize of job (KB)
...
006 (13763.013.000) 2024-09-23 17:16:45 Image size of job updated: 1736212
	603  -  MemoryUsage of job (MB)
	617108  -  ResidentSetSize of job (KB)
...
006 (13763.013.000) 2024-09-23 17:21:45 Image size of job updated: 1736956
	604  -  MemoryUsage of job (MB)
	618396  -  ResidentSetSize of job (KB)
...
006 (13763.013.000) 2024-09-23 17:26:46 Image size of job updated: 1738380
	606  -  MemoryUsage of job (MB)
	619892  -  ResidentSetSize of job (KB)
...
006 (13763.013.000) 2024-09-23 17:31:47 Image size of job updated: 1739708
	607  -  MemoryUsage of job (MB)
	621432  -  ResidentSetSize of job (KB)
...
006 (13763.013.000) 2024-09-23 17:34:39 Image size of job updated: 1740336
	607  -  MemoryUsage of job (MB)
	621432  -  ResidentSetSize of job (KB)
...
005 (13763.013.000) 2024-09-23 17:34:39 Job terminated.
	(1) Normal termination (return value 0)
		Usr 0 01:21:44, Sys 0 00:01:06  -  Run Remote Usage
		Usr 0 00:00:00, Sys 0 00:00:00  -  Run Local Usage
		Usr 0 01:21:44, Sys 0 00:01:06  -  Total Remote Usage
		Usr 0 00:00:00, Sys 0 00:00:00  -  Total Local Usage
	0  -  Run Bytes Sent By Job
	0  -  Run Bytes Received By Job
	0  -  Total Bytes Sent By Job
	0  -  Total Bytes Received By Job
	Partitionable Resources :    Usage  Request Allocated 
	   Cpus                 :     1.00        1         1 
	   Disk (KB)            :    15          15      2354 
	   Memory (MB)          :   607        2048      2048 

	Job terminated of its own accord at 2024-09-23T15:34:39Z with exit-code 0.
...
