000 (13118.283.000) 2024-06-07 17:04:06 Job submitted from host: <10.18.24.233:9618?addrs=10.18.24.233-9618&alias=bioclusts03.bioclust.biologie.ens.fr&noUDP&sock=schedd_942_b64d>
...
001 (13118.283.000) 2024-06-08 05:24:02 Job executing on host: <10.18.24.5:9618?addrs=10.18.24.5-9618&alias=bioclust05.bioclust.biologie.ens.fr&noUDP&sock=startd_1161_ed8b>
...
006 (13118.283.000) 2024-06-08 05:24:11 Image size of job updated: 660888
	169  -  MemoryUsage of job (MB)
	172396  -  ResidentSetSize of job (KB)
...
006 (13118.283.000) 2024-06-08 05:29:12 Image size of job updated: 1628464
	573  -  MemoryUsage of job (MB)
	586288  -  ResidentSetSize of job (KB)
...
006 (13118.283.000) 2024-06-08 05:34:13 Image size of job updated: 1632952
	578  -  MemoryUsage of job (MB)
	591228  -  ResidentSetSize of job (KB)
...
006 (13118.283.000) 2024-06-08 05:39:13 Image size of job updated: 1635196
	581  -  MemoryUsage of job (MB)
	594496  -  ResidentSetSize of job (KB)
...
006 (13118.283.000) 2024-06-08 05:44:14 Image size of job updated: 1639420
	586  -  MemoryUsage of job (MB)
	599276  -  ResidentSetSize of job (KB)
...
006 (13118.283.000) 2024-06-08 05:49:15 Image size of job updated: 1645232
	592  -  MemoryUsage of job (MB)
	605920  -  ResidentSetSize of job (KB)
...
006 (13118.283.000) 2024-06-08 05:54:15 Image size of job updated: 1646552
	594  -  MemoryUsage of job (MB)
	607964  -  ResidentSetSize of job (KB)
...
006 (13118.283.000) 2024-06-08 05:59:16 Image size of job updated: 1650380
	600  -  MemoryUsage of job (MB)
	613404  -  ResidentSetSize of job (KB)
...
006 (13118.283.000) 2024-06-08 06:04:17 Image size of job updated: 1656056
	604  -  MemoryUsage of job (MB)
	618376  -  ResidentSetSize of job (KB)
...
006 (13118.283.000) 2024-06-08 06:09:17 Image size of job updated: 1657772
	614  -  MemoryUsage of job (MB)
	628424  -  ResidentSetSize of job (KB)
...
006 (13118.283.000) 2024-06-08 06:14:17 Image size of job updated: 1659620
	614  -  MemoryUsage of job (MB)
	628424  -  ResidentSetSize of job (KB)
...
006 (13118.283.000) 2024-06-08 06:16:54 Image size of job updated: 1661732
	614  -  MemoryUsage of job (MB)
	628424  -  ResidentSetSize of job (KB)
...
005 (13118.283.000) 2024-06-08 06:16:54 Job terminated.
	(1) Normal termination (return value 0)
		Usr 0 00:52:15, Sys 0 00:00:29  -  Run Remote Usage
		Usr 0 00:00:00, Sys 0 00:00:00  -  Run Local Usage
		Usr 0 00:52:15, Sys 0 00:00:29  -  Total Remote Usage
		Usr 0 00:00:00, Sys 0 00:00:00  -  Total Local Usage
	0  -  Run Bytes Sent By Job
	0  -  Run Bytes Received By Job
	0  -  Total Bytes Sent By Job
	0  -  Total Bytes Received By Job
	Partitionable Resources :    Usage  Request Allocated 
	   Cpus                 :     1.00        1         1 
	   Disk (KB)            :    15          15      2245 
	   Memory (MB)          :   614       20480     20480 

	Job terminated of its own accord at 2024-06-08T04:16:54Z with exit-code 0.
...
