000 (13112.096.000) 2024-06-07 15:12:17 Job submitted from host: <10.18.24.233:9618?addrs=10.18.24.233-9618&alias=bioclusts03.bioclust.biologie.ens.fr&noUDP&sock=schedd_942_b64d>
...
001 (13112.096.000) 2024-06-07 16:55:49 Job executing on host: <10.18.24.13:9618?addrs=10.18.24.13-9618&alias=bioclust13.bioclust.biologie.ens.fr&noUDP&sock=startd_1231_f12c>
...
006 (13112.096.000) 2024-06-07 16:55:58 Image size of job updated: 351800
	344  -  MemoryUsage of job (MB)
	351800  -  ResidentSetSize of job (KB)
...
006 (13112.096.000) 2024-06-07 17:00:59 Image size of job updated: 1649184
	574  -  MemoryUsage of job (MB)
	587196  -  ResidentSetSize of job (KB)
...
006 (13112.096.000) 2024-06-07 17:06:00 Image size of job updated: 1652940
	579  -  MemoryUsage of job (MB)
	592344  -  ResidentSetSize of job (KB)
...
006 (13112.096.000) 2024-06-07 17:11:00 Image size of job updated: 1653740
	580  -  MemoryUsage of job (MB)
	593004  -  ResidentSetSize of job (KB)
...
006 (13112.096.000) 2024-06-07 17:16:01 Image size of job updated: 1654276
	580  -  MemoryUsage of job (MB)
	593664  -  ResidentSetSize of job (KB)
...
006 (13112.096.000) 2024-06-07 17:21:02 Image size of job updated: 1654812
	581  -  MemoryUsage of job (MB)
	594060  -  ResidentSetSize of job (KB)
...
006 (13112.096.000) 2024-06-07 17:26:02 Image size of job updated: 1655744
	582  -  MemoryUsage of job (MB)
	595116  -  ResidentSetSize of job (KB)
...
006 (13112.096.000) 2024-06-07 17:31:02 Image size of job updated: 1656272
	582  -  MemoryUsage of job (MB)
	595776  -  ResidentSetSize of job (KB)
...
006 (13112.096.000) 2024-06-07 17:36:04 Image size of job updated: 1657208
	583  -  MemoryUsage of job (MB)
	596700  -  ResidentSetSize of job (KB)
...
006 (13112.096.000) 2024-06-07 17:41:04 Image size of job updated: 1657984
	583  -  MemoryUsage of job (MB)
	596700  -  ResidentSetSize of job (KB)
...
006 (13112.096.000) 2024-06-07 17:46:04 Image size of job updated: 1658524
	583  -  MemoryUsage of job (MB)
	596700  -  ResidentSetSize of job (KB)
...
006 (13112.096.000) 2024-06-07 17:51:05 Image size of job updated: 1659216
	583  -  MemoryUsage of job (MB)
	596700  -  ResidentSetSize of job (KB)
...
006 (13112.096.000) 2024-06-07 17:56:06 Image size of job updated: 1660744
	587  -  MemoryUsage of job (MB)
	600288  -  ResidentSetSize of job (KB)
...
006 (13112.096.000) 2024-06-07 18:01:06 Image size of job updated: 1661216
	587  -  MemoryUsage of job (MB)
	600288  -  ResidentSetSize of job (KB)
...
006 (13112.096.000) 2024-06-07 18:06:06 Image size of job updated: 1662344
	588  -  MemoryUsage of job (MB)
	602056  -  ResidentSetSize of job (KB)
...
006 (13112.096.000) 2024-06-07 18:11:07 Image size of job updated: 1662996
	589  -  MemoryUsage of job (MB)
	602484  -  ResidentSetSize of job (KB)
...
006 (13112.096.000) 2024-06-07 18:16:07 Image size of job updated: 1664284
	590  -  MemoryUsage of job (MB)
	603772  -  ResidentSetSize of job (KB)
...
006 (13112.096.000) 2024-06-07 18:21:07 Image size of job updated: 1664748
	590  -  MemoryUsage of job (MB)
	603772  -  ResidentSetSize of job (KB)
...
006 (13112.096.000) 2024-06-07 18:26:08 Image size of job updated: 1665784
	590  -  MemoryUsage of job (MB)
	603772  -  ResidentSetSize of job (KB)
...
006 (13112.096.000) 2024-06-07 18:31:09 Image size of job updated: 1666976
	593  -  MemoryUsage of job (MB)
	606976  -  ResidentSetSize of job (KB)
...
006 (13112.096.000) 2024-06-07 18:36:09 Image size of job updated: 1667708
	594  -  MemoryUsage of job (MB)
	607832  -  ResidentSetSize of job (KB)
...
006 (13112.096.000) 2024-06-07 18:37:14 Image size of job updated: 1668108
	594  -  MemoryUsage of job (MB)
	607832  -  ResidentSetSize of job (KB)
...
005 (13112.096.000) 2024-06-07 18:37:14 Job terminated.
	(1) Normal termination (return value 0)
		Usr 0 01:40:28, Sys 0 00:00:09  -  Run Remote Usage
		Usr 0 00:00:00, Sys 0 00:00:00  -  Run Local Usage
		Usr 0 01:40:28, Sys 0 00:00:09  -  Total Remote Usage
		Usr 0 00:00:00, Sys 0 00:00:00  -  Total Local Usage
	0  -  Run Bytes Sent By Job
	0  -  Run Bytes Received By Job
	0  -  Total Bytes Sent By Job
	0  -  Total Bytes Received By Job
	Partitionable Resources :    Usage  Request Allocated 
	   Cpus                 :     1.00        1         1 
	   Disk (KB)            :    15          15      2412 
	   Memory (MB)          :   594       20480     20480 

	Job terminated of its own accord at 2024-06-07T16:37:14Z with exit-code 0.
...
