000 (13118.053.000) 2024-06-07 17:04:00 Job submitted from host: <10.18.24.233:9618?addrs=10.18.24.233-9618&alias=bioclusts03.bioclust.biologie.ens.fr&noUDP&sock=schedd_942_b64d>
...
001 (13118.053.000) 2024-06-07 18:56:36 Job executing on host: <10.18.24.3:9618?addrs=10.18.24.3-9618&alias=bioclust03.bioclust.biologie.ens.fr&noUDP&sock=startd_1137_7745>
...
006 (13118.053.000) 2024-06-07 18:56:45 Image size of job updated: 667552
	169  -  MemoryUsage of job (MB)
	172624  -  ResidentSetSize of job (KB)
...
006 (13118.053.000) 2024-06-07 19:01:46 Image size of job updated: 1627572
	568  -  MemoryUsage of job (MB)
	580972  -  ResidentSetSize of job (KB)
...
006 (13118.053.000) 2024-06-07 19:06:47 Image size of job updated: 1634976
	580  -  MemoryUsage of job (MB)
	593716  -  ResidentSetSize of job (KB)
...
006 (13118.053.000) 2024-06-07 19:11:47 Image size of job updated: 1639096
	588  -  MemoryUsage of job (MB)
	601764  -  ResidentSetSize of job (KB)
...
006 (13118.053.000) 2024-06-07 19:16:48 Image size of job updated: 1644912
	597  -  MemoryUsage of job (MB)
	610588  -  ResidentSetSize of job (KB)
...
006 (13118.053.000) 2024-06-07 19:21:49 Image size of job updated: 1650920
	606  -  MemoryUsage of job (MB)
	619788  -  ResidentSetSize of job (KB)
...
006 (13118.053.000) 2024-06-07 19:26:49 Image size of job updated: 1653692
	612  -  MemoryUsage of job (MB)
	626244  -  ResidentSetSize of job (KB)
...
006 (13118.053.000) 2024-06-07 19:31:49 Image size of job updated: 1659508
	620  -  MemoryUsage of job (MB)
	634012  -  ResidentSetSize of job (KB)
...
006 (13118.053.000) 2024-06-07 19:36:50 Image size of job updated: 1663768
	626  -  MemoryUsage of job (MB)
	640700  -  ResidentSetSize of job (KB)
...
006 (13118.053.000) 2024-06-07 19:41:50 Image size of job updated: 1668788
	632  -  MemoryUsage of job (MB)
	647116  -  ResidentSetSize of job (KB)
...
006 (13118.053.000) 2024-06-07 19:46:50 Image size of job updated: 1674200
	640  -  MemoryUsage of job (MB)
	654520  -  ResidentSetSize of job (KB)
...
006 (13118.053.000) 2024-06-07 19:51:51 Image size of job updated: 1678432
	646  -  MemoryUsage of job (MB)
	660836  -  ResidentSetSize of job (KB)
...
006 (13118.053.000) 2024-06-07 19:56:52 Image size of job updated: 1684384
	652  -  MemoryUsage of job (MB)
	667388  -  ResidentSetSize of job (KB)
...
006 (13118.053.000) 2024-06-07 20:01:52 Image size of job updated: 1688740
	658  -  MemoryUsage of job (MB)
	673096  -  ResidentSetSize of job (KB)
...
006 (13118.053.000) 2024-06-07 20:06:53 Image size of job updated: 1692572
	663  -  MemoryUsage of job (MB)
	678624  -  ResidentSetSize of job (KB)
...
006 (13118.053.000) 2024-06-07 20:11:54 Image size of job updated: 1697588
	670  -  MemoryUsage of job (MB)
	685532  -  ResidentSetSize of job (KB)
...
006 (13118.053.000) 2024-06-07 20:16:54 Image size of job updated: 1704324
	677  -  MemoryUsage of job (MB)
	692620  -  ResidentSetSize of job (KB)
...
006 (13118.053.000) 2024-06-07 20:21:54 Image size of job updated: 1705776
	680  -  MemoryUsage of job (MB)
	695320  -  ResidentSetSize of job (KB)
...
006 (13118.053.000) 2024-06-07 20:26:55 Image size of job updated: 1711056
	686  -  MemoryUsage of job (MB)
	702000  -  ResidentSetSize of job (KB)
...
006 (13118.053.000) 2024-06-07 20:31:55 Image size of job updated: 1716476
	694  -  MemoryUsage of job (MB)
	709852  -  ResidentSetSize of job (KB)
...
006 (13118.053.000) 2024-06-07 20:36:55 Image size of job updated: 1720968
	697  -  MemoryUsage of job (MB)
	713464  -  ResidentSetSize of job (KB)
...
006 (13118.053.000) 2024-06-07 20:41:56 Image size of job updated: 1725196
	703  -  MemoryUsage of job (MB)
	719856  -  ResidentSetSize of job (KB)
...
006 (13118.053.000) 2024-06-07 20:46:57 Image size of job updated: 1728892
	707  -  MemoryUsage of job (MB)
	723660  -  ResidentSetSize of job (KB)
...
006 (13118.053.000) 2024-06-07 20:51:57 Image size of job updated: 1732060
	711  -  MemoryUsage of job (MB)
	727688  -  ResidentSetSize of job (KB)
...
006 (13118.053.000) 2024-06-07 20:56:57 Image size of job updated: 1736152
	716  -  MemoryUsage of job (MB)
	732916  -  ResidentSetSize of job (KB)
...
006 (13118.053.000) 2024-06-07 21:01:58 Image size of job updated: 1740508
	722  -  MemoryUsage of job (MB)
	738364  -  ResidentSetSize of job (KB)
...
006 (13118.053.000) 2024-06-07 21:06:59 Image size of job updated: 1745400
	727  -  MemoryUsage of job (MB)
	743912  -  ResidentSetSize of job (KB)
...
006 (13118.053.000) 2024-06-07 21:11:59 Image size of job updated: 1749096
	731  -  MemoryUsage of job (MB)
	748448  -  ResidentSetSize of job (KB)
...
006 (13118.053.000) 2024-06-07 21:17:00 Image size of job updated: 1754336
	737  -  MemoryUsage of job (MB)
	753756  -  ResidentSetSize of job (KB)
...
006 (13118.053.000) 2024-06-07 21:22:01 Image size of job updated: 1822336
	741  -  MemoryUsage of job (MB)
	758012  -  ResidentSetSize of job (KB)
...
006 (13118.053.000) 2024-06-07 21:27:01 Image size of job updated: 1826964
	746  -  MemoryUsage of job (MB)
	763856  -  ResidentSetSize of job (KB)
...
006 (13118.053.000) 2024-06-07 21:32:02 Image size of job updated: 1830660
	751  -  MemoryUsage of job (MB)
	768108  -  ResidentSetSize of job (KB)
...
006 (13118.053.000) 2024-06-07 21:37:03 Image size of job updated: 1835148
	756  -  MemoryUsage of job (MB)
	773656  -  ResidentSetSize of job (KB)
...
006 (13118.053.000) 2024-06-07 21:42:03 Image size of job updated: 1838848
	760  -  MemoryUsage of job (MB)
	778228  -  ResidentSetSize of job (KB)
...
006 (13118.053.000) 2024-06-07 21:47:03 Image size of job updated: 1842280
	765  -  MemoryUsage of job (MB)
	782880  -  ResidentSetSize of job (KB)
...
006 (13118.053.000) 2024-06-07 21:52:05 Image size of job updated: 1844824
	765  -  MemoryUsage of job (MB)
	782880  -  ResidentSetSize of job (KB)
...
005 (13118.053.000) 2024-06-07 21:52:50 Job terminated.
	(1) Normal termination (return value 0)
		Usr 0 02:55:23, Sys 0 00:00:36  -  Run Remote Usage
		Usr 0 00:00:00, Sys 0 00:00:00  -  Run Local Usage
		Usr 0 02:55:23, Sys 0 00:00:36  -  Total Remote Usage
		Usr 0 00:00:00, Sys 0 00:00:00  -  Total Local Usage
	0  -  Run Bytes Sent By Job
	0  -  Run Bytes Received By Job
	0  -  Total Bytes Sent By Job
	0  -  Total Bytes Received By Job
	Partitionable Resources :    Usage  Request Allocated 
	   Cpus                 :     1.00        1         1 
	   Disk (KB)            :    15          15      2148 
	   Memory (MB)          :   765       20480     20480 

	Job terminated of its own accord at 2024-06-07T19:52:50Z with exit-code 0.
...
