000 (13112.092.000) 2024-06-07 15:12:17 Job submitted from host: <10.18.24.233:9618?addrs=10.18.24.233-9618&alias=bioclusts03.bioclust.biologie.ens.fr&noUDP&sock=schedd_942_b64d>
...
001 (13112.092.000) 2024-06-07 16:46:49 Job executing on host: <10.18.24.3:9618?addrs=10.18.24.3-9618&alias=bioclust03.bioclust.biologie.ens.fr&noUDP&sock=startd_1137_7745>
...
006 (13112.092.000) 2024-06-07 16:46:57 Image size of job updated: 670192
	147  -  MemoryUsage of job (MB)
	149688  -  ResidentSetSize of job (KB)
...
006 (13112.092.000) 2024-06-07 16:51:57 Image size of job updated: 1566432
	590  -  MemoryUsage of job (MB)
	603656  -  ResidentSetSize of job (KB)
...
006 (13112.092.000) 2024-06-07 16:56:58 Image size of job updated: 1632116
	590  -  MemoryUsage of job (MB)
	603788  -  ResidentSetSize of job (KB)
...
006 (13112.092.000) 2024-06-07 17:01:59 Image size of job updated: 1635028
	590  -  MemoryUsage of job (MB)
	603788  -  ResidentSetSize of job (KB)
...
006 (13112.092.000) 2024-06-07 17:06:59 Image size of job updated: 1637152
	590  -  MemoryUsage of job (MB)
	603788  -  ResidentSetSize of job (KB)
...
006 (13112.092.000) 2024-06-07 17:11:59 Image size of job updated: 1639008
	590  -  MemoryUsage of job (MB)
	603788  -  ResidentSetSize of job (KB)
...
006 (13112.092.000) 2024-06-07 17:17:00 Image size of job updated: 1640592
	590  -  MemoryUsage of job (MB)
	603788  -  ResidentSetSize of job (KB)
...
006 (13112.092.000) 2024-06-07 17:22:00 Image size of job updated: 1644556
	590  -  MemoryUsage of job (MB)
	603788  -  ResidentSetSize of job (KB)
...
006 (13112.092.000) 2024-06-07 17:27:00 Image size of job updated: 1644556
	592  -  MemoryUsage of job (MB)
	605468  -  ResidentSetSize of job (KB)
...
006 (13112.092.000) 2024-06-07 17:32:01 Image size of job updated: 1647464
	594  -  MemoryUsage of job (MB)
	608056  -  ResidentSetSize of job (KB)
...
006 (13112.092.000) 2024-06-07 17:37:02 Image size of job updated: 1648924
	597  -  MemoryUsage of job (MB)
	610384  -  ResidentSetSize of job (KB)
...
006 (13112.092.000) 2024-06-07 17:42:02 Image size of job updated: 1651484
	599  -  MemoryUsage of job (MB)
	613100  -  ResidentSetSize of job (KB)
...
006 (13112.092.000) 2024-06-07 17:47:02 Image size of job updated: 1652004
	601  -  MemoryUsage of job (MB)
	614752  -  ResidentSetSize of job (KB)
...
006 (13112.092.000) 2024-06-07 17:52:03 Image size of job updated: 1655976
	606  -  MemoryUsage of job (MB)
	620280  -  ResidentSetSize of job (KB)
...
006 (13112.092.000) 2024-06-07 17:57:03 Image size of job updated: 1659820
	611  -  MemoryUsage of job (MB)
	624864  -  ResidentSetSize of job (KB)
...
006 (13112.092.000) 2024-06-07 18:02:03 Image size of job updated: 1662820
	615  -  MemoryUsage of job (MB)
	629076  -  ResidentSetSize of job (KB)
...
006 (13112.092.000) 2024-06-07 18:07:04 Image size of job updated: 1666128
	619  -  MemoryUsage of job (MB)
	633372  -  ResidentSetSize of job (KB)
...
006 (13112.092.000) 2024-06-07 18:12:05 Image size of job updated: 1669436
	623  -  MemoryUsage of job (MB)
	637652  -  ResidentSetSize of job (KB)
...
006 (13112.092.000) 2024-06-07 18:17:05 Image size of job updated: 1671680
	626  -  MemoryUsage of job (MB)
	640468  -  ResidentSetSize of job (KB)
...
006 (13112.092.000) 2024-06-07 18:22:06 Image size of job updated: 1675116
	630  -  MemoryUsage of job (MB)
	644496  -  ResidentSetSize of job (KB)
...
006 (13112.092.000) 2024-06-07 18:27:07 Image size of job updated: 1678956
	635  -  MemoryUsage of job (MB)
	649280  -  ResidentSetSize of job (KB)
...
006 (13112.092.000) 2024-06-07 18:32:07 Image size of job updated: 1680804
	637  -  MemoryUsage of job (MB)
	651496  -  ResidentSetSize of job (KB)
...
006 (13112.092.000) 2024-06-07 18:37:07 Image size of job updated: 1684792
	637  -  MemoryUsage of job (MB)
	651988  -  ResidentSetSize of job (KB)
...
006 (13112.092.000) 2024-06-07 18:42:08 Image size of job updated: 1688356
	646  -  MemoryUsage of job (MB)
	660548  -  ResidentSetSize of job (KB)
...
006 (13112.092.000) 2024-06-07 18:47:09 Image size of job updated: 1690284
	648  -  MemoryUsage of job (MB)
	662616  -  ResidentSetSize of job (KB)
...
006 (13112.092.000) 2024-06-07 18:52:09 Image size of job updated: 1693572
	652  -  MemoryUsage of job (MB)
	667296  -  ResidentSetSize of job (KB)
...
006 (13112.092.000) 2024-06-07 18:57:10 Image size of job updated: 1695424
	654  -  MemoryUsage of job (MB)
	669352  -  ResidentSetSize of job (KB)
...
006 (13112.092.000) 2024-06-07 19:02:11 Image size of job updated: 1699128
	658  -  MemoryUsage of job (MB)
	673616  -  ResidentSetSize of job (KB)
...
006 (13112.092.000) 2024-06-07 19:07:11 Image size of job updated: 1701592
	661  -  MemoryUsage of job (MB)
	676648  -  ResidentSetSize of job (KB)
...
006 (13112.092.000) 2024-06-07 19:12:11 Image size of job updated: 1704908
	665  -  MemoryUsage of job (MB)
	680420  -  ResidentSetSize of job (KB)
...
006 (13112.092.000) 2024-06-07 19:17:12 Image size of job updated: 1706760
	667  -  MemoryUsage of job (MB)
	682488  -  ResidentSetSize of job (KB)
...
006 (13112.092.000) 2024-06-07 19:22:12 Image size of job updated: 1711160
	671  -  MemoryUsage of job (MB)
	686888  -  ResidentSetSize of job (KB)
...
006 (13112.092.000) 2024-06-07 19:27:12 Image size of job updated: 1712492
	671  -  MemoryUsage of job (MB)
	687104  -  ResidentSetSize of job (KB)
...
006 (13112.092.000) 2024-06-07 19:32:13 Image size of job updated: 1718316
	680  -  MemoryUsage of job (MB)
	695740  -  ResidentSetSize of job (KB)
...
006 (13112.092.000) 2024-06-07 19:37:14 Image size of job updated: 1719132
	681  -  MemoryUsage of job (MB)
	697148  -  ResidentSetSize of job (KB)
...
006 (13112.092.000) 2024-06-07 19:38:42 Image size of job updated: 1720848
	681  -  MemoryUsage of job (MB)
	697148  -  ResidentSetSize of job (KB)
...
005 (13112.092.000) 2024-06-07 19:38:42 Job terminated.
	(1) Normal termination (return value 0)
		Usr 0 02:50:21, Sys 0 00:00:15  -  Run Remote Usage
		Usr 0 00:00:00, Sys 0 00:00:00  -  Run Local Usage
		Usr 0 02:50:21, Sys 0 00:00:15  -  Total Remote Usage
		Usr 0 00:00:00, Sys 0 00:00:00  -  Total Local Usage
	0  -  Run Bytes Sent By Job
	0  -  Run Bytes Received By Job
	0  -  Total Bytes Sent By Job
	0  -  Total Bytes Received By Job
	Partitionable Resources :    Usage  Request Allocated 
	   Cpus                 :     1.00        1         1 
	   Disk (KB)            :    15          15      2148 
	   Memory (MB)          :   681       20480     20480 

	Job terminated of its own accord at 2024-06-07T17:38:42Z with exit-code 0.
...
