000 (13118.377.000) 2024-06-07 17:04:08 Job submitted from host: <10.18.24.233:9618?addrs=10.18.24.233-9618&alias=bioclusts03.bioclust.biologie.ens.fr&noUDP&sock=schedd_942_b64d>
...
001 (13118.377.000) 2024-06-08 09:21:05 Job executing on host: <10.18.24.3:9618?addrs=10.18.24.3-9618&alias=bioclust03.bioclust.biologie.ens.fr&noUDP&sock=startd_1137_7745>
...
006 (13118.377.000) 2024-06-08 09:21:13 Image size of job updated: 670060
	155  -  MemoryUsage of job (MB)
	158208  -  ResidentSetSize of job (KB)
...
006 (13118.377.000) 2024-06-08 09:26:13 Image size of job updated: 1645468
	611  -  MemoryUsage of job (MB)
	624968  -  ResidentSetSize of job (KB)
...
006 (13118.377.000) 2024-06-08 09:31:14 Image size of job updated: 1650604
	619  -  MemoryUsage of job (MB)
	632908  -  ResidentSetSize of job (KB)
...
006 (13118.377.000) 2024-06-08 09:36:15 Image size of job updated: 1653764
	623  -  MemoryUsage of job (MB)
	637880  -  ResidentSetSize of job (KB)
...
006 (13118.377.000) 2024-06-08 09:41:15 Image size of job updated: 1658412
	628  -  MemoryUsage of job (MB)
	642612  -  ResidentSetSize of job (KB)
...
006 (13118.377.000) 2024-06-08 09:46:16 Image size of job updated: 1661588
	628  -  MemoryUsage of job (MB)
	642856  -  ResidentSetSize of job (KB)
...
006 (13118.377.000) 2024-06-08 09:51:17 Image size of job updated: 1665752
	637  -  MemoryUsage of job (MB)
	651452  -  ResidentSetSize of job (KB)
...
006 (13118.377.000) 2024-06-08 09:56:17 Image size of job updated: 1669536
	642  -  MemoryUsage of job (MB)
	656400  -  ResidentSetSize of job (KB)
...
006 (13118.377.000) 2024-06-08 10:01:18 Image size of job updated: 1673204
	644  -  MemoryUsage of job (MB)
	659168  -  ResidentSetSize of job (KB)
...
006 (13118.377.000) 2024-06-08 10:06:19 Image size of job updated: 1675776
	649  -  MemoryUsage of job (MB)
	663900  -  ResidentSetSize of job (KB)
...
006 (13118.377.000) 2024-06-08 10:11:19 Image size of job updated: 1679348
	653  -  MemoryUsage of job (MB)
	668432  -  ResidentSetSize of job (KB)
...
006 (13118.377.000) 2024-06-08 10:16:19 Image size of job updated: 1683320
	658  -  MemoryUsage of job (MB)
	673416  -  ResidentSetSize of job (KB)
...
006 (13118.377.000) 2024-06-08 10:21:20 Image size of job updated: 1686632
	662  -  MemoryUsage of job (MB)
	677460  -  ResidentSetSize of job (KB)
...
006 (13118.377.000) 2024-06-08 10:26:21 Image size of job updated: 1689940
	667  -  MemoryUsage of job (MB)
	682452  -  ResidentSetSize of job (KB)
...
006 (13118.377.000) 2024-06-08 10:31:21 Image size of job updated: 1694532
	672  -  MemoryUsage of job (MB)
	687904  -  ResidentSetSize of job (KB)
...
006 (13118.377.000) 2024-06-08 10:36:22 Image size of job updated: 1698096
	675  -  MemoryUsage of job (MB)
	691004  -  ResidentSetSize of job (KB)
...
006 (13118.377.000) 2024-06-08 10:41:23 Image size of job updated: 1701132
	676  -  MemoryUsage of job (MB)
	692128  -  ResidentSetSize of job (KB)
...
006 (13118.377.000) 2024-06-08 10:46:23 Image size of job updated: 1704192
	682  -  MemoryUsage of job (MB)
	698148  -  ResidentSetSize of job (KB)
...
006 (13118.377.000) 2024-06-08 10:51:10 Image size of job updated: 1706992
	682  -  MemoryUsage of job (MB)
	698148  -  ResidentSetSize of job (KB)
...
005 (13118.377.000) 2024-06-08 10:51:10 Job terminated.
	(1) Normal termination (return value 0)
		Usr 0 01:29:47, Sys 0 00:00:07  -  Run Remote Usage
		Usr 0 00:00:00, Sys 0 00:00:00  -  Run Local Usage
		Usr 0 01:29:47, Sys 0 00:00:07  -  Total Remote Usage
		Usr 0 00:00:00, Sys 0 00:00:00  -  Total Local Usage
	0  -  Run Bytes Sent By Job
	0  -  Run Bytes Received By Job
	0  -  Total Bytes Sent By Job
	0  -  Total Bytes Received By Job
	Partitionable Resources :    Usage  Request Allocated 
	   Cpus                 :     1.00        1         1 
	   Disk (KB)            :    15          15      2148 
	   Memory (MB)          :   682       20480     20480 

	Job terminated of its own accord at 2024-06-08T08:51:10Z with exit-code 0.
...
