000 (13118.302.000) 2024-06-07 17:04:06 Job submitted from host: <10.18.24.233:9618?addrs=10.18.24.233-9618&alias=bioclusts03.bioclust.biologie.ens.fr&noUDP&sock=schedd_942_b64d>
...
001 (13118.302.000) 2024-06-08 06:10:01 Job executing on host: <10.18.24.41:9618?addrs=10.18.24.41-9618&alias=bioclust41.bioclust.biologie.ens.fr&noUDP&sock=startd_1116_0fc8>
...
006 (13118.302.000) 2024-06-08 06:10:10 Image size of job updated: 853048
	166  -  MemoryUsage of job (MB)
	169436  -  ResidentSetSize of job (KB)
...
006 (13118.302.000) 2024-06-08 06:15:11 Image size of job updated: 1644104
	587  -  MemoryUsage of job (MB)
	600220  -  ResidentSetSize of job (KB)
...
006 (13118.302.000) 2024-06-08 06:20:11 Image size of job updated: 1646612
	589  -  MemoryUsage of job (MB)
	602736  -  ResidentSetSize of job (KB)
...
006 (13118.302.000) 2024-06-08 06:25:11 Image size of job updated: 1648448
	591  -  MemoryUsage of job (MB)
	604600  -  ResidentSetSize of job (KB)
...
006 (13118.302.000) 2024-06-08 06:30:12 Image size of job updated: 1650760
	593  -  MemoryUsage of job (MB)
	606984  -  ResidentSetSize of job (KB)
...
006 (13118.302.000) 2024-06-08 06:35:13 Image size of job updated: 1652608
	595  -  MemoryUsage of job (MB)
	608740  -  ResidentSetSize of job (KB)
...
006 (13118.302.000) 2024-06-08 06:40:13 Image size of job updated: 1655116
	597  -  MemoryUsage of job (MB)
	611208  -  ResidentSetSize of job (KB)
...
006 (13118.302.000) 2024-06-08 06:45:13 Image size of job updated: 1656836
	599  -  MemoryUsage of job (MB)
	613044  -  ResidentSetSize of job (KB)
...
006 (13118.302.000) 2024-06-08 06:50:14 Image size of job updated: 1658816
	601  -  MemoryUsage of job (MB)
	615192  -  ResidentSetSize of job (KB)
...
006 (13118.302.000) 2024-06-08 06:55:15 Image size of job updated: 1661840
	604  -  MemoryUsage of job (MB)
	618056  -  ResidentSetSize of job (KB)
...
006 (13118.302.000) 2024-06-08 07:00:15 Image size of job updated: 1662656
	606  -  MemoryUsage of job (MB)
	619824  -  ResidentSetSize of job (KB)
...
006 (13118.302.000) 2024-06-08 07:05:15 Image size of job updated: 1664396
	606  -  MemoryUsage of job (MB)
	619824  -  ResidentSetSize of job (KB)
...
006 (13118.302.000) 2024-06-08 07:10:16 Image size of job updated: 1667260
	609  -  MemoryUsage of job (MB)
	623472  -  ResidentSetSize of job (KB)
...
006 (13118.302.000) 2024-06-08 07:11:35 Image size of job updated: 1667788
	609  -  MemoryUsage of job (MB)
	623472  -  ResidentSetSize of job (KB)
...
005 (13118.302.000) 2024-06-08 07:11:35 Job terminated.
	(1) Normal termination (return value 0)
		Usr 0 01:01:21, Sys 0 00:00:04  -  Run Remote Usage
		Usr 0 00:00:00, Sys 0 00:00:00  -  Run Local Usage
		Usr 0 01:01:21, Sys 0 00:00:04  -  Total Remote Usage
		Usr 0 00:00:00, Sys 0 00:00:00  -  Total Local Usage
	0  -  Run Bytes Sent By Job
	0  -  Run Bytes Received By Job
	0  -  Total Bytes Sent By Job
	0  -  Total Bytes Received By Job
	Partitionable Resources :    Usage  Request Allocated 
	   Cpus                 :     1.00        1         1 
	   Disk (KB)            :    15          15      1615 
	   Memory (MB)          :   609       20480     20480 

	Job terminated of its own accord at 2024-06-08T05:11:35Z with exit-code 0.
...
