000 (13763.052.000) 2024-09-23 16:11:28 Job submitted from host: <10.18.24.233:9618?addrs=10.18.24.233-9618&alias=bioclusts03.bioclust.biologie.ens.fr&noUDP&sock=schedd_942_b64d>
...
001 (13763.052.000) 2024-09-23 16:11:31 Job executing on host: <10.18.24.33:9618?addrs=10.18.24.33-9618&alias=bioclust33.bioclust.biologie.ens.fr&noUDP&sock=startd_1521_dba3>
...
006 (13763.052.000) 2024-09-23 16:11:39 Image size of job updated: 371448
	274  -  MemoryUsage of job (MB)
	279972  -  ResidentSetSize of job (KB)
...
006 (13763.052.000) 2024-09-23 16:16:40 Image size of job updated: 1541732
	501  -  MemoryUsage of job (MB)
	512140  -  ResidentSetSize of job (KB)
...
006 (13763.052.000) 2024-09-23 16:21:41 Image size of job updated: 1541732
	510  -  MemoryUsage of job (MB)
	521644  -  ResidentSetSize of job (KB)
...
006 (13763.052.000) 2024-09-23 16:26:41 Image size of job updated: 1541732
	514  -  MemoryUsage of job (MB)
	525604  -  ResidentSetSize of job (KB)
...
006 (13763.052.000) 2024-09-23 16:31:41 Image size of job updated: 1541732
	516  -  MemoryUsage of job (MB)
	527848  -  ResidentSetSize of job (KB)
...
006 (13763.052.000) 2024-09-23 16:36:42 Image size of job updated: 1541732
	517  -  MemoryUsage of job (MB)
	529380  -  ResidentSetSize of job (KB)
...
006 (13763.052.000) 2024-09-23 16:41:43 Image size of job updated: 1545464
	521  -  MemoryUsage of job (MB)
	533016  -  ResidentSetSize of job (KB)
...
006 (13763.052.000) 2024-09-23 16:46:43 Image size of job updated: 1546260
	522  -  MemoryUsage of job (MB)
	533940  -  ResidentSetSize of job (KB)
...
006 (13763.052.000) 2024-09-23 16:47:57 Image size of job updated: 1546924
	522  -  MemoryUsage of job (MB)
	533940  -  ResidentSetSize of job (KB)
...
005 (13763.052.000) 2024-09-23 16:47:57 Job terminated.
	(1) Normal termination (return value 0)
		Usr 0 00:36:12, Sys 0 00:00:02  -  Run Remote Usage
		Usr 0 00:00:00, Sys 0 00:00:00  -  Run Local Usage
		Usr 0 00:36:12, Sys 0 00:00:02  -  Total Remote Usage
		Usr 0 00:00:00, Sys 0 00:00:00  -  Total Local Usage
	0  -  Run Bytes Sent By Job
	0  -  Run Bytes Received By Job
	0  -  Total Bytes Sent By Job
	0  -  Total Bytes Received By Job
	Partitionable Resources :    Usage  Request Allocated 
	   Cpus                 :     1.00        1         1 
	   Disk (KB)            :    15          15      2603 
	   Memory (MB)          :   522        2048      2048 

	Job terminated of its own accord at 2024-09-23T14:47:57Z with exit-code 0.
...
