000 (13118.374.000) 2024-06-07 17:04:08 Job submitted from host: <10.18.24.233:9618?addrs=10.18.24.233-9618&alias=bioclusts03.bioclust.biologie.ens.fr&noUDP&sock=schedd_942_b64d>
...
001 (13118.374.000) 2024-06-08 09:15:04 Job executing on host: <10.18.24.45:9618?addrs=10.18.24.45-9618&alias=bioclust45.bioclust.biologie.ens.fr&noUDP&sock=startd_826558_9dc7>
...
006 (13118.374.000) 2024-06-08 09:15:13 Image size of job updated: 245084
	239  -  MemoryUsage of job (MB)
	244160  -  ResidentSetSize of job (KB)
...
006 (13118.374.000) 2024-06-08 09:20:13 Image size of job updated: 1575396
	565  -  MemoryUsage of job (MB)
	578068  -  ResidentSetSize of job (KB)
...
006 (13118.374.000) 2024-06-08 09:25:13 Image size of job updated: 1577380
	565  -  MemoryUsage of job (MB)
	578068  -  ResidentSetSize of job (KB)
...
006 (13118.374.000) 2024-06-08 09:30:14 Image size of job updated: 1580152
	570  -  MemoryUsage of job (MB)
	582720  -  ResidentSetSize of job (KB)
...
006 (13118.374.000) 2024-06-08 09:35:15 Image size of job updated: 1581696
	570  -  MemoryUsage of job (MB)
	582720  -  ResidentSetSize of job (KB)
...
006 (13118.374.000) 2024-06-08 09:40:15 Image size of job updated: 1583600
	570  -  MemoryUsage of job (MB)
	582720  -  ResidentSetSize of job (KB)
...
006 (13118.374.000) 2024-06-08 09:45:16 Image size of job updated: 1586056
	578  -  MemoryUsage of job (MB)
	591180  -  ResidentSetSize of job (KB)
...
006 (13118.374.000) 2024-06-08 09:50:17 Image size of job updated: 1588168
	578  -  MemoryUsage of job (MB)
	591180  -  ResidentSetSize of job (KB)
...
006 (13118.374.000) 2024-06-08 09:55:17 Image size of job updated: 1589752
	580  -  MemoryUsage of job (MB)
	593732  -  ResidentSetSize of job (KB)
...
006 (13118.374.000) 2024-06-08 10:00:17 Image size of job updated: 1592548
	583  -  MemoryUsage of job (MB)
	596500  -  ResidentSetSize of job (KB)
...
006 (13118.374.000) 2024-06-08 10:05:18 Image size of job updated: 1595800
	585  -  MemoryUsage of job (MB)
	598060  -  ResidentSetSize of job (KB)
...
006 (13118.374.000) 2024-06-08 10:10:18 Image size of job updated: 1595800
	585  -  MemoryUsage of job (MB)
	598192  -  ResidentSetSize of job (KB)
...
006 (13118.374.000) 2024-06-08 10:15:18 Image size of job updated: 1598980
	588  -  MemoryUsage of job (MB)
	601252  -  ResidentSetSize of job (KB)
...
006 (13118.374.000) 2024-06-08 10:20:19 Image size of job updated: 1601480
	588  -  MemoryUsage of job (MB)
	601348  -  ResidentSetSize of job (KB)
...
006 (13118.374.000) 2024-06-08 10:25:19 Image size of job updated: 1603664
	594  -  MemoryUsage of job (MB)
	607712  -  ResidentSetSize of job (KB)
...
006 (13118.374.000) 2024-06-08 10:30:19 Image size of job updated: 1606272
	595  -  MemoryUsage of job (MB)
	609208  -  ResidentSetSize of job (KB)
...
006 (13118.374.000) 2024-06-08 10:35:20 Image size of job updated: 1607064
	596  -  MemoryUsage of job (MB)
	610132  -  ResidentSetSize of job (KB)
...
006 (13118.374.000) 2024-06-08 10:40:21 Image size of job updated: 1610120
	599  -  MemoryUsage of job (MB)
	613236  -  ResidentSetSize of job (KB)
...
006 (13118.374.000) 2024-06-08 10:45:21 Image size of job updated: 1612964
	599  -  MemoryUsage of job (MB)
	613368  -  ResidentSetSize of job (KB)
...
006 (13118.374.000) 2024-06-08 10:50:21 Image size of job updated: 1615020
	604  -  MemoryUsage of job (MB)
	618428  -  ResidentSetSize of job (KB)
...
005 (13118.374.000) 2024-06-08 10:52:12 Job terminated.
	(1) Normal termination (return value 0)
		Usr 0 01:36:25, Sys 0 00:00:32  -  Run Remote Usage
		Usr 0 00:00:00, Sys 0 00:00:00  -  Run Local Usage
		Usr 0 01:36:25, Sys 0 00:00:32  -  Total Remote Usage
		Usr 0 00:00:00, Sys 0 00:00:00  -  Total Local Usage
	0  -  Run Bytes Sent By Job
	0  -  Run Bytes Received By Job
	0  -  Total Bytes Sent By Job
	0  -  Total Bytes Received By Job
	Partitionable Resources :    Usage  Request Allocated 
	   Cpus                 :     1.00        1         1 
	   Disk (KB)            :    15          15      2237 
	   Memory (MB)          :   604       20480     20480 

	Job terminated of its own accord at 2024-06-08T08:52:12Z with exit-code 0.
...
