000 (13118.163.000) 2024-06-07 17:04:02 Job submitted from host: <10.18.24.233:9618?addrs=10.18.24.233-9618&alias=bioclusts03.bioclust.biologie.ens.fr&noUDP&sock=schedd_942_b64d>
...
001 (13118.163.000) 2024-06-07 23:32:58 Job executing on host: <10.18.24.5:9618?addrs=10.18.24.5-9618&alias=bioclust05.bioclust.biologie.ens.fr&noUDP&sock=startd_1161_ed8b>
...
006 (13118.163.000) 2024-06-07 23:33:07 Image size of job updated: 172404
	169  -  MemoryUsage of job (MB)
	172404  -  ResidentSetSize of job (KB)
...
006 (13118.163.000) 2024-06-07 23:38:08 Image size of job updated: 1582032
	590  -  MemoryUsage of job (MB)
	603424  -  ResidentSetSize of job (KB)
...
006 (13118.163.000) 2024-06-07 23:43:08 Image size of job updated: 1583352
	594  -  MemoryUsage of job (MB)
	607780  -  ResidentSetSize of job (KB)
...
006 (13118.163.000) 2024-06-07 23:48:08 Image size of job updated: 1585428
	600  -  MemoryUsage of job (MB)
	614084  -  ResidentSetSize of job (KB)
...
006 (13118.163.000) 2024-06-07 23:53:08 Image size of job updated: 1587280
	602  -  MemoryUsage of job (MB)
	616196  -  ResidentSetSize of job (KB)
...
006 (13118.163.000) 2024-06-07 23:58:09 Image size of job updated: 1589004
	605  -  MemoryUsage of job (MB)
	618704  -  ResidentSetSize of job (KB)
...
006 (13118.163.000) 2024-06-08 00:03:10 Image size of job updated: 1591124
	607  -  MemoryUsage of job (MB)
	621300  -  ResidentSetSize of job (KB)
...
006 (13118.163.000) 2024-06-08 00:08:10 Image size of job updated: 1592712
	609  -  MemoryUsage of job (MB)
	623016  -  ResidentSetSize of job (KB)
...
006 (13118.163.000) 2024-06-08 00:13:10 Image size of job updated: 1594700
	611  -  MemoryUsage of job (MB)
	625128  -  ResidentSetSize of job (KB)
...
006 (13118.163.000) 2024-06-08 00:18:11 Image size of job updated: 1596548
	613  -  MemoryUsage of job (MB)
	626952  -  ResidentSetSize of job (KB)
...
006 (13118.163.000) 2024-06-08 00:23:11 Image size of job updated: 1598404
	615  -  MemoryUsage of job (MB)
	629064  -  ResidentSetSize of job (KB)
...
006 (13118.163.000) 2024-06-08 00:28:11 Image size of job updated: 1600384
	617  -  MemoryUsage of job (MB)
	630944  -  ResidentSetSize of job (KB)
...
006 (13118.163.000) 2024-06-08 00:33:10 Image size of job updated: 1601704
	617  -  MemoryUsage of job (MB)
	630944  -  ResidentSetSize of job (KB)
...
005 (13118.163.000) 2024-06-08 00:33:10 Job terminated.
	(1) Normal termination (return value 0)
		Usr 0 01:00:00, Sys 0 00:00:03  -  Run Remote Usage
		Usr 0 00:00:00, Sys 0 00:00:00  -  Run Local Usage
		Usr 0 01:00:00, Sys 0 00:00:03  -  Total Remote Usage
		Usr 0 00:00:00, Sys 0 00:00:00  -  Total Local Usage
	0  -  Run Bytes Sent By Job
	0  -  Run Bytes Received By Job
	0  -  Total Bytes Sent By Job
	0  -  Total Bytes Received By Job
	Partitionable Resources :    Usage  Request Allocated 
	   Cpus                 :     1.00        1         1 
	   Disk (KB)            :    15          15      2245 
	   Memory (MB)          :   617       20480     20480 

	Job terminated of its own accord at 2024-06-07T22:33:10Z with exit-code 0.
...
