000 (13763.070.000) 2024-09-23 16:11:29 Job submitted from host: <10.18.24.233:9618?addrs=10.18.24.233-9618&alias=bioclusts03.bioclust.biologie.ens.fr&noUDP&sock=schedd_942_b64d>
...
001 (13763.070.000) 2024-09-23 16:49:19 Job executing on host: <10.18.24.45:9618?addrs=10.18.24.45-9618&alias=bioclust45.bioclust.biologie.ens.fr&noUDP&sock=startd_826558_9dc7>
...
006 (13763.070.000) 2024-09-23 16:49:27 Image size of job updated: 672652
	271  -  MemoryUsage of job (MB)
	276660  -  ResidentSetSize of job (KB)
...
006 (13763.070.000) 2024-09-23 16:54:27 Image size of job updated: 1603972
	580  -  MemoryUsage of job (MB)
	593840  -  ResidentSetSize of job (KB)
...
006 (13763.070.000) 2024-09-23 16:59:28 Image size of job updated: 1604640
	587  -  MemoryUsage of job (MB)
	600952  -  ResidentSetSize of job (KB)
...
006 (13763.070.000) 2024-09-23 17:04:29 Image size of job updated: 1606244
	589  -  MemoryUsage of job (MB)
	602340  -  ResidentSetSize of job (KB)
...
006 (13763.070.000) 2024-09-23 17:09:29 Image size of job updated: 1607840
	590  -  MemoryUsage of job (MB)
	604012  -  ResidentSetSize of job (KB)
...
006 (13763.070.000) 2024-09-23 17:14:29 Image size of job updated: 1609304
	592  -  MemoryUsage of job (MB)
	605496  -  ResidentSetSize of job (KB)
...
006 (13763.070.000) 2024-09-23 17:19:30 Image size of job updated: 1610912
	593  -  MemoryUsage of job (MB)
	607160  -  ResidentSetSize of job (KB)
...
006 (13763.070.000) 2024-09-23 17:24:30 Image size of job updated: 1611988
	594  -  MemoryUsage of job (MB)
	608204  -  ResidentSetSize of job (KB)
...
006 (13763.070.000) 2024-09-23 17:29:30 Image size of job updated: 1613388
	596  -  MemoryUsage of job (MB)
	609824  -  ResidentSetSize of job (KB)
...
006 (13763.070.000) 2024-09-23 17:34:31 Image size of job updated: 1614712
	597  -  MemoryUsage of job (MB)
	610964  -  ResidentSetSize of job (KB)
...
006 (13763.070.000) 2024-09-23 17:39:31 Image size of job updated: 1615376
	598  -  MemoryUsage of job (MB)
	611624  -  ResidentSetSize of job (KB)
...
006 (13763.070.000) 2024-09-23 17:44:31 Image size of job updated: 1616704
	599  -  MemoryUsage of job (MB)
	612912  -  ResidentSetSize of job (KB)
...
006 (13763.070.000) 2024-09-23 17:49:32 Image size of job updated: 1618152
	601  -  MemoryUsage of job (MB)
	614460  -  ResidentSetSize of job (KB)
...
006 (13763.070.000) 2024-09-23 17:54:33 Image size of job updated: 1621208
	602  -  MemoryUsage of job (MB)
	615764  -  ResidentSetSize of job (KB)
...
006 (13763.070.000) 2024-09-23 17:59:33 Image size of job updated: 1621208
	603  -  MemoryUsage of job (MB)
	616712  -  ResidentSetSize of job (KB)
...
006 (13763.070.000) 2024-09-23 18:04:33 Image size of job updated: 1621880
	604  -  MemoryUsage of job (MB)
	618220  -  ResidentSetSize of job (KB)
...
006 (13763.070.000) 2024-09-23 18:09:04 Image size of job updated: 1622812
	604  -  MemoryUsage of job (MB)
	618220  -  ResidentSetSize of job (KB)
...
005 (13763.070.000) 2024-09-23 18:09:04 Job terminated.
	(1) Normal termination (return value 0)
		Usr 0 01:19:30, Sys 0 00:00:04  -  Run Remote Usage
		Usr 0 00:00:00, Sys 0 00:00:00  -  Run Local Usage
		Usr 0 01:19:30, Sys 0 00:00:04  -  Total Remote Usage
		Usr 0 00:00:00, Sys 0 00:00:00  -  Total Local Usage
	0  -  Run Bytes Sent By Job
	0  -  Run Bytes Received By Job
	0  -  Total Bytes Sent By Job
	0  -  Total Bytes Received By Job
	Partitionable Resources :    Usage  Request Allocated 
	   Cpus                 :     0.99        1         1 
	   Disk (KB)            :    15          15      2237 
	   Memory (MB)          :   604        2048      2048 

	Job terminated of its own accord at 2024-09-23T16:09:04Z with exit-code 0.
...
