000 (13112.009.000) 2024-06-07 15:12:15 Job submitted from host: <10.18.24.233:9618?addrs=10.18.24.233-9618&alias=bioclusts03.bioclust.biologie.ens.fr&noUDP&sock=schedd_942_b64d>
...
001 (13112.009.000) 2024-06-07 15:12:19 Job executing on host: <10.18.24.14:9618?addrs=10.18.24.14-9618&alias=bioclust14.bioclust.biologie.ens.fr&noUDP&sock=startd_1218_0671>
...
006 (13112.009.000) 2024-06-07 15:12:27 Image size of job updated: 190344
	136  -  MemoryUsage of job (MB)
	139128  -  ResidentSetSize of job (KB)
...
006 (13112.009.000) 2024-06-07 15:17:27 Image size of job updated: 1602348
	551  -  MemoryUsage of job (MB)
	563428  -  ResidentSetSize of job (KB)
...
006 (13112.009.000) 2024-06-07 15:22:28 Image size of job updated: 1603840
	551  -  MemoryUsage of job (MB)
	564092  -  ResidentSetSize of job (KB)
...
006 (13112.009.000) 2024-06-07 15:27:28 Image size of job updated: 1605688
	553  -  MemoryUsage of job (MB)
	565992  -  ResidentSetSize of job (KB)
...
006 (13112.009.000) 2024-06-07 15:32:28 Image size of job updated: 1606612
	554  -  MemoryUsage of job (MB)
	567192  -  ResidentSetSize of job (KB)
...
006 (13112.009.000) 2024-06-07 15:37:29 Image size of job updated: 1606744
	555  -  MemoryUsage of job (MB)
	567684  -  ResidentSetSize of job (KB)
...
006 (13112.009.000) 2024-06-07 15:42:30 Image size of job updated: 1607800
	556  -  MemoryUsage of job (MB)
	568740  -  ResidentSetSize of job (KB)
...
006 (13112.009.000) 2024-06-07 15:47:30 Image size of job updated: 1608620
	562  -  MemoryUsage of job (MB)
	575132  -  ResidentSetSize of job (KB)
...
006 (13112.009.000) 2024-06-07 15:52:30 Image size of job updated: 1610336
	562  -  MemoryUsage of job (MB)
	575132  -  ResidentSetSize of job (KB)
...
006 (13112.009.000) 2024-06-07 15:57:31 Image size of job updated: 1610468
	564  -  MemoryUsage of job (MB)
	576640  -  ResidentSetSize of job (KB)
...
006 (13112.009.000) 2024-06-07 16:02:31 Image size of job updated: 1611656
	572  -  MemoryUsage of job (MB)
	585688  -  ResidentSetSize of job (KB)
...
006 (13112.009.000) 2024-06-07 16:12:32 Image size of job updated: 1612584
	572  -  MemoryUsage of job (MB)
	585688  -  ResidentSetSize of job (KB)
...
006 (13112.009.000) 2024-06-07 16:17:33 Image size of job updated: 1615764
	572  -  MemoryUsage of job (MB)
	585688  -  ResidentSetSize of job (KB)
...
006 (13112.009.000) 2024-06-07 16:37:35 Image size of job updated: 1615896
	572  -  MemoryUsage of job (MB)
	585688  -  ResidentSetSize of job (KB)
...
006 (13112.009.000) 2024-06-07 16:42:35 Image size of job updated: 1618272
	577  -  MemoryUsage of job (MB)
	590524  -  ResidentSetSize of job (KB)
...
006 (13112.009.000) 2024-06-07 16:52:37 Image size of job updated: 1621440
	577  -  MemoryUsage of job (MB)
	590548  -  ResidentSetSize of job (KB)
...
006 (13112.009.000) 2024-06-07 17:17:39 Image size of job updated: 1622100
	577  -  MemoryUsage of job (MB)
	590548  -  ResidentSetSize of job (KB)
...
006 (13112.009.000) 2024-06-07 17:27:40 Image size of job updated: 1622516
	577  -  MemoryUsage of job (MB)
	590548  -  ResidentSetSize of job (KB)
...
006 (13112.009.000) 2024-06-07 17:32:40 Image size of job updated: 1623572
	577  -  MemoryUsage of job (MB)
	590548  -  ResidentSetSize of job (KB)
...
006 (13112.009.000) 2024-06-07 17:42:41 Image size of job updated: 1623968
	577  -  MemoryUsage of job (MB)
	590548  -  ResidentSetSize of job (KB)
...
006 (13112.009.000) 2024-06-07 17:47:42 Image size of job updated: 1625288
	580  -  MemoryUsage of job (MB)
	593028  -  ResidentSetSize of job (KB)
...
006 (13112.009.000) 2024-06-07 17:52:42 Image size of job updated: 1625552
	580  -  MemoryUsage of job (MB)
	593028  -  ResidentSetSize of job (KB)
...
006 (13112.009.000) 2024-06-07 17:57:42 Image size of job updated: 1625552
	585  -  MemoryUsage of job (MB)
	598560  -  ResidentSetSize of job (KB)
...
006 (13112.009.000) 2024-06-07 18:02:43 Image size of job updated: 1627136
	585  -  MemoryUsage of job (MB)
	598560  -  ResidentSetSize of job (KB)
...
006 (13112.009.000) 2024-06-07 18:07:44 Image size of job updated: 1627928
	585  -  MemoryUsage of job (MB)
	598560  -  ResidentSetSize of job (KB)
...
006 (13112.009.000) 2024-06-07 18:12:44 Image size of job updated: 1628984
	585  -  MemoryUsage of job (MB)
	598560  -  ResidentSetSize of job (KB)
...
005 (13112.009.000) 2024-06-07 18:13:23 Job terminated.
	(1) Normal termination (return value 0)
		Usr 0 02:59:52, Sys 0 00:00:31  -  Run Remote Usage
		Usr 0 00:00:00, Sys 0 00:00:00  -  Run Local Usage
		Usr 0 02:59:52, Sys 0 00:00:31  -  Total Remote Usage
		Usr 0 00:00:00, Sys 0 00:00:00  -  Total Local Usage
	0  -  Run Bytes Sent By Job
	0  -  Run Bytes Received By Job
	0  -  Total Bytes Sent By Job
	0  -  Total Bytes Received By Job
	Partitionable Resources :    Usage  Request Allocated 
	   Cpus                 :     1.00        1         1 
	   Disk (KB)            :    15          15      2067 
	   Memory (MB)          :   585       20480     20480 

	Job terminated of its own accord at 2024-06-07T16:13:23Z with exit-code 0.
...
