000 (13118.135.000) 2024-06-07 17:04:02 Job submitted from host: <10.18.24.233:9618?addrs=10.18.24.233-9618&alias=bioclusts03.bioclust.biologie.ens.fr&noUDP&sock=schedd_942_b64d>
...
001 (13118.135.000) 2024-06-07 22:20:38 Job executing on host: <10.18.24.41:9618?addrs=10.18.24.41-9618&alias=bioclust41.bioclust.biologie.ens.fr&noUDP&sock=startd_1116_0fc8>
...
006 (13118.135.000) 2024-06-07 22:20:46 Image size of job updated: 312464
	166  -  MemoryUsage of job (MB)
	169364  -  ResidentSetSize of job (KB)
...
006 (13118.135.000) 2024-06-07 22:25:46 Image size of job updated: 1564492
	580  -  MemoryUsage of job (MB)
	592920  -  ResidentSetSize of job (KB)
...
006 (13118.135.000) 2024-06-07 22:30:47 Image size of job updated: 1570168
	585  -  MemoryUsage of job (MB)
	598424  -  ResidentSetSize of job (KB)
...
006 (13118.135.000) 2024-06-07 22:35:48 Image size of job updated: 1575684
	590  -  MemoryUsage of job (MB)
	603956  -  ResidentSetSize of job (KB)
...
006 (13118.135.000) 2024-06-07 22:40:48 Image size of job updated: 1580964
	595  -  MemoryUsage of job (MB)
	609276  -  ResidentSetSize of job (KB)
...
006 (13118.135.000) 2024-06-07 22:45:48 Image size of job updated: 1586772
	601  -  MemoryUsage of job (MB)
	615100  -  ResidentSetSize of job (KB)
...
006 (13118.135.000) 2024-06-07 22:50:49 Image size of job updated: 1591788
	606  -  MemoryUsage of job (MB)
	620196  -  ResidentSetSize of job (KB)
...
006 (13118.135.000) 2024-06-07 22:55:49 Image size of job updated: 1598132
	612  -  MemoryUsage of job (MB)
	626688  -  ResidentSetSize of job (KB)
...
006 (13118.135.000) 2024-06-07 23:00:49 Image size of job updated: 1602488
	617  -  MemoryUsage of job (MB)
	630928  -  ResidentSetSize of job (KB)
...
006 (13118.135.000) 2024-06-07 23:05:50 Image size of job updated: 1607900
	623  -  MemoryUsage of job (MB)
	637104  -  ResidentSetSize of job (KB)
...
006 (13118.135.000) 2024-06-07 23:07:37 Image size of job updated: 1609748
	623  -  MemoryUsage of job (MB)
	637104  -  ResidentSetSize of job (KB)
...
005 (13118.135.000) 2024-06-07 23:07:37 Job terminated.
	(1) Normal termination (return value 0)
		Usr 0 00:46:43, Sys 0 00:00:08  -  Run Remote Usage
		Usr 0 00:00:00, Sys 0 00:00:00  -  Run Local Usage
		Usr 0 00:46:43, Sys 0 00:00:08  -  Total Remote Usage
		Usr 0 00:00:00, Sys 0 00:00:00  -  Total Local Usage
	0  -  Run Bytes Sent By Job
	0  -  Run Bytes Received By Job
	0  -  Total Bytes Sent By Job
	0  -  Total Bytes Received By Job
	Partitionable Resources :    Usage  Request Allocated 
	   Cpus                 :     1.00        1         1 
	   Disk (KB)            :    15          15      1615 
	   Memory (MB)          :   623       20480     20480 

	Job terminated of its own accord at 2024-06-07T21:07:37Z with exit-code 0.
...
