000 (13118.239.000) 2024-06-07 17:04:05 Job submitted from host: <10.18.24.233:9618?addrs=10.18.24.233-9618&alias=bioclusts03.bioclust.biologie.ens.fr&noUDP&sock=schedd_942_b64d>
...
001 (13118.239.000) 2024-06-08 03:08:00 Job executing on host: <10.18.24.41:9618?addrs=10.18.24.41-9618&alias=bioclust41.bioclust.biologie.ens.fr&noUDP&sock=startd_1116_0fc8>
...
006 (13118.239.000) 2024-06-08 03:08:09 Image size of job updated: 852280
	176  -  MemoryUsage of job (MB)
	179556  -  ResidentSetSize of job (KB)
...
006 (13118.239.000) 2024-06-08 03:13:09 Image size of job updated: 1577092
	593  -  MemoryUsage of job (MB)
	606932  -  ResidentSetSize of job (KB)
...
006 (13118.239.000) 2024-06-08 03:18:09 Image size of job updated: 1579216
	595  -  MemoryUsage of job (MB)
	609120  -  ResidentSetSize of job (KB)
...
006 (13118.239.000) 2024-06-08 03:23:10 Image size of job updated: 1580856
	597  -  MemoryUsage of job (MB)
	610360  -  ResidentSetSize of job (KB)
...
006 (13118.239.000) 2024-06-08 03:28:10 Image size of job updated: 1582976
	599  -  MemoryUsage of job (MB)
	612420  -  ResidentSetSize of job (KB)
...
006 (13118.239.000) 2024-06-08 03:33:10 Image size of job updated: 1585616
	602  -  MemoryUsage of job (MB)
	615440  -  ResidentSetSize of job (KB)
...
006 (13118.239.000) 2024-06-08 03:38:12 Image size of job updated: 1587060
	603  -  MemoryUsage of job (MB)
	616872  -  ResidentSetSize of job (KB)
...
006 (13118.239.000) 2024-06-08 03:43:12 Image size of job updated: 1589180
	605  -  MemoryUsage of job (MB)
	619096  -  ResidentSetSize of job (KB)
...
006 (13118.239.000) 2024-06-08 03:48:12 Image size of job updated: 1590908
	607  -  MemoryUsage of job (MB)
	621424  -  ResidentSetSize of job (KB)
...
006 (13118.239.000) 2024-06-08 03:53:13 Image size of job updated: 1593632
	609  -  MemoryUsage of job (MB)
	623516  -  ResidentSetSize of job (KB)
...
006 (13118.239.000) 2024-06-08 03:58:14 Image size of job updated: 1595384
	611  -  MemoryUsage of job (MB)
	625340  -  ResidentSetSize of job (KB)
...
006 (13118.239.000) 2024-06-08 04:03:14 Image size of job updated: 1597128
	611  -  MemoryUsage of job (MB)
	625340  -  ResidentSetSize of job (KB)
...
006 (13118.239.000) 2024-06-08 04:08:15 Image size of job updated: 1599264
	615  -  MemoryUsage of job (MB)
	629080  -  ResidentSetSize of job (KB)
...
006 (13118.239.000) 2024-06-08 04:09:06 Image size of job updated: 1599796
	615  -  MemoryUsage of job (MB)
	629080  -  ResidentSetSize of job (KB)
...
005 (13118.239.000) 2024-06-08 04:09:06 Job terminated.
	(1) Normal termination (return value 0)
		Usr 0 01:00:47, Sys 0 00:00:05  -  Run Remote Usage
		Usr 0 00:00:00, Sys 0 00:00:00  -  Run Local Usage
		Usr 0 01:00:47, Sys 0 00:00:05  -  Total Remote Usage
		Usr 0 00:00:00, Sys 0 00:00:00  -  Total Local Usage
	0  -  Run Bytes Sent By Job
	0  -  Run Bytes Received By Job
	0  -  Total Bytes Sent By Job
	0  -  Total Bytes Received By Job
	Partitionable Resources :    Usage  Request Allocated 
	   Cpus                 :     1.00        1         1 
	   Disk (KB)            :    15          15      1615 
	   Memory (MB)          :   615       20480     20480 

	Job terminated of its own accord at 2024-06-08T02:09:06Z with exit-code 0.
...
