000 (13118.188.000) 2024-06-07 17:04:03 Job submitted from host: <10.18.24.233:9618?addrs=10.18.24.233-9618&alias=bioclusts03.bioclust.biologie.ens.fr&noUDP&sock=schedd_942_b64d>
...
001 (13118.188.000) 2024-06-08 00:49:57 Job executing on host: <10.18.24.5:9618?addrs=10.18.24.5-9618&alias=bioclust05.bioclust.biologie.ens.fr&noUDP&sock=startd_1161_ed8b>
...
006 (13118.188.000) 2024-06-08 00:50:06 Image size of job updated: 670204
	169  -  MemoryUsage of job (MB)
	172644  -  ResidentSetSize of job (KB)
...
006 (13118.188.000) 2024-06-08 00:55:07 Image size of job updated: 1576084
	569  -  MemoryUsage of job (MB)
	582284  -  ResidentSetSize of job (KB)
...
006 (13118.188.000) 2024-06-08 01:00:07 Image size of job updated: 1579684
	569  -  MemoryUsage of job (MB)
	582284  -  ResidentSetSize of job (KB)
...
006 (13118.188.000) 2024-06-08 01:05:07 Image size of job updated: 1582700
	574  -  MemoryUsage of job (MB)
	586780  -  ResidentSetSize of job (KB)
...
006 (13118.188.000) 2024-06-08 01:10:08 Image size of job updated: 1587208
	605  -  MemoryUsage of job (MB)
	619276  -  ResidentSetSize of job (KB)
...
006 (13118.188.000) 2024-06-08 01:15:08 Image size of job updated: 1589056
	605  -  MemoryUsage of job (MB)
	619276  -  ResidentSetSize of job (KB)
...
006 (13118.188.000) 2024-06-08 01:20:08 Image size of job updated: 1657940
	605  -  MemoryUsage of job (MB)
	619276  -  ResidentSetSize of job (KB)
...
006 (13118.188.000) 2024-06-08 01:25:09 Image size of job updated: 1661580
	605  -  MemoryUsage of job (MB)
	619276  -  ResidentSetSize of job (KB)
...
006 (13118.188.000) 2024-06-08 01:30:10 Image size of job updated: 1663588
	605  -  MemoryUsage of job (MB)
	619276  -  ResidentSetSize of job (KB)
...
006 (13118.188.000) 2024-06-08 01:35:10 Image size of job updated: 1666904
	605  -  MemoryUsage of job (MB)
	619276  -  ResidentSetSize of job (KB)
...
006 (13118.188.000) 2024-06-08 01:40:11 Image size of job updated: 1668272
	605  -  MemoryUsage of job (MB)
	619276  -  ResidentSetSize of job (KB)
...
006 (13118.188.000) 2024-06-08 01:45:12 Image size of job updated: 1670124
	607  -  MemoryUsage of job (MB)
	621076  -  ResidentSetSize of job (KB)
...
006 (13118.188.000) 2024-06-08 01:50:12 Image size of job updated: 1675116
	612  -  MemoryUsage of job (MB)
	626344  -  ResidentSetSize of job (KB)
...
006 (13118.188.000) 2024-06-08 02:00:14 Image size of job updated: 1679204
	619  -  MemoryUsage of job (MB)
	633384  -  ResidentSetSize of job (KB)
...
006 (13118.188.000) 2024-06-08 02:05:14 Image size of job updated: 1681712
	623  -  MemoryUsage of job (MB)
	637004  -  ResidentSetSize of job (KB)
...
006 (13118.188.000) 2024-06-08 02:10:14 Image size of job updated: 1681712
	623  -  MemoryUsage of job (MB)
	637584  -  ResidentSetSize of job (KB)
...
006 (13118.188.000) 2024-06-08 02:15:15 Image size of job updated: 1686724
	626  -  MemoryUsage of job (MB)
	640868  -  ResidentSetSize of job (KB)
...
006 (13118.188.000) 2024-06-08 02:20:15 Image size of job updated: 1687392
	626  -  MemoryUsage of job (MB)
	641000  -  ResidentSetSize of job (KB)
...
006 (13118.188.000) 2024-06-08 02:25:15 Image size of job updated: 1689760
	632  -  MemoryUsage of job (MB)
	647104  -  ResidentSetSize of job (KB)
...
006 (13118.188.000) 2024-06-08 02:30:16 Image size of job updated: 1690788
	634  -  MemoryUsage of job (MB)
	648748  -  ResidentSetSize of job (KB)
...
006 (13118.188.000) 2024-06-08 02:35:17 Image size of job updated: 1694936
	638  -  MemoryUsage of job (MB)
	653268  -  ResidentSetSize of job (KB)
...
006 (13118.188.000) 2024-06-08 02:40:17 Image size of job updated: 1696724
	641  -  MemoryUsage of job (MB)
	655684  -  ResidentSetSize of job (KB)
...
006 (13118.188.000) 2024-06-08 02:45:18 Image size of job updated: 1702092
	643  -  MemoryUsage of job (MB)
	658380  -  ResidentSetSize of job (KB)
...
006 (13118.188.000) 2024-06-08 02:50:19 Image size of job updated: 1702092
	647  -  MemoryUsage of job (MB)
	661752  -  ResidentSetSize of job (KB)
...
006 (13118.188.000) 2024-06-08 02:55:19 Image size of job updated: 1703844
	647  -  MemoryUsage of job (MB)
	662484  -  ResidentSetSize of job (KB)
...
006 (13118.188.000) 2024-06-08 03:00:19 Image size of job updated: 1706216
	651  -  MemoryUsage of job (MB)
	666360  -  ResidentSetSize of job (KB)
...
006 (13118.188.000) 2024-06-08 03:05:20 Image size of job updated: 1707276
	652  -  MemoryUsage of job (MB)
	667268  -  ResidentSetSize of job (KB)
...
006 (13118.188.000) 2024-06-08 03:10:20 Image size of job updated: 1710848
	656  -  MemoryUsage of job (MB)
	671492  -  ResidentSetSize of job (KB)
...
006 (13118.188.000) 2024-06-08 03:15:20 Image size of job updated: 1712724
	660  -  MemoryUsage of job (MB)
	675372  -  ResidentSetSize of job (KB)
...
006 (13118.188.000) 2024-06-08 03:20:21 Image size of job updated: 1715408
	663  -  MemoryUsage of job (MB)
	678572  -  ResidentSetSize of job (KB)
...
006 (13118.188.000) 2024-06-08 03:25:22 Image size of job updated: 1718304
	666  -  MemoryUsage of job (MB)
	681880  -  ResidentSetSize of job (KB)
...
006 (13118.188.000) 2024-06-08 03:30:22 Image size of job updated: 1719476
	667  -  MemoryUsage of job (MB)
	682096  -  ResidentSetSize of job (KB)
...
006 (13118.188.000) 2024-06-08 03:35:23 Image size of job updated: 1722152
	671  -  MemoryUsage of job (MB)
	686628  -  ResidentSetSize of job (KB)
...
006 (13118.188.000) 2024-06-08 03:40:24 Image size of job updated: 1724292
	673  -  MemoryUsage of job (MB)
	688960  -  ResidentSetSize of job (KB)
...
006 (13118.188.000) 2024-06-08 03:45:24 Image size of job updated: 1726576
	676  -  MemoryUsage of job (MB)
	691688  -  ResidentSetSize of job (KB)
...
006 (13118.188.000) 2024-06-08 03:50:24 Image size of job updated: 1727948
	677  -  MemoryUsage of job (MB)
	692500  -  ResidentSetSize of job (KB)
...
006 (13118.188.000) 2024-06-08 03:54:17 Image size of job updated: 1730924
	677  -  MemoryUsage of job (MB)
	692500  -  ResidentSetSize of job (KB)
...
005 (13118.188.000) 2024-06-08 03:54:17 Job terminated.
	(1) Normal termination (return value 0)
		Usr 0 03:03:19, Sys 0 00:00:48  -  Run Remote Usage
		Usr 0 00:00:00, Sys 0 00:00:00  -  Run Local Usage
		Usr 0 03:03:19, Sys 0 00:00:48  -  Total Remote Usage
		Usr 0 00:00:00, Sys 0 00:00:00  -  Total Local Usage
	0  -  Run Bytes Sent By Job
	0  -  Run Bytes Received By Job
	0  -  Total Bytes Sent By Job
	0  -  Total Bytes Received By Job
	Partitionable Resources :    Usage  Request Allocated 
	   Cpus                 :     1.00        1         1 
	   Disk (KB)            :    15          15      2245 
	   Memory (MB)          :   677       20480     20480 

	Job terminated of its own accord at 2024-06-08T01:54:17Z with exit-code 0.
...
