000 (13118.102.000) 2024-06-07 17:04:01 Job submitted from host: <10.18.24.233:9618?addrs=10.18.24.233-9618&alias=bioclusts03.bioclust.biologie.ens.fr&noUDP&sock=schedd_942_b64d>
...
001 (13118.102.000) 2024-06-07 20:57:36 Job executing on host: <10.18.24.12:9618?addrs=10.18.24.12-9618&alias=bioclust12.bioclust.biologie.ens.fr&noUDP&sock=startd_52665_6353>
...
006 (13118.102.000) 2024-06-07 20:57:45 Image size of job updated: 786556
	202  -  MemoryUsage of job (MB)
	206520  -  ResidentSetSize of job (KB)
...
006 (13118.102.000) 2024-06-07 21:02:46 Image size of job updated: 1596168
	519  -  MemoryUsage of job (MB)
	530740  -  ResidentSetSize of job (KB)
...
006 (13118.102.000) 2024-06-07 21:07:46 Image size of job updated: 1596168
	536  -  MemoryUsage of job (MB)
	548424  -  ResidentSetSize of job (KB)
...
006 (13118.102.000) 2024-06-07 21:12:46 Image size of job updated: 1596168
	536  -  MemoryUsage of job (MB)
	548556  -  ResidentSetSize of job (KB)
...
006 (13118.102.000) 2024-06-07 21:22:48 Image size of job updated: 1596828
	536  -  MemoryUsage of job (MB)
	548556  -  ResidentSetSize of job (KB)
...
006 (13118.102.000) 2024-06-07 21:27:48 Image size of job updated: 1598108
	536  -  MemoryUsage of job (MB)
	548556  -  ResidentSetSize of job (KB)
...
006 (13118.102.000) 2024-06-07 21:32:49 Image size of job updated: 1599388
	536  -  MemoryUsage of job (MB)
	548556  -  ResidentSetSize of job (KB)
...
006 (13118.102.000) 2024-06-07 21:37:50 Image size of job updated: 1601668
	537  -  MemoryUsage of job (MB)
	549492  -  ResidentSetSize of job (KB)
...
006 (13118.102.000) 2024-06-07 21:42:50 Image size of job updated: 1605628
	556  -  MemoryUsage of job (MB)
	569268  -  ResidentSetSize of job (KB)
...
006 (13118.102.000) 2024-06-07 21:47:51 Image size of job updated: 1608532
	557  -  MemoryUsage of job (MB)
	569400  -  ResidentSetSize of job (KB)
...
006 (13118.102.000) 2024-06-07 21:52:52 Image size of job updated: 1609720
	557  -  MemoryUsage of job (MB)
	569400  -  ResidentSetSize of job (KB)
...
006 (13118.102.000) 2024-06-07 21:57:52 Image size of job updated: 1612360
	557  -  MemoryUsage of job (MB)
	569564  -  ResidentSetSize of job (KB)
...
006 (13118.102.000) 2024-06-07 22:02:52 Image size of job updated: 1614608
	559  -  MemoryUsage of job (MB)
	571888  -  ResidentSetSize of job (KB)
...
006 (13118.102.000) 2024-06-07 22:07:53 Image size of job updated: 1617380
	567  -  MemoryUsage of job (MB)
	580352  -  ResidentSetSize of job (KB)
...
006 (13118.102.000) 2024-06-07 22:12:53 Image size of job updated: 1620152
	567  -  MemoryUsage of job (MB)
	580484  -  ResidentSetSize of job (KB)
...
006 (13118.102.000) 2024-06-07 22:17:53 Image size of job updated: 1621868
	568  -  MemoryUsage of job (MB)
	580800  -  ResidentSetSize of job (KB)
...
006 (13118.102.000) 2024-06-07 22:22:54 Image size of job updated: 1625696
	568  -  MemoryUsage of job (MB)
	580932  -  ResidentSetSize of job (KB)
...
006 (13118.102.000) 2024-06-07 22:27:55 Image size of job updated: 1626752
	569  -  MemoryUsage of job (MB)
	582128  -  ResidentSetSize of job (KB)
...
006 (13118.102.000) 2024-06-07 22:32:55 Image size of job updated: 1628204
	583  -  MemoryUsage of job (MB)
	596468  -  ResidentSetSize of job (KB)
...
006 (13118.102.000) 2024-06-07 22:37:56 Image size of job updated: 1632164
	583  -  MemoryUsage of job (MB)
	596600  -  ResidentSetSize of job (KB)
...
006 (13118.102.000) 2024-06-07 22:42:57 Image size of job updated: 1633220
	595  -  MemoryUsage of job (MB)
	608560  -  ResidentSetSize of job (KB)
...
006 (13118.102.000) 2024-06-07 22:47:57 Image size of job updated: 1635596
	595  -  MemoryUsage of job (MB)
	608692  -  ResidentSetSize of job (KB)
...
006 (13118.102.000) 2024-06-07 22:52:57 Image size of job updated: 1637972
	595  -  MemoryUsage of job (MB)
	608692  -  ResidentSetSize of job (KB)
...
006 (13118.102.000) 2024-06-07 22:57:58 Image size of job updated: 1640612
	604  -  MemoryUsage of job (MB)
	618308  -  ResidentSetSize of job (KB)
...
006 (13118.102.000) 2024-06-07 23:01:36 Image size of job updated: 1642196
	604  -  MemoryUsage of job (MB)
	618440  -  ResidentSetSize of job (KB)
...
005 (13118.102.000) 2024-06-07 23:01:36 Job terminated.
	(1) Normal termination (return value 0)
		Usr 0 02:00:50, Sys 0 00:02:34  -  Run Remote Usage
		Usr 0 00:00:00, Sys 0 00:00:00  -  Run Local Usage
		Usr 0 02:00:50, Sys 0 00:02:34  -  Total Remote Usage
		Usr 0 00:00:00, Sys 0 00:00:00  -  Total Local Usage
	0  -  Run Bytes Sent By Job
	0  -  Run Bytes Received By Job
	0  -  Total Bytes Sent By Job
	0  -  Total Bytes Received By Job
	Partitionable Resources :    Usage  Request Allocated 
	   Cpus                 :     1.00        1         1 
	   Disk (KB)            :    15          15      2316 
	   Memory (MB)          :   604       20480     20480 

	Job terminated of its own accord at 2024-06-07T21:01:36Z with exit-code 0.
...
