000 (13118.041.000) 2024-06-07 17:03:59 Job submitted from host: <10.18.24.233:9618?addrs=10.18.24.233-9618&alias=bioclusts03.bioclust.biologie.ens.fr&noUDP&sock=schedd_942_b64d>
...
001 (13118.041.000) 2024-06-07 18:37:36 Job executing on host: <10.18.24.5:9618?addrs=10.18.24.5-9618&alias=bioclust05.bioclust.biologie.ens.fr&noUDP&sock=startd_1161_ed8b>
...
006 (13118.041.000) 2024-06-07 18:37:44 Image size of job updated: 871392
	167  -  MemoryUsage of job (MB)
	170612  -  ResidentSetSize of job (KB)
...
006 (13118.041.000) 2024-06-07 18:42:44 Image size of job updated: 1588204
	591  -  MemoryUsage of job (MB)
	604616  -  ResidentSetSize of job (KB)
...
006 (13118.041.000) 2024-06-07 18:47:44 Image size of job updated: 1589536
	596  -  MemoryUsage of job (MB)
	609716  -  ResidentSetSize of job (KB)
...
006 (13118.041.000) 2024-06-07 18:52:45 Image size of job updated: 1590856
	596  -  MemoryUsage of job (MB)
	609716  -  ResidentSetSize of job (KB)
...
006 (13118.041.000) 2024-06-07 18:57:45 Image size of job updated: 1592704
	596  -  MemoryUsage of job (MB)
	609716  -  ResidentSetSize of job (KB)
...
006 (13118.041.000) 2024-06-07 19:02:45 Image size of job updated: 1593496
	596  -  MemoryUsage of job (MB)
	609716  -  ResidentSetSize of job (KB)
...
006 (13118.041.000) 2024-06-07 19:07:46 Image size of job updated: 1594328
	596  -  MemoryUsage of job (MB)
	609716  -  ResidentSetSize of job (KB)
...
006 (13118.041.000) 2024-06-07 19:12:47 Image size of job updated: 1596156
	596  -  MemoryUsage of job (MB)
	609716  -  ResidentSetSize of job (KB)
...
006 (13118.041.000) 2024-06-07 19:17:47 Image size of job updated: 1597484
	604  -  MemoryUsage of job (MB)
	617764  -  ResidentSetSize of job (KB)
...
006 (13118.041.000) 2024-06-07 19:22:48 Image size of job updated: 1598240
	604  -  MemoryUsage of job (MB)
	617896  -  ResidentSetSize of job (KB)
...
006 (13118.041.000) 2024-06-07 19:27:49 Image size of job updated: 1599700
	605  -  MemoryUsage of job (MB)
	619464  -  ResidentSetSize of job (KB)
...
006 (13118.041.000) 2024-06-07 19:32:49 Image size of job updated: 1601688
	610  -  MemoryUsage of job (MB)
	623708  -  ResidentSetSize of job (KB)
...
006 (13118.041.000) 2024-06-07 19:37:49 Image size of job updated: 1601952
	610  -  MemoryUsage of job (MB)
	623708  -  ResidentSetSize of job (KB)
...
006 (13118.041.000) 2024-06-07 19:42:50 Image size of job updated: 1603140
	610  -  MemoryUsage of job (MB)
	623708  -  ResidentSetSize of job (KB)
...
006 (13118.041.000) 2024-06-07 19:45:35 Image size of job updated: 1604732
	610  -  MemoryUsage of job (MB)
	623708  -  ResidentSetSize of job (KB)
...
005 (13118.041.000) 2024-06-07 19:45:35 Job terminated.
	(1) Normal termination (return value 0)
		Usr 0 01:06:53, Sys 0 00:00:55  -  Run Remote Usage
		Usr 0 00:00:00, Sys 0 00:00:00  -  Run Local Usage
		Usr 0 01:06:53, Sys 0 00:00:55  -  Total Remote Usage
		Usr 0 00:00:00, Sys 0 00:00:00  -  Total Local Usage
	0  -  Run Bytes Sent By Job
	0  -  Run Bytes Received By Job
	0  -  Total Bytes Sent By Job
	0  -  Total Bytes Received By Job
	Partitionable Resources :    Usage  Request Allocated 
	   Cpus                 :     1.00        1         1 
	   Disk (KB)            :    15          15      2245 
	   Memory (MB)          :   610       20480     20480 

	Job terminated of its own accord at 2024-06-07T17:45:35Z with exit-code 0.
...
