000 (13112.037.000) 2024-06-07 15:12:16 Job submitted from host: <10.18.24.233:9618?addrs=10.18.24.233-9618&alias=bioclusts03.bioclust.biologie.ens.fr&noUDP&sock=schedd_942_b64d>
...
001 (13112.037.000) 2024-06-07 15:12:19 Job executing on host: <10.18.24.15:9618?addrs=10.18.24.15-9618&alias=bioclust15.bioclust.biologie.ens.fr&noUDP&sock=startd_1296_86d4>
...
006 (13112.037.000) 2024-06-07 15:12:28 Image size of job updated: 623008
	146  -  MemoryUsage of job (MB)
	148896  -  ResidentSetSize of job (KB)
...
006 (13112.037.000) 2024-06-07 15:17:29 Image size of job updated: 1608720
	540  -  MemoryUsage of job (MB)
	552388  -  ResidentSetSize of job (KB)
...
006 (13112.037.000) 2024-06-07 15:22:30 Image size of job updated: 1612564
	552  -  MemoryUsage of job (MB)
	565160  -  ResidentSetSize of job (KB)
...
006 (13112.037.000) 2024-06-07 15:27:30 Image size of job updated: 1617064
	552  -  MemoryUsage of job (MB)
	565160  -  ResidentSetSize of job (KB)
...
006 (13112.037.000) 2024-06-07 15:32:31 Image size of job updated: 1621584
	552  -  MemoryUsage of job (MB)
	565160  -  ResidentSetSize of job (KB)
...
006 (13112.037.000) 2024-06-07 15:37:32 Image size of job updated: 1626212
	564  -  MemoryUsage of job (MB)
	577424  -  ResidentSetSize of job (KB)
...
006 (13112.037.000) 2024-06-07 15:42:32 Image size of job updated: 1630324
	565  -  MemoryUsage of job (MB)
	577556  -  ResidentSetSize of job (KB)
...
006 (13112.037.000) 2024-06-07 15:47:32 Image size of job updated: 1636004
	565  -  MemoryUsage of job (MB)
	577556  -  ResidentSetSize of job (KB)
...
006 (13112.037.000) 2024-06-07 15:52:33 Image size of job updated: 1640508
	582  -  MemoryUsage of job (MB)
	595744  -  ResidentSetSize of job (KB)
...
006 (13112.037.000) 2024-06-07 15:57:34 Image size of job updated: 1644088
	587  -  MemoryUsage of job (MB)
	600096  -  ResidentSetSize of job (KB)
...
006 (13112.037.000) 2024-06-07 16:02:34 Image size of job updated: 1648464
	590  -  MemoryUsage of job (MB)
	603596  -  ResidentSetSize of job (KB)
...
006 (13112.037.000) 2024-06-07 16:07:35 Image size of job updated: 1652700
	596  -  MemoryUsage of job (MB)
	609340  -  ResidentSetSize of job (KB)
...
006 (13112.037.000) 2024-06-07 16:12:36 Image size of job updated: 1656412
	596  -  MemoryUsage of job (MB)
	609472  -  ResidentSetSize of job (KB)
...
006 (13112.037.000) 2024-06-07 16:17:36 Image size of job updated: 1661184
	602  -  MemoryUsage of job (MB)
	616260  -  ResidentSetSize of job (KB)
...
006 (13112.037.000) 2024-06-07 16:22:36 Image size of job updated: 1664356
	602  -  MemoryUsage of job (MB)
	616392  -  ResidentSetSize of job (KB)
...
006 (13112.037.000) 2024-06-07 16:23:05 Image size of job updated: 1664488
	602  -  MemoryUsage of job (MB)
	616392  -  ResidentSetSize of job (KB)
...
005 (13112.037.000) 2024-06-07 16:23:05 Job terminated.
	(1) Normal termination (return value 0)
		Usr 0 01:08:23, Sys 0 00:02:11  -  Run Remote Usage
		Usr 0 00:00:00, Sys 0 00:00:00  -  Run Local Usage
		Usr 0 01:08:23, Sys 0 00:02:11  -  Total Remote Usage
		Usr 0 00:00:00, Sys 0 00:00:00  -  Total Local Usage
	0  -  Run Bytes Sent By Job
	0  -  Run Bytes Received By Job
	0  -  Total Bytes Sent By Job
	0  -  Total Bytes Received By Job
	Partitionable Resources :    Usage  Request Allocated 
	   Cpus                 :     1.00        1         1 
	   Disk (KB)            :    15          15      2287 
	   Memory (MB)          :   602       20480     20480 

	Job terminated of its own accord at 2024-06-07T14:23:05Z with exit-code 0.
...
