000 (13118.058.000) 2024-06-07 17:04:00 Job submitted from host: <10.18.24.233:9618?addrs=10.18.24.233-9618&alias=bioclusts03.bioclust.biologie.ens.fr&noUDP&sock=schedd_942_b64d>
...
001 (13118.058.000) 2024-06-07 19:02:36 Job executing on host: <10.18.24.13:9618?addrs=10.18.24.13-9618&alias=bioclust13.bioclust.biologie.ens.fr&noUDP&sock=startd_1231_f12c>
...
006 (13118.058.000) 2024-06-07 19:02:45 Image size of job updated: 219952
	215  -  MemoryUsage of job (MB)
	219952  -  ResidentSetSize of job (KB)
...
006 (13118.058.000) 2024-06-07 19:07:46 Image size of job updated: 1735080
	536  -  MemoryUsage of job (MB)
	548660  -  ResidentSetSize of job (KB)
...
006 (13118.058.000) 2024-06-07 19:12:47 Image size of job updated: 1738064
	540  -  MemoryUsage of job (MB)
	552328  -  ResidentSetSize of job (KB)
...
006 (13118.058.000) 2024-06-07 19:17:47 Image size of job updated: 1739272
	541  -  MemoryUsage of job (MB)
	553884  -  ResidentSetSize of job (KB)
...
006 (13118.058.000) 2024-06-07 19:22:47 Image size of job updated: 1742588
	545  -  MemoryUsage of job (MB)
	557240  -  ResidentSetSize of job (KB)
...
006 (13118.058.000) 2024-06-07 19:27:48 Image size of job updated: 1744584
	547  -  MemoryUsage of job (MB)
	559224  -  ResidentSetSize of job (KB)
...
006 (13118.058.000) 2024-06-07 19:32:48 Image size of job updated: 1748704
	551  -  MemoryUsage of job (MB)
	563436  -  ResidentSetSize of job (KB)
...
006 (13118.058.000) 2024-06-07 19:37:48 Image size of job updated: 1749612
	552  -  MemoryUsage of job (MB)
	564656  -  ResidentSetSize of job (KB)
...
006 (13118.058.000) 2024-06-07 19:42:49 Image size of job updated: 1752308
	554  -  MemoryUsage of job (MB)
	567264  -  ResidentSetSize of job (KB)
...
006 (13118.058.000) 2024-06-07 19:47:50 Image size of job updated: 1754980
	557  -  MemoryUsage of job (MB)
	569896  -  ResidentSetSize of job (KB)
...
006 (13118.058.000) 2024-06-07 19:52:50 Image size of job updated: 1757244
	559  -  MemoryUsage of job (MB)
	572296  -  ResidentSetSize of job (KB)
...
006 (13118.058.000) 2024-06-07 19:55:38 Image size of job updated: 1758984
	559  -  MemoryUsage of job (MB)
	572296  -  ResidentSetSize of job (KB)
...
005 (13118.058.000) 2024-06-07 19:55:38 Job terminated.
	(1) Normal termination (return value 0)
		Usr 0 00:52:47, Sys 0 00:00:03  -  Run Remote Usage
		Usr 0 00:00:00, Sys 0 00:00:00  -  Run Local Usage
		Usr 0 00:52:47, Sys 0 00:00:03  -  Total Remote Usage
		Usr 0 00:00:00, Sys 0 00:00:00  -  Total Local Usage
	0  -  Run Bytes Sent By Job
	0  -  Run Bytes Received By Job
	0  -  Total Bytes Sent By Job
	0  -  Total Bytes Received By Job
	Partitionable Resources :    Usage  Request Allocated 
	   Cpus                 :     0.99        1         1 
	   Disk (KB)            :    15          15      2412 
	   Memory (MB)          :   559       20480     20480 

	Job terminated of its own accord at 2024-06-07T17:55:38Z with exit-code 0.
...
