000 (13763.029.000) 2024-09-23 16:11:27 Job submitted from host: <10.18.24.233:9618?addrs=10.18.24.233-9618&alias=bioclusts03.bioclust.biologie.ens.fr&noUDP&sock=schedd_942_b64d>
...
001 (13763.029.000) 2024-09-23 16:11:30 Job executing on host: <10.18.24.49:9618?addrs=10.18.24.49-9618&alias=bioclust49.bioclust.biologie.ens.fr&noUDP&sock=startd_1156_7f92>
...
006 (13763.029.000) 2024-09-23 16:11:39 Image size of job updated: 612744
	146  -  MemoryUsage of job (MB)
	149160  -  ResidentSetSize of job (KB)
...
006 (13763.029.000) 2024-09-23 16:16:40 Image size of job updated: 1572928
	604  -  MemoryUsage of job (MB)
	618476  -  ResidentSetSize of job (KB)
...
006 (13763.029.000) 2024-09-23 16:21:40 Image size of job updated: 1573984
	606  -  MemoryUsage of job (MB)
	619932  -  ResidentSetSize of job (KB)
...
006 (13763.029.000) 2024-09-23 16:26:41 Image size of job updated: 1576368
	607  -  MemoryUsage of job (MB)
	620984  -  ResidentSetSize of job (KB)
...
006 (13763.029.000) 2024-09-23 16:31:42 Image size of job updated: 1576828
	608  -  MemoryUsage of job (MB)
	622312  -  ResidentSetSize of job (KB)
...
006 (13763.029.000) 2024-09-23 16:36:42 Image size of job updated: 1578244
	610  -  MemoryUsage of job (MB)
	623740  -  ResidentSetSize of job (KB)
...
006 (13763.029.000) 2024-09-23 16:41:42 Image size of job updated: 1579968
	611  -  MemoryUsage of job (MB)
	625444  -  ResidentSetSize of job (KB)
...
006 (13763.029.000) 2024-09-23 16:46:43 Image size of job updated: 1581032
	612  -  MemoryUsage of job (MB)
	626500  -  ResidentSetSize of job (KB)
...
006 (13763.029.000) 2024-09-23 16:51:43 Image size of job updated: 1581956
	613  -  MemoryUsage of job (MB)
	627512  -  ResidentSetSize of job (KB)
...
006 (13763.029.000) 2024-09-23 16:56:43 Image size of job updated: 1584332
	613  -  MemoryUsage of job (MB)
	627512  -  ResidentSetSize of job (KB)
...
006 (13763.029.000) 2024-09-23 17:01:45 Image size of job updated: 1585488
	616  -  MemoryUsage of job (MB)
	630552  -  ResidentSetSize of job (KB)
...
006 (13763.029.000) 2024-09-23 17:06:45 Image size of job updated: 1586268
	617  -  MemoryUsage of job (MB)
	631756  -  ResidentSetSize of job (KB)
...
006 (13763.029.000) 2024-09-23 17:11:45 Image size of job updated: 1587720
	619  -  MemoryUsage of job (MB)
	633244  -  ResidentSetSize of job (KB)
...
006 (13763.029.000) 2024-09-23 17:16:46 Image size of job updated: 1589040
	620  -  MemoryUsage of job (MB)
	634700  -  ResidentSetSize of job (KB)
...
006 (13763.029.000) 2024-09-23 17:20:08 Image size of job updated: 1590096
	620  -  MemoryUsage of job (MB)
	634700  -  ResidentSetSize of job (KB)
...
005 (13763.029.000) 2024-09-23 17:20:09 Job terminated.
	(1) Normal termination (return value 0)
		Usr 0 01:08:17, Sys 0 00:00:07  -  Run Remote Usage
		Usr 0 00:00:00, Sys 0 00:00:00  -  Run Local Usage
		Usr 0 01:08:17, Sys 0 00:00:07  -  Total Remote Usage
		Usr 0 00:00:00, Sys 0 00:00:00  -  Total Local Usage
	0  -  Run Bytes Sent By Job
	0  -  Run Bytes Received By Job
	0  -  Total Bytes Sent By Job
	0  -  Total Bytes Received By Job
	Partitionable Resources :    Usage  Request Allocated 
	   Cpus                 :     1.00        1         1 
	   Disk (KB)            :    15          15      3581 
	   Memory (MB)          :   620        2048      2048 

	Job terminated of its own accord at 2024-09-23T15:20:08Z with exit-code 0.
...
