000 (13112.070.000) 2024-06-07 15:12:16 Job submitted from host: <10.18.24.233:9618?addrs=10.18.24.233-9618&alias=bioclusts03.bioclust.biologie.ens.fr&noUDP&sock=schedd_942_b64d>
...
001 (13112.070.000) 2024-06-07 15:45:06 Job executing on host: <10.18.24.6:9618?addrs=10.18.24.6-9618&alias=bioclust06.bioclust.biologie.ens.fr&noUDP&sock=startd_1466551_94fd>
...
006 (13112.070.000) 2024-06-07 15:45:14 Image size of job updated: 194300
	190  -  MemoryUsage of job (MB)
	194300  -  ResidentSetSize of job (KB)
...
006 (13112.070.000) 2024-06-07 15:50:14 Image size of job updated: 1614732
	584  -  MemoryUsage of job (MB)
	597992  -  ResidentSetSize of job (KB)
...
006 (13112.070.000) 2024-06-07 15:55:14 Image size of job updated: 1618164
	599  -  MemoryUsage of job (MB)
	612756  -  ResidentSetSize of job (KB)
...
006 (13112.070.000) 2024-06-07 16:00:15 Image size of job updated: 1618824
	600  -  MemoryUsage of job (MB)
	613724  -  ResidentSetSize of job (KB)
...
006 (13112.070.000) 2024-06-07 16:05:15 Image size of job updated: 1620408
	600  -  MemoryUsage of job (MB)
	613724  -  ResidentSetSize of job (KB)
...
006 (13112.070.000) 2024-06-07 16:10:15 Image size of job updated: 1687544
	600  -  MemoryUsage of job (MB)
	613724  -  ResidentSetSize of job (KB)
...
006 (13112.070.000) 2024-06-07 16:15:16 Image size of job updated: 1688864
	600  -  MemoryUsage of job (MB)
	613724  -  ResidentSetSize of job (KB)
...
006 (13112.070.000) 2024-06-07 16:20:17 Image size of job updated: 1690052
	600  -  MemoryUsage of job (MB)
	613724  -  ResidentSetSize of job (KB)
...
006 (13112.070.000) 2024-06-07 16:25:17 Image size of job updated: 1692428
	600  -  MemoryUsage of job (MB)
	613724  -  ResidentSetSize of job (KB)
...
006 (13112.070.000) 2024-06-07 16:30:17 Image size of job updated: 1692692
	600  -  MemoryUsage of job (MB)
	613724  -  ResidentSetSize of job (KB)
...
006 (13112.070.000) 2024-06-07 16:35:18 Image size of job updated: 1694804
	600  -  MemoryUsage of job (MB)
	613724  -  ResidentSetSize of job (KB)
...
006 (13112.070.000) 2024-06-07 16:40:18 Image size of job updated: 1695596
	600  -  MemoryUsage of job (MB)
	613724  -  ResidentSetSize of job (KB)
...
006 (13112.070.000) 2024-06-07 16:45:18 Image size of job updated: 1699292
	600  -  MemoryUsage of job (MB)
	613724  -  ResidentSetSize of job (KB)
...
006 (13112.070.000) 2024-06-07 16:55:20 Image size of job updated: 1699728
	602  -  MemoryUsage of job (MB)
	615556  -  ResidentSetSize of job (KB)
...
006 (13112.070.000) 2024-06-07 17:00:20 Image size of job updated: 1700652
	602  -  MemoryUsage of job (MB)
	615744  -  ResidentSetSize of job (KB)
...
006 (13112.070.000) 2024-06-07 17:05:20 Image size of job updated: 1702104
	605  -  MemoryUsage of job (MB)
	619448  -  ResidentSetSize of job (KB)
...
006 (13112.070.000) 2024-06-07 17:08:42 Image size of job updated: 1704348
	605  -  MemoryUsage of job (MB)
	619448  -  ResidentSetSize of job (KB)
...
005 (13112.070.000) 2024-06-07 17:08:42 Job terminated.
	(1) Normal termination (return value 0)
		Usr 0 01:22:42, Sys 0 00:00:27  -  Run Remote Usage
		Usr 0 00:00:00, Sys 0 00:00:00  -  Run Local Usage
		Usr 0 01:22:42, Sys 0 00:00:27  -  Total Remote Usage
		Usr 0 00:00:00, Sys 0 00:00:00  -  Total Local Usage
	0  -  Run Bytes Sent By Job
	0  -  Run Bytes Received By Job
	0  -  Total Bytes Sent By Job
	0  -  Total Bytes Received By Job
	Partitionable Resources :    Usage  Request Allocated 
	   Cpus                 :     1.00        1         1 
	   Disk (KB)            :    15          15      4094 
	   Memory (MB)          :   605       20480     20480 

	Job terminated of its own accord at 2024-06-07T15:08:42Z with exit-code 0.
...
