000 (13763.015.000) 2024-09-23 16:11:27 Job submitted from host: <10.18.24.233:9618?addrs=10.18.24.233-9618&alias=bioclusts03.bioclust.biologie.ens.fr&noUDP&sock=schedd_942_b64d>
...
001 (13763.015.000) 2024-09-23 16:11:29 Job executing on host: <10.18.24.11:9618?addrs=10.18.24.11-9618&alias=bioclust11.bioclust.biologie.ens.fr&noUDP&sock=startd_1152_c131>
...
006 (13763.015.000) 2024-09-23 16:11:39 Image size of job updated: 398060
	145  -  MemoryUsage of job (MB)
	148356  -  ResidentSetSize of job (KB)
...
006 (13763.015.000) 2024-09-23 16:16:39 Image size of job updated: 1629804
	568  -  MemoryUsage of job (MB)
	581272  -  ResidentSetSize of job (KB)
...
006 (13763.015.000) 2024-09-23 16:21:39 Image size of job updated: 1631272
	570  -  MemoryUsage of job (MB)
	583516  -  ResidentSetSize of job (KB)
...
006 (13763.015.000) 2024-09-23 16:26:40 Image size of job updated: 1632876
	572  -  MemoryUsage of job (MB)
	585036  -  ResidentSetSize of job (KB)
...
006 (13763.015.000) 2024-09-23 16:31:41 Image size of job updated: 1634764
	578  -  MemoryUsage of job (MB)
	591108  -  ResidentSetSize of job (KB)
...
006 (13763.015.000) 2024-09-23 16:36:41 Image size of job updated: 1635560
	579  -  MemoryUsage of job (MB)
	591900  -  ResidentSetSize of job (KB)
...
006 (13763.015.000) 2024-09-23 16:41:42 Image size of job updated: 1638092
	581  -  MemoryUsage of job (MB)
	594408  -  ResidentSetSize of job (KB)
...
006 (13763.015.000) 2024-09-23 16:46:43 Image size of job updated: 1639152
	582  -  MemoryUsage of job (MB)
	595596  -  ResidentSetSize of job (KB)
...
006 (13763.015.000) 2024-09-23 16:51:43 Image size of job updated: 1641008
	584  -  MemoryUsage of job (MB)
	597432  -  ResidentSetSize of job (KB)
...
006 (13763.015.000) 2024-09-23 16:56:43 Image size of job updated: 1642612
	585  -  MemoryUsage of job (MB)
	598964  -  ResidentSetSize of job (KB)
...
006 (13763.015.000) 2024-09-23 17:01:44 Image size of job updated: 1643804
	587  -  MemoryUsage of job (MB)
	600164  -  ResidentSetSize of job (KB)
...
006 (13763.015.000) 2024-09-23 17:06:44 Image size of job updated: 1645416
	588  -  MemoryUsage of job (MB)
	601800  -  ResidentSetSize of job (KB)
...
006 (13763.015.000) 2024-09-23 17:11:44 Image size of job updated: 1647020
	590  -  MemoryUsage of job (MB)
	603392  -  ResidentSetSize of job (KB)
...
006 (13763.015.000) 2024-09-23 17:16:46 Image size of job updated: 1648932
	592  -  MemoryUsage of job (MB)
	605392  -  ResidentSetSize of job (KB)
...
006 (13763.015.000) 2024-09-23 17:17:23 Image size of job updated: 1649064
	592  -  MemoryUsage of job (MB)
	605392  -  ResidentSetSize of job (KB)
...
005 (13763.015.000) 2024-09-23 17:17:23 Job terminated.
	(1) Normal termination (return value 0)
		Usr 0 01:05:14, Sys 0 00:00:10  -  Run Remote Usage
		Usr 0 00:00:00, Sys 0 00:00:00  -  Run Local Usage
		Usr 0 01:05:14, Sys 0 00:00:10  -  Total Remote Usage
		Usr 0 00:00:00, Sys 0 00:00:00  -  Total Local Usage
	0  -  Run Bytes Sent By Job
	0  -  Run Bytes Received By Job
	0  -  Total Bytes Sent By Job
	0  -  Total Bytes Received By Job
	Partitionable Resources :    Usage  Request Allocated 
	   Cpus                 :     1.00        1         1 
	   Disk (KB)            :    15          15      2318 
	   Memory (MB)          :   592        2048      2048 

	Job terminated of its own accord at 2024-09-23T15:17:23Z with exit-code 0.
...
