000 (13118.299.000) 2024-06-07 17:04:06 Job submitted from host: <10.18.24.233:9618?addrs=10.18.24.233-9618&alias=bioclusts03.bioclust.biologie.ens.fr&noUDP&sock=schedd_942_b64d>
...
001 (13118.299.000) 2024-06-08 05:49:01 Job executing on host: <10.18.24.7:9618?addrs=10.18.24.7-9618&alias=bioclust07.bioclust.biologie.ens.fr&noUDP&sock=startd_1149_b268>
...
006 (13118.299.000) 2024-06-08 05:49:10 Image size of job updated: 171288
	168  -  MemoryUsage of job (MB)
	171288  -  ResidentSetSize of job (KB)
...
006 (13118.299.000) 2024-06-08 05:54:11 Image size of job updated: 1636692
	604  -  MemoryUsage of job (MB)
	617592  -  ResidentSetSize of job (KB)
...
006 (13118.299.000) 2024-06-08 05:59:11 Image size of job updated: 1639188
	606  -  MemoryUsage of job (MB)
	620396  -  ResidentSetSize of job (KB)
...
006 (13118.299.000) 2024-06-08 06:04:11 Image size of job updated: 1641984
	609  -  MemoryUsage of job (MB)
	623036  -  ResidentSetSize of job (KB)
...
006 (13118.299.000) 2024-06-08 06:09:12 Image size of job updated: 1643532
	613  -  MemoryUsage of job (MB)
	627172  -  ResidentSetSize of job (KB)
...
006 (13118.299.000) 2024-06-08 06:14:12 Image size of job updated: 1645796
	616  -  MemoryUsage of job (MB)
	630144  -  ResidentSetSize of job (KB)
...
006 (13118.299.000) 2024-06-08 06:19:12 Image size of job updated: 1648592
	617  -  MemoryUsage of job (MB)
	631328  -  ResidentSetSize of job (KB)
...
006 (13118.299.000) 2024-06-08 06:24:13 Image size of job updated: 1649784
	617  -  MemoryUsage of job (MB)
	631452  -  ResidentSetSize of job (KB)
...
006 (13118.299.000) 2024-06-08 06:29:13 Image size of job updated: 1652300
	622  -  MemoryUsage of job (MB)
	636016  -  ResidentSetSize of job (KB)
...
006 (13118.299.000) 2024-06-08 06:34:13 Image size of job updated: 1654452
	625  -  MemoryUsage of job (MB)
	639876  -  ResidentSetSize of job (KB)
...
006 (13118.299.000) 2024-06-08 06:39:14 Image size of job updated: 1656036
	627  -  MemoryUsage of job (MB)
	641200  -  ResidentSetSize of job (KB)
...
006 (13118.299.000) 2024-06-08 06:44:15 Image size of job updated: 1657868
	630  -  MemoryUsage of job (MB)
	644500  -  ResidentSetSize of job (KB)
...
006 (13118.299.000) 2024-06-08 06:49:15 Image size of job updated: 1659756
	641  -  MemoryUsage of job (MB)
	656100  -  ResidentSetSize of job (KB)
...
006 (13118.299.000) 2024-06-08 06:54:16 Image size of job updated: 1662616
	641  -  MemoryUsage of job (MB)
	656100  -  ResidentSetSize of job (KB)
...
006 (13118.299.000) 2024-06-08 06:59:17 Image size of job updated: 1664880
	641  -  MemoryUsage of job (MB)
	656100  -  ResidentSetSize of job (KB)
...
006 (13118.299.000) 2024-06-08 07:04:16 Image size of job updated: 1666920
	641  -  MemoryUsage of job (MB)
	656100  -  ResidentSetSize of job (KB)
...
005 (13118.299.000) 2024-06-08 07:04:16 Job terminated.
	(1) Normal termination (return value 0)
		Usr 0 01:14:17, Sys 0 00:00:50  -  Run Remote Usage
		Usr 0 00:00:00, Sys 0 00:00:00  -  Run Local Usage
		Usr 0 01:14:17, Sys 0 00:00:50  -  Total Remote Usage
		Usr 0 00:00:00, Sys 0 00:00:00  -  Total Local Usage
	0  -  Run Bytes Sent By Job
	0  -  Run Bytes Received By Job
	0  -  Total Bytes Sent By Job
	0  -  Total Bytes Received By Job
	Partitionable Resources :    Usage  Request Allocated 
	   Cpus                 :     1.00        1         1 
	   Disk (KB)            :    15          15      2393 
	   Memory (MB)          :   641       20480     20480 

	Job terminated of its own accord at 2024-06-08T05:04:16Z with exit-code 0.
...
