000 (13118.180.000) 2024-06-07 17:04:03 Job submitted from host: <10.18.24.233:9618?addrs=10.18.24.233-9618&alias=bioclusts03.bioclust.biologie.ens.fr&noUDP&sock=schedd_942_b64d>
...
001 (13118.180.000) 2024-06-08 00:16:58 Job executing on host: <10.18.24.12:9618?addrs=10.18.24.12-9618&alias=bioclust12.bioclust.biologie.ens.fr&noUDP&sock=startd_52665_6353>
...
006 (13118.180.000) 2024-06-08 00:17:06 Image size of job updated: 443948
	432  -  MemoryUsage of job (MB)
	441488  -  ResidentSetSize of job (KB)
...
006 (13118.180.000) 2024-06-08 00:22:06 Image size of job updated: 1614904
	553  -  MemoryUsage of job (MB)
	566124  -  ResidentSetSize of job (KB)
...
006 (13118.180.000) 2024-06-08 00:27:07 Image size of job updated: 1617024
	559  -  MemoryUsage of job (MB)
	571784  -  ResidentSetSize of job (KB)
...
006 (13118.180.000) 2024-06-08 00:32:08 Image size of job updated: 1619412
	561  -  MemoryUsage of job (MB)
	574180  -  ResidentSetSize of job (KB)
...
006 (13118.180.000) 2024-06-08 00:37:08 Image size of job updated: 1620600
	574  -  MemoryUsage of job (MB)
	586940  -  ResidentSetSize of job (KB)
...
006 (13118.180.000) 2024-06-08 00:42:09 Image size of job updated: 1624580
	574  -  MemoryUsage of job (MB)
	586940  -  ResidentSetSize of job (KB)
...
006 (13118.180.000) 2024-06-08 00:47:10 Image size of job updated: 1624580
	575  -  MemoryUsage of job (MB)
	588220  -  ResidentSetSize of job (KB)
...
006 (13118.180.000) 2024-06-08 00:52:10 Image size of job updated: 1625244
	575  -  MemoryUsage of job (MB)
	588352  -  ResidentSetSize of job (KB)
...
006 (13118.180.000) 2024-06-08 00:57:10 Image size of job updated: 1626828
	575  -  MemoryUsage of job (MB)
	588352  -  ResidentSetSize of job (KB)
...
006 (13118.180.000) 2024-06-08 01:02:11 Image size of job updated: 1627952
	575  -  MemoryUsage of job (MB)
	588352  -  ResidentSetSize of job (KB)
...
006 (13118.180.000) 2024-06-08 01:07:11 Image size of job updated: 1630156
	586  -  MemoryUsage of job (MB)
	599596  -  ResidentSetSize of job (KB)
...
006 (13118.180.000) 2024-06-08 01:12:11 Image size of job updated: 1631492
	586  -  MemoryUsage of job (MB)
	599728  -  ResidentSetSize of job (KB)
...
006 (13118.180.000) 2024-06-08 01:17:12 Image size of job updated: 1633392
	586  -  MemoryUsage of job (MB)
	599728  -  ResidentSetSize of job (KB)
...
006 (13118.180.000) 2024-06-08 01:22:13 Image size of job updated: 1635032
	586  -  MemoryUsage of job (MB)
	599728  -  ResidentSetSize of job (KB)
...
006 (13118.180.000) 2024-06-08 01:27:13 Image size of job updated: 1637504
	586  -  MemoryUsage of job (MB)
	599728  -  ResidentSetSize of job (KB)
...
006 (13118.180.000) 2024-06-08 01:32:14 Image size of job updated: 1639088
	587  -  MemoryUsage of job (MB)
	600360  -  ResidentSetSize of job (KB)
...
006 (13118.180.000) 2024-06-08 01:37:15 Image size of job updated: 1640276
	597  -  MemoryUsage of job (MB)
	610936  -  ResidentSetSize of job (KB)
...
006 (13118.180.000) 2024-06-08 01:42:15 Image size of job updated: 1642628
	597  -  MemoryUsage of job (MB)
	611068  -  ResidentSetSize of job (KB)
...
006 (13118.180.000) 2024-06-08 01:47:16 Image size of job updated: 1643804
	597  -  MemoryUsage of job (MB)
	611068  -  ResidentSetSize of job (KB)
...
006 (13118.180.000) 2024-06-08 01:52:17 Image size of job updated: 1647640
	597  -  MemoryUsage of job (MB)
	611068  -  ResidentSetSize of job (KB)
...
005 (13118.180.000) 2024-06-08 01:54:05 Job terminated.
	(1) Normal termination (return value 0)
		Usr 0 01:36:14, Sys 0 00:00:41  -  Run Remote Usage
		Usr 0 00:00:00, Sys 0 00:00:00  -  Run Local Usage
		Usr 0 01:36:14, Sys 0 00:00:41  -  Total Remote Usage
		Usr 0 00:00:00, Sys 0 00:00:00  -  Total Local Usage
	0  -  Run Bytes Sent By Job
	0  -  Run Bytes Received By Job
	0  -  Total Bytes Sent By Job
	0  -  Total Bytes Received By Job
	Partitionable Resources :    Usage  Request Allocated 
	   Cpus                 :     1.00        1         1 
	   Disk (KB)            :    15          15      2316 
	   Memory (MB)          :   597       20480     20480 

	Job terminated of its own accord at 2024-06-07T23:54:05Z with exit-code 0.
...
