000 (13118.113.000) 2024-06-07 17:04:01 Job submitted from host: <10.18.24.233:9618?addrs=10.18.24.233-9618&alias=bioclusts03.bioclust.biologie.ens.fr&noUDP&sock=schedd_942_b64d>
...
001 (13118.113.000) 2024-06-07 21:17:37 Job executing on host: <10.18.24.45:9618?addrs=10.18.24.45-9618&alias=bioclust45.bioclust.biologie.ens.fr&noUDP&sock=startd_826558_9dc7>
...
006 (13118.113.000) 2024-06-07 21:17:45 Image size of job updated: 330712
	214  -  MemoryUsage of job (MB)
	219012  -  ResidentSetSize of job (KB)
...
006 (13118.113.000) 2024-06-07 21:22:45 Image size of job updated: 1602428
	592  -  MemoryUsage of job (MB)
	606148  -  ResidentSetSize of job (KB)
...
006 (13118.113.000) 2024-06-07 21:27:46 Image size of job updated: 1605020
	596  -  MemoryUsage of job (MB)
	609852  -  ResidentSetSize of job (KB)
...
006 (13118.113.000) 2024-06-07 21:32:46 Image size of job updated: 1607384
	596  -  MemoryUsage of job (MB)
	609984  -  ResidentSetSize of job (KB)
...
006 (13118.113.000) 2024-06-07 21:37:46 Image size of job updated: 1608092
	628  -  MemoryUsage of job (MB)
	642916  -  ResidentSetSize of job (KB)
...
006 (13118.113.000) 2024-06-07 21:42:47 Image size of job updated: 1610788
	628  -  MemoryUsage of job (MB)
	642916  -  ResidentSetSize of job (KB)
...
006 (13118.113.000) 2024-06-07 21:52:48 Image size of job updated: 1612116
	628  -  MemoryUsage of job (MB)
	642916  -  ResidentSetSize of job (KB)
...
006 (13118.113.000) 2024-06-07 21:57:49 Image size of job updated: 1615324
	628  -  MemoryUsage of job (MB)
	642916  -  ResidentSetSize of job (KB)
...
006 (13118.113.000) 2024-06-07 22:02:50 Image size of job updated: 1615544
	628  -  MemoryUsage of job (MB)
	642916  -  ResidentSetSize of job (KB)
...
006 (13118.113.000) 2024-06-07 22:07:50 Image size of job updated: 1617932
	628  -  MemoryUsage of job (MB)
	642916  -  ResidentSetSize of job (KB)
...
006 (13118.113.000) 2024-06-07 22:12:50 Image size of job updated: 1620792
	628  -  MemoryUsage of job (MB)
	642916  -  ResidentSetSize of job (KB)
...
006 (13118.113.000) 2024-06-07 22:22:51 Image size of job updated: 1622692
	636  -  MemoryUsage of job (MB)
	650944  -  ResidentSetSize of job (KB)
...
006 (13118.113.000) 2024-06-07 22:27:51 Image size of job updated: 1624536
	636  -  MemoryUsage of job (MB)
	650944  -  ResidentSetSize of job (KB)
...
006 (13118.113.000) 2024-06-07 22:32:52 Image size of job updated: 1626124
	636  -  MemoryUsage of job (MB)
	650944  -  ResidentSetSize of job (KB)
...
006 (13118.113.000) 2024-06-07 22:37:01 Image size of job updated: 1627204
	636  -  MemoryUsage of job (MB)
	650944  -  ResidentSetSize of job (KB)
...
005 (13118.113.000) 2024-06-07 22:37:01 Job terminated.
	(1) Normal termination (return value 0)
		Usr 0 01:18:04, Sys 0 00:00:37  -  Run Remote Usage
		Usr 0 00:00:00, Sys 0 00:00:00  -  Run Local Usage
		Usr 0 01:18:04, Sys 0 00:00:37  -  Total Remote Usage
		Usr 0 00:00:00, Sys 0 00:00:00  -  Total Local Usage
	0  -  Run Bytes Sent By Job
	0  -  Run Bytes Received By Job
	0  -  Total Bytes Sent By Job
	0  -  Total Bytes Received By Job
	Partitionable Resources :    Usage  Request Allocated 
	   Cpus                 :     0.99        1         1 
	   Disk (KB)            :    15          15      2237 
	   Memory (MB)          :   636       20480     20480 

	Job terminated of its own accord at 2024-06-07T20:37:01Z with exit-code 0.
...
