000 (13763.005.000) 2024-09-23 16:11:27 Job submitted from host: <10.18.24.233:9618?addrs=10.18.24.233-9618&alias=bioclusts03.bioclust.biologie.ens.fr&noUDP&sock=schedd_942_b64d>
...
001 (13763.005.000) 2024-09-23 16:11:29 Job executing on host: <10.18.24.97:9618?addrs=10.18.24.97-9618&alias=ecoclust02.bioclust.biologie.ens.fr&noUDP&sock=startd_1051_7a20>
...
006 (13763.005.000) 2024-09-23 16:11:38 Image size of job updated: 326724
	143  -  MemoryUsage of job (MB)
	145856  -  ResidentSetSize of job (KB)
...
006 (13763.005.000) 2024-09-23 16:16:38 Image size of job updated: 1694768
	571  -  MemoryUsage of job (MB)
	584436  -  ResidentSetSize of job (KB)
...
006 (13763.005.000) 2024-09-23 16:21:38 Image size of job updated: 1695696
	571  -  MemoryUsage of job (MB)
	584436  -  ResidentSetSize of job (KB)
...
006 (13763.005.000) 2024-09-23 16:26:39 Image size of job updated: 1697292
	571  -  MemoryUsage of job (MB)
	584436  -  ResidentSetSize of job (KB)
...
006 (13763.005.000) 2024-09-23 16:31:39 Image size of job updated: 1699812
	571  -  MemoryUsage of job (MB)
	584436  -  ResidentSetSize of job (KB)
...
006 (13763.005.000) 2024-09-23 16:36:39 Image size of job updated: 1699812
	582  -  MemoryUsage of job (MB)
	595932  -  ResidentSetSize of job (KB)
...
006 (13763.005.000) 2024-09-23 16:41:40 Image size of job updated: 1701140
	582  -  MemoryUsage of job (MB)
	595932  -  ResidentSetSize of job (KB)
...
006 (13763.005.000) 2024-09-23 16:46:41 Image size of job updated: 1702336
	582  -  MemoryUsage of job (MB)
	595932  -  ResidentSetSize of job (KB)
...
006 (13763.005.000) 2024-09-23 16:51:41 Image size of job updated: 1703928
	582  -  MemoryUsage of job (MB)
	595932  -  ResidentSetSize of job (KB)
...
006 (13763.005.000) 2024-09-23 16:56:41 Image size of job updated: 1705000
	586  -  MemoryUsage of job (MB)
	599088  -  ResidentSetSize of job (KB)
...
006 (13763.005.000) 2024-09-23 17:01:43 Image size of job updated: 1706252
	586  -  MemoryUsage of job (MB)
	599088  -  ResidentSetSize of job (KB)
...
006 (13763.005.000) 2024-09-23 17:06:43 Image size of job updated: 1708692
	586  -  MemoryUsage of job (MB)
	599088  -  ResidentSetSize of job (KB)
...
006 (13763.005.000) 2024-09-23 17:11:43 Image size of job updated: 1709224
	586  -  MemoryUsage of job (MB)
	599088  -  ResidentSetSize of job (KB)
...
006 (13763.005.000) 2024-09-23 17:16:44 Image size of job updated: 1710552
	586  -  MemoryUsage of job (MB)
	599088  -  ResidentSetSize of job (KB)
...
006 (13763.005.000) 2024-09-23 17:21:45 Image size of job updated: 1712144
	586  -  MemoryUsage of job (MB)
	599088  -  ResidentSetSize of job (KB)
...
006 (13763.005.000) 2024-09-23 17:25:44 Image size of job updated: 1713100
	586  -  MemoryUsage of job (MB)
	599088  -  ResidentSetSize of job (KB)
...
005 (13763.005.000) 2024-09-23 17:25:44 Job terminated.
	(1) Normal termination (return value 0)
		Usr 0 01:13:41, Sys 0 00:00:21  -  Run Remote Usage
		Usr 0 00:00:00, Sys 0 00:00:00  -  Run Local Usage
		Usr 0 01:13:41, Sys 0 00:00:21  -  Total Remote Usage
		Usr 0 00:00:00, Sys 0 00:00:00  -  Total Local Usage
	0  -  Run Bytes Sent By Job
	0  -  Run Bytes Received By Job
	0  -  Total Bytes Sent By Job
	0  -  Total Bytes Received By Job
	Partitionable Resources :    Usage  Request Allocated 
	   Cpus                 :     1.00        1         1 
	   Disk (KB)            :    15          15      3310 
	   Memory (MB)          :   586        2048      2048 

	Job terminated of its own accord at 2024-09-23T15:25:44Z with exit-code 0.
...
