000 (13118.386.000) 2024-06-07 17:04:08 Job submitted from host: <10.18.24.233:9618?addrs=10.18.24.233-9618&alias=bioclusts03.bioclust.biologie.ens.fr&noUDP&sock=schedd_942_b64d>
...
001 (13118.386.000) 2024-06-08 09:40:05 Job executing on host: <10.18.24.41:9618?addrs=10.18.24.41-9618&alias=bioclust41.bioclust.biologie.ens.fr&noUDP&sock=startd_1116_0fc8>
...
006 (13118.386.000) 2024-06-08 09:40:13 Image size of job updated: 852072
	225  -  MemoryUsage of job (MB)
	229880  -  ResidentSetSize of job (KB)
...
006 (13118.386.000) 2024-06-08 09:45:13 Image size of job updated: 1603004
	572  -  MemoryUsage of job (MB)
	585640  -  ResidentSetSize of job (KB)
...
006 (13118.386.000) 2024-06-08 09:50:14 Image size of job updated: 1606436
	577  -  MemoryUsage of job (MB)
	589928  -  ResidentSetSize of job (KB)
...
006 (13118.386.000) 2024-06-08 09:55:14 Image size of job updated: 1610004
	581  -  MemoryUsage of job (MB)
	594440  -  ResidentSetSize of job (KB)
...
006 (13118.386.000) 2024-06-08 10:00:14 Image size of job updated: 1613568
	586  -  MemoryUsage of job (MB)
	599160  -  ResidentSetSize of job (KB)
...
006 (13118.386.000) 2024-06-08 10:05:15 Image size of job updated: 1616740
	590  -  MemoryUsage of job (MB)
	603384  -  ResidentSetSize of job (KB)
...
006 (13118.386.000) 2024-06-08 10:10:16 Image size of job updated: 1619644
	594  -  MemoryUsage of job (MB)
	607572  -  ResidentSetSize of job (KB)
...
006 (13118.386.000) 2024-06-08 10:15:16 Image size of job updated: 1622948
	597  -  MemoryUsage of job (MB)
	611260  -  ResidentSetSize of job (KB)
...
006 (13118.386.000) 2024-06-08 10:20:16 Image size of job updated: 1626120
	601  -  MemoryUsage of job (MB)
	615248  -  ResidentSetSize of job (KB)
...
006 (13118.386.000) 2024-06-08 10:25:17 Image size of job updated: 1629816
	606  -  MemoryUsage of job (MB)
	619988  -  ResidentSetSize of job (KB)
...
006 (13118.386.000) 2024-06-08 10:30:18 Image size of job updated: 1633380
	610  -  MemoryUsage of job (MB)
	624008  -  ResidentSetSize of job (KB)
...
006 (13118.386.000) 2024-06-08 10:35:18 Image size of job updated: 1636548
	614  -  MemoryUsage of job (MB)
	628188  -  ResidentSetSize of job (KB)
...
006 (13118.386.000) 2024-06-08 10:40:19 Image size of job updated: 1639984
	618  -  MemoryUsage of job (MB)
	632408  -  ResidentSetSize of job (KB)
...
006 (13118.386.000) 2024-06-08 10:45:20 Image size of job updated: 1643284
	622  -  MemoryUsage of job (MB)
	636496  -  ResidentSetSize of job (KB)
...
006 (13118.386.000) 2024-06-08 10:50:20 Image size of job updated: 1646056
	626  -  MemoryUsage of job (MB)
	640172  -  ResidentSetSize of job (KB)
...
006 (13118.386.000) 2024-06-08 10:55:20 Image size of job updated: 1649492
	630  -  MemoryUsage of job (MB)
	644252  -  ResidentSetSize of job (KB)
...
006 (13118.386.000) 2024-06-08 11:00:21 Image size of job updated: 1653452
	634  -  MemoryUsage of job (MB)
	648732  -  ResidentSetSize of job (KB)
...
006 (13118.386.000) 2024-06-08 11:05:14 Image size of job updated: 1656752
	634  -  MemoryUsage of job (MB)
	648732  -  ResidentSetSize of job (KB)
...
005 (13118.386.000) 2024-06-08 11:05:14 Job terminated.
	(1) Normal termination (return value 0)
		Usr 0 01:24:50, Sys 0 00:00:06  -  Run Remote Usage
		Usr 0 00:00:00, Sys 0 00:00:00  -  Run Local Usage
		Usr 0 01:24:50, Sys 0 00:00:06  -  Total Remote Usage
		Usr 0 00:00:00, Sys 0 00:00:00  -  Total Local Usage
	0  -  Run Bytes Sent By Job
	0  -  Run Bytes Received By Job
	0  -  Total Bytes Sent By Job
	0  -  Total Bytes Received By Job
	Partitionable Resources :    Usage  Request Allocated 
	   Cpus                 :     1.00        1         1 
	   Disk (KB)            :    15          15      1615 
	   Memory (MB)          :   634       20480     20480 

	Job terminated of its own accord at 2024-06-08T09:05:14Z with exit-code 0.
...
