000 (13118.393.000) 2024-06-07 17:04:08 Job submitted from host: <10.18.24.233:9618?addrs=10.18.24.233-9618&alias=bioclusts03.bioclust.biologie.ens.fr&noUDP&sock=schedd_942_b64d>
...
001 (13118.393.000) 2024-06-08 09:58:05 Job executing on host: <10.18.24.45:9618?addrs=10.18.24.45-9618&alias=bioclust45.bioclust.biologie.ens.fr&noUDP&sock=startd_826558_9dc7>
...
006 (13118.393.000) 2024-06-08 09:58:14 Image size of job updated: 871124
	203  -  MemoryUsage of job (MB)
	207476  -  ResidentSetSize of job (KB)
...
006 (13118.393.000) 2024-06-08 10:03:14 Image size of job updated: 1584180
	582  -  MemoryUsage of job (MB)
	595924  -  ResidentSetSize of job (KB)
...
006 (13118.393.000) 2024-06-08 10:08:14 Image size of job updated: 1587248
	584  -  MemoryUsage of job (MB)
	597016  -  ResidentSetSize of job (KB)
...
006 (13118.393.000) 2024-06-08 10:13:15 Image size of job updated: 1589580
	584  -  MemoryUsage of job (MB)
	597264  -  ResidentSetSize of job (KB)
...
006 (13118.393.000) 2024-06-08 10:18:15 Image size of job updated: 1591828
	586  -  MemoryUsage of job (MB)
	599224  -  ResidentSetSize of job (KB)
...
006 (13118.393.000) 2024-06-08 10:23:15 Image size of job updated: 1594100
	592  -  MemoryUsage of job (MB)
	605740  -  ResidentSetSize of job (KB)
...
006 (13118.393.000) 2024-06-08 10:28:16 Image size of job updated: 1596488
	592  -  MemoryUsage of job (MB)
	605740  -  ResidentSetSize of job (KB)
...
006 (13118.393.000) 2024-06-08 10:33:17 Image size of job updated: 1598740
	601  -  MemoryUsage of job (MB)
	614524  -  ResidentSetSize of job (KB)
...
006 (13118.393.000) 2024-06-08 10:38:17 Image size of job updated: 1600868
	615  -  MemoryUsage of job (MB)
	629668  -  ResidentSetSize of job (KB)
...
006 (13118.393.000) 2024-06-08 10:43:18 Image size of job updated: 1603648
	615  -  MemoryUsage of job (MB)
	629668  -  ResidentSetSize of job (KB)
...
006 (13118.393.000) 2024-06-08 10:48:19 Image size of job updated: 1606036
	615  -  MemoryUsage of job (MB)
	629668  -  ResidentSetSize of job (KB)
...
006 (13118.393.000) 2024-06-08 10:49:03 Image size of job updated: 1606696
	615  -  MemoryUsage of job (MB)
	629668  -  ResidentSetSize of job (KB)
...
005 (13118.393.000) 2024-06-08 10:49:03 Job terminated.
	(1) Normal termination (return value 0)
		Usr 0 00:50:14, Sys 0 00:00:36  -  Run Remote Usage
		Usr 0 00:00:00, Sys 0 00:00:00  -  Run Local Usage
		Usr 0 00:50:14, Sys 0 00:00:36  -  Total Remote Usage
		Usr 0 00:00:00, Sys 0 00:00:00  -  Total Local Usage
	0  -  Run Bytes Sent By Job
	0  -  Run Bytes Received By Job
	0  -  Total Bytes Sent By Job
	0  -  Total Bytes Received By Job
	Partitionable Resources :    Usage  Request Allocated 
	   Cpus                 :     1.00        1         1 
	   Disk (KB)            :    15          15      2237 
	   Memory (MB)          :   615       20480     20480 

	Job terminated of its own accord at 2024-06-08T08:49:03Z with exit-code 0.
...
