000 (13112.027.000) 2024-06-07 15:12:15 Job submitted from host: <10.18.24.233:9618?addrs=10.18.24.233-9618&alias=bioclusts03.bioclust.biologie.ens.fr&noUDP&sock=schedd_942_b64d>
...
001 (13112.027.000) 2024-06-07 15:12:19 Job executing on host: <10.18.24.145:9618?addrs=10.18.24.145-9618&alias=dyoclust18.bioclust.biologie.ens.fr&noUDP&sock=startd_1015_c8b7>
...
006 (13112.027.000) 2024-06-07 15:12:27 Image size of job updated: 356236
	146  -  MemoryUsage of job (MB)
	148500  -  ResidentSetSize of job (KB)
...
006 (13112.027.000) 2024-06-07 15:17:27 Image size of job updated: 1586452
	595  -  MemoryUsage of job (MB)
	609144  -  ResidentSetSize of job (KB)
...
006 (13112.027.000) 2024-06-07 15:22:28 Image size of job updated: 1587380
	596  -  MemoryUsage of job (MB)
	610180  -  ResidentSetSize of job (KB)
...
006 (13112.027.000) 2024-06-07 15:27:29 Image size of job updated: 1588308
	597  -  MemoryUsage of job (MB)
	611212  -  ResidentSetSize of job (KB)
...
006 (13112.027.000) 2024-06-07 15:32:29 Image size of job updated: 1589500
	598  -  MemoryUsage of job (MB)
	612264  -  ResidentSetSize of job (KB)
...
006 (13112.027.000) 2024-06-07 15:37:30 Image size of job updated: 1590432
	599  -  MemoryUsage of job (MB)
	613372  -  ResidentSetSize of job (KB)
...
006 (13112.027.000) 2024-06-07 15:42:31 Image size of job updated: 1591488
	602  -  MemoryUsage of job (MB)
	615628  -  ResidentSetSize of job (KB)
...
006 (13112.027.000) 2024-06-07 15:47:31 Image size of job updated: 1592680
	602  -  MemoryUsage of job (MB)
	615628  -  ResidentSetSize of job (KB)
...
006 (13112.027.000) 2024-06-07 15:52:31 Image size of job updated: 1594000
	603  -  MemoryUsage of job (MB)
	616712  -  ResidentSetSize of job (KB)
...
006 (13112.027.000) 2024-06-07 15:57:32 Image size of job updated: 1594660
	605  -  MemoryUsage of job (MB)
	618572  -  ResidentSetSize of job (KB)
...
006 (13112.027.000) 2024-06-07 16:02:32 Image size of job updated: 1595340
	605  -  MemoryUsage of job (MB)
	618572  -  ResidentSetSize of job (KB)
...
006 (13112.027.000) 2024-06-07 16:07:32 Image size of job updated: 1596400
	605  -  MemoryUsage of job (MB)
	619128  -  ResidentSetSize of job (KB)
...
006 (13112.027.000) 2024-06-07 16:12:33 Image size of job updated: 1597328
	606  -  MemoryUsage of job (MB)
	620132  -  ResidentSetSize of job (KB)
...
006 (13112.027.000) 2024-06-07 16:17:34 Image size of job updated: 1598260
	607  -  MemoryUsage of job (MB)
	621060  -  ResidentSetSize of job (KB)
...
006 (13112.027.000) 2024-06-07 16:22:34 Image size of job updated: 1599320
	608  -  MemoryUsage of job (MB)
	622140  -  ResidentSetSize of job (KB)
...
006 (13112.027.000) 2024-06-07 16:27:35 Image size of job updated: 1600380
	609  -  MemoryUsage of job (MB)
	623192  -  ResidentSetSize of job (KB)
...
006 (13112.027.000) 2024-06-07 16:32:36 Image size of job updated: 1601328
	610  -  MemoryUsage of job (MB)
	624196  -  ResidentSetSize of job (KB)
...
006 (13112.027.000) 2024-06-07 16:37:29 Image size of job updated: 1602248
	610  -  MemoryUsage of job (MB)
	624196  -  ResidentSetSize of job (KB)
...
005 (13112.027.000) 2024-06-07 16:37:29 Job terminated.
	(1) Normal termination (return value 0)
		Usr 0 01:24:53, Sys 0 00:00:07  -  Run Remote Usage
		Usr 0 00:00:00, Sys 0 00:00:00  -  Run Local Usage
		Usr 0 01:24:53, Sys 0 00:00:07  -  Total Remote Usage
		Usr 0 00:00:00, Sys 0 00:00:00  -  Total Local Usage
	0  -  Run Bytes Sent By Job
	0  -  Run Bytes Received By Job
	0  -  Total Bytes Sent By Job
	0  -  Total Bytes Received By Job
	Partitionable Resources :    Usage  Request Allocated 
	   Cpus                 :     1.00        1         1 
	   Disk (KB)            :    15          15      2484 
	   Memory (MB)          :   610       20480     20480 

	Job terminated of its own accord at 2024-06-07T14:37:29Z with exit-code 0.
...
