000 (13118.376.000) 2024-06-07 17:04:08 Job submitted from host: <10.18.24.233:9618?addrs=10.18.24.233-9618&alias=bioclusts03.bioclust.biologie.ens.fr&noUDP&sock=schedd_942_b64d>
...
001 (13118.376.000) 2024-06-08 09:19:05 Job executing on host: <10.18.24.44:9618?addrs=10.18.24.44-9618&alias=bioclust44.bioclust.biologie.ens.fr&noUDP&sock=startd_1074_40ce>
...
006 (13118.376.000) 2024-06-08 09:19:13 Image size of job updated: 786124
	237  -  MemoryUsage of job (MB)
	241756  -  ResidentSetSize of job (KB)
...
006 (13118.376.000) 2024-06-08 09:24:14 Image size of job updated: 1578088
	614  -  MemoryUsage of job (MB)
	628392  -  ResidentSetSize of job (KB)
...
006 (13118.376.000) 2024-06-08 09:29:15 Image size of job updated: 1579076
	616  -  MemoryUsage of job (MB)
	630100  -  ResidentSetSize of job (KB)
...
006 (13118.376.000) 2024-06-08 09:34:15 Image size of job updated: 1581192
	618  -  MemoryUsage of job (MB)
	632240  -  ResidentSetSize of job (KB)
...
006 (13118.376.000) 2024-06-08 09:39:15 Image size of job updated: 1583064
	620  -  MemoryUsage of job (MB)
	634072  -  ResidentSetSize of job (KB)
...
006 (13118.376.000) 2024-06-08 09:44:16 Image size of job updated: 1584528
	621  -  MemoryUsage of job (MB)
	635580  -  ResidentSetSize of job (KB)
...
006 (13118.376.000) 2024-06-08 09:49:17 Image size of job updated: 1586244
	622  -  MemoryUsage of job (MB)
	636140  -  ResidentSetSize of job (KB)
...
006 (13118.376.000) 2024-06-08 09:54:17 Image size of job updated: 1586944
	623  -  MemoryUsage of job (MB)
	637724  -  ResidentSetSize of job (KB)
...
006 (13118.376.000) 2024-06-08 09:59:18 Image size of job updated: 1588264
	625  -  MemoryUsage of job (MB)
	639268  -  ResidentSetSize of job (KB)
...
006 (13118.376.000) 2024-06-08 10:04:19 Image size of job updated: 1589960
	626  -  MemoryUsage of job (MB)
	640992  -  ResidentSetSize of job (KB)
...
006 (13118.376.000) 2024-06-08 10:09:19 Image size of job updated: 1591288
	628  -  MemoryUsage of job (MB)
	642404  -  ResidentSetSize of job (KB)
...
006 (13118.376.000) 2024-06-08 10:14:19 Image size of job updated: 1658676
	629  -  MemoryUsage of job (MB)
	643624  -  ResidentSetSize of job (KB)
...
006 (13118.376.000) 2024-06-08 10:18:29 Image size of job updated: 1659984
	629  -  MemoryUsage of job (MB)
	643624  -  ResidentSetSize of job (KB)
...
005 (13118.376.000) 2024-06-08 10:18:29 Job terminated.
	(1) Normal termination (return value 0)
		Usr 0 00:59:11, Sys 0 00:00:05  -  Run Remote Usage
		Usr 0 00:00:00, Sys 0 00:00:00  -  Run Local Usage
		Usr 0 00:59:11, Sys 0 00:00:05  -  Total Remote Usage
		Usr 0 00:00:00, Sys 0 00:00:00  -  Total Local Usage
	0  -  Run Bytes Sent By Job
	0  -  Run Bytes Received By Job
	0  -  Total Bytes Sent By Job
	0  -  Total Bytes Received By Job
	Partitionable Resources :    Usage  Request Allocated 
	   Cpus                 :     1.00        1         1 
	   Disk (KB)            :    15          15      3136 
	   Memory (MB)          :   629       20480     20480 

	Job terminated of its own accord at 2024-06-08T08:18:29Z with exit-code 0.
...
