000 (13118.104.000) 2024-06-07 17:04:01 Job submitted from host: <10.18.24.233:9618?addrs=10.18.24.233-9618&alias=bioclusts03.bioclust.biologie.ens.fr&noUDP&sock=schedd_942_b64d>
...
001 (13118.104.000) 2024-06-07 21:02:36 Job executing on host: <10.18.24.45:9618?addrs=10.18.24.45-9618&alias=bioclust45.bioclust.biologie.ens.fr&noUDP&sock=startd_826558_9dc7>
...
006 (13118.104.000) 2024-06-07 21:02:45 Image size of job updated: 872788
	167  -  MemoryUsage of job (MB)
	170436  -  ResidentSetSize of job (KB)
...
006 (13118.104.000) 2024-06-07 21:07:46 Image size of job updated: 1639308
	569  -  MemoryUsage of job (MB)
	582176  -  ResidentSetSize of job (KB)
...
006 (13118.104.000) 2024-06-07 21:12:46 Image size of job updated: 1641552
	572  -  MemoryUsage of job (MB)
	584740  -  ResidentSetSize of job (KB)
...
006 (13118.104.000) 2024-06-07 21:17:46 Image size of job updated: 1642216
	572  -  MemoryUsage of job (MB)
	584740  -  ResidentSetSize of job (KB)
...
006 (13118.104.000) 2024-06-07 21:22:47 Image size of job updated: 1644456
	575  -  MemoryUsage of job (MB)
	587940  -  ResidentSetSize of job (KB)
...
006 (13118.104.000) 2024-06-07 21:27:47 Image size of job updated: 1644456
	582  -  MemoryUsage of job (MB)
	595500  -  ResidentSetSize of job (KB)
...
006 (13118.104.000) 2024-06-07 21:32:47 Image size of job updated: 1647508
	582  -  MemoryUsage of job (MB)
	595500  -  ResidentSetSize of job (KB)
...
006 (13118.104.000) 2024-06-07 21:37:48 Image size of job updated: 1648036
	582  -  MemoryUsage of job (MB)
	595500  -  ResidentSetSize of job (KB)
...
006 (13118.104.000) 2024-06-07 21:42:49 Image size of job updated: 1650092
	582  -  MemoryUsage of job (MB)
	595500  -  ResidentSetSize of job (KB)
...
006 (13118.104.000) 2024-06-07 21:47:49 Image size of job updated: 1653696
	582  -  MemoryUsage of job (MB)
	595500  -  ResidentSetSize of job (KB)
...
006 (13118.104.000) 2024-06-07 21:52:49 Image size of job updated: 1653696
	584  -  MemoryUsage of job (MB)
	597156  -  ResidentSetSize of job (KB)
...
006 (13118.104.000) 2024-06-07 21:57:50 Image size of job updated: 1655540
	586  -  MemoryUsage of job (MB)
	599836  -  ResidentSetSize of job (KB)
...
006 (13118.104.000) 2024-06-07 22:02:51 Image size of job updated: 1657796
	588  -  MemoryUsage of job (MB)
	601260  -  ResidentSetSize of job (KB)
...
006 (13118.104.000) 2024-06-07 22:07:51 Image size of job updated: 1659116
	589  -  MemoryUsage of job (MB)
	602772  -  ResidentSetSize of job (KB)
...
006 (13118.104.000) 2024-06-07 22:12:51 Image size of job updated: 1661096
	591  -  MemoryUsage of job (MB)
	604764  -  ResidentSetSize of job (KB)
...
006 (13118.104.000) 2024-06-07 22:17:52 Image size of job updated: 1661956
	591  -  MemoryUsage of job (MB)
	604764  -  ResidentSetSize of job (KB)
...
006 (13118.104.000) 2024-06-07 22:22:52 Image size of job updated: 1665876
	594  -  MemoryUsage of job (MB)
	607704  -  ResidentSetSize of job (KB)
...
006 (13118.104.000) 2024-06-07 22:27:52 Image size of job updated: 1665876
	602  -  MemoryUsage of job (MB)
	615764  -  ResidentSetSize of job (KB)
...
006 (13118.104.000) 2024-06-07 22:32:53 Image size of job updated: 1667028
	602  -  MemoryUsage of job (MB)
	615764  -  ResidentSetSize of job (KB)
...
006 (13118.104.000) 2024-06-07 22:37:54 Image size of job updated: 1667952
	607  -  MemoryUsage of job (MB)
	620984  -  ResidentSetSize of job (KB)
...
006 (13118.104.000) 2024-06-07 22:42:54 Image size of job updated: 1670468
	607  -  MemoryUsage of job (MB)
	620984  -  ResidentSetSize of job (KB)
...
006 (13118.104.000) 2024-06-07 22:47:54 Image size of job updated: 1672772
	607  -  MemoryUsage of job (MB)
	620984  -  ResidentSetSize of job (KB)
...
006 (13118.104.000) 2024-06-07 22:52:55 Image size of job updated: 1673680
	612  -  MemoryUsage of job (MB)
	625792  -  ResidentSetSize of job (KB)
...
006 (13118.104.000) 2024-06-07 22:57:26 Image size of job updated: 1674228
	612  -  MemoryUsage of job (MB)
	625792  -  ResidentSetSize of job (KB)
...
005 (13118.104.000) 2024-06-07 22:57:26 Job terminated.
	(1) Normal termination (return value 0)
		Usr 0 01:53:16, Sys 0 00:00:32  -  Run Remote Usage
		Usr 0 00:00:00, Sys 0 00:00:00  -  Run Local Usage
		Usr 0 01:53:16, Sys 0 00:00:32  -  Total Remote Usage
		Usr 0 00:00:00, Sys 0 00:00:00  -  Total Local Usage
	0  -  Run Bytes Sent By Job
	0  -  Run Bytes Received By Job
	0  -  Total Bytes Sent By Job
	0  -  Total Bytes Received By Job
	Partitionable Resources :    Usage  Request Allocated 
	   Cpus                 :     0.99        1         1 
	   Disk (KB)            :    15          15      2237 
	   Memory (MB)          :   612       20480     20480 

	Job terminated of its own accord at 2024-06-07T20:57:26Z with exit-code 0.
...
