000 (13118.234.000) 2024-06-07 17:04:05 Job submitted from host: <10.18.24.233:9618?addrs=10.18.24.233-9618&alias=bioclusts03.bioclust.biologie.ens.fr&noUDP&sock=schedd_942_b64d>
...
001 (13118.234.000) 2024-06-08 03:03:00 Job executing on host: <10.18.24.7:9618?addrs=10.18.24.7-9618&alias=bioclust07.bioclust.biologie.ens.fr&noUDP&sock=startd_1149_b268>
...
006 (13118.234.000) 2024-06-08 03:03:09 Image size of job updated: 360512
	267  -  MemoryUsage of job (MB)
	273128  -  ResidentSetSize of job (KB)
...
006 (13118.234.000) 2024-06-08 03:08:09 Image size of job updated: 1622660
	561  -  MemoryUsage of job (MB)
	573940  -  ResidentSetSize of job (KB)
...
006 (13118.234.000) 2024-06-08 03:13:09 Image size of job updated: 1623928
	565  -  MemoryUsage of job (MB)
	577776  -  ResidentSetSize of job (KB)
...
006 (13118.234.000) 2024-06-08 03:18:10 Image size of job updated: 1626512
	566  -  MemoryUsage of job (MB)
	578912  -  ResidentSetSize of job (KB)
...
006 (13118.234.000) 2024-06-08 03:23:11 Image size of job updated: 1626512
	569  -  MemoryUsage of job (MB)
	582288  -  ResidentSetSize of job (KB)
...
006 (13118.234.000) 2024-06-08 03:28:11 Image size of job updated: 1626824
	573  -  MemoryUsage of job (MB)
	586052  -  ResidentSetSize of job (KB)
...
006 (13118.234.000) 2024-06-08 03:33:12 Image size of job updated: 1628044
	576  -  MemoryUsage of job (MB)
	589556  -  ResidentSetSize of job (KB)
...
006 (13118.234.000) 2024-06-08 03:38:13 Image size of job updated: 1629880
	576  -  MemoryUsage of job (MB)
	589556  -  ResidentSetSize of job (KB)
...
006 (13118.234.000) 2024-06-08 03:43:13 Image size of job updated: 1632808
	576  -  MemoryUsage of job (MB)
	589556  -  ResidentSetSize of job (KB)
...
006 (13118.234.000) 2024-06-08 03:48:13 Image size of job updated: 1632808
	577  -  MemoryUsage of job (MB)
	590280  -  ResidentSetSize of job (KB)
...
006 (13118.234.000) 2024-06-08 03:58:14 Image size of job updated: 1633232
	577  -  MemoryUsage of job (MB)
	590352  -  ResidentSetSize of job (KB)
...
006 (13118.234.000) 2024-06-08 04:03:14 Image size of job updated: 1633328
	577  -  MemoryUsage of job (MB)
	590352  -  ResidentSetSize of job (KB)
...
006 (13118.234.000) 2024-06-08 04:08:15 Image size of job updated: 1635028
	582  -  MemoryUsage of job (MB)
	595232  -  ResidentSetSize of job (KB)
...
006 (13118.234.000) 2024-06-08 04:13:16 Image size of job updated: 1637036
	584  -  MemoryUsage of job (MB)
	597472  -  ResidentSetSize of job (KB)
...
006 (13118.234.000) 2024-06-08 04:18:16 Image size of job updated: 1637076
	584  -  MemoryUsage of job (MB)
	597472  -  ResidentSetSize of job (KB)
...
006 (13118.234.000) 2024-06-08 04:23:17 Image size of job updated: 1638080
	584  -  MemoryUsage of job (MB)
	597472  -  ResidentSetSize of job (KB)
...
006 (13118.234.000) 2024-06-08 04:28:18 Image size of job updated: 1640312
	587  -  MemoryUsage of job (MB)
	600236  -  ResidentSetSize of job (KB)
...
006 (13118.234.000) 2024-06-08 04:33:18 Image size of job updated: 1641764
	591  -  MemoryUsage of job (MB)
	604940  -  ResidentSetSize of job (KB)
...
006 (13118.234.000) 2024-06-08 04:43:19 Image size of job updated: 1642160
	591  -  MemoryUsage of job (MB)
	605140  -  ResidentSetSize of job (KB)
...
006 (13118.234.000) 2024-06-08 04:48:19 Image size of job updated: 1642820
	592  -  MemoryUsage of job (MB)
	605976  -  ResidentSetSize of job (KB)
...
006 (13118.234.000) 2024-06-08 04:53:19 Image size of job updated: 1644616
	594  -  MemoryUsage of job (MB)
	607820  -  ResidentSetSize of job (KB)
...
006 (13118.234.000) 2024-06-08 04:58:20 Image size of job updated: 1647120
	598  -  MemoryUsage of job (MB)
	611348  -  ResidentSetSize of job (KB)
...
006 (13118.234.000) 2024-06-08 05:13:22 Image size of job updated: 1648112
	598  -  MemoryUsage of job (MB)
	611392  -  ResidentSetSize of job (KB)
...
006 (13118.234.000) 2024-06-08 05:18:23 Image size of job updated: 1648112
	598  -  MemoryUsage of job (MB)
	611980  -  ResidentSetSize of job (KB)
...
006 (13118.234.000) 2024-06-08 05:23:23 Image size of job updated: 1648980
	598  -  MemoryUsage of job (MB)
	611980  -  ResidentSetSize of job (KB)
...
006 (13118.234.000) 2024-06-08 05:28:23 Image size of job updated: 1651704
	598  -  MemoryUsage of job (MB)
	611980  -  ResidentSetSize of job (KB)
...
006 (13118.234.000) 2024-06-08 05:33:24 Image size of job updated: 1653752
	602  -  MemoryUsage of job (MB)
	616276  -  ResidentSetSize of job (KB)
...
006 (13118.234.000) 2024-06-08 05:38:24 Image size of job updated: 1654084
	605  -  MemoryUsage of job (MB)
	618576  -  ResidentSetSize of job (KB)
...
006 (13118.234.000) 2024-06-08 05:43:24 Image size of job updated: 1655416
	608  -  MemoryUsage of job (MB)
	621860  -  ResidentSetSize of job (KB)
...
006 (13118.234.000) 2024-06-08 05:48:25 Image size of job updated: 1656872
	608  -  MemoryUsage of job (MB)
	621860  -  ResidentSetSize of job (KB)
...
006 (13118.234.000) 2024-06-08 05:58:25 Image size of job updated: 1656872
	617  -  MemoryUsage of job (MB)
	631640  -  ResidentSetSize of job (KB)
...
006 (13118.234.000) 2024-06-08 06:03:26 Image size of job updated: 1659564
	617  -  MemoryUsage of job (MB)
	631640  -  ResidentSetSize of job (KB)
...
005 (13118.234.000) 2024-06-08 06:06:50 Job terminated.
	(1) Normal termination (return value 0)
		Usr 0 03:03:09, Sys 0 00:00:20  -  Run Remote Usage
		Usr 0 00:00:00, Sys 0 00:00:00  -  Run Local Usage
		Usr 0 03:03:09, Sys 0 00:00:20  -  Total Remote Usage
		Usr 0 00:00:00, Sys 0 00:00:00  -  Total Local Usage
	0  -  Run Bytes Sent By Job
	0  -  Run Bytes Received By Job
	0  -  Total Bytes Sent By Job
	0  -  Total Bytes Received By Job
	Partitionable Resources :    Usage  Request Allocated 
	   Cpus                 :     1.00        1         1 
	   Disk (KB)            :    15          15      2393 
	   Memory (MB)          :   617       20480     20480 

	Job terminated of its own accord at 2024-06-08T04:06:50Z with exit-code 0.
...
