000 (13118.240.000) 2024-06-07 17:04:05 Job submitted from host: <10.18.24.233:9618?addrs=10.18.24.233-9618&alias=bioclusts03.bioclust.biologie.ens.fr&noUDP&sock=schedd_942_b64d>
...
001 (13118.240.000) 2024-06-08 03:08:00 Job executing on host: <10.18.24.14:9618?addrs=10.18.24.14-9618&alias=bioclust14.bioclust.biologie.ens.fr&noUDP&sock=startd_1218_0671>
...
006 (13118.240.000) 2024-06-08 03:08:09 Image size of job updated: 288548
	209  -  MemoryUsage of job (MB)
	213948  -  ResidentSetSize of job (KB)
...
006 (13118.240.000) 2024-06-08 03:13:09 Image size of job updated: 1608900
	583  -  MemoryUsage of job (MB)
	596080  -  ResidentSetSize of job (KB)
...
006 (13118.240.000) 2024-06-08 03:18:09 Image size of job updated: 1613528
	589  -  MemoryUsage of job (MB)
	602688  -  ResidentSetSize of job (KB)
...
006 (13118.240.000) 2024-06-08 03:23:10 Image size of job updated: 1618060
	595  -  MemoryUsage of job (MB)
	609084  -  ResidentSetSize of job (KB)
...
006 (13118.240.000) 2024-06-08 03:28:11 Image size of job updated: 1621624
	600  -  MemoryUsage of job (MB)
	613612  -  ResidentSetSize of job (KB)
...
006 (13118.240.000) 2024-06-08 03:33:11 Image size of job updated: 1628096
	606  -  MemoryUsage of job (MB)
	619744  -  ResidentSetSize of job (KB)
...
006 (13118.240.000) 2024-06-08 03:38:12 Image size of job updated: 1630400
	611  -  MemoryUsage of job (MB)
	625084  -  ResidentSetSize of job (KB)
...
006 (13118.240.000) 2024-06-08 03:43:13 Image size of job updated: 1634628
	616  -  MemoryUsage of job (MB)
	630620  -  ResidentSetSize of job (KB)
...
006 (13118.240.000) 2024-06-08 03:48:13 Image size of job updated: 1638592
	621  -  MemoryUsage of job (MB)
	635636  -  ResidentSetSize of job (KB)
...
006 (13118.240.000) 2024-06-08 03:53:13 Image size of job updated: 1642160
	626  -  MemoryUsage of job (MB)
	640832  -  ResidentSetSize of job (KB)
...
006 (13118.240.000) 2024-06-08 03:58:14 Image size of job updated: 1646788
	631  -  MemoryUsage of job (MB)
	645488  -  ResidentSetSize of job (KB)
...
006 (13118.240.000) 2024-06-08 04:03:14 Image size of job updated: 1650748
	636  -  MemoryUsage of job (MB)
	650556  -  ResidentSetSize of job (KB)
...
006 (13118.240.000) 2024-06-08 04:07:35 Image size of job updated: 1656172
	636  -  MemoryUsage of job (MB)
	650556  -  ResidentSetSize of job (KB)
...
005 (13118.240.000) 2024-06-08 04:07:35 Job terminated.
	(1) Normal termination (return value 0)
		Usr 0 00:59:23, Sys 0 00:00:05  -  Run Remote Usage
		Usr 0 00:00:00, Sys 0 00:00:00  -  Run Local Usage
		Usr 0 00:59:23, Sys 0 00:00:05  -  Total Remote Usage
		Usr 0 00:00:00, Sys 0 00:00:00  -  Total Local Usage
	0  -  Run Bytes Sent By Job
	0  -  Run Bytes Received By Job
	0  -  Total Bytes Sent By Job
	0  -  Total Bytes Received By Job
	Partitionable Resources :    Usage  Request Allocated 
	   Cpus                 :     1.00        1         1 
	   Disk (KB)            :    15          15      2067 
	   Memory (MB)          :   636       20480     20480 

	Job terminated of its own accord at 2024-06-08T02:07:35Z with exit-code 0.
...
