000 (13763.007.000) 2024-09-23 16:11:27 Job submitted from host: <10.18.24.233:9618?addrs=10.18.24.233-9618&alias=bioclusts03.bioclust.biologie.ens.fr&noUDP&sock=schedd_942_b64d>
...
001 (13763.007.000) 2024-09-23 16:11:29 Job executing on host: <10.18.24.5:9618?addrs=10.18.24.5-9618&alias=bioclust05.bioclust.biologie.ens.fr&noUDP&sock=startd_1161_ed8b>
...
006 (13763.007.000) 2024-09-23 16:11:38 Image size of job updated: 234564
	146  -  MemoryUsage of job (MB)
	149028  -  ResidentSetSize of job (KB)
...
006 (13763.007.000) 2024-09-23 16:16:38 Image size of job updated: 1683340
	631  -  MemoryUsage of job (MB)
	645196  -  ResidentSetSize of job (KB)
...
006 (13763.007.000) 2024-09-23 16:21:38 Image size of job updated: 1684304
	631  -  MemoryUsage of job (MB)
	645812  -  ResidentSetSize of job (KB)
...
006 (13763.007.000) 2024-09-23 16:26:39 Image size of job updated: 1686036
	633  -  MemoryUsage of job (MB)
	647900  -  ResidentSetSize of job (KB)
...
006 (13763.007.000) 2024-09-23 16:31:40 Image size of job updated: 1687144
	634  -  MemoryUsage of job (MB)
	648836  -  ResidentSetSize of job (KB)
...
006 (13763.007.000) 2024-09-23 16:36:40 Image size of job updated: 1688280
	635  -  MemoryUsage of job (MB)
	650172  -  ResidentSetSize of job (KB)
...
006 (13763.007.000) 2024-09-23 16:41:40 Image size of job updated: 1689476
	637  -  MemoryUsage of job (MB)
	651312  -  ResidentSetSize of job (KB)
...
006 (13763.007.000) 2024-09-23 16:46:41 Image size of job updated: 1690396
	637  -  MemoryUsage of job (MB)
	652272  -  ResidentSetSize of job (KB)
...
006 (13763.007.000) 2024-09-23 16:51:41 Image size of job updated: 1691836
	639  -  MemoryUsage of job (MB)
	653796  -  ResidentSetSize of job (KB)
...
006 (13763.007.000) 2024-09-23 16:56:41 Image size of job updated: 1693436
	640  -  MemoryUsage of job (MB)
	655292  -  ResidentSetSize of job (KB)
...
006 (13763.007.000) 2024-09-23 17:01:43 Image size of job updated: 1694268
	640  -  MemoryUsage of job (MB)
	655292  -  ResidentSetSize of job (KB)
...
006 (13763.007.000) 2024-09-23 17:06:43 Image size of job updated: 1695572
	643  -  MemoryUsage of job (MB)
	657552  -  ResidentSetSize of job (KB)
...
006 (13763.007.000) 2024-09-23 17:11:43 Image size of job updated: 1696912
	644  -  MemoryUsage of job (MB)
	658740  -  ResidentSetSize of job (KB)
...
006 (13763.007.000) 2024-09-23 17:16:44 Image size of job updated: 1698248
	645  -  MemoryUsage of job (MB)
	659940  -  ResidentSetSize of job (KB)
...
006 (13763.007.000) 2024-09-23 17:21:45 Image size of job updated: 1698912
	646  -  MemoryUsage of job (MB)
	660732  -  ResidentSetSize of job (KB)
...
006 (13763.007.000) 2024-09-23 17:25:43 Image size of job updated: 1699976
	646  -  MemoryUsage of job (MB)
	660732  -  ResidentSetSize of job (KB)
...
005 (13763.007.000) 2024-09-23 17:25:43 Job terminated.
	(1) Normal termination (return value 0)
		Usr 0 01:13:55, Sys 0 00:00:04  -  Run Remote Usage
		Usr 0 00:00:00, Sys 0 00:00:00  -  Run Local Usage
		Usr 0 01:13:55, Sys 0 00:00:04  -  Total Remote Usage
		Usr 0 00:00:00, Sys 0 00:00:00  -  Total Local Usage
	0  -  Run Bytes Sent By Job
	0  -  Run Bytes Received By Job
	0  -  Total Bytes Sent By Job
	0  -  Total Bytes Received By Job
	Partitionable Resources :    Usage  Request Allocated 
	   Cpus                 :     1.00        1         1 
	   Disk (KB)            :    15          15      2245 
	   Memory (MB)          :   646        2048      2048 

	Job terminated of its own accord at 2024-09-23T15:25:43Z with exit-code 0.
...
