000 (13118.233.000) 2024-06-07 17:04:05 Job submitted from host: <10.18.24.233:9618?addrs=10.18.24.233-9618&alias=bioclusts03.bioclust.biologie.ens.fr&noUDP&sock=schedd_942_b64d>
...
001 (13118.233.000) 2024-06-08 03:01:06 Job executing on host: <10.18.24.5:9618?addrs=10.18.24.5-9618&alias=bioclust05.bioclust.biologie.ens.fr&noUDP&sock=startd_1161_ed8b>
...
006 (13118.233.000) 2024-06-08 03:01:14 Image size of job updated: 311116
	175  -  MemoryUsage of job (MB)
	179188  -  ResidentSetSize of job (KB)
...
006 (13118.233.000) 2024-06-08 03:06:14 Image size of job updated: 1617484
	550  -  MemoryUsage of job (MB)
	562932  -  ResidentSetSize of job (KB)
...
006 (13118.233.000) 2024-06-08 03:11:15 Image size of job updated: 1622012
	556  -  MemoryUsage of job (MB)
	569324  -  ResidentSetSize of job (KB)
...
006 (13118.233.000) 2024-06-08 03:16:15 Image size of job updated: 1623860
	560  -  MemoryUsage of job (MB)
	572928  -  ResidentSetSize of job (KB)
...
006 (13118.233.000) 2024-06-08 03:21:15 Image size of job updated: 1626020
	564  -  MemoryUsage of job (MB)
	576804  -  ResidentSetSize of job (KB)
...
006 (13118.233.000) 2024-06-08 03:26:16 Image size of job updated: 1628604
	570  -  MemoryUsage of job (MB)
	582872  -  ResidentSetSize of job (KB)
...
006 (13118.233.000) 2024-06-08 03:31:17 Image size of job updated: 1630452
	572  -  MemoryUsage of job (MB)
	585064  -  ResidentSetSize of job (KB)
...
006 (13118.233.000) 2024-06-08 03:36:17 Image size of job updated: 1632492
	574  -  MemoryUsage of job (MB)
	587036  -  ResidentSetSize of job (KB)
...
006 (13118.233.000) 2024-06-08 03:41:18 Image size of job updated: 1635436
	577  -  MemoryUsage of job (MB)
	590480  -  ResidentSetSize of job (KB)
...
006 (13118.233.000) 2024-06-08 03:46:19 Image size of job updated: 1637640
	581  -  MemoryUsage of job (MB)
	594276  -  ResidentSetSize of job (KB)
...
006 (13118.233.000) 2024-06-08 03:51:19 Image size of job updated: 1639884
	584  -  MemoryUsage of job (MB)
	597196  -  ResidentSetSize of job (KB)
...
006 (13118.233.000) 2024-06-08 03:56:20 Image size of job updated: 1644184
	584  -  MemoryUsage of job (MB)
	597196  -  ResidentSetSize of job (KB)
...
006 (13118.233.000) 2024-06-08 04:01:21 Image size of job updated: 1645216
	591  -  MemoryUsage of job (MB)
	604240  -  ResidentSetSize of job (KB)
...
006 (13118.233.000) 2024-06-08 04:06:21 Image size of job updated: 1647208
	593  -  MemoryUsage of job (MB)
	606752  -  ResidentSetSize of job (KB)
...
006 (13118.233.000) 2024-06-08 04:11:21 Image size of job updated: 1651860
	596  -  MemoryUsage of job (MB)
	609524  -  ResidentSetSize of job (KB)
...
006 (13118.233.000) 2024-06-08 04:16:22 Image size of job updated: 1652452
	599  -  MemoryUsage of job (MB)
	613348  -  ResidentSetSize of job (KB)
...
005 (13118.233.000) 2024-06-08 04:17:57 Job terminated.
	(1) Normal termination (return value 0)
		Usr 0 01:16:21, Sys 0 00:00:21  -  Run Remote Usage
		Usr 0 00:00:00, Sys 0 00:00:00  -  Run Local Usage
		Usr 0 01:16:21, Sys 0 00:00:21  -  Total Remote Usage
		Usr 0 00:00:00, Sys 0 00:00:00  -  Total Local Usage
	0  -  Run Bytes Sent By Job
	0  -  Run Bytes Received By Job
	0  -  Total Bytes Sent By Job
	0  -  Total Bytes Received By Job
	Partitionable Resources :    Usage  Request Allocated 
	   Cpus                 :     1.00        1         1 
	   Disk (KB)            :    15          15      2245 
	   Memory (MB)          :   599       20480     20480 

	Job terminated of its own accord at 2024-06-08T02:17:57Z with exit-code 0.
...
