000 (13118.365.000) 2024-06-07 17:04:07 Job submitted from host: <10.18.24.233:9618?addrs=10.18.24.233-9618&alias=bioclusts03.bioclust.biologie.ens.fr&noUDP&sock=schedd_942_b64d>
...
001 (13118.365.000) 2024-06-08 08:43:03 Job executing on host: <10.18.24.41:9618?addrs=10.18.24.41-9618&alias=bioclust41.bioclust.biologie.ens.fr&noUDP&sock=startd_1116_0fc8>
...
006 (13118.365.000) 2024-06-08 08:43:12 Image size of job updated: 653824
	168  -  MemoryUsage of job (MB)
	171444  -  ResidentSetSize of job (KB)
...
006 (13118.365.000) 2024-06-08 08:48:13 Image size of job updated: 1635156
	594  -  MemoryUsage of job (MB)
	607712  -  ResidentSetSize of job (KB)
...
006 (13118.365.000) 2024-06-08 08:53:13 Image size of job updated: 1636476
	595  -  MemoryUsage of job (MB)
	609128  -  ResidentSetSize of job (KB)
...
006 (13118.365.000) 2024-06-08 08:58:14 Image size of job updated: 1638688
	598  -  MemoryUsage of job (MB)
	611340  -  ResidentSetSize of job (KB)
...
006 (13118.365.000) 2024-06-08 09:03:15 Image size of job updated: 1640228
	598  -  MemoryUsage of job (MB)
	611340  -  ResidentSetSize of job (KB)
...
006 (13118.365.000) 2024-06-08 09:08:15 Image size of job updated: 1642132
	598  -  MemoryUsage of job (MB)
	611340  -  ResidentSetSize of job (KB)
...
006 (13118.365.000) 2024-06-08 09:13:16 Image size of job updated: 1644040
	602  -  MemoryUsage of job (MB)
	616020  -  ResidentSetSize of job (KB)
...
006 (13118.365.000) 2024-06-08 09:18:17 Image size of job updated: 1645824
	604  -  MemoryUsage of job (MB)
	618456  -  ResidentSetSize of job (KB)
...
006 (13118.365.000) 2024-06-08 09:23:17 Image size of job updated: 1651352
	605  -  MemoryUsage of job (MB)
	618856  -  ResidentSetSize of job (KB)
...
006 (13118.365.000) 2024-06-08 09:28:17 Image size of job updated: 1651352
	607  -  MemoryUsage of job (MB)
	621352  -  ResidentSetSize of job (KB)
...
006 (13118.365.000) 2024-06-08 09:33:18 Image size of job updated: 1651516
	610  -  MemoryUsage of job (MB)
	623620  -  ResidentSetSize of job (KB)
...
006 (13118.365.000) 2024-06-08 09:38:18 Image size of job updated: 1652824
	611  -  MemoryUsage of job (MB)
	625356  -  ResidentSetSize of job (KB)
...
006 (13118.365.000) 2024-06-08 09:43:18 Image size of job updated: 1654672
	613  -  MemoryUsage of job (MB)
	627140  -  ResidentSetSize of job (KB)
...
006 (13118.365.000) 2024-06-08 09:48:19 Image size of job updated: 1657420
	615  -  MemoryUsage of job (MB)
	628820  -  ResidentSetSize of job (KB)
...
006 (13118.365.000) 2024-06-08 09:53:20 Image size of job updated: 1659292
	615  -  MemoryUsage of job (MB)
	628820  -  ResidentSetSize of job (KB)
...
006 (13118.365.000) 2024-06-08 09:58:20 Image size of job updated: 1661544
	615  -  MemoryUsage of job (MB)
	628820  -  ResidentSetSize of job (KB)
...
006 (13118.365.000) 2024-06-08 10:03:21 Image size of job updated: 1662180
	620  -  MemoryUsage of job (MB)
	634440  -  ResidentSetSize of job (KB)
...
006 (13118.365.000) 2024-06-08 10:08:22 Image size of job updated: 1664768
	623  -  MemoryUsage of job (MB)
	637516  -  ResidentSetSize of job (KB)
...
006 (13118.365.000) 2024-06-08 10:13:22 Image size of job updated: 1665988
	624  -  MemoryUsage of job (MB)
	638540  -  ResidentSetSize of job (KB)
...
006 (13118.365.000) 2024-06-08 10:14:09 Image size of job updated: 1666008
	624  -  MemoryUsage of job (MB)
	638540  -  ResidentSetSize of job (KB)
...
005 (13118.365.000) 2024-06-08 10:14:09 Job terminated.
	(1) Normal termination (return value 0)
		Usr 0 01:30:43, Sys 0 00:00:09  -  Run Remote Usage
		Usr 0 00:00:00, Sys 0 00:00:00  -  Run Local Usage
		Usr 0 01:30:43, Sys 0 00:00:09  -  Total Remote Usage
		Usr 0 00:00:00, Sys 0 00:00:00  -  Total Local Usage
	0  -  Run Bytes Sent By Job
	0  -  Run Bytes Received By Job
	0  -  Total Bytes Sent By Job
	0  -  Total Bytes Received By Job
	Partitionable Resources :    Usage  Request Allocated 
	   Cpus                 :     1.00        1         1 
	   Disk (KB)            :    15          15      1615 
	   Memory (MB)          :   624       20480     20480 

	Job terminated of its own accord at 2024-06-08T08:14:09Z with exit-code 0.
...
