000 (13118.131.000) 2024-06-07 17:04:02 Job submitted from host: <10.18.24.233:9618?addrs=10.18.24.233-9618&alias=bioclusts03.bioclust.biologie.ens.fr&noUDP&sock=schedd_942_b64d>
...
001 (13118.131.000) 2024-06-07 22:13:37 Job executing on host: <10.18.24.50:9618?addrs=10.18.24.50-9618&alias=bioclust50.bioclust.biologie.ens.fr&noUDP&sock=startd_1147_5337>
...
006 (13118.131.000) 2024-06-07 22:13:46 Image size of job updated: 184464
	181  -  MemoryUsage of job (MB)
	184464  -  ResidentSetSize of job (KB)
...
006 (13118.131.000) 2024-06-07 22:18:47 Image size of job updated: 1599684
	553  -  MemoryUsage of job (MB)
	565948  -  ResidentSetSize of job (KB)
...
006 (13118.131.000) 2024-06-07 22:23:47 Image size of job updated: 1604124
	560  -  MemoryUsage of job (MB)
	572716  -  ResidentSetSize of job (KB)
...
006 (13118.131.000) 2024-06-07 22:28:47 Image size of job updated: 1609228
	567  -  MemoryUsage of job (MB)
	580124  -  ResidentSetSize of job (KB)
...
006 (13118.131.000) 2024-06-07 22:33:48 Image size of job updated: 1610980
	571  -  MemoryUsage of job (MB)
	584424  -  ResidentSetSize of job (KB)
...
006 (13118.131.000) 2024-06-07 22:38:49 Image size of job updated: 1614280
	577  -  MemoryUsage of job (MB)
	590508  -  ResidentSetSize of job (KB)
...
006 (13118.131.000) 2024-06-07 22:43:49 Image size of job updated: 1618024
	582  -  MemoryUsage of job (MB)
	594956  -  ResidentSetSize of job (KB)
...
006 (13118.131.000) 2024-06-07 22:48:49 Image size of job updated: 1621588
	588  -  MemoryUsage of job (MB)
	601300  -  ResidentSetSize of job (KB)
...
006 (13118.131.000) 2024-06-07 22:53:50 Image size of job updated: 1625396
	591  -  MemoryUsage of job (MB)
	605112  -  ResidentSetSize of job (KB)
...
006 (13118.131.000) 2024-06-07 22:58:50 Image size of job updated: 1629008
	596  -  MemoryUsage of job (MB)
	610192  -  ResidentSetSize of job (KB)
...
006 (13118.131.000) 2024-06-07 23:03:50 Image size of job updated: 1632680
	601  -  MemoryUsage of job (MB)
	614784  -  ResidentSetSize of job (KB)
...
006 (13118.131.000) 2024-06-07 23:08:51 Image size of job updated: 1635116
	605  -  MemoryUsage of job (MB)
	618532  -  ResidentSetSize of job (KB)
...
006 (13118.131.000) 2024-06-07 23:13:52 Image size of job updated: 1637800
	608  -  MemoryUsage of job (MB)
	622300  -  ResidentSetSize of job (KB)
...
006 (13118.131.000) 2024-06-07 23:18:52 Image size of job updated: 1642024
	614  -  MemoryUsage of job (MB)
	627860  -  ResidentSetSize of job (KB)
...
006 (13118.131.000) 2024-06-07 23:23:53 Image size of job updated: 1644960
	618  -  MemoryUsage of job (MB)
	631812  -  ResidentSetSize of job (KB)
...
006 (13118.131.000) 2024-06-07 23:28:54 Image size of job updated: 1648656
	622  -  MemoryUsage of job (MB)
	636660  -  ResidentSetSize of job (KB)
...
006 (13118.131.000) 2024-06-07 23:33:54 Image size of job updated: 1652052
	627  -  MemoryUsage of job (MB)
	641120  -  ResidentSetSize of job (KB)
...
006 (13118.131.000) 2024-06-07 23:38:54 Image size of job updated: 1655384
	631  -  MemoryUsage of job (MB)
	645384  -  ResidentSetSize of job (KB)
...
006 (13118.131.000) 2024-06-07 23:43:55 Image size of job updated: 1658552
	635  -  MemoryUsage of job (MB)
	649536  -  ResidentSetSize of job (KB)
...
006 (13118.131.000) 2024-06-07 23:48:55 Image size of job updated: 1662776
	640  -  MemoryUsage of job (MB)
	654548  -  ResidentSetSize of job (KB)
...
006 (13118.131.000) 2024-06-07 23:53:55 Image size of job updated: 1665020
	643  -  MemoryUsage of job (MB)
	657816  -  ResidentSetSize of job (KB)
...
006 (13118.131.000) 2024-06-07 23:58:56 Image size of job updated: 1668320
	647  -  MemoryUsage of job (MB)
	661920  -  ResidentSetSize of job (KB)
...
006 (13118.131.000) 2024-06-08 00:03:57 Image size of job updated: 1671752
	651  -  MemoryUsage of job (MB)
	665944  -  ResidentSetSize of job (KB)
...
006 (13118.131.000) 2024-06-08 00:08:57 Image size of job updated: 1676080
	656  -  MemoryUsage of job (MB)
	670880  -  ResidentSetSize of job (KB)
...
006 (13118.131.000) 2024-06-08 00:13:57 Image size of job updated: 1678588
	659  -  MemoryUsage of job (MB)
	674500  -  ResidentSetSize of job (KB)
...
006 (13118.131.000) 2024-06-08 00:18:58 Image size of job updated: 1681544
	663  -  MemoryUsage of job (MB)
	677984  -  ResidentSetSize of job (KB)
...
006 (13118.131.000) 2024-06-08 00:23:58 Image size of job updated: 1684416
	667  -  MemoryUsage of job (MB)
	682432  -  ResidentSetSize of job (KB)
...
006 (13118.131.000) 2024-06-08 00:28:58 Image size of job updated: 1688112
	671  -  MemoryUsage of job (MB)
	686116  -  ResidentSetSize of job (KB)
...
006 (13118.131.000) 2024-06-08 00:33:59 Image size of job updated: 1690884
	677  -  MemoryUsage of job (MB)
	693056  -  ResidentSetSize of job (KB)
...
006 (13118.131.000) 2024-06-08 00:39:00 Image size of job updated: 1693524
	678  -  MemoryUsage of job (MB)
	693444  -  ResidentSetSize of job (KB)
...
006 (13118.131.000) 2024-06-08 00:44:00 Image size of job updated: 1696796
	682  -  MemoryUsage of job (MB)
	698180  -  ResidentSetSize of job (KB)
...
006 (13118.131.000) 2024-06-08 00:49:00 Image size of job updated: 1699040
	685  -  MemoryUsage of job (MB)
	700732  -  ResidentSetSize of job (KB)
...
006 (13118.131.000) 2024-06-08 00:54:01 Image size of job updated: 1702472
	689  -  MemoryUsage of job (MB)
	705172  -  ResidentSetSize of job (KB)
...
006 (13118.131.000) 2024-06-08 00:59:02 Image size of job updated: 1706088
	693  -  MemoryUsage of job (MB)
	708880  -  ResidentSetSize of job (KB)
...
006 (13118.131.000) 2024-06-08 01:04:02 Image size of job updated: 1709500
	697  -  MemoryUsage of job (MB)
	713052  -  ResidentSetSize of job (KB)
...
006 (13118.131.000) 2024-06-08 01:09:02 Image size of job updated: 1712404
	700  -  MemoryUsage of job (MB)
	716520  -  ResidentSetSize of job (KB)
...
006 (13118.131.000) 2024-06-08 01:14:03 Image size of job updated: 1715044
	704  -  MemoryUsage of job (MB)
	720108  -  ResidentSetSize of job (KB)
...
006 (13118.131.000) 2024-06-08 01:19:04 Image size of job updated: 1718476
	708  -  MemoryUsage of job (MB)
	724084  -  ResidentSetSize of job (KB)
...
006 (13118.131.000) 2024-06-08 01:24:04 Image size of job updated: 1721512
	711  -  MemoryUsage of job (MB)
	727840  -  ResidentSetSize of job (KB)
...
006 (13118.131.000) 2024-06-08 01:29:05 Image size of job updated: 1724200
	714  -  MemoryUsage of job (MB)
	731096  -  ResidentSetSize of job (KB)
...
006 (13118.131.000) 2024-06-08 01:34:06 Image size of job updated: 1727348
	718  -  MemoryUsage of job (MB)
	735208  -  ResidentSetSize of job (KB)
...
006 (13118.131.000) 2024-06-08 01:39:06 Image size of job updated: 1731176
	723  -  MemoryUsage of job (MB)
	739740  -  ResidentSetSize of job (KB)
...
006 (13118.131.000) 2024-06-08 01:44:06 Image size of job updated: 1733476
	733  -  MemoryUsage of job (MB)
	749772  -  ResidentSetSize of job (KB)
...
006 (13118.131.000) 2024-06-08 01:49:07 Image size of job updated: 1736380
	733  -  MemoryUsage of job (MB)
	749904  -  ResidentSetSize of job (KB)
...
006 (13118.131.000) 2024-06-08 01:54:08 Image size of job updated: 1739712
	733  -  MemoryUsage of job (MB)
	750360  -  ResidentSetSize of job (KB)
...
006 (13118.131.000) 2024-06-08 01:59:08 Image size of job updated: 1743612
	738  -  MemoryUsage of job (MB)
	754824  -  ResidentSetSize of job (KB)
...
006 (13118.131.000) 2024-06-08 02:04:08 Image size of job updated: 1745856
	740  -  MemoryUsage of job (MB)
	757652  -  ResidentSetSize of job (KB)
...
006 (13118.131.000) 2024-06-08 02:09:09 Image size of job updated: 1747668
	743  -  MemoryUsage of job (MB)
	760040  -  ResidentSetSize of job (KB)
...
006 (13118.131.000) 2024-06-08 02:14:10 Image size of job updated: 1751624
	747  -  MemoryUsage of job (MB)
	764544  -  ResidentSetSize of job (KB)
...
006 (13118.131.000) 2024-06-08 02:19:10 Image size of job updated: 1752944
	747  -  MemoryUsage of job (MB)
	764544  -  ResidentSetSize of job (KB)
...
005 (13118.131.000) 2024-06-08 02:36:09 Job terminated.
	(1) Normal termination (return value 0)
		Usr 0 04:21:12, Sys 0 00:00:47  -  Run Remote Usage
		Usr 0 00:00:00, Sys 0 00:00:00  -  Run Local Usage
		Usr 0 04:21:12, Sys 0 00:00:47  -  Total Remote Usage
		Usr 0 00:00:00, Sys 0 00:00:00  -  Total Local Usage
	0  -  Run Bytes Sent By Job
	0  -  Run Bytes Received By Job
	0  -  Total Bytes Sent By Job
	0  -  Total Bytes Received By Job
	Partitionable Resources :    Usage  Request Allocated 
	   Cpus                 :     1.00        1         1 
	   Disk (KB)            :    15          15      3545 
	   Memory (MB)          :   747       20480     20480 

	Job terminated of its own accord at 2024-06-08T00:36:09Z with exit-code 0.
...
