000 (13112.049.000) 2024-06-07 15:12:16 Job submitted from host: <10.18.24.233:9618?addrs=10.18.24.233-9618&alias=bioclusts03.bioclust.biologie.ens.fr&noUDP&sock=schedd_942_b64d>
...
001 (13112.049.000) 2024-06-07 15:12:19 Job executing on host: <10.18.24.3:9618?addrs=10.18.24.3-9618&alias=bioclust03.bioclust.biologie.ens.fr&noUDP&sock=startd_1137_7745>
...
006 (13112.049.000) 2024-06-07 15:12:28 Image size of job updated: 328396
	147  -  MemoryUsage of job (MB)
	149688  -  ResidentSetSize of job (KB)
...
006 (13112.049.000) 2024-06-07 15:17:29 Image size of job updated: 1554972
	573  -  MemoryUsage of job (MB)
	586632  -  ResidentSetSize of job (KB)
...
006 (13112.049.000) 2024-06-07 15:22:29 Image size of job updated: 1558312
	573  -  MemoryUsage of job (MB)
	586632  -  ResidentSetSize of job (KB)
...
006 (13112.049.000) 2024-06-07 15:27:29 Image size of job updated: 1559236
	583  -  MemoryUsage of job (MB)
	596240  -  ResidentSetSize of job (KB)
...
006 (13112.049.000) 2024-06-07 15:32:31 Image size of job updated: 1560424
	583  -  MemoryUsage of job (MB)
	596240  -  ResidentSetSize of job (KB)
...
006 (13112.049.000) 2024-06-07 15:37:31 Image size of job updated: 1561348
	586  -  MemoryUsage of job (MB)
	599588  -  ResidentSetSize of job (KB)
...
006 (13112.049.000) 2024-06-07 15:42:31 Image size of job updated: 1562668
	589  -  MemoryUsage of job (MB)
	602408  -  ResidentSetSize of job (KB)
...
006 (13112.049.000) 2024-06-07 15:47:32 Image size of job updated: 1563460
	590  -  MemoryUsage of job (MB)
	603784  -  ResidentSetSize of job (KB)
...
006 (13112.049.000) 2024-06-07 15:52:33 Image size of job updated: 1565048
	590  -  MemoryUsage of job (MB)
	603784  -  ResidentSetSize of job (KB)
...
006 (13112.049.000) 2024-06-07 15:57:33 Image size of job updated: 1565580
	590  -  MemoryUsage of job (MB)
	603784  -  ResidentSetSize of job (KB)
...
006 (13112.049.000) 2024-06-07 16:02:33 Image size of job updated: 1632324
	590  -  MemoryUsage of job (MB)
	603784  -  ResidentSetSize of job (KB)
...
006 (13112.049.000) 2024-06-07 16:07:34 Image size of job updated: 1633252
	590  -  MemoryUsage of job (MB)
	603784  -  ResidentSetSize of job (KB)
...
006 (13112.049.000) 2024-06-07 16:12:34 Image size of job updated: 1635100
	590  -  MemoryUsage of job (MB)
	603784  -  ResidentSetSize of job (KB)
...
006 (13112.049.000) 2024-06-07 16:17:34 Image size of job updated: 1636424
	590  -  MemoryUsage of job (MB)
	603784  -  ResidentSetSize of job (KB)
...
006 (13112.049.000) 2024-06-07 16:22:35 Image size of job updated: 1636560
	590  -  MemoryUsage of job (MB)
	603784  -  ResidentSetSize of job (KB)
...
006 (13112.049.000) 2024-06-07 16:27:36 Image size of job updated: 1638016
	590  -  MemoryUsage of job (MB)
	603784  -  ResidentSetSize of job (KB)
...
006 (13112.049.000) 2024-06-07 16:32:36 Image size of job updated: 1638940
	590  -  MemoryUsage of job (MB)
	603784  -  ResidentSetSize of job (KB)
...
006 (13112.049.000) 2024-06-07 16:37:36 Image size of job updated: 1640660
	590  -  MemoryUsage of job (MB)
	603784  -  ResidentSetSize of job (KB)
...
006 (13112.049.000) 2024-06-07 16:42:37 Image size of job updated: 1642256
	590  -  MemoryUsage of job (MB)
	603784  -  ResidentSetSize of job (KB)
...
005 (13112.049.000) 2024-06-07 16:46:10 Job terminated.
	(1) Normal termination (return value 0)
		Usr 0 01:31:41, Sys 0 00:00:53  -  Run Remote Usage
		Usr 0 00:00:00, Sys 0 00:00:00  -  Run Local Usage
		Usr 0 01:31:41, Sys 0 00:00:53  -  Total Remote Usage
		Usr 0 00:00:00, Sys 0 00:00:00  -  Total Local Usage
	0  -  Run Bytes Sent By Job
	0  -  Run Bytes Received By Job
	0  -  Total Bytes Sent By Job
	0  -  Total Bytes Received By Job
	Partitionable Resources :    Usage  Request Allocated 
	   Cpus                 :     0.99        1         1 
	   Disk (KB)            :    15          15      2148 
	   Memory (MB)          :   590       20480     20480 

	Job terminated of its own accord at 2024-06-07T14:46:10Z with exit-code 0.
...
