000 (13118.091.000) 2024-06-07 17:04:01 Job submitted from host: <10.18.24.233:9618?addrs=10.18.24.233-9618&alias=bioclusts03.bioclust.biologie.ens.fr&noUDP&sock=schedd_942_b64d>
...
001 (13118.091.000) 2024-06-07 20:25:37 Job executing on host: <10.18.24.5:9618?addrs=10.18.24.5-9618&alias=bioclust05.bioclust.biologie.ens.fr&noUDP&sock=startd_1161_ed8b>
...
006 (13118.091.000) 2024-06-07 20:25:46 Image size of job updated: 670032
	169  -  MemoryUsage of job (MB)
	172176  -  ResidentSetSize of job (KB)
...
006 (13118.091.000) 2024-06-07 20:30:47 Image size of job updated: 1589296
	572  -  MemoryUsage of job (MB)
	585580  -  ResidentSetSize of job (KB)
...
006 (13118.091.000) 2024-06-07 20:35:47 Image size of job updated: 1590644
	573  -  MemoryUsage of job (MB)
	586440  -  ResidentSetSize of job (KB)
...
006 (13118.091.000) 2024-06-07 20:40:47 Image size of job updated: 1591720
	575  -  MemoryUsage of job (MB)
	587816  -  ResidentSetSize of job (KB)
...
006 (13118.091.000) 2024-06-07 20:45:48 Image size of job updated: 1592652
	576  -  MemoryUsage of job (MB)
	589072  -  ResidentSetSize of job (KB)
...
006 (13118.091.000) 2024-06-07 20:50:49 Image size of job updated: 1594108
	577  -  MemoryUsage of job (MB)
	590296  -  ResidentSetSize of job (KB)
...
006 (13118.091.000) 2024-06-07 20:55:49 Image size of job updated: 1595296
	578  -  MemoryUsage of job (MB)
	591428  -  ResidentSetSize of job (KB)
...
006 (13118.091.000) 2024-06-07 21:00:50 Image size of job updated: 1596760
	580  -  MemoryUsage of job (MB)
	592996  -  ResidentSetSize of job (KB)
...
006 (13118.091.000) 2024-06-07 21:05:51 Image size of job updated: 1597564
	580  -  MemoryUsage of job (MB)
	593748  -  ResidentSetSize of job (KB)
...
006 (13118.091.000) 2024-06-07 21:10:51 Image size of job updated: 1598492
	581  -  MemoryUsage of job (MB)
	594688  -  ResidentSetSize of job (KB)
...
006 (13118.091.000) 2024-06-07 21:15:52 Image size of job updated: 1600092
	583  -  MemoryUsage of job (MB)
	596228  -  ResidentSetSize of job (KB)
...
006 (13118.091.000) 2024-06-07 21:20:53 Image size of job updated: 1600632
	583  -  MemoryUsage of job (MB)
	596732  -  ResidentSetSize of job (KB)
...
006 (13118.091.000) 2024-06-07 21:25:53 Image size of job updated: 1602092
	585  -  MemoryUsage of job (MB)
	598204  -  ResidentSetSize of job (KB)
...
006 (13118.091.000) 2024-06-07 21:30:53 Image size of job updated: 1602756
	585  -  MemoryUsage of job (MB)
	598816  -  ResidentSetSize of job (KB)
...
006 (13118.091.000) 2024-06-07 21:35:54 Image size of job updated: 1604216
	587  -  MemoryUsage of job (MB)
	600388  -  ResidentSetSize of job (KB)
...
006 (13118.091.000) 2024-06-07 21:40:54 Image size of job updated: 1605412
	589  -  MemoryUsage of job (MB)
	602588  -  ResidentSetSize of job (KB)
...
006 (13118.091.000) 2024-06-07 21:42:19 Image size of job updated: 1606188
	589  -  MemoryUsage of job (MB)
	602588  -  ResidentSetSize of job (KB)
...
005 (13118.091.000) 2024-06-07 21:42:19 Job terminated.
	(1) Normal termination (return value 0)
		Usr 0 01:16:27, Sys 0 00:00:06  -  Run Remote Usage
		Usr 0 00:00:00, Sys 0 00:00:00  -  Run Local Usage
		Usr 0 01:16:27, Sys 0 00:00:06  -  Total Remote Usage
		Usr 0 00:00:00, Sys 0 00:00:00  -  Total Local Usage
	0  -  Run Bytes Sent By Job
	0  -  Run Bytes Received By Job
	0  -  Total Bytes Sent By Job
	0  -  Total Bytes Received By Job
	Partitionable Resources :    Usage  Request Allocated 
	   Cpus                 :     1.00        1         1 
	   Disk (KB)            :    15          15      2245 
	   Memory (MB)          :   589       20480     20480 

	Job terminated of its own accord at 2024-06-07T19:42:19Z with exit-code 0.
...
