000 (13112.086.000) 2024-06-07 15:12:17 Job submitted from host: <10.18.24.233:9618?addrs=10.18.24.233-9618&alias=bioclusts03.bioclust.biologie.ens.fr&noUDP&sock=schedd_942_b64d>
...
001 (13112.086.000) 2024-06-07 16:38:15 Job executing on host: <10.18.24.14:9618?addrs=10.18.24.14-9618&alias=bioclust14.bioclust.biologie.ens.fr&noUDP&sock=startd_1218_0671>
...
006 (13112.086.000) 2024-06-07 16:38:23 Image size of job updated: 274428
	268  -  MemoryUsage of job (MB)
	274428  -  ResidentSetSize of job (KB)
...
006 (13112.086.000) 2024-06-07 16:43:23 Image size of job updated: 1616536
	550  -  MemoryUsage of job (MB)
	562400  -  ResidentSetSize of job (KB)
...
006 (13112.086.000) 2024-06-07 16:48:24 Image size of job updated: 1623444
	555  -  MemoryUsage of job (MB)
	568240  -  ResidentSetSize of job (KB)
...
006 (13112.086.000) 2024-06-07 16:53:25 Image size of job updated: 1623984
	555  -  MemoryUsage of job (MB)
	568240  -  ResidentSetSize of job (KB)
...
006 (13112.086.000) 2024-06-07 16:58:25 Image size of job updated: 1625184
	556  -  MemoryUsage of job (MB)
	568976  -  ResidentSetSize of job (KB)
...
006 (13112.086.000) 2024-06-07 17:03:26 Image size of job updated: 1626120
	558  -  MemoryUsage of job (MB)
	570380  -  ResidentSetSize of job (KB)
...
006 (13112.086.000) 2024-06-07 17:08:27 Image size of job updated: 1627060
	558  -  MemoryUsage of job (MB)
	570380  -  ResidentSetSize of job (KB)
...
006 (13112.086.000) 2024-06-07 17:13:27 Image size of job updated: 1627852
	558  -  MemoryUsage of job (MB)
	570380  -  ResidentSetSize of job (KB)
...
006 (13112.086.000) 2024-06-07 17:18:27 Image size of job updated: 1628780
	558  -  MemoryUsage of job (MB)
	570380  -  ResidentSetSize of job (KB)
...
006 (13112.086.000) 2024-06-07 17:23:28 Image size of job updated: 1629336
	558  -  MemoryUsage of job (MB)
	570380  -  ResidentSetSize of job (KB)
...
006 (13112.086.000) 2024-06-07 17:28:28 Image size of job updated: 1630696
	558  -  MemoryUsage of job (MB)
	570380  -  ResidentSetSize of job (KB)
...
006 (13112.086.000) 2024-06-07 17:33:28 Image size of job updated: 1631360
	560  -  MemoryUsage of job (MB)
	573180  -  ResidentSetSize of job (KB)
...
006 (13112.086.000) 2024-06-07 17:38:29 Image size of job updated: 1632296
	560  -  MemoryUsage of job (MB)
	573180  -  ResidentSetSize of job (KB)
...
006 (13112.086.000) 2024-06-07 17:43:30 Image size of job updated: 1633128
	560  -  MemoryUsage of job (MB)
	573180  -  ResidentSetSize of job (KB)
...
006 (13112.086.000) 2024-06-07 17:48:30 Image size of job updated: 1634064
	560  -  MemoryUsage of job (MB)
	573180  -  ResidentSetSize of job (KB)
...
006 (13112.086.000) 2024-06-07 17:53:31 Image size of job updated: 1634728
	562  -  MemoryUsage of job (MB)
	574944  -  ResidentSetSize of job (KB)
...
006 (13112.086.000) 2024-06-07 17:58:32 Image size of job updated: 1635920
	568  -  MemoryUsage of job (MB)
	580964  -  ResidentSetSize of job (KB)
...
006 (13112.086.000) 2024-06-07 18:03:32 Image size of job updated: 1637120
	568  -  MemoryUsage of job (MB)
	580964  -  ResidentSetSize of job (KB)
...
006 (13112.086.000) 2024-06-07 18:08:32 Image size of job updated: 1638312
	568  -  MemoryUsage of job (MB)
	581424  -  ResidentSetSize of job (KB)
...
006 (13112.086.000) 2024-06-07 18:13:33 Image size of job updated: 1639788
	568  -  MemoryUsage of job (MB)
	581424  -  ResidentSetSize of job (KB)
...
006 (13112.086.000) 2024-06-07 18:18:33 Image size of job updated: 1640724
	568  -  MemoryUsage of job (MB)
	581424  -  ResidentSetSize of job (KB)
...
006 (13112.086.000) 2024-06-07 18:22:26 Image size of job updated: 1641660
	568  -  MemoryUsage of job (MB)
	581424  -  ResidentSetSize of job (KB)
...
005 (13112.086.000) 2024-06-07 18:22:26 Job terminated.
	(1) Normal termination (return value 0)
		Usr 0 01:42:18, Sys 0 00:00:31  -  Run Remote Usage
		Usr 0 00:00:00, Sys 0 00:00:00  -  Run Local Usage
		Usr 0 01:42:18, Sys 0 00:00:31  -  Total Remote Usage
		Usr 0 00:00:00, Sys 0 00:00:00  -  Total Local Usage
	0  -  Run Bytes Sent By Job
	0  -  Run Bytes Received By Job
	0  -  Total Bytes Sent By Job
	0  -  Total Bytes Received By Job
	Partitionable Resources :    Usage  Request Allocated 
	   Cpus                 :     1.00        1         1 
	   Disk (KB)            :    15          15      2067 
	   Memory (MB)          :   568       20480     20480 

	Job terminated of its own accord at 2024-06-07T16:22:26Z with exit-code 0.
...
