000 (13118.369.000) 2024-06-07 17:04:08 Job submitted from host: <10.18.24.233:9618?addrs=10.18.24.233-9618&alias=bioclusts03.bioclust.biologie.ens.fr&noUDP&sock=schedd_942_b64d>
...
001 (13118.369.000) 2024-06-08 08:58:04 Job executing on host: <10.18.24.3:9618?addrs=10.18.24.3-9618&alias=bioclust03.bioclust.biologie.ens.fr&noUDP&sock=startd_1137_7745>
...
006 (13118.369.000) 2024-06-08 08:58:13 Image size of job updated: 172576
	169  -  MemoryUsage of job (MB)
	172576  -  ResidentSetSize of job (KB)
...
006 (13118.369.000) 2024-06-08 09:03:14 Image size of job updated: 1649820
	576  -  MemoryUsage of job (MB)
	589124  -  ResidentSetSize of job (KB)
...
006 (13118.369.000) 2024-06-08 09:08:14 Image size of job updated: 1652076
	578  -  MemoryUsage of job (MB)
	591228  -  ResidentSetSize of job (KB)
...
006 (13118.369.000) 2024-06-08 09:13:14 Image size of job updated: 1653828
	583  -  MemoryUsage of job (MB)
	596472  -  ResidentSetSize of job (KB)
...
006 (13118.369.000) 2024-06-08 09:18:14 Image size of job updated: 1656004
	583  -  MemoryUsage of job (MB)
	596472  -  ResidentSetSize of job (KB)
...
006 (13118.369.000) 2024-06-08 09:23:15 Image size of job updated: 1658224
	584  -  MemoryUsage of job (MB)
	597720  -  ResidentSetSize of job (KB)
...
006 (13118.369.000) 2024-06-08 09:28:15 Image size of job updated: 1661140
	587  -  MemoryUsage of job (MB)
	600920  -  ResidentSetSize of job (KB)
...
006 (13118.369.000) 2024-06-08 09:33:15 Image size of job updated: 1662708
	587  -  MemoryUsage of job (MB)
	600920  -  ResidentSetSize of job (KB)
...
006 (13118.369.000) 2024-06-08 09:38:16 Image size of job updated: 1663808
	589  -  MemoryUsage of job (MB)
	603124  -  ResidentSetSize of job (KB)
...
006 (13118.369.000) 2024-06-08 09:43:17 Image size of job updated: 1666192
	593  -  MemoryUsage of job (MB)
	606580  -  ResidentSetSize of job (KB)
...
006 (13118.369.000) 2024-06-08 09:48:17 Image size of job updated: 1667808
	594  -  MemoryUsage of job (MB)
	608116  -  ResidentSetSize of job (KB)
...
006 (13118.369.000) 2024-06-08 09:53:18 Image size of job updated: 1669580
	596  -  MemoryUsage of job (MB)
	610004  -  ResidentSetSize of job (KB)
...
006 (13118.369.000) 2024-06-08 09:55:59 Image size of job updated: 1670244
	596  -  MemoryUsage of job (MB)
	610004  -  ResidentSetSize of job (KB)
...
005 (13118.369.000) 2024-06-08 09:55:59 Job terminated.
	(1) Normal termination (return value 0)
		Usr 0 00:57:37, Sys 0 00:00:08  -  Run Remote Usage
		Usr 0 00:00:00, Sys 0 00:00:00  -  Run Local Usage
		Usr 0 00:57:37, Sys 0 00:00:08  -  Total Remote Usage
		Usr 0 00:00:00, Sys 0 00:00:00  -  Total Local Usage
	0  -  Run Bytes Sent By Job
	0  -  Run Bytes Received By Job
	0  -  Total Bytes Sent By Job
	0  -  Total Bytes Received By Job
	Partitionable Resources :    Usage  Request Allocated 
	   Cpus                 :     1.00        1         1 
	   Disk (KB)            :    15          15      2148 
	   Memory (MB)          :   596       20480     20480 

	Job terminated of its own accord at 2024-06-08T07:55:59Z with exit-code 0.
...
