000 (13118.138.000) 2024-06-07 17:04:02 Job submitted from host: <10.18.24.233:9618?addrs=10.18.24.233-9618&alias=bioclusts03.bioclust.biologie.ens.fr&noUDP&sock=schedd_942_b64d>
...
001 (13118.138.000) 2024-06-07 22:28:38 Job executing on host: <10.18.24.3:9618?addrs=10.18.24.3-9618&alias=bioclust03.bioclust.biologie.ens.fr&noUDP&sock=startd_1137_7745>
...
006 (13118.138.000) 2024-06-07 22:28:46 Image size of job updated: 673428
	159  -  MemoryUsage of job (MB)
	162512  -  ResidentSetSize of job (KB)
...
006 (13118.138.000) 2024-06-07 22:33:46 Image size of job updated: 1625284
	558  -  MemoryUsage of job (MB)
	570480  -  ResidentSetSize of job (KB)
...
006 (13118.138.000) 2024-06-07 22:38:47 Image size of job updated: 1628720
	565  -  MemoryUsage of job (MB)
	578196  -  ResidentSetSize of job (KB)
...
006 (13118.138.000) 2024-06-07 22:43:48 Image size of job updated: 1632160
	569  -  MemoryUsage of job (MB)
	581764  -  ResidentSetSize of job (KB)
...
006 (13118.138.000) 2024-06-07 22:48:48 Image size of job updated: 1634536
	573  -  MemoryUsage of job (MB)
	586180  -  ResidentSetSize of job (KB)
...
006 (13118.138.000) 2024-06-07 22:53:49 Image size of job updated: 1639564
	580  -  MemoryUsage of job (MB)
	593300  -  ResidentSetSize of job (KB)
...
006 (13118.138.000) 2024-06-07 22:58:50 Image size of job updated: 1642080
	584  -  MemoryUsage of job (MB)
	597016  -  ResidentSetSize of job (KB)
...
006 (13118.138.000) 2024-06-07 23:03:50 Image size of job updated: 1644456
	589  -  MemoryUsage of job (MB)
	602960  -  ResidentSetSize of job (KB)
...
006 (13118.138.000) 2024-06-07 23:08:50 Image size of job updated: 1648688
	593  -  MemoryUsage of job (MB)
	607036  -  ResidentSetSize of job (KB)
...
006 (13118.138.000) 2024-06-07 23:13:51 Image size of job updated: 1651472
	597  -  MemoryUsage of job (MB)
	611184  -  ResidentSetSize of job (KB)
...
006 (13118.138.000) 2024-06-07 23:18:51 Image size of job updated: 1656224
	604  -  MemoryUsage of job (MB)
	617768  -  ResidentSetSize of job (KB)
...
006 (13118.138.000) 2024-06-07 23:23:52 Image size of job updated: 1659524
	608  -  MemoryUsage of job (MB)
	621772  -  ResidentSetSize of job (KB)
...
006 (13118.138.000) 2024-06-07 23:28:52 Image size of job updated: 1661772
	611  -  MemoryUsage of job (MB)
	625100  -  ResidentSetSize of job (KB)
...
006 (13118.138.000) 2024-06-07 23:33:53 Image size of job updated: 1665468
	616  -  MemoryUsage of job (MB)
	630220  -  ResidentSetSize of job (KB)
...
006 (13118.138.000) 2024-06-07 23:38:54 Image size of job updated: 1669164
	620  -  MemoryUsage of job (MB)
	634168  -  ResidentSetSize of job (KB)
...
006 (13118.138.000) 2024-06-07 23:43:54 Image size of job updated: 1673396
	625  -  MemoryUsage of job (MB)
	639480  -  ResidentSetSize of job (KB)
...
006 (13118.138.000) 2024-06-07 23:48:55 Image size of job updated: 1674856
	627  -  MemoryUsage of job (MB)
	641892  -  ResidentSetSize of job (KB)
...
006 (13118.138.000) 2024-06-07 23:53:56 Image size of job updated: 1677628
	631  -  MemoryUsage of job (MB)
	645948  -  ResidentSetSize of job (KB)
...
006 (13118.138.000) 2024-06-07 23:58:56 Image size of job updated: 1680800
	635  -  MemoryUsage of job (MB)
	649728  -  ResidentSetSize of job (KB)
...
006 (13118.138.000) 2024-06-08 00:03:56 Image size of job updated: 1684504
	641  -  MemoryUsage of job (MB)
	656004  -  ResidentSetSize of job (KB)
...
006 (13118.138.000) 2024-06-08 00:08:57 Image size of job updated: 1687180
	643  -  MemoryUsage of job (MB)
	657764  -  ResidentSetSize of job (KB)
...
006 (13118.138.000) 2024-06-08 00:10:48 Image size of job updated: 1688768
	643  -  MemoryUsage of job (MB)
	657764  -  ResidentSetSize of job (KB)
...
005 (13118.138.000) 2024-06-08 00:10:48 Job terminated.
	(1) Normal termination (return value 0)
		Usr 0 01:41:37, Sys 0 00:00:20  -  Run Remote Usage
		Usr 0 00:00:00, Sys 0 00:00:00  -  Run Local Usage
		Usr 0 01:41:37, Sys 0 00:00:20  -  Total Remote Usage
		Usr 0 00:00:00, Sys 0 00:00:00  -  Total Local Usage
	0  -  Run Bytes Sent By Job
	0  -  Run Bytes Received By Job
	0  -  Total Bytes Sent By Job
	0  -  Total Bytes Received By Job
	Partitionable Resources :    Usage  Request Allocated 
	   Cpus                 :     1.00        1         1 
	   Disk (KB)            :    15          15      2148 
	   Memory (MB)          :   643       20480     20480 

	Job terminated of its own accord at 2024-06-07T22:10:48Z with exit-code 0.
...
