000 (13118.204.000) 2024-06-07 17:04:04 Job submitted from host: <10.18.24.233:9618?addrs=10.18.24.233-9618&alias=bioclusts03.bioclust.biologie.ens.fr&noUDP&sock=schedd_942_b64d>
...
001 (13118.204.000) 2024-06-08 01:23:58 Job executing on host: <10.18.24.7:9618?addrs=10.18.24.7-9618&alias=bioclust07.bioclust.biologie.ens.fr&noUDP&sock=startd_1149_b268>
...
006 (13118.204.000) 2024-06-08 01:24:07 Image size of job updated: 853488
	168  -  MemoryUsage of job (MB)
	171304  -  ResidentSetSize of job (KB)
...
006 (13118.204.000) 2024-06-08 01:29:08 Image size of job updated: 1551024
	572  -  MemoryUsage of job (MB)
	585336  -  ResidentSetSize of job (KB)
...
006 (13118.204.000) 2024-06-08 01:34:08 Image size of job updated: 1556056
	580  -  MemoryUsage of job (MB)
	593584  -  ResidentSetSize of job (KB)
...
006 (13118.204.000) 2024-06-08 01:39:09 Image size of job updated: 1560124
	589  -  MemoryUsage of job (MB)
	602588  -  ResidentSetSize of job (KB)
...
006 (13118.204.000) 2024-06-08 01:44:10 Image size of job updated: 1564424
	593  -  MemoryUsage of job (MB)
	607104  -  ResidentSetSize of job (KB)
...
006 (13118.204.000) 2024-06-08 01:49:10 Image size of job updated: 1565084
	596  -  MemoryUsage of job (MB)
	609792  -  ResidentSetSize of job (KB)
...
006 (13118.204.000) 2024-06-08 01:54:10 Image size of job updated: 1631564
	601  -  MemoryUsage of job (MB)
	615020  -  ResidentSetSize of job (KB)
...
006 (13118.204.000) 2024-06-08 01:59:11 Image size of job updated: 1635928
	604  -  MemoryUsage of job (MB)
	617776  -  ResidentSetSize of job (KB)
...
006 (13118.204.000) 2024-06-08 02:04:11 Image size of job updated: 1638832
	617  -  MemoryUsage of job (MB)
	631448  -  ResidentSetSize of job (KB)
...
006 (13118.204.000) 2024-06-08 02:09:11 Image size of job updated: 1640412
	617  -  MemoryUsage of job (MB)
	631580  -  ResidentSetSize of job (KB)
...
006 (13118.204.000) 2024-06-08 02:14:12 Image size of job updated: 1645724
	617  -  MemoryUsage of job (MB)
	631580  -  ResidentSetSize of job (KB)
...
006 (13118.204.000) 2024-06-08 02:19:12 Image size of job updated: 1647696
	620  -  MemoryUsage of job (MB)
	634848  -  ResidentSetSize of job (KB)
...
006 (13118.204.000) 2024-06-08 02:24:12 Image size of job updated: 1653368
	623  -  MemoryUsage of job (MB)
	637852  -  ResidentSetSize of job (KB)
...
006 (13118.204.000) 2024-06-08 02:29:13 Image size of job updated: 1654288
	629  -  MemoryUsage of job (MB)
	643292  -  ResidentSetSize of job (KB)
...
006 (13118.204.000) 2024-06-08 02:34:14 Image size of job updated: 1655636
	635  -  MemoryUsage of job (MB)
	650040  -  ResidentSetSize of job (KB)
...
006 (13118.204.000) 2024-06-08 02:39:14 Image size of job updated: 1658700
	635  -  MemoryUsage of job (MB)
	650040  -  ResidentSetSize of job (KB)
...
006 (13118.204.000) 2024-06-08 02:44:15 Image size of job updated: 1660700
	638  -  MemoryUsage of job (MB)
	652628  -  ResidentSetSize of job (KB)
...
006 (13118.204.000) 2024-06-08 02:49:16 Image size of job updated: 1665044
	641  -  MemoryUsage of job (MB)
	655944  -  ResidentSetSize of job (KB)
...
006 (13118.204.000) 2024-06-08 02:54:16 Image size of job updated: 1668488
	646  -  MemoryUsage of job (MB)
	660916  -  ResidentSetSize of job (KB)
...
006 (13118.204.000) 2024-06-08 02:59:16 Image size of job updated: 1671104
	650  -  MemoryUsage of job (MB)
	665048  -  ResidentSetSize of job (KB)
...
006 (13118.204.000) 2024-06-08 03:02:08 Image size of job updated: 1671500
	650  -  MemoryUsage of job (MB)
	665048  -  ResidentSetSize of job (KB)
...
005 (13118.204.000) 2024-06-08 03:02:08 Job terminated.
	(1) Normal termination (return value 0)
		Usr 0 01:37:20, Sys 0 00:00:37  -  Run Remote Usage
		Usr 0 00:00:00, Sys 0 00:00:00  -  Run Local Usage
		Usr 0 01:37:20, Sys 0 00:00:37  -  Total Remote Usage
		Usr 0 00:00:00, Sys 0 00:00:00  -  Total Local Usage
	0  -  Run Bytes Sent By Job
	0  -  Run Bytes Received By Job
	0  -  Total Bytes Sent By Job
	0  -  Total Bytes Received By Job
	Partitionable Resources :    Usage  Request Allocated 
	   Cpus                 :     1.00        1         1 
	   Disk (KB)            :    15          15      2393 
	   Memory (MB)          :   650       20480     20480 

	Job terminated of its own accord at 2024-06-08T01:02:08Z with exit-code 0.
...
