000 (13112.095.000) 2024-06-07 15:12:17 Job submitted from host: <10.18.24.233:9618?addrs=10.18.24.233-9618&alias=bioclusts03.bioclust.biologie.ens.fr&noUDP&sock=schedd_942_b64d>
...
001 (13112.095.000) 2024-06-07 16:54:49 Job executing on host: <10.18.24.13:9618?addrs=10.18.24.13-9618&alias=bioclust13.bioclust.biologie.ens.fr&noUDP&sock=startd_1231_f12c>
...
006 (13112.095.000) 2024-06-07 16:54:57 Image size of job updated: 215952
	211  -  MemoryUsage of job (MB)
	215952  -  ResidentSetSize of job (KB)
...
006 (13112.095.000) 2024-06-07 16:59:57 Image size of job updated: 1664372
	562  -  MemoryUsage of job (MB)
	574584  -  ResidentSetSize of job (KB)
...
006 (13112.095.000) 2024-06-07 17:04:58 Image size of job updated: 1670972
	579  -  MemoryUsage of job (MB)
	592584  -  ResidentSetSize of job (KB)
...
006 (13112.095.000) 2024-06-07 17:09:59 Image size of job updated: 1675724
	593  -  MemoryUsage of job (MB)
	607124  -  ResidentSetSize of job (KB)
...
006 (13112.095.000) 2024-06-07 17:14:59 Image size of job updated: 1679552
	600  -  MemoryUsage of job (MB)
	613860  -  ResidentSetSize of job (KB)
...
006 (13112.095.000) 2024-06-07 17:19:59 Image size of job updated: 1686552
	611  -  MemoryUsage of job (MB)
	624724  -  ResidentSetSize of job (KB)
...
006 (13112.095.000) 2024-06-07 17:25:00 Image size of job updated: 1695132
	623  -  MemoryUsage of job (MB)
	637168  -  ResidentSetSize of job (KB)
...
006 (13112.095.000) 2024-06-07 17:30:01 Image size of job updated: 1698564
	629  -  MemoryUsage of job (MB)
	643776  -  ResidentSetSize of job (KB)
...
006 (13112.095.000) 2024-06-07 17:35:01 Image size of job updated: 1704240
	639  -  MemoryUsage of job (MB)
	653868  -  ResidentSetSize of job (KB)
...
006 (13112.095.000) 2024-06-07 17:40:01 Image size of job updated: 1710312
	648  -  MemoryUsage of job (MB)
	662772  -  ResidentSetSize of job (KB)
...
006 (13112.095.000) 2024-06-07 17:45:02 Image size of job updated: 1711500
	652  -  MemoryUsage of job (MB)
	667168  -  ResidentSetSize of job (KB)
...
006 (13112.095.000) 2024-06-07 17:50:02 Image size of job updated: 1717308
	664  -  MemoryUsage of job (MB)
	679024  -  ResidentSetSize of job (KB)
...
006 (13112.095.000) 2024-06-07 17:55:02 Image size of job updated: 1722588
	671  -  MemoryUsage of job (MB)
	686680  -  ResidentSetSize of job (KB)
...
006 (13112.095.000) 2024-06-07 18:00:03 Image size of job updated: 1728804
	681  -  MemoryUsage of job (MB)
	697112  -  ResidentSetSize of job (KB)
...
006 (13112.095.000) 2024-06-07 18:05:04 Image size of job updated: 1737912
	694  -  MemoryUsage of job (MB)
	710108  -  ResidentSetSize of job (KB)
...
006 (13112.095.000) 2024-06-07 18:10:04 Image size of job updated: 1741344
	701  -  MemoryUsage of job (MB)
	717292  -  ResidentSetSize of job (KB)
...
006 (13112.095.000) 2024-06-07 18:15:05 Image size of job updated: 1745832
	709  -  MemoryUsage of job (MB)
	725908  -  ResidentSetSize of job (KB)
...
006 (13112.095.000) 2024-06-07 18:20:06 Image size of job updated: 1816888
	720  -  MemoryUsage of job (MB)
	736372  -  ResidentSetSize of job (KB)
...
006 (13112.095.000) 2024-06-07 18:25:06 Image size of job updated: 1821772
	726  -  MemoryUsage of job (MB)
	743360  -  ResidentSetSize of job (KB)
...
006 (13112.095.000) 2024-06-07 18:30:06 Image size of job updated: 1826128
	753  -  MemoryUsage of job (MB)
	770844  -  ResidentSetSize of job (KB)
...
006 (13112.095.000) 2024-06-07 18:35:07 Image size of job updated: 1830748
	753  -  MemoryUsage of job (MB)
	770844  -  ResidentSetSize of job (KB)
...
006 (13112.095.000) 2024-06-07 18:40:08 Image size of job updated: 1838556
	753  -  MemoryUsage of job (MB)
	771004  -  ResidentSetSize of job (KB)
...
006 (13112.095.000) 2024-06-07 18:45:08 Image size of job updated: 1841064
	753  -  MemoryUsage of job (MB)
	771004  -  ResidentSetSize of job (KB)
...
005 (13112.095.000) 2024-06-09 00:28:06 Job terminated.
	(1) Normal termination (return value 0)
		Usr 1 07:27:37, Sys 0 00:04:25  -  Run Remote Usage
		Usr 0 00:00:00, Sys 0 00:00:00  -  Run Local Usage
		Usr 1 07:27:37, Sys 0 00:04:25  -  Total Remote Usage
		Usr 0 00:00:00, Sys 0 00:00:00  -  Total Local Usage
	0  -  Run Bytes Sent By Job
	0  -  Run Bytes Received By Job
	0  -  Total Bytes Sent By Job
	0  -  Total Bytes Received By Job
	Partitionable Resources :    Usage  Request Allocated 
	   Cpus                 :     1.00        1         1 
	   Disk (KB)            :    15          15      2412 
	   Memory (MB)          :   753       20480     20480 

	Job terminated of its own accord at 2024-06-08T22:28:06Z with exit-code 0.
...
