000 (13118.007.000) 2024-06-07 17:03:59 Job submitted from host: <10.18.24.233:9618?addrs=10.18.24.233-9618&alias=bioclusts03.bioclust.biologie.ens.fr&noUDP&sock=schedd_942_b64d>
...
001 (13118.007.000) 2024-06-07 17:10:10 Job executing on host: <10.18.24.6:9618?addrs=10.18.24.6-9618&alias=bioclust06.bioclust.biologie.ens.fr&noUDP&sock=startd_1466551_94fd>
...
006 (13118.007.000) 2024-06-07 17:10:18 Image size of job updated: 640876
	225  -  MemoryUsage of job (MB)
	230232  -  ResidentSetSize of job (KB)
...
006 (13118.007.000) 2024-06-07 17:15:18 Image size of job updated: 1574272
	608  -  MemoryUsage of job (MB)
	621636  -  ResidentSetSize of job (KB)
...
006 (13118.007.000) 2024-06-07 17:20:18 Image size of job updated: 1577244
	614  -  MemoryUsage of job (MB)
	628244  -  ResidentSetSize of job (KB)
...
006 (13118.007.000) 2024-06-07 17:25:19 Image size of job updated: 1643984
	615  -  MemoryUsage of job (MB)
	629756  -  ResidentSetSize of job (KB)
...
006 (13118.007.000) 2024-06-07 17:30:20 Image size of job updated: 1645436
	617  -  MemoryUsage of job (MB)
	631396  -  ResidentSetSize of job (KB)
...
006 (13118.007.000) 2024-06-07 17:35:20 Image size of job updated: 1646916
	619  -  MemoryUsage of job (MB)
	633360  -  ResidentSetSize of job (KB)
...
006 (13118.007.000) 2024-06-07 17:40:21 Image size of job updated: 1649516
	621  -  MemoryUsage of job (MB)
	635804  -  ResidentSetSize of job (KB)
...
006 (13118.007.000) 2024-06-07 17:45:22 Image size of job updated: 1651368
	623  -  MemoryUsage of job (MB)
	637736  -  ResidentSetSize of job (KB)
...
006 (13118.007.000) 2024-06-07 17:50:22 Image size of job updated: 1654272
	626  -  MemoryUsage of job (MB)
	640760  -  ResidentSetSize of job (KB)
...
006 (13118.007.000) 2024-06-07 17:55:22 Image size of job updated: 1655856
	628  -  MemoryUsage of job (MB)
	642300  -  ResidentSetSize of job (KB)
...
006 (13118.007.000) 2024-06-07 18:00:23 Image size of job updated: 1658316
	630  -  MemoryUsage of job (MB)
	644832  -  ResidentSetSize of job (KB)
...
006 (13118.007.000) 2024-06-07 18:05:24 Image size of job updated: 1660500
	633  -  MemoryUsage of job (MB)
	647348  -  ResidentSetSize of job (KB)
...
006 (13118.007.000) 2024-06-07 18:10:24 Image size of job updated: 1662480
	635  -  MemoryUsage of job (MB)
	649292  -  ResidentSetSize of job (KB)
...
006 (13118.007.000) 2024-06-07 18:11:59 Image size of job updated: 1663468
	635  -  MemoryUsage of job (MB)
	649556  -  ResidentSetSize of job (KB)
...
005 (13118.007.000) 2024-06-07 18:11:59 Job terminated.
	(1) Normal termination (return value 0)
		Usr 0 01:01:36, Sys 0 00:00:06  -  Run Remote Usage
		Usr 0 00:00:00, Sys 0 00:00:00  -  Run Local Usage
		Usr 0 01:01:36, Sys 0 00:00:06  -  Total Remote Usage
		Usr 0 00:00:00, Sys 0 00:00:00  -  Total Local Usage
	0  -  Run Bytes Sent By Job
	0  -  Run Bytes Received By Job
	0  -  Total Bytes Sent By Job
	0  -  Total Bytes Received By Job
	Partitionable Resources :    Usage  Request Allocated 
	   Cpus                 :     1.00        1         1 
	   Disk (KB)            :    15          15      4094 
	   Memory (MB)          :   635       20480     20480 

	Job terminated of its own accord at 2024-06-07T16:11:59Z with exit-code 0.
...
