000 (13118.249.000) 2024-06-07 17:04:05 Job submitted from host: <10.18.24.233:9618?addrs=10.18.24.233-9618&alias=bioclusts03.bioclust.biologie.ens.fr&noUDP&sock=schedd_942_b64d>
...
001 (13118.249.000) 2024-06-08 03:44:01 Job executing on host: <10.18.24.3:9618?addrs=10.18.24.3-9618&alias=bioclust03.bioclust.biologie.ens.fr&noUDP&sock=startd_1137_7745>
...
006 (13118.249.000) 2024-06-08 03:44:10 Image size of job updated: 892904
	169  -  MemoryUsage of job (MB)
	172492  -  ResidentSetSize of job (KB)
...
006 (13118.249.000) 2024-06-08 03:49:11 Image size of job updated: 1620948
	562  -  MemoryUsage of job (MB)
	575104  -  ResidentSetSize of job (KB)
...
006 (13118.249.000) 2024-06-08 03:54:11 Image size of job updated: 1632696
	588  -  MemoryUsage of job (MB)
	601148  -  ResidentSetSize of job (KB)
...
006 (13118.249.000) 2024-06-08 03:59:11 Image size of job updated: 1643132
	599  -  MemoryUsage of job (MB)
	613008  -  ResidentSetSize of job (KB)
...
006 (13118.249.000) 2024-06-08 04:04:12 Image size of job updated: 1653956
	615  -  MemoryUsage of job (MB)
	628872  -  ResidentSetSize of job (KB)
...
006 (13118.249.000) 2024-06-08 04:09:13 Image size of job updated: 1663592
	628  -  MemoryUsage of job (MB)
	642964  -  ResidentSetSize of job (KB)
...
006 (13118.249.000) 2024-06-08 04:14:13 Image size of job updated: 1739840
	643  -  MemoryUsage of job (MB)
	657620  -  ResidentSetSize of job (KB)
...
006 (13118.249.000) 2024-06-08 04:19:14 Image size of job updated: 1749348
	655  -  MemoryUsage of job (MB)
	670336  -  ResidentSetSize of job (KB)
...
006 (13118.249.000) 2024-06-08 04:24:15 Image size of job updated: 1757272
	667  -  MemoryUsage of job (MB)
	682120  -  ResidentSetSize of job (KB)
...
006 (13118.249.000) 2024-06-08 04:29:15 Image size of job updated: 1767976
	681  -  MemoryUsage of job (MB)
	696788  -  ResidentSetSize of job (KB)
...
006 (13118.249.000) 2024-06-08 04:34:15 Image size of job updated: 1777880
	693  -  MemoryUsage of job (MB)
	709156  -  ResidentSetSize of job (KB)
...
006 (13118.249.000) 2024-06-08 04:39:16 Image size of job updated: 1788536
	707  -  MemoryUsage of job (MB)
	723488  -  ResidentSetSize of job (KB)
...
006 (13118.249.000) 2024-06-08 04:44:16 Image size of job updated: 1797520
	722  -  MemoryUsage of job (MB)
	738528  -  ResidentSetSize of job (KB)
...
006 (13118.249.000) 2024-06-08 04:49:16 Image size of job updated: 1806788
	742  -  MemoryUsage of job (MB)
	759276  -  ResidentSetSize of job (KB)
...
006 (13118.249.000) 2024-06-08 04:54:17 Image size of job updated: 1812860
	742  -  MemoryUsage of job (MB)
	759408  -  ResidentSetSize of job (KB)
...
006 (13118.249.000) 2024-06-08 04:59:18 Image size of job updated: 1813256
	742  -  MemoryUsage of job (MB)
	759408  -  ResidentSetSize of job (KB)
...
006 (13118.249.000) 2024-06-08 05:34:22 Image size of job updated: 1815764
	742  -  MemoryUsage of job (MB)
	759408  -  ResidentSetSize of job (KB)
...
005 (13118.249.000) 2024-06-08 22:06:22 Job terminated.
	(1) Normal termination (return value 0)
		Usr 0 18:16:59, Sys 0 00:04:02  -  Run Remote Usage
		Usr 0 00:00:00, Sys 0 00:00:00  -  Run Local Usage
		Usr 0 18:16:59, Sys 0 00:04:02  -  Total Remote Usage
		Usr 0 00:00:00, Sys 0 00:00:00  -  Total Local Usage
	0  -  Run Bytes Sent By Job
	0  -  Run Bytes Received By Job
	0  -  Total Bytes Sent By Job
	0  -  Total Bytes Received By Job
	Partitionable Resources :    Usage  Request Allocated 
	   Cpus                 :     1.00        1         1 
	   Disk (KB)            :    15          15      2148 
	   Memory (MB)          :   742       20480     20480 

	Job terminated of its own accord at 2024-06-08T20:06:22Z with exit-code 0.
...
