000 (13118.387.000) 2024-06-07 17:04:08 Job submitted from host: <10.18.24.233:9618?addrs=10.18.24.233-9618&alias=bioclusts03.bioclust.biologie.ens.fr&noUDP&sock=schedd_942_b64d>
...
001 (13118.387.000) 2024-06-08 09:45:05 Job executing on host: <10.18.24.45:9618?addrs=10.18.24.45-9618&alias=bioclust45.bioclust.biologie.ens.fr&noUDP&sock=startd_826558_9dc7>
...
006 (13118.387.000) 2024-06-08 09:45:14 Image size of job updated: 804680
	169  -  MemoryUsage of job (MB)
	172380  -  ResidentSetSize of job (KB)
...
006 (13118.387.000) 2024-06-08 09:50:15 Image size of job updated: 1610568
	577  -  MemoryUsage of job (MB)
	590244  -  ResidentSetSize of job (KB)
...
006 (13118.387.000) 2024-06-08 09:55:16 Image size of job updated: 1619680
	596  -  MemoryUsage of job (MB)
	609700  -  ResidentSetSize of job (KB)
...
006 (13118.387.000) 2024-06-08 10:00:16 Image size of job updated: 1627340
	610  -  MemoryUsage of job (MB)
	623772  -  ResidentSetSize of job (KB)
...
006 (13118.387.000) 2024-06-08 10:05:17 Image size of job updated: 1636056
	624  -  MemoryUsage of job (MB)
	638668  -  ResidentSetSize of job (KB)
...
006 (13118.387.000) 2024-06-08 10:10:18 Image size of job updated: 1642656
	637  -  MemoryUsage of job (MB)
	651496  -  ResidentSetSize of job (KB)
...
006 (13118.387.000) 2024-06-08 10:15:18 Image size of job updated: 1651640
	653  -  MemoryUsage of job (MB)
	668288  -  ResidentSetSize of job (KB)
...
006 (13118.387.000) 2024-06-08 10:20:18 Image size of job updated: 1658372
	664  -  MemoryUsage of job (MB)
	679328  -  ResidentSetSize of job (KB)
...
006 (13118.387.000) 2024-06-08 10:25:19 Image size of job updated: 1666160
	675  -  MemoryUsage of job (MB)
	690640  -  ResidentSetSize of job (KB)
...
006 (13118.387.000) 2024-06-08 10:30:19 Image size of job updated: 1672892
	686  -  MemoryUsage of job (MB)
	701736  -  ResidentSetSize of job (KB)
...
006 (13118.387.000) 2024-06-08 10:35:19 Image size of job updated: 1745052
	712  -  MemoryUsage of job (MB)
	728384  -  ResidentSetSize of job (KB)
...
006 (13118.387.000) 2024-06-08 10:40:20 Image size of job updated: 1751656
	715  -  MemoryUsage of job (MB)
	731428  -  ResidentSetSize of job (KB)
...
006 (13118.387.000) 2024-06-08 10:45:21 Image size of job updated: 1758524
	732  -  MemoryUsage of job (MB)
	749200  -  ResidentSetSize of job (KB)
...
006 (13118.387.000) 2024-06-08 10:50:21 Image size of job updated: 1763540
	732  -  MemoryUsage of job (MB)
	749332  -  ResidentSetSize of job (KB)
...
006 (13118.387.000) 2024-06-08 10:55:22 Image size of job updated: 1769480
	734  -  MemoryUsage of job (MB)
	751156  -  ResidentSetSize of job (KB)
...
006 (13118.387.000) 2024-06-08 11:00:23 Image size of job updated: 1775816
	734  -  MemoryUsage of job (MB)
	751156  -  ResidentSetSize of job (KB)
...
006 (13118.387.000) 2024-06-08 11:05:23 Image size of job updated: 1780592
	734  -  MemoryUsage of job (MB)
	751156  -  ResidentSetSize of job (KB)
...
006 (13118.387.000) 2024-06-08 11:25:24 Image size of job updated: 1783156
	734  -  MemoryUsage of job (MB)
	751156  -  ResidentSetSize of job (KB)
...
006 (13118.387.000) 2024-06-08 11:45:27 Image size of job updated: 1785720
	734  -  MemoryUsage of job (MB)
	751156  -  ResidentSetSize of job (KB)
...
005 (13118.387.000) 2024-06-10 00:16:17 Job terminated.
	(1) Normal termination (return value 0)
		Usr 1 14:09:14, Sys 0 00:12:48  -  Run Remote Usage
		Usr 0 00:00:00, Sys 0 00:00:00  -  Run Local Usage
		Usr 1 14:09:14, Sys 0 00:12:48  -  Total Remote Usage
		Usr 0 00:00:00, Sys 0 00:00:00  -  Total Local Usage
	0  -  Run Bytes Sent By Job
	0  -  Run Bytes Received By Job
	0  -  Total Bytes Sent By Job
	0  -  Total Bytes Received By Job
	Partitionable Resources :    Usage  Request Allocated 
	   Cpus                 :     1.00        1         1 
	   Disk (KB)            :    15          15      2237 
	   Memory (MB)          :   734       20480     20480 

	Job terminated of its own accord at 2024-06-09T22:16:17Z with exit-code 0.
...
