000 (13118.186.000) 2024-06-07 17:04:03 Job submitted from host: <10.18.24.233:9618?addrs=10.18.24.233-9618&alias=bioclusts03.bioclust.biologie.ens.fr&noUDP&sock=schedd_942_b64d>
...
001 (13118.186.000) 2024-06-08 00:47:57 Job executing on host: <10.18.24.45:9618?addrs=10.18.24.45-9618&alias=bioclust45.bioclust.biologie.ens.fr&noUDP&sock=startd_826558_9dc7>
...
006 (13118.186.000) 2024-06-08 00:48:06 Image size of job updated: 280508
	227  -  MemoryUsage of job (MB)
	232204  -  ResidentSetSize of job (KB)
...
006 (13118.186.000) 2024-06-08 00:53:06 Image size of job updated: 1579132
	566  -  MemoryUsage of job (MB)
	578920  -  ResidentSetSize of job (KB)
...
006 (13118.186.000) 2024-06-08 00:58:06 Image size of job updated: 1580304
	568  -  MemoryUsage of job (MB)
	581272  -  ResidentSetSize of job (KB)
...
006 (13118.186.000) 2024-06-08 01:03:08 Image size of job updated: 1581500
	569  -  MemoryUsage of job (MB)
	582428  -  ResidentSetSize of job (KB)
...
006 (13118.186.000) 2024-06-08 01:08:08 Image size of job updated: 1582160
	570  -  MemoryUsage of job (MB)
	583340  -  ResidentSetSize of job (KB)
...
006 (13118.186.000) 2024-06-08 01:13:08 Image size of job updated: 1582952
	571  -  MemoryUsage of job (MB)
	584580  -  ResidentSetSize of job (KB)
...
006 (13118.186.000) 2024-06-08 01:18:09 Image size of job updated: 1584540
	572  -  MemoryUsage of job (MB)
	584816  -  ResidentSetSize of job (KB)
...
006 (13118.186.000) 2024-06-08 01:23:10 Image size of job updated: 1585820
	574  -  MemoryUsage of job (MB)
	586968  -  ResidentSetSize of job (KB)
...
006 (13118.186.000) 2024-06-08 01:28:10 Image size of job updated: 1587268
	574  -  MemoryUsage of job (MB)
	587136  -  ResidentSetSize of job (KB)
...
006 (13118.186.000) 2024-06-08 01:33:11 Image size of job updated: 1587516
	584  -  MemoryUsage of job (MB)
	597304  -  ResidentSetSize of job (KB)
...
006 (13118.186.000) 2024-06-08 01:38:12 Image size of job updated: 1588968
	584  -  MemoryUsage of job (MB)
	597304  -  ResidentSetSize of job (KB)
...
006 (13118.186.000) 2024-06-08 01:43:12 Image size of job updated: 1590300
	584  -  MemoryUsage of job (MB)
	597304  -  ResidentSetSize of job (KB)
...
006 (13118.186.000) 2024-06-08 01:48:12 Image size of job updated: 1590960
	584  -  MemoryUsage of job (MB)
	597304  -  ResidentSetSize of job (KB)
...
006 (13118.186.000) 2024-06-08 01:53:13 Image size of job updated: 1592284
	584  -  MemoryUsage of job (MB)
	597304  -  ResidentSetSize of job (KB)
...
006 (13118.186.000) 2024-06-08 01:58:13 Image size of job updated: 1593176
	584  -  MemoryUsage of job (MB)
	597304  -  ResidentSetSize of job (KB)
...
006 (13118.186.000) 2024-06-08 02:03:13 Image size of job updated: 1594256
	584  -  MemoryUsage of job (MB)
	597304  -  ResidentSetSize of job (KB)
...
006 (13118.186.000) 2024-06-08 02:08:14 Image size of job updated: 1595712
	584  -  MemoryUsage of job (MB)
	597304  -  ResidentSetSize of job (KB)
...
006 (13118.186.000) 2024-06-08 02:13:14 Image size of job updated: 1596484
	595  -  MemoryUsage of job (MB)
	608584  -  ResidentSetSize of job (KB)
...
006 (13118.186.000) 2024-06-08 02:18:14 Image size of job updated: 1598844
	595  -  MemoryUsage of job (MB)
	608584  -  ResidentSetSize of job (KB)
...
006 (13118.186.000) 2024-06-08 02:23:15 Image size of job updated: 1599384
	595  -  MemoryUsage of job (MB)
	608584  -  ResidentSetSize of job (KB)
...
006 (13118.186.000) 2024-06-08 02:24:35 Image size of job updated: 1599656
	595  -  MemoryUsage of job (MB)
	608584  -  ResidentSetSize of job (KB)
...
005 (13118.186.000) 2024-06-08 02:24:35 Job terminated.
	(1) Normal termination (return value 0)
		Usr 0 01:35:34, Sys 0 00:00:11  -  Run Remote Usage
		Usr 0 00:00:00, Sys 0 00:00:00  -  Run Local Usage
		Usr 0 01:35:34, Sys 0 00:00:11  -  Total Remote Usage
		Usr 0 00:00:00, Sys 0 00:00:00  -  Total Local Usage
	0  -  Run Bytes Sent By Job
	0  -  Run Bytes Received By Job
	0  -  Total Bytes Sent By Job
	0  -  Total Bytes Received By Job
	Partitionable Resources :    Usage  Request Allocated 
	   Cpus                 :     0.99        1         1 
	   Disk (KB)            :    15          15      2237 
	   Memory (MB)          :   595       20480     20480 

	Job terminated of its own accord at 2024-06-08T00:24:35Z with exit-code 0.
...
