000 (13118.207.000) 2024-06-07 17:04:04 Job submitted from host: <10.18.24.233:9618?addrs=10.18.24.233-9618&alias=bioclusts03.bioclust.biologie.ens.fr&noUDP&sock=schedd_942_b64d>
...
001 (13118.207.000) 2024-06-08 01:30:59 Job executing on host: <10.18.24.5:9618?addrs=10.18.24.5-9618&alias=bioclust05.bioclust.biologie.ens.fr&noUDP&sock=startd_1161_ed8b>
...
006 (13118.207.000) 2024-06-08 01:31:08 Image size of job updated: 804936
	169  -  MemoryUsage of job (MB)
	172376  -  ResidentSetSize of job (KB)
...
006 (13118.207.000) 2024-06-08 01:36:09 Image size of job updated: 1622940
	616  -  MemoryUsage of job (MB)
	630256  -  ResidentSetSize of job (KB)
...
006 (13118.207.000) 2024-06-08 01:41:09 Image size of job updated: 1623204
	616  -  MemoryUsage of job (MB)
	630600  -  ResidentSetSize of job (KB)
...
006 (13118.207.000) 2024-06-08 01:51:10 Image size of job updated: 1623472
	617  -  MemoryUsage of job (MB)
	630956  -  ResidentSetSize of job (KB)
...
006 (13118.207.000) 2024-06-08 01:56:11 Image size of job updated: 1624536
	618  -  MemoryUsage of job (MB)
	631932  -  ResidentSetSize of job (KB)
...
006 (13118.207.000) 2024-06-08 02:01:11 Image size of job updated: 1625596
	619  -  MemoryUsage of job (MB)
	633100  -  ResidentSetSize of job (KB)
...
006 (13118.207.000) 2024-06-08 02:06:12 Image size of job updated: 1626660
	620  -  MemoryUsage of job (MB)
	634076  -  ResidentSetSize of job (KB)
...
006 (13118.207.000) 2024-06-08 02:11:13 Image size of job updated: 1627452
	621  -  MemoryUsage of job (MB)
	634920  -  ResidentSetSize of job (KB)
...
006 (13118.207.000) 2024-06-08 02:16:13 Image size of job updated: 1628652
	622  -  MemoryUsage of job (MB)
	636304  -  ResidentSetSize of job (KB)
...
006 (13118.207.000) 2024-06-08 02:21:13 Image size of job updated: 1629588
	623  -  MemoryUsage of job (MB)
	637128  -  ResidentSetSize of job (KB)
...
006 (13118.207.000) 2024-06-08 02:26:14 Image size of job updated: 1630680
	624  -  MemoryUsage of job (MB)
	638204  -  ResidentSetSize of job (KB)
...
006 (13118.207.000) 2024-06-08 02:31:14 Image size of job updated: 1631748
	625  -  MemoryUsage of job (MB)
	639332  -  ResidentSetSize of job (KB)
...
006 (13118.207.000) 2024-06-08 02:36:14 Image size of job updated: 1632540
	626  -  MemoryUsage of job (MB)
	640156  -  ResidentSetSize of job (KB)
...
006 (13118.207.000) 2024-06-08 02:41:16 Image size of job updated: 1633740
	627  -  MemoryUsage of job (MB)
	641216  -  ResidentSetSize of job (KB)
...
006 (13118.207.000) 2024-06-08 02:46:16 Image size of job updated: 1634804
	628  -  MemoryUsage of job (MB)
	642352  -  ResidentSetSize of job (KB)
...
006 (13118.207.000) 2024-06-08 02:51:16 Image size of job updated: 1635880
	629  -  MemoryUsage of job (MB)
	643504  -  ResidentSetSize of job (KB)
...
006 (13118.207.000) 2024-06-08 02:52:37 Image size of job updated: 1636280
	629  -  MemoryUsage of job (MB)
	643504  -  ResidentSetSize of job (KB)
...
005 (13118.207.000) 2024-06-08 02:52:37 Job terminated.
	(1) Normal termination (return value 0)
		Usr 0 01:21:26, Sys 0 00:00:03  -  Run Remote Usage
		Usr 0 00:00:00, Sys 0 00:00:00  -  Run Local Usage
		Usr 0 01:21:26, Sys 0 00:00:03  -  Total Remote Usage
		Usr 0 00:00:00, Sys 0 00:00:00  -  Total Local Usage
	0  -  Run Bytes Sent By Job
	0  -  Run Bytes Received By Job
	0  -  Total Bytes Sent By Job
	0  -  Total Bytes Received By Job
	Partitionable Resources :    Usage  Request Allocated 
	   Cpus                 :     1.00        1         1 
	   Disk (KB)            :    15          15      2245 
	   Memory (MB)          :   629       20480     20480 

	Job terminated of its own accord at 2024-06-08T00:52:37Z with exit-code 0.
...
