000 (13763.016.000) 2024-09-23 16:11:27 Job submitted from host: <10.18.24.233:9618?addrs=10.18.24.233-9618&alias=bioclusts03.bioclust.biologie.ens.fr&noUDP&sock=schedd_942_b64d>
...
001 (13763.016.000) 2024-09-23 16:11:30 Job executing on host: <10.18.24.13:9618?addrs=10.18.24.13-9618&alias=bioclust13.bioclust.biologie.ens.fr&noUDP&sock=startd_1199_fe24>
...
006 (13763.016.000) 2024-09-23 16:11:39 Image size of job updated: 233632
	143  -  MemoryUsage of job (MB)
	145852  -  ResidentSetSize of job (KB)
...
006 (13763.016.000) 2024-09-23 16:16:40 Image size of job updated: 1628212
	570  -  MemoryUsage of job (MB)
	583272  -  ResidentSetSize of job (KB)
...
006 (13763.016.000) 2024-09-23 16:21:41 Image size of job updated: 1630036
	572  -  MemoryUsage of job (MB)
	585668  -  ResidentSetSize of job (KB)
...
006 (13763.016.000) 2024-09-23 16:26:41 Image size of job updated: 1631232
	574  -  MemoryUsage of job (MB)
	587044  -  ResidentSetSize of job (KB)
...
006 (13763.016.000) 2024-09-23 16:31:41 Image size of job updated: 1633216
	576  -  MemoryUsage of job (MB)
	588848  -  ResidentSetSize of job (KB)
...
006 (13763.016.000) 2024-09-23 16:36:42 Image size of job updated: 1634800
	577  -  MemoryUsage of job (MB)
	590496  -  ResidentSetSize of job (KB)
...
006 (13763.016.000) 2024-09-23 16:41:42 Image size of job updated: 1636652
	579  -  MemoryUsage of job (MB)
	592392  -  ResidentSetSize of job (KB)
...
006 (13763.016.000) 2024-09-23 16:46:42 Image size of job updated: 1638372
	581  -  MemoryUsage of job (MB)
	594280  -  ResidentSetSize of job (KB)
...
006 (13763.016.000) 2024-09-23 16:51:43 Image size of job updated: 1640484
	583  -  MemoryUsage of job (MB)
	596232  -  ResidentSetSize of job (KB)
...
006 (13763.016.000) 2024-09-23 16:56:44 Image size of job updated: 1642072
	584  -  MemoryUsage of job (MB)
	597916  -  ResidentSetSize of job (KB)
...
006 (13763.016.000) 2024-09-23 17:01:44 Image size of job updated: 1643664
	586  -  MemoryUsage of job (MB)
	599880  -  ResidentSetSize of job (KB)
...
006 (13763.016.000) 2024-09-23 17:06:45 Image size of job updated: 1645144
	587  -  MemoryUsage of job (MB)
	601044  -  ResidentSetSize of job (KB)
...
006 (13763.016.000) 2024-09-23 17:11:46 Image size of job updated: 1647388
	590  -  MemoryUsage of job (MB)
	603240  -  ResidentSetSize of job (KB)
...
006 (13763.016.000) 2024-09-23 17:14:29 Image size of job updated: 1647920
	590  -  MemoryUsage of job (MB)
	603240  -  ResidentSetSize of job (KB)
...
005 (13763.016.000) 2024-09-23 17:14:29 Job terminated.
	(1) Normal termination (return value 0)
		Usr 0 01:02:39, Sys 0 00:00:10  -  Run Remote Usage
		Usr 0 00:00:00, Sys 0 00:00:00  -  Run Local Usage
		Usr 0 01:02:39, Sys 0 00:00:10  -  Total Remote Usage
		Usr 0 00:00:00, Sys 0 00:00:00  -  Total Local Usage
	0  -  Run Bytes Sent By Job
	0  -  Run Bytes Received By Job
	0  -  Total Bytes Sent By Job
	0  -  Total Bytes Received By Job
	Partitionable Resources :    Usage  Request Allocated 
	   Cpus                 :     1.00        1         1 
	   Disk (KB)            :    15          15      2408 
	   Memory (MB)          :   590        2048      2048 

	Job terminated of its own accord at 2024-09-23T15:14:29Z with exit-code 0.
...
