000 (13118.254.000) 2024-06-07 17:04:05 Job submitted from host: <10.18.24.233:9618?addrs=10.18.24.233-9618&alias=bioclusts03.bioclust.biologie.ens.fr&noUDP&sock=schedd_942_b64d>
...
001 (13118.254.000) 2024-06-08 03:55:01 Job executing on host: <10.18.24.5:9618?addrs=10.18.24.5-9618&alias=bioclust05.bioclust.biologie.ens.fr&noUDP&sock=startd_1161_ed8b>
...
006 (13118.254.000) 2024-06-08 03:55:11 Image size of job updated: 225632
	170  -  MemoryUsage of job (MB)
	173628  -  ResidentSetSize of job (KB)
...
006 (13118.254.000) 2024-06-08 04:00:11 Image size of job updated: 1631424
	566  -  MemoryUsage of job (MB)
	578828  -  ResidentSetSize of job (KB)
...
006 (13118.254.000) 2024-06-08 04:05:11 Image size of job updated: 1634072
	570  -  MemoryUsage of job (MB)
	583384  -  ResidentSetSize of job (KB)
...
006 (13118.254.000) 2024-06-08 04:10:12 Image size of job updated: 1638696
	576  -  MemoryUsage of job (MB)
	589364  -  ResidentSetSize of job (KB)
...
006 (13118.254.000) 2024-06-08 04:15:13 Image size of job updated: 1643148
	581  -  MemoryUsage of job (MB)
	594696  -  ResidentSetSize of job (KB)
...
006 (13118.254.000) 2024-06-08 04:20:13 Image size of job updated: 1648568
	587  -  MemoryUsage of job (MB)
	600904  -  ResidentSetSize of job (KB)
...
006 (13118.254.000) 2024-06-08 04:25:13 Image size of job updated: 1652832
	593  -  MemoryUsage of job (MB)
	606664  -  ResidentSetSize of job (KB)
...
006 (13118.254.000) 2024-06-08 04:30:14 Image size of job updated: 1658120
	599  -  MemoryUsage of job (MB)
	612712  -  ResidentSetSize of job (KB)
...
006 (13118.254.000) 2024-06-08 04:35:14 Image size of job updated: 1662888
	606  -  MemoryUsage of job (MB)
	620024  -  ResidentSetSize of job (KB)
...
006 (13118.254.000) 2024-06-08 04:40:14 Image size of job updated: 1666860
	609  -  MemoryUsage of job (MB)
	623032  -  ResidentSetSize of job (KB)
...
006 (13118.254.000) 2024-06-08 04:43:41 Image size of job updated: 1669244
	609  -  MemoryUsage of job (MB)
	623032  -  ResidentSetSize of job (KB)
...
005 (13118.254.000) 2024-06-08 04:43:42 Job terminated.
	(1) Normal termination (return value 0)
		Usr 0 00:48:28, Sys 0 00:00:05  -  Run Remote Usage
		Usr 0 00:00:00, Sys 0 00:00:00  -  Run Local Usage
		Usr 0 00:48:28, Sys 0 00:00:05  -  Total Remote Usage
		Usr 0 00:00:00, Sys 0 00:00:00  -  Total Local Usage
	0  -  Run Bytes Sent By Job
	0  -  Run Bytes Received By Job
	0  -  Total Bytes Sent By Job
	0  -  Total Bytes Received By Job
	Partitionable Resources :    Usage  Request Allocated 
	   Cpus                 :     1.00        1         1 
	   Disk (KB)            :    15          15      2245 
	   Memory (MB)          :   609       20480     20480 

	Job terminated of its own accord at 2024-06-08T02:43:41Z with exit-code 0.
...
