000 (13118.094.000) 2024-06-07 17:04:01 Job submitted from host: <10.18.24.233:9618?addrs=10.18.24.233-9618&alias=bioclusts03.bioclust.biologie.ens.fr&noUDP&sock=schedd_942_b64d>
...
001 (13118.094.000) 2024-06-07 20:30:37 Job executing on host: <10.18.24.41:9618?addrs=10.18.24.41-9618&alias=bioclust41.bioclust.biologie.ens.fr&noUDP&sock=startd_1116_0fc8>
...
006 (13118.094.000) 2024-06-07 20:30:46 Image size of job updated: 223668
	168  -  MemoryUsage of job (MB)
	171892  -  ResidentSetSize of job (KB)
...
006 (13118.094.000) 2024-06-07 20:35:47 Image size of job updated: 1623836
	612  -  MemoryUsage of job (MB)
	625956  -  ResidentSetSize of job (KB)
...
006 (13118.094.000) 2024-06-07 20:40:48 Image size of job updated: 1625556
	622  -  MemoryUsage of job (MB)
	636804  -  ResidentSetSize of job (KB)
...
006 (13118.094.000) 2024-06-07 20:45:48 Image size of job updated: 1627108
	622  -  MemoryUsage of job (MB)
	636804  -  ResidentSetSize of job (KB)
...
006 (13118.094.000) 2024-06-07 20:50:48 Image size of job updated: 1629360
	622  -  MemoryUsage of job (MB)
	636804  -  ResidentSetSize of job (KB)
...
006 (13118.094.000) 2024-06-07 20:55:49 Image size of job updated: 1630952
	622  -  MemoryUsage of job (MB)
	636804  -  ResidentSetSize of job (KB)
...
006 (13118.094.000) 2024-06-07 21:00:50 Image size of job updated: 1633204
	622  -  MemoryUsage of job (MB)
	636804  -  ResidentSetSize of job (KB)
...
006 (13118.094.000) 2024-06-07 21:05:50 Image size of job updated: 1634796
	622  -  MemoryUsage of job (MB)
	636804  -  ResidentSetSize of job (KB)
...
006 (13118.094.000) 2024-06-07 21:10:51 Image size of job updated: 1636124
	641  -  MemoryUsage of job (MB)
	655696  -  ResidentSetSize of job (KB)
...
006 (13118.094.000) 2024-06-07 21:15:52 Image size of job updated: 1638240
	641  -  MemoryUsage of job (MB)
	655696  -  ResidentSetSize of job (KB)
...
006 (13118.094.000) 2024-06-07 21:20:52 Image size of job updated: 1640092
	641  -  MemoryUsage of job (MB)
	655696  -  ResidentSetSize of job (KB)
...
006 (13118.094.000) 2024-06-07 21:25:52 Image size of job updated: 1642472
	641  -  MemoryUsage of job (MB)
	655696  -  ResidentSetSize of job (KB)
...
006 (13118.094.000) 2024-06-07 21:30:53 Image size of job updated: 1643668
	641  -  MemoryUsage of job (MB)
	655696  -  ResidentSetSize of job (KB)
...
006 (13118.094.000) 2024-06-07 21:31:39 Image size of job updated: 1644332
	641  -  MemoryUsage of job (MB)
	655696  -  ResidentSetSize of job (KB)
...
005 (13118.094.000) 2024-06-07 21:31:39 Job terminated.
	(1) Normal termination (return value 0)
		Usr 0 01:00:21, Sys 0 00:00:29  -  Run Remote Usage
		Usr 0 00:00:00, Sys 0 00:00:00  -  Run Local Usage
		Usr 0 01:00:21, Sys 0 00:00:29  -  Total Remote Usage
		Usr 0 00:00:00, Sys 0 00:00:00  -  Total Local Usage
	0  -  Run Bytes Sent By Job
	0  -  Run Bytes Received By Job
	0  -  Total Bytes Sent By Job
	0  -  Total Bytes Received By Job
	Partitionable Resources :    Usage  Request Allocated 
	   Cpus                 :     1.00        1         1 
	   Disk (KB)            :    15          15      1615 
	   Memory (MB)          :   641       20480     20480 

	Job terminated of its own accord at 2024-06-07T19:31:39Z with exit-code 0.
...
