000 (13118.081.000) 2024-06-07 17:04:00 Job submitted from host: <10.18.24.233:9618?addrs=10.18.24.233-9618&alias=bioclusts03.bioclust.biologie.ens.fr&noUDP&sock=schedd_942_b64d>
...
001 (13118.081.000) 2024-06-07 19:56:36 Job executing on host: <10.18.24.13:9618?addrs=10.18.24.13-9618&alias=bioclust13.bioclust.biologie.ens.fr&noUDP&sock=startd_1231_f12c>
...
006 (13118.081.000) 2024-06-07 19:56:45 Image size of job updated: 304992
	214  -  MemoryUsage of job (MB)
	218384  -  ResidentSetSize of job (KB)
...
006 (13118.081.000) 2024-06-07 20:01:46 Image size of job updated: 1610424
	535  -  MemoryUsage of job (MB)
	546844  -  ResidentSetSize of job (KB)
...
006 (13118.081.000) 2024-06-07 20:06:47 Image size of job updated: 1611220
	535  -  MemoryUsage of job (MB)
	547504  -  ResidentSetSize of job (KB)
...
006 (13118.081.000) 2024-06-07 20:11:47 Image size of job updated: 1612276
	536  -  MemoryUsage of job (MB)
	548560  -  ResidentSetSize of job (KB)
...
006 (13118.081.000) 2024-06-07 20:16:48 Image size of job updated: 1612940
	537  -  MemoryUsage of job (MB)
	549220  -  ResidentSetSize of job (KB)
...
006 (13118.081.000) 2024-06-07 20:21:49 Image size of job updated: 1614132
	538  -  MemoryUsage of job (MB)
	550408  -  ResidentSetSize of job (KB)
...
006 (13118.081.000) 2024-06-07 20:26:49 Image size of job updated: 1615060
	539  -  MemoryUsage of job (MB)
	551332  -  ResidentSetSize of job (KB)
...
006 (13118.081.000) 2024-06-07 20:31:49 Image size of job updated: 1616056
	540  -  MemoryUsage of job (MB)
	552364  -  ResidentSetSize of job (KB)
...
006 (13118.081.000) 2024-06-07 20:36:50 Image size of job updated: 1617528
	541  -  MemoryUsage of job (MB)
	553760  -  ResidentSetSize of job (KB)
...
006 (13118.081.000) 2024-06-07 20:41:50 Image size of job updated: 1618064
	542  -  MemoryUsage of job (MB)
	554420  -  ResidentSetSize of job (KB)
...
006 (13118.081.000) 2024-06-07 20:46:50 Image size of job updated: 1618992
	543  -  MemoryUsage of job (MB)
	555344  -  ResidentSetSize of job (KB)
...
006 (13118.081.000) 2024-06-07 20:51:52 Image size of job updated: 1619784
	544  -  MemoryUsage of job (MB)
	556136  -  ResidentSetSize of job (KB)
...
006 (13118.081.000) 2024-06-07 20:56:52 Image size of job updated: 1620708
	545  -  MemoryUsage of job (MB)
	557192  -  ResidentSetSize of job (KB)
...
006 (13118.081.000) 2024-06-07 21:01:52 Image size of job updated: 1621772
	546  -  MemoryUsage of job (MB)
	558116  -  ResidentSetSize of job (KB)
...
006 (13118.081.000) 2024-06-07 21:06:53 Image size of job updated: 1623000
	547  -  MemoryUsage of job (MB)
	559388  -  ResidentSetSize of job (KB)
...
006 (13118.081.000) 2024-06-07 21:11:54 Image size of job updated: 1623528
	547  -  MemoryUsage of job (MB)
	559784  -  ResidentSetSize of job (KB)
...
006 (13118.081.000) 2024-06-07 21:16:54 Image size of job updated: 1625004
	548  -  MemoryUsage of job (MB)
	560584  -  ResidentSetSize of job (KB)
...
005 (13118.081.000) 2024-06-07 21:16:55 Job terminated.
	(1) Normal termination (return value 0)
		Usr 0 01:20:02, Sys 0 00:00:03  -  Run Remote Usage
		Usr 0 00:00:00, Sys 0 00:00:00  -  Run Local Usage
		Usr 0 01:20:02, Sys 0 00:00:03  -  Total Remote Usage
		Usr 0 00:00:00, Sys 0 00:00:00  -  Total Local Usage
	0  -  Run Bytes Sent By Job
	0  -  Run Bytes Received By Job
	0  -  Total Bytes Sent By Job
	0  -  Total Bytes Received By Job
	Partitionable Resources :    Usage  Request Allocated 
	   Cpus                 :     1.00        1         1 
	   Disk (KB)            :    15          15      2412 
	   Memory (MB)          :   548       20480     20480 

	Job terminated of its own accord at 2024-06-07T19:16:55Z with exit-code 0.
...
