000 (13118.381.000) 2024-06-07 17:04:08 Job submitted from host: <10.18.24.233:9618?addrs=10.18.24.233-9618&alias=bioclusts03.bioclust.biologie.ens.fr&noUDP&sock=schedd_942_b64d>
...
001 (13118.381.000) 2024-06-08 09:26:05 Job executing on host: <10.18.24.5:9618?addrs=10.18.24.5-9618&alias=bioclust05.bioclust.biologie.ens.fr&noUDP&sock=startd_1161_ed8b>
...
006 (13118.381.000) 2024-06-08 09:26:13 Image size of job updated: 225632
	221  -  MemoryUsage of job (MB)
	225632  -  ResidentSetSize of job (KB)
...
006 (13118.381.000) 2024-06-08 09:31:13 Image size of job updated: 1596812
	614  -  MemoryUsage of job (MB)
	627984  -  ResidentSetSize of job (KB)
...
006 (13118.381.000) 2024-06-08 09:36:14 Image size of job updated: 1605152
	622  -  MemoryUsage of job (MB)
	636424  -  ResidentSetSize of job (KB)
...
006 (13118.381.000) 2024-06-08 09:41:15 Image size of job updated: 1612308
	630  -  MemoryUsage of job (MB)
	645076  -  ResidentSetSize of job (KB)
...
006 (13118.381.000) 2024-06-08 09:46:15 Image size of job updated: 1620240
	637  -  MemoryUsage of job (MB)
	652244  -  ResidentSetSize of job (KB)
...
006 (13118.381.000) 2024-06-08 09:51:16 Image size of job updated: 1626472
	643  -  MemoryUsage of job (MB)
	658432  -  ResidentSetSize of job (KB)
...
006 (13118.381.000) 2024-06-08 09:56:17 Image size of job updated: 1633880
	651  -  MemoryUsage of job (MB)
	665956  -  ResidentSetSize of job (KB)
...
006 (13118.381.000) 2024-06-08 10:01:17 Image size of job updated: 1640892
	663  -  MemoryUsage of job (MB)
	678588  -  ResidentSetSize of job (KB)
...
006 (13118.381.000) 2024-06-08 10:06:17 Image size of job updated: 1646860
	665  -  MemoryUsage of job (MB)
	680108  -  ResidentSetSize of job (KB)
...
006 (13118.381.000) 2024-06-08 10:11:18 Image size of job updated: 1719836
	671  -  MemoryUsage of job (MB)
	686976  -  ResidentSetSize of job (KB)
...
006 (13118.381.000) 2024-06-08 10:16:18 Image size of job updated: 1725828
	677  -  MemoryUsage of job (MB)
	693052  -  ResidentSetSize of job (KB)
...
006 (13118.381.000) 2024-06-08 10:21:18 Image size of job updated: 1733132
	684  -  MemoryUsage of job (MB)
	700376  -  ResidentSetSize of job (KB)
...
006 (13118.381.000) 2024-06-08 10:26:19 Image size of job updated: 1739236
	691  -  MemoryUsage of job (MB)
	706948  -  ResidentSetSize of job (KB)
...
006 (13118.381.000) 2024-06-08 10:31:20 Image size of job updated: 1745584
	697  -  MemoryUsage of job (MB)
	712864  -  ResidentSetSize of job (KB)
...
006 (13118.381.000) 2024-06-08 10:36:02 Image size of job updated: 1752064
	697  -  MemoryUsage of job (MB)
	712864  -  ResidentSetSize of job (KB)
...
005 (13118.381.000) 2024-06-08 10:36:02 Job terminated.
	(1) Normal termination (return value 0)
		Usr 0 01:09:27, Sys 0 00:00:21  -  Run Remote Usage
		Usr 0 00:00:00, Sys 0 00:00:00  -  Run Local Usage
		Usr 0 01:09:27, Sys 0 00:00:21  -  Total Remote Usage
		Usr 0 00:00:00, Sys 0 00:00:00  -  Total Local Usage
	0  -  Run Bytes Sent By Job
	0  -  Run Bytes Received By Job
	0  -  Total Bytes Sent By Job
	0  -  Total Bytes Received By Job
	Partitionable Resources :    Usage  Request Allocated 
	   Cpus                 :     1.00        1         1 
	   Disk (KB)            :    15          15      2245 
	   Memory (MB)          :   697       20480     20480 

	Job terminated of its own accord at 2024-06-08T08:36:02Z with exit-code 0.
...
