000 (13118.268.000) 2024-06-07 17:04:05 Job submitted from host: <10.18.24.233:9618?addrs=10.18.24.233-9618&alias=bioclusts03.bioclust.biologie.ens.fr&noUDP&sock=schedd_942_b64d>
...
001 (13118.268.000) 2024-06-08 04:44:01 Job executing on host: <10.18.24.5:9618?addrs=10.18.24.5-9618&alias=bioclust05.bioclust.biologie.ens.fr&noUDP&sock=startd_1161_ed8b>
...
006 (13118.268.000) 2024-06-08 04:44:10 Image size of job updated: 871272
	169  -  MemoryUsage of job (MB)
	172524  -  ResidentSetSize of job (KB)
...
006 (13118.268.000) 2024-06-08 04:49:11 Image size of job updated: 1653440
	579  -  MemoryUsage of job (MB)
	592820  -  ResidentSetSize of job (KB)
...
006 (13118.268.000) 2024-06-08 04:54:11 Image size of job updated: 1655684
	582  -  MemoryUsage of job (MB)
	595496  -  ResidentSetSize of job (KB)
...
006 (13118.268.000) 2024-06-08 04:59:11 Image size of job updated: 1657532
	584  -  MemoryUsage of job (MB)
	597696  -  ResidentSetSize of job (KB)
...
006 (13118.268.000) 2024-06-08 05:04:12 Image size of job updated: 1659360
	586  -  MemoryUsage of job (MB)
	600000  -  ResidentSetSize of job (KB)
...
006 (13118.268.000) 2024-06-08 05:09:12 Image size of job updated: 1660704
	589  -  MemoryUsage of job (MB)
	602284  -  ResidentSetSize of job (KB)
...
006 (13118.268.000) 2024-06-08 05:14:12 Image size of job updated: 1662644
	590  -  MemoryUsage of job (MB)
	603848  -  ResidentSetSize of job (KB)
...
006 (13118.268.000) 2024-06-08 05:19:13 Image size of job updated: 1664280
	592  -  MemoryUsage of job (MB)
	605684  -  ResidentSetSize of job (KB)
...
006 (13118.268.000) 2024-06-08 05:24:14 Image size of job updated: 1665600
	593  -  MemoryUsage of job (MB)
	606924  -  ResidentSetSize of job (KB)
...
006 (13118.268.000) 2024-06-08 05:29:14 Image size of job updated: 1667396
	595  -  MemoryUsage of job (MB)
	609120  -  ResidentSetSize of job (KB)
...
006 (13118.268.000) 2024-06-08 05:34:15 Image size of job updated: 1669508
	598  -  MemoryUsage of job (MB)
	611332  -  ResidentSetSize of job (KB)
...
006 (13118.268.000) 2024-06-08 05:39:16 Image size of job updated: 1670688
	598  -  MemoryUsage of job (MB)
	611332  -  ResidentSetSize of job (KB)
...
006 (13118.268.000) 2024-06-08 05:43:59 Image size of job updated: 1672068
	598  -  MemoryUsage of job (MB)
	611332  -  ResidentSetSize of job (KB)
...
005 (13118.268.000) 2024-06-08 05:44:00 Job terminated.
	(1) Normal termination (return value 0)
		Usr 0 00:59:45, Sys 0 00:00:04  -  Run Remote Usage
		Usr 0 00:00:00, Sys 0 00:00:00  -  Run Local Usage
		Usr 0 00:59:45, Sys 0 00:00:04  -  Total Remote Usage
		Usr 0 00:00:00, Sys 0 00:00:00  -  Total Local Usage
	0  -  Run Bytes Sent By Job
	0  -  Run Bytes Received By Job
	0  -  Total Bytes Sent By Job
	0  -  Total Bytes Received By Job
	Partitionable Resources :    Usage  Request Allocated 
	   Cpus                 :     1.00        1         1 
	   Disk (KB)            :    15          15      2245 
	   Memory (MB)          :   598       20480     20480 

	Job terminated of its own accord at 2024-06-08T03:43:59Z with exit-code 0.
...
