000 (13763.008.000) 2024-09-23 16:11:27 Job submitted from host: <10.18.24.233:9618?addrs=10.18.24.233-9618&alias=bioclusts03.bioclust.biologie.ens.fr&noUDP&sock=schedd_942_b64d>
...
001 (13763.008.000) 2024-09-23 16:11:30 Job executing on host: <10.18.24.110:9618?addrs=10.18.24.110-9618&alias=ecoclust15.bioclust.biologie.ens.fr&noUDP&sock=startd_1108_9306>
...
006 (13763.008.000) 2024-09-23 16:11:38 Image size of job updated: 350424
	146  -  MemoryUsage of job (MB)
	149424  -  ResidentSetSize of job (KB)
...
006 (13763.008.000) 2024-09-23 16:16:38 Image size of job updated: 1726324
	575  -  MemoryUsage of job (MB)
	588444  -  ResidentSetSize of job (KB)
...
006 (13763.008.000) 2024-09-23 16:21:39 Image size of job updated: 1727384
	576  -  MemoryUsage of job (MB)
	589236  -  ResidentSetSize of job (KB)
...
006 (13763.008.000) 2024-09-23 16:26:40 Image size of job updated: 1728576
	577  -  MemoryUsage of job (MB)
	590444  -  ResidentSetSize of job (KB)
...
006 (13763.008.000) 2024-09-23 16:31:40 Image size of job updated: 1729632
	578  -  MemoryUsage of job (MB)
	591528  -  ResidentSetSize of job (KB)
...
006 (13763.008.000) 2024-09-23 16:36:40 Image size of job updated: 1731360
	580  -  MemoryUsage of job (MB)
	593272  -  ResidentSetSize of job (KB)
...
006 (13763.008.000) 2024-09-23 16:41:40 Image size of job updated: 1732284
	581  -  MemoryUsage of job (MB)
	594104  -  ResidentSetSize of job (KB)
...
006 (13763.008.000) 2024-09-23 16:46:40 Image size of job updated: 1733624
	582  -  MemoryUsage of job (MB)
	595876  -  ResidentSetSize of job (KB)
...
006 (13763.008.000) 2024-09-23 16:51:41 Image size of job updated: 1735604
	584  -  MemoryUsage of job (MB)
	597160  -  ResidentSetSize of job (KB)
...
006 (13763.008.000) 2024-09-23 16:56:42 Image size of job updated: 1736068
	584  -  MemoryUsage of job (MB)
	597884  -  ResidentSetSize of job (KB)
...
006 (13763.008.000) 2024-09-23 17:01:42 Image size of job updated: 1737124
	586  -  MemoryUsage of job (MB)
	600060  -  ResidentSetSize of job (KB)
...
006 (13763.008.000) 2024-09-23 17:06:42 Image size of job updated: 1738448
	587  -  MemoryUsage of job (MB)
	600336  -  ResidentSetSize of job (KB)
...
006 (13763.008.000) 2024-09-23 17:11:43 Image size of job updated: 1739508
	588  -  MemoryUsage of job (MB)
	601424  -  ResidentSetSize of job (KB)
...
006 (13763.008.000) 2024-09-23 17:16:43 Image size of job updated: 1740972
	589  -  MemoryUsage of job (MB)
	602872  -  ResidentSetSize of job (KB)
...
006 (13763.008.000) 2024-09-23 17:21:43 Image size of job updated: 1742428
	591  -  MemoryUsage of job (MB)
	604580  -  ResidentSetSize of job (KB)
...
005 (13763.008.000) 2024-09-23 17:23:47 Job terminated.
	(1) Normal termination (return value 0)
		Usr 0 01:12:00, Sys 0 00:00:08  -  Run Remote Usage
		Usr 0 00:00:00, Sys 0 00:00:00  -  Run Local Usage
		Usr 0 01:12:00, Sys 0 00:00:08  -  Total Remote Usage
		Usr 0 00:00:00, Sys 0 00:00:00  -  Total Local Usage
	0  -  Run Bytes Sent By Job
	0  -  Run Bytes Received By Job
	0  -  Total Bytes Sent By Job
	0  -  Total Bytes Received By Job
	Partitionable Resources :    Usage  Request Allocated 
	   Cpus                 :     1.00        1         1 
	   Disk (KB)            :    15          15      2281 
	   Memory (MB)          :   591        2048      2048 

	Job terminated of its own accord at 2024-09-23T15:23:47Z with exit-code 0.
...
