000 (13118.383.000) 2024-06-07 17:04:08 Job submitted from host: <10.18.24.233:9618?addrs=10.18.24.233-9618&alias=bioclusts03.bioclust.biologie.ens.fr&noUDP&sock=schedd_942_b64d>
...
001 (13118.383.000) 2024-06-08 09:32:05 Job executing on host: <10.18.24.5:9618?addrs=10.18.24.5-9618&alias=bioclust05.bioclust.biologie.ens.fr&noUDP&sock=startd_1161_ed8b>
...
006 (13118.383.000) 2024-06-08 09:32:14 Image size of job updated: 247316
	169  -  MemoryUsage of job (MB)
	172656  -  ResidentSetSize of job (KB)
...
006 (13118.383.000) 2024-06-08 09:37:15 Image size of job updated: 1587948
	586  -  MemoryUsage of job (MB)
	599628  -  ResidentSetSize of job (KB)
...
006 (13118.383.000) 2024-06-08 09:42:16 Image size of job updated: 1591252
	598  -  MemoryUsage of job (MB)
	611844  -  ResidentSetSize of job (KB)
...
006 (13118.383.000) 2024-06-08 09:47:16 Image size of job updated: 1594156
	598  -  MemoryUsage of job (MB)
	611844  -  ResidentSetSize of job (KB)
...
006 (13118.383.000) 2024-06-08 09:52:16 Image size of job updated: 1598508
	603  -  MemoryUsage of job (MB)
	617092  -  ResidentSetSize of job (KB)
...
006 (13118.383.000) 2024-06-08 09:57:17 Image size of job updated: 1601816
	603  -  MemoryUsage of job (MB)
	617224  -  ResidentSetSize of job (KB)
...
006 (13118.383.000) 2024-06-08 10:02:18 Image size of job updated: 1606028
	603  -  MemoryUsage of job (MB)
	617224  -  ResidentSetSize of job (KB)
...
006 (13118.383.000) 2024-06-08 10:07:18 Image size of job updated: 1608940
	610  -  MemoryUsage of job (MB)
	624428  -  ResidentSetSize of job (KB)
...
006 (13118.383.000) 2024-06-08 10:12:19 Image size of job updated: 1611824
	610  -  MemoryUsage of job (MB)
	624428  -  ResidentSetSize of job (KB)
...
006 (13118.383.000) 2024-06-08 10:17:20 Image size of job updated: 1614904
	626  -  MemoryUsage of job (MB)
	640188  -  ResidentSetSize of job (KB)
...
006 (13118.383.000) 2024-06-08 10:22:20 Image size of job updated: 1618052
	626  -  MemoryUsage of job (MB)
	640188  -  ResidentSetSize of job (KB)
...
006 (13118.383.000) 2024-06-08 10:27:20 Image size of job updated: 1623072
	626  -  MemoryUsage of job (MB)
	640188  -  ResidentSetSize of job (KB)
...
006 (13118.383.000) 2024-06-08 10:32:21 Image size of job updated: 1625580
	626  -  MemoryUsage of job (MB)
	640188  -  ResidentSetSize of job (KB)
...
006 (13118.383.000) 2024-06-08 10:37:21 Image size of job updated: 1628452
	631  -  MemoryUsage of job (MB)
	645168  -  ResidentSetSize of job (KB)
...
006 (13118.383.000) 2024-06-08 10:42:21 Image size of job updated: 1632216
	643  -  MemoryUsage of job (MB)
	658260  -  ResidentSetSize of job (KB)
...
006 (13118.383.000) 2024-06-08 10:43:49 Image size of job updated: 1632944
	643  -  MemoryUsage of job (MB)
	658392  -  ResidentSetSize of job (KB)
...
005 (13118.383.000) 2024-06-08 10:43:49 Job terminated.
	(1) Normal termination (return value 0)
		Usr 0 01:10:14, Sys 0 00:01:21  -  Run Remote Usage
		Usr 0 00:00:00, Sys 0 00:00:00  -  Run Local Usage
		Usr 0 01:10:14, Sys 0 00:01:21  -  Total Remote Usage
		Usr 0 00:00:00, Sys 0 00:00:00  -  Total Local Usage
	0  -  Run Bytes Sent By Job
	0  -  Run Bytes Received By Job
	0  -  Total Bytes Sent By Job
	0  -  Total Bytes Received By Job
	Partitionable Resources :    Usage  Request Allocated 
	   Cpus                 :     1.00        1         1 
	   Disk (KB)            :    15          15      2245 
	   Memory (MB)          :   643       20480     20480 

	Job terminated of its own accord at 2024-06-08T08:43:49Z with exit-code 0.
...
