000 (13112.028.000) 2024-06-07 15:12:15 Job submitted from host: <10.18.24.233:9618?addrs=10.18.24.233-9618&alias=bioclusts03.bioclust.biologie.ens.fr&noUDP&sock=schedd_942_b64d>
...
001 (13112.028.000) 2024-06-07 15:12:19 Job executing on host: <10.18.24.148:9618?addrs=10.18.24.148-9618&alias=dyoclust21.bioclust.biologie.ens.fr&noUDP&sock=startd_969_3b5c>
...
006 (13112.028.000) 2024-06-07 15:12:27 Image size of job updated: 328412
	145  -  MemoryUsage of job (MB)
	148368  -  ResidentSetSize of job (KB)
...
006 (13112.028.000) 2024-06-07 15:17:27 Image size of job updated: 1565248
	573  -  MemoryUsage of job (MB)
	586604  -  ResidentSetSize of job (KB)
...
006 (13112.028.000) 2024-06-07 15:22:28 Image size of job updated: 1567096
	574  -  MemoryUsage of job (MB)
	587596  -  ResidentSetSize of job (KB)
...
006 (13112.028.000) 2024-06-07 15:27:28 Image size of job updated: 1568416
	586  -  MemoryUsage of job (MB)
	599344  -  ResidentSetSize of job (KB)
...
006 (13112.028.000) 2024-06-07 15:32:28 Image size of job updated: 1569604
	594  -  MemoryUsage of job (MB)
	607300  -  ResidentSetSize of job (KB)
...
006 (13112.028.000) 2024-06-07 15:37:29 Image size of job updated: 1570924
	594  -  MemoryUsage of job (MB)
	607300  -  ResidentSetSize of job (KB)
...
006 (13112.028.000) 2024-06-07 15:42:30 Image size of job updated: 1572244
	594  -  MemoryUsage of job (MB)
	607300  -  ResidentSetSize of job (KB)
...
006 (13112.028.000) 2024-06-07 15:47:30 Image size of job updated: 1573432
	594  -  MemoryUsage of job (MB)
	607300  -  ResidentSetSize of job (KB)
...
006 (13112.028.000) 2024-06-07 15:52:31 Image size of job updated: 1574360
	598  -  MemoryUsage of job (MB)
	611876  -  ResidentSetSize of job (KB)
...
006 (13112.028.000) 2024-06-07 15:57:32 Image size of job updated: 1575152
	598  -  MemoryUsage of job (MB)
	611876  -  ResidentSetSize of job (KB)
...
006 (13112.028.000) 2024-06-07 16:02:32 Image size of job updated: 1576340
	598  -  MemoryUsage of job (MB)
	611876  -  ResidentSetSize of job (KB)
...
006 (13112.028.000) 2024-06-07 16:07:32 Image size of job updated: 1577132
	601  -  MemoryUsage of job (MB)
	615424  -  ResidentSetSize of job (KB)
...
006 (13112.028.000) 2024-06-07 16:12:33 Image size of job updated: 1578188
	601  -  MemoryUsage of job (MB)
	615424  -  ResidentSetSize of job (KB)
...
006 (13112.028.000) 2024-06-07 16:17:33 Image size of job updated: 1579376
	601  -  MemoryUsage of job (MB)
	615424  -  ResidentSetSize of job (KB)
...
006 (13112.028.000) 2024-06-07 16:22:33 Image size of job updated: 1580300
	601  -  MemoryUsage of job (MB)
	615424  -  ResidentSetSize of job (KB)
...
006 (13112.028.000) 2024-06-07 16:27:34 Image size of job updated: 1581356
	604  -  MemoryUsage of job (MB)
	617700  -  ResidentSetSize of job (KB)
...
006 (13112.028.000) 2024-06-07 16:32:35 Image size of job updated: 1582148
	604  -  MemoryUsage of job (MB)
	617700  -  ResidentSetSize of job (KB)
...
006 (13112.028.000) 2024-06-07 16:37:35 Image size of job updated: 1583204
	604  -  MemoryUsage of job (MB)
	617700  -  ResidentSetSize of job (KB)
...
006 (13112.028.000) 2024-06-07 16:40:41 Image size of job updated: 1583864
	604  -  MemoryUsage of job (MB)
	617700  -  ResidentSetSize of job (KB)
...
005 (13112.028.000) 2024-06-07 16:40:41 Job terminated.
	(1) Normal termination (return value 0)
		Usr 0 01:27:45, Sys 0 00:00:25  -  Run Remote Usage
		Usr 0 00:00:00, Sys 0 00:00:00  -  Run Local Usage
		Usr 0 01:27:45, Sys 0 00:00:25  -  Total Remote Usage
		Usr 0 00:00:00, Sys 0 00:00:00  -  Total Local Usage
	0  -  Run Bytes Sent By Job
	0  -  Run Bytes Received By Job
	0  -  Total Bytes Sent By Job
	0  -  Total Bytes Received By Job
	Partitionable Resources :    Usage  Request Allocated 
	   Cpus                 :     1.00        1         1 
	   Disk (KB)            :    15          15      2419 
	   Memory (MB)          :   604       20480     20480 

	Job terminated of its own accord at 2024-06-07T14:40:41Z with exit-code 0.
...
