000 (13118.096.000) 2024-06-07 17:04:01 Job submitted from host: <10.18.24.233:9618?addrs=10.18.24.233-9618&alias=bioclusts03.bioclust.biologie.ens.fr&noUDP&sock=schedd_942_b64d>
...
001 (13118.096.000) 2024-06-07 20:33:36 Job executing on host: <10.18.24.5:9618?addrs=10.18.24.5-9618&alias=bioclust05.bioclust.biologie.ens.fr&noUDP&sock=startd_1161_ed8b>
...
006 (13118.096.000) 2024-06-07 20:33:45 Image size of job updated: 871204
	169  -  MemoryUsage of job (MB)
	172424  -  ResidentSetSize of job (KB)
...
006 (13118.096.000) 2024-06-07 20:38:46 Image size of job updated: 1611356
	605  -  MemoryUsage of job (MB)
	618756  -  ResidentSetSize of job (KB)
...
006 (13118.096.000) 2024-06-07 20:43:46 Image size of job updated: 1613872
	605  -  MemoryUsage of job (MB)
	618756  -  ResidentSetSize of job (KB)
...
006 (13118.096.000) 2024-06-07 20:48:46 Image size of job updated: 1614936
	612  -  MemoryUsage of job (MB)
	625692  -  ResidentSetSize of job (KB)
...
006 (13118.096.000) 2024-06-07 20:53:47 Image size of job updated: 1615824
	612  -  MemoryUsage of job (MB)
	625692  -  ResidentSetSize of job (KB)
...
006 (13118.096.000) 2024-06-07 20:58:48 Image size of job updated: 1616140
	612  -  MemoryUsage of job (MB)
	625692  -  ResidentSetSize of job (KB)
...
006 (13118.096.000) 2024-06-07 21:03:48 Image size of job updated: 1617564
	612  -  MemoryUsage of job (MB)
	625692  -  ResidentSetSize of job (KB)
...
006 (13118.096.000) 2024-06-07 21:08:49 Image size of job updated: 1619320
	613  -  MemoryUsage of job (MB)
	626792  -  ResidentSetSize of job (KB)
...
006 (13118.096.000) 2024-06-07 21:13:50 Image size of job updated: 1620524
	617  -  MemoryUsage of job (MB)
	630856  -  ResidentSetSize of job (KB)
...
006 (13118.096.000) 2024-06-07 21:18:50 Image size of job updated: 1620960
	617  -  MemoryUsage of job (MB)
	630856  -  ResidentSetSize of job (KB)
...
006 (13118.096.000) 2024-06-07 21:23:50 Image size of job updated: 1622908
	620  -  MemoryUsage of job (MB)
	633900  -  ResidentSetSize of job (KB)
...
006 (13118.096.000) 2024-06-07 21:28:51 Image size of job updated: 1624384
	621  -  MemoryUsage of job (MB)
	635592  -  ResidentSetSize of job (KB)
...
006 (13118.096.000) 2024-06-07 21:33:51 Image size of job updated: 1625052
	622  -  MemoryUsage of job (MB)
	636240  -  ResidentSetSize of job (KB)
...
006 (13118.096.000) 2024-06-07 21:38:51 Image size of job updated: 1625052
	623  -  MemoryUsage of job (MB)
	637232  -  ResidentSetSize of job (KB)
...
006 (13118.096.000) 2024-06-07 21:43:52 Image size of job updated: 1625848
	623  -  MemoryUsage of job (MB)
	637232  -  ResidentSetSize of job (KB)
...
006 (13118.096.000) 2024-06-07 21:48:53 Image size of job updated: 1628140
	623  -  MemoryUsage of job (MB)
	637444  -  ResidentSetSize of job (KB)
...
006 (13118.096.000) 2024-06-07 21:53:53 Image size of job updated: 1629056
	624  -  MemoryUsage of job (MB)
	638716  -  ResidentSetSize of job (KB)
...
006 (13118.096.000) 2024-06-07 21:58:54 Image size of job updated: 1630936
	624  -  MemoryUsage of job (MB)
	638716  -  ResidentSetSize of job (KB)
...
006 (13118.096.000) 2024-06-07 22:03:55 Image size of job updated: 1631036
	627  -  MemoryUsage of job (MB)
	641372  -  ResidentSetSize of job (KB)
...
005 (13118.096.000) 2024-06-07 22:04:48 Job terminated.
	(1) Normal termination (return value 0)
		Usr 0 01:30:55, Sys 0 00:00:07  -  Run Remote Usage
		Usr 0 00:00:00, Sys 0 00:00:00  -  Run Local Usage
		Usr 0 01:30:55, Sys 0 00:00:07  -  Total Remote Usage
		Usr 0 00:00:00, Sys 0 00:00:00  -  Total Local Usage
	0  -  Run Bytes Sent By Job
	0  -  Run Bytes Received By Job
	0  -  Total Bytes Sent By Job
	0  -  Total Bytes Received By Job
	Partitionable Resources :    Usage  Request Allocated 
	   Cpus                 :     1.00        1         1 
	   Disk (KB)            :    15          15      2245 
	   Memory (MB)          :   627       20480     20480 

	Job terminated of its own accord at 2024-06-07T20:04:48Z with exit-code 0.
...
