000 (13118.042.000) 2024-06-07 17:03:59 Job submitted from host: <10.18.24.233:9618?addrs=10.18.24.233-9618&alias=bioclusts03.bioclust.biologie.ens.fr&noUDP&sock=schedd_942_b64d>
...
001 (13118.042.000) 2024-06-07 18:38:36 Job executing on host: <10.18.24.45:9618?addrs=10.18.24.45-9618&alias=bioclust45.bioclust.biologie.ens.fr&noUDP&sock=startd_826558_9dc7>
...
006 (13118.042.000) 2024-06-07 18:38:45 Image size of job updated: 870988
	167  -  MemoryUsage of job (MB)
	170180  -  ResidentSetSize of job (KB)
...
006 (13118.042.000) 2024-06-07 18:43:46 Image size of job updated: 1619580
	587  -  MemoryUsage of job (MB)
	600652  -  ResidentSetSize of job (KB)
...
006 (13118.042.000) 2024-06-07 18:48:47 Image size of job updated: 1692128
	605  -  MemoryUsage of job (MB)
	618648  -  ResidentSetSize of job (KB)
...
006 (13118.042.000) 2024-06-07 18:53:47 Image size of job updated: 1702424
	620  -  MemoryUsage of job (MB)
	634752  -  ResidentSetSize of job (KB)
...
006 (13118.042.000) 2024-06-07 18:58:47 Image size of job updated: 1711400
	634  -  MemoryUsage of job (MB)
	648436  -  ResidentSetSize of job (KB)
...
006 (13118.042.000) 2024-06-07 19:03:48 Image size of job updated: 1719584
	646  -  MemoryUsage of job (MB)
	660584  -  ResidentSetSize of job (KB)
...
006 (13118.042.000) 2024-06-07 19:08:49 Image size of job updated: 1727508
	657  -  MemoryUsage of job (MB)
	672604  -  ResidentSetSize of job (KB)
...
006 (13118.042.000) 2024-06-07 19:13:49 Image size of job updated: 1737084
	671  -  MemoryUsage of job (MB)
	686136  -  ResidentSetSize of job (KB)
...
006 (13118.042.000) 2024-06-07 19:18:50 Image size of job updated: 1743288
	680  -  MemoryUsage of job (MB)
	695508  -  ResidentSetSize of job (KB)
...
006 (13118.042.000) 2024-06-07 19:23:51 Image size of job updated: 1753624
	693  -  MemoryUsage of job (MB)
	709140  -  ResidentSetSize of job (KB)
...
006 (13118.042.000) 2024-06-07 19:28:51 Image size of job updated: 1759568
	702  -  MemoryUsage of job (MB)
	718020  -  ResidentSetSize of job (KB)
...
006 (13118.042.000) 2024-06-07 19:33:51 Image size of job updated: 1766432
	712  -  MemoryUsage of job (MB)
	728576  -  ResidentSetSize of job (KB)
...
006 (13118.042.000) 2024-06-07 19:38:52 Image size of job updated: 1773164
	721  -  MemoryUsage of job (MB)
	737988  -  ResidentSetSize of job (KB)
...
006 (13118.042.000) 2024-06-07 19:43:52 Image size of job updated: 1780684
	731  -  MemoryUsage of job (MB)
	748240  -  ResidentSetSize of job (KB)
...
006 (13118.042.000) 2024-06-07 19:48:52 Image size of job updated: 1787680
	742  -  MemoryUsage of job (MB)
	759088  -  ResidentSetSize of job (KB)
...
006 (13118.042.000) 2024-06-07 19:53:53 Image size of job updated: 1792960
	749  -  MemoryUsage of job (MB)
	766768  -  ResidentSetSize of job (KB)
...
006 (13118.042.000) 2024-06-07 19:58:54 Image size of job updated: 1799284
	758  -  MemoryUsage of job (MB)
	776016  -  ResidentSetSize of job (KB)
...
006 (13118.042.000) 2024-06-07 20:03:54 Image size of job updated: 1803244
	766  -  MemoryUsage of job (MB)
	784380  -  ResidentSetSize of job (KB)
...
006 (13118.042.000) 2024-06-07 20:08:55 Image size of job updated: 1874712
	774  -  MemoryUsage of job (MB)
	792080  -  ResidentSetSize of job (KB)
...
006 (13118.042.000) 2024-06-07 20:13:56 Image size of job updated: 1877880
	774  -  MemoryUsage of job (MB)
	792080  -  ResidentSetSize of job (KB)
...
005 (13118.042.000) 2024-06-08 09:44:53 Job terminated.
	(1) Normal termination (return value 0)
		Usr 0 14:56:22, Sys 0 00:04:00  -  Run Remote Usage
		Usr 0 00:00:00, Sys 0 00:00:00  -  Run Local Usage
		Usr 0 14:56:22, Sys 0 00:04:00  -  Total Remote Usage
		Usr 0 00:00:00, Sys 0 00:00:00  -  Total Local Usage
	0  -  Run Bytes Sent By Job
	0  -  Run Bytes Received By Job
	0  -  Total Bytes Sent By Job
	0  -  Total Bytes Received By Job
	Partitionable Resources :    Usage  Request Allocated 
	   Cpus                 :     1.00        1         1 
	   Disk (KB)            :    15          15      2237 
	   Memory (MB)          :   774       20480     20480 

	Job terminated of its own accord at 2024-06-08T07:44:53Z with exit-code 0.
...
