000 (13112.074.000) 2024-06-07 15:12:16 Job submitted from host: <10.18.24.233:9618?addrs=10.18.24.233-9618&alias=bioclusts03.bioclust.biologie.ens.fr&noUDP&sock=schedd_942_b64d>
...
001 (13112.074.000) 2024-06-07 15:57:05 Job executing on host: <10.18.24.45:9618?addrs=10.18.24.45-9618&alias=bioclust45.bioclust.biologie.ens.fr&noUDP&sock=startd_826558_9dc7>
...
006 (13112.074.000) 2024-06-07 15:57:14 Image size of job updated: 672648
	169  -  MemoryUsage of job (MB)
	172136  -  ResidentSetSize of job (KB)
...
006 (13112.074.000) 2024-06-07 16:02:15 Image size of job updated: 1636540
	572  -  MemoryUsage of job (MB)
	584844  -  ResidentSetSize of job (KB)
...
006 (13112.074.000) 2024-06-07 16:12:16 Image size of job updated: 1636640
	580  -  MemoryUsage of job (MB)
	593040  -  ResidentSetSize of job (KB)
...
006 (13112.074.000) 2024-06-07 16:17:17 Image size of job updated: 1636768
	580  -  MemoryUsage of job (MB)
	593040  -  ResidentSetSize of job (KB)
...
006 (13112.074.000) 2024-06-07 16:22:17 Image size of job updated: 1637132
	580  -  MemoryUsage of job (MB)
	593040  -  ResidentSetSize of job (KB)
...
006 (13112.074.000) 2024-06-07 16:27:17 Image size of job updated: 1637512
	580  -  MemoryUsage of job (MB)
	593916  -  ResidentSetSize of job (KB)
...
006 (13112.074.000) 2024-06-07 16:32:18 Image size of job updated: 1640376
	582  -  MemoryUsage of job (MB)
	595016  -  ResidentSetSize of job (KB)
...
006 (13112.074.000) 2024-06-07 16:37:18 Image size of job updated: 1640376
	582  -  MemoryUsage of job (MB)
	595144  -  ResidentSetSize of job (KB)
...
006 (13112.074.000) 2024-06-07 16:42:18 Image size of job updated: 1641432
	584  -  MemoryUsage of job (MB)
	597504  -  ResidentSetSize of job (KB)
...
006 (13112.074.000) 2024-06-07 16:47:20 Image size of job updated: 1641924
	586  -  MemoryUsage of job (MB)
	599440  -  ResidentSetSize of job (KB)
...
006 (13112.074.000) 2024-06-07 16:52:20 Image size of job updated: 1644708
	588  -  MemoryUsage of job (MB)
	601232  -  ResidentSetSize of job (KB)
...
006 (13112.074.000) 2024-06-07 16:57:20 Image size of job updated: 1644824
	588  -  MemoryUsage of job (MB)
	601232  -  ResidentSetSize of job (KB)
...
006 (13112.074.000) 2024-06-07 17:22:24 Image size of job updated: 1644968
	588  -  MemoryUsage of job (MB)
	601232  -  ResidentSetSize of job (KB)
...
006 (13112.074.000) 2024-06-07 17:27:24 Image size of job updated: 1645364
	588  -  MemoryUsage of job (MB)
	601260  -  ResidentSetSize of job (KB)
...
006 (13112.074.000) 2024-06-07 17:32:24 Image size of job updated: 1647084
	588  -  MemoryUsage of job (MB)
	601960  -  ResidentSetSize of job (KB)
...
006 (13112.074.000) 2024-06-07 17:37:25 Image size of job updated: 1648712
	589  -  MemoryUsage of job (MB)
	602548  -  ResidentSetSize of job (KB)
...
006 (13112.074.000) 2024-06-07 17:47:26 Image size of job updated: 1648712
	592  -  MemoryUsage of job (MB)
	605796  -  ResidentSetSize of job (KB)
...
006 (13112.074.000) 2024-06-07 17:52:26 Image size of job updated: 1650156
	592  -  MemoryUsage of job (MB)
	605796  -  ResidentSetSize of job (KB)
...
006 (13112.074.000) 2024-06-07 18:02:28 Image size of job updated: 1652796
	592  -  MemoryUsage of job (MB)
	605796  -  ResidentSetSize of job (KB)
...
006 (13112.074.000) 2024-06-07 18:07:28 Image size of job updated: 1652796
	593  -  MemoryUsage of job (MB)
	606544  -  ResidentSetSize of job (KB)
...
006 (13112.074.000) 2024-06-07 18:17:29 Image size of job updated: 1653176
	593  -  MemoryUsage of job (MB)
	606544  -  ResidentSetSize of job (KB)
...
006 (13112.074.000) 2024-06-07 18:27:30 Image size of job updated: 1653176
	595  -  MemoryUsage of job (MB)
	608284  -  ResidentSetSize of job (KB)
...
006 (13112.074.000) 2024-06-07 18:32:30 Image size of job updated: 1654752
	597  -  MemoryUsage of job (MB)
	610432  -  ResidentSetSize of job (KB)
...
006 (13112.074.000) 2024-06-07 18:37:31 Image size of job updated: 1656140
	597  -  MemoryUsage of job (MB)
	610432  -  ResidentSetSize of job (KB)
...
006 (13112.074.000) 2024-06-07 18:47:31 Image size of job updated: 1656880
	597  -  MemoryUsage of job (MB)
	610432  -  ResidentSetSize of job (KB)
...
006 (13112.074.000) 2024-06-07 18:57:33 Image size of job updated: 1659248
	598  -  MemoryUsage of job (MB)
	611412  -  ResidentSetSize of job (KB)
...
006 (13112.074.000) 2024-06-07 19:02:33 Image size of job updated: 1659248
	601  -  MemoryUsage of job (MB)
	614764  -  ResidentSetSize of job (KB)
...
006 (13112.074.000) 2024-06-07 19:07:33 Image size of job updated: 1659248
	601  -  MemoryUsage of job (MB)
	614956  -  ResidentSetSize of job (KB)
...
006 (13112.074.000) 2024-06-07 19:22:34 Image size of job updated: 1660692
	603  -  MemoryUsage of job (MB)
	617124  -  ResidentSetSize of job (KB)
...
006 (13112.074.000) 2024-06-07 19:27:35 Image size of job updated: 1662540
	603  -  MemoryUsage of job (MB)
	617124  -  ResidentSetSize of job (KB)
...
006 (13112.074.000) 2024-06-07 19:32:36 Image size of job updated: 1662540
	603  -  MemoryUsage of job (MB)
	617156  -  ResidentSetSize of job (KB)
...
006 (13112.074.000) 2024-06-07 19:37:36 Image size of job updated: 1663796
	604  -  MemoryUsage of job (MB)
	618372  -  ResidentSetSize of job (KB)
...
006 (13112.074.000) 2024-06-07 19:42:37 Image size of job updated: 1663796
	608  -  MemoryUsage of job (MB)
	622208  -  ResidentSetSize of job (KB)
...
006 (13112.074.000) 2024-06-07 19:47:38 Image size of job updated: 1665804
	608  -  MemoryUsage of job (MB)
	622208  -  ResidentSetSize of job (KB)
...
006 (13112.074.000) 2024-06-07 19:52:38 Image size of job updated: 1666120
	611  -  MemoryUsage of job (MB)
	625508  -  ResidentSetSize of job (KB)
...
006 (13112.074.000) 2024-06-07 20:07:39 Image size of job updated: 1669388
	611  -  MemoryUsage of job (MB)
	625508  -  ResidentSetSize of job (KB)
...
006 (13112.074.000) 2024-06-07 20:27:41 Image size of job updated: 1669884
	611  -  MemoryUsage of job (MB)
	625508  -  ResidentSetSize of job (KB)
...
006 (13112.074.000) 2024-06-07 20:32:41 Image size of job updated: 1670040
	611  -  MemoryUsage of job (MB)
	625656  -  ResidentSetSize of job (KB)
...
005 (13112.074.000) 2024-06-07 20:36:54 Job terminated.
	(1) Normal termination (return value 0)
		Usr 0 04:36:57, Sys 0 00:00:23  -  Run Remote Usage
		Usr 0 00:00:00, Sys 0 00:00:00  -  Run Local Usage
		Usr 0 04:36:57, Sys 0 00:00:23  -  Total Remote Usage
		Usr 0 00:00:00, Sys 0 00:00:00  -  Total Local Usage
	0  -  Run Bytes Sent By Job
	0  -  Run Bytes Received By Job
	0  -  Total Bytes Sent By Job
	0  -  Total Bytes Received By Job
	Partitionable Resources :    Usage  Request Allocated 
	   Cpus                 :     0.99        1         1 
	   Disk (KB)            :    15          15      2237 
	   Memory (MB)          :   611       20480     20480 

	Job terminated of its own accord at 2024-06-07T18:36:54Z with exit-code 0.
...
