000 (13118.069.000) 2024-06-07 17:04:00 Job submitted from host: <10.18.24.233:9618?addrs=10.18.24.233-9618&alias=bioclusts03.bioclust.biologie.ens.fr&noUDP&sock=schedd_942_b64d>
...
001 (13118.069.000) 2024-06-07 19:38:36 Job executing on host: <10.18.24.41:9618?addrs=10.18.24.41-9618&alias=bioclust41.bioclust.biologie.ens.fr&noUDP&sock=startd_1116_0fc8>
...
006 (13118.069.000) 2024-06-07 19:38:44 Image size of job updated: 853524
	178  -  MemoryUsage of job (MB)
	181396  -  ResidentSetSize of job (KB)
...
006 (13118.069.000) 2024-06-07 19:43:44 Image size of job updated: 1550380
	593  -  MemoryUsage of job (MB)
	606220  -  ResidentSetSize of job (KB)
...
006 (13118.069.000) 2024-06-07 19:48:45 Image size of job updated: 1557760
	598  -  MemoryUsage of job (MB)
	611780  -  ResidentSetSize of job (KB)
...
006 (13118.069.000) 2024-06-07 19:53:45 Image size of job updated: 1631364
	598  -  MemoryUsage of job (MB)
	611780  -  ResidentSetSize of job (KB)
...
006 (13118.069.000) 2024-06-07 19:58:45 Image size of job updated: 1638772
	599  -  MemoryUsage of job (MB)
	613128  -  ResidentSetSize of job (KB)
...
006 (13118.069.000) 2024-06-07 20:03:46 Image size of job updated: 1647360
	609  -  MemoryUsage of job (MB)
	623036  -  ResidentSetSize of job (KB)
...
006 (13118.069.000) 2024-06-07 20:08:46 Image size of job updated: 1653956
	617  -  MemoryUsage of job (MB)
	631600  -  ResidentSetSize of job (KB)
...
006 (13118.069.000) 2024-06-07 20:13:46 Image size of job updated: 1660624
	626  -  MemoryUsage of job (MB)
	640596  -  ResidentSetSize of job (KB)
...
006 (13118.069.000) 2024-06-07 20:18:47 Image size of job updated: 1668124
	635  -  MemoryUsage of job (MB)
	649964  -  ResidentSetSize of job (KB)
...
006 (13118.069.000) 2024-06-07 20:23:48 Image size of job updated: 1675396
	644  -  MemoryUsage of job (MB)
	658616  -  ResidentSetSize of job (KB)
...
006 (13118.069.000) 2024-06-07 20:28:48 Image size of job updated: 1683056
	652  -  MemoryUsage of job (MB)
	667608  -  ResidentSetSize of job (KB)
...
006 (13118.069.000) 2024-06-07 20:33:48 Image size of job updated: 1687156
	658  -  MemoryUsage of job (MB)
	673548  -  ResidentSetSize of job (KB)
...
006 (13118.069.000) 2024-06-07 20:38:49 Image size of job updated: 1692292
	664  -  MemoryUsage of job (MB)
	679472  -  ResidentSetSize of job (KB)
...
006 (13118.069.000) 2024-06-07 20:43:50 Image size of job updated: 1699212
	672  -  MemoryUsage of job (MB)
	687476  -  ResidentSetSize of job (KB)
...
006 (13118.069.000) 2024-06-07 20:48:50 Image size of job updated: 1705288
	680  -  MemoryUsage of job (MB)
	695788  -  ResidentSetSize of job (KB)
...
006 (13118.069.000) 2024-06-07 20:53:51 Image size of job updated: 1711632
	686  -  MemoryUsage of job (MB)
	701912  -  ResidentSetSize of job (KB)
...
006 (13118.069.000) 2024-06-07 20:58:52 Image size of job updated: 1717448
	693  -  MemoryUsage of job (MB)
	709080  -  ResidentSetSize of job (KB)
...
006 (13118.069.000) 2024-06-07 21:03:52 Image size of job updated: 1723992
	700  -  MemoryUsage of job (MB)
	716360  -  ResidentSetSize of job (KB)
...
006 (13118.069.000) 2024-06-07 21:08:52 Image size of job updated: 1728612
	707  -  MemoryUsage of job (MB)
	723000  -  ResidentSetSize of job (KB)
...
006 (13118.069.000) 2024-06-07 21:13:53 Image size of job updated: 1735452
	714  -  MemoryUsage of job (MB)
	730168  -  ResidentSetSize of job (KB)
...
006 (13118.069.000) 2024-06-07 21:18:53 Image size of job updated: 1740740
	720  -  MemoryUsage of job (MB)
	736592  -  ResidentSetSize of job (KB)
...
006 (13118.069.000) 2024-06-07 21:23:53 Image size of job updated: 1746284
	729  -  MemoryUsage of job (MB)
	746484  -  ResidentSetSize of job (KB)
...
006 (13118.069.000) 2024-06-07 21:28:54 Image size of job updated: 1752092
	735  -  MemoryUsage of job (MB)
	751728  -  ResidentSetSize of job (KB)
...
006 (13118.069.000) 2024-06-07 21:33:55 Image size of job updated: 1757364
	739  -  MemoryUsage of job (MB)
	756296  -  ResidentSetSize of job (KB)
...
006 (13118.069.000) 2024-06-07 21:38:55 Image size of job updated: 1763276
	745  -  MemoryUsage of job (MB)
	762748  -  ResidentSetSize of job (KB)
...
006 (13118.069.000) 2024-06-07 21:43:56 Image size of job updated: 1767636
	751  -  MemoryUsage of job (MB)
	768284  -  ResidentSetSize of job (KB)
...
006 (13118.069.000) 2024-06-07 21:48:57 Image size of job updated: 1773124
	757  -  MemoryUsage of job (MB)
	774340  -  ResidentSetSize of job (KB)
...
006 (13118.069.000) 2024-06-07 21:53:57 Image size of job updated: 1777220
	762  -  MemoryUsage of job (MB)
	779420  -  ResidentSetSize of job (KB)
...
006 (13118.069.000) 2024-06-07 21:58:57 Image size of job updated: 1778280
	762  -  MemoryUsage of job (MB)
	779420  -  ResidentSetSize of job (KB)
...
005 (13118.069.000) 2024-06-07 22:20:16 Job terminated.
	(1) Normal termination (return value 0)
		Usr 0 02:40:43, Sys 0 00:00:35  -  Run Remote Usage
		Usr 0 00:00:00, Sys 0 00:00:00  -  Run Local Usage
		Usr 0 02:40:43, Sys 0 00:00:35  -  Total Remote Usage
		Usr 0 00:00:00, Sys 0 00:00:00  -  Total Local Usage
	0  -  Run Bytes Sent By Job
	0  -  Run Bytes Received By Job
	0  -  Total Bytes Sent By Job
	0  -  Total Bytes Received By Job
	Partitionable Resources :    Usage  Request Allocated 
	   Cpus                 :     1.00        1         1 
	   Disk (KB)            :    15          15      1615 
	   Memory (MB)          :   762       20480     20480 

	Job terminated of its own accord at 2024-06-07T20:20:16Z with exit-code 0.
...
