000 (13763.065.000) 2024-09-23 16:11:28 Job submitted from host: <10.18.24.233:9618?addrs=10.18.24.233-9618&alias=bioclusts03.bioclust.biologie.ens.fr&noUDP&sock=schedd_942_b64d>
...
001 (13763.065.000) 2024-09-23 16:11:31 Job executing on host: <10.18.24.23:9618?addrs=10.18.24.23-9618&alias=bioclust23.bioclust.biologie.ens.fr&noUDP&sock=startd_1447_19a1>
...
006 (13763.065.000) 2024-09-23 16:11:40 Image size of job updated: 411652
	314  -  MemoryUsage of job (MB)
	321496  -  ResidentSetSize of job (KB)
...
006 (13763.065.000) 2024-09-23 16:16:41 Image size of job updated: 1600080
	516  -  MemoryUsage of job (MB)
	527480  -  ResidentSetSize of job (KB)
...
006 (13763.065.000) 2024-09-23 16:21:41 Image size of job updated: 1602324
	518  -  MemoryUsage of job (MB)
	529896  -  ResidentSetSize of job (KB)
...
006 (13763.065.000) 2024-09-23 16:26:41 Image size of job updated: 1604436
	520  -  MemoryUsage of job (MB)
	531964  -  ResidentSetSize of job (KB)
...
006 (13763.065.000) 2024-09-23 16:31:42 Image size of job updated: 1606416
	522  -  MemoryUsage of job (MB)
	534004  -  ResidentSetSize of job (KB)
...
006 (13763.065.000) 2024-09-23 16:36:42 Image size of job updated: 1608660
	524  -  MemoryUsage of job (MB)
	536212  -  ResidentSetSize of job (KB)
...
006 (13763.065.000) 2024-09-23 16:41:42 Image size of job updated: 1610904
	526  -  MemoryUsage of job (MB)
	538420  -  ResidentSetSize of job (KB)
...
006 (13763.065.000) 2024-09-23 16:46:43 Image size of job updated: 1613148
	528  -  MemoryUsage of job (MB)
	540644  -  ResidentSetSize of job (KB)
...
006 (13763.065.000) 2024-09-23 16:51:44 Image size of job updated: 1615524
	531  -  MemoryUsage of job (MB)
	543148  -  ResidentSetSize of job (KB)
...
006 (13763.065.000) 2024-09-23 16:56:44 Image size of job updated: 1618164
	533  -  MemoryUsage of job (MB)
	545584  -  ResidentSetSize of job (KB)
...
006 (13763.065.000) 2024-09-23 17:01:01 Image size of job updated: 1619616
	533  -  MemoryUsage of job (MB)
	545584  -  ResidentSetSize of job (KB)
...
005 (13763.065.000) 2024-09-23 17:01:01 Job terminated.
	(1) Normal termination (return value 0)
		Usr 0 00:49:16, Sys 0 00:00:03  -  Run Remote Usage
		Usr 0 00:00:00, Sys 0 00:00:00  -  Run Local Usage
		Usr 0 00:49:16, Sys 0 00:00:03  -  Total Remote Usage
		Usr 0 00:00:00, Sys 0 00:00:00  -  Total Local Usage
	0  -  Run Bytes Sent By Job
	0  -  Run Bytes Received By Job
	0  -  Total Bytes Sent By Job
	0  -  Total Bytes Received By Job
	Partitionable Resources :    Usage  Request Allocated 
	   Cpus                 :     1.00        1         1 
	   Disk (KB)            :    15          15      2573 
	   Memory (MB)          :   533        2048      2048 

	Job terminated of its own accord at 2024-09-23T15:01:01Z with exit-code 0.
...
