000 (13118.341.000) 2024-06-07 17:04:07 Job submitted from host: <10.18.24.233:9618?addrs=10.18.24.233-9618&alias=bioclusts03.bioclust.biologie.ens.fr&noUDP&sock=schedd_942_b64d>
...
001 (13118.341.000) 2024-06-08 07:36:03 Job executing on host: <10.18.24.5:9618?addrs=10.18.24.5-9618&alias=bioclust05.bioclust.biologie.ens.fr&noUDP&sock=startd_1161_ed8b>
...
006 (13118.341.000) 2024-06-08 07:36:12 Image size of job updated: 312012
	169  -  MemoryUsage of job (MB)
	172384  -  ResidentSetSize of job (KB)
...
006 (13118.341.000) 2024-06-08 07:41:13 Image size of job updated: 1557192
	588  -  MemoryUsage of job (MB)
	601240  -  ResidentSetSize of job (KB)
...
006 (13118.341.000) 2024-06-08 07:46:13 Image size of job updated: 1628168
	588  -  MemoryUsage of job (MB)
	601240  -  ResidentSetSize of job (KB)
...
006 (13118.341.000) 2024-06-08 07:56:14 Image size of job updated: 1631280
	588  -  MemoryUsage of job (MB)
	601240  -  ResidentSetSize of job (KB)
...
006 (13118.341.000) 2024-06-08 08:01:14 Image size of job updated: 1632868
	588  -  MemoryUsage of job (MB)
	601240  -  ResidentSetSize of job (KB)
...
006 (13118.341.000) 2024-06-08 08:11:15 Image size of job updated: 1633012
	588  -  MemoryUsage of job (MB)
	601240  -  ResidentSetSize of job (KB)
...
006 (13118.341.000) 2024-06-08 08:16:16 Image size of job updated: 1633672
	588  -  MemoryUsage of job (MB)
	601240  -  ResidentSetSize of job (KB)
...
006 (13118.341.000) 2024-06-08 08:21:16 Image size of job updated: 1635792
	588  -  MemoryUsage of job (MB)
	601240  -  ResidentSetSize of job (KB)
...
006 (13118.341.000) 2024-06-08 08:26:16 Image size of job updated: 1636188
	588  -  MemoryUsage of job (MB)
	601240  -  ResidentSetSize of job (KB)
...
006 (13118.341.000) 2024-06-08 08:31:17 Image size of job updated: 1638548
	588  -  MemoryUsage of job (MB)
	601240  -  ResidentSetSize of job (KB)
...
006 (13118.341.000) 2024-06-08 08:36:17 Image size of job updated: 1641040
	588  -  MemoryUsage of job (MB)
	601240  -  ResidentSetSize of job (KB)
...
006 (13118.341.000) 2024-06-08 08:41:17 Image size of job updated: 1641064
	588  -  MemoryUsage of job (MB)
	601240  -  ResidentSetSize of job (KB)
...
006 (13118.341.000) 2024-06-08 08:46:18 Image size of job updated: 1643044
	588  -  MemoryUsage of job (MB)
	601240  -  ResidentSetSize of job (KB)
...
006 (13118.341.000) 2024-06-08 08:56:18 Image size of job updated: 1643968
	588  -  MemoryUsage of job (MB)
	601240  -  ResidentSetSize of job (KB)
...
006 (13118.341.000) 2024-06-08 09:01:19 Image size of job updated: 1645556
	588  -  MemoryUsage of job (MB)
	601240  -  ResidentSetSize of job (KB)
...
006 (13118.341.000) 2024-06-08 09:06:20 Image size of job updated: 1647140
	588  -  MemoryUsage of job (MB)
	601240  -  ResidentSetSize of job (KB)
...
006 (13118.341.000) 2024-06-08 09:11:20 Image size of job updated: 1647536
	588  -  MemoryUsage of job (MB)
	601240  -  ResidentSetSize of job (KB)
...
006 (13118.341.000) 2024-06-08 09:16:21 Image size of job updated: 1648996
	588  -  MemoryUsage of job (MB)
	601532  -  ResidentSetSize of job (KB)
...
006 (13118.341.000) 2024-06-08 09:21:22 Image size of job updated: 1653832
	588  -  MemoryUsage of job (MB)
	601532  -  ResidentSetSize of job (KB)
...
006 (13118.341.000) 2024-06-08 09:26:22 Image size of job updated: 1656064
	588  -  MemoryUsage of job (MB)
	601532  -  ResidentSetSize of job (KB)
...
006 (13118.341.000) 2024-06-08 09:31:22 Image size of job updated: 1656064
	589  -  MemoryUsage of job (MB)
	602376  -  ResidentSetSize of job (KB)
...
006 (13118.341.000) 2024-06-08 09:36:23 Image size of job updated: 1656064
	596  -  MemoryUsage of job (MB)
	609532  -  ResidentSetSize of job (KB)
...
006 (13118.341.000) 2024-06-08 09:46:23 Image size of job updated: 1657132
	596  -  MemoryUsage of job (MB)
	609532  -  ResidentSetSize of job (KB)
...
006 (13118.341.000) 2024-06-08 09:51:25 Image size of job updated: 1658456
	596  -  MemoryUsage of job (MB)
	609532  -  ResidentSetSize of job (KB)
...
006 (13118.341.000) 2024-06-08 10:01:25 Image size of job updated: 1660612
	596  -  MemoryUsage of job (MB)
	609532  -  ResidentSetSize of job (KB)
...
006 (13118.341.000) 2024-06-08 10:06:26 Image size of job updated: 1667728
	598  -  MemoryUsage of job (MB)
	612224  -  ResidentSetSize of job (KB)
...
006 (13118.341.000) 2024-06-08 10:11:27 Image size of job updated: 1667728
	601  -  MemoryUsage of job (MB)
	614732  -  ResidentSetSize of job (KB)
...
006 (13118.341.000) 2024-06-08 10:16:27 Image size of job updated: 1667728
	603  -  MemoryUsage of job (MB)
	617156  -  ResidentSetSize of job (KB)
...
006 (13118.341.000) 2024-06-08 10:21:28 Image size of job updated: 1667728
	603  -  MemoryUsage of job (MB)
	617280  -  ResidentSetSize of job (KB)
...
006 (13118.341.000) 2024-06-08 10:26:29 Image size of job updated: 1667728
	604  -  MemoryUsage of job (MB)
	617708  -  ResidentSetSize of job (KB)
...
006 (13118.341.000) 2024-06-08 10:31:29 Image size of job updated: 1667728
	606  -  MemoryUsage of job (MB)
	619800  -  ResidentSetSize of job (KB)
...
006 (13118.341.000) 2024-06-08 10:36:29 Image size of job updated: 1668908
	607  -  MemoryUsage of job (MB)
	620696  -  ResidentSetSize of job (KB)
...
006 (13118.341.000) 2024-06-08 10:41:30 Image size of job updated: 1670228
	608  -  MemoryUsage of job (MB)
	622376  -  ResidentSetSize of job (KB)
...
006 (13118.341.000) 2024-06-08 10:46:30 Image size of job updated: 1671020
	613  -  MemoryUsage of job (MB)
	627336  -  ResidentSetSize of job (KB)
...
006 (13118.341.000) 2024-06-08 10:51:30 Image size of job updated: 1672344
	613  -  MemoryUsage of job (MB)
	627468  -  ResidentSetSize of job (KB)
...
006 (13118.341.000) 2024-06-08 10:56:31 Image size of job updated: 1675784
	615  -  MemoryUsage of job (MB)
	628744  -  ResidentSetSize of job (KB)
...
006 (13118.341.000) 2024-06-08 11:01:32 Image size of job updated: 1675784
	616  -  MemoryUsage of job (MB)
	630728  -  ResidentSetSize of job (KB)
...
005 (13118.341.000) 2024-06-08 11:01:58 Job terminated.
	(1) Normal termination (return value 0)
		Usr 0 03:24:57, Sys 0 00:00:43  -  Run Remote Usage
		Usr 0 00:00:00, Sys 0 00:00:00  -  Run Local Usage
		Usr 0 03:24:57, Sys 0 00:00:43  -  Total Remote Usage
		Usr 0 00:00:00, Sys 0 00:00:00  -  Total Local Usage
	0  -  Run Bytes Sent By Job
	0  -  Run Bytes Received By Job
	0  -  Total Bytes Sent By Job
	0  -  Total Bytes Received By Job
	Partitionable Resources :    Usage  Request Allocated 
	   Cpus                 :     1.00        1         1 
	   Disk (KB)            :    15          15      2245 
	   Memory (MB)          :   616       20480     20480 

	Job terminated of its own accord at 2024-06-08T09:01:58Z with exit-code 0.
...
