000 (13763.010.000) 2024-09-23 16:11:27 Job submitted from host: <10.18.24.233:9618?addrs=10.18.24.233-9618&alias=bioclusts03.bioclust.biologie.ens.fr&noUDP&sock=schedd_942_b64d>
...
001 (13763.010.000) 2024-09-23 16:11:31 Job executing on host: <10.18.24.102:9618?addrs=10.18.24.102-9618&alias=ecoclust07.bioclust.biologie.ens.fr&noUDP&sock=startd_968_8bc4>
...
006 (13763.010.000) 2024-09-23 16:11:40 Image size of job updated: 238524
	147  -  MemoryUsage of job (MB)
	149688  -  ResidentSetSize of job (KB)
...
006 (13763.010.000) 2024-09-23 16:16:41 Image size of job updated: 1720344
	570  -  MemoryUsage of job (MB)
	582992  -  ResidentSetSize of job (KB)
...
006 (13763.010.000) 2024-09-23 16:21:42 Image size of job updated: 1722208
	572  -  MemoryUsage of job (MB)
	585516  -  ResidentSetSize of job (KB)
...
006 (13763.010.000) 2024-09-23 16:26:42 Image size of job updated: 1723000
	572  -  MemoryUsage of job (MB)
	585516  -  ResidentSetSize of job (KB)
...
006 (13763.010.000) 2024-09-23 16:31:43 Image size of job updated: 1724336
	574  -  MemoryUsage of job (MB)
	586980  -  ResidentSetSize of job (KB)
...
006 (13763.010.000) 2024-09-23 16:36:44 Image size of job updated: 1725672
	575  -  MemoryUsage of job (MB)
	588432  -  ResidentSetSize of job (KB)
...
006 (13763.010.000) 2024-09-23 16:41:45 Image size of job updated: 1726732
	576  -  MemoryUsage of job (MB)
	589656  -  ResidentSetSize of job (KB)
...
006 (13763.010.000) 2024-09-23 16:46:45 Image size of job updated: 1728192
	578  -  MemoryUsage of job (MB)
	591272  -  ResidentSetSize of job (KB)
...
006 (13763.010.000) 2024-09-23 16:51:46 Image size of job updated: 1728992
	585  -  MemoryUsage of job (MB)
	598352  -  ResidentSetSize of job (KB)
...
006 (13763.010.000) 2024-09-23 16:56:47 Image size of job updated: 1730324
	585  -  MemoryUsage of job (MB)
	598484  -  ResidentSetSize of job (KB)
...
006 (13763.010.000) 2024-09-23 17:01:47 Image size of job updated: 1731400
	585  -  MemoryUsage of job (MB)
	598484  -  ResidentSetSize of job (KB)
...
006 (13763.010.000) 2024-09-23 17:06:47 Image size of job updated: 1732864
	585  -  MemoryUsage of job (MB)
	598484  -  ResidentSetSize of job (KB)
...
006 (13763.010.000) 2024-09-23 17:11:48 Image size of job updated: 1735112
	585  -  MemoryUsage of job (MB)
	598792  -  ResidentSetSize of job (KB)
...
006 (13763.010.000) 2024-09-23 17:16:48 Image size of job updated: 1735112
	592  -  MemoryUsage of job (MB)
	605528  -  ResidentSetSize of job (KB)
...
006 (13763.010.000) 2024-09-23 17:21:48 Image size of job updated: 1735376
	592  -  MemoryUsage of job (MB)
	605528  -  ResidentSetSize of job (KB)
...
006 (13763.010.000) 2024-09-23 17:26:49 Image size of job updated: 1736828
	592  -  MemoryUsage of job (MB)
	605528  -  ResidentSetSize of job (KB)
...
006 (13763.010.000) 2024-09-23 17:27:20 Image size of job updated: 1737896
	592  -  MemoryUsage of job (MB)
	605528  -  ResidentSetSize of job (KB)
...
005 (13763.010.000) 2024-09-23 17:27:20 Job terminated.
	(1) Normal termination (return value 0)
		Usr 0 01:15:14, Sys 0 00:00:19  -  Run Remote Usage
		Usr 0 00:00:00, Sys 0 00:00:00  -  Run Local Usage
		Usr 0 01:15:14, Sys 0 00:00:19  -  Total Remote Usage
		Usr 0 00:00:00, Sys 0 00:00:00  -  Total Local Usage
	0  -  Run Bytes Sent By Job
	0  -  Run Bytes Received By Job
	0  -  Total Bytes Sent By Job
	0  -  Total Bytes Received By Job
	Partitionable Resources :    Usage  Request Allocated 
	   Cpus                 :     1.00        1         1 
	   Disk (KB)            :    15          15      2473 
	   Memory (MB)          :   592        2048      2048 

	Job terminated of its own accord at 2024-09-23T15:27:20Z with exit-code 0.
...
