000 (13118.040.000) 2024-06-07 17:03:59 Job submitted from host: <10.18.24.233:9618?addrs=10.18.24.233-9618&alias=bioclusts03.bioclust.biologie.ens.fr&noUDP&sock=schedd_942_b64d>
...
001 (13118.040.000) 2024-06-07 18:36:35 Job executing on host: <10.18.24.5:9618?addrs=10.18.24.5-9618&alias=bioclust05.bioclust.biologie.ens.fr&noUDP&sock=startd_1161_ed8b>
...
006 (13118.040.000) 2024-06-07 18:36:44 Image size of job updated: 872384
	170  -  MemoryUsage of job (MB)
	174028  -  ResidentSetSize of job (KB)
...
006 (13118.040.000) 2024-06-07 18:41:45 Image size of job updated: 1586104
	571  -  MemoryUsage of job (MB)
	584240  -  ResidentSetSize of job (KB)
...
006 (13118.040.000) 2024-06-07 18:46:45 Image size of job updated: 1586104
	573  -  MemoryUsage of job (MB)
	586044  -  ResidentSetSize of job (KB)
...
006 (13118.040.000) 2024-06-07 18:51:45 Image size of job updated: 1586104
	576  -  MemoryUsage of job (MB)
	589028  -  ResidentSetSize of job (KB)
...
006 (13118.040.000) 2024-06-07 18:56:46 Image size of job updated: 1586960
	581  -  MemoryUsage of job (MB)
	593940  -  ResidentSetSize of job (KB)
...
006 (13118.040.000) 2024-06-07 19:01:46 Image size of job updated: 1590264
	581  -  MemoryUsage of job (MB)
	594712  -  ResidentSetSize of job (KB)
...
006 (13118.040.000) 2024-06-07 19:06:46 Image size of job updated: 1591584
	585  -  MemoryUsage of job (MB)
	598492  -  ResidentSetSize of job (KB)
...
006 (13118.040.000) 2024-06-07 19:11:47 Image size of job updated: 1594952
	588  -  MemoryUsage of job (MB)
	601936  -  ResidentSetSize of job (KB)
...
006 (13118.040.000) 2024-06-07 19:16:48 Image size of job updated: 1596812
	591  -  MemoryUsage of job (MB)
	604340  -  ResidentSetSize of job (KB)
...
006 (13118.040.000) 2024-06-07 19:21:48 Image size of job updated: 1599328
	593  -  MemoryUsage of job (MB)
	606980  -  ResidentSetSize of job (KB)
...
006 (13118.040.000) 2024-06-07 19:26:49 Image size of job updated: 1601940
	596  -  MemoryUsage of job (MB)
	609928  -  ResidentSetSize of job (KB)
...
006 (13118.040.000) 2024-06-07 19:29:29 Image size of job updated: 1602644
	596  -  MemoryUsage of job (MB)
	609928  -  ResidentSetSize of job (KB)
...
005 (13118.040.000) 2024-06-07 19:29:29 Job terminated.
	(1) Normal termination (return value 0)
		Usr 0 00:52:39, Sys 0 00:00:05  -  Run Remote Usage
		Usr 0 00:00:00, Sys 0 00:00:00  -  Run Local Usage
		Usr 0 00:52:39, Sys 0 00:00:05  -  Total Remote Usage
		Usr 0 00:00:00, Sys 0 00:00:00  -  Total Local Usage
	0  -  Run Bytes Sent By Job
	0  -  Run Bytes Received By Job
	0  -  Total Bytes Sent By Job
	0  -  Total Bytes Received By Job
	Partitionable Resources :    Usage  Request Allocated 
	   Cpus                 :     1.00        1         1 
	   Disk (KB)            :    15          15      2245 
	   Memory (MB)          :   596       20480     20480 

	Job terminated of its own accord at 2024-06-07T17:29:29Z with exit-code 0.
...
