000 (13118.338.000) 2024-06-07 17:04:07 Job submitted from host: <10.18.24.233:9618?addrs=10.18.24.233-9618&alias=bioclusts03.bioclust.biologie.ens.fr&noUDP&sock=schedd_942_b64d>
...
001 (13118.338.000) 2024-06-08 07:29:04 Job executing on host: <10.18.24.41:9618?addrs=10.18.24.41-9618&alias=bioclust41.bioclust.biologie.ens.fr&noUDP&sock=startd_1116_0fc8>
...
006 (13118.338.000) 2024-06-08 07:29:12 Image size of job updated: 655036
	154  -  MemoryUsage of job (MB)
	157472  -  ResidentSetSize of job (KB)
...
006 (13118.338.000) 2024-06-08 07:34:12 Image size of job updated: 1629100
	577  -  MemoryUsage of job (MB)
	590196  -  ResidentSetSize of job (KB)
...
006 (13118.338.000) 2024-06-08 07:39:12 Image size of job updated: 1630868
	592  -  MemoryUsage of job (MB)
	606184  -  ResidentSetSize of job (KB)
...
006 (13118.338.000) 2024-06-08 07:44:13 Image size of job updated: 1634320
	593  -  MemoryUsage of job (MB)
	606316  -  ResidentSetSize of job (KB)
...
006 (13118.338.000) 2024-06-08 07:49:14 Image size of job updated: 1635208
	593  -  MemoryUsage of job (MB)
	606316  -  ResidentSetSize of job (KB)
...
006 (13118.338.000) 2024-06-08 07:54:14 Image size of job updated: 1636476
	593  -  MemoryUsage of job (MB)
	606316  -  ResidentSetSize of job (KB)
...
006 (13118.338.000) 2024-06-08 07:59:14 Image size of job updated: 1638980
	604  -  MemoryUsage of job (MB)
	617932  -  ResidentSetSize of job (KB)
...
006 (13118.338.000) 2024-06-08 08:04:15 Image size of job updated: 1705588
	604  -  MemoryUsage of job (MB)
	618064  -  ResidentSetSize of job (KB)
...
006 (13118.338.000) 2024-06-08 08:09:16 Image size of job updated: 1707988
	604  -  MemoryUsage of job (MB)
	618064  -  ResidentSetSize of job (KB)
...
006 (13118.338.000) 2024-06-08 08:14:16 Image size of job updated: 1710068
	604  -  MemoryUsage of job (MB)
	618064  -  ResidentSetSize of job (KB)
...
006 (13118.338.000) 2024-06-08 08:19:16 Image size of job updated: 1710724
	604  -  MemoryUsage of job (MB)
	618064  -  ResidentSetSize of job (KB)
...
006 (13118.338.000) 2024-06-08 08:24:17 Image size of job updated: 1713252
	604  -  MemoryUsage of job (MB)
	618064  -  ResidentSetSize of job (KB)
...
006 (13118.338.000) 2024-06-08 08:29:18 Image size of job updated: 1715160
	604  -  MemoryUsage of job (MB)
	618064  -  ResidentSetSize of job (KB)
...
006 (13118.338.000) 2024-06-08 08:34:11 Image size of job updated: 1717032
	604  -  MemoryUsage of job (MB)
	618064  -  ResidentSetSize of job (KB)
...
005 (13118.338.000) 2024-06-08 08:34:11 Job terminated.
	(1) Normal termination (return value 0)
		Usr 0 01:04:01, Sys 0 00:00:57  -  Run Remote Usage
		Usr 0 00:00:00, Sys 0 00:00:00  -  Run Local Usage
		Usr 0 01:04:01, Sys 0 00:00:57  -  Total Remote Usage
		Usr 0 00:00:00, Sys 0 00:00:00  -  Total Local Usage
	0  -  Run Bytes Sent By Job
	0  -  Run Bytes Received By Job
	0  -  Total Bytes Sent By Job
	0  -  Total Bytes Received By Job
	Partitionable Resources :    Usage  Request Allocated 
	   Cpus                 :     1.00        1         1 
	   Disk (KB)            :    15          15      1615 
	   Memory (MB)          :   604       20480     20480 

	Job terminated of its own accord at 2024-06-08T06:34:11Z with exit-code 0.
...
