000 (13118.199.000) 2024-06-07 17:04:03 Job submitted from host: <10.18.24.233:9618?addrs=10.18.24.233-9618&alias=bioclusts03.bioclust.biologie.ens.fr&noUDP&sock=schedd_942_b64d>
...
001 (13118.199.000) 2024-06-08 01:13:59 Job executing on host: <10.18.24.12:9618?addrs=10.18.24.12-9618&alias=bioclust12.bioclust.biologie.ens.fr&noUDP&sock=startd_52665_6353>
...
006 (13118.199.000) 2024-06-08 01:14:07 Image size of job updated: 409268
	202  -  MemoryUsage of job (MB)
	206416  -  ResidentSetSize of job (KB)
...
006 (13118.199.000) 2024-06-08 01:19:07 Image size of job updated: 1777420
	586  -  MemoryUsage of job (MB)
	599432  -  ResidentSetSize of job (KB)
...
006 (13118.199.000) 2024-06-08 01:24:08 Image size of job updated: 1779140
	592  -  MemoryUsage of job (MB)
	606164  -  ResidentSetSize of job (KB)
...
006 (13118.199.000) 2024-06-08 01:29:09 Image size of job updated: 1780464
	596  -  MemoryUsage of job (MB)
	609332  -  ResidentSetSize of job (KB)
...
006 (13118.199.000) 2024-06-08 01:34:09 Image size of job updated: 1782048
	599  -  MemoryUsage of job (MB)
	613028  -  ResidentSetSize of job (KB)
...
006 (13118.199.000) 2024-06-08 01:39:09 Image size of job updated: 1783616
	600  -  MemoryUsage of job (MB)
	614052  -  ResidentSetSize of job (KB)
...
006 (13118.199.000) 2024-06-08 01:44:10 Image size of job updated: 1784720
	602  -  MemoryUsage of job (MB)
	615872  -  ResidentSetSize of job (KB)
...
006 (13118.199.000) 2024-06-08 01:49:10 Image size of job updated: 1786528
	604  -  MemoryUsage of job (MB)
	618120  -  ResidentSetSize of job (KB)
...
006 (13118.199.000) 2024-06-08 01:54:10 Image size of job updated: 1787892
	605  -  MemoryUsage of job (MB)
	619100  -  ResidentSetSize of job (KB)
...
006 (13118.199.000) 2024-06-08 01:59:11 Image size of job updated: 1789000
	607  -  MemoryUsage of job (MB)
	621324  -  ResidentSetSize of job (KB)
...
006 (13118.199.000) 2024-06-08 02:04:12 Image size of job updated: 1790844
	609  -  MemoryUsage of job (MB)
	623120  -  ResidentSetSize of job (KB)
...
006 (13118.199.000) 2024-06-08 02:09:12 Image size of job updated: 1792568
	611  -  MemoryUsage of job (MB)
	625232  -  ResidentSetSize of job (KB)
...
006 (13118.199.000) 2024-06-08 02:14:13 Image size of job updated: 1793764
	612  -  MemoryUsage of job (MB)
	626540  -  ResidentSetSize of job (KB)
...
006 (13118.199.000) 2024-06-08 02:19:14 Image size of job updated: 1795564
	614  -  MemoryUsage of job (MB)
	628336  -  ResidentSetSize of job (KB)
...
006 (13118.199.000) 2024-06-08 02:21:35 Image size of job updated: 1796092
	614  -  MemoryUsage of job (MB)
	628336  -  ResidentSetSize of job (KB)
...
005 (13118.199.000) 2024-06-08 02:21:35 Job terminated.
	(1) Normal termination (return value 0)
		Usr 0 01:07:10, Sys 0 00:00:04  -  Run Remote Usage
		Usr 0 00:00:00, Sys 0 00:00:00  -  Run Local Usage
		Usr 0 01:07:10, Sys 0 00:00:04  -  Total Remote Usage
		Usr 0 00:00:00, Sys 0 00:00:00  -  Total Local Usage
	0  -  Run Bytes Sent By Job
	0  -  Run Bytes Received By Job
	0  -  Total Bytes Sent By Job
	0  -  Total Bytes Received By Job
	Partitionable Resources :    Usage  Request Allocated 
	   Cpus                 :     1.00        1         1 
	   Disk (KB)            :    15          15      2316 
	   Memory (MB)          :   614       20480     20480 

	Job terminated of its own accord at 2024-06-08T00:21:35Z with exit-code 0.
...
