000 (13118.286.000) 2024-06-07 17:04:06 Job submitted from host: <10.18.24.233:9618?addrs=10.18.24.233-9618&alias=bioclusts03.bioclust.biologie.ens.fr&noUDP&sock=schedd_942_b64d>
...
001 (13118.286.000) 2024-06-08 05:30:02 Job executing on host: <10.18.24.5:9618?addrs=10.18.24.5-9618&alias=bioclust05.bioclust.biologie.ens.fr&noUDP&sock=startd_1161_ed8b>
...
006 (13118.286.000) 2024-06-08 05:30:11 Image size of job updated: 670244
	169  -  MemoryUsage of job (MB)
	172484  -  ResidentSetSize of job (KB)
...
006 (13118.286.000) 2024-06-08 05:35:12 Image size of job updated: 1676644
	600  -  MemoryUsage of job (MB)
	613616  -  ResidentSetSize of job (KB)
...
006 (13118.286.000) 2024-06-08 05:40:13 Image size of job updated: 1677972
	601  -  MemoryUsage of job (MB)
	615068  -  ResidentSetSize of job (KB)
...
006 (13118.286.000) 2024-06-08 05:45:13 Image size of job updated: 1679032
	602  -  MemoryUsage of job (MB)
	615992  -  ResidentSetSize of job (KB)
...
006 (13118.286.000) 2024-06-08 05:50:13 Image size of job updated: 1679968
	603  -  MemoryUsage of job (MB)
	617048  -  ResidentSetSize of job (KB)
...
006 (13118.286.000) 2024-06-08 05:55:14 Image size of job updated: 1681164
	604  -  MemoryUsage of job (MB)
	618236  -  ResidentSetSize of job (KB)
...
006 (13118.286.000) 2024-06-08 06:00:14 Image size of job updated: 1682160
	604  -  MemoryUsage of job (MB)
	618236  -  ResidentSetSize of job (KB)
...
006 (13118.286.000) 2024-06-08 06:05:14 Image size of job updated: 1683500
	606  -  MemoryUsage of job (MB)
	620496  -  ResidentSetSize of job (KB)
...
006 (13118.286.000) 2024-06-08 06:10:15 Image size of job updated: 1684700
	608  -  MemoryUsage of job (MB)
	621720  -  ResidentSetSize of job (KB)
...
006 (13118.286.000) 2024-06-08 06:15:16 Image size of job updated: 1685764
	609  -  MemoryUsage of job (MB)
	622776  -  ResidentSetSize of job (KB)
...
006 (13118.286.000) 2024-06-08 06:20:16 Image size of job updated: 1687056
	610  -  MemoryUsage of job (MB)
	624188  -  ResidentSetSize of job (KB)
...
006 (13118.286.000) 2024-06-08 06:25:17 Image size of job updated: 1688128
	611  -  MemoryUsage of job (MB)
	624980  -  ResidentSetSize of job (KB)
...
006 (13118.286.000) 2024-06-08 06:30:18 Image size of job updated: 1688828
	612  -  MemoryUsage of job (MB)
	625940  -  ResidentSetSize of job (KB)
...
006 (13118.286.000) 2024-06-08 06:35:18 Image size of job updated: 1690032
	613  -  MemoryUsage of job (MB)
	627128  -  ResidentSetSize of job (KB)
...
006 (13118.286.000) 2024-06-08 06:40:18 Image size of job updated: 1691384
	614  -  MemoryUsage of job (MB)
	628448  -  ResidentSetSize of job (KB)
...
006 (13118.286.000) 2024-06-08 06:45:20 Image size of job updated: 1692460
	615  -  MemoryUsage of job (MB)
	629504  -  ResidentSetSize of job (KB)
...
006 (13118.286.000) 2024-06-08 06:48:38 Image size of job updated: 1693252
	615  -  MemoryUsage of job (MB)
	629504  -  ResidentSetSize of job (KB)
...
005 (13118.286.000) 2024-06-08 06:48:38 Job terminated.
	(1) Normal termination (return value 0)
		Usr 0 01:18:23, Sys 0 00:00:03  -  Run Remote Usage
		Usr 0 00:00:00, Sys 0 00:00:00  -  Run Local Usage
		Usr 0 01:18:23, Sys 0 00:00:03  -  Total Remote Usage
		Usr 0 00:00:00, Sys 0 00:00:00  -  Total Local Usage
	0  -  Run Bytes Sent By Job
	0  -  Run Bytes Received By Job
	0  -  Total Bytes Sent By Job
	0  -  Total Bytes Received By Job
	Partitionable Resources :    Usage  Request Allocated 
	   Cpus                 :     1.00        1         1 
	   Disk (KB)            :    15          15      2245 
	   Memory (MB)          :   615       20480     20480 

	Job terminated of its own accord at 2024-06-08T04:48:38Z with exit-code 0.
...
