000 (13118.184.000) 2024-06-07 17:04:03 Job submitted from host: <10.18.24.233:9618?addrs=10.18.24.233-9618&alias=bioclusts03.bioclust.biologie.ens.fr&noUDP&sock=schedd_942_b64d>
...
001 (13118.184.000) 2024-06-08 00:33:57 Job executing on host: <10.18.24.5:9618?addrs=10.18.24.5-9618&alias=bioclust05.bioclust.biologie.ens.fr&noUDP&sock=startd_1161_ed8b>
...
006 (13118.184.000) 2024-06-08 00:34:06 Image size of job updated: 292908
	169  -  MemoryUsage of job (MB)
	172472  -  ResidentSetSize of job (KB)
...
006 (13118.184.000) 2024-06-08 00:39:07 Image size of job updated: 1580352
	570  -  MemoryUsage of job (MB)
	583492  -  ResidentSetSize of job (KB)
...
006 (13118.184.000) 2024-06-08 00:44:07 Image size of job updated: 1580868
	575  -  MemoryUsage of job (MB)
	587852  -  ResidentSetSize of job (KB)
...
006 (13118.184.000) 2024-06-08 00:49:07 Image size of job updated: 1584436
	577  -  MemoryUsage of job (MB)
	590592  -  ResidentSetSize of job (KB)
...
006 (13118.184.000) 2024-06-08 00:54:08 Image size of job updated: 1586196
	580  -  MemoryUsage of job (MB)
	593052  -  ResidentSetSize of job (KB)
...
006 (13118.184.000) 2024-06-08 00:59:08 Image size of job updated: 1588444
	582  -  MemoryUsage of job (MB)
	595688  -  ResidentSetSize of job (KB)
...
006 (13118.184.000) 2024-06-08 01:04:08 Image size of job updated: 1591480
	586  -  MemoryUsage of job (MB)
	600016  -  ResidentSetSize of job (KB)
...
006 (13118.184.000) 2024-06-08 01:09:09 Image size of job updated: 1593232
	590  -  MemoryUsage of job (MB)
	603876  -  ResidentSetSize of job (KB)
...
006 (13118.184.000) 2024-06-08 01:14:10 Image size of job updated: 1595500
	590  -  MemoryUsage of job (MB)
	604020  -  ResidentSetSize of job (KB)
...
006 (13118.184.000) 2024-06-08 01:19:10 Image size of job updated: 1598816
	594  -  MemoryUsage of job (MB)
	607716  -  ResidentSetSize of job (KB)
...
006 (13118.184.000) 2024-06-08 01:24:11 Image size of job updated: 1601336
	597  -  MemoryUsage of job (MB)
	610792  -  ResidentSetSize of job (KB)
...
006 (13118.184.000) 2024-06-08 01:26:34 Image size of job updated: 1602796
	597  -  MemoryUsage of job (MB)
	610792  -  ResidentSetSize of job (KB)
...
005 (13118.184.000) 2024-06-08 01:26:34 Job terminated.
	(1) Normal termination (return value 0)
		Usr 0 00:52:22, Sys 0 00:00:06  -  Run Remote Usage
		Usr 0 00:00:00, Sys 0 00:00:00  -  Run Local Usage
		Usr 0 00:52:22, Sys 0 00:00:06  -  Total Remote Usage
		Usr 0 00:00:00, Sys 0 00:00:00  -  Total Local Usage
	0  -  Run Bytes Sent By Job
	0  -  Run Bytes Received By Job
	0  -  Total Bytes Sent By Job
	0  -  Total Bytes Received By Job
	Partitionable Resources :    Usage  Request Allocated 
	   Cpus                 :     1.00        1         1 
	   Disk (KB)            :    15          15      2245 
	   Memory (MB)          :   597       20480     20480 

	Job terminated of its own accord at 2024-06-07T23:26:34Z with exit-code 0.
...
