000 (13118.314.000) 2024-06-07 17:04:06 Job submitted from host: <10.18.24.233:9618?addrs=10.18.24.233-9618&alias=bioclusts03.bioclust.biologie.ens.fr&noUDP&sock=schedd_942_b64d>
...
001 (13118.314.000) 2024-06-08 06:32:02 Job executing on host: <10.18.24.12:9618?addrs=10.18.24.12-9618&alias=bioclust12.bioclust.biologie.ens.fr&noUDP&sock=startd_52665_6353>
...
006 (13118.314.000) 2024-06-08 06:32:11 Image size of job updated: 644136
	214  -  MemoryUsage of job (MB)
	218172  -  ResidentSetSize of job (KB)
...
006 (13118.314.000) 2024-06-08 06:37:12 Image size of job updated: 1609304
	566  -  MemoryUsage of job (MB)
	579572  -  ResidentSetSize of job (KB)
...
006 (13118.314.000) 2024-06-08 06:42:13 Image size of job updated: 1610756
	571  -  MemoryUsage of job (MB)
	583988  -  ResidentSetSize of job (KB)
...
006 (13118.314.000) 2024-06-08 06:47:13 Image size of job updated: 1612736
	574  -  MemoryUsage of job (MB)
	587684  -  ResidentSetSize of job (KB)
...
006 (13118.314.000) 2024-06-08 06:52:14 Image size of job updated: 1616104
	579  -  MemoryUsage of job (MB)
	592804  -  ResidentSetSize of job (KB)
...
006 (13118.314.000) 2024-06-08 06:57:15 Image size of job updated: 1616104
	581  -  MemoryUsage of job (MB)
	594068  -  ResidentSetSize of job (KB)
...
006 (13118.314.000) 2024-06-08 07:02:15 Image size of job updated: 1621652
	588  -  MemoryUsage of job (MB)
	601256  -  ResidentSetSize of job (KB)
...
006 (13118.314.000) 2024-06-08 07:07:15 Image size of job updated: 1622576
	590  -  MemoryUsage of job (MB)
	603852  -  ResidentSetSize of job (KB)
...
006 (13118.314.000) 2024-06-08 07:12:16 Image size of job updated: 1623764
	592  -  MemoryUsage of job (MB)
	606088  -  ResidentSetSize of job (KB)
...
006 (13118.314.000) 2024-06-08 07:17:16 Image size of job updated: 1624556
	594  -  MemoryUsage of job (MB)
	608016  -  ResidentSetSize of job (KB)
...
006 (13118.314.000) 2024-06-08 07:22:16 Image size of job updated: 1627464
	598  -  MemoryUsage of job (MB)
	612008  -  ResidentSetSize of job (KB)
...
006 (13118.314.000) 2024-06-08 07:27:17 Image size of job updated: 1634868
	606  -  MemoryUsage of job (MB)
	619984  -  ResidentSetSize of job (KB)
...
006 (13118.314.000) 2024-06-08 07:32:18 Image size of job updated: 1634868
	607  -  MemoryUsage of job (MB)
	621184  -  ResidentSetSize of job (KB)
...
006 (13118.314.000) 2024-06-08 07:37:18 Image size of job updated: 1634868
	608  -  MemoryUsage of job (MB)
	621944  -  ResidentSetSize of job (KB)
...
006 (13118.314.000) 2024-06-08 07:42:19 Image size of job updated: 1634868
	609  -  MemoryUsage of job (MB)
	622720  -  ResidentSetSize of job (KB)
...
006 (13118.314.000) 2024-06-08 07:47:20 Image size of job updated: 1634868
	609  -  MemoryUsage of job (MB)
	623176  -  ResidentSetSize of job (KB)
...
006 (13118.314.000) 2024-06-08 07:52:20 Image size of job updated: 1636452
	611  -  MemoryUsage of job (MB)
	625380  -  ResidentSetSize of job (KB)
...
006 (13118.314.000) 2024-06-08 07:57:21 Image size of job updated: 1641088
	616  -  MemoryUsage of job (MB)
	630436  -  ResidentSetSize of job (KB)
...
006 (13118.314.000) 2024-06-08 08:02:22 Image size of job updated: 1644524
	618  -  MemoryUsage of job (MB)
	631824  -  ResidentSetSize of job (KB)
...
006 (13118.314.000) 2024-06-08 08:07:22 Image size of job updated: 1646232
	618  -  MemoryUsage of job (MB)
	632156  -  ResidentSetSize of job (KB)
...
006 (13118.314.000) 2024-06-08 08:12:22 Image size of job updated: 1647700
	623  -  MemoryUsage of job (MB)
	637488  -  ResidentSetSize of job (KB)
...
006 (13118.314.000) 2024-06-08 08:17:23 Image size of job updated: 1649460
	623  -  MemoryUsage of job (MB)
	637488  -  ResidentSetSize of job (KB)
...
006 (13118.314.000) 2024-06-08 08:22:23 Image size of job updated: 1650764
	629  -  MemoryUsage of job (MB)
	643140  -  ResidentSetSize of job (KB)
...
006 (13118.314.000) 2024-06-08 08:27:23 Image size of job updated: 1652796
	632  -  MemoryUsage of job (MB)
	646276  -  ResidentSetSize of job (KB)
...
006 (13118.314.000) 2024-06-08 08:32:24 Image size of job updated: 1655568
	634  -  MemoryUsage of job (MB)
	649112  -  ResidentSetSize of job (KB)
...
006 (13118.314.000) 2024-06-08 08:37:25 Image size of job updated: 1655568
	635  -  MemoryUsage of job (MB)
	649532  -  ResidentSetSize of job (KB)
...
006 (13118.314.000) 2024-06-08 08:42:25 Image size of job updated: 1655568
	635  -  MemoryUsage of job (MB)
	650092  -  ResidentSetSize of job (KB)
...
006 (13118.314.000) 2024-06-08 08:47:26 Image size of job updated: 1660404
	641  -  MemoryUsage of job (MB)
	655692  -  ResidentSetSize of job (KB)
...
006 (13118.314.000) 2024-06-08 08:52:27 Image size of job updated: 1661064
	642  -  MemoryUsage of job (MB)
	656860  -  ResidentSetSize of job (KB)
...
006 (13118.314.000) 2024-06-08 08:57:27 Image size of job updated: 1662516
	644  -  MemoryUsage of job (MB)
	658864  -  ResidentSetSize of job (KB)
...
006 (13118.314.000) 2024-06-08 09:02:27 Image size of job updated: 1666572
	648  -  MemoryUsage of job (MB)
	663428  -  ResidentSetSize of job (KB)
...
006 (13118.314.000) 2024-06-08 09:07:28 Image size of job updated: 1668296
	648  -  MemoryUsage of job (MB)
	663428  -  ResidentSetSize of job (KB)
...
006 (13118.314.000) 2024-06-08 09:12:28 Image size of job updated: 1669180
	651  -  MemoryUsage of job (MB)
	666564  -  ResidentSetSize of job (KB)
...
006 (13118.314.000) 2024-06-08 09:22:29 Image size of job updated: 1674652
	658  -  MemoryUsage of job (MB)
	673320  -  ResidentSetSize of job (KB)
...
006 (13118.314.000) 2024-06-08 09:27:29 Image size of job updated: 1674652
	658  -  MemoryUsage of job (MB)
	673436  -  ResidentSetSize of job (KB)
...
006 (13118.314.000) 2024-06-08 09:32:29 Image size of job updated: 1674652
	659  -  MemoryUsage of job (MB)
	673860  -  ResidentSetSize of job (KB)
...
006 (13118.314.000) 2024-06-08 09:37:30 Image size of job updated: 1676108
	660  -  MemoryUsage of job (MB)
	675692  -  ResidentSetSize of job (KB)
...
006 (13118.314.000) 2024-06-08 09:42:31 Image size of job updated: 1676640
	663  -  MemoryUsage of job (MB)
	678508  -  ResidentSetSize of job (KB)
...
006 (13118.314.000) 2024-06-08 09:47:31 Image size of job updated: 1678224
	663  -  MemoryUsage of job (MB)
	678508  -  ResidentSetSize of job (KB)
...
006 (13118.314.000) 2024-06-08 09:52:32 Image size of job updated: 1679148
	665  -  MemoryUsage of job (MB)
	680592  -  ResidentSetSize of job (KB)
...
006 (13118.314.000) 2024-06-08 09:57:33 Image size of job updated: 1684844
	669  -  MemoryUsage of job (MB)
	684456  -  ResidentSetSize of job (KB)
...
006 (13118.314.000) 2024-06-08 10:02:33 Image size of job updated: 1684844
	669  -  MemoryUsage of job (MB)
	684812  -  ResidentSetSize of job (KB)
...
006 (13118.314.000) 2024-06-08 10:07:33 Image size of job updated: 1684844
	670  -  MemoryUsage of job (MB)
	685284  -  ResidentSetSize of job (KB)
...
006 (13118.314.000) 2024-06-08 10:12:34 Image size of job updated: 1684844
	671  -  MemoryUsage of job (MB)
	686444  -  ResidentSetSize of job (KB)
...
006 (13118.314.000) 2024-06-08 10:17:34 Image size of job updated: 1687624
	671  -  MemoryUsage of job (MB)
	686444  -  ResidentSetSize of job (KB)
...
006 (13118.314.000) 2024-06-08 10:22:34 Image size of job updated: 1690072
	674  -  MemoryUsage of job (MB)
	689932  -  ResidentSetSize of job (KB)
...
006 (13118.314.000) 2024-06-08 10:27:35 Image size of job updated: 1694564
	681  -  MemoryUsage of job (MB)
	697272  -  ResidentSetSize of job (KB)
...
006 (13118.314.000) 2024-06-08 10:32:36 Image size of job updated: 1694564
	682  -  MemoryUsage of job (MB)
	697492  -  ResidentSetSize of job (KB)
...
006 (13118.314.000) 2024-06-08 10:37:36 Image size of job updated: 1697924
	682  -  MemoryUsage of job (MB)
	697800  -  ResidentSetSize of job (KB)
...
006 (13118.314.000) 2024-06-08 10:42:37 Image size of job updated: 1699324
	687  -  MemoryUsage of job (MB)
	702976  -  ResidentSetSize of job (KB)
...
006 (13118.314.000) 2024-06-08 10:47:38 Image size of job updated: 1699664
	687  -  MemoryUsage of job (MB)
	702976  -  ResidentSetSize of job (KB)
...
006 (13118.314.000) 2024-06-08 10:52:38 Image size of job updated: 1702668
	692  -  MemoryUsage of job (MB)
	707812  -  ResidentSetSize of job (KB)
...
006 (13118.314.000) 2024-06-08 10:57:38 Image size of job updated: 1703724
	692  -  MemoryUsage of job (MB)
	708032  -  ResidentSetSize of job (KB)
...
006 (13118.314.000) 2024-06-08 11:02:39 Image size of job updated: 1706496
	694  -  MemoryUsage of job (MB)
	709944  -  ResidentSetSize of job (KB)
...
006 (13118.314.000) 2024-06-08 11:07:39 Image size of job updated: 1709752
	702  -  MemoryUsage of job (MB)
	718292  -  ResidentSetSize of job (KB)
...
006 (13118.314.000) 2024-06-08 11:12:39 Image size of job updated: 1712800
	702  -  MemoryUsage of job (MB)
	718452  -  ResidentSetSize of job (KB)
...
006 (13118.314.000) 2024-06-08 11:17:40 Image size of job updated: 1712800
	702  -  MemoryUsage of job (MB)
	718708  -  ResidentSetSize of job (KB)
...
006 (13118.314.000) 2024-06-08 11:22:40 Image size of job updated: 1713064
	703  -  MemoryUsage of job (MB)
	719540  -  ResidentSetSize of job (KB)
...
006 (13118.314.000) 2024-06-08 11:27:40 Image size of job updated: 1716892
	706  -  MemoryUsage of job (MB)
	722224  -  ResidentSetSize of job (KB)
...
006 (13118.314.000) 2024-06-08 11:32:41 Image size of job updated: 1716892
	707  -  MemoryUsage of job (MB)
	723508  -  ResidentSetSize of job (KB)
...
006 (13118.314.000) 2024-06-08 11:37:42 Image size of job updated: 1717876
	709  -  MemoryUsage of job (MB)
	725468  -  ResidentSetSize of job (KB)
...
006 (13118.314.000) 2024-06-08 11:42:40 Image size of job updated: 1719868
	709  -  MemoryUsage of job (MB)
	725468  -  ResidentSetSize of job (KB)
...
005 (13118.314.000) 2024-06-08 11:42:40 Job terminated.
	(1) Normal termination (return value 0)
		Usr 0 05:09:46, Sys 0 00:00:39  -  Run Remote Usage
		Usr 0 00:00:00, Sys 0 00:00:00  -  Run Local Usage
		Usr 0 05:09:46, Sys 0 00:00:39  -  Total Remote Usage
		Usr 0 00:00:00, Sys 0 00:00:00  -  Total Local Usage
	0  -  Run Bytes Sent By Job
	0  -  Run Bytes Received By Job
	0  -  Total Bytes Sent By Job
	0  -  Total Bytes Received By Job
	Partitionable Resources :    Usage  Request Allocated 
	   Cpus                 :     1.00        1         1 
	   Disk (KB)            :    15          15      2316 
	   Memory (MB)          :   709       20480     20480 

	Job terminated of its own accord at 2024-06-08T09:42:40Z with exit-code 0.
...
