000 (13118.029.000) 2024-06-07 17:03:59 Job submitted from host: <10.18.24.233:9618?addrs=10.18.24.233-9618&alias=bioclusts03.bioclust.biologie.ens.fr&noUDP&sock=schedd_942_b64d>
...
001 (13118.029.000) 2024-06-07 18:13:32 Job executing on host: <10.18.24.9:9618?addrs=10.18.24.9-9618&alias=bioclust09.bioclust.biologie.ens.fr&noUDP&sock=startd_1120_ce29>
...
006 (13118.029.000) 2024-06-07 18:13:41 Image size of job updated: 312316
	305  -  MemoryUsage of job (MB)
	312316  -  ResidentSetSize of job (KB)
...
006 (13118.029.000) 2024-06-07 18:18:42 Image size of job updated: 1542068
	554  -  MemoryUsage of job (MB)
	566440  -  ResidentSetSize of job (KB)
...
006 (13118.029.000) 2024-06-07 18:23:43 Image size of job updated: 1545240
	562  -  MemoryUsage of job (MB)
	574960  -  ResidentSetSize of job (KB)
...
006 (13118.029.000) 2024-06-07 18:28:43 Image size of job updated: 1552112
	572  -  MemoryUsage of job (MB)
	585380  -  ResidentSetSize of job (KB)
...
006 (13118.029.000) 2024-06-07 18:33:43 Image size of job updated: 1560020
	586  -  MemoryUsage of job (MB)
	599368  -  ResidentSetSize of job (KB)
...
006 (13118.029.000) 2024-06-07 18:38:45 Image size of job updated: 1567880
	595  -  MemoryUsage of job (MB)
	609156  -  ResidentSetSize of job (KB)
...
006 (13118.029.000) 2024-06-07 18:43:45 Image size of job updated: 1574884
	605  -  MemoryUsage of job (MB)
	619104  -  ResidentSetSize of job (KB)
...
006 (13118.029.000) 2024-06-07 18:48:45 Image size of job updated: 1582200
	615  -  MemoryUsage of job (MB)
	628872  -  ResidentSetSize of job (KB)
...
006 (13118.029.000) 2024-06-07 18:53:46 Image size of job updated: 1588124
	623  -  MemoryUsage of job (MB)
	637124  -  ResidentSetSize of job (KB)
...
006 (13118.029.000) 2024-06-07 18:58:47 Image size of job updated: 1662116
	633  -  MemoryUsage of job (MB)
	647684  -  ResidentSetSize of job (KB)
...
006 (13118.029.000) 2024-06-07 19:03:47 Image size of job updated: 1667400
	640  -  MemoryUsage of job (MB)
	654992  -  ResidentSetSize of job (KB)
...
006 (13118.029.000) 2024-06-07 19:08:47 Image size of job updated: 1675612
	650  -  MemoryUsage of job (MB)
	665076  -  ResidentSetSize of job (KB)
...
006 (13118.029.000) 2024-06-07 19:13:48 Image size of job updated: 1680648
	657  -  MemoryUsage of job (MB)
	671940  -  ResidentSetSize of job (KB)
...
006 (13118.029.000) 2024-06-07 19:18:48 Image size of job updated: 1684616
	663  -  MemoryUsage of job (MB)
	677920  -  ResidentSetSize of job (KB)
...
006 (13118.029.000) 2024-06-07 19:23:48 Image size of job updated: 1690692
	671  -  MemoryUsage of job (MB)
	686288  -  ResidentSetSize of job (KB)
...
006 (13118.029.000) 2024-06-07 19:28:49 Image size of job updated: 1696368
	679  -  MemoryUsage of job (MB)
	695076  -  ResidentSetSize of job (KB)
...
006 (13118.029.000) 2024-06-07 19:33:50 Image size of job updated: 1703328
	686  -  MemoryUsage of job (MB)
	702016  -  ResidentSetSize of job (KB)
...
006 (13118.029.000) 2024-06-07 19:38:50 Image size of job updated: 1707948
	692  -  MemoryUsage of job (MB)
	707692  -  ResidentSetSize of job (KB)
...
006 (13118.029.000) 2024-06-07 19:43:50 Image size of job updated: 1713104
	699  -  MemoryUsage of job (MB)
	715604  -  ResidentSetSize of job (KB)
...
006 (13118.029.000) 2024-06-07 19:48:51 Image size of job updated: 1717200
	705  -  MemoryUsage of job (MB)
	721628  -  ResidentSetSize of job (KB)
...
006 (13118.029.000) 2024-06-07 19:53:51 Image size of job updated: 1722744
	711  -  MemoryUsage of job (MB)
	727484  -  ResidentSetSize of job (KB)
...
006 (13118.029.000) 2024-06-07 19:58:51 Image size of job updated: 1727240
	717  -  MemoryUsage of job (MB)
	733676  -  ResidentSetSize of job (KB)
...
006 (13118.029.000) 2024-06-07 20:03:52 Image size of job updated: 1732032
	723  -  MemoryUsage of job (MB)
	740160  -  ResidentSetSize of job (KB)
...
006 (13118.029.000) 2024-06-07 20:08:53 Image size of job updated: 1738640
	731  -  MemoryUsage of job (MB)
	748344  -  ResidentSetSize of job (KB)
...
006 (13118.029.000) 2024-06-07 20:13:53 Image size of job updated: 1742468
	737  -  MemoryUsage of job (MB)
	753736  -  ResidentSetSize of job (KB)
...
006 (13118.029.000) 2024-06-07 20:18:53 Image size of job updated: 1746956
	741  -  MemoryUsage of job (MB)
	758536  -  ResidentSetSize of job (KB)
...
006 (13118.029.000) 2024-06-07 20:23:54 Image size of job updated: 1751228
	747  -  MemoryUsage of job (MB)
	764124  -  ResidentSetSize of job (KB)
...
006 (13118.029.000) 2024-06-07 20:28:55 Image size of job updated: 1756580
	753  -  MemoryUsage of job (MB)
	770776  -  ResidentSetSize of job (KB)
...
006 (13118.029.000) 2024-06-07 20:33:55 Image size of job updated: 1758428
	753  -  MemoryUsage of job (MB)
	770776  -  ResidentSetSize of job (KB)
...
005 (13118.029.000) 2024-06-07 22:25:39 Job terminated.
	(1) Normal termination (return value 0)
		Usr 0 04:11:16, Sys 0 00:00:45  -  Run Remote Usage
		Usr 0 00:00:00, Sys 0 00:00:00  -  Run Local Usage
		Usr 0 04:11:16, Sys 0 00:00:45  -  Total Remote Usage
		Usr 0 00:00:00, Sys 0 00:00:00  -  Total Local Usage
	0  -  Run Bytes Sent By Job
	0  -  Run Bytes Received By Job
	0  -  Total Bytes Sent By Job
	0  -  Total Bytes Received By Job
	Partitionable Resources :    Usage  Request Allocated 
	   Cpus                 :     1.00        1         1 
	   Disk (KB)            :    15          15      2279 
	   Memory (MB)          :   753       20480     20480 

	Job terminated of its own accord at 2024-06-07T20:25:39Z with exit-code 0.
...
