000 (13118.133.000) 2024-06-07 17:04:02 Job submitted from host: <10.18.24.233:9618?addrs=10.18.24.233-9618&alias=bioclusts03.bioclust.biologie.ens.fr&noUDP&sock=schedd_942_b64d>
...
001 (13118.133.000) 2024-06-07 22:17:38 Job executing on host: <10.18.24.13:9618?addrs=10.18.24.13-9618&alias=bioclust13.bioclust.biologie.ens.fr&noUDP&sock=startd_1231_f12c>
...
006 (13118.133.000) 2024-06-07 22:17:46 Image size of job updated: 642524
	267  -  MemoryUsage of job (MB)
	272516  -  ResidentSetSize of job (KB)
...
006 (13118.133.000) 2024-06-07 22:22:46 Image size of job updated: 1598612
	570  -  MemoryUsage of job (MB)
	583360  -  ResidentSetSize of job (KB)
...
006 (13118.133.000) 2024-06-07 22:27:46 Image size of job updated: 1611960
	594  -  MemoryUsage of job (MB)
	608228  -  ResidentSetSize of job (KB)
...
006 (13118.133.000) 2024-06-07 22:32:47 Image size of job updated: 1626908
	619  -  MemoryUsage of job (MB)
	633556  -  ResidentSetSize of job (KB)
...
006 (13118.133.000) 2024-06-07 22:37:47 Image size of job updated: 1640640
	635  -  MemoryUsage of job (MB)
	649668  -  ResidentSetSize of job (KB)
...
006 (13118.133.000) 2024-06-07 22:42:47 Image size of job updated: 1651072
	649  -  MemoryUsage of job (MB)
	664152  -  ResidentSetSize of job (KB)
...
006 (13118.133.000) 2024-06-07 22:47:48 Image size of job updated: 1662688
	665  -  MemoryUsage of job (MB)
	680316  -  ResidentSetSize of job (KB)
...
006 (13118.133.000) 2024-06-07 22:52:49 Image size of job updated: 1672732
	680  -  MemoryUsage of job (MB)
	695876  -  ResidentSetSize of job (KB)
...
006 (13118.133.000) 2024-06-07 22:57:49 Image size of job updated: 1682252
	697  -  MemoryUsage of job (MB)
	713484  -  ResidentSetSize of job (KB)
...
006 (13118.133.000) 2024-06-07 23:02:50 Image size of job updated: 1693360
	709  -  MemoryUsage of job (MB)
	725028  -  ResidentSetSize of job (KB)
...
006 (13118.133.000) 2024-06-07 23:07:51 Image size of job updated: 1700888
	719  -  MemoryUsage of job (MB)
	735880  -  ResidentSetSize of job (KB)
...
006 (13118.133.000) 2024-06-07 23:12:51 Image size of job updated: 1777540
	735  -  MemoryUsage of job (MB)
	752468  -  ResidentSetSize of job (KB)
...
006 (13118.133.000) 2024-06-07 23:17:52 Image size of job updated: 1786524
	753  -  MemoryUsage of job (MB)
	770180  -  ResidentSetSize of job (KB)
...
006 (13118.133.000) 2024-06-07 23:22:53 Image size of job updated: 1794580
	757  -  MemoryUsage of job (MB)
	775028  -  ResidentSetSize of job (KB)
...
006 (13118.133.000) 2024-06-07 23:27:53 Image size of job updated: 1802112
	757  -  MemoryUsage of job (MB)
	775028  -  ResidentSetSize of job (KB)
...
006 (13118.133.000) 2024-06-07 23:47:54 Image size of job updated: 1806780
	757  -  MemoryUsage of job (MB)
	775028  -  ResidentSetSize of job (KB)
...
005 (13118.133.000) 2024-06-09 14:15:44 Job terminated.
	(1) Normal termination (return value 0)
		Usr 1 15:44:55, Sys 0 00:06:24  -  Run Remote Usage
		Usr 0 00:00:00, Sys 0 00:00:00  -  Run Local Usage
		Usr 1 15:44:55, Sys 0 00:06:24  -  Total Remote Usage
		Usr 0 00:00:00, Sys 0 00:00:00  -  Total Local Usage
	0  -  Run Bytes Sent By Job
	0  -  Run Bytes Received By Job
	0  -  Total Bytes Sent By Job
	0  -  Total Bytes Received By Job
	Partitionable Resources :    Usage  Request Allocated 
	   Cpus                 :     1.00        1         1 
	   Disk (KB)            :    15          15      2412 
	   Memory (MB)          :   757       20480     20480 

	Job terminated of its own accord at 2024-06-09T12:15:44Z with exit-code 0.
...
