000 (13118.225.000) 2024-06-07 17:04:04 Job submitted from host: <10.18.24.233:9618?addrs=10.18.24.233-9618&alias=bioclusts03.bioclust.biologie.ens.fr&noUDP&sock=schedd_942_b64d>
...
001 (13118.225.000) 2024-06-08 02:36:59 Job executing on host: <10.18.24.50:9618?addrs=10.18.24.50-9618&alias=bioclust50.bioclust.biologie.ens.fr&noUDP&sock=startd_1147_5337>
...
006 (13118.225.000) 2024-06-08 02:37:07 Image size of job updated: 277048
	186  -  MemoryUsage of job (MB)
	189664  -  ResidentSetSize of job (KB)
...
006 (13118.225.000) 2024-06-08 02:42:07 Image size of job updated: 1702324
	590  -  MemoryUsage of job (MB)
	603356  -  ResidentSetSize of job (KB)
...
006 (13118.225.000) 2024-06-08 02:47:08 Image size of job updated: 1706028
	590  -  MemoryUsage of job (MB)
	604156  -  ResidentSetSize of job (KB)
...
006 (13118.225.000) 2024-06-08 02:52:09 Image size of job updated: 1706028
	592  -  MemoryUsage of job (MB)
	605848  -  ResidentSetSize of job (KB)
...
006 (13118.225.000) 2024-06-08 02:57:09 Image size of job updated: 1706028
	593  -  MemoryUsage of job (MB)
	606656  -  ResidentSetSize of job (KB)
...
006 (13118.225.000) 2024-06-08 03:07:11 Image size of job updated: 1706028
	593  -  MemoryUsage of job (MB)
	606820  -  ResidentSetSize of job (KB)
...
006 (13118.225.000) 2024-06-08 03:12:11 Image size of job updated: 1707604
	594  -  MemoryUsage of job (MB)
	607440  -  ResidentSetSize of job (KB)
...
006 (13118.225.000) 2024-06-08 03:17:11 Image size of job updated: 1707604
	594  -  MemoryUsage of job (MB)
	607788  -  ResidentSetSize of job (KB)
...
006 (13118.225.000) 2024-06-08 03:22:12 Image size of job updated: 1707604
	594  -  MemoryUsage of job (MB)
	608136  -  ResidentSetSize of job (KB)
...
006 (13118.225.000) 2024-06-08 03:27:13 Image size of job updated: 1708144
	596  -  MemoryUsage of job (MB)
	609380  -  ResidentSetSize of job (KB)
...
006 (13118.225.000) 2024-06-08 03:32:13 Image size of job updated: 1708276
	596  -  MemoryUsage of job (MB)
	609588  -  ResidentSetSize of job (KB)
...
006 (13118.225.000) 2024-06-08 03:37:13 Image size of job updated: 1709468
	596  -  MemoryUsage of job (MB)
	609836  -  ResidentSetSize of job (KB)
...
006 (13118.225.000) 2024-06-08 03:42:14 Image size of job updated: 1709468
	596  -  MemoryUsage of job (MB)
	610168  -  ResidentSetSize of job (KB)
...
006 (13118.225.000) 2024-06-08 03:47:15 Image size of job updated: 1711596
	596  -  MemoryUsage of job (MB)
	610168  -  ResidentSetSize of job (KB)
...
006 (13118.225.000) 2024-06-08 03:52:15 Image size of job updated: 1712096
	598  -  MemoryUsage of job (MB)
	611896  -  ResidentSetSize of job (KB)
...
006 (13118.225.000) 2024-06-08 03:57:15 Image size of job updated: 1712240
	600  -  MemoryUsage of job (MB)
	613540  -  ResidentSetSize of job (KB)
...
006 (13118.225.000) 2024-06-08 04:02:16 Image size of job updated: 1712504
	600  -  MemoryUsage of job (MB)
	613540  -  ResidentSetSize of job (KB)
...
006 (13118.225.000) 2024-06-08 04:12:16 Image size of job updated: 1712564
	600  -  MemoryUsage of job (MB)
	614256  -  ResidentSetSize of job (KB)
...
006 (13118.225.000) 2024-06-08 04:17:17 Image size of job updated: 1712564
	600  -  MemoryUsage of job (MB)
	614312  -  ResidentSetSize of job (KB)
...
006 (13118.225.000) 2024-06-08 04:22:18 Image size of job updated: 1712832
	600  -  MemoryUsage of job (MB)
	614312  -  ResidentSetSize of job (KB)
...
006 (13118.225.000) 2024-06-08 04:27:18 Image size of job updated: 1718388
	600  -  MemoryUsage of job (MB)
	614312  -  ResidentSetSize of job (KB)
...
006 (13118.225.000) 2024-06-08 04:32:19 Image size of job updated: 1718388
	602  -  MemoryUsage of job (MB)
	616304  -  ResidentSetSize of job (KB)
...
006 (13118.225.000) 2024-06-08 04:37:20 Image size of job updated: 1718388
	603  -  MemoryUsage of job (MB)
	616728  -  ResidentSetSize of job (KB)
...
006 (13118.225.000) 2024-06-08 04:42:20 Image size of job updated: 1718388
	603  -  MemoryUsage of job (MB)
	617172  -  ResidentSetSize of job (KB)
...
006 (13118.225.000) 2024-06-08 04:47:20 Image size of job updated: 1718388
	603  -  MemoryUsage of job (MB)
	617180  -  ResidentSetSize of job (KB)
...
006 (13118.225.000) 2024-06-08 04:52:21 Image size of job updated: 1718388
	604  -  MemoryUsage of job (MB)
	617856  -  ResidentSetSize of job (KB)
...
006 (13118.225.000) 2024-06-08 04:57:21 Image size of job updated: 1718388
	605  -  MemoryUsage of job (MB)
	618580  -  ResidentSetSize of job (KB)
...
006 (13118.225.000) 2024-06-08 05:02:21 Image size of job updated: 1718388
	605  -  MemoryUsage of job (MB)
	618976  -  ResidentSetSize of job (KB)
...
006 (13118.225.000) 2024-06-08 05:07:22 Image size of job updated: 1718388
	605  -  MemoryUsage of job (MB)
	619488  -  ResidentSetSize of job (KB)
...
006 (13118.225.000) 2024-06-08 05:12:23 Image size of job updated: 1720136
	605  -  MemoryUsage of job (MB)
	619488  -  ResidentSetSize of job (KB)
...
006 (13118.225.000) 2024-06-08 05:22:23 Image size of job updated: 1722872
	607  -  MemoryUsage of job (MB)
	620808  -  ResidentSetSize of job (KB)
...
006 (13118.225.000) 2024-06-08 05:27:24 Image size of job updated: 1722872
	607  -  MemoryUsage of job (MB)
	621508  -  ResidentSetSize of job (KB)
...
006 (13118.225.000) 2024-06-08 05:32:25 Image size of job updated: 1722872
	609  -  MemoryUsage of job (MB)
	623132  -  ResidentSetSize of job (KB)
...
006 (13118.225.000) 2024-06-08 05:37:25 Image size of job updated: 1722872
	609  -  MemoryUsage of job (MB)
	623152  -  ResidentSetSize of job (KB)
...
006 (13118.225.000) 2024-06-08 05:42:25 Image size of job updated: 1722872
	610  -  MemoryUsage of job (MB)
	623632  -  ResidentSetSize of job (KB)
...
006 (13118.225.000) 2024-06-08 05:47:26 Image size of job updated: 1722872
	610  -  MemoryUsage of job (MB)
	623740  -  ResidentSetSize of job (KB)
...
006 (13118.225.000) 2024-06-08 05:57:27 Image size of job updated: 1722872
	610  -  MemoryUsage of job (MB)
	624116  -  ResidentSetSize of job (KB)
...
006 (13118.225.000) 2024-06-08 06:02:27 Image size of job updated: 1722872
	610  -  MemoryUsage of job (MB)
	624152  -  ResidentSetSize of job (KB)
...
006 (13118.225.000) 2024-06-08 06:07:29 Image size of job updated: 1723260
	611  -  MemoryUsage of job (MB)
	625300  -  ResidentSetSize of job (KB)
...
006 (13118.225.000) 2024-06-08 06:12:29 Image size of job updated: 1724192
	614  -  MemoryUsage of job (MB)
	627980  -  ResidentSetSize of job (KB)
...
006 (13118.225.000) 2024-06-08 06:17:29 Image size of job updated: 1724852
	614  -  MemoryUsage of job (MB)
	627980  -  ResidentSetSize of job (KB)
...
006 (13118.225.000) 2024-06-08 06:22:30 Image size of job updated: 1725252
	614  -  MemoryUsage of job (MB)
	627980  -  ResidentSetSize of job (KB)
...
006 (13118.225.000) 2024-06-08 06:32:31 Image size of job updated: 1726836
	614  -  MemoryUsage of job (MB)
	627980  -  ResidentSetSize of job (KB)
...
005 (13118.225.000) 2024-06-08 06:32:35 Job terminated.
	(1) Normal termination (return value 0)
		Usr 0 03:54:58, Sys 0 00:00:08  -  Run Remote Usage
		Usr 0 00:00:00, Sys 0 00:00:00  -  Run Local Usage
		Usr 0 03:54:58, Sys 0 00:00:08  -  Total Remote Usage
		Usr 0 00:00:00, Sys 0 00:00:00  -  Total Local Usage
	0  -  Run Bytes Sent By Job
	0  -  Run Bytes Received By Job
	0  -  Total Bytes Sent By Job
	0  -  Total Bytes Received By Job
	Partitionable Resources :    Usage  Request Allocated 
	   Cpus                 :     1.00        1         1 
	   Disk (KB)            :    15          15      3545 
	   Memory (MB)          :   614       20480     20480 

	Job terminated of its own accord at 2024-06-08T04:32:35Z with exit-code 0.
...
