000 (13118.067.000) 2024-06-07 17:04:00 Job submitted from host: <10.18.24.233:9618?addrs=10.18.24.233-9618&alias=bioclusts03.bioclust.biologie.ens.fr&noUDP&sock=schedd_942_b64d>
...
001 (13118.067.000) 2024-06-07 19:29:36 Job executing on host: <10.18.24.5:9618?addrs=10.18.24.5-9618&alias=bioclust05.bioclust.biologie.ens.fr&noUDP&sock=startd_1161_ed8b>
...
006 (13118.067.000) 2024-06-07 19:29:44 Image size of job updated: 874048
	179  -  MemoryUsage of job (MB)
	182408  -  ResidentSetSize of job (KB)
...
006 (13118.067.000) 2024-06-07 19:34:44 Image size of job updated: 1554768
	527  -  MemoryUsage of job (MB)
	539420  -  ResidentSetSize of job (KB)
...
006 (13118.067.000) 2024-06-07 19:39:44 Image size of job updated: 1568064
	545  -  MemoryUsage of job (MB)
	557212  -  ResidentSetSize of job (KB)
...
006 (13118.067.000) 2024-06-07 19:44:45 Image size of job updated: 1582068
	560  -  MemoryUsage of job (MB)
	573012  -  ResidentSetSize of job (KB)
...
006 (13118.067.000) 2024-06-07 19:49:45 Image size of job updated: 1593944
	574  -  MemoryUsage of job (MB)
	587400  -  ResidentSetSize of job (KB)
...
006 (13118.067.000) 2024-06-07 19:54:45 Image size of job updated: 1604280
	588  -  MemoryUsage of job (MB)
	601144  -  ResidentSetSize of job (KB)
...
006 (13118.067.000) 2024-06-07 19:59:46 Image size of job updated: 1616160
	600  -  MemoryUsage of job (MB)
	613628  -  ResidentSetSize of job (KB)
...
006 (13118.067.000) 2024-06-07 20:04:47 Image size of job updated: 1627384
	612  -  MemoryUsage of job (MB)
	626604  -  ResidentSetSize of job (KB)
...
006 (13118.067.000) 2024-06-07 20:09:47 Image size of job updated: 1637680
	623  -  MemoryUsage of job (MB)
	637664  -  ResidentSetSize of job (KB)
...
006 (13118.067.000) 2024-06-07 20:14:48 Image size of job updated: 1646956
	651  -  MemoryUsage of job (MB)
	666376  -  ResidentSetSize of job (KB)
...
006 (13118.067.000) 2024-06-07 20:19:49 Image size of job updated: 1655420
	651  -  MemoryUsage of job (MB)
	666508  -  ResidentSetSize of job (KB)
...
006 (13118.067.000) 2024-06-07 20:24:49 Image size of job updated: 1663536
	653  -  MemoryUsage of job (MB)
	667956  -  ResidentSetSize of job (KB)
...
006 (13118.067.000) 2024-06-07 20:29:49 Image size of job updated: 1672512
	667  -  MemoryUsage of job (MB)
	682024  -  ResidentSetSize of job (KB)
...
006 (13118.067.000) 2024-06-07 20:34:51 Image size of job updated: 1682256
	673  -  MemoryUsage of job (MB)
	689052  -  ResidentSetSize of job (KB)
...
006 (13118.067.000) 2024-06-07 20:39:51 Image size of job updated: 1689032
	684  -  MemoryUsage of job (MB)
	699724  -  ResidentSetSize of job (KB)
...
006 (13118.067.000) 2024-06-07 20:44:51 Image size of job updated: 1691276
	684  -  MemoryUsage of job (MB)
	699724  -  ResidentSetSize of job (KB)
...
006 (13118.067.000) 2024-06-07 21:44:58 Image size of job updated: 1693412
	686  -  MemoryUsage of job (MB)
	701600  -  ResidentSetSize of job (KB)
...
006 (13118.067.000) 2024-06-07 21:49:58 Image size of job updated: 1695524
	686  -  MemoryUsage of job (MB)
	701600  -  ResidentSetSize of job (KB)
...
006 (13118.067.000) 2024-06-07 22:50:05 Image size of job updated: 1695524
	686  -  MemoryUsage of job (MB)
	701708  -  ResidentSetSize of job (KB)
...
006 (13118.067.000) 2024-06-07 22:55:05 Image size of job updated: 1696188
	686  -  MemoryUsage of job (MB)
	701708  -  ResidentSetSize of job (KB)
...
005 (13118.067.000) 2024-06-07 23:11:05 Job terminated.
	(1) Normal termination (return value 0)
		Usr 0 03:39:33, Sys 0 00:01:40  -  Run Remote Usage
		Usr 0 00:00:00, Sys 0 00:00:00  -  Run Local Usage
		Usr 0 03:39:33, Sys 0 00:01:40  -  Total Remote Usage
		Usr 0 00:00:00, Sys 0 00:00:00  -  Total Local Usage
	0  -  Run Bytes Sent By Job
	0  -  Run Bytes Received By Job
	0  -  Total Bytes Sent By Job
	0  -  Total Bytes Received By Job
	Partitionable Resources :    Usage  Request Allocated 
	   Cpus                 :     1.00        1         1 
	   Disk (KB)            :    15          15      2245 
	   Memory (MB)          :   686       20480     20480 

	Job terminated of its own accord at 2024-06-07T21:11:05Z with exit-code 0.
...
