000 (13118.280.000) 2024-06-07 17:04:06 Job submitted from host: <10.18.24.233:9618?addrs=10.18.24.233-9618&alias=bioclusts03.bioclust.biologie.ens.fr&noUDP&sock=schedd_942_b64d>
...
001 (13118.280.000) 2024-06-08 05:18:01 Job executing on host: <10.18.24.5:9618?addrs=10.18.24.5-9618&alias=bioclust05.bioclust.biologie.ens.fr&noUDP&sock=startd_1161_ed8b>
...
006 (13118.280.000) 2024-06-08 05:18:10 Image size of job updated: 312468
	169  -  MemoryUsage of job (MB)
	172468  -  ResidentSetSize of job (KB)
...
006 (13118.280.000) 2024-06-08 05:23:11 Image size of job updated: 1551428
	550  -  MemoryUsage of job (MB)
	562768  -  ResidentSetSize of job (KB)
...
006 (13118.280.000) 2024-06-08 05:28:11 Image size of job updated: 1626752
	572  -  MemoryUsage of job (MB)
	585180  -  ResidentSetSize of job (KB)
...
006 (13118.280.000) 2024-06-08 05:33:12 Image size of job updated: 1636528
	589  -  MemoryUsage of job (MB)
	602632  -  ResidentSetSize of job (KB)
...
006 (13118.280.000) 2024-06-08 05:38:13 Image size of job updated: 1644712
	602  -  MemoryUsage of job (MB)
	615436  -  ResidentSetSize of job (KB)
...
006 (13118.280.000) 2024-06-08 05:43:13 Image size of job updated: 1652768
	612  -  MemoryUsage of job (MB)
	626160  -  ResidentSetSize of job (KB)
...
006 (13118.280.000) 2024-06-08 05:48:13 Image size of job updated: 1661084
	624  -  MemoryUsage of job (MB)
	638340  -  ResidentSetSize of job (KB)
...
006 (13118.280.000) 2024-06-08 05:53:15 Image size of job updated: 1670844
	637  -  MemoryUsage of job (MB)
	651716  -  ResidentSetSize of job (KB)
...
006 (13118.280.000) 2024-06-08 05:58:15 Image size of job updated: 1679296
	648  -  MemoryUsage of job (MB)
	663112  -  ResidentSetSize of job (KB)
...
006 (13118.280.000) 2024-06-08 06:03:15 Image size of job updated: 1686984
	657  -  MemoryUsage of job (MB)
	672636  -  ResidentSetSize of job (KB)
...
006 (13118.280.000) 2024-06-08 06:08:16 Image size of job updated: 1693584
	668  -  MemoryUsage of job (MB)
	683196  -  ResidentSetSize of job (KB)
...
006 (13118.280.000) 2024-06-08 06:13:17 Image size of job updated: 1700280
	676  -  MemoryUsage of job (MB)
	692100  -  ResidentSetSize of job (KB)
...
006 (13118.280.000) 2024-06-08 06:18:17 Image size of job updated: 1706880
	685  -  MemoryUsage of job (MB)
	701312  -  ResidentSetSize of job (KB)
...
006 (13118.280.000) 2024-06-08 06:23:17 Image size of job updated: 1714644
	702  -  MemoryUsage of job (MB)
	718440  -  ResidentSetSize of job (KB)
...
006 (13118.280.000) 2024-06-08 06:28:18 Image size of job updated: 1721188
	706  -  MemoryUsage of job (MB)
	722044  -  ResidentSetSize of job (KB)
...
006 (13118.280.000) 2024-06-08 06:33:18 Image size of job updated: 1728052
	713  -  MemoryUsage of job (MB)
	730084  -  ResidentSetSize of job (KB)
...
006 (13118.280.000) 2024-06-08 06:38:18 Image size of job updated: 1737652
	725  -  MemoryUsage of job (MB)
	741880  -  ResidentSetSize of job (KB)
...
006 (13118.280.000) 2024-06-08 06:43:19 Image size of job updated: 1742668
	732  -  MemoryUsage of job (MB)
	749444  -  ResidentSetSize of job (KB)
...
006 (13118.280.000) 2024-06-08 06:48:20 Image size of job updated: 1750044
	743  -  MemoryUsage of job (MB)
	760228  -  ResidentSetSize of job (KB)
...
006 (13118.280.000) 2024-06-08 06:53:20 Image size of job updated: 1751364
	743  -  MemoryUsage of job (MB)
	760228  -  ResidentSetSize of job (KB)
...
005 (13118.280.000) 2024-06-08 20:09:03 Job terminated.
	(1) Normal termination (return value 0)
		Usr 0 14:46:27, Sys 0 00:03:39  -  Run Remote Usage
		Usr 0 00:00:00, Sys 0 00:00:00  -  Run Local Usage
		Usr 0 14:46:27, Sys 0 00:03:39  -  Total Remote Usage
		Usr 0 00:00:00, Sys 0 00:00:00  -  Total Local Usage
	0  -  Run Bytes Sent By Job
	0  -  Run Bytes Received By Job
	0  -  Total Bytes Sent By Job
	0  -  Total Bytes Received By Job
	Partitionable Resources :    Usage  Request Allocated 
	   Cpus                 :     1.00        1         1 
	   Disk (KB)            :    15          15      2245 
	   Memory (MB)          :   743       20480     20480 

	Job terminated of its own accord at 2024-06-08T18:09:03Z with exit-code 0.
...
