000 (13112.066.000) 2024-06-07 15:12:16 Job submitted from host: <10.18.24.233:9618?addrs=10.18.24.233-9618&alias=bioclusts03.bioclust.biologie.ens.fr&noUDP&sock=schedd_942_b64d>
...
001 (13112.066.000) 2024-06-07 15:37:59 Job executing on host: <10.18.24.110:9618?addrs=10.18.24.110-9618&alias=ecoclust15.bioclust.biologie.ens.fr&noUDP&sock=startd_1108_9306>
...
006 (13112.066.000) 2024-06-07 15:38:07 Image size of job updated: 739328
	222  -  MemoryUsage of job (MB)
	226644  -  ResidentSetSize of job (KB)
...
006 (13112.066.000) 2024-06-07 15:43:07 Image size of job updated: 1606812
	551  -  MemoryUsage of job (MB)
	563792  -  ResidentSetSize of job (KB)
...
006 (13112.066.000) 2024-06-07 15:48:07 Image size of job updated: 1609452
	562  -  MemoryUsage of job (MB)
	575400  -  ResidentSetSize of job (KB)
...
006 (13112.066.000) 2024-06-07 15:53:09 Image size of job updated: 1611568
	570  -  MemoryUsage of job (MB)
	583012  -  ResidentSetSize of job (KB)
...
006 (13112.066.000) 2024-06-07 15:58:09 Image size of job updated: 1615264
	577  -  MemoryUsage of job (MB)
	590128  -  ResidentSetSize of job (KB)
...
006 (13112.066.000) 2024-06-07 16:03:09 Image size of job updated: 1616320
	581  -  MemoryUsage of job (MB)
	594660  -  ResidentSetSize of job (KB)
...
006 (13112.066.000) 2024-06-07 16:08:10 Image size of job updated: 1620280
	587  -  MemoryUsage of job (MB)
	600740  -  ResidentSetSize of job (KB)
...
006 (13112.066.000) 2024-06-07 16:13:11 Image size of job updated: 1623976
	593  -  MemoryUsage of job (MB)
	606908  -  ResidentSetSize of job (KB)
...
006 (13112.066.000) 2024-06-07 16:18:11 Image size of job updated: 1625956
	597  -  MemoryUsage of job (MB)
	611192  -  ResidentSetSize of job (KB)
...
006 (13112.066.000) 2024-06-07 16:23:11 Image size of job updated: 1628332
	601  -  MemoryUsage of job (MB)
	615380  -  ResidentSetSize of job (KB)
...
006 (13112.066.000) 2024-06-07 16:28:12 Image size of job updated: 1630972
	607  -  MemoryUsage of job (MB)
	620872  -  ResidentSetSize of job (KB)
...
006 (13112.066.000) 2024-06-07 16:33:13 Image size of job updated: 1634144
	611  -  MemoryUsage of job (MB)
	625104  -  ResidentSetSize of job (KB)
...
006 (13112.066.000) 2024-06-07 16:38:13 Image size of job updated: 1636124
	615  -  MemoryUsage of job (MB)
	629236  -  ResidentSetSize of job (KB)
...
006 (13112.066.000) 2024-06-07 16:43:13 Image size of job updated: 1638896
	619  -  MemoryUsage of job (MB)
	633288  -  ResidentSetSize of job (KB)
...
006 (13112.066.000) 2024-06-07 16:48:14 Image size of job updated: 1640612
	622  -  MemoryUsage of job (MB)
	636584  -  ResidentSetSize of job (KB)
...
006 (13112.066.000) 2024-06-07 16:53:14 Image size of job updated: 1645804
	629  -  MemoryUsage of job (MB)
	643368  -  ResidentSetSize of job (KB)
...
006 (13112.066.000) 2024-06-07 16:58:14 Image size of job updated: 1647124
	631  -  MemoryUsage of job (MB)
	646116  -  ResidentSetSize of job (KB)
...
006 (13112.066.000) 2024-06-07 17:03:15 Image size of job updated: 1650160
	636  -  MemoryUsage of job (MB)
	650452  -  ResidentSetSize of job (KB)
...
006 (13112.066.000) 2024-06-07 17:08:16 Image size of job updated: 1652140
	640  -  MemoryUsage of job (MB)
	654876  -  ResidentSetSize of job (KB)
...
006 (13112.066.000) 2024-06-07 17:13:16 Image size of job updated: 1655276
	645  -  MemoryUsage of job (MB)
	659468  -  ResidentSetSize of job (KB)
...
006 (13112.066.000) 2024-06-07 17:18:16 Image size of job updated: 1657916
	648  -  MemoryUsage of job (MB)
	663464  -  ResidentSetSize of job (KB)
...
006 (13112.066.000) 2024-06-07 17:23:17 Image size of job updated: 1659240
	651  -  MemoryUsage of job (MB)
	665904  -  ResidentSetSize of job (KB)
...
006 (13112.066.000) 2024-06-07 17:28:18 Image size of job updated: 1660956
	654  -  MemoryUsage of job (MB)
	669044  -  ResidentSetSize of job (KB)
...
006 (13112.066.000) 2024-06-07 17:33:18 Image size of job updated: 1665664
	663  -  MemoryUsage of job (MB)
	677892  -  ResidentSetSize of job (KB)
...
006 (13112.066.000) 2024-06-07 17:38:18 Image size of job updated: 1666984
	663  -  MemoryUsage of job (MB)
	677892  -  ResidentSetSize of job (KB)
...
006 (13112.066.000) 2024-06-07 17:43:19 Image size of job updated: 1667648
	665  -  MemoryUsage of job (MB)
	680360  -  ResidentSetSize of job (KB)
...
006 (13112.066.000) 2024-06-07 17:48:20 Image size of job updated: 1669760
	668  -  MemoryUsage of job (MB)
	683808  -  ResidentSetSize of job (KB)
...
006 (13112.066.000) 2024-06-07 17:53:20 Image size of job updated: 1678184
	679  -  MemoryUsage of job (MB)
	694644  -  ResidentSetSize of job (KB)
...
006 (13112.066.000) 2024-06-07 17:58:20 Image size of job updated: 1678844
	682  -  MemoryUsage of job (MB)
	697944  -  ResidentSetSize of job (KB)
...
006 (13112.066.000) 2024-06-07 18:03:21 Image size of job updated: 1680916
	686  -  MemoryUsage of job (MB)
	701736  -  ResidentSetSize of job (KB)
...
006 (13112.066.000) 2024-06-07 18:08:21 Image size of job updated: 1683820
	691  -  MemoryUsage of job (MB)
	706696  -  ResidentSetSize of job (KB)
...
006 (13112.066.000) 2024-06-07 18:13:21 Image size of job updated: 1686592
	695  -  MemoryUsage of job (MB)
	711500  -  ResidentSetSize of job (KB)
...
006 (13112.066.000) 2024-06-07 18:18:22 Image size of job updated: 1757304
	703  -  MemoryUsage of job (MB)
	718908  -  ResidentSetSize of job (KB)
...
006 (13112.066.000) 2024-06-07 18:23:23 Image size of job updated: 1760340
	708  -  MemoryUsage of job (MB)
	724860  -  ResidentSetSize of job (KB)
...
006 (13112.066.000) 2024-06-07 18:28:23 Image size of job updated: 1763740
	713  -  MemoryUsage of job (MB)
	729284  -  ResidentSetSize of job (KB)
...
006 (13112.066.000) 2024-06-07 18:33:24 Image size of job updated: 1765588
	716  -  MemoryUsage of job (MB)
	733004  -  ResidentSetSize of job (KB)
...
006 (13112.066.000) 2024-06-07 18:38:25 Image size of job updated: 1771312
	724  -  MemoryUsage of job (MB)
	740708  -  ResidentSetSize of job (KB)
...
006 (13112.066.000) 2024-06-07 18:43:25 Image size of job updated: 1771576
	726  -  MemoryUsage of job (MB)
	742484  -  ResidentSetSize of job (KB)
...
006 (13112.066.000) 2024-06-07 18:48:25 Image size of job updated: 1774084
	736  -  MemoryUsage of job (MB)
	753592  -  ResidentSetSize of job (KB)
...
006 (13112.066.000) 2024-06-07 18:53:26 Image size of job updated: 1779380
	740  -  MemoryUsage of job (MB)
	757656  -  ResidentSetSize of job (KB)
...
006 (13112.066.000) 2024-06-07 18:58:27 Image size of job updated: 1781360
	741  -  MemoryUsage of job (MB)
	757788  -  ResidentSetSize of job (KB)
...
006 (13112.066.000) 2024-06-07 19:03:27 Image size of job updated: 1787964
	753  -  MemoryUsage of job (MB)
	770400  -  ResidentSetSize of job (KB)
...
006 (13112.066.000) 2024-06-07 19:08:27 Image size of job updated: 1789020
	755  -  MemoryUsage of job (MB)
	772556  -  ResidentSetSize of job (KB)
...
006 (13112.066.000) 2024-06-07 19:13:28 Image size of job updated: 1794004
	764  -  MemoryUsage of job (MB)
	781688  -  ResidentSetSize of job (KB)
...
006 (13112.066.000) 2024-06-07 19:18:29 Image size of job updated: 1795588
	764  -  MemoryUsage of job (MB)
	781688  -  ResidentSetSize of job (KB)
...
005 (13112.066.000) 2024-06-08 12:28:27 Job terminated.
	(1) Normal termination (return value 0)
		Usr 0 20:45:27, Sys 0 00:03:17  -  Run Remote Usage
		Usr 0 00:00:00, Sys 0 00:00:00  -  Run Local Usage
		Usr 0 20:45:27, Sys 0 00:03:17  -  Total Remote Usage
		Usr 0 00:00:00, Sys 0 00:00:00  -  Total Local Usage
	0  -  Run Bytes Sent By Job
	0  -  Run Bytes Received By Job
	0  -  Total Bytes Sent By Job
	0  -  Total Bytes Received By Job
	Partitionable Resources :    Usage  Request Allocated 
	   Cpus                 :     1.00        1         1 
	   Disk (KB)            :    15          15      2281 
	   Memory (MB)          :   764       20480     20480 

	Job terminated of its own accord at 2024-06-08T10:28:27Z with exit-code 0.
...
