000 (13118.219.000) 2024-06-07 17:04:04 Job submitted from host: <10.18.24.233:9618?addrs=10.18.24.233-9618&alias=bioclusts03.bioclust.biologie.ens.fr&noUDP&sock=schedd_942_b64d>
...
001 (13118.219.000) 2024-06-08 02:24:58 Job executing on host: <10.18.24.45:9618?addrs=10.18.24.45-9618&alias=bioclust45.bioclust.biologie.ens.fr&noUDP&sock=startd_826558_9dc7>
...
006 (13118.219.000) 2024-06-08 02:25:07 Image size of job updated: 181340
	168  -  MemoryUsage of job (MB)
	171944  -  ResidentSetSize of job (KB)
...
006 (13118.219.000) 2024-06-08 02:30:08 Image size of job updated: 1585472
	580  -  MemoryUsage of job (MB)
	593752  -  ResidentSetSize of job (KB)
...
006 (13118.219.000) 2024-06-08 02:35:08 Image size of job updated: 1589304
	601  -  MemoryUsage of job (MB)
	614444  -  ResidentSetSize of job (KB)
...
006 (13118.219.000) 2024-06-08 02:40:08 Image size of job updated: 1655444
	601  -  MemoryUsage of job (MB)
	614444  -  ResidentSetSize of job (KB)
...
006 (13118.219.000) 2024-06-08 02:45:09 Image size of job updated: 1661048
	601  -  MemoryUsage of job (MB)
	614444  -  ResidentSetSize of job (KB)
...
006 (13118.219.000) 2024-06-08 02:50:09 Image size of job updated: 1664724
	601  -  MemoryUsage of job (MB)
	614444  -  ResidentSetSize of job (KB)
...
006 (13118.219.000) 2024-06-08 02:55:09 Image size of job updated: 1666832
	601  -  MemoryUsage of job (MB)
	614444  -  ResidentSetSize of job (KB)
...
006 (13118.219.000) 2024-06-08 03:00:10 Image size of job updated: 1669600
	601  -  MemoryUsage of job (MB)
	614444  -  ResidentSetSize of job (KB)
...
006 (13118.219.000) 2024-06-08 03:05:11 Image size of job updated: 1674628
	606  -  MemoryUsage of job (MB)
	619596  -  ResidentSetSize of job (KB)
...
006 (13118.219.000) 2024-06-08 03:10:11 Image size of job updated: 1677956
	611  -  MemoryUsage of job (MB)
	625164  -  ResidentSetSize of job (KB)
...
006 (13118.219.000) 2024-06-08 03:15:11 Image size of job updated: 1682676
	615  -  MemoryUsage of job (MB)
	629056  -  ResidentSetSize of job (KB)
...
006 (13118.219.000) 2024-06-08 03:20:12 Image size of job updated: 1685852
	615  -  MemoryUsage of job (MB)
	629056  -  ResidentSetSize of job (KB)
...
006 (13118.219.000) 2024-06-08 03:25:12 Image size of job updated: 1689156
	623  -  MemoryUsage of job (MB)
	636988  -  ResidentSetSize of job (KB)
...
006 (13118.219.000) 2024-06-08 03:30:12 Image size of job updated: 1691112
	623  -  MemoryUsage of job (MB)
	636988  -  ResidentSetSize of job (KB)
...
006 (13118.219.000) 2024-06-08 03:35:13 Image size of job updated: 1697140
	631  -  MemoryUsage of job (MB)
	645476  -  ResidentSetSize of job (KB)
...
006 (13118.219.000) 2024-06-08 03:40:14 Image size of job updated: 1698900
	634  -  MemoryUsage of job (MB)
	648856  -  ResidentSetSize of job (KB)
...
006 (13118.219.000) 2024-06-08 03:45:14 Image size of job updated: 1701340
	637  -  MemoryUsage of job (MB)
	651304  -  ResidentSetSize of job (KB)
...
006 (13118.219.000) 2024-06-08 03:50:15 Image size of job updated: 1704444
	640  -  MemoryUsage of job (MB)
	655024  -  ResidentSetSize of job (KB)
...
006 (13118.219.000) 2024-06-08 03:52:49 Image size of job updated: 1707480
	640  -  MemoryUsage of job (MB)
	655024  -  ResidentSetSize of job (KB)
...
005 (13118.219.000) 2024-06-08 03:52:49 Job terminated.
	(1) Normal termination (return value 0)
		Usr 0 01:26:34, Sys 0 00:00:27  -  Run Remote Usage
		Usr 0 00:00:00, Sys 0 00:00:00  -  Run Local Usage
		Usr 0 01:26:34, Sys 0 00:00:27  -  Total Remote Usage
		Usr 0 00:00:00, Sys 0 00:00:00  -  Total Local Usage
	0  -  Run Bytes Sent By Job
	0  -  Run Bytes Received By Job
	0  -  Total Bytes Sent By Job
	0  -  Total Bytes Received By Job
	Partitionable Resources :    Usage  Request Allocated 
	   Cpus                 :     0.99        1         1 
	   Disk (KB)            :    15          15      2237 
	   Memory (MB)          :   640       20480     20480 

	Job terminated of its own accord at 2024-06-08T01:52:49Z with exit-code 0.
...
