000 (13763.001.000) 2024-09-23 16:11:27 Job submitted from host: <10.18.24.233:9618?addrs=10.18.24.233-9618&alias=bioclusts03.bioclust.biologie.ens.fr&noUDP&sock=schedd_942_b64d>
...
001 (13763.001.000) 2024-09-23 16:11:29 Job executing on host: <10.18.24.45:9618?addrs=10.18.24.45-9618&alias=bioclust45.bioclust.biologie.ens.fr&noUDP&sock=startd_826558_9dc7>
...
006 (13763.001.000) 2024-09-23 16:11:38 Image size of job updated: 234168
	147  -  MemoryUsage of job (MB)
	149820  -  ResidentSetSize of job (KB)
...
006 (13763.001.000) 2024-09-23 16:16:39 Image size of job updated: 1701596
	532  -  MemoryUsage of job (MB)
	544188  -  ResidentSetSize of job (KB)
...
006 (13763.001.000) 2024-09-23 16:21:39 Image size of job updated: 1703048
	534  -  MemoryUsage of job (MB)
	546168  -  ResidentSetSize of job (KB)
...
006 (13763.001.000) 2024-09-23 16:26:40 Image size of job updated: 1704104
	541  -  MemoryUsage of job (MB)
	553692  -  ResidentSetSize of job (KB)
...
006 (13763.001.000) 2024-09-23 16:31:42 Image size of job updated: 1705560
	550  -  MemoryUsage of job (MB)
	562800  -  ResidentSetSize of job (KB)
...
006 (13763.001.000) 2024-09-23 16:36:42 Image size of job updated: 1706884
	552  -  MemoryUsage of job (MB)
	564648  -  ResidentSetSize of job (KB)
...
006 (13763.001.000) 2024-09-23 16:41:42 Image size of job updated: 1708472
	553  -  MemoryUsage of job (MB)
	566232  -  ResidentSetSize of job (KB)
...
006 (13763.001.000) 2024-09-23 16:46:43 Image size of job updated: 1709928
	555  -  MemoryUsage of job (MB)
	567816  -  ResidentSetSize of job (KB)
...
006 (13763.001.000) 2024-09-23 16:51:44 Image size of job updated: 1711248
	557  -  MemoryUsage of job (MB)
	569400  -  ResidentSetSize of job (KB)
...
006 (13763.001.000) 2024-09-23 16:56:44 Image size of job updated: 1712836
	558  -  MemoryUsage of job (MB)
	571116  -  ResidentSetSize of job (KB)
...
006 (13763.001.000) 2024-09-23 17:01:45 Image size of job updated: 1713892
	559  -  MemoryUsage of job (MB)
	572172  -  ResidentSetSize of job (KB)
...
006 (13763.001.000) 2024-09-23 17:06:46 Image size of job updated: 1715612
	561  -  MemoryUsage of job (MB)
	573888  -  ResidentSetSize of job (KB)
...
006 (13763.001.000) 2024-09-23 17:11:46 Image size of job updated: 1717072
	562  -  MemoryUsage of job (MB)
	575472  -  ResidentSetSize of job (KB)
...
006 (13763.001.000) 2024-09-23 17:16:46 Image size of job updated: 1718264
	564  -  MemoryUsage of job (MB)
	576528  -  ResidentSetSize of job (KB)
...
006 (13763.001.000) 2024-09-23 17:21:47 Image size of job updated: 1719328
	565  -  MemoryUsage of job (MB)
	577716  -  ResidentSetSize of job (KB)
...
006 (13763.001.000) 2024-09-23 17:22:42 Image size of job updated: 1719724
	565  -  MemoryUsage of job (MB)
	577716  -  ResidentSetSize of job (KB)
...
005 (13763.001.000) 2024-09-23 17:22:42 Job terminated.
	(1) Normal termination (return value 0)
		Usr 0 01:10:54, Sys 0 00:00:06  -  Run Remote Usage
		Usr 0 00:00:00, Sys 0 00:00:00  -  Run Local Usage
		Usr 0 01:10:54, Sys 0 00:00:06  -  Total Remote Usage
		Usr 0 00:00:00, Sys 0 00:00:00  -  Total Local Usage
	0  -  Run Bytes Sent By Job
	0  -  Run Bytes Received By Job
	0  -  Total Bytes Sent By Job
	0  -  Total Bytes Received By Job
	Partitionable Resources :    Usage  Request Allocated 
	   Cpus                 :     1.00        1         1 
	   Disk (KB)            :    15          15      2237 
	   Memory (MB)          :   565        2048      2048 

	Job terminated of its own accord at 2024-09-23T15:22:42Z with exit-code 0.
...
