000 (13118.103.000) 2024-06-07 17:04:01 Job submitted from host: <10.18.24.233:9618?addrs=10.18.24.233-9618&alias=bioclusts03.bioclust.biologie.ens.fr&noUDP&sock=schedd_942_b64d>
...
001 (13118.103.000) 2024-06-07 20:58:37 Job executing on host: <10.18.24.5:9618?addrs=10.18.24.5-9618&alias=bioclust05.bioclust.biologie.ens.fr&noUDP&sock=startd_1161_ed8b>
...
006 (13118.103.000) 2024-06-07 20:58:45 Image size of job updated: 214032
	210  -  MemoryUsage of job (MB)
	214032  -  ResidentSetSize of job (KB)
...
006 (13118.103.000) 2024-06-07 21:03:45 Image size of job updated: 1555480
	563  -  MemoryUsage of job (MB)
	576128  -  ResidentSetSize of job (KB)
...
006 (13118.103.000) 2024-06-07 21:08:45 Image size of job updated: 1560504
	570  -  MemoryUsage of job (MB)
	583304  -  ResidentSetSize of job (KB)
...
006 (13118.103.000) 2024-06-07 21:13:46 Image size of job updated: 1561824
	573  -  MemoryUsage of job (MB)
	586680  -  ResidentSetSize of job (KB)
...
006 (13118.103.000) 2024-06-07 21:18:46 Image size of job updated: 1566360
	580  -  MemoryUsage of job (MB)
	593036  -  ResidentSetSize of job (KB)
...
006 (13118.103.000) 2024-06-07 21:23:46 Image size of job updated: 1568348
	583  -  MemoryUsage of job (MB)
	596908  -  ResidentSetSize of job (KB)
...
006 (13118.103.000) 2024-06-07 21:28:47 Image size of job updated: 1570992
	588  -  MemoryUsage of job (MB)
	601176  -  ResidentSetSize of job (KB)
...
006 (13118.103.000) 2024-06-07 21:33:48 Image size of job updated: 1573900
	592  -  MemoryUsage of job (MB)
	605196  -  ResidentSetSize of job (KB)
...
006 (13118.103.000) 2024-06-07 21:38:48 Image size of job updated: 1576416
	596  -  MemoryUsage of job (MB)
	609456  -  ResidentSetSize of job (KB)
...
006 (13118.103.000) 2024-06-07 21:43:49 Image size of job updated: 1578132
	598  -  MemoryUsage of job (MB)
	611680  -  ResidentSetSize of job (KB)
...
006 (13118.103.000) 2024-06-07 21:48:50 Image size of job updated: 1581048
	602  -  MemoryUsage of job (MB)
	616012  -  ResidentSetSize of job (KB)
...
006 (13118.103.000) 2024-06-07 21:53:50 Image size of job updated: 1585012
	607  -  MemoryUsage of job (MB)
	620688  -  ResidentSetSize of job (KB)
...
006 (13118.103.000) 2024-06-07 21:58:50 Image size of job updated: 1586068
	609  -  MemoryUsage of job (MB)
	622692  -  ResidentSetSize of job (KB)
...
006 (13118.103.000) 2024-06-07 22:03:51 Image size of job updated: 1590668
	612  -  MemoryUsage of job (MB)
	626572  -  ResidentSetSize of job (KB)
...
006 (13118.103.000) 2024-06-07 22:08:51 Image size of job updated: 1591460
	616  -  MemoryUsage of job (MB)
	630152  -  ResidentSetSize of job (KB)
...
006 (13118.103.000) 2024-06-07 22:13:51 Image size of job updated: 1595036
	622  -  MemoryUsage of job (MB)
	636016  -  ResidentSetSize of job (KB)
...
006 (13118.103.000) 2024-06-07 22:18:52 Image size of job updated: 1598476
	624  -  MemoryUsage of job (MB)
	638452  -  ResidentSetSize of job (KB)
...
006 (13118.103.000) 2024-06-07 22:23:53 Image size of job updated: 1664956
	626  -  MemoryUsage of job (MB)
	640152  -  ResidentSetSize of job (KB)
...
006 (13118.103.000) 2024-06-07 22:28:53 Image size of job updated: 1667864
	629  -  MemoryUsage of job (MB)
	643608  -  ResidentSetSize of job (KB)
...
006 (13118.103.000) 2024-06-07 22:33:53 Image size of job updated: 1673148
	635  -  MemoryUsage of job (MB)
	649872  -  ResidentSetSize of job (KB)
...
005 (13118.103.000) 2024-06-07 22:36:28 Job terminated.
	(1) Normal termination (return value 0)
		Usr 0 01:37:27, Sys 0 00:00:14  -  Run Remote Usage
		Usr 0 00:00:00, Sys 0 00:00:00  -  Run Local Usage
		Usr 0 01:37:27, Sys 0 00:00:14  -  Total Remote Usage
		Usr 0 00:00:00, Sys 0 00:00:00  -  Total Local Usage
	0  -  Run Bytes Sent By Job
	0  -  Run Bytes Received By Job
	0  -  Total Bytes Sent By Job
	0  -  Total Bytes Received By Job
	Partitionable Resources :    Usage  Request Allocated 
	   Cpus                 :     1.00        1         1 
	   Disk (KB)            :    15          15      2245 
	   Memory (MB)          :   635       20480     20480 

	Job terminated of its own accord at 2024-06-07T20:36:28Z with exit-code 0.
...
