000 (13118.356.000) 2024-06-07 17:04:07 Job submitted from host: <10.18.24.233:9618?addrs=10.18.24.233-9618&alias=bioclusts03.bioclust.biologie.ens.fr&noUDP&sock=schedd_942_b64d>
...
001 (13118.356.000) 2024-06-08 08:19:04 Job executing on host: <10.18.24.12:9618?addrs=10.18.24.12-9618&alias=bioclust12.bioclust.biologie.ens.fr&noUDP&sock=startd_52665_6353>
...
006 (13118.356.000) 2024-06-08 08:19:12 Image size of job updated: 469864
	202  -  MemoryUsage of job (MB)
	206344  -  ResidentSetSize of job (KB)
...
006 (13118.356.000) 2024-06-08 08:24:12 Image size of job updated: 1630100
	586  -  MemoryUsage of job (MB)
	599752  -  ResidentSetSize of job (KB)
...
006 (13118.356.000) 2024-06-08 08:29:12 Image size of job updated: 1633668
	590  -  MemoryUsage of job (MB)
	603360  -  ResidentSetSize of job (KB)
...
006 (13118.356.000) 2024-06-08 08:34:13 Image size of job updated: 1636116
	592  -  MemoryUsage of job (MB)
	605924  -  ResidentSetSize of job (KB)
...
006 (13118.356.000) 2024-06-08 08:39:13 Image size of job updated: 1639680
	596  -  MemoryUsage of job (MB)
	609284  -  ResidentSetSize of job (KB)
...
006 (13118.356.000) 2024-06-08 08:44:13 Image size of job updated: 1643376
	599  -  MemoryUsage of job (MB)
	613144  -  ResidentSetSize of job (KB)
...
006 (13118.356.000) 2024-06-08 08:49:14 Image size of job updated: 1647076
	603  -  MemoryUsage of job (MB)
	617020  -  ResidentSetSize of job (KB)
...
006 (13118.356.000) 2024-06-08 08:54:15 Image size of job updated: 1650380
	606  -  MemoryUsage of job (MB)
	620260  -  ResidentSetSize of job (KB)
...
006 (13118.356.000) 2024-06-08 08:59:15 Image size of job updated: 1653416
	610  -  MemoryUsage of job (MB)
	623916  -  ResidentSetSize of job (KB)
...
006 (13118.356.000) 2024-06-08 09:04:16 Image size of job updated: 1656856
	612  -  MemoryUsage of job (MB)
	626576  -  ResidentSetSize of job (KB)
...
006 (13118.356.000) 2024-06-08 09:09:00 Image size of job updated: 1660160
	612  -  MemoryUsage of job (MB)
	626576  -  ResidentSetSize of job (KB)
...
005 (13118.356.000) 2024-06-08 09:09:00 Job terminated.
	(1) Normal termination (return value 0)
		Usr 0 00:49:31, Sys 0 00:00:04  -  Run Remote Usage
		Usr 0 00:00:00, Sys 0 00:00:00  -  Run Local Usage
		Usr 0 00:49:31, Sys 0 00:00:04  -  Total Remote Usage
		Usr 0 00:00:00, Sys 0 00:00:00  -  Total Local Usage
	0  -  Run Bytes Sent By Job
	0  -  Run Bytes Received By Job
	0  -  Total Bytes Sent By Job
	0  -  Total Bytes Received By Job
	Partitionable Resources :    Usage  Request Allocated 
	   Cpus                 :     1.00        1         1 
	   Disk (KB)            :    15          15      2316 
	   Memory (MB)          :   612       20480     20480 

	Job terminated of its own accord at 2024-06-08T07:09:00Z with exit-code 0.
...
