000 (13118.245.000) 2024-06-07 17:04:05 Job submitted from host: <10.18.24.233:9618?addrs=10.18.24.233-9618&alias=bioclusts03.bioclust.biologie.ens.fr&noUDP&sock=schedd_942_b64d>
...
001 (13118.245.000) 2024-06-08 03:27:01 Job executing on host: <10.18.24.5:9618?addrs=10.18.24.5-9618&alias=bioclust05.bioclust.biologie.ens.fr&noUDP&sock=startd_1161_ed8b>
...
006 (13118.245.000) 2024-06-08 03:27:10 Image size of job updated: 667412
	169  -  MemoryUsage of job (MB)
	172552  -  ResidentSetSize of job (KB)
...
006 (13118.245.000) 2024-06-08 03:32:11 Image size of job updated: 1581508
	569  -  MemoryUsage of job (MB)
	582164  -  ResidentSetSize of job (KB)
...
006 (13118.245.000) 2024-06-08 03:37:12 Image size of job updated: 1648652
	573  -  MemoryUsage of job (MB)
	585956  -  ResidentSetSize of job (KB)
...
006 (13118.245.000) 2024-06-08 03:42:12 Image size of job updated: 1649544
	573  -  MemoryUsage of job (MB)
	586088  -  ResidentSetSize of job (KB)
...
006 (13118.245.000) 2024-06-08 03:47:13 Image size of job updated: 1650740
	573  -  MemoryUsage of job (MB)
	586384  -  ResidentSetSize of job (KB)
...
006 (13118.245.000) 2024-06-08 03:52:14 Image size of job updated: 1656704
	573  -  MemoryUsage of job (MB)
	586384  -  ResidentSetSize of job (KB)
...
006 (13118.245.000) 2024-06-08 03:57:14 Image size of job updated: 1658924
	577  -  MemoryUsage of job (MB)
	590028  -  ResidentSetSize of job (KB)
...
006 (13118.245.000) 2024-06-08 04:02:14 Image size of job updated: 1658924
	578  -  MemoryUsage of job (MB)
	591412  -  ResidentSetSize of job (KB)
...
006 (13118.245.000) 2024-06-08 04:07:15 Image size of job updated: 1658924
	580  -  MemoryUsage of job (MB)
	593068  -  ResidentSetSize of job (KB)
...
006 (13118.245.000) 2024-06-08 04:12:15 Image size of job updated: 1658924
	581  -  MemoryUsage of job (MB)
	594400  -  ResidentSetSize of job (KB)
...
006 (13118.245.000) 2024-06-08 04:17:15 Image size of job updated: 1659624
	582  -  MemoryUsage of job (MB)
	595020  -  ResidentSetSize of job (KB)
...
006 (13118.245.000) 2024-06-08 04:22:16 Image size of job updated: 1660404
	584  -  MemoryUsage of job (MB)
	597960  -  ResidentSetSize of job (KB)
...
006 (13118.245.000) 2024-06-08 04:27:16 Image size of job updated: 1667384
	586  -  MemoryUsage of job (MB)
	599524  -  ResidentSetSize of job (KB)
...
005 (13118.245.000) 2024-06-08 04:27:40 Job terminated.
	(1) Normal termination (return value 0)
		Usr 0 01:00:27, Sys 0 00:00:04  -  Run Remote Usage
		Usr 0 00:00:00, Sys 0 00:00:00  -  Run Local Usage
		Usr 0 01:00:27, Sys 0 00:00:04  -  Total Remote Usage
		Usr 0 00:00:00, Sys 0 00:00:00  -  Total Local Usage
	0  -  Run Bytes Sent By Job
	0  -  Run Bytes Received By Job
	0  -  Total Bytes Sent By Job
	0  -  Total Bytes Received By Job
	Partitionable Resources :    Usage  Request Allocated 
	   Cpus                 :     1.00        1         1 
	   Disk (KB)            :    15          15      2245 
	   Memory (MB)          :   586       20480     20480 

	Job terminated of its own accord at 2024-06-08T02:27:40Z with exit-code 0.
...
