000 (13118.119.000) 2024-06-07 17:04:01 Job submitted from host: <10.18.24.233:9618?addrs=10.18.24.233-9618&alias=bioclusts03.bioclust.biologie.ens.fr&noUDP&sock=schedd_942_b64d>
...
001 (13118.119.000) 2024-06-07 21:33:37 Job executing on host: <10.18.24.14:9618?addrs=10.18.24.14-9618&alias=bioclust14.bioclust.biologie.ens.fr&noUDP&sock=startd_1218_0671>
...
006 (13118.119.000) 2024-06-07 21:33:45 Image size of job updated: 653760
	214  -  MemoryUsage of job (MB)
	218260  -  ResidentSetSize of job (KB)
...
006 (13118.119.000) 2024-06-07 21:38:45 Image size of job updated: 1603400
	556  -  MemoryUsage of job (MB)
	568664  -  ResidentSetSize of job (KB)
...
006 (13118.119.000) 2024-06-07 21:43:46 Image size of job updated: 1610660
	569  -  MemoryUsage of job (MB)
	582396  -  ResidentSetSize of job (KB)
...
006 (13118.119.000) 2024-06-07 21:48:46 Image size of job updated: 1618316
	581  -  MemoryUsage of job (MB)
	594040  -  ResidentSetSize of job (KB)
...
006 (13118.119.000) 2024-06-07 21:53:46 Image size of job updated: 1626376
	594  -  MemoryUsage of job (MB)
	607808  -  ResidentSetSize of job (KB)
...
006 (13118.119.000) 2024-06-07 21:58:47 Image size of job updated: 1635576
	605  -  MemoryUsage of job (MB)
	618632  -  ResidentSetSize of job (KB)
...
006 (13118.119.000) 2024-06-07 22:03:48 Image size of job updated: 1643704
	615  -  MemoryUsage of job (MB)
	629208  -  ResidentSetSize of job (KB)
...
006 (13118.119.000) 2024-06-07 22:08:48 Image size of job updated: 1652296
	626  -  MemoryUsage of job (MB)
	640016  -  ResidentSetSize of job (KB)
...
006 (13118.119.000) 2024-06-07 22:13:49 Image size of job updated: 1658368
	634  -  MemoryUsage of job (MB)
	648728  -  ResidentSetSize of job (KB)
...
006 (13118.119.000) 2024-06-07 22:18:50 Image size of job updated: 1664904
	646  -  MemoryUsage of job (MB)
	661372  -  ResidentSetSize of job (KB)
...
006 (13118.119.000) 2024-06-07 22:23:50 Image size of job updated: 1672996
	652  -  MemoryUsage of job (MB)
	667164  -  ResidentSetSize of job (KB)
...
006 (13118.119.000) 2024-06-07 22:28:51 Image size of job updated: 1680272
	661  -  MemoryUsage of job (MB)
	676600  -  ResidentSetSize of job (KB)
...
006 (13118.119.000) 2024-06-07 22:33:52 Image size of job updated: 1688192
	671  -  MemoryUsage of job (MB)
	686648  -  ResidentSetSize of job (KB)
...
006 (13118.119.000) 2024-06-07 22:38:52 Image size of job updated: 1693604
	678  -  MemoryUsage of job (MB)
	693972  -  ResidentSetSize of job (KB)
...
006 (13118.119.000) 2024-06-07 22:43:52 Image size of job updated: 1700928
	687  -  MemoryUsage of job (MB)
	702992  -  ResidentSetSize of job (KB)
...
006 (13118.119.000) 2024-06-07 22:48:53 Image size of job updated: 1707804
	695  -  MemoryUsage of job (MB)
	711660  -  ResidentSetSize of job (KB)
...
006 (13118.119.000) 2024-06-07 22:53:53 Image size of job updated: 1714152
	703  -  MemoryUsage of job (MB)
	719568  -  ResidentSetSize of job (KB)
...
006 (13118.119.000) 2024-06-07 22:58:53 Image size of job updated: 1720712
	711  -  MemoryUsage of job (MB)
	728012  -  ResidentSetSize of job (KB)
...
006 (13118.119.000) 2024-06-07 23:03:55 Image size of job updated: 1725336
	722  -  MemoryUsage of job (MB)
	738892  -  ResidentSetSize of job (KB)
...
006 (13118.119.000) 2024-06-07 23:08:55 Image size of job updated: 1731652
	725  -  MemoryUsage of job (MB)
	742228  -  ResidentSetSize of job (KB)
...
006 (13118.119.000) 2024-06-07 23:13:55 Image size of job updated: 1737460
	733  -  MemoryUsage of job (MB)
	750532  -  ResidentSetSize of job (KB)
...
006 (13118.119.000) 2024-06-07 23:18:56 Image size of job updated: 1744096
	747  -  MemoryUsage of job (MB)
	763932  -  ResidentSetSize of job (KB)
...
006 (13118.119.000) 2024-06-07 23:23:57 Image size of job updated: 1749884
	763  -  MemoryUsage of job (MB)
	780620  -  ResidentSetSize of job (KB)
...
006 (13118.119.000) 2024-06-07 23:28:57 Image size of job updated: 1756564
	763  -  MemoryUsage of job (MB)
	780620  -  ResidentSetSize of job (KB)
...
006 (13118.119.000) 2024-06-07 23:33:58 Image size of job updated: 1760656
	763  -  MemoryUsage of job (MB)
	780620  -  ResidentSetSize of job (KB)
...
006 (13118.119.000) 2024-06-07 23:38:59 Image size of job updated: 1765260
	763  -  MemoryUsage of job (MB)
	780620  -  ResidentSetSize of job (KB)
...
005 (13118.119.000) 2024-06-08 07:57:54 Job terminated.
	(1) Normal termination (return value 0)
		Usr 0 10:20:37, Sys 0 00:01:49  -  Run Remote Usage
		Usr 0 00:00:00, Sys 0 00:00:00  -  Run Local Usage
		Usr 0 10:20:37, Sys 0 00:01:49  -  Total Remote Usage
		Usr 0 00:00:00, Sys 0 00:00:00  -  Total Local Usage
	0  -  Run Bytes Sent By Job
	0  -  Run Bytes Received By Job
	0  -  Total Bytes Sent By Job
	0  -  Total Bytes Received By Job
	Partitionable Resources :    Usage  Request Allocated 
	   Cpus                 :     1.00        1         1 
	   Disk (KB)            :    15          15      2067 
	   Memory (MB)          :   763       20480     20480 

	Job terminated of its own accord at 2024-06-08T05:57:54Z with exit-code 0.
...
