000 (13118.018.000) 2024-06-07 17:03:59 Job submitted from host: <10.18.24.233:9618?addrs=10.18.24.233-9618&alias=bioclusts03.bioclust.biologie.ens.fr&noUDP&sock=schedd_942_b64d>
...
001 (13118.018.000) 2024-06-07 17:37:13 Job executing on host: <10.18.24.47:9618?addrs=10.18.24.47-9618&alias=bioclust47.bioclust.biologie.ens.fr&noUDP&sock=startd_1176_3777>
...
006 (13118.018.000) 2024-06-07 17:37:23 Image size of job updated: 306692
	300  -  MemoryUsage of job (MB)
	306692  -  ResidentSetSize of job (KB)
...
006 (13118.018.000) 2024-06-07 17:42:23 Image size of job updated: 1637916
	592  -  MemoryUsage of job (MB)
	606048  -  ResidentSetSize of job (KB)
...
006 (13118.018.000) 2024-06-07 17:47:23 Image size of job updated: 1641876
	595  -  MemoryUsage of job (MB)
	608524  -  ResidentSetSize of job (KB)
...
006 (13118.018.000) 2024-06-07 17:52:24 Image size of job updated: 1643064
	597  -  MemoryUsage of job (MB)
	610888  -  ResidentSetSize of job (KB)
...
006 (13118.018.000) 2024-06-07 17:57:25 Image size of job updated: 1644384
	598  -  MemoryUsage of job (MB)
	611660  -  ResidentSetSize of job (KB)
...
006 (13118.018.000) 2024-06-07 18:02:26 Image size of job updated: 1646232
	599  -  MemoryUsage of job (MB)
	613204  -  ResidentSetSize of job (KB)
...
006 (13118.018.000) 2024-06-07 18:07:26 Image size of job updated: 1647156
	600  -  MemoryUsage of job (MB)
	614240  -  ResidentSetSize of job (KB)
...
006 (13118.018.000) 2024-06-07 18:12:26 Image size of job updated: 1648740
	602  -  MemoryUsage of job (MB)
	616148  -  ResidentSetSize of job (KB)
...
006 (13118.018.000) 2024-06-07 18:17:27 Image size of job updated: 1650060
	604  -  MemoryUsage of job (MB)
	617628  -  ResidentSetSize of job (KB)
...
006 (13118.018.000) 2024-06-07 18:22:27 Image size of job updated: 1652436
	606  -  MemoryUsage of job (MB)
	619808  -  ResidentSetSize of job (KB)
...
006 (13118.018.000) 2024-06-07 18:27:27 Image size of job updated: 1654548
	608  -  MemoryUsage of job (MB)
	622212  -  ResidentSetSize of job (KB)
...
006 (13118.018.000) 2024-06-07 18:32:28 Image size of job updated: 1656396
	610  -  MemoryUsage of job (MB)
	624404  -  ResidentSetSize of job (KB)
...
006 (13118.018.000) 2024-06-07 18:37:29 Image size of job updated: 1658508
	612  -  MemoryUsage of job (MB)
	626676  -  ResidentSetSize of job (KB)
...
006 (13118.018.000) 2024-06-07 18:42:29 Image size of job updated: 1661148
	615  -  MemoryUsage of job (MB)
	629336  -  ResidentSetSize of job (KB)
...
006 (13118.018.000) 2024-06-07 18:43:28 Image size of job updated: 1661676
	615  -  MemoryUsage of job (MB)
	629336  -  ResidentSetSize of job (KB)
...
005 (13118.018.000) 2024-06-07 18:43:28 Job terminated.
	(1) Normal termination (return value 0)
		Usr 0 01:05:28, Sys 0 00:00:08  -  Run Remote Usage
		Usr 0 00:00:00, Sys 0 00:00:00  -  Run Local Usage
		Usr 0 01:05:28, Sys 0 00:00:08  -  Total Remote Usage
		Usr 0 00:00:00, Sys 0 00:00:00  -  Total Local Usage
	0  -  Run Bytes Sent By Job
	0  -  Run Bytes Received By Job
	0  -  Total Bytes Sent By Job
	0  -  Total Bytes Received By Job
	Partitionable Resources :    Usage  Request Allocated 
	   Cpus                 :     1.00        1         1 
	   Disk (KB)            :    15          15      3083 
	   Memory (MB)          :   615       20480     20480 

	Job terminated of its own accord at 2024-06-07T16:43:28Z with exit-code 0.
...
