000 (13118.364.000) 2024-06-07 17:04:07 Job submitted from host: <10.18.24.233:9618?addrs=10.18.24.233-9618&alias=bioclusts03.bioclust.biologie.ens.fr&noUDP&sock=schedd_942_b64d>
...
001 (13118.364.000) 2024-06-08 08:43:03 Job executing on host: <10.18.24.5:9618?addrs=10.18.24.5-9618&alias=bioclust05.bioclust.biologie.ens.fr&noUDP&sock=startd_1161_ed8b>
...
006 (13118.364.000) 2024-06-08 08:43:12 Image size of job updated: 670084
	166  -  MemoryUsage of job (MB)
	169976  -  ResidentSetSize of job (KB)
...
006 (13118.364.000) 2024-06-08 08:48:12 Image size of job updated: 1606292
	612  -  MemoryUsage of job (MB)
	625808  -  ResidentSetSize of job (KB)
...
006 (13118.364.000) 2024-06-08 08:53:12 Image size of job updated: 1610680
	616  -  MemoryUsage of job (MB)
	630128  -  ResidentSetSize of job (KB)
...
006 (13118.364.000) 2024-06-08 08:58:13 Image size of job updated: 1615724
	621  -  MemoryUsage of job (MB)
	635220  -  ResidentSetSize of job (KB)
...
006 (13118.364.000) 2024-06-08 09:03:14 Image size of job updated: 1619168
	625  -  MemoryUsage of job (MB)
	638984  -  ResidentSetSize of job (KB)
...
006 (13118.364.000) 2024-06-08 09:08:14 Image size of job updated: 1623436
	629  -  MemoryUsage of job (MB)
	643344  -  ResidentSetSize of job (KB)
...
006 (13118.364.000) 2024-06-08 09:13:15 Image size of job updated: 1627940
	633  -  MemoryUsage of job (MB)
	647552  -  ResidentSetSize of job (KB)
...
006 (13118.364.000) 2024-06-08 09:18:16 Image size of job updated: 1632308
	637  -  MemoryUsage of job (MB)
	651952  -  ResidentSetSize of job (KB)
...
006 (13118.364.000) 2024-06-08 09:23:16 Image size of job updated: 1636436
	642  -  MemoryUsage of job (MB)
	656756  -  ResidentSetSize of job (KB)
...
006 (13118.364.000) 2024-06-08 09:28:16 Image size of job updated: 1639472
	645  -  MemoryUsage of job (MB)
	659476  -  ResidentSetSize of job (KB)
...
006 (13118.364.000) 2024-06-08 09:31:35 Image size of job updated: 1642680
	645  -  MemoryUsage of job (MB)
	659476  -  ResidentSetSize of job (KB)
...
005 (13118.364.000) 2024-06-08 09:31:35 Job terminated.
	(1) Normal termination (return value 0)
		Usr 0 00:48:09, Sys 0 00:00:15  -  Run Remote Usage
		Usr 0 00:00:00, Sys 0 00:00:00  -  Run Local Usage
		Usr 0 00:48:09, Sys 0 00:00:15  -  Total Remote Usage
		Usr 0 00:00:00, Sys 0 00:00:00  -  Total Local Usage
	0  -  Run Bytes Sent By Job
	0  -  Run Bytes Received By Job
	0  -  Total Bytes Sent By Job
	0  -  Total Bytes Received By Job
	Partitionable Resources :    Usage  Request Allocated 
	   Cpus                 :     1.00        1         1 
	   Disk (KB)            :    15          15      2245 
	   Memory (MB)          :   645       20480     20480 

	Job terminated of its own accord at 2024-06-08T07:31:34Z with exit-code 0.
...
