000 (13118.202.000) 2024-06-07 17:04:04 Job submitted from host: <10.18.24.233:9618?addrs=10.18.24.233-9618&alias=bioclusts03.bioclust.biologie.ens.fr&noUDP&sock=schedd_942_b64d>
...
001 (13118.202.000) 2024-06-08 01:19:59 Job executing on host: <10.18.24.7:9618?addrs=10.18.24.7-9618&alias=bioclust07.bioclust.biologie.ens.fr&noUDP&sock=startd_1149_b268>
...
006 (13118.202.000) 2024-06-08 01:20:07 Image size of job updated: 852180
	235  -  MemoryUsage of job (MB)
	239824  -  ResidentSetSize of job (KB)
...
006 (13118.202.000) 2024-06-08 01:25:07 Image size of job updated: 1584992
	590  -  MemoryUsage of job (MB)
	603620  -  ResidentSetSize of job (KB)
...
006 (13118.202.000) 2024-06-08 01:30:08 Image size of job updated: 1586432
	599  -  MemoryUsage of job (MB)
	612660  -  ResidentSetSize of job (KB)
...
006 (13118.202.000) 2024-06-08 01:35:09 Image size of job updated: 1588008
	599  -  MemoryUsage of job (MB)
	613004  -  ResidentSetSize of job (KB)
...
006 (13118.202.000) 2024-06-08 01:40:09 Image size of job updated: 1588836
	602  -  MemoryUsage of job (MB)
	616396  -  ResidentSetSize of job (KB)
...
006 (13118.202.000) 2024-06-08 01:45:10 Image size of job updated: 1590576
	603  -  MemoryUsage of job (MB)
	616660  -  ResidentSetSize of job (KB)
...
006 (13118.202.000) 2024-06-08 01:50:11 Image size of job updated: 1592152
	603  -  MemoryUsage of job (MB)
	616660  -  ResidentSetSize of job (KB)
...
006 (13118.202.000) 2024-06-08 01:55:11 Image size of job updated: 1593588
	603  -  MemoryUsage of job (MB)
	616660  -  ResidentSetSize of job (KB)
...
006 (13118.202.000) 2024-06-08 02:00:12 Image size of job updated: 1594792
	607  -  MemoryUsage of job (MB)
	620728  -  ResidentSetSize of job (KB)
...
006 (13118.202.000) 2024-06-08 02:05:13 Image size of job updated: 1596112
	609  -  MemoryUsage of job (MB)
	623104  -  ResidentSetSize of job (KB)
...
006 (13118.202.000) 2024-06-08 02:10:13 Image size of job updated: 1597040
	609  -  MemoryUsage of job (MB)
	623104  -  ResidentSetSize of job (KB)
...
006 (13118.202.000) 2024-06-08 02:15:13 Image size of job updated: 1598808
	609  -  MemoryUsage of job (MB)
	623104  -  ResidentSetSize of job (KB)
...
006 (13118.202.000) 2024-06-08 02:20:14 Image size of job updated: 1600856
	609  -  MemoryUsage of job (MB)
	623104  -  ResidentSetSize of job (KB)
...
006 (13118.202.000) 2024-06-08 02:24:52 Image size of job updated: 1601060
	609  -  MemoryUsage of job (MB)
	623104  -  ResidentSetSize of job (KB)
...
005 (13118.202.000) 2024-06-08 02:24:52 Job terminated.
	(1) Normal termination (return value 0)
		Usr 0 01:04:09, Sys 0 00:00:36  -  Run Remote Usage
		Usr 0 00:00:00, Sys 0 00:00:00  -  Run Local Usage
		Usr 0 01:04:09, Sys 0 00:00:36  -  Total Remote Usage
		Usr 0 00:00:00, Sys 0 00:00:00  -  Total Local Usage
	0  -  Run Bytes Sent By Job
	0  -  Run Bytes Received By Job
	0  -  Total Bytes Sent By Job
	0  -  Total Bytes Received By Job
	Partitionable Resources :    Usage  Request Allocated 
	   Cpus                 :     1.00        1         1 
	   Disk (KB)            :    15          15      2393 
	   Memory (MB)          :   609       20480     20480 

	Job terminated of its own accord at 2024-06-08T00:24:52Z with exit-code 0.
...
