000 (13118.074.000) 2024-06-07 17:04:00 Job submitted from host: <10.18.24.233:9618?addrs=10.18.24.233-9618&alias=bioclusts03.bioclust.biologie.ens.fr&noUDP&sock=schedd_942_b64d>
...
001 (13118.074.000) 2024-06-07 19:44:35 Job executing on host: <10.18.24.12:9618?addrs=10.18.24.12-9618&alias=bioclust12.bioclust.biologie.ens.fr&noUDP&sock=startd_52665_6353>
...
006 (13118.074.000) 2024-06-07 19:44:44 Image size of job updated: 851276
	207  -  MemoryUsage of job (MB)
	211080  -  ResidentSetSize of job (KB)
...
006 (13118.074.000) 2024-06-07 19:49:45 Image size of job updated: 1635144
	580  -  MemoryUsage of job (MB)
	592996  -  ResidentSetSize of job (KB)
...
006 (13118.074.000) 2024-06-07 19:54:45 Image size of job updated: 1637000
	580  -  MemoryUsage of job (MB)
	593808  -  ResidentSetSize of job (KB)
...
006 (13118.074.000) 2024-06-07 19:59:46 Image size of job updated: 1637572
	584  -  MemoryUsage of job (MB)
	597736  -  ResidentSetSize of job (KB)
...
006 (13118.074.000) 2024-06-07 20:04:47 Image size of job updated: 1638764
	584  -  MemoryUsage of job (MB)
	597844  -  ResidentSetSize of job (KB)
...
006 (13118.074.000) 2024-06-07 20:09:47 Image size of job updated: 1639952
	584  -  MemoryUsage of job (MB)
	597872  -  ResidentSetSize of job (KB)
...
006 (13118.074.000) 2024-06-07 20:14:47 Image size of job updated: 1640752
	585  -  MemoryUsage of job (MB)
	598760  -  ResidentSetSize of job (KB)
...
006 (13118.074.000) 2024-06-07 20:19:48 Image size of job updated: 1642600
	589  -  MemoryUsage of job (MB)
	602288  -  ResidentSetSize of job (KB)
...
006 (13118.074.000) 2024-06-07 20:24:48 Image size of job updated: 1644316
	589  -  MemoryUsage of job (MB)
	602316  -  ResidentSetSize of job (KB)
...
006 (13118.074.000) 2024-06-07 20:29:48 Image size of job updated: 1646540
	589  -  MemoryUsage of job (MB)
	602532  -  ResidentSetSize of job (KB)
...
006 (13118.074.000) 2024-06-07 20:39:49 Image size of job updated: 1649956
	594  -  MemoryUsage of job (MB)
	607900  -  ResidentSetSize of job (KB)
...
006 (13118.074.000) 2024-06-07 20:44:49 Image size of job updated: 1649956
	594  -  MemoryUsage of job (MB)
	608140  -  ResidentSetSize of job (KB)
...
006 (13118.074.000) 2024-06-07 20:49:50 Image size of job updated: 1649956
	598  -  MemoryUsage of job (MB)
	612352  -  ResidentSetSize of job (KB)
...
006 (13118.074.000) 2024-06-07 20:54:51 Image size of job updated: 1654184
	598  -  MemoryUsage of job (MB)
	612352  -  ResidentSetSize of job (KB)
...
006 (13118.074.000) 2024-06-07 21:04:52 Image size of job updated: 1654184
	607  -  MemoryUsage of job (MB)
	620952  -  ResidentSetSize of job (KB)
...
006 (13118.074.000) 2024-06-07 21:14:53 Image size of job updated: 1654592
	607  -  MemoryUsage of job (MB)
	620952  -  ResidentSetSize of job (KB)
...
006 (13118.074.000) 2024-06-07 21:19:54 Image size of job updated: 1654700
	607  -  MemoryUsage of job (MB)
	620952  -  ResidentSetSize of job (KB)
...
006 (13118.074.000) 2024-06-07 21:24:55 Image size of job updated: 1655748
	607  -  MemoryUsage of job (MB)
	620952  -  ResidentSetSize of job (KB)
...
006 (13118.074.000) 2024-06-07 21:29:55 Image size of job updated: 1659988
	607  -  MemoryUsage of job (MB)
	620952  -  ResidentSetSize of job (KB)
...
006 (13118.074.000) 2024-06-07 21:44:56 Image size of job updated: 1660880
	607  -  MemoryUsage of job (MB)
	620952  -  ResidentSetSize of job (KB)
...
006 (13118.074.000) 2024-06-07 21:49:56 Image size of job updated: 1661120
	607  -  MemoryUsage of job (MB)
	620952  -  ResidentSetSize of job (KB)
...
006 (13118.074.000) 2024-06-07 21:51:53 Image size of job updated: 1661408
	607  -  MemoryUsage of job (MB)
	620952  -  ResidentSetSize of job (KB)
...
005 (13118.074.000) 2024-06-07 21:51:53 Job terminated.
	(1) Normal termination (return value 0)
		Usr 0 02:06:34, Sys 0 00:00:13  -  Run Remote Usage
		Usr 0 00:00:00, Sys 0 00:00:00  -  Run Local Usage
		Usr 0 02:06:34, Sys 0 00:00:13  -  Total Remote Usage
		Usr 0 00:00:00, Sys 0 00:00:00  -  Total Local Usage
	0  -  Run Bytes Sent By Job
	0  -  Run Bytes Received By Job
	0  -  Total Bytes Sent By Job
	0  -  Total Bytes Received By Job
	Partitionable Resources :    Usage  Request Allocated 
	   Cpus                 :     1.00        1         1 
	   Disk (KB)            :    15          15      2316 
	   Memory (MB)          :   607       20480     20480 

	Job terminated of its own accord at 2024-06-07T19:51:53Z with exit-code 0.
...
