000 (13118.375.000) 2024-06-07 17:04:08 Job submitted from host: <10.18.24.233:9618?addrs=10.18.24.233-9618&alias=bioclusts03.bioclust.biologie.ens.fr&noUDP&sock=schedd_942_b64d>
...
001 (13118.375.000) 2024-06-08 09:19:05 Job executing on host: <10.18.24.14:9618?addrs=10.18.24.14-9618&alias=bioclust14.bioclust.biologie.ens.fr&noUDP&sock=startd_1218_0671>
...
006 (13118.375.000) 2024-06-08 09:19:13 Image size of job updated: 646016
	214  -  MemoryUsage of job (MB)
	218248  -  ResidentSetSize of job (KB)
...
006 (13118.375.000) 2024-06-08 09:24:13 Image size of job updated: 1626064
	585  -  MemoryUsage of job (MB)
	599020  -  ResidentSetSize of job (KB)
...
006 (13118.375.000) 2024-06-08 09:29:14 Image size of job updated: 1629236
	595  -  MemoryUsage of job (MB)
	608768  -  ResidentSetSize of job (KB)
...
006 (13118.375.000) 2024-06-08 09:39:14 Image size of job updated: 1629236
	596  -  MemoryUsage of job (MB)
	609664  -  ResidentSetSize of job (KB)
...
006 (13118.375.000) 2024-06-08 09:44:15 Image size of job updated: 1630152
	596  -  MemoryUsage of job (MB)
	609908  -  ResidentSetSize of job (KB)
...
006 (13118.375.000) 2024-06-08 09:49:16 Image size of job updated: 1630296
	597  -  MemoryUsage of job (MB)
	610660  -  ResidentSetSize of job (KB)
...
006 (13118.375.000) 2024-06-08 09:54:16 Image size of job updated: 1632156
	599  -  MemoryUsage of job (MB)
	612496  -  ResidentSetSize of job (KB)
...
006 (13118.375.000) 2024-06-08 09:59:17 Image size of job updated: 1632688
	599  -  MemoryUsage of job (MB)
	613008  -  ResidentSetSize of job (KB)
...
006 (13118.375.000) 2024-06-08 10:04:18 Image size of job updated: 1632688
	602  -  MemoryUsage of job (MB)
	615604  -  ResidentSetSize of job (KB)
...
006 (13118.375.000) 2024-06-08 10:19:20 Image size of job updated: 1632952
	602  -  MemoryUsage of job (MB)
	615604  -  ResidentSetSize of job (KB)
...
006 (13118.375.000) 2024-06-08 10:24:20 Image size of job updated: 1633084
	602  -  MemoryUsage of job (MB)
	615604  -  ResidentSetSize of job (KB)
...
006 (13118.375.000) 2024-06-08 10:29:20 Image size of job updated: 1633760
	602  -  MemoryUsage of job (MB)
	615604  -  ResidentSetSize of job (KB)
...
006 (13118.375.000) 2024-06-08 10:34:21 Image size of job updated: 1633900
	602  -  MemoryUsage of job (MB)
	615604  -  ResidentSetSize of job (KB)
...
006 (13118.375.000) 2024-06-08 10:39:21 Image size of job updated: 1634796
	602  -  MemoryUsage of job (MB)
	615604  -  ResidentSetSize of job (KB)
...
006 (13118.375.000) 2024-06-08 10:49:22 Image size of job updated: 1635216
	602  -  MemoryUsage of job (MB)
	615604  -  ResidentSetSize of job (KB)
...
006 (13118.375.000) 2024-06-08 10:54:23 Image size of job updated: 1636016
	602  -  MemoryUsage of job (MB)
	615684  -  ResidentSetSize of job (KB)
...
006 (13118.375.000) 2024-06-08 10:59:23 Image size of job updated: 1636268
	603  -  MemoryUsage of job (MB)
	616988  -  ResidentSetSize of job (KB)
...
006 (13118.375.000) 2024-06-08 11:04:24 Image size of job updated: 1636668
	603  -  MemoryUsage of job (MB)
	616988  -  ResidentSetSize of job (KB)
...
006 (13118.375.000) 2024-06-08 11:09:25 Image size of job updated: 1637060
	604  -  MemoryUsage of job (MB)
	617936  -  ResidentSetSize of job (KB)
...
006 (13118.375.000) 2024-06-08 11:19:25 Image size of job updated: 1637192
	604  -  MemoryUsage of job (MB)
	617936  -  ResidentSetSize of job (KB)
...
006 (13118.375.000) 2024-06-08 11:24:26 Image size of job updated: 1637984
	604  -  MemoryUsage of job (MB)
	618352  -  ResidentSetSize of job (KB)
...
006 (13118.375.000) 2024-06-08 11:29:26 Image size of job updated: 1637984
	604  -  MemoryUsage of job (MB)
	618436  -  ResidentSetSize of job (KB)
...
006 (13118.375.000) 2024-06-08 11:34:26 Image size of job updated: 1638644
	605  -  MemoryUsage of job (MB)
	618980  -  ResidentSetSize of job (KB)
...
006 (13118.375.000) 2024-06-08 11:39:27 Image size of job updated: 1639172
	606  -  MemoryUsage of job (MB)
	619584  -  ResidentSetSize of job (KB)
...
006 (13118.375.000) 2024-06-08 11:44:28 Image size of job updated: 1639304
	609  -  MemoryUsage of job (MB)
	623240  -  ResidentSetSize of job (KB)
...
006 (13118.375.000) 2024-06-08 11:49:28 Image size of job updated: 1640360
	609  -  MemoryUsage of job (MB)
	623240  -  ResidentSetSize of job (KB)
...
006 (13118.375.000) 2024-06-08 11:54:29 Image size of job updated: 1640956
	609  -  MemoryUsage of job (MB)
	623240  -  ResidentSetSize of job (KB)
...
006 (13118.375.000) 2024-06-08 12:04:30 Image size of job updated: 1641200
	609  -  MemoryUsage of job (MB)
	623240  -  ResidentSetSize of job (KB)
...
006 (13118.375.000) 2024-06-08 12:09:30 Image size of job updated: 1641440
	609  -  MemoryUsage of job (MB)
	623240  -  ResidentSetSize of job (KB)
...
006 (13118.375.000) 2024-06-08 12:14:31 Image size of job updated: 1642100
	609  -  MemoryUsage of job (MB)
	623240  -  ResidentSetSize of job (KB)
...
006 (13118.375.000) 2024-06-08 12:19:31 Image size of job updated: 1642496
	609  -  MemoryUsage of job (MB)
	623240  -  ResidentSetSize of job (KB)
...
006 (13118.375.000) 2024-06-08 12:24:31 Image size of job updated: 1642808
	609  -  MemoryUsage of job (MB)
	623240  -  ResidentSetSize of job (KB)
...
006 (13118.375.000) 2024-06-08 12:34:33 Image size of job updated: 1643528
	609  -  MemoryUsage of job (MB)
	623240  -  ResidentSetSize of job (KB)
...
005 (13118.375.000) 2024-06-08 12:38:44 Job terminated.
	(1) Normal termination (return value 0)
		Usr 0 03:18:45, Sys 0 00:00:04  -  Run Remote Usage
		Usr 0 00:00:00, Sys 0 00:00:00  -  Run Local Usage
		Usr 0 03:18:45, Sys 0 00:00:04  -  Total Remote Usage
		Usr 0 00:00:00, Sys 0 00:00:00  -  Total Local Usage
	0  -  Run Bytes Sent By Job
	0  -  Run Bytes Received By Job
	0  -  Total Bytes Sent By Job
	0  -  Total Bytes Received By Job
	Partitionable Resources :    Usage  Request Allocated 
	   Cpus                 :     1.00        1         1 
	   Disk (KB)            :    15          15      2067 
	   Memory (MB)          :   609       20480     20480 

	Job terminated of its own accord at 2024-06-08T10:38:44Z with exit-code 0.
...
