000 (13118.236.000) 2024-06-07 17:04:05 Job submitted from host: <10.18.24.233:9618?addrs=10.18.24.233-9618&alias=bioclusts03.bioclust.biologie.ens.fr&noUDP&sock=schedd_942_b64d>
...
001 (13118.236.000) 2024-06-08 03:05:00 Job executing on host: <10.18.24.5:9618?addrs=10.18.24.5-9618&alias=bioclust05.bioclust.biologie.ens.fr&noUDP&sock=startd_1161_ed8b>
...
006 (13118.236.000) 2024-06-08 03:05:09 Image size of job updated: 661948
	169  -  MemoryUsage of job (MB)
	172592  -  ResidentSetSize of job (KB)
...
006 (13118.236.000) 2024-06-08 03:10:10 Image size of job updated: 1627260
	582  -  MemoryUsage of job (MB)
	595728  -  ResidentSetSize of job (KB)
...
006 (13118.236.000) 2024-06-08 03:15:10 Image size of job updated: 1632276
	594  -  MemoryUsage of job (MB)
	607560  -  ResidentSetSize of job (KB)
...
006 (13118.236.000) 2024-06-08 03:20:11 Image size of job updated: 1637028
	604  -  MemoryUsage of job (MB)
	617480  -  ResidentSetSize of job (KB)
...
006 (13118.236.000) 2024-06-08 03:25:12 Image size of job updated: 1642044
	611  -  MemoryUsage of job (MB)
	625664  -  ResidentSetSize of job (KB)
...
006 (13118.236.000) 2024-06-08 03:30:12 Image size of job updated: 1646796
	619  -  MemoryUsage of job (MB)
	633244  -  ResidentSetSize of job (KB)
...
006 (13118.236.000) 2024-06-08 03:35:12 Image size of job updated: 1650624
	625  -  MemoryUsage of job (MB)
	639296  -  ResidentSetSize of job (KB)
...
006 (13118.236.000) 2024-06-08 03:40:13 Image size of job updated: 1653660
	630  -  MemoryUsage of job (MB)
	644452  -  ResidentSetSize of job (KB)
...
006 (13118.236.000) 2024-06-08 03:45:13 Image size of job updated: 1659340
	637  -  MemoryUsage of job (MB)
	651608  -  ResidentSetSize of job (KB)
...
006 (13118.236.000) 2024-06-08 03:50:13 Image size of job updated: 1663036
	642  -  MemoryUsage of job (MB)
	656992  -  ResidentSetSize of job (KB)
...
006 (13118.236.000) 2024-06-08 03:55:14 Image size of job updated: 1666336
	647  -  MemoryUsage of job (MB)
	661848  -  ResidentSetSize of job (KB)
...
006 (13118.236.000) 2024-06-08 04:00:15 Image size of job updated: 1669904
	652  -  MemoryUsage of job (MB)
	666884  -  ResidentSetSize of job (KB)
...
006 (13118.236.000) 2024-06-08 04:05:15 Image size of job updated: 1674000
	657  -  MemoryUsage of job (MB)
	672444  -  ResidentSetSize of job (KB)
...
006 (13118.236.000) 2024-06-08 04:10:16 Image size of job updated: 1678624
	663  -  MemoryUsage of job (MB)
	678552  -  ResidentSetSize of job (KB)
...
006 (13118.236.000) 2024-06-08 04:15:17 Image size of job updated: 1683116
	668  -  MemoryUsage of job (MB)
	683920  -  ResidentSetSize of job (KB)
...
006 (13118.236.000) 2024-06-08 04:20:17 Image size of job updated: 1686016
	673  -  MemoryUsage of job (MB)
	688140  -  ResidentSetSize of job (KB)
...
006 (13118.236.000) 2024-06-08 04:25:18 Image size of job updated: 1689580
	677  -  MemoryUsage of job (MB)
	692756  -  ResidentSetSize of job (KB)
...
006 (13118.236.000) 2024-06-08 04:30:19 Image size of job updated: 1693540
	682  -  MemoryUsage of job (MB)
	697864  -  ResidentSetSize of job (KB)
...
006 (13118.236.000) 2024-06-08 04:35:19 Image size of job updated: 1696580
	686  -  MemoryUsage of job (MB)
	701984  -  ResidentSetSize of job (KB)
...
006 (13118.236.000) 2024-06-08 04:40:19 Image size of job updated: 1699880
	691  -  MemoryUsage of job (MB)
	706628  -  ResidentSetSize of job (KB)
...
006 (13118.236.000) 2024-06-08 04:45:20 Image size of job updated: 1702784
	694  -  MemoryUsage of job (MB)
	710396  -  ResidentSetSize of job (KB)
...
006 (13118.236.000) 2024-06-08 04:50:20 Image size of job updated: 1705424
	698  -  MemoryUsage of job (MB)
	714376  -  ResidentSetSize of job (KB)
...
006 (13118.236.000) 2024-06-08 04:55:20 Image size of job updated: 1708860
	703  -  MemoryUsage of job (MB)
	719616  -  ResidentSetSize of job (KB)
...
006 (13118.236.000) 2024-06-08 05:00:22 Image size of job updated: 1712688
	707  -  MemoryUsage of job (MB)
	723804  -  ResidentSetSize of job (KB)
...
006 (13118.236.000) 2024-06-08 05:05:22 Image size of job updated: 1715460
	712  -  MemoryUsage of job (MB)
	728960  -  ResidentSetSize of job (KB)
...
006 (13118.236.000) 2024-06-08 05:10:22 Image size of job updated: 1719288
	716  -  MemoryUsage of job (MB)
	732528  -  ResidentSetSize of job (KB)
...
006 (13118.236.000) 2024-06-08 05:15:23 Image size of job updated: 1721532
	719  -  MemoryUsage of job (MB)
	735560  -  ResidentSetSize of job (KB)
...
006 (13118.236.000) 2024-06-08 05:20:24 Image size of job updated: 1724976
	723  -  MemoryUsage of job (MB)
	739468  -  ResidentSetSize of job (KB)
...
006 (13118.236.000) 2024-06-08 05:25:24 Image size of job updated: 1728016
	727  -  MemoryUsage of job (MB)
	743612  -  ResidentSetSize of job (KB)
...
006 (13118.236.000) 2024-06-08 05:30:25 Image size of job updated: 1730928
	731  -  MemoryUsage of job (MB)
	747752  -  ResidentSetSize of job (KB)
...
006 (13118.236.000) 2024-06-08 05:35:26 Image size of job updated: 1733436
	734  -  MemoryUsage of job (MB)
	751256  -  ResidentSetSize of job (KB)
...
006 (13118.236.000) 2024-06-08 05:40:26 Image size of job updated: 1737792
	739  -  MemoryUsage of job (MB)
	756068  -  ResidentSetSize of job (KB)
...
006 (13118.236.000) 2024-06-08 05:45:26 Image size of job updated: 1738716
	741  -  MemoryUsage of job (MB)
	757788  -  ResidentSetSize of job (KB)
...
006 (13118.236.000) 2024-06-08 05:50:27 Image size of job updated: 1742280
	744  -  MemoryUsage of job (MB)
	760980  -  ResidentSetSize of job (KB)
...
006 (13118.236.000) 2024-06-08 05:55:27 Image size of job updated: 1744232
	748  -  MemoryUsage of job (MB)
	765260  -  ResidentSetSize of job (KB)
...
006 (13118.236.000) 2024-06-08 06:00:27 Image size of job updated: 1748060
	752  -  MemoryUsage of job (MB)
	769868  -  ResidentSetSize of job (KB)
...
006 (13118.236.000) 2024-06-08 06:05:28 Image size of job updated: 1750444
	755  -  MemoryUsage of job (MB)
	773116  -  ResidentSetSize of job (KB)
...
006 (13118.236.000) 2024-06-08 06:10:28 Image size of job updated: 1751632
	758  -  MemoryUsage of job (MB)
	775420  -  ResidentSetSize of job (KB)
...
006 (13118.236.000) 2024-06-08 06:15:28 Image size of job updated: 1754804
	763  -  MemoryUsage of job (MB)
	781016  -  ResidentSetSize of job (KB)
...
006 (13118.236.000) 2024-06-08 06:20:29 Image size of job updated: 1757448
	767  -  MemoryUsage of job (MB)
	785040  -  ResidentSetSize of job (KB)
...
006 (13118.236.000) 2024-06-08 06:25:30 Image size of job updated: 1759296
	768  -  MemoryUsage of job (MB)
	785592  -  ResidentSetSize of job (KB)
...
006 (13118.236.000) 2024-06-08 06:30:30 Image size of job updated: 1763656
	775  -  MemoryUsage of job (MB)
	793088  -  ResidentSetSize of job (KB)
...
006 (13118.236.000) 2024-06-08 06:35:31 Image size of job updated: 1765768
	776  -  MemoryUsage of job (MB)
	794084  -  ResidentSetSize of job (KB)
...
006 (13118.236.000) 2024-06-08 06:40:32 Image size of job updated: 1766956
	776  -  MemoryUsage of job (MB)
	794084  -  ResidentSetSize of job (KB)
...
005 (13118.236.000) 2024-06-08 07:34:54 Job terminated.
	(1) Normal termination (return value 0)
		Usr 0 04:29:12, Sys 0 00:00:21  -  Run Remote Usage
		Usr 0 00:00:00, Sys 0 00:00:00  -  Run Local Usage
		Usr 0 04:29:12, Sys 0 00:00:21  -  Total Remote Usage
		Usr 0 00:00:00, Sys 0 00:00:00  -  Total Local Usage
	0  -  Run Bytes Sent By Job
	0  -  Run Bytes Received By Job
	0  -  Total Bytes Sent By Job
	0  -  Total Bytes Received By Job
	Partitionable Resources :    Usage  Request Allocated 
	   Cpus                 :     1.00        1         1 
	   Disk (KB)            :    15          15      2245 
	   Memory (MB)          :   776       20480     20480 

	Job terminated of its own accord at 2024-06-08T05:34:54Z with exit-code 0.
...
