000 (13118.032.000) 2024-06-07 17:03:59 Job submitted from host: <10.18.24.233:9618?addrs=10.18.24.233-9618&alias=bioclusts03.bioclust.biologie.ens.fr&noUDP&sock=schedd_942_b64d>
...
001 (13118.032.000) 2024-06-07 18:24:31 Job executing on host: <10.18.24.12:9618?addrs=10.18.24.12-9618&alias=bioclust12.bioclust.biologie.ens.fr&noUDP&sock=startd_52665_6353>
...
006 (13118.032.000) 2024-06-07 18:24:40 Image size of job updated: 654936
	214  -  MemoryUsage of job (MB)
	218988  -  ResidentSetSize of job (KB)
...
006 (13118.032.000) 2024-06-07 18:29:41 Image size of job updated: 1640588
	575  -  MemoryUsage of job (MB)
	588592  -  ResidentSetSize of job (KB)
...
006 (13118.032.000) 2024-06-07 18:34:41 Image size of job updated: 1641644
	576  -  MemoryUsage of job (MB)
	589780  -  ResidentSetSize of job (KB)
...
006 (13118.032.000) 2024-06-07 18:39:41 Image size of job updated: 1642572
	577  -  MemoryUsage of job (MB)
	590704  -  ResidentSetSize of job (KB)
...
006 (13118.032.000) 2024-06-07 18:44:43 Image size of job updated: 1643632
	579  -  MemoryUsage of job (MB)
	591892  -  ResidentSetSize of job (KB)
...
006 (13118.032.000) 2024-06-07 18:49:43 Image size of job updated: 1644692
	580  -  MemoryUsage of job (MB)
	592948  -  ResidentSetSize of job (KB)
...
006 (13118.032.000) 2024-06-07 18:54:43 Image size of job updated: 1645748
	581  -  MemoryUsage of job (MB)
	594016  -  ResidentSetSize of job (KB)
...
006 (13118.032.000) 2024-06-07 18:59:44 Image size of job updated: 1646840
	582  -  MemoryUsage of job (MB)
	595732  -  ResidentSetSize of job (KB)
...
006 (13118.032.000) 2024-06-07 19:04:45 Image size of job updated: 1647500
	583  -  MemoryUsage of job (MB)
	596392  -  ResidentSetSize of job (KB)
...
006 (13118.032.000) 2024-06-07 19:09:45 Image size of job updated: 1648164
	584  -  MemoryUsage of job (MB)
	597052  -  ResidentSetSize of job (KB)
...
006 (13118.032.000) 2024-06-07 19:14:46 Image size of job updated: 1649224
	585  -  MemoryUsage of job (MB)
	598240  -  ResidentSetSize of job (KB)
...
006 (13118.032.000) 2024-06-07 19:19:47 Image size of job updated: 1650328
	586  -  MemoryUsage of job (MB)
	599760  -  ResidentSetSize of job (KB)
...
006 (13118.032.000) 2024-06-07 19:24:47 Image size of job updated: 1651776
	587  -  MemoryUsage of job (MB)
	600948  -  ResidentSetSize of job (KB)
...
006 (13118.032.000) 2024-06-07 19:29:47 Image size of job updated: 1652572
	588  -  MemoryUsage of job (MB)
	601696  -  ResidentSetSize of job (KB)
...
006 (13118.032.000) 2024-06-07 19:34:48 Image size of job updated: 1653736
	589  -  MemoryUsage of job (MB)
	602960  -  ResidentSetSize of job (KB)
...
006 (13118.032.000) 2024-06-07 19:39:48 Image size of job updated: 1654396
	590  -  MemoryUsage of job (MB)
	603752  -  ResidentSetSize of job (KB)
...
006 (13118.032.000) 2024-06-07 19:44:04 Image size of job updated: 1655460
	590  -  MemoryUsage of job (MB)
	603752  -  ResidentSetSize of job (KB)
...
005 (13118.032.000) 2024-06-07 19:44:05 Job terminated.
	(1) Normal termination (return value 0)
		Usr 0 01:19:17, Sys 0 00:00:04  -  Run Remote Usage
		Usr 0 00:00:00, Sys 0 00:00:00  -  Run Local Usage
		Usr 0 01:19:17, Sys 0 00:00:04  -  Total Remote Usage
		Usr 0 00:00:00, Sys 0 00:00:00  -  Total Local Usage
	0  -  Run Bytes Sent By Job
	0  -  Run Bytes Received By Job
	0  -  Total Bytes Sent By Job
	0  -  Total Bytes Received By Job
	Partitionable Resources :    Usage  Request Allocated 
	   Cpus                 :     1.00        1         1 
	   Disk (KB)            :    15          15      2316 
	   Memory (MB)          :   590       20480     20480 

	Job terminated of its own accord at 2024-06-07T17:44:04Z with exit-code 0.
...
