000 (13112.007.000) 2024-06-07 15:12:15 Job submitted from host: <10.18.24.233:9618?addrs=10.18.24.233-9618&alias=bioclusts03.bioclust.biologie.ens.fr&noUDP&sock=schedd_942_b64d>
...
001 (13112.007.000) 2024-06-07 15:12:18 Job executing on host: <10.18.24.45:9618?addrs=10.18.24.45-9618&alias=bioclust45.bioclust.biologie.ens.fr&noUDP&sock=startd_826558_9dc7>
...
006 (13112.007.000) 2024-06-07 15:12:27 Image size of job updated: 360756
	290  -  MemoryUsage of job (MB)
	296736  -  ResidentSetSize of job (KB)
...
006 (13112.007.000) 2024-06-07 15:17:28 Image size of job updated: 1575292
	560  -  MemoryUsage of job (MB)
	573192  -  ResidentSetSize of job (KB)
...
006 (13112.007.000) 2024-06-07 15:22:28 Image size of job updated: 1578200
	564  -  MemoryUsage of job (MB)
	576884  -  ResidentSetSize of job (KB)
...
006 (13112.007.000) 2024-06-07 15:27:29 Image size of job updated: 1579788
	567  -  MemoryUsage of job (MB)
	580280  -  ResidentSetSize of job (KB)
...
006 (13112.007.000) 2024-06-07 15:32:30 Image size of job updated: 1582324
	567  -  MemoryUsage of job (MB)
	580320  -  ResidentSetSize of job (KB)
...
006 (13112.007.000) 2024-06-07 15:37:30 Image size of job updated: 1584700
	573  -  MemoryUsage of job (MB)
	586752  -  ResidentSetSize of job (KB)
...
006 (13112.007.000) 2024-06-07 15:42:30 Image size of job updated: 1586812
	574  -  MemoryUsage of job (MB)
	586884  -  ResidentSetSize of job (KB)
...
006 (13112.007.000) 2024-06-07 15:47:32 Image size of job updated: 1589464
	576  -  MemoryUsage of job (MB)
	588992  -  ResidentSetSize of job (KB)
...
006 (13112.007.000) 2024-06-07 15:52:32 Image size of job updated: 1591580
	577  -  MemoryUsage of job (MB)
	590188  -  ResidentSetSize of job (KB)
...
006 (13112.007.000) 2024-06-07 15:57:32 Image size of job updated: 1593960
	580  -  MemoryUsage of job (MB)
	593716  -  ResidentSetSize of job (KB)
...
006 (13112.007.000) 2024-06-07 16:00:55 Image size of job updated: 1595548
	580  -  MemoryUsage of job (MB)
	593716  -  ResidentSetSize of job (KB)
...
005 (13112.007.000) 2024-06-07 16:00:55 Job terminated.
	(1) Normal termination (return value 0)
		Usr 0 00:47:37, Sys 0 00:00:27  -  Run Remote Usage
		Usr 0 00:00:00, Sys 0 00:00:00  -  Run Local Usage
		Usr 0 00:47:37, Sys 0 00:00:27  -  Total Remote Usage
		Usr 0 00:00:00, Sys 0 00:00:00  -  Total Local Usage
	0  -  Run Bytes Sent By Job
	0  -  Run Bytes Received By Job
	0  -  Total Bytes Sent By Job
	0  -  Total Bytes Received By Job
	Partitionable Resources :    Usage  Request Allocated 
	   Cpus                 :     1.00        1         1 
	   Disk (KB)            :    15          15      2237 
	   Memory (MB)          :   580       20480     20480 

	Job terminated of its own accord at 2024-06-07T14:00:55Z with exit-code 0.
...
