000 (13118.015.000) 2024-06-07 17:03:59 Job submitted from host: <10.18.24.233:9618?addrs=10.18.24.233-9618&alias=bioclusts03.bioclust.biologie.ens.fr&noUDP&sock=schedd_942_b64d>
...
001 (13118.015.000) 2024-06-07 17:35:14 Job executing on host: <10.18.24.110:9618?addrs=10.18.24.110-9618&alias=ecoclust15.bioclust.biologie.ens.fr&noUDP&sock=startd_1108_9306>
...
006 (13118.015.000) 2024-06-07 17:35:22 Image size of job updated: 185196
	181  -  MemoryUsage of job (MB)
	185196  -  ResidentSetSize of job (KB)
...
006 (13118.015.000) 2024-06-07 17:40:22 Image size of job updated: 1646080
	578  -  MemoryUsage of job (MB)
	590968  -  ResidentSetSize of job (KB)
...
006 (13118.015.000) 2024-06-07 17:45:22 Image size of job updated: 1646968
	578  -  MemoryUsage of job (MB)
	590968  -  ResidentSetSize of job (KB)
...
006 (13118.015.000) 2024-06-07 17:50:23 Image size of job updated: 1648284
	579  -  MemoryUsage of job (MB)
	592544  -  ResidentSetSize of job (KB)
...
006 (13118.015.000) 2024-06-07 17:55:24 Image size of job updated: 1649912
	582  -  MemoryUsage of job (MB)
	595088  -  ResidentSetSize of job (KB)
...
006 (13118.015.000) 2024-06-07 18:00:24 Image size of job updated: 1650968
	583  -  MemoryUsage of job (MB)
	596144  -  ResidentSetSize of job (KB)
...
006 (13118.015.000) 2024-06-07 18:05:24 Image size of job updated: 1652780
	584  -  MemoryUsage of job (MB)
	597956  -  ResidentSetSize of job (KB)
...
006 (13118.015.000) 2024-06-07 18:10:25 Image size of job updated: 1653976
	586  -  MemoryUsage of job (MB)
	599408  -  ResidentSetSize of job (KB)
...
006 (13118.015.000) 2024-06-07 18:15:26 Image size of job updated: 1654904
	587  -  MemoryUsage of job (MB)
	600200  -  ResidentSetSize of job (KB)
...
006 (13118.015.000) 2024-06-07 18:20:26 Image size of job updated: 1656152
	588  -  MemoryUsage of job (MB)
	601488  -  ResidentSetSize of job (KB)
...
006 (13118.015.000) 2024-06-07 18:25:26 Image size of job updated: 1657476
	589  -  MemoryUsage of job (MB)
	603052  -  ResidentSetSize of job (KB)
...
006 (13118.015.000) 2024-06-07 18:30:27 Image size of job updated: 1659140
	591  -  MemoryUsage of job (MB)
	604352  -  ResidentSetSize of job (KB)
...
006 (13118.015.000) 2024-06-07 18:35:28 Image size of job updated: 1660592
	592  -  MemoryUsage of job (MB)
	605804  -  ResidentSetSize of job (KB)
...
006 (13118.015.000) 2024-06-07 18:40:28 Image size of job updated: 1661784
	593  -  MemoryUsage of job (MB)
	607124  -  ResidentSetSize of job (KB)
...
006 (13118.015.000) 2024-06-07 18:45:28 Image size of job updated: 1662848
	594  -  MemoryUsage of job (MB)
	608140  -  ResidentSetSize of job (KB)
...
006 (13118.015.000) 2024-06-07 18:50:29 Image size of job updated: 1663356
	595  -  MemoryUsage of job (MB)
	608724  -  ResidentSetSize of job (KB)
...
006 (13118.015.000) 2024-06-07 18:55:30 Image size of job updated: 1664820
	596  -  MemoryUsage of job (MB)
	610044  -  ResidentSetSize of job (KB)
...
006 (13118.015.000) 2024-06-07 18:57:03 Image size of job updated: 1665484
	596  -  MemoryUsage of job (MB)
	610044  -  ResidentSetSize of job (KB)
...
005 (13118.015.000) 2024-06-07 18:57:03 Job terminated.
	(1) Normal termination (return value 0)
		Usr 0 01:21:29, Sys 0 00:00:06  -  Run Remote Usage
		Usr 0 00:00:00, Sys 0 00:00:00  -  Run Local Usage
		Usr 0 01:21:29, Sys 0 00:00:06  -  Total Remote Usage
		Usr 0 00:00:00, Sys 0 00:00:00  -  Total Local Usage
	0  -  Run Bytes Sent By Job
	0  -  Run Bytes Received By Job
	0  -  Total Bytes Sent By Job
	0  -  Total Bytes Received By Job
	Partitionable Resources :    Usage  Request Allocated 
	   Cpus                 :     1.00        1         1 
	   Disk (KB)            :    15          15      2281 
	   Memory (MB)          :   596       20480     20480 

	Job terminated of its own accord at 2024-06-07T16:57:03Z with exit-code 0.
...
