000 (13118.323.000) 2024-06-07 17:04:07 Job submitted from host: <10.18.24.233:9618?addrs=10.18.24.233-9618&alias=bioclusts03.bioclust.biologie.ens.fr&noUDP&sock=schedd_942_b64d>
...
001 (13118.323.000) 2024-06-08 06:52:03 Job executing on host: <10.18.24.14:9618?addrs=10.18.24.14-9618&alias=bioclust14.bioclust.biologie.ens.fr&noUDP&sock=startd_1218_0671>
...
006 (13118.323.000) 2024-06-08 06:52:11 Image size of job updated: 1052956
	210  -  MemoryUsage of job (MB)
	214948  -  ResidentSetSize of job (KB)
...
006 (13118.323.000) 2024-06-08 06:57:11 Image size of job updated: 1672528
	555  -  MemoryUsage of job (MB)
	568040  -  ResidentSetSize of job (KB)
...
006 (13118.323.000) 2024-06-08 07:02:12 Image size of job updated: 1674376
	557  -  MemoryUsage of job (MB)
	570340  -  ResidentSetSize of job (KB)
...
006 (13118.323.000) 2024-06-08 07:07:13 Image size of job updated: 1677548
	559  -  MemoryUsage of job (MB)
	572184  -  ResidentSetSize of job (KB)
...
006 (13118.323.000) 2024-06-08 07:12:13 Image size of job updated: 1680384
	565  -  MemoryUsage of job (MB)
	578140  -  ResidentSetSize of job (KB)
...
006 (13118.323.000) 2024-06-08 07:17:13 Image size of job updated: 1684084
	569  -  MemoryUsage of job (MB)
	582580  -  ResidentSetSize of job (KB)
...
006 (13118.323.000) 2024-06-08 07:22:14 Image size of job updated: 1689112
	579  -  MemoryUsage of job (MB)
	592852  -  ResidentSetSize of job (KB)
...
006 (13118.323.000) 2024-06-08 07:27:14 Image size of job updated: 1689244
	580  -  MemoryUsage of job (MB)
	592984  -  ResidentSetSize of job (KB)
...
006 (13118.323.000) 2024-06-08 07:32:14 Image size of job updated: 1691272
	583  -  MemoryUsage of job (MB)
	596464  -  ResidentSetSize of job (KB)
...
006 (13118.323.000) 2024-06-08 07:37:15 Image size of job updated: 1694576
	587  -  MemoryUsage of job (MB)
	600992  -  ResidentSetSize of job (KB)
...
006 (13118.323.000) 2024-06-08 07:42:16 Image size of job updated: 1697932
	589  -  MemoryUsage of job (MB)
	603016  -  ResidentSetSize of job (KB)
...
006 (13118.323.000) 2024-06-08 07:47:16 Image size of job updated: 1698916
	593  -  MemoryUsage of job (MB)
	606932  -  ResidentSetSize of job (KB)
...
006 (13118.323.000) 2024-06-08 07:52:17 Image size of job updated: 1700368
	596  -  MemoryUsage of job (MB)
	610052  -  ResidentSetSize of job (KB)
...
006 (13118.323.000) 2024-06-08 07:57:18 Image size of job updated: 1703936
	601  -  MemoryUsage of job (MB)
	614636  -  ResidentSetSize of job (KB)
...
006 (13118.323.000) 2024-06-08 08:02:18 Image size of job updated: 1706492
	604  -  MemoryUsage of job (MB)
	618492  -  ResidentSetSize of job (KB)
...
006 (13118.323.000) 2024-06-08 08:07:18 Image size of job updated: 1708612
	607  -  MemoryUsage of job (MB)
	621364  -  ResidentSetSize of job (KB)
...
006 (13118.323.000) 2024-06-08 08:12:19 Image size of job updated: 1711780
	611  -  MemoryUsage of job (MB)
	625260  -  ResidentSetSize of job (KB)
...
006 (13118.323.000) 2024-06-08 08:17:20 Image size of job updated: 1713232
	612  -  MemoryUsage of job (MB)
	626340  -  ResidentSetSize of job (KB)
...
006 (13118.323.000) 2024-06-08 08:22:20 Image size of job updated: 1715404
	616  -  MemoryUsage of job (MB)
	630140  -  ResidentSetSize of job (KB)
...
006 (13118.323.000) 2024-06-08 08:27:21 Image size of job updated: 1718444
	620  -  MemoryUsage of job (MB)
	634876  -  ResidentSetSize of job (KB)
...
006 (13118.323.000) 2024-06-08 08:32:22 Image size of job updated: 1718592
	620  -  MemoryUsage of job (MB)
	634876  -  ResidentSetSize of job (KB)
...
006 (13118.323.000) 2024-06-08 08:37:22 Image size of job updated: 1723348
	624  -  MemoryUsage of job (MB)
	638084  -  ResidentSetSize of job (KB)
...
006 (13118.323.000) 2024-06-08 08:42:22 Image size of job updated: 1726112
	628  -  MemoryUsage of job (MB)
	642224  -  ResidentSetSize of job (KB)
...
006 (13118.323.000) 2024-06-08 08:47:23 Image size of job updated: 1726696
	630  -  MemoryUsage of job (MB)
	644408  -  ResidentSetSize of job (KB)
...
006 (13118.323.000) 2024-06-08 08:52:24 Image size of job updated: 1729736
	633  -  MemoryUsage of job (MB)
	647800  -  ResidentSetSize of job (KB)
...
006 (13118.323.000) 2024-06-08 08:57:24 Image size of job updated: 1731572
	636  -  MemoryUsage of job (MB)
	650280  -  ResidentSetSize of job (KB)
...
006 (13118.323.000) 2024-06-08 09:02:25 Image size of job updated: 1732760
	636  -  MemoryUsage of job (MB)
	651052  -  ResidentSetSize of job (KB)
...
006 (13118.323.000) 2024-06-08 09:07:26 Image size of job updated: 1736300
	638  -  MemoryUsage of job (MB)
	653156  -  ResidentSetSize of job (KB)
...
006 (13118.323.000) 2024-06-08 09:12:26 Image size of job updated: 1737456
	645  -  MemoryUsage of job (MB)
	659772  -  ResidentSetSize of job (KB)
...
006 (13118.323.000) 2024-06-08 09:17:26 Image size of job updated: 1739436
	645  -  MemoryUsage of job (MB)
	660212  -  ResidentSetSize of job (KB)
...
006 (13118.323.000) 2024-06-08 09:21:57 Image size of job updated: 1743004
	645  -  MemoryUsage of job (MB)
	660212  -  ResidentSetSize of job (KB)
...
005 (13118.323.000) 2024-06-08 09:21:57 Job terminated.
	(1) Normal termination (return value 0)
		Usr 0 02:29:08, Sys 0 00:00:38  -  Run Remote Usage
		Usr 0 00:00:00, Sys 0 00:00:00  -  Run Local Usage
		Usr 0 02:29:08, Sys 0 00:00:38  -  Total Remote Usage
		Usr 0 00:00:00, Sys 0 00:00:00  -  Total Local Usage
	0  -  Run Bytes Sent By Job
	0  -  Run Bytes Received By Job
	0  -  Total Bytes Sent By Job
	0  -  Total Bytes Received By Job
	Partitionable Resources :    Usage  Request Allocated 
	   Cpus                 :     1.00        1         1 
	   Disk (KB)            :    15          15      2067 
	   Memory (MB)          :   645       20480     20480 

	Job terminated of its own accord at 2024-06-08T07:21:57Z with exit-code 0.
...
