000 (13112.001.000) 2024-06-07 15:12:15 Job submitted from host: <10.18.24.233:9618?addrs=10.18.24.233-9618&alias=bioclusts03.bioclust.biologie.ens.fr&noUDP&sock=schedd_942_b64d>
...
001 (13112.001.000) 2024-06-07 15:12:18 Job executing on host: <10.18.24.6:9618?addrs=10.18.24.6-9618&alias=bioclust06.bioclust.biologie.ens.fr&noUDP&sock=startd_1466551_94fd>
...
006 (13112.001.000) 2024-06-07 15:12:27 Image size of job updated: 647300
	143  -  MemoryUsage of job (MB)
	145452  -  ResidentSetSize of job (KB)
...
006 (13112.001.000) 2024-06-07 15:17:28 Image size of job updated: 1546448
	587  -  MemoryUsage of job (MB)
	600460  -  ResidentSetSize of job (KB)
...
006 (13112.001.000) 2024-06-07 15:22:28 Image size of job updated: 1548728
	587  -  MemoryUsage of job (MB)
	600460  -  ResidentSetSize of job (KB)
...
006 (13112.001.000) 2024-06-07 15:27:28 Image size of job updated: 1548992
	587  -  MemoryUsage of job (MB)
	600460  -  ResidentSetSize of job (KB)
...
006 (13112.001.000) 2024-06-07 15:32:29 Image size of job updated: 1550048
	588  -  MemoryUsage of job (MB)
	601480  -  ResidentSetSize of job (KB)
...
006 (13112.001.000) 2024-06-07 15:37:30 Image size of job updated: 1550576
	588  -  MemoryUsage of job (MB)
	601612  -  ResidentSetSize of job (KB)
...
006 (13112.001.000) 2024-06-07 15:42:30 Image size of job updated: 1551104
	593  -  MemoryUsage of job (MB)
	607076  -  ResidentSetSize of job (KB)
...
006 (13112.001.000) 2024-06-07 15:47:30 Image size of job updated: 1552292
	593  -  MemoryUsage of job (MB)
	607076  -  ResidentSetSize of job (KB)
...
006 (13112.001.000) 2024-06-07 15:52:31 Image size of job updated: 1552952
	593  -  MemoryUsage of job (MB)
	607076  -  ResidentSetSize of job (KB)
...
006 (13112.001.000) 2024-06-07 15:57:31 Image size of job updated: 1553744
	593  -  MemoryUsage of job (MB)
	607076  -  ResidentSetSize of job (KB)
...
006 (13112.001.000) 2024-06-07 16:02:31 Image size of job updated: 1554932
	593  -  MemoryUsage of job (MB)
	607076  -  ResidentSetSize of job (KB)
...
006 (13112.001.000) 2024-06-07 16:07:32 Image size of job updated: 1555328
	597  -  MemoryUsage of job (MB)
	610960  -  ResidentSetSize of job (KB)
...
006 (13112.001.000) 2024-06-07 16:12:33 Image size of job updated: 1556516
	597  -  MemoryUsage of job (MB)
	610960  -  ResidentSetSize of job (KB)
...
006 (13112.001.000) 2024-06-07 16:17:33 Image size of job updated: 1556912
	597  -  MemoryUsage of job (MB)
	610960  -  ResidentSetSize of job (KB)
...
006 (13112.001.000) 2024-06-07 16:22:33 Image size of job updated: 1558100
	597  -  MemoryUsage of job (MB)
	610960  -  ResidentSetSize of job (KB)
...
006 (13112.001.000) 2024-06-07 16:27:34 Image size of job updated: 1558760
	597  -  MemoryUsage of job (MB)
	610960  -  ResidentSetSize of job (KB)
...
006 (13112.001.000) 2024-06-07 16:32:34 Image size of job updated: 1559552
	597  -  MemoryUsage of job (MB)
	610960  -  ResidentSetSize of job (KB)
...
006 (13112.001.000) 2024-06-07 16:37:34 Image size of job updated: 1560872
	598  -  MemoryUsage of job (MB)
	612072  -  ResidentSetSize of job (KB)
...
006 (13112.001.000) 2024-06-07 16:42:35 Image size of job updated: 1561400
	598  -  MemoryUsage of job (MB)
	612072  -  ResidentSetSize of job (KB)
...
006 (13112.001.000) 2024-06-07 16:47:36 Image size of job updated: 1562192
	598  -  MemoryUsage of job (MB)
	612072  -  ResidentSetSize of job (KB)
...
006 (13112.001.000) 2024-06-07 16:52:36 Image size of job updated: 1563380
	598  -  MemoryUsage of job (MB)
	612072  -  ResidentSetSize of job (KB)
...
006 (13112.001.000) 2024-06-07 16:57:36 Image size of job updated: 1563644
	598  -  MemoryUsage of job (MB)
	612072  -  ResidentSetSize of job (KB)
...
006 (13112.001.000) 2024-06-07 17:02:37 Image size of job updated: 1564436
	598  -  MemoryUsage of job (MB)
	612072  -  ResidentSetSize of job (KB)
...
006 (13112.001.000) 2024-06-07 17:07:37 Image size of job updated: 1565492
	600  -  MemoryUsage of job (MB)
	614320  -  ResidentSetSize of job (KB)
...
006 (13112.001.000) 2024-06-07 17:09:48 Image size of job updated: 1566152
	600  -  MemoryUsage of job (MB)
	614320  -  ResidentSetSize of job (KB)
...
005 (13112.001.000) 2024-06-07 17:09:48 Job terminated.
	(1) Normal termination (return value 0)
		Usr 0 01:56:11, Sys 0 00:00:56  -  Run Remote Usage
		Usr 0 00:00:00, Sys 0 00:00:00  -  Run Local Usage
		Usr 0 01:56:11, Sys 0 00:00:56  -  Total Remote Usage
		Usr 0 00:00:00, Sys 0 00:00:00  -  Total Local Usage
	0  -  Run Bytes Sent By Job
	0  -  Run Bytes Received By Job
	0  -  Total Bytes Sent By Job
	0  -  Total Bytes Received By Job
	Partitionable Resources :    Usage  Request Allocated 
	   Cpus                 :     1.00        1         1 
	   Disk (KB)            :    15          15      4094 
	   Memory (MB)          :   600       20480     20480 

	Job terminated of its own accord at 2024-06-07T15:09:48Z with exit-code 0.
...
