000 (13118.098.000) 2024-06-07 17:04:01 Job submitted from host: <10.18.24.233:9618?addrs=10.18.24.233-9618&alias=bioclusts03.bioclust.biologie.ens.fr&noUDP&sock=schedd_942_b64d>
...
001 (13118.098.000) 2024-06-07 20:37:37 Job executing on host: <10.18.24.45:9618?addrs=10.18.24.45-9618&alias=bioclust45.bioclust.biologie.ens.fr&noUDP&sock=startd_826558_9dc7>
...
006 (13118.098.000) 2024-06-07 20:37:45 Image size of job updated: 255744
	250  -  MemoryUsage of job (MB)
	255744  -  ResidentSetSize of job (KB)
...
006 (13118.098.000) 2024-06-07 20:42:45 Image size of job updated: 1635028
	582  -  MemoryUsage of job (MB)
	595052  -  ResidentSetSize of job (KB)
...
006 (13118.098.000) 2024-06-07 20:47:46 Image size of job updated: 1636352
	583  -  MemoryUsage of job (MB)
	596240  -  ResidentSetSize of job (KB)
...
006 (13118.098.000) 2024-06-07 20:52:47 Image size of job updated: 1637548
	584  -  MemoryUsage of job (MB)
	597692  -  ResidentSetSize of job (KB)
...
006 (13118.098.000) 2024-06-07 20:57:47 Image size of job updated: 1639936
	586  -  MemoryUsage of job (MB)
	599936  -  ResidentSetSize of job (KB)
...
006 (13118.098.000) 2024-06-07 21:02:48 Image size of job updated: 1640464
	587  -  MemoryUsage of job (MB)
	600464  -  ResidentSetSize of job (KB)
...
006 (13118.098.000) 2024-06-07 21:07:49 Image size of job updated: 1641920
	588  -  MemoryUsage of job (MB)
	601784  -  ResidentSetSize of job (KB)
...
006 (13118.098.000) 2024-06-07 21:12:49 Image size of job updated: 1643508
	590  -  MemoryUsage of job (MB)
	603500  -  ResidentSetSize of job (KB)
...
006 (13118.098.000) 2024-06-07 21:17:49 Image size of job updated: 1644968
	591  -  MemoryUsage of job (MB)
	605084  -  ResidentSetSize of job (KB)
...
006 (13118.098.000) 2024-06-07 21:22:50 Image size of job updated: 1646160
	592  -  MemoryUsage of job (MB)
	606140  -  ResidentSetSize of job (KB)
...
006 (13118.098.000) 2024-06-07 21:27:51 Image size of job updated: 1646820
	593  -  MemoryUsage of job (MB)
	606800  -  ResidentSetSize of job (KB)
...
006 (13118.098.000) 2024-06-07 21:32:51 Image size of job updated: 1648540
	595  -  MemoryUsage of job (MB)
	608516  -  ResidentSetSize of job (KB)
...
006 (13118.098.000) 2024-06-07 21:37:52 Image size of job updated: 1649864
	596  -  MemoryUsage of job (MB)
	609836  -  ResidentSetSize of job (KB)
...
006 (13118.098.000) 2024-06-07 21:42:53 Image size of job updated: 1651580
	598  -  MemoryUsage of job (MB)
	611552  -  ResidentSetSize of job (KB)
...
006 (13118.098.000) 2024-06-07 21:47:53 Image size of job updated: 1653036
	599  -  MemoryUsage of job (MB)
	613004  -  ResidentSetSize of job (KB)
...
006 (13118.098.000) 2024-06-07 21:52:54 Image size of job updated: 1655024
	601  -  MemoryUsage of job (MB)
	614984  -  ResidentSetSize of job (KB)
...
005 (13118.098.000) 2024-06-07 21:53:43 Job terminated.
	(1) Normal termination (return value 0)
		Usr 0 01:15:26, Sys 0 00:00:04  -  Run Remote Usage
		Usr 0 00:00:00, Sys 0 00:00:00  -  Run Local Usage
		Usr 0 01:15:26, Sys 0 00:00:04  -  Total Remote Usage
		Usr 0 00:00:00, Sys 0 00:00:00  -  Total Local Usage
	0  -  Run Bytes Sent By Job
	0  -  Run Bytes Received By Job
	0  -  Total Bytes Sent By Job
	0  -  Total Bytes Received By Job
	Partitionable Resources :    Usage  Request Allocated 
	   Cpus                 :     1.00        1         1 
	   Disk (KB)            :    15          15      2237 
	   Memory (MB)          :   601       20480     20480 

	Job terminated of its own accord at 2024-06-07T19:53:43Z with exit-code 0.
...
