000 (13112.039.000) 2024-06-07 15:12:16 Job submitted from host: <10.18.24.233:9618?addrs=10.18.24.233-9618&alias=bioclusts03.bioclust.biologie.ens.fr&noUDP&sock=schedd_942_b64d>
...
001 (13112.039.000) 2024-06-07 15:12:19 Job executing on host: <10.18.24.28:9618?addrs=10.18.24.28-9618&alias=bioclust28.bioclust.biologie.ens.fr&noUDP&sock=startd_3521926_df8c>
...
006 (13112.039.000) 2024-06-07 15:12:28 Image size of job updated: 642640
	231  -  MemoryUsage of job (MB)
	235648  -  ResidentSetSize of job (KB)
...
006 (13112.039.000) 2024-06-07 15:17:29 Image size of job updated: 1546128
	523  -  MemoryUsage of job (MB)
	535372  -  ResidentSetSize of job (KB)
...
006 (13112.039.000) 2024-06-07 15:22:30 Image size of job updated: 1551284
	531  -  MemoryUsage of job (MB)
	543488  -  ResidentSetSize of job (KB)
...
006 (13112.039.000) 2024-06-07 15:27:30 Image size of job updated: 1555920
	536  -  MemoryUsage of job (MB)
	547984  -  ResidentSetSize of job (KB)
...
006 (13112.039.000) 2024-06-07 15:32:30 Image size of job updated: 1560352
	540  -  MemoryUsage of job (MB)
	552488  -  ResidentSetSize of job (KB)
...
006 (13112.039.000) 2024-06-07 15:37:31 Image size of job updated: 1564980
	545  -  MemoryUsage of job (MB)
	557256  -  ResidentSetSize of job (KB)
...
006 (13112.039.000) 2024-06-07 15:42:32 Image size of job updated: 1569400
	549  -  MemoryUsage of job (MB)
	561724  -  ResidentSetSize of job (KB)
...
006 (13112.039.000) 2024-06-07 15:44:53 Image size of job updated: 1571124
	549  -  MemoryUsage of job (MB)
	561724  -  ResidentSetSize of job (KB)
...
005 (13112.039.000) 2024-06-07 15:44:53 Job terminated.
	(1) Normal termination (return value 0)
		Usr 0 00:32:21, Sys 0 00:00:03  -  Run Remote Usage
		Usr 0 00:00:00, Sys 0 00:00:00  -  Run Local Usage
		Usr 0 00:32:21, Sys 0 00:00:03  -  Total Remote Usage
		Usr 0 00:00:00, Sys 0 00:00:00  -  Total Local Usage
	0  -  Run Bytes Sent By Job
	0  -  Run Bytes Received By Job
	0  -  Total Bytes Sent By Job
	0  -  Total Bytes Received By Job
	Partitionable Resources :    Usage  Request Allocated 
	   Cpus                 :     1.00        1         1 
	   Disk (KB)            :    15          15      2665 
	   Memory (MB)          :   549       20480     20480 

	Job terminated of its own accord at 2024-06-07T13:44:53Z with exit-code 0.
...
