000 (13112.016.000) 2024-06-07 15:12:15 Job submitted from host: <10.18.24.233:9618?addrs=10.18.24.233-9618&alias=bioclusts03.bioclust.biologie.ens.fr&noUDP&sock=schedd_942_b64d>
...
001 (13112.016.000) 2024-06-07 15:12:19 Job executing on host: <10.18.24.10:9618?addrs=10.18.24.10-9618&alias=bioclust10.bioclust.biologie.ens.fr&noUDP&sock=startd_540440_7773>
...
006 (13112.016.000) 2024-06-07 15:12:27 Image size of job updated: 651200
	202  -  MemoryUsage of job (MB)
	206692  -  ResidentSetSize of job (KB)
...
006 (13112.016.000) 2024-06-07 15:17:27 Image size of job updated: 1564756
	599  -  MemoryUsage of job (MB)
	612384  -  ResidentSetSize of job (KB)
...
006 (13112.016.000) 2024-06-07 15:22:27 Image size of job updated: 1630972
	601  -  MemoryUsage of job (MB)
	614480  -  ResidentSetSize of job (KB)
...
006 (13112.016.000) 2024-06-07 15:27:28 Image size of job updated: 1632300
	601  -  MemoryUsage of job (MB)
	614480  -  ResidentSetSize of job (KB)
...
006 (13112.016.000) 2024-06-07 15:32:29 Image size of job updated: 1637020
	602  -  MemoryUsage of job (MB)
	616268  -  ResidentSetSize of job (KB)
...
006 (13112.016.000) 2024-06-07 15:37:29 Image size of job updated: 1637796
	607  -  MemoryUsage of job (MB)
	620788  -  ResidentSetSize of job (KB)
...
006 (13112.016.000) 2024-06-07 15:42:30 Image size of job updated: 1639340
	609  -  MemoryUsage of job (MB)
	622740  -  ResidentSetSize of job (KB)
...
006 (13112.016.000) 2024-06-07 15:47:31 Image size of job updated: 1640324
	610  -  MemoryUsage of job (MB)
	623732  -  ResidentSetSize of job (KB)
...
006 (13112.016.000) 2024-06-07 15:52:31 Image size of job updated: 1641944
	610  -  MemoryUsage of job (MB)
	624532  -  ResidentSetSize of job (KB)
...
006 (13112.016.000) 2024-06-07 15:57:31 Image size of job updated: 1643176
	615  -  MemoryUsage of job (MB)
	629340  -  ResidentSetSize of job (KB)
...
006 (13112.016.000) 2024-06-07 16:02:32 Image size of job updated: 1645632
	619  -  MemoryUsage of job (MB)
	633116  -  ResidentSetSize of job (KB)
...
006 (13112.016.000) 2024-06-07 16:07:32 Image size of job updated: 1648164
	620  -  MemoryUsage of job (MB)
	634428  -  ResidentSetSize of job (KB)
...
006 (13112.016.000) 2024-06-07 16:12:32 Image size of job updated: 1650016
	622  -  MemoryUsage of job (MB)
	636292  -  ResidentSetSize of job (KB)
...
006 (13112.016.000) 2024-06-07 16:17:33 Image size of job updated: 1651808
	625  -  MemoryUsage of job (MB)
	639288  -  ResidentSetSize of job (KB)
...
006 (13112.016.000) 2024-06-07 16:22:34 Image size of job updated: 1653420
	626  -  MemoryUsage of job (MB)
	640828  -  ResidentSetSize of job (KB)
...
006 (13112.016.000) 2024-06-07 16:27:34 Image size of job updated: 1655416
	627  -  MemoryUsage of job (MB)
	641348  -  ResidentSetSize of job (KB)
...
006 (13112.016.000) 2024-06-07 16:32:34 Image size of job updated: 1658692
	631  -  MemoryUsage of job (MB)
	645680  -  ResidentSetSize of job (KB)
...
006 (13112.016.000) 2024-06-07 16:42:35 Image size of job updated: 1659636
	633  -  MemoryUsage of job (MB)
	647432  -  ResidentSetSize of job (KB)
...
006 (13112.016.000) 2024-06-07 16:47:35 Image size of job updated: 1663080
	637  -  MemoryUsage of job (MB)
	651872  -  ResidentSetSize of job (KB)
...
006 (13112.016.000) 2024-06-07 16:52:36 Image size of job updated: 1664184
	639  -  MemoryUsage of job (MB)
	653820  -  ResidentSetSize of job (KB)
...
006 (13112.016.000) 2024-06-07 16:57:37 Image size of job updated: 1665380
	641  -  MemoryUsage of job (MB)
	655496  -  ResidentSetSize of job (KB)
...
006 (13112.016.000) 2024-06-07 17:02:19 Image size of job updated: 1667780
	641  -  MemoryUsage of job (MB)
	655496  -  ResidentSetSize of job (KB)
...
005 (13112.016.000) 2024-06-07 17:02:19 Job terminated.
	(1) Normal termination (return value 0)
		Usr 0 01:49:14, Sys 0 00:00:38  -  Run Remote Usage
		Usr 0 00:00:00, Sys 0 00:00:00  -  Run Local Usage
		Usr 0 01:49:14, Sys 0 00:00:38  -  Total Remote Usage
		Usr 0 00:00:00, Sys 0 00:00:00  -  Total Local Usage
	0  -  Run Bytes Sent By Job
	0  -  Run Bytes Received By Job
	0  -  Total Bytes Sent By Job
	0  -  Total Bytes Received By Job
	Partitionable Resources :    Usage  Request Allocated 
	   Cpus                 :     1.00        1         1 
	   Disk (KB)            :    15          15      2438 
	   Memory (MB)          :   641       20480     20480 

	Job terminated of its own accord at 2024-06-07T15:02:19Z with exit-code 0.
...
