000 (13118.308.000) 2024-06-07 17:04:06 Job submitted from host: <10.18.24.233:9618?addrs=10.18.24.233-9618&alias=bioclusts03.bioclust.biologie.ens.fr&noUDP&sock=schedd_942_b64d>
...
001 (13118.308.000) 2024-06-08 06:22:02 Job executing on host: <10.18.24.12:9618?addrs=10.18.24.12-9618&alias=bioclust12.bioclust.biologie.ens.fr&noUDP&sock=startd_52665_6353>
...
006 (13118.308.000) 2024-06-08 06:22:11 Image size of job updated: 377032
	214  -  MemoryUsage of job (MB)
	218180  -  ResidentSetSize of job (KB)
...
006 (13118.308.000) 2024-06-08 06:27:12 Image size of job updated: 1633656
	575  -  MemoryUsage of job (MB)
	588728  -  ResidentSetSize of job (KB)
...
006 (13118.308.000) 2024-06-08 06:32:13 Image size of job updated: 1636164
	578  -  MemoryUsage of job (MB)
	591312  -  ResidentSetSize of job (KB)
...
006 (13118.308.000) 2024-06-08 06:37:13 Image size of job updated: 1637260
	579  -  MemoryUsage of job (MB)
	592112  -  ResidentSetSize of job (KB)
...
006 (13118.308.000) 2024-06-08 06:42:13 Image size of job updated: 1638448
	580  -  MemoryUsage of job (MB)
	593508  -  ResidentSetSize of job (KB)
...
006 (13118.308.000) 2024-06-08 06:47:14 Image size of job updated: 1640432
	582  -  MemoryUsage of job (MB)
	595660  -  ResidentSetSize of job (KB)
...
006 (13118.308.000) 2024-06-08 06:52:14 Image size of job updated: 1641196
	582  -  MemoryUsage of job (MB)
	595660  -  ResidentSetSize of job (KB)
...
006 (13118.308.000) 2024-06-08 06:57:14 Image size of job updated: 1643500
	583  -  MemoryUsage of job (MB)
	596264  -  ResidentSetSize of job (KB)
...
006 (13118.308.000) 2024-06-08 07:02:15 Image size of job updated: 1645032
	583  -  MemoryUsage of job (MB)
	596264  -  ResidentSetSize of job (KB)
...
006 (13118.308.000) 2024-06-08 07:07:16 Image size of job updated: 1646508
	588  -  MemoryUsage of job (MB)
	601632  -  ResidentSetSize of job (KB)
...
006 (13118.308.000) 2024-06-08 07:12:16 Image size of job updated: 1647300
	589  -  MemoryUsage of job (MB)
	602576  -  ResidentSetSize of job (KB)
...
006 (13118.308.000) 2024-06-08 07:17:16 Image size of job updated: 1648568
	589  -  MemoryUsage of job (MB)
	603124  -  ResidentSetSize of job (KB)
...
006 (13118.308.000) 2024-06-08 07:22:17 Image size of job updated: 1650788
	595  -  MemoryUsage of job (MB)
	608836  -  ResidentSetSize of job (KB)
...
006 (13118.308.000) 2024-06-08 07:27:17 Image size of job updated: 1651712
	595  -  MemoryUsage of job (MB)
	608836  -  ResidentSetSize of job (KB)
...
006 (13118.308.000) 2024-06-08 07:32:17 Image size of job updated: 1653208
	598  -  MemoryUsage of job (MB)
	612132  -  ResidentSetSize of job (KB)
...
006 (13118.308.000) 2024-06-08 07:37:18 Image size of job updated: 1655216
	599  -  MemoryUsage of job (MB)
	612412  -  ResidentSetSize of job (KB)
...
006 (13118.308.000) 2024-06-08 07:42:19 Image size of job updated: 1655876
	599  -  MemoryUsage of job (MB)
	612412  -  ResidentSetSize of job (KB)
...
006 (13118.308.000) 2024-06-08 07:47:19 Image size of job updated: 1657828
	599  -  MemoryUsage of job (MB)
	613008  -  ResidentSetSize of job (KB)
...
006 (13118.308.000) 2024-06-08 07:52:20 Image size of job updated: 1659280
	601  -  MemoryUsage of job (MB)
	614408  -  ResidentSetSize of job (KB)
...
006 (13118.308.000) 2024-06-08 07:57:21 Image size of job updated: 1660528
	601  -  MemoryUsage of job (MB)
	614972  -  ResidentSetSize of job (KB)
...
006 (13118.308.000) 2024-06-08 08:02:21 Image size of job updated: 1662308
	603  -  MemoryUsage of job (MB)
	616520  -  ResidentSetSize of job (KB)
...
006 (13118.308.000) 2024-06-08 08:06:18 Image size of job updated: 1663492
	603  -  MemoryUsage of job (MB)
	616520  -  ResidentSetSize of job (KB)
...
005 (13118.308.000) 2024-06-08 08:06:18 Job terminated.
	(1) Normal termination (return value 0)
		Usr 0 01:43:39, Sys 0 00:00:08  -  Run Remote Usage
		Usr 0 00:00:00, Sys 0 00:00:00  -  Run Local Usage
		Usr 0 01:43:39, Sys 0 00:00:08  -  Total Remote Usage
		Usr 0 00:00:00, Sys 0 00:00:00  -  Total Local Usage
	0  -  Run Bytes Sent By Job
	0  -  Run Bytes Received By Job
	0  -  Total Bytes Sent By Job
	0  -  Total Bytes Received By Job
	Partitionable Resources :    Usage  Request Allocated 
	   Cpus                 :     1.00        1         1 
	   Disk (KB)            :    15          15      2316 
	   Memory (MB)          :   603       20480     20480 

	Job terminated of its own accord at 2024-06-08T06:06:18Z with exit-code 0.
...
