000 (13118.144.000) 2024-06-07 17:04:02 Job submitted from host: <10.18.24.233:9618?addrs=10.18.24.233-9618&alias=bioclusts03.bioclust.biologie.ens.fr&noUDP&sock=schedd_942_b64d>
...
001 (13118.144.000) 2024-06-07 22:37:37 Job executing on host: <10.18.24.45:9618?addrs=10.18.24.45-9618&alias=bioclust45.bioclust.biologie.ens.fr&noUDP&sock=startd_826558_9dc7>
...
006 (13118.144.000) 2024-06-07 22:37:46 Image size of job updated: 890296
	168  -  MemoryUsage of job (MB)
	171904  -  ResidentSetSize of job (KB)
...
006 (13118.144.000) 2024-06-07 22:42:47 Image size of job updated: 1600768
	603  -  MemoryUsage of job (MB)
	616700  -  ResidentSetSize of job (KB)
...
006 (13118.144.000) 2024-06-07 22:47:47 Image size of job updated: 1603744
	603  -  MemoryUsage of job (MB)
	616700  -  ResidentSetSize of job (KB)
...
006 (13118.144.000) 2024-06-07 22:52:48 Image size of job updated: 1604824
	603  -  MemoryUsage of job (MB)
	616700  -  ResidentSetSize of job (KB)
...
006 (13118.144.000) 2024-06-07 22:57:49 Image size of job updated: 1672380
	605  -  MemoryUsage of job (MB)
	619208  -  ResidentSetSize of job (KB)
...
006 (13118.144.000) 2024-06-07 23:02:49 Image size of job updated: 1673780
	605  -  MemoryUsage of job (MB)
	619208  -  ResidentSetSize of job (KB)
...
006 (13118.144.000) 2024-06-07 23:07:49 Image size of job updated: 1674612
	605  -  MemoryUsage of job (MB)
	619208  -  ResidentSetSize of job (KB)
...
006 (13118.144.000) 2024-06-07 23:12:50 Image size of job updated: 1675280
	605  -  MemoryUsage of job (MB)
	619208  -  ResidentSetSize of job (KB)
...
006 (13118.144.000) 2024-06-07 23:17:51 Image size of job updated: 1676896
	608  -  MemoryUsage of job (MB)
	621612  -  ResidentSetSize of job (KB)
...
006 (13118.144.000) 2024-06-07 23:22:51 Image size of job updated: 1679084
	614  -  MemoryUsage of job (MB)
	628168  -  ResidentSetSize of job (KB)
...
006 (13118.144.000) 2024-06-07 23:27:52 Image size of job updated: 1681484
	614  -  MemoryUsage of job (MB)
	628168  -  ResidentSetSize of job (KB)
...
006 (13118.144.000) 2024-06-07 23:32:53 Image size of job updated: 1681732
	616  -  MemoryUsage of job (MB)
	630256  -  ResidentSetSize of job (KB)
...
006 (13118.144.000) 2024-06-07 23:37:53 Image size of job updated: 1683308
	618  -  MemoryUsage of job (MB)
	631844  -  ResidentSetSize of job (KB)
...
006 (13118.144.000) 2024-06-07 23:42:53 Image size of job updated: 1684764
	618  -  MemoryUsage of job (MB)
	632052  -  ResidentSetSize of job (KB)
...
006 (13118.144.000) 2024-06-07 23:47:55 Image size of job updated: 1684904
	618  -  MemoryUsage of job (MB)
	632052  -  ResidentSetSize of job (KB)
...
006 (13118.144.000) 2024-06-07 23:52:55 Image size of job updated: 1688872
	619  -  MemoryUsage of job (MB)
	633792  -  ResidentSetSize of job (KB)
...
006 (13118.144.000) 2024-06-07 23:57:55 Image size of job updated: 1689488
	622  -  MemoryUsage of job (MB)
	636624  -  ResidentSetSize of job (KB)
...
006 (13118.144.000) 2024-06-08 00:02:56 Image size of job updated: 1689488
	622  -  MemoryUsage of job (MB)
	636716  -  ResidentSetSize of job (KB)
...
006 (13118.144.000) 2024-06-08 00:07:57 Image size of job updated: 1691548
	622  -  MemoryUsage of job (MB)
	636900  -  ResidentSetSize of job (KB)
...
006 (13118.144.000) 2024-06-08 00:12:57 Image size of job updated: 1691548
	627  -  MemoryUsage of job (MB)
	641184  -  ResidentSetSize of job (KB)
...
006 (13118.144.000) 2024-06-08 00:17:58 Image size of job updated: 1693868
	627  -  MemoryUsage of job (MB)
	641184  -  ResidentSetSize of job (KB)
...
006 (13118.144.000) 2024-06-08 00:22:59 Image size of job updated: 1695596
	628  -  MemoryUsage of job (MB)
	642604  -  ResidentSetSize of job (KB)
...
006 (13118.144.000) 2024-06-08 00:32:59 Image size of job updated: 1698688
	631  -  MemoryUsage of job (MB)
	645672  -  ResidentSetSize of job (KB)
...
006 (13118.144.000) 2024-06-08 00:38:00 Image size of job updated: 1699876
	631  -  MemoryUsage of job (MB)
	645768  -  ResidentSetSize of job (KB)
...
006 (13118.144.000) 2024-06-08 00:47:28 Image size of job updated: 1699948
	631  -  MemoryUsage of job (MB)
	645768  -  ResidentSetSize of job (KB)
...
005 (13118.144.000) 2024-06-08 00:47:28 Job terminated.
	(1) Normal termination (return value 0)
		Usr 0 02:08:26, Sys 0 00:00:16  -  Run Remote Usage
		Usr 0 00:00:00, Sys 0 00:00:00  -  Run Local Usage
		Usr 0 02:08:26, Sys 0 00:00:16  -  Total Remote Usage
		Usr 0 00:00:00, Sys 0 00:00:00  -  Total Local Usage
	0  -  Run Bytes Sent By Job
	0  -  Run Bytes Received By Job
	0  -  Total Bytes Sent By Job
	0  -  Total Bytes Received By Job
	Partitionable Resources :    Usage  Request Allocated 
	   Cpus                 :     0.99        1         1 
	   Disk (KB)            :    15          15      2237 
	   Memory (MB)          :   631       20480     20480 

	Job terminated of its own accord at 2024-06-07T22:47:28Z with exit-code 0.
...
