000 (13118.002.000) 2024-06-07 17:03:58 Job submitted from host: <10.18.24.233:9618?addrs=10.18.24.233-9618&alias=bioclusts03.bioclust.biologie.ens.fr&noUDP&sock=schedd_942_b64d>
...
001 (13118.002.000) 2024-06-07 17:06:10 Job executing on host: <10.18.24.8:9618?addrs=10.18.24.8-9618&alias=bioclust08.bioclust.biologie.ens.fr&noUDP&sock=startd_1112_5167>
...
006 (13118.002.000) 2024-06-07 17:06:18 Image size of job updated: 653828
	168  -  MemoryUsage of job (MB)
	171396  -  ResidentSetSize of job (KB)
...
006 (13118.002.000) 2024-06-07 17:11:18 Image size of job updated: 1652012
	603  -  MemoryUsage of job (MB)
	616756  -  ResidentSetSize of job (KB)
...
006 (13118.002.000) 2024-06-07 17:56:22 Image size of job updated: 1652012
	607  -  MemoryUsage of job (MB)
	621316  -  ResidentSetSize of job (KB)
...
006 (13118.002.000) 2024-06-07 18:06:24 Image size of job updated: 1652012
	611  -  MemoryUsage of job (MB)
	625432  -  ResidentSetSize of job (KB)
...
006 (13118.002.000) 2024-06-07 18:31:26 Image size of job updated: 1652012
	615  -  MemoryUsage of job (MB)
	628740  -  ResidentSetSize of job (KB)
...
005 (13118.002.000) 2024-06-07 18:38:57 Job terminated.
	(1) Normal termination (return value 0)
		Usr 0 01:32:09, Sys 0 00:00:22  -  Run Remote Usage
		Usr 0 00:00:00, Sys 0 00:00:00  -  Run Local Usage
		Usr 0 01:32:09, Sys 0 00:00:22  -  Total Remote Usage
		Usr 0 00:00:00, Sys 0 00:00:00  -  Total Local Usage
	0  -  Run Bytes Sent By Job
	0  -  Run Bytes Received By Job
	0  -  Total Bytes Sent By Job
	0  -  Total Bytes Received By Job
	Partitionable Resources :    Usage  Request Allocated 
	   Cpus                 :     1.00        1         1 
	   Disk (KB)            :    15          15      1635 
	   Memory (MB)          :   615       20480     20480 

	Job terminated of its own accord at 2024-06-07T16:38:57Z with exit-code 0.
...
