000 (13118.350.000) 2024-06-07 17:04:07 Job submitted from host: <10.18.24.233:9618?addrs=10.18.24.233-9618&alias=bioclusts03.bioclust.biologie.ens.fr&noUDP&sock=schedd_942_b64d>
...
001 (13118.350.000) 2024-06-08 08:08:03 Job executing on host: <10.18.24.5:9618?addrs=10.18.24.5-9618&alias=bioclust05.bioclust.biologie.ens.fr&noUDP&sock=startd_1161_ed8b>
...
006 (13118.350.000) 2024-06-08 08:08:11 Image size of job updated: 872832
	197  -  MemoryUsage of job (MB)
	201460  -  ResidentSetSize of job (KB)
...
006 (13118.350.000) 2024-06-08 08:13:11 Image size of job updated: 1591448
	574  -  MemoryUsage of job (MB)
	587452  -  ResidentSetSize of job (KB)
...
006 (13118.350.000) 2024-06-08 08:23:12 Image size of job updated: 1592112
	575  -  MemoryUsage of job (MB)
	588508  -  ResidentSetSize of job (KB)
...
006 (13118.350.000) 2024-06-08 08:28:13 Image size of job updated: 1593320
	577  -  MemoryUsage of job (MB)
	589960  -  ResidentSetSize of job (KB)
...
006 (13118.350.000) 2024-06-08 08:33:13 Image size of job updated: 1593728
	577  -  MemoryUsage of job (MB)
	590356  -  ResidentSetSize of job (KB)
...
006 (13118.350.000) 2024-06-08 08:38:13 Image size of job updated: 1594656
	578  -  MemoryUsage of job (MB)
	591280  -  ResidentSetSize of job (KB)
...
006 (13118.350.000) 2024-06-08 08:43:14 Image size of job updated: 1595752
	579  -  MemoryUsage of job (MB)
	592884  -  ResidentSetSize of job (KB)
...
006 (13118.350.000) 2024-06-08 08:48:14 Image size of job updated: 1596876
	580  -  MemoryUsage of job (MB)
	593432  -  ResidentSetSize of job (KB)
...
006 (13118.350.000) 2024-06-08 08:53:14 Image size of job updated: 1597840
	580  -  MemoryUsage of job (MB)
	593432  -  ResidentSetSize of job (KB)
...
006 (13118.350.000) 2024-06-08 08:58:15 Image size of job updated: 1598616
	582  -  MemoryUsage of job (MB)
	595204  -  ResidentSetSize of job (KB)
...
006 (13118.350.000) 2024-06-08 09:03:16 Image size of job updated: 1599716
	583  -  MemoryUsage of job (MB)
	596360  -  ResidentSetSize of job (KB)
...
006 (13118.350.000) 2024-06-08 09:08:16 Image size of job updated: 1600544
	583  -  MemoryUsage of job (MB)
	596728  -  ResidentSetSize of job (KB)
...
006 (13118.350.000) 2024-06-08 09:13:17 Image size of job updated: 1601980
	585  -  MemoryUsage of job (MB)
	598332  -  ResidentSetSize of job (KB)
...
006 (13118.350.000) 2024-06-08 09:18:18 Image size of job updated: 1602740
	586  -  MemoryUsage of job (MB)
	599660  -  ResidentSetSize of job (KB)
...
006 (13118.350.000) 2024-06-08 09:23:17 Image size of job updated: 1603952
	586  -  MemoryUsage of job (MB)
	599660  -  ResidentSetSize of job (KB)
...
005 (13118.350.000) 2024-06-08 09:23:17 Job terminated.
	(1) Normal termination (return value 0)
		Usr 0 01:15:01, Sys 0 00:00:03  -  Run Remote Usage
		Usr 0 00:00:00, Sys 0 00:00:00  -  Run Local Usage
		Usr 0 01:15:01, Sys 0 00:00:03  -  Total Remote Usage
		Usr 0 00:00:00, Sys 0 00:00:00  -  Total Local Usage
	0  -  Run Bytes Sent By Job
	0  -  Run Bytes Received By Job
	0  -  Total Bytes Sent By Job
	0  -  Total Bytes Received By Job
	Partitionable Resources :    Usage  Request Allocated 
	   Cpus                 :     1.00        1         1 
	   Disk (KB)            :    15          15      2245 
	   Memory (MB)          :   586       20480     20480 

	Job terminated of its own accord at 2024-06-08T07:23:17Z with exit-code 0.
...
