000 (13118.260.000) 2024-06-07 17:04:05 Job submitted from host: <10.18.24.233:9618?addrs=10.18.24.233-9618&alias=bioclusts03.bioclust.biologie.ens.fr&noUDP&sock=schedd_942_b64d>
...
001 (13118.260.000) 2024-06-08 04:10:01 Job executing on host: <10.18.24.41:9618?addrs=10.18.24.41-9618&alias=bioclust41.bioclust.biologie.ens.fr&noUDP&sock=startd_1116_0fc8>
...
006 (13118.260.000) 2024-06-08 04:10:10 Image size of job updated: 262284
	167  -  MemoryUsage of job (MB)
	170964  -  ResidentSetSize of job (KB)
...
006 (13118.260.000) 2024-06-08 04:15:11 Image size of job updated: 1566224
	584  -  MemoryUsage of job (MB)
	597044  -  ResidentSetSize of job (KB)
...
006 (13118.260.000) 2024-06-08 04:20:11 Image size of job updated: 1566224
	584  -  MemoryUsage of job (MB)
	597308  -  ResidentSetSize of job (KB)
...
006 (13118.260.000) 2024-06-08 04:25:11 Image size of job updated: 1567420
	585  -  MemoryUsage of job (MB)
	598496  -  ResidentSetSize of job (KB)
...
006 (13118.260.000) 2024-06-08 04:30:11 Image size of job updated: 1567956
	585  -  MemoryUsage of job (MB)
	599024  -  ResidentSetSize of job (KB)
...
006 (13118.260.000) 2024-06-08 04:35:12 Image size of job updated: 1568752
	586  -  MemoryUsage of job (MB)
	599948  -  ResidentSetSize of job (KB)
...
006 (13118.260.000) 2024-06-08 04:40:13 Image size of job updated: 1569812
	587  -  MemoryUsage of job (MB)
	601004  -  ResidentSetSize of job (KB)
...
006 (13118.260.000) 2024-06-08 04:45:13 Image size of job updated: 1570472
	589  -  MemoryUsage of job (MB)
	602192  -  ResidentSetSize of job (KB)
...
006 (13118.260.000) 2024-06-08 04:50:13 Image size of job updated: 1571940
	590  -  MemoryUsage of job (MB)
	603644  -  ResidentSetSize of job (KB)
...
006 (13118.260.000) 2024-06-08 04:55:15 Image size of job updated: 1572600
	591  -  MemoryUsage of job (MB)
	604304  -  ResidentSetSize of job (KB)
...
006 (13118.260.000) 2024-06-08 05:00:14 Image size of job updated: 1573396
	592  -  MemoryUsage of job (MB)
	605360  -  ResidentSetSize of job (KB)
...
006 (13118.260.000) 2024-06-08 05:05:14 Image size of job updated: 1574464
	593  -  MemoryUsage of job (MB)
	606548  -  ResidentSetSize of job (KB)
...
006 (13118.260.000) 2024-06-08 05:10:15 Image size of job updated: 1575520
	594  -  MemoryUsage of job (MB)
	607736  -  ResidentSetSize of job (KB)
...
006 (13118.260.000) 2024-06-08 05:15:16 Image size of job updated: 1575788
	594  -  MemoryUsage of job (MB)
	608132  -  ResidentSetSize of job (KB)
...
006 (13118.260.000) 2024-06-08 05:20:16 Image size of job updated: 1577388
	596  -  MemoryUsage of job (MB)
	609980  -  ResidentSetSize of job (KB)
...
006 (13118.260.000) 2024-06-08 05:25:17 Image size of job updated: 1577916
	597  -  MemoryUsage of job (MB)
	610508  -  ResidentSetSize of job (KB)
...
006 (13118.260.000) 2024-06-08 05:30:18 Image size of job updated: 1578840
	598  -  MemoryUsage of job (MB)
	611564  -  ResidentSetSize of job (KB)
...
005 (13118.260.000) 2024-06-08 05:30:23 Job terminated.
	(1) Normal termination (return value 0)
		Usr 0 01:20:04, Sys 0 00:00:03  -  Run Remote Usage
		Usr 0 00:00:00, Sys 0 00:00:00  -  Run Local Usage
		Usr 0 01:20:04, Sys 0 00:00:03  -  Total Remote Usage
		Usr 0 00:00:00, Sys 0 00:00:00  -  Total Local Usage
	0  -  Run Bytes Sent By Job
	0  -  Run Bytes Received By Job
	0  -  Total Bytes Sent By Job
	0  -  Total Bytes Received By Job
	Partitionable Resources :    Usage  Request Allocated 
	   Cpus                 :     1.00        1         1 
	   Disk (KB)            :    15          15      1615 
	   Memory (MB)          :   598       20480     20480 

	Job terminated of its own accord at 2024-06-08T03:30:23Z with exit-code 0.
...
