000 (13112.042.000) 2024-06-07 15:12:16 Job submitted from host: <10.18.24.233:9618?addrs=10.18.24.233-9618&alias=bioclusts03.bioclust.biologie.ens.fr&noUDP&sock=schedd_942_b64d>
...
001 (13112.042.000) 2024-06-07 15:12:19 Job executing on host: <10.18.24.26:9618?addrs=10.18.24.26-9618&alias=bioclust26.bioclust.biologie.ens.fr&noUDP&sock=startd_2428792_df4a>
...
006 (13112.042.000) 2024-06-07 15:12:28 Image size of job updated: 271772
	169  -  MemoryUsage of job (MB)
	172508  -  ResidentSetSize of job (KB)
...
006 (13112.042.000) 2024-06-07 15:17:29 Image size of job updated: 1538128
	528  -  MemoryUsage of job (MB)
	540008  -  ResidentSetSize of job (KB)
...
006 (13112.042.000) 2024-06-07 15:22:30 Image size of job updated: 1549120
	541  -  MemoryUsage of job (MB)
	553600  -  ResidentSetSize of job (KB)
...
006 (13112.042.000) 2024-06-07 15:27:30 Image size of job updated: 1560264
	553  -  MemoryUsage of job (MB)
	566216  -  ResidentSetSize of job (KB)
...
006 (13112.042.000) 2024-06-07 15:32:31 Image size of job updated: 1572192
	566  -  MemoryUsage of job (MB)
	579488  -  ResidentSetSize of job (KB)
...
006 (13112.042.000) 2024-06-07 15:37:32 Image size of job updated: 1582120
	577  -  MemoryUsage of job (MB)
	590444  -  ResidentSetSize of job (KB)
...
006 (13112.042.000) 2024-06-07 15:42:32 Image size of job updated: 1592632
	588  -  MemoryUsage of job (MB)
	601932  -  ResidentSetSize of job (KB)
...
006 (13112.042.000) 2024-06-07 15:47:32 Image size of job updated: 1601240
	598  -  MemoryUsage of job (MB)
	611376  -  ResidentSetSize of job (KB)
...
006 (13112.042.000) 2024-06-07 15:52:33 Image size of job updated: 1610896
	608  -  MemoryUsage of job (MB)
	621572  -  ResidentSetSize of job (KB)
...
006 (13112.042.000) 2024-06-07 15:57:33 Image size of job updated: 1619100
	616  -  MemoryUsage of job (MB)
	630492  -  ResidentSetSize of job (KB)
...
006 (13112.042.000) 2024-06-07 16:02:33 Image size of job updated: 1627972
	626  -  MemoryUsage of job (MB)
	640160  -  ResidentSetSize of job (KB)
...
006 (13112.042.000) 2024-06-07 16:07:34 Image size of job updated: 1636060
	634  -  MemoryUsage of job (MB)
	648528  -  ResidentSetSize of job (KB)
...
006 (13112.042.000) 2024-06-07 16:12:09 Image size of job updated: 1643020
	634  -  MemoryUsage of job (MB)
	648528  -  ResidentSetSize of job (KB)
...
005 (13112.042.000) 2024-06-07 16:12:09 Job terminated.
	(1) Normal termination (return value 0)
		Usr 0 00:59:37, Sys 0 00:00:05  -  Run Remote Usage
		Usr 0 00:00:00, Sys 0 00:00:00  -  Run Local Usage
		Usr 0 00:59:37, Sys 0 00:00:05  -  Total Remote Usage
		Usr 0 00:00:00, Sys 0 00:00:00  -  Total Local Usage
	0  -  Run Bytes Sent By Job
	0  -  Run Bytes Received By Job
	0  -  Total Bytes Sent By Job
	0  -  Total Bytes Received By Job
	Partitionable Resources :    Usage  Request Allocated 
	   Cpus                 :     1.00        1         1 
	   Disk (KB)            :    15          15      2536 
	   Memory (MB)          :   634       20480     20480 

	Job terminated of its own accord at 2024-06-07T14:12:09Z with exit-code 0.
...
