000 (13118.160.000) 2024-06-07 17:04:02 Job submitted from host: <10.18.24.233:9618?addrs=10.18.24.233-9618&alias=bioclusts03.bioclust.biologie.ens.fr&noUDP&sock=schedd_942_b64d>
...
001 (13118.160.000) 2024-06-07 23:27:58 Job executing on host: <10.18.24.14:9618?addrs=10.18.24.14-9618&alias=bioclust14.bioclust.biologie.ens.fr&noUDP&sock=startd_1218_0671>
...
006 (13118.160.000) 2024-06-07 23:28:06 Image size of job updated: 654748
	214  -  MemoryUsage of job (MB)
	218180  -  ResidentSetSize of job (KB)
...
006 (13118.160.000) 2024-06-07 23:33:06 Image size of job updated: 1698756
	585  -  MemoryUsage of job (MB)
	598860  -  ResidentSetSize of job (KB)
...
006 (13118.160.000) 2024-06-07 23:38:07 Image size of job updated: 1698756
	586  -  MemoryUsage of job (MB)
	600048  -  ResidentSetSize of job (KB)
...
006 (13118.160.000) 2024-06-07 23:43:07 Image size of job updated: 1698756
	587  -  MemoryUsage of job (MB)
	600708  -  ResidentSetSize of job (KB)
...
006 (13118.160.000) 2024-06-07 23:48:07 Image size of job updated: 1698756
	589  -  MemoryUsage of job (MB)
	602160  -  ResidentSetSize of job (KB)
...
006 (13118.160.000) 2024-06-07 23:53:08 Image size of job updated: 1698756
	589  -  MemoryUsage of job (MB)
	603084  -  ResidentSetSize of job (KB)
...
006 (13118.160.000) 2024-06-07 23:58:09 Image size of job updated: 1698756
	590  -  MemoryUsage of job (MB)
	603876  -  ResidentSetSize of job (KB)
...
006 (13118.160.000) 2024-06-08 00:03:09 Image size of job updated: 1698756
	592  -  MemoryUsage of job (MB)
	605196  -  ResidentSetSize of job (KB)
...
006 (13118.160.000) 2024-06-08 00:08:10 Image size of job updated: 1698756
	593  -  MemoryUsage of job (MB)
	606384  -  ResidentSetSize of job (KB)
...
006 (13118.160.000) 2024-06-08 00:13:11 Image size of job updated: 1698756
	594  -  MemoryUsage of job (MB)
	607252  -  ResidentSetSize of job (KB)
...
006 (13118.160.000) 2024-06-08 00:18:11 Image size of job updated: 1698756
	594  -  MemoryUsage of job (MB)
	608044  -  ResidentSetSize of job (KB)
...
006 (13118.160.000) 2024-06-08 00:23:12 Image size of job updated: 1698756
	595  -  MemoryUsage of job (MB)
	608968  -  ResidentSetSize of job (KB)
...
006 (13118.160.000) 2024-06-08 00:28:13 Image size of job updated: 1698756
	596  -  MemoryUsage of job (MB)
	610024  -  ResidentSetSize of job (KB)
...
006 (13118.160.000) 2024-06-08 00:33:13 Image size of job updated: 1698756
	597  -  MemoryUsage of job (MB)
	611080  -  ResidentSetSize of job (KB)
...
006 (13118.160.000) 2024-06-08 00:38:14 Image size of job updated: 1698756
	598  -  MemoryUsage of job (MB)
	612004  -  ResidentSetSize of job (KB)
...
006 (13118.160.000) 2024-06-08 00:43:15 Image size of job updated: 1698756
	599  -  MemoryUsage of job (MB)
	613192  -  ResidentSetSize of job (KB)
...
006 (13118.160.000) 2024-06-08 00:48:15 Image size of job updated: 1698756
	601  -  MemoryUsage of job (MB)
	614512  -  ResidentSetSize of job (KB)
...
005 (13118.160.000) 2024-06-08 00:49:03 Job terminated.
	(1) Normal termination (return value 0)
		Usr 0 01:20:57, Sys 0 00:00:03  -  Run Remote Usage
		Usr 0 00:00:00, Sys 0 00:00:00  -  Run Local Usage
		Usr 0 01:20:57, Sys 0 00:00:03  -  Total Remote Usage
		Usr 0 00:00:00, Sys 0 00:00:00  -  Total Local Usage
	0  -  Run Bytes Sent By Job
	0  -  Run Bytes Received By Job
	0  -  Total Bytes Sent By Job
	0  -  Total Bytes Received By Job
	Partitionable Resources :    Usage  Request Allocated 
	   Cpus                 :     1.00        1         1 
	   Disk (KB)            :    15          15      2067 
	   Memory (MB)          :   601       20480     20480 

	Job terminated of its own accord at 2024-06-07T22:49:03Z with exit-code 0.
...
