000 (13118.120.000) 2024-06-07 17:04:01 Job submitted from host: <10.18.24.233:9618?addrs=10.18.24.233-9618&alias=bioclusts03.bioclust.biologie.ens.fr&noUDP&sock=schedd_942_b64d>
...
001 (13118.120.000) 2024-06-07 21:37:36 Job executing on host: <10.18.24.12:9618?addrs=10.18.24.12-9618&alias=bioclust12.bioclust.biologie.ens.fr&noUDP&sock=startd_52665_6353>
...
006 (13118.120.000) 2024-06-07 21:37:45 Image size of job updated: 216768
	210  -  MemoryUsage of job (MB)
	214524  -  ResidentSetSize of job (KB)
...
006 (13118.120.000) 2024-06-07 21:42:46 Image size of job updated: 1669564
	559  -  MemoryUsage of job (MB)
	572012  -  ResidentSetSize of job (KB)
...
006 (13118.120.000) 2024-06-07 21:47:46 Image size of job updated: 1679728
	580  -  MemoryUsage of job (MB)
	593180  -  ResidentSetSize of job (KB)
...
006 (13118.120.000) 2024-06-07 21:52:47 Image size of job updated: 1689520
	594  -  MemoryUsage of job (MB)
	607960  -  ResidentSetSize of job (KB)
...
006 (13118.120.000) 2024-06-07 21:57:48 Image size of job updated: 1698896
	607  -  MemoryUsage of job (MB)
	621116  -  ResidentSetSize of job (KB)
...
006 (13118.120.000) 2024-06-07 22:02:48 Image size of job updated: 1708816
	620  -  MemoryUsage of job (MB)
	634784  -  ResidentSetSize of job (KB)
...
006 (13118.120.000) 2024-06-07 22:07:48 Image size of job updated: 1716216
	630  -  MemoryUsage of job (MB)
	644992  -  ResidentSetSize of job (KB)
...
006 (13118.120.000) 2024-06-07 22:12:49 Image size of job updated: 1722308
	640  -  MemoryUsage of job (MB)
	654492  -  ResidentSetSize of job (KB)
...
006 (13118.120.000) 2024-06-07 22:17:50 Image size of job updated: 1731956
	652  -  MemoryUsage of job (MB)
	666820  -  ResidentSetSize of job (KB)
...
006 (13118.120.000) 2024-06-07 22:22:50 Image size of job updated: 1739716
	662  -  MemoryUsage of job (MB)
	677884  -  ResidentSetSize of job (KB)
...
006 (13118.120.000) 2024-06-07 22:27:51 Image size of job updated: 1748304
	682  -  MemoryUsage of job (MB)
	697388  -  ResidentSetSize of job (KB)
...
006 (13118.120.000) 2024-06-07 22:32:52 Image size of job updated: 1758756
	686  -  MemoryUsage of job (MB)
	701924  -  ResidentSetSize of job (KB)
...
006 (13118.120.000) 2024-06-07 22:37:52 Image size of job updated: 1763248
	694  -  MemoryUsage of job (MB)
	710132  -  ResidentSetSize of job (KB)
...
006 (13118.120.000) 2024-06-07 22:42:52 Image size of job updated: 1771444
	703  -  MemoryUsage of job (MB)
	719492  -  ResidentSetSize of job (KB)
...
006 (13118.120.000) 2024-06-07 22:47:53 Image size of job updated: 1781052
	715  -  MemoryUsage of job (MB)
	731672  -  ResidentSetSize of job (KB)
...
006 (13118.120.000) 2024-06-07 22:52:53 Image size of job updated: 1786596
	723  -  MemoryUsage of job (MB)
	740096  -  ResidentSetSize of job (KB)
...
006 (13118.120.000) 2024-06-07 22:57:53 Image size of job updated: 1795680
	734  -  MemoryUsage of job (MB)
	751136  -  ResidentSetSize of job (KB)
...
006 (13118.120.000) 2024-06-07 23:02:55 Image size of job updated: 1801620
	742  -  MemoryUsage of job (MB)
	759752  -  ResidentSetSize of job (KB)
...
006 (13118.120.000) 2024-06-07 23:07:55 Image size of job updated: 1808428
	752  -  MemoryUsage of job (MB)
	769480  -  ResidentSetSize of job (KB)
...
006 (13118.120.000) 2024-06-07 23:12:55 Image size of job updated: 1813184
	752  -  MemoryUsage of job (MB)
	769480  -  ResidentSetSize of job (KB)
...
005 (13118.120.000) 2024-06-08 16:58:40 Job terminated.
	(1) Normal termination (return value 0)
		Usr 0 19:17:23, Sys 0 00:02:57  -  Run Remote Usage
		Usr 0 00:00:00, Sys 0 00:00:00  -  Run Local Usage
		Usr 0 19:17:23, Sys 0 00:02:57  -  Total Remote Usage
		Usr 0 00:00:00, Sys 0 00:00:00  -  Total Local Usage
	0  -  Run Bytes Sent By Job
	0  -  Run Bytes Received By Job
	0  -  Total Bytes Sent By Job
	0  -  Total Bytes Received By Job
	Partitionable Resources :    Usage  Request Allocated 
	   Cpus                 :     1.00        1         1 
	   Disk (KB)            :    15          15      2316 
	   Memory (MB)          :   752       20480     20480 

	Job terminated of its own accord at 2024-06-08T14:58:40Z with exit-code 0.
...
