000 (13118.014.000) 2024-06-07 17:03:59 Job submitted from host: <10.18.24.233:9618?addrs=10.18.24.233-9618&alias=bioclusts03.bioclust.biologie.ens.fr&noUDP&sock=schedd_942_b64d>
...
001 (13118.014.000) 2024-06-07 17:30:44 Job executing on host: <10.18.24.5:9618?addrs=10.18.24.5-9618&alias=bioclust05.bioclust.biologie.ens.fr&noUDP&sock=startd_1161_ed8b>
...
006 (13118.014.000) 2024-06-07 17:30:53 Image size of job updated: 305240
	299  -  MemoryUsage of job (MB)
	305240  -  ResidentSetSize of job (KB)
...
006 (13118.014.000) 2024-06-07 17:35:54 Image size of job updated: 1582832
	589  -  MemoryUsage of job (MB)
	602736  -  ResidentSetSize of job (KB)
...
006 (13118.014.000) 2024-06-07 17:40:55 Image size of job updated: 1585148
	589  -  MemoryUsage of job (MB)
	602736  -  ResidentSetSize of job (KB)
...
006 (13118.014.000) 2024-06-07 17:45:55 Image size of job updated: 1586212
	589  -  MemoryUsage of job (MB)
	602736  -  ResidentSetSize of job (KB)
...
006 (13118.014.000) 2024-06-07 17:50:55 Image size of job updated: 1587464
	589  -  MemoryUsage of job (MB)
	602736  -  ResidentSetSize of job (KB)
...
006 (13118.014.000) 2024-06-07 17:55:57 Image size of job updated: 1589184
	600  -  MemoryUsage of job (MB)
	613936  -  ResidentSetSize of job (KB)
...
006 (13118.014.000) 2024-06-07 18:00:57 Image size of job updated: 1590176
	600  -  MemoryUsage of job (MB)
	614140  -  ResidentSetSize of job (KB)
...
006 (13118.014.000) 2024-06-07 18:05:57 Image size of job updated: 1591632
	600  -  MemoryUsage of job (MB)
	614140  -  ResidentSetSize of job (KB)
...
006 (13118.014.000) 2024-06-07 18:10:58 Image size of job updated: 1592820
	603  -  MemoryUsage of job (MB)
	617124  -  ResidentSetSize of job (KB)
...
006 (13118.014.000) 2024-06-07 18:15:59 Image size of job updated: 1594012
	603  -  MemoryUsage of job (MB)
	617256  -  ResidentSetSize of job (KB)
...
006 (13118.014.000) 2024-06-07 18:20:59 Image size of job updated: 1595492
	603  -  MemoryUsage of job (MB)
	617256  -  ResidentSetSize of job (KB)
...
006 (13118.014.000) 2024-06-07 18:26:00 Image size of job updated: 1596688
	604  -  MemoryUsage of job (MB)
	617604  -  ResidentSetSize of job (KB)
...
006 (13118.014.000) 2024-06-07 18:31:01 Image size of job updated: 1598024
	604  -  MemoryUsage of job (MB)
	617604  -  ResidentSetSize of job (KB)
...
006 (13118.014.000) 2024-06-07 18:36:01 Image size of job updated: 1599348
	604  -  MemoryUsage of job (MB)
	617604  -  ResidentSetSize of job (KB)
...
006 (13118.014.000) 2024-06-07 18:41:01 Image size of job updated: 1600680
	612  -  MemoryUsage of job (MB)
	625892  -  ResidentSetSize of job (KB)
...
006 (13118.014.000) 2024-06-07 18:46:02 Image size of job updated: 1601472
	612  -  MemoryUsage of job (MB)
	625892  -  ResidentSetSize of job (KB)
...
006 (13118.014.000) 2024-06-07 18:50:26 Image size of job updated: 1602536
	612  -  MemoryUsage of job (MB)
	625892  -  ResidentSetSize of job (KB)
...
005 (13118.014.000) 2024-06-07 18:50:26 Job terminated.
	(1) Normal termination (return value 0)
		Usr 0 01:18:38, Sys 0 00:00:37  -  Run Remote Usage
		Usr 0 00:00:00, Sys 0 00:00:00  -  Run Local Usage
		Usr 0 01:18:38, Sys 0 00:00:37  -  Total Remote Usage
		Usr 0 00:00:00, Sys 0 00:00:00  -  Total Local Usage
	0  -  Run Bytes Sent By Job
	0  -  Run Bytes Received By Job
	0  -  Total Bytes Sent By Job
	0  -  Total Bytes Received By Job
	Partitionable Resources :    Usage  Request Allocated 
	   Cpus                 :     1.00        1         1 
	   Disk (KB)            :    15          15      2245 
	   Memory (MB)          :   612       20480     20480 

	Job terminated of its own accord at 2024-06-07T16:50:26Z with exit-code 0.
...
