000 (13112.043.000) 2024-06-07 15:12:16 Job submitted from host: <10.18.24.233:9618?addrs=10.18.24.233-9618&alias=bioclusts03.bioclust.biologie.ens.fr&noUDP&sock=schedd_942_b64d>
...
001 (13112.043.000) 2024-06-07 15:12:19 Job executing on host: <10.18.24.2:9618?addrs=10.18.24.2-9618&alias=bioclust02.bioclust.biologie.ens.fr&noUDP&sock=startd_1311814_ded6>
...
006 (13112.043.000) 2024-06-07 15:12:28 Image size of job updated: 398064
	176  -  MemoryUsage of job (MB)
	179844  -  ResidentSetSize of job (KB)
...
006 (13112.043.000) 2024-06-07 15:17:29 Image size of job updated: 1563804
	505  -  MemoryUsage of job (MB)
	516668  -  ResidentSetSize of job (KB)
...
006 (13112.043.000) 2024-06-07 15:22:30 Image size of job updated: 1566092
	507  -  MemoryUsage of job (MB)
	519044  -  ResidentSetSize of job (KB)
...
006 (13112.043.000) 2024-06-07 15:27:30 Image size of job updated: 1568788
	515  -  MemoryUsage of job (MB)
	527096  -  ResidentSetSize of job (KB)
...
006 (13112.043.000) 2024-06-07 15:32:31 Image size of job updated: 1571216
	518  -  MemoryUsage of job (MB)
	530000  -  ResidentSetSize of job (KB)
...
006 (13112.043.000) 2024-06-07 15:37:32 Image size of job updated: 1573928
	520  -  MemoryUsage of job (MB)
	532376  -  ResidentSetSize of job (KB)
...
006 (13112.043.000) 2024-06-07 15:42:32 Image size of job updated: 1576092
	523  -  MemoryUsage of job (MB)
	534884  -  ResidentSetSize of job (KB)
...
006 (13112.043.000) 2024-06-07 15:47:32 Image size of job updated: 1578972
	526  -  MemoryUsage of job (MB)
	537728  -  ResidentSetSize of job (KB)
...
006 (13112.043.000) 2024-06-07 15:52:33 Image size of job updated: 1581532
	528  -  MemoryUsage of job (MB)
	540500  -  ResidentSetSize of job (KB)
...
006 (13112.043.000) 2024-06-07 15:57:33 Image size of job updated: 1583692
	531  -  MemoryUsage of job (MB)
	543008  -  ResidentSetSize of job (KB)
...
006 (13112.043.000) 2024-06-07 15:58:27 Image size of job updated: 1584240
	531  -  MemoryUsage of job (MB)
	543008  -  ResidentSetSize of job (KB)
...
005 (13112.043.000) 2024-06-07 15:58:27 Job terminated.
	(1) Normal termination (return value 0)
		Usr 0 00:45:54, Sys 0 00:00:03  -  Run Remote Usage
		Usr 0 00:00:00, Sys 0 00:00:00  -  Run Local Usage
		Usr 0 00:45:54, Sys 0 00:00:03  -  Total Remote Usage
		Usr 0 00:00:00, Sys 0 00:00:00  -  Total Local Usage
	0  -  Run Bytes Sent By Job
	0  -  Run Bytes Received By Job
	0  -  Total Bytes Sent By Job
	0  -  Total Bytes Received By Job
	Partitionable Resources :    Usage  Request Allocated 
	   Cpus                 :     1.00        1         1 
	   Disk (KB)            :    15          15      2376 
	   Memory (MB)          :   531       20480     20480 

	Job terminated of its own accord at 2024-06-07T13:58:27Z with exit-code 0.
...
