000 (13118.153.000) 2024-06-07 17:04:02 Job submitted from host: <10.18.24.233:9618?addrs=10.18.24.233-9618&alias=bioclusts03.bioclust.biologie.ens.fr&noUDP&sock=schedd_942_b64d>
...
001 (13118.153.000) 2024-06-07 23:01:57 Job executing on host: <10.18.24.12:9618?addrs=10.18.24.12-9618&alias=bioclust12.bioclust.biologie.ens.fr&noUDP&sock=startd_52665_6353>
...
006 (13118.153.000) 2024-06-07 23:02:06 Image size of job updated: 1056804
	215  -  MemoryUsage of job (MB)
	219304  -  ResidentSetSize of job (KB)
...
006 (13118.153.000) 2024-06-07 23:07:07 Image size of job updated: 1697116
	576  -  MemoryUsage of job (MB)
	589616  -  ResidentSetSize of job (KB)
...
006 (13118.153.000) 2024-06-07 23:12:07 Image size of job updated: 1698832
	584  -  MemoryUsage of job (MB)
	597076  -  ResidentSetSize of job (KB)
...
006 (13118.153.000) 2024-06-07 23:17:07 Image size of job updated: 1702140
	586  -  MemoryUsage of job (MB)
	599676  -  ResidentSetSize of job (KB)
...
006 (13118.153.000) 2024-06-07 23:22:08 Image size of job updated: 1704384
	589  -  MemoryUsage of job (MB)
	603004  -  ResidentSetSize of job (KB)
...
006 (13118.153.000) 2024-06-07 23:27:09 Image size of job updated: 1707824
	593  -  MemoryUsage of job (MB)
	606268  -  ResidentSetSize of job (KB)
...
006 (13118.153.000) 2024-06-07 23:32:09 Image size of job updated: 1710604
	596  -  MemoryUsage of job (MB)
	609556  -  ResidentSetSize of job (KB)
...
006 (13118.153.000) 2024-06-07 23:37:10 Image size of job updated: 1713640
	599  -  MemoryUsage of job (MB)
	612596  -  ResidentSetSize of job (KB)
...
006 (13118.153.000) 2024-06-07 23:42:11 Image size of job updated: 1716284
	602  -  MemoryUsage of job (MB)
	615528  -  ResidentSetSize of job (KB)
...
006 (13118.153.000) 2024-06-07 23:47:11 Image size of job updated: 1719188
	605  -  MemoryUsage of job (MB)
	618700  -  ResidentSetSize of job (KB)
...
006 (13118.153.000) 2024-06-07 23:50:11 Image size of job updated: 1721840
	605  -  MemoryUsage of job (MB)
	618700  -  ResidentSetSize of job (KB)
...
005 (13118.153.000) 2024-06-07 23:50:11 Job terminated.
	(1) Normal termination (return value 0)
		Usr 0 00:47:52, Sys 0 00:00:04  -  Run Remote Usage
		Usr 0 00:00:00, Sys 0 00:00:00  -  Run Local Usage
		Usr 0 00:47:52, Sys 0 00:00:04  -  Total Remote Usage
		Usr 0 00:00:00, Sys 0 00:00:00  -  Total Local Usage
	0  -  Run Bytes Sent By Job
	0  -  Run Bytes Received By Job
	0  -  Total Bytes Sent By Job
	0  -  Total Bytes Received By Job
	Partitionable Resources :    Usage  Request Allocated 
	   Cpus                 :     1.00        1         1 
	   Disk (KB)            :    15          15      2316 
	   Memory (MB)          :   605       20480     20480 

	Job terminated of its own accord at 2024-06-07T21:50:11Z with exit-code 0.
...
