000 (13118.195.000) 2024-06-07 17:04:03 Job submitted from host: <10.18.24.233:9618?addrs=10.18.24.233-9618&alias=bioclusts03.bioclust.biologie.ens.fr&noUDP&sock=schedd_942_b64d>
...
001 (13118.195.000) 2024-06-08 00:56:58 Job executing on host: <10.18.24.13:9618?addrs=10.18.24.13-9618&alias=bioclust13.bioclust.biologie.ens.fr&noUDP&sock=startd_1231_f12c>
...
006 (13118.195.000) 2024-06-08 00:57:07 Image size of job updated: 641644
	214  -  MemoryUsage of job (MB)
	218996  -  ResidentSetSize of job (KB)
...
006 (13118.195.000) 2024-06-08 01:02:08 Image size of job updated: 1686836
	569  -  MemoryUsage of job (MB)
	581836  -  ResidentSetSize of job (KB)
...
006 (13118.195.000) 2024-06-08 01:07:09 Image size of job updated: 1688684
	572  -  MemoryUsage of job (MB)
	585216  -  ResidentSetSize of job (KB)
...
006 (13118.195.000) 2024-06-08 01:12:09 Image size of job updated: 1691580
	576  -  MemoryUsage of job (MB)
	589324  -  ResidentSetSize of job (KB)
...
006 (13118.195.000) 2024-06-08 01:17:10 Image size of job updated: 1693524
	580  -  MemoryUsage of job (MB)
	593112  -  ResidentSetSize of job (KB)
...
006 (13118.195.000) 2024-06-08 01:22:11 Image size of job updated: 1698012
	585  -  MemoryUsage of job (MB)
	598676  -  ResidentSetSize of job (KB)
...
006 (13118.195.000) 2024-06-08 01:27:11 Image size of job updated: 1699028
	588  -  MemoryUsage of job (MB)
	601404  -  ResidentSetSize of job (KB)
...
006 (13118.195.000) 2024-06-08 01:32:11 Image size of job updated: 1701732
	590  -  MemoryUsage of job (MB)
	603836  -  ResidentSetSize of job (KB)
...
006 (13118.195.000) 2024-06-08 01:37:12 Image size of job updated: 1703428
	594  -  MemoryUsage of job (MB)
	607900  -  ResidentSetSize of job (KB)
...
006 (13118.195.000) 2024-06-08 01:42:13 Image size of job updated: 1705412
	598  -  MemoryUsage of job (MB)
	611716  -  ResidentSetSize of job (KB)
...
006 (13118.195.000) 2024-06-08 01:47:13 Image size of job updated: 1708212
	600  -  MemoryUsage of job (MB)
	614388  -  ResidentSetSize of job (KB)
...
006 (13118.195.000) 2024-06-08 01:52:14 Image size of job updated: 1711252
	604  -  MemoryUsage of job (MB)
	618372  -  ResidentSetSize of job (KB)
...
006 (13118.195.000) 2024-06-08 01:57:15 Image size of job updated: 1713676
	607  -  MemoryUsage of job (MB)
	621520  -  ResidentSetSize of job (KB)
...
006 (13118.195.000) 2024-06-08 02:02:15 Image size of job updated: 1716768
	611  -  MemoryUsage of job (MB)
	625460  -  ResidentSetSize of job (KB)
...
006 (13118.195.000) 2024-06-08 02:07:15 Image size of job updated: 1718376
	613  -  MemoryUsage of job (MB)
	627628  -  ResidentSetSize of job (KB)
...
006 (13118.195.000) 2024-06-08 02:12:16 Image size of job updated: 1720700
	616  -  MemoryUsage of job (MB)
	630548  -  ResidentSetSize of job (KB)
...
006 (13118.195.000) 2024-06-08 02:17:16 Image size of job updated: 1723344
	619  -  MemoryUsage of job (MB)
	633780  -  ResidentSetSize of job (KB)
...
006 (13118.195.000) 2024-06-08 02:22:16 Image size of job updated: 1726952
	622  -  MemoryUsage of job (MB)
	636040  -  ResidentSetSize of job (KB)
...
006 (13118.195.000) 2024-06-08 02:27:17 Image size of job updated: 1727604
	625  -  MemoryUsage of job (MB)
	639248  -  ResidentSetSize of job (KB)
...
006 (13118.195.000) 2024-06-08 02:32:18 Image size of job updated: 1730180
	628  -  MemoryUsage of job (MB)
	642148  -  ResidentSetSize of job (KB)
...
006 (13118.195.000) 2024-06-08 02:34:27 Image size of job updated: 1730840
	628  -  MemoryUsage of job (MB)
	642148  -  ResidentSetSize of job (KB)
...
005 (13118.195.000) 2024-06-08 02:34:27 Job terminated.
	(1) Normal termination (return value 0)
		Usr 0 01:36:56, Sys 0 00:00:10  -  Run Remote Usage
		Usr 0 00:00:00, Sys 0 00:00:00  -  Run Local Usage
		Usr 0 01:36:56, Sys 0 00:00:10  -  Total Remote Usage
		Usr 0 00:00:00, Sys 0 00:00:00  -  Total Local Usage
	0  -  Run Bytes Sent By Job
	0  -  Run Bytes Received By Job
	0  -  Total Bytes Sent By Job
	0  -  Total Bytes Received By Job
	Partitionable Resources :    Usage  Request Allocated 
	   Cpus                 :     1.00        1         1 
	   Disk (KB)            :    15          15      2412 
	   Memory (MB)          :   628       20480     20480 

	Job terminated of its own accord at 2024-06-08T00:34:27Z with exit-code 0.
...
