000 (13118.379.000) 2024-06-07 17:04:08 Job submitted from host: <10.18.24.233:9618?addrs=10.18.24.233-9618&alias=bioclusts03.bioclust.biologie.ens.fr&noUDP&sock=schedd_942_b64d>
...
001 (13118.379.000) 2024-06-08 09:22:04 Job executing on host: <10.18.24.14:9618?addrs=10.18.24.14-9618&alias=bioclust14.bioclust.biologie.ens.fr&noUDP&sock=startd_1218_0671>
...
006 (13118.379.000) 2024-06-08 09:22:13 Image size of job updated: 650968
	215  -  MemoryUsage of job (MB)
	219528  -  ResidentSetSize of job (KB)
...
006 (13118.379.000) 2024-06-08 09:27:14 Image size of job updated: 1605908
	559  -  MemoryUsage of job (MB)
	572284  -  ResidentSetSize of job (KB)
...
006 (13118.379.000) 2024-06-08 09:32:15 Image size of job updated: 1609344
	567  -  MemoryUsage of job (MB)
	580008  -  ResidentSetSize of job (KB)
...
006 (13118.379.000) 2024-06-08 09:37:15 Image size of job updated: 1613428
	574  -  MemoryUsage of job (MB)
	586968  -  ResidentSetSize of job (KB)
...
006 (13118.379.000) 2024-06-08 09:42:16 Image size of job updated: 1617796
	581  -  MemoryUsage of job (MB)
	593996  -  ResidentSetSize of job (KB)
...
006 (13118.379.000) 2024-06-08 09:47:17 Image size of job updated: 1621720
	586  -  MemoryUsage of job (MB)
	600028  -  ResidentSetSize of job (KB)
...
006 (13118.379.000) 2024-06-08 09:52:17 Image size of job updated: 1626344
	593  -  MemoryUsage of job (MB)
	606640  -  ResidentSetSize of job (KB)
...
006 (13118.379.000) 2024-06-08 09:57:17 Image size of job updated: 1630176
	597  -  MemoryUsage of job (MB)
	611268  -  ResidentSetSize of job (KB)
...
006 (13118.379.000) 2024-06-08 10:02:18 Image size of job updated: 1634136
	603  -  MemoryUsage of job (MB)
	616900  -  ResidentSetSize of job (KB)
...
006 (13118.379.000) 2024-06-08 10:07:18 Image size of job updated: 1638100
	608  -  MemoryUsage of job (MB)
	622516  -  ResidentSetSize of job (KB)
...
006 (13118.379.000) 2024-06-08 10:12:18 Image size of job updated: 1642064
	614  -  MemoryUsage of job (MB)
	628000  -  ResidentSetSize of job (KB)
...
006 (13118.379.000) 2024-06-08 10:17:20 Image size of job updated: 1645616
	619  -  MemoryUsage of job (MB)
	632972  -  ResidentSetSize of job (KB)
...
006 (13118.379.000) 2024-06-08 10:22:19 Image size of job updated: 1649980
	624  -  MemoryUsage of job (MB)
	638232  -  ResidentSetSize of job (KB)
...
006 (13118.379.000) 2024-06-08 10:27:19 Image size of job updated: 1653148
	628  -  MemoryUsage of job (MB)
	642772  -  ResidentSetSize of job (KB)
...
006 (13118.379.000) 2024-06-08 10:32:20 Image size of job updated: 1656844
	633  -  MemoryUsage of job (MB)
	647836  -  ResidentSetSize of job (KB)
...
006 (13118.379.000) 2024-06-08 10:37:21 Image size of job updated: 1660544
	644  -  MemoryUsage of job (MB)
	658908  -  ResidentSetSize of job (KB)
...
006 (13118.379.000) 2024-06-08 10:42:21 Image size of job updated: 1663980
	644  -  MemoryUsage of job (MB)
	658908  -  ResidentSetSize of job (KB)
...
006 (13118.379.000) 2024-06-08 10:47:22 Image size of job updated: 1667660
	648  -  MemoryUsage of job (MB)
	662592  -  ResidentSetSize of job (KB)
...
006 (13118.379.000) 2024-06-08 10:52:23 Image size of job updated: 1670836
	652  -  MemoryUsage of job (MB)
	666980  -  ResidentSetSize of job (KB)
...
006 (13118.379.000) 2024-06-08 10:57:23 Image size of job updated: 1675324
	657  -  MemoryUsage of job (MB)
	671820  -  ResidentSetSize of job (KB)
...
006 (13118.379.000) 2024-06-08 11:02:23 Image size of job updated: 1678216
	662  -  MemoryUsage of job (MB)
	676876  -  ResidentSetSize of job (KB)
...
006 (13118.379.000) 2024-06-08 11:07:24 Image size of job updated: 1681648
	666  -  MemoryUsage of job (MB)
	681260  -  ResidentSetSize of job (KB)
...
006 (13118.379.000) 2024-06-08 11:12:24 Image size of job updated: 1686008
	671  -  MemoryUsage of job (MB)
	686856  -  ResidentSetSize of job (KB)
...
006 (13118.379.000) 2024-06-08 11:17:24 Image size of job updated: 1688780
	675  -  MemoryUsage of job (MB)
	690600  -  ResidentSetSize of job (KB)
...
006 (13118.379.000) 2024-06-08 11:22:25 Image size of job updated: 1692608
	680  -  MemoryUsage of job (MB)
	695536  -  ResidentSetSize of job (KB)
...
006 (13118.379.000) 2024-06-08 11:27:26 Image size of job updated: 1695380
	683  -  MemoryUsage of job (MB)
	699040  -  ResidentSetSize of job (KB)
...
006 (13118.379.000) 2024-06-08 11:32:26 Image size of job updated: 1699472
	688  -  MemoryUsage of job (MB)
	704152  -  ResidentSetSize of job (KB)
...
006 (13118.379.000) 2024-06-08 11:37:27 Image size of job updated: 1703564
	692  -  MemoryUsage of job (MB)
	708220  -  ResidentSetSize of job (KB)
...
006 (13118.379.000) 2024-06-08 11:42:28 Image size of job updated: 1705260
	696  -  MemoryUsage of job (MB)
	711848  -  ResidentSetSize of job (KB)
...
006 (13118.379.000) 2024-06-08 11:47:28 Image size of job updated: 1708428
	700  -  MemoryUsage of job (MB)
	715928  -  ResidentSetSize of job (KB)
...
006 (13118.379.000) 2024-06-08 11:52:28 Image size of job updated: 1712392
	705  -  MemoryUsage of job (MB)
	721136  -  ResidentSetSize of job (KB)
...
006 (13118.379.000) 2024-06-08 11:57:29 Image size of job updated: 1715432
	709  -  MemoryUsage of job (MB)
	725160  -  ResidentSetSize of job (KB)
...
006 (13118.379.000) 2024-06-08 12:02:29 Image size of job updated: 1718080
	712  -  MemoryUsage of job (MB)
	729060  -  ResidentSetSize of job (KB)
...
006 (13118.379.000) 2024-06-08 12:05:56 Image size of job updated: 1720984
	712  -  MemoryUsage of job (MB)
	729060  -  ResidentSetSize of job (KB)
...
005 (13118.379.000) 2024-06-08 12:05:57 Job terminated.
	(1) Normal termination (return value 0)
		Usr 0 02:43:20, Sys 0 00:00:25  -  Run Remote Usage
		Usr 0 00:00:00, Sys 0 00:00:00  -  Run Local Usage
		Usr 0 02:43:20, Sys 0 00:00:25  -  Total Remote Usage
		Usr 0 00:00:00, Sys 0 00:00:00  -  Total Local Usage
	0  -  Run Bytes Sent By Job
	0  -  Run Bytes Received By Job
	0  -  Total Bytes Sent By Job
	0  -  Total Bytes Received By Job
	Partitionable Resources :    Usage  Request Allocated 
	   Cpus                 :     1.00        1         1 
	   Disk (KB)            :    15          15      2067 
	   Memory (MB)          :   712       20480     20480 

	Job terminated of its own accord at 2024-06-08T10:05:56Z with exit-code 0.
...
