000 (13118.354.000) 2024-06-07 17:04:07 Job submitted from host: <10.18.24.233:9618?addrs=10.18.24.233-9618&alias=bioclusts03.bioclust.biologie.ens.fr&noUDP&sock=schedd_942_b64d>
...
001 (13118.354.000) 2024-06-08 08:16:03 Job executing on host: <10.18.24.3:9618?addrs=10.18.24.3-9618&alias=bioclust03.bioclust.biologie.ens.fr&noUDP&sock=startd_1137_7745>
...
006 (13118.354.000) 2024-06-08 08:16:12 Image size of job updated: 672700
	179  -  MemoryUsage of job (MB)
	182440  -  ResidentSetSize of job (KB)
...
006 (13118.354.000) 2024-06-08 08:21:12 Image size of job updated: 1590496
	590  -  MemoryUsage of job (MB)
	603168  -  ResidentSetSize of job (KB)
...
006 (13118.354.000) 2024-06-08 08:26:12 Image size of job updated: 1591552
	591  -  MemoryUsage of job (MB)
	604180  -  ResidentSetSize of job (KB)
...
006 (13118.354.000) 2024-06-08 08:31:13 Image size of job updated: 1594852
	594  -  MemoryUsage of job (MB)
	607488  -  ResidentSetSize of job (KB)
...
006 (13118.354.000) 2024-06-08 08:36:14 Image size of job updated: 1595480
	594  -  MemoryUsage of job (MB)
	608108  -  ResidentSetSize of job (KB)
...
006 (13118.354.000) 2024-06-08 08:41:14 Image size of job updated: 1597124
	596  -  MemoryUsage of job (MB)
	610072  -  ResidentSetSize of job (KB)
...
006 (13118.354.000) 2024-06-08 08:46:14 Image size of job updated: 1599112
	600  -  MemoryUsage of job (MB)
	614196  -  ResidentSetSize of job (KB)
...
006 (13118.354.000) 2024-06-08 08:51:15 Image size of job updated: 1601184
	600  -  MemoryUsage of job (MB)
	614328  -  ResidentSetSize of job (KB)
...
006 (13118.354.000) 2024-06-08 08:56:16 Image size of job updated: 1602900
	602  -  MemoryUsage of job (MB)
	616180  -  ResidentSetSize of job (KB)
...
006 (13118.354.000) 2024-06-08 09:01:16 Image size of job updated: 1605020
	609  -  MemoryUsage of job (MB)
	622876  -  ResidentSetSize of job (KB)
...
006 (13118.354.000) 2024-06-08 09:06:17 Image size of job updated: 1607152
	610  -  MemoryUsage of job (MB)
	624280  -  ResidentSetSize of job (KB)
...
006 (13118.354.000) 2024-06-08 09:11:18 Image size of job updated: 1609884
	614  -  MemoryUsage of job (MB)
	628008  -  ResidentSetSize of job (KB)
...
005 (13118.354.000) 2024-06-08 09:13:23 Job terminated.
	(1) Normal termination (return value 0)
		Usr 0 00:56:36, Sys 0 00:00:34  -  Run Remote Usage
		Usr 0 00:00:00, Sys 0 00:00:00  -  Run Local Usage
		Usr 0 00:56:36, Sys 0 00:00:34  -  Total Remote Usage
		Usr 0 00:00:00, Sys 0 00:00:00  -  Total Local Usage
	0  -  Run Bytes Sent By Job
	0  -  Run Bytes Received By Job
	0  -  Total Bytes Sent By Job
	0  -  Total Bytes Received By Job
	Partitionable Resources :    Usage  Request Allocated 
	   Cpus                 :     1.00        1         1 
	   Disk (KB)            :    15          15      2148 
	   Memory (MB)          :   614       20480     20480 

	Job terminated of its own accord at 2024-06-08T07:13:23Z with exit-code 0.
...
