000 (13118.134.000) 2024-06-07 17:04:02 Job submitted from host: <10.18.24.233:9618?addrs=10.18.24.233-9618&alias=bioclusts03.bioclust.biologie.ens.fr&noUDP&sock=schedd_942_b64d>
...
001 (13118.134.000) 2024-06-07 22:19:37 Job executing on host: <10.18.24.5:9618?addrs=10.18.24.5-9618&alias=bioclust05.bioclust.biologie.ens.fr&noUDP&sock=startd_1161_ed8b>
...
006 (13118.134.000) 2024-06-07 22:19:46 Image size of job updated: 196704
	169  -  MemoryUsage of job (MB)
	172396  -  ResidentSetSize of job (KB)
...
006 (13118.134.000) 2024-06-07 22:24:47 Image size of job updated: 1614332
	543  -  MemoryUsage of job (MB)
	555460  -  ResidentSetSize of job (KB)
...
006 (13118.134.000) 2024-06-07 22:29:47 Image size of job updated: 1617512
	550  -  MemoryUsage of job (MB)
	562596  -  ResidentSetSize of job (KB)
...
006 (13118.134.000) 2024-06-07 22:34:48 Image size of job updated: 1622000
	557  -  MemoryUsage of job (MB)
	569372  -  ResidentSetSize of job (KB)
...
006 (13118.134.000) 2024-06-07 22:39:49 Image size of job updated: 1622864
	560  -  MemoryUsage of job (MB)
	572460  -  ResidentSetSize of job (KB)
...
006 (13118.134.000) 2024-06-07 22:44:49 Image size of job updated: 1624740
	564  -  MemoryUsage of job (MB)
	576572  -  ResidentSetSize of job (KB)
...
006 (13118.134.000) 2024-06-07 22:49:50 Image size of job updated: 1627760
	569  -  MemoryUsage of job (MB)
	581660  -  ResidentSetSize of job (KB)
...
006 (13118.134.000) 2024-06-07 22:54:51 Image size of job updated: 1631176
	578  -  MemoryUsage of job (MB)
	591680  -  ResidentSetSize of job (KB)
...
006 (13118.134.000) 2024-06-07 22:59:51 Image size of job updated: 1633816
	578  -  MemoryUsage of job (MB)
	591680  -  ResidentSetSize of job (KB)
...
006 (13118.134.000) 2024-06-07 23:04:51 Image size of job updated: 1637248
	582  -  MemoryUsage of job (MB)
	595732  -  ResidentSetSize of job (KB)
...
006 (13118.134.000) 2024-06-07 23:09:52 Image size of job updated: 1639496
	585  -  MemoryUsage of job (MB)
	598916  -  ResidentSetSize of job (KB)
...
006 (13118.134.000) 2024-06-07 23:14:52 Image size of job updated: 1642776
	589  -  MemoryUsage of job (MB)
	602944  -  ResidentSetSize of job (KB)
...
006 (13118.134.000) 2024-06-07 23:19:53 Image size of job updated: 1643572
	591  -  MemoryUsage of job (MB)
	604988  -  ResidentSetSize of job (KB)
...
006 (13118.134.000) 2024-06-07 23:24:54 Image size of job updated: 1646608
	595  -  MemoryUsage of job (MB)
	608880  -  ResidentSetSize of job (KB)
...
006 (13118.134.000) 2024-06-07 23:29:54 Image size of job updated: 1648060
	598  -  MemoryUsage of job (MB)
	611560  -  ResidentSetSize of job (KB)
...
006 (13118.134.000) 2024-06-07 23:34:55 Image size of job updated: 1650172
	600  -  MemoryUsage of job (MB)
	614012  -  ResidentSetSize of job (KB)
...
006 (13118.134.000) 2024-06-07 23:39:56 Image size of job updated: 1653212
	606  -  MemoryUsage of job (MB)
	620336  -  ResidentSetSize of job (KB)
...
006 (13118.134.000) 2024-06-07 23:44:56 Image size of job updated: 1657188
	608  -  MemoryUsage of job (MB)
	622512  -  ResidentSetSize of job (KB)
...
006 (13118.134.000) 2024-06-07 23:49:57 Image size of job updated: 1658212
	610  -  MemoryUsage of job (MB)
	624268  -  ResidentSetSize of job (KB)
...
006 (13118.134.000) 2024-06-07 23:54:57 Image size of job updated: 1661220
	613  -  MemoryUsage of job (MB)
	627628  -  ResidentSetSize of job (KB)
...
006 (13118.134.000) 2024-06-07 23:59:57 Image size of job updated: 1663860
	616  -  MemoryUsage of job (MB)
	630772  -  ResidentSetSize of job (KB)
...
006 (13118.134.000) 2024-06-08 00:04:58 Image size of job updated: 1665576
	619  -  MemoryUsage of job (MB)
	633264  -  ResidentSetSize of job (KB)
...
006 (13118.134.000) 2024-06-08 00:09:58 Image size of job updated: 1668220
	622  -  MemoryUsage of job (MB)
	636812  -  ResidentSetSize of job (KB)
...
006 (13118.134.000) 2024-06-08 00:14:58 Image size of job updated: 1672048
	626  -  MemoryUsage of job (MB)
	640988  -  ResidentSetSize of job (KB)
...
006 (13118.134.000) 2024-06-08 00:19:59 Image size of job updated: 1672468
	629  -  MemoryUsage of job (MB)
	643764  -  ResidentSetSize of job (KB)
...
006 (13118.134.000) 2024-06-08 00:24:59 Image size of job updated: 1675504
	632  -  MemoryUsage of job (MB)
	646768  -  ResidentSetSize of job (KB)
...
006 (13118.134.000) 2024-06-08 00:29:59 Image size of job updated: 1677088
	633  -  MemoryUsage of job (MB)
	647848  -  ResidentSetSize of job (KB)
...
006 (13118.134.000) 2024-06-08 00:35:00 Image size of job updated: 1680656
	640  -  MemoryUsage of job (MB)
	655240  -  ResidentSetSize of job (KB)
...
006 (13118.134.000) 2024-06-08 00:40:01 Image size of job updated: 1680920
	641  -  MemoryUsage of job (MB)
	655504  -  ResidentSetSize of job (KB)
...
006 (13118.134.000) 2024-06-08 00:45:01 Image size of job updated: 1685944
	644  -  MemoryUsage of job (MB)
	658500  -  ResidentSetSize of job (KB)
...
006 (13118.134.000) 2024-06-08 00:50:01 Image size of job updated: 1687268
	646  -  MemoryUsage of job (MB)
	661156  -  ResidentSetSize of job (KB)
...
006 (13118.134.000) 2024-06-08 00:55:03 Image size of job updated: 1688984
	648  -  MemoryUsage of job (MB)
	662532  -  ResidentSetSize of job (KB)
...
006 (13118.134.000) 2024-06-08 01:00:03 Image size of job updated: 1690700
	650  -  MemoryUsage of job (MB)
	664784  -  ResidentSetSize of job (KB)
...
006 (13118.134.000) 2024-06-08 01:05:03 Image size of job updated: 1694268
	653  -  MemoryUsage of job (MB)
	668276  -  ResidentSetSize of job (KB)
...
006 (13118.134.000) 2024-06-08 01:10:04 Image size of job updated: 1696056
	664  -  MemoryUsage of job (MB)
	678976  -  ResidentSetSize of job (KB)
...
006 (13118.134.000) 2024-06-08 01:15:05 Image size of job updated: 1697244
	664  -  MemoryUsage of job (MB)
	678976  -  ResidentSetSize of job (KB)
...
006 (13118.134.000) 2024-06-08 01:20:05 Image size of job updated: 1701104
	664  -  MemoryUsage of job (MB)
	678976  -  ResidentSetSize of job (KB)
...
006 (13118.134.000) 2024-06-08 01:25:06 Image size of job updated: 1703216
	664  -  MemoryUsage of job (MB)
	679516  -  ResidentSetSize of job (KB)
...
005 (13118.134.000) 2024-06-08 01:26:27 Job terminated.
	(1) Normal termination (return value 0)
		Usr 0 03:05:58, Sys 0 00:00:32  -  Run Remote Usage
		Usr 0 00:00:00, Sys 0 00:00:00  -  Run Local Usage
		Usr 0 03:05:58, Sys 0 00:00:32  -  Total Remote Usage
		Usr 0 00:00:00, Sys 0 00:00:00  -  Total Local Usage
	0  -  Run Bytes Sent By Job
	0  -  Run Bytes Received By Job
	0  -  Total Bytes Sent By Job
	0  -  Total Bytes Received By Job
	Partitionable Resources :    Usage  Request Allocated 
	   Cpus                 :     1.00        1         1 
	   Disk (KB)            :    15          15      2245 
	   Memory (MB)          :   664       20480     20480 

	Job terminated of its own accord at 2024-06-07T23:26:27Z with exit-code 0.
...
