000 (13763.050.000) 2024-09-23 16:11:28 Job submitted from host: <10.18.24.233:9618?addrs=10.18.24.233-9618&alias=bioclusts03.bioclust.biologie.ens.fr&noUDP&sock=schedd_942_b64d>
...
001 (13763.050.000) 2024-09-23 16:11:31 Job executing on host: <10.18.24.181:9618?addrs=10.18.24.181-9618&alias=mcbsclust10.bioclust.biologie.ens.fr&noUDP&sock=startd_1636_bd07>
...
006 (13763.050.000) 2024-09-23 16:11:40 Image size of job updated: 282756
	186  -  MemoryUsage of job (MB)
	189564  -  ResidentSetSize of job (KB)
...
006 (13763.050.000) 2024-09-23 16:16:41 Image size of job updated: 1550728
	492  -  MemoryUsage of job (MB)
	502912  -  ResidentSetSize of job (KB)
...
006 (13763.050.000) 2024-09-23 16:21:42 Image size of job updated: 1553920
	496  -  MemoryUsage of job (MB)
	507004  -  ResidentSetSize of job (KB)
...
006 (13763.050.000) 2024-09-23 16:26:42 Image size of job updated: 1556724
	499  -  MemoryUsage of job (MB)
	510436  -  ResidentSetSize of job (KB)
...
006 (13763.050.000) 2024-09-23 16:31:43 Image size of job updated: 1559796
	503  -  MemoryUsage of job (MB)
	514792  -  ResidentSetSize of job (KB)
...
006 (13763.050.000) 2024-09-23 16:36:44 Image size of job updated: 1562456
	512  -  MemoryUsage of job (MB)
	523372  -  ResidentSetSize of job (KB)
...
006 (13763.050.000) 2024-09-23 16:41:44 Image size of job updated: 1565272
	515  -  MemoryUsage of job (MB)
	527200  -  ResidentSetSize of job (KB)
...
006 (13763.050.000) 2024-09-23 16:46:45 Image size of job updated: 1567928
	519  -  MemoryUsage of job (MB)
	530896  -  ResidentSetSize of job (KB)
...
006 (13763.050.000) 2024-09-23 16:51:46 Image size of job updated: 1570868
	522  -  MemoryUsage of job (MB)
	534328  -  ResidentSetSize of job (KB)
...
006 (13763.050.000) 2024-09-23 16:52:22 Image size of job updated: 1571404
	522  -  MemoryUsage of job (MB)
	534328  -  ResidentSetSize of job (KB)
...
005 (13763.050.000) 2024-09-23 16:52:22 Job terminated.
	(1) Normal termination (return value 0)
		Usr 0 00:40:38, Sys 0 00:00:02  -  Run Remote Usage
		Usr 0 00:00:00, Sys 0 00:00:00  -  Run Local Usage
		Usr 0 00:40:38, Sys 0 00:00:02  -  Total Remote Usage
		Usr 0 00:00:00, Sys 0 00:00:00  -  Total Local Usage
	0  -  Run Bytes Sent By Job
	0  -  Run Bytes Received By Job
	0  -  Total Bytes Sent By Job
	0  -  Total Bytes Received By Job
	Partitionable Resources :    Usage  Request Allocated 
	   Cpus                 :     1.00        1         1 
	   Disk (KB)            :    15          15      2575 
	   Memory (MB)          :   522        2048      2048 

	Job terminated of its own accord at 2024-09-23T14:52:22Z with exit-code 0.
...
