000 (13763.006.000) 2024-09-23 16:11:27 Job submitted from host: <10.18.24.233:9618?addrs=10.18.24.233-9618&alias=bioclusts03.bioclust.biologie.ens.fr&noUDP&sock=schedd_942_b64d>
...
001 (13763.006.000) 2024-09-23 16:11:29 Job executing on host: <10.18.24.50:9618?addrs=10.18.24.50-9618&alias=bioclust50.bioclust.biologie.ens.fr&noUDP&sock=startd_1147_5337>
...
006 (13763.006.000) 2024-09-23 16:11:38 Image size of job updated: 640892
	147  -  MemoryUsage of job (MB)
	150412  -  ResidentSetSize of job (KB)
...
006 (13763.006.000) 2024-09-23 16:16:39 Image size of job updated: 1581996
	599  -  MemoryUsage of job (MB)
	613016  -  ResidentSetSize of job (KB)
...
006 (13763.006.000) 2024-09-23 16:21:39 Image size of job updated: 1583324
	603  -  MemoryUsage of job (MB)
	617072  -  ResidentSetSize of job (KB)
...
006 (13763.006.000) 2024-09-23 16:26:39 Image size of job updated: 1584864
	606  -  MemoryUsage of job (MB)
	620260  -  ResidentSetSize of job (KB)
...
006 (13763.006.000) 2024-09-23 16:31:40 Image size of job updated: 1585920
	609  -  MemoryUsage of job (MB)
	622636  -  ResidentSetSize of job (KB)
...
006 (13763.006.000) 2024-09-23 16:36:40 Image size of job updated: 1587648
	612  -  MemoryUsage of job (MB)
	625672  -  ResidentSetSize of job (KB)
...
006 (13763.006.000) 2024-09-23 16:41:40 Image size of job updated: 1588840
	623  -  MemoryUsage of job (MB)
	637220  -  ResidentSetSize of job (KB)
...
006 (13763.006.000) 2024-09-23 16:46:41 Image size of job updated: 1590036
	624  -  MemoryUsage of job (MB)
	638396  -  ResidentSetSize of job (KB)
...
006 (13763.006.000) 2024-09-23 16:51:41 Image size of job updated: 1591368
	625  -  MemoryUsage of job (MB)
	639824  -  ResidentSetSize of job (KB)
...
006 (13763.006.000) 2024-09-23 16:56:41 Image size of job updated: 1592692
	627  -  MemoryUsage of job (MB)
	641100  -  ResidentSetSize of job (KB)
...
006 (13763.006.000) 2024-09-23 17:01:42 Image size of job updated: 1594408
	628  -  MemoryUsage of job (MB)
	642908  -  ResidentSetSize of job (KB)
...
006 (13763.006.000) 2024-09-23 17:06:43 Image size of job updated: 1595604
	629  -  MemoryUsage of job (MB)
	643952  -  ResidentSetSize of job (KB)
...
006 (13763.006.000) 2024-09-23 17:11:43 Image size of job updated: 1596772
	631  -  MemoryUsage of job (MB)
	645240  -  ResidentSetSize of job (KB)
...
006 (13763.006.000) 2024-09-23 17:16:44 Image size of job updated: 1598232
	632  -  MemoryUsage of job (MB)
	646560  -  ResidentSetSize of job (KB)
...
006 (13763.006.000) 2024-09-23 17:19:18 Image size of job updated: 1599156
	632  -  MemoryUsage of job (MB)
	646560  -  ResidentSetSize of job (KB)
...
005 (13763.006.000) 2024-09-23 17:19:18 Job terminated.
	(1) Normal termination (return value 0)
		Usr 0 01:07:32, Sys 0 00:00:04  -  Run Remote Usage
		Usr 0 00:00:00, Sys 0 00:00:00  -  Run Local Usage
		Usr 0 01:07:32, Sys 0 00:00:04  -  Total Remote Usage
		Usr 0 00:00:00, Sys 0 00:00:00  -  Total Local Usage
	0  -  Run Bytes Sent By Job
	0  -  Run Bytes Received By Job
	0  -  Total Bytes Sent By Job
	0  -  Total Bytes Received By Job
	Partitionable Resources :    Usage  Request Allocated 
	   Cpus                 :     1.00        1         1 
	   Disk (KB)            :    15          15      3545 
	   Memory (MB)          :   632        2048      2048 

	Job terminated of its own accord at 2024-09-23T15:19:18Z with exit-code 0.
...
