000 (13118.221.000) 2024-06-07 17:04:04 Job submitted from host: <10.18.24.233:9618?addrs=10.18.24.233-9618&alias=bioclusts03.bioclust.biologie.ens.fr&noUDP&sock=schedd_942_b64d>
...
001 (13118.221.000) 2024-06-08 02:25:59 Job executing on host: <10.18.24.7:9618?addrs=10.18.24.7-9618&alias=bioclust07.bioclust.biologie.ens.fr&noUDP&sock=startd_1149_b268>
...
006 (13118.221.000) 2024-06-08 02:26:07 Image size of job updated: 852580
	178  -  MemoryUsage of job (MB)
	181304  -  ResidentSetSize of job (KB)
...
006 (13118.221.000) 2024-06-08 02:31:07 Image size of job updated: 1627448
	580  -  MemoryUsage of job (MB)
	593208  -  ResidentSetSize of job (KB)
...
006 (13118.221.000) 2024-06-08 02:36:07 Image size of job updated: 1629304
	582  -  MemoryUsage of job (MB)
	595228  -  ResidentSetSize of job (KB)
...
006 (13118.221.000) 2024-06-08 02:41:08 Image size of job updated: 1630336
	584  -  MemoryUsage of job (MB)
	597884  -  ResidentSetSize of job (KB)
...
006 (13118.221.000) 2024-06-08 02:46:08 Image size of job updated: 1632344
	584  -  MemoryUsage of job (MB)
	597884  -  ResidentSetSize of job (KB)
...
006 (13118.221.000) 2024-06-08 02:51:08 Image size of job updated: 1633684
	599  -  MemoryUsage of job (MB)
	612980  -  ResidentSetSize of job (KB)
...
006 (13118.221.000) 2024-06-08 02:56:09 Image size of job updated: 1634740
	599  -  MemoryUsage of job (MB)
	612980  -  ResidentSetSize of job (KB)
...
006 (13118.221.000) 2024-06-08 03:01:10 Image size of job updated: 1637672
	599  -  MemoryUsage of job (MB)
	612980  -  ResidentSetSize of job (KB)
...
006 (13118.221.000) 2024-06-08 03:06:10 Image size of job updated: 1638180
	599  -  MemoryUsage of job (MB)
	612980  -  ResidentSetSize of job (KB)
...
006 (13118.221.000) 2024-06-08 03:11:11 Image size of job updated: 1639632
	599  -  MemoryUsage of job (MB)
	612980  -  ResidentSetSize of job (KB)
...
006 (13118.221.000) 2024-06-08 03:16:12 Image size of job updated: 1641352
	599  -  MemoryUsage of job (MB)
	612980  -  ResidentSetSize of job (KB)
...
006 (13118.221.000) 2024-06-08 03:21:12 Image size of job updated: 1643052
	599  -  MemoryUsage of job (MB)
	612980  -  ResidentSetSize of job (KB)
...
006 (13118.221.000) 2024-06-08 03:26:13 Image size of job updated: 1643700
	600  -  MemoryUsage of job (MB)
	613936  -  ResidentSetSize of job (KB)
...
005 (13118.221.000) 2024-06-08 03:26:18 Job terminated.
	(1) Normal termination (return value 0)
		Usr 0 01:00:08, Sys 0 00:00:05  -  Run Remote Usage
		Usr 0 00:00:00, Sys 0 00:00:00  -  Run Local Usage
		Usr 0 01:00:08, Sys 0 00:00:05  -  Total Remote Usage
		Usr 0 00:00:00, Sys 0 00:00:00  -  Total Local Usage
	0  -  Run Bytes Sent By Job
	0  -  Run Bytes Received By Job
	0  -  Total Bytes Sent By Job
	0  -  Total Bytes Received By Job
	Partitionable Resources :    Usage  Request Allocated 
	   Cpus                 :     1.00        1         1 
	   Disk (KB)            :    15          15      2393 
	   Memory (MB)          :   600       20480     20480 

	Job terminated of its own accord at 2024-06-08T01:26:18Z with exit-code 0.
...
