000 (13118.333.000) 2024-06-07 17:04:07 Job submitted from host: <10.18.24.233:9618?addrs=10.18.24.233-9618&alias=bioclusts03.bioclust.biologie.ens.fr&noUDP&sock=schedd_942_b64d>
...
001 (13118.333.000) 2024-06-08 07:14:04 Job executing on host: <10.18.24.7:9618?addrs=10.18.24.7-9618&alias=bioclust07.bioclust.biologie.ens.fr&noUDP&sock=startd_1149_b268>
...
006 (13118.333.000) 2024-06-08 07:14:13 Image size of job updated: 856456
	168  -  MemoryUsage of job (MB)
	171348  -  ResidentSetSize of job (KB)
...
006 (13118.333.000) 2024-06-08 07:19:14 Image size of job updated: 1582768
	589  -  MemoryUsage of job (MB)
	602440  -  ResidentSetSize of job (KB)
...
006 (13118.333.000) 2024-06-08 07:24:15 Image size of job updated: 1584752
	597  -  MemoryUsage of job (MB)
	610536  -  ResidentSetSize of job (KB)
...
006 (13118.333.000) 2024-06-08 07:29:15 Image size of job updated: 1586764
	597  -  MemoryUsage of job (MB)
	610536  -  ResidentSetSize of job (KB)
...
006 (13118.333.000) 2024-06-08 07:34:15 Image size of job updated: 1587080
	601  -  MemoryUsage of job (MB)
	615360  -  ResidentSetSize of job (KB)
...
006 (13118.333.000) 2024-06-08 07:39:16 Image size of job updated: 1589284
	603  -  MemoryUsage of job (MB)
	616892  -  ResidentSetSize of job (KB)
...
006 (13118.333.000) 2024-06-08 07:44:17 Image size of job updated: 1590084
	605  -  MemoryUsage of job (MB)
	619016  -  ResidentSetSize of job (KB)
...
006 (13118.333.000) 2024-06-08 07:49:17 Image size of job updated: 1591408
	606  -  MemoryUsage of job (MB)
	619988  -  ResidentSetSize of job (KB)
...
006 (13118.333.000) 2024-06-08 07:54:18 Image size of job updated: 1592712
	613  -  MemoryUsage of job (MB)
	626852  -  ResidentSetSize of job (KB)
...
006 (13118.333.000) 2024-06-08 07:59:19 Image size of job updated: 1593968
	613  -  MemoryUsage of job (MB)
	626852  -  ResidentSetSize of job (KB)
...
006 (13118.333.000) 2024-06-08 08:04:19 Image size of job updated: 1595836
	613  -  MemoryUsage of job (MB)
	627344  -  ResidentSetSize of job (KB)
...
006 (13118.333.000) 2024-06-08 08:09:19 Image size of job updated: 1597564
	613  -  MemoryUsage of job (MB)
	627544  -  ResidentSetSize of job (KB)
...
006 (13118.333.000) 2024-06-08 08:14:20 Image size of job updated: 1598632
	614  -  MemoryUsage of job (MB)
	628532  -  ResidentSetSize of job (KB)
...
006 (13118.333.000) 2024-06-08 08:19:21 Image size of job updated: 1600080
	618  -  MemoryUsage of job (MB)
	632160  -  ResidentSetSize of job (KB)
...
006 (13118.333.000) 2024-06-08 08:21:05 Image size of job updated: 1600680
	618  -  MemoryUsage of job (MB)
	632160  -  ResidentSetSize of job (KB)
...
005 (13118.333.000) 2024-06-08 08:21:05 Job terminated.
	(1) Normal termination (return value 0)
		Usr 0 01:06:17, Sys 0 00:00:36  -  Run Remote Usage
		Usr 0 00:00:00, Sys 0 00:00:00  -  Run Local Usage
		Usr 0 01:06:17, Sys 0 00:00:36  -  Total Remote Usage
		Usr 0 00:00:00, Sys 0 00:00:00  -  Total Local Usage
	0  -  Run Bytes Sent By Job
	0  -  Run Bytes Received By Job
	0  -  Total Bytes Sent By Job
	0  -  Total Bytes Received By Job
	Partitionable Resources :    Usage  Request Allocated 
	   Cpus                 :     1.00        1         1 
	   Disk (KB)            :    15          15      2393 
	   Memory (MB)          :   618       20480     20480 

	Job terminated of its own accord at 2024-06-08T06:21:05Z with exit-code 0.
...
