000 (13118.303.000) 2024-06-07 17:04:06 Job submitted from host: <10.18.24.233:9618?addrs=10.18.24.233-9618&alias=bioclusts03.bioclust.biologie.ens.fr&noUDP&sock=schedd_942_b64d>
...
001 (13118.303.000) 2024-06-08 06:12:02 Job executing on host: <10.18.24.13:9618?addrs=10.18.24.13-9618&alias=bioclust13.bioclust.biologie.ens.fr&noUDP&sock=startd_1231_f12c>
...
006 (13118.303.000) 2024-06-08 06:12:11 Image size of job updated: 651172
	210  -  MemoryUsage of job (MB)
	214808  -  ResidentSetSize of job (KB)
...
006 (13118.303.000) 2024-06-08 06:17:12 Image size of job updated: 1683416
	553  -  MemoryUsage of job (MB)
	565728  -  ResidentSetSize of job (KB)
...
006 (13118.303.000) 2024-06-08 06:22:12 Image size of job updated: 1686916
	569  -  MemoryUsage of job (MB)
	582072  -  ResidentSetSize of job (KB)
...
006 (13118.303.000) 2024-06-08 06:27:12 Image size of job updated: 1687312
	569  -  MemoryUsage of job (MB)
	582072  -  ResidentSetSize of job (KB)
...
006 (13118.303.000) 2024-06-08 06:32:13 Image size of job updated: 1687708
	569  -  MemoryUsage of job (MB)
	582072  -  ResidentSetSize of job (KB)
...
006 (13118.303.000) 2024-06-08 06:37:14 Image size of job updated: 1688104
	569  -  MemoryUsage of job (MB)
	582072  -  ResidentSetSize of job (KB)
...
006 (13118.303.000) 2024-06-08 06:42:14 Image size of job updated: 1689160
	569  -  MemoryUsage of job (MB)
	582072  -  ResidentSetSize of job (KB)
...
006 (13118.303.000) 2024-06-08 06:52:16 Image size of job updated: 1689952
	569  -  MemoryUsage of job (MB)
	582072  -  ResidentSetSize of job (KB)
...
006 (13118.303.000) 2024-06-08 07:02:17 Image size of job updated: 1690612
	569  -  MemoryUsage of job (MB)
	582072  -  ResidentSetSize of job (KB)
...
006 (13118.303.000) 2024-06-08 07:07:18 Image size of job updated: 1692464
	570  -  MemoryUsage of job (MB)
	582660  -  ResidentSetSize of job (KB)
...
006 (13118.303.000) 2024-06-08 07:12:18 Image size of job updated: 1692464
	570  -  MemoryUsage of job (MB)
	582668  -  ResidentSetSize of job (KB)
...
006 (13118.303.000) 2024-06-08 07:17:18 Image size of job updated: 1692596
	570  -  MemoryUsage of job (MB)
	582960  -  ResidentSetSize of job (KB)
...
006 (13118.303.000) 2024-06-08 07:22:19 Image size of job updated: 1693388
	570  -  MemoryUsage of job (MB)
	583592  -  ResidentSetSize of job (KB)
...
006 (13118.303.000) 2024-06-08 07:32:19 Image size of job updated: 1694048
	571  -  MemoryUsage of job (MB)
	584460  -  ResidentSetSize of job (KB)
...
006 (13118.303.000) 2024-06-08 07:37:21 Image size of job updated: 1694312
	571  -  MemoryUsage of job (MB)
	584472  -  ResidentSetSize of job (KB)
...
006 (13118.303.000) 2024-06-08 07:42:21 Image size of job updated: 1694896
	573  -  MemoryUsage of job (MB)
	586288  -  ResidentSetSize of job (KB)
...
006 (13118.303.000) 2024-06-08 07:47:21 Image size of job updated: 1695292
	573  -  MemoryUsage of job (MB)
	586288  -  ResidentSetSize of job (KB)
...
006 (13118.303.000) 2024-06-08 07:52:22 Image size of job updated: 1696084
	579  -  MemoryUsage of job (MB)
	592632  -  ResidentSetSize of job (KB)
...
006 (13118.303.000) 2024-06-08 07:57:23 Image size of job updated: 1696348
	579  -  MemoryUsage of job (MB)
	592632  -  ResidentSetSize of job (KB)
...
006 (13118.303.000) 2024-06-08 08:02:23 Image size of job updated: 1697536
	579  -  MemoryUsage of job (MB)
	592632  -  ResidentSetSize of job (KB)
...
006 (13118.303.000) 2024-06-08 08:12:25 Image size of job updated: 1698988
	579  -  MemoryUsage of job (MB)
	592632  -  ResidentSetSize of job (KB)
...
006 (13118.303.000) 2024-06-08 08:22:25 Image size of job updated: 1699648
	579  -  MemoryUsage of job (MB)
	592632  -  ResidentSetSize of job (KB)
...
006 (13118.303.000) 2024-06-08 08:32:26 Image size of job updated: 1700044
	579  -  MemoryUsage of job (MB)
	592632  -  ResidentSetSize of job (KB)
...
006 (13118.303.000) 2024-06-08 08:37:26 Image size of job updated: 1700704
	579  -  MemoryUsage of job (MB)
	592632  -  ResidentSetSize of job (KB)
...
006 (13118.303.000) 2024-06-08 08:42:27 Image size of job updated: 1701100
	579  -  MemoryUsage of job (MB)
	592632  -  ResidentSetSize of job (KB)
...
006 (13118.303.000) 2024-06-08 08:47:28 Image size of job updated: 1701364
	580  -  MemoryUsage of job (MB)
	593112  -  ResidentSetSize of job (KB)
...
006 (13118.303.000) 2024-06-08 08:52:28 Image size of job updated: 1702024
	580  -  MemoryUsage of job (MB)
	593420  -  ResidentSetSize of job (KB)
...
006 (13118.303.000) 2024-06-08 08:57:29 Image size of job updated: 1702420
	580  -  MemoryUsage of job (MB)
	593420  -  ResidentSetSize of job (KB)
...
006 (13118.303.000) 2024-06-08 09:02:30 Image size of job updated: 1703216
	580  -  MemoryUsage of job (MB)
	593472  -  ResidentSetSize of job (KB)
...
006 (13118.303.000) 2024-06-08 09:07:30 Image size of job updated: 1703612
	580  -  MemoryUsage of job (MB)
	593772  -  ResidentSetSize of job (KB)
...
006 (13118.303.000) 2024-06-08 09:12:31 Image size of job updated: 1704144
	582  -  MemoryUsage of job (MB)
	595664  -  ResidentSetSize of job (KB)
...
006 (13118.303.000) 2024-06-08 09:17:32 Image size of job updated: 1704672
	584  -  MemoryUsage of job (MB)
	597996  -  ResidentSetSize of job (KB)
...
006 (13118.303.000) 2024-06-08 09:22:32 Image size of job updated: 1705200
	584  -  MemoryUsage of job (MB)
	597996  -  ResidentSetSize of job (KB)
...
006 (13118.303.000) 2024-06-08 09:26:45 Image size of job updated: 1705992
	584  -  MemoryUsage of job (MB)
	597996  -  ResidentSetSize of job (KB)
...
005 (13118.303.000) 2024-06-08 09:26:45 Job terminated.
	(1) Normal termination (return value 0)
		Usr 0 03:13:43, Sys 0 00:00:16  -  Run Remote Usage
		Usr 0 00:00:00, Sys 0 00:00:00  -  Run Local Usage
		Usr 0 03:13:43, Sys 0 00:00:16  -  Total Remote Usage
		Usr 0 00:00:00, Sys 0 00:00:00  -  Total Local Usage
	0  -  Run Bytes Sent By Job
	0  -  Run Bytes Received By Job
	0  -  Total Bytes Sent By Job
	0  -  Total Bytes Received By Job
	Partitionable Resources :    Usage  Request Allocated 
	   Cpus                 :     1.00        1         1 
	   Disk (KB)            :    15          15      2412 
	   Memory (MB)          :   584       20480     20480 

	Job terminated of its own accord at 2024-06-08T07:26:45Z with exit-code 0.
...
