000 (13118.327.000) 2024-06-07 17:04:07 Job submitted from host: <10.18.24.233:9618?addrs=10.18.24.233-9618&alias=bioclusts03.bioclust.biologie.ens.fr&noUDP&sock=schedd_942_b64d>
...
001 (13118.327.000) 2024-06-08 07:06:04 Job executing on host: <10.18.24.7:9618?addrs=10.18.24.7-9618&alias=bioclust07.bioclust.biologie.ens.fr&noUDP&sock=startd_1149_b268>
...
006 (13118.327.000) 2024-06-08 07:06:12 Image size of job updated: 856884
	239  -  MemoryUsage of job (MB)
	244292  -  ResidentSetSize of job (KB)
...
006 (13118.327.000) 2024-06-08 07:11:12 Image size of job updated: 1651880
	616  -  MemoryUsage of job (MB)
	630376  -  ResidentSetSize of job (KB)
...
006 (13118.327.000) 2024-06-08 07:16:13 Image size of job updated: 1654528
	619  -  MemoryUsage of job (MB)
	633404  -  ResidentSetSize of job (KB)
...
006 (13118.327.000) 2024-06-08 07:21:14 Image size of job updated: 1655864
	621  -  MemoryUsage of job (MB)
	635620  -  ResidentSetSize of job (KB)
...
006 (13118.327.000) 2024-06-08 07:26:14 Image size of job updated: 1658396
	624  -  MemoryUsage of job (MB)
	638264  -  ResidentSetSize of job (KB)
...
006 (13118.327.000) 2024-06-08 07:31:15 Image size of job updated: 1661188
	627  -  MemoryUsage of job (MB)
	641700  -  ResidentSetSize of job (KB)
...
006 (13118.327.000) 2024-06-08 07:36:16 Image size of job updated: 1662156
	629  -  MemoryUsage of job (MB)
	643588  -  ResidentSetSize of job (KB)
...
006 (13118.327.000) 2024-06-08 07:41:16 Image size of job updated: 1664008
	632  -  MemoryUsage of job (MB)
	646384  -  ResidentSetSize of job (KB)
...
006 (13118.327.000) 2024-06-08 07:46:16 Image size of job updated: 1665720
	633  -  MemoryUsage of job (MB)
	647908  -  ResidentSetSize of job (KB)
...
006 (13118.327.000) 2024-06-08 07:51:17 Image size of job updated: 1667328
	634  -  MemoryUsage of job (MB)
	649016  -  ResidentSetSize of job (KB)
...
006 (13118.327.000) 2024-06-08 07:56:18 Image size of job updated: 1670080
	637  -  MemoryUsage of job (MB)
	651368  -  ResidentSetSize of job (KB)
...
006 (13118.327.000) 2024-06-08 08:01:18 Image size of job updated: 1672144
	637  -  MemoryUsage of job (MB)
	651368  -  ResidentSetSize of job (KB)
...
006 (13118.327.000) 2024-06-08 08:06:19 Image size of job updated: 1674268
	643  -  MemoryUsage of job (MB)
	657484  -  ResidentSetSize of job (KB)
...
006 (13118.327.000) 2024-06-08 08:07:49 Image size of job updated: 1674404
	643  -  MemoryUsage of job (MB)
	657484  -  ResidentSetSize of job (KB)
...
005 (13118.327.000) 2024-06-08 08:07:49 Job terminated.
	(1) Normal termination (return value 0)
		Usr 0 01:01:30, Sys 0 00:00:06  -  Run Remote Usage
		Usr 0 00:00:00, Sys 0 00:00:00  -  Run Local Usage
		Usr 0 01:01:30, Sys 0 00:00:06  -  Total Remote Usage
		Usr 0 00:00:00, Sys 0 00:00:00  -  Total Local Usage
	0  -  Run Bytes Sent By Job
	0  -  Run Bytes Received By Job
	0  -  Total Bytes Sent By Job
	0  -  Total Bytes Received By Job
	Partitionable Resources :    Usage  Request Allocated 
	   Cpus                 :     1.00        1         1 
	   Disk (KB)            :    15          15      2393 
	   Memory (MB)          :   643       20480     20480 

	Job terminated of its own accord at 2024-06-08T06:07:49Z with exit-code 0.
...
