000 (13118.046.000) 2024-06-07 17:04:00 Job submitted from host: <10.18.24.233:9618?addrs=10.18.24.233-9618&alias=bioclusts03.bioclust.biologie.ens.fr&noUDP&sock=schedd_942_b64d>
...
001 (13118.046.000) 2024-06-07 18:43:36 Job executing on host: <10.18.24.5:9618?addrs=10.18.24.5-9618&alias=bioclust05.bioclust.biologie.ens.fr&noUDP&sock=startd_1161_ed8b>
...
006 (13118.046.000) 2024-06-07 18:43:45 Image size of job updated: 870812
	169  -  MemoryUsage of job (MB)
	172496  -  ResidentSetSize of job (KB)
...
006 (13118.046.000) 2024-06-07 18:48:46 Image size of job updated: 1572212
	563  -  MemoryUsage of job (MB)
	576112  -  ResidentSetSize of job (KB)
...
006 (13118.046.000) 2024-06-07 18:53:47 Image size of job updated: 1572328
	563  -  MemoryUsage of job (MB)
	576112  -  ResidentSetSize of job (KB)
...
006 (13118.046.000) 2024-06-07 18:58:47 Image size of job updated: 1575100
	563  -  MemoryUsage of job (MB)
	576112  -  ResidentSetSize of job (KB)
...
006 (13118.046.000) 2024-06-07 19:03:47 Image size of job updated: 1575628
	571  -  MemoryUsage of job (MB)
	583956  -  ResidentSetSize of job (KB)
...
006 (13118.046.000) 2024-06-07 19:08:48 Image size of job updated: 1576156
	571  -  MemoryUsage of job (MB)
	583956  -  ResidentSetSize of job (KB)
...
006 (13118.046.000) 2024-06-07 19:13:48 Image size of job updated: 1579272
	571  -  MemoryUsage of job (MB)
	583956  -  ResidentSetSize of job (KB)
...
006 (13118.046.000) 2024-06-07 19:28:50 Image size of job updated: 1579272
	575  -  MemoryUsage of job (MB)
	588120  -  ResidentSetSize of job (KB)
...
006 (13118.046.000) 2024-06-07 19:33:50 Image size of job updated: 1580076
	575  -  MemoryUsage of job (MB)
	588120  -  ResidentSetSize of job (KB)
...
006 (13118.046.000) 2024-06-07 19:43:52 Image size of job updated: 1580268
	575  -  MemoryUsage of job (MB)
	588120  -  ResidentSetSize of job (KB)
...
006 (13118.046.000) 2024-06-07 19:48:52 Image size of job updated: 1580928
	575  -  MemoryUsage of job (MB)
	588120  -  ResidentSetSize of job (KB)
...
006 (13118.046.000) 2024-06-07 19:53:52 Image size of job updated: 1582644
	575  -  MemoryUsage of job (MB)
	588120  -  ResidentSetSize of job (KB)
...
006 (13118.046.000) 2024-06-07 20:08:54 Image size of job updated: 1582644
	577  -  MemoryUsage of job (MB)
	590436  -  ResidentSetSize of job (KB)
...
006 (13118.046.000) 2024-06-07 20:13:54 Image size of job updated: 1582916
	581  -  MemoryUsage of job (MB)
	594728  -  ResidentSetSize of job (KB)
...
006 (13118.046.000) 2024-06-07 20:18:55 Image size of job updated: 1586368
	581  -  MemoryUsage of job (MB)
	594728  -  ResidentSetSize of job (KB)
...
006 (13118.046.000) 2024-06-07 20:43:56 Image size of job updated: 1587272
	581  -  MemoryUsage of job (MB)
	594728  -  ResidentSetSize of job (KB)
...
006 (13118.046.000) 2024-06-07 21:19:00 Image size of job updated: 1588760
	584  -  MemoryUsage of job (MB)
	597332  -  ResidentSetSize of job (KB)
...
006 (13118.046.000) 2024-06-07 21:29:01 Image size of job updated: 1589100
	584  -  MemoryUsage of job (MB)
	597332  -  ResidentSetSize of job (KB)
...
006 (13118.046.000) 2024-06-07 21:34:01 Image size of job updated: 1592584
	584  -  MemoryUsage of job (MB)
	597332  -  ResidentSetSize of job (KB)
...
006 (13118.046.000) 2024-06-07 21:49:03 Image size of job updated: 1592584
	598  -  MemoryUsage of job (MB)
	612108  -  ResidentSetSize of job (KB)
...
006 (13118.046.000) 2024-06-07 22:04:05 Image size of job updated: 1594472
	598  -  MemoryUsage of job (MB)
	612108  -  ResidentSetSize of job (KB)
...
006 (13118.046.000) 2024-06-07 22:39:09 Image size of job updated: 1598256
	598  -  MemoryUsage of job (MB)
	612108  -  ResidentSetSize of job (KB)
...
006 (13118.046.000) 2024-06-07 23:09:12 Image size of job updated: 1599516
	598  -  MemoryUsage of job (MB)
	612108  -  ResidentSetSize of job (KB)
...
006 (13118.046.000) 2024-06-07 23:39:53 Image size of job updated: 1599648
	598  -  MemoryUsage of job (MB)
	612108  -  ResidentSetSize of job (KB)
...
005 (13118.046.000) 2024-06-07 23:39:53 Job terminated.
	(1) Normal termination (return value 0)
		Usr 0 04:55:16, Sys 0 00:00:40  -  Run Remote Usage
		Usr 0 00:00:00, Sys 0 00:00:00  -  Run Local Usage
		Usr 0 04:55:16, Sys 0 00:00:40  -  Total Remote Usage
		Usr 0 00:00:00, Sys 0 00:00:00  -  Total Local Usage
	0  -  Run Bytes Sent By Job
	0  -  Run Bytes Received By Job
	0  -  Total Bytes Sent By Job
	0  -  Total Bytes Received By Job
	Partitionable Resources :    Usage  Request Allocated 
	   Cpus                 :     1.00        1         1 
	   Disk (KB)            :    15          15      2245 
	   Memory (MB)          :   598       20480     20480 

	Job terminated of its own accord at 2024-06-07T21:39:52Z with exit-code 0.
...
