000 (13112.078.000) 2024-06-07 15:12:17 Job submitted from host: <10.18.24.233:9618?addrs=10.18.24.233-9618&alias=bioclusts03.bioclust.biologie.ens.fr&noUDP&sock=schedd_942_b64d>
...
001 (13112.078.000) 2024-06-07 16:07:05 Job executing on host: <10.18.24.12:9618?addrs=10.18.24.12-9618&alias=bioclust12.bioclust.biologie.ens.fr&noUDP&sock=startd_52665_6353>
...
006 (13112.078.000) 2024-06-07 16:07:14 Image size of job updated: 648688
	202  -  MemoryUsage of job (MB)
	206336  -  ResidentSetSize of job (KB)
...
006 (13112.078.000) 2024-06-07 16:12:14 Image size of job updated: 1632336
	589  -  MemoryUsage of job (MB)
	602192  -  ResidentSetSize of job (KB)
...
006 (13112.078.000) 2024-06-07 16:17:14 Image size of job updated: 1635912
	599  -  MemoryUsage of job (MB)
	612820  -  ResidentSetSize of job (KB)
...
006 (13112.078.000) 2024-06-07 16:22:15 Image size of job updated: 1638560
	602  -  MemoryUsage of job (MB)
	615456  -  ResidentSetSize of job (KB)
...
006 (13112.078.000) 2024-06-07 16:27:16 Image size of job updated: 1641208
	604  -  MemoryUsage of job (MB)
	618176  -  ResidentSetSize of job (KB)
...
006 (13112.078.000) 2024-06-07 16:32:16 Image size of job updated: 1643992
	607  -  MemoryUsage of job (MB)
	621556  -  ResidentSetSize of job (KB)
...
006 (13112.078.000) 2024-06-07 16:37:17 Image size of job updated: 1647432
	610  -  MemoryUsage of job (MB)
	624432  -  ResidentSetSize of job (KB)
...
006 (13112.078.000) 2024-06-07 16:42:18 Image size of job updated: 1649952
	613  -  MemoryUsage of job (MB)
	627172  -  ResidentSetSize of job (KB)
...
006 (13112.078.000) 2024-06-07 16:47:18 Image size of job updated: 1653264
	616  -  MemoryUsage of job (MB)
	630456  -  ResidentSetSize of job (KB)
...
006 (13112.078.000) 2024-06-07 16:52:19 Image size of job updated: 1656708
	619  -  MemoryUsage of job (MB)
	632836  -  ResidentSetSize of job (KB)
...
006 (13112.078.000) 2024-06-07 16:57:20 Image size of job updated: 1660156
	623  -  MemoryUsage of job (MB)
	637088  -  ResidentSetSize of job (KB)
...
006 (13112.078.000) 2024-06-07 17:02:20 Image size of job updated: 1662408
	625  -  MemoryUsage of job (MB)
	639436  -  ResidentSetSize of job (KB)
...
006 (13112.078.000) 2024-06-07 17:07:20 Image size of job updated: 1665596
	628  -  MemoryUsage of job (MB)
	642572  -  ResidentSetSize of job (KB)
...
006 (13112.078.000) 2024-06-07 17:12:21 Image size of job updated: 1668636
	631  -  MemoryUsage of job (MB)
	646064  -  ResidentSetSize of job (KB)
...
006 (13112.078.000) 2024-06-07 17:12:30 Image size of job updated: 1669164
	631  -  MemoryUsage of job (MB)
	646064  -  ResidentSetSize of job (KB)
...
005 (13112.078.000) 2024-06-07 17:12:30 Job terminated.
	(1) Normal termination (return value 0)
		Usr 0 01:04:30, Sys 0 00:00:07  -  Run Remote Usage
		Usr 0 00:00:00, Sys 0 00:00:00  -  Run Local Usage
		Usr 0 01:04:30, Sys 0 00:00:07  -  Total Remote Usage
		Usr 0 00:00:00, Sys 0 00:00:00  -  Total Local Usage
	0  -  Run Bytes Sent By Job
	0  -  Run Bytes Received By Job
	0  -  Total Bytes Sent By Job
	0  -  Total Bytes Received By Job
	Partitionable Resources :    Usage  Request Allocated 
	   Cpus                 :     0.99        1         1 
	   Disk (KB)            :    15          15      2316 
	   Memory (MB)          :   631       20480     20480 

	Job terminated of its own accord at 2024-06-07T15:12:30Z with exit-code 0.
...
