000 (13118.116.000) 2024-06-07 17:04:01 Job submitted from host: <10.18.24.233:9618?addrs=10.18.24.233-9618&alias=bioclusts03.bioclust.biologie.ens.fr&noUDP&sock=schedd_942_b64d>
...
001 (13118.116.000) 2024-06-07 21:25:37 Job executing on host: <10.18.24.5:9618?addrs=10.18.24.5-9618&alias=bioclust05.bioclust.biologie.ens.fr&noUDP&sock=startd_1161_ed8b>
...
006 (13118.116.000) 2024-06-07 21:25:46 Image size of job updated: 673176
	169  -  MemoryUsage of job (MB)
	172180  -  ResidentSetSize of job (KB)
...
006 (13118.116.000) 2024-06-07 21:30:47 Image size of job updated: 1638316
	600  -  MemoryUsage of job (MB)
	613436  -  ResidentSetSize of job (KB)
...
006 (13118.116.000) 2024-06-07 21:35:48 Image size of job updated: 1640660
	602  -  MemoryUsage of job (MB)
	615560  -  ResidentSetSize of job (KB)
...
006 (13118.116.000) 2024-06-07 21:40:48 Image size of job updated: 1642980
	602  -  MemoryUsage of job (MB)
	615692  -  ResidentSetSize of job (KB)
...
006 (13118.116.000) 2024-06-07 21:45:49 Image size of job updated: 1649316
	602  -  MemoryUsage of job (MB)
	615692  -  ResidentSetSize of job (KB)
...
006 (13118.116.000) 2024-06-07 21:50:50 Image size of job updated: 1649564
	614  -  MemoryUsage of job (MB)
	628056  -  ResidentSetSize of job (KB)
...
006 (13118.116.000) 2024-06-07 21:55:50 Image size of job updated: 1651544
	615  -  MemoryUsage of job (MB)
	629012  -  ResidentSetSize of job (KB)
...
006 (13118.116.000) 2024-06-07 22:00:50 Image size of job updated: 1653992
	615  -  MemoryUsage of job (MB)
	629012  -  ResidentSetSize of job (KB)
...
006 (13118.116.000) 2024-06-07 22:05:51 Image size of job updated: 1656636
	615  -  MemoryUsage of job (MB)
	629012  -  ResidentSetSize of job (KB)
...
006 (13118.116.000) 2024-06-07 22:10:52 Image size of job updated: 1659936
	619  -  MemoryUsage of job (MB)
	633760  -  ResidentSetSize of job (KB)
...
006 (13118.116.000) 2024-06-07 22:15:52 Image size of job updated: 1663604
	621  -  MemoryUsage of job (MB)
	635408  -  ResidentSetSize of job (KB)
...
006 (13118.116.000) 2024-06-07 22:20:52 Image size of job updated: 1666256
	624  -  MemoryUsage of job (MB)
	638244  -  ResidentSetSize of job (KB)
...
006 (13118.116.000) 2024-06-07 22:25:53 Image size of job updated: 1667724
	626  -  MemoryUsage of job (MB)
	640152  -  ResidentSetSize of job (KB)
...
006 (13118.116.000) 2024-06-07 22:26:25 Image size of job updated: 1668120
	626  -  MemoryUsage of job (MB)
	640152  -  ResidentSetSize of job (KB)
...
005 (13118.116.000) 2024-06-07 22:26:25 Job terminated.
	(1) Normal termination (return value 0)
		Usr 0 01:00:01, Sys 0 00:00:40  -  Run Remote Usage
		Usr 0 00:00:00, Sys 0 00:00:00  -  Run Local Usage
		Usr 0 01:00:01, Sys 0 00:00:40  -  Total Remote Usage
		Usr 0 00:00:00, Sys 0 00:00:00  -  Total Local Usage
	0  -  Run Bytes Sent By Job
	0  -  Run Bytes Received By Job
	0  -  Total Bytes Sent By Job
	0  -  Total Bytes Received By Job
	Partitionable Resources :    Usage  Request Allocated 
	   Cpus                 :     1.00        1         1 
	   Disk (KB)            :    15          15      2245 
	   Memory (MB)          :   626       20480     20480 

	Job terminated of its own accord at 2024-06-07T20:26:25Z with exit-code 0.
...
