000 (13112.018.000) 2024-06-07 15:12:15 Job submitted from host: <10.18.24.233:9618?addrs=10.18.24.233-9618&alias=bioclusts03.bioclust.biologie.ens.fr&noUDP&sock=schedd_942_b64d>
...
001 (13112.018.000) 2024-06-07 15:12:19 Job executing on host: <10.18.24.47:9618?addrs=10.18.24.47-9618&alias=bioclust47.bioclust.biologie.ens.fr&noUDP&sock=startd_1176_3777>
...
006 (13112.018.000) 2024-06-07 15:12:27 Image size of job updated: 197604
	144  -  MemoryUsage of job (MB)
	147180  -  ResidentSetSize of job (KB)
...
006 (13112.018.000) 2024-06-07 15:17:27 Image size of job updated: 1581072
	588  -  MemoryUsage of job (MB)
	601732  -  ResidentSetSize of job (KB)
...
006 (13112.018.000) 2024-06-07 15:22:28 Image size of job updated: 1583688
	598  -  MemoryUsage of job (MB)
	612328  -  ResidentSetSize of job (KB)
...
006 (13112.018.000) 2024-06-07 15:27:28 Image size of job updated: 1585248
	604  -  MemoryUsage of job (MB)
	617900  -  ResidentSetSize of job (KB)
...
006 (13112.018.000) 2024-06-07 15:32:28 Image size of job updated: 1586704
	604  -  MemoryUsage of job (MB)
	617900  -  ResidentSetSize of job (KB)
...
006 (13112.018.000) 2024-06-07 15:37:29 Image size of job updated: 1588700
	604  -  MemoryUsage of job (MB)
	617900  -  ResidentSetSize of job (KB)
...
006 (13112.018.000) 2024-06-07 15:42:30 Image size of job updated: 1588968
	604  -  MemoryUsage of job (MB)
	617900  -  ResidentSetSize of job (KB)
...
006 (13112.018.000) 2024-06-07 15:47:30 Image size of job updated: 1590600
	604  -  MemoryUsage of job (MB)
	617900  -  ResidentSetSize of job (KB)
...
006 (13112.018.000) 2024-06-07 15:52:30 Image size of job updated: 1592660
	604  -  MemoryUsage of job (MB)
	617900  -  ResidentSetSize of job (KB)
...
006 (13112.018.000) 2024-06-07 15:57:31 Image size of job updated: 1594140
	604  -  MemoryUsage of job (MB)
	617900  -  ResidentSetSize of job (KB)
...
006 (13112.018.000) 2024-06-07 16:02:31 Image size of job updated: 1595644
	604  -  MemoryUsage of job (MB)
	617900  -  ResidentSetSize of job (KB)
...
006 (13112.018.000) 2024-06-07 16:07:31 Image size of job updated: 1597440
	608  -  MemoryUsage of job (MB)
	622212  -  ResidentSetSize of job (KB)
...
006 (13112.018.000) 2024-06-07 16:12:32 Image size of job updated: 1663568
	608  -  MemoryUsage of job (MB)
	622212  -  ResidentSetSize of job (KB)
...
006 (13112.018.000) 2024-06-07 16:17:33 Image size of job updated: 1665956
	608  -  MemoryUsage of job (MB)
	622212  -  ResidentSetSize of job (KB)
...
006 (13112.018.000) 2024-06-07 16:22:33 Image size of job updated: 1667552
	608  -  MemoryUsage of job (MB)
	622212  -  ResidentSetSize of job (KB)
...
006 (13112.018.000) 2024-06-07 16:27:33 Image size of job updated: 1668940
	608  -  MemoryUsage of job (MB)
	622212  -  ResidentSetSize of job (KB)
...
006 (13112.018.000) 2024-06-07 16:32:34 Image size of job updated: 1669716
	608  -  MemoryUsage of job (MB)
	622212  -  ResidentSetSize of job (KB)
...
006 (13112.018.000) 2024-06-07 16:37:35 Image size of job updated: 1671440
	608  -  MemoryUsage of job (MB)
	622212  -  ResidentSetSize of job (KB)
...
006 (13112.018.000) 2024-06-07 16:42:35 Image size of job updated: 1673508
	609  -  MemoryUsage of job (MB)
	623452  -  ResidentSetSize of job (KB)
...
006 (13112.018.000) 2024-06-07 16:47:35 Image size of job updated: 1674300
	609  -  MemoryUsage of job (MB)
	623452  -  ResidentSetSize of job (KB)
...
006 (13112.018.000) 2024-06-07 16:52:36 Image size of job updated: 1675488
	609  -  MemoryUsage of job (MB)
	623452  -  ResidentSetSize of job (KB)
...
006 (13112.018.000) 2024-06-07 16:57:37 Image size of job updated: 1677156
	613  -  MemoryUsage of job (MB)
	626744  -  ResidentSetSize of job (KB)
...
006 (13112.018.000) 2024-06-07 17:02:37 Image size of job updated: 1678156
	613  -  MemoryUsage of job (MB)
	626744  -  ResidentSetSize of job (KB)
...
006 (13112.018.000) 2024-06-07 17:07:37 Image size of job updated: 1679872
	613  -  MemoryUsage of job (MB)
	626812  -  ResidentSetSize of job (KB)
...
005 (13112.018.000) 2024-06-07 17:08:22 Job terminated.
	(1) Normal termination (return value 0)
		Usr 0 01:52:53, Sys 0 00:01:28  -  Run Remote Usage
		Usr 0 00:00:00, Sys 0 00:00:00  -  Run Local Usage
		Usr 0 01:52:53, Sys 0 00:01:28  -  Total Remote Usage
		Usr 0 00:00:00, Sys 0 00:00:00  -  Total Local Usage
	0  -  Run Bytes Sent By Job
	0  -  Run Bytes Received By Job
	0  -  Total Bytes Sent By Job
	0  -  Total Bytes Received By Job
	Partitionable Resources :    Usage  Request Allocated 
	   Cpus                 :     0.98        1         1 
	   Disk (KB)            :    15          15      3083 
	   Memory (MB)          :   613       20480     20480 

	Job terminated of its own accord at 2024-06-07T15:08:22Z with exit-code 0.
...
