000 (13763.041.000) 2024-09-23 16:11:28 Job submitted from host: <10.18.24.233:9618?addrs=10.18.24.233-9618&alias=bioclusts03.bioclust.biologie.ens.fr&noUDP&sock=schedd_942_b64d>
...
001 (13763.041.000) 2024-09-23 16:11:31 Job executing on host: <10.18.24.185:9618?addrs=10.18.24.185-9618&alias=mcbsclust14.bioclust.biologie.ens.fr&noUDP&sock=startd_1504_3287>
...
006 (13763.041.000) 2024-09-23 16:11:39 Image size of job updated: 314688
	218  -  MemoryUsage of job (MB)
	222948  -  ResidentSetSize of job (KB)
...
006 (13763.041.000) 2024-09-23 16:16:39 Image size of job updated: 1554148
	509  -  MemoryUsage of job (MB)
	520828  -  ResidentSetSize of job (KB)
...
006 (13763.041.000) 2024-09-23 16:21:40 Image size of job updated: 1554148
	510  -  MemoryUsage of job (MB)
	521752  -  ResidentSetSize of job (KB)
...
006 (13763.041.000) 2024-09-23 16:26:41 Image size of job updated: 1554148
	514  -  MemoryUsage of job (MB)
	525580  -  ResidentSetSize of job (KB)
...
006 (13763.041.000) 2024-09-23 16:31:41 Image size of job updated: 1554148
	514  -  MemoryUsage of job (MB)
	525712  -  ResidentSetSize of job (KB)
...
006 (13763.041.000) 2024-09-23 16:36:42 Image size of job updated: 1554148
	515  -  MemoryUsage of job (MB)
	526504  -  ResidentSetSize of job (KB)
...
006 (13763.041.000) 2024-09-23 16:41:43 Image size of job updated: 1554148
	516  -  MemoryUsage of job (MB)
	527692  -  ResidentSetSize of job (KB)
...
006 (13763.041.000) 2024-09-23 16:46:43 Image size of job updated: 1556000
	518  -  MemoryUsage of job (MB)
	529804  -  ResidentSetSize of job (KB)
...
006 (13763.041.000) 2024-09-23 16:51:43 Image size of job updated: 1559192
	523  -  MemoryUsage of job (MB)
	535084  -  ResidentSetSize of job (KB)
...
006 (13763.041.000) 2024-09-23 16:56:44 Image size of job updated: 1561040
	525  -  MemoryUsage of job (MB)
	536932  -  ResidentSetSize of job (KB)
...
006 (13763.041.000) 2024-09-23 16:59:05 Image size of job updated: 1562096
	525  -  MemoryUsage of job (MB)
	536932  -  ResidentSetSize of job (KB)
...
005 (13763.041.000) 2024-09-23 16:59:06 Job terminated.
	(1) Normal termination (return value 0)
		Usr 0 00:47:22, Sys 0 00:00:04  -  Run Remote Usage
		Usr 0 00:00:00, Sys 0 00:00:00  -  Run Local Usage
		Usr 0 00:47:22, Sys 0 00:00:04  -  Total Remote Usage
		Usr 0 00:00:00, Sys 0 00:00:00  -  Total Local Usage
	0  -  Run Bytes Sent By Job
	0  -  Run Bytes Received By Job
	0  -  Total Bytes Sent By Job
	0  -  Total Bytes Received By Job
	Partitionable Resources :    Usage  Request Allocated 
	   Cpus                 :     1.00        1         1 
	   Disk (KB)            :    15          15      2343 
	   Memory (MB)          :   525        2048      2048 

	Job terminated of its own accord at 2024-09-23T14:59:05Z with exit-code 0.
...
