000 (13763.054.000) 2024-09-23 16:11:28 Job submitted from host: <10.18.24.233:9618?addrs=10.18.24.233-9618&alias=bioclusts03.bioclust.biologie.ens.fr&noUDP&sock=schedd_942_b64d>
...
001 (13763.054.000) 2024-09-23 16:11:31 Job executing on host: <10.18.24.35:9618?addrs=10.18.24.35-9618&alias=bioclust35.bioclust.biologie.ens.fr&noUDP&sock=startd_1521_dba3>
...
006 (13763.054.000) 2024-09-23 16:11:40 Image size of job updated: 278488
	182  -  MemoryUsage of job (MB)
	185560  -  ResidentSetSize of job (KB)
...
006 (13763.054.000) 2024-09-23 16:16:41 Image size of job updated: 1560144
	518  -  MemoryUsage of job (MB)
	529652  -  ResidentSetSize of job (KB)
...
006 (13763.054.000) 2024-09-23 16:21:42 Image size of job updated: 1560144
	521  -  MemoryUsage of job (MB)
	532688  -  ResidentSetSize of job (KB)
...
006 (13763.054.000) 2024-09-23 16:26:42 Image size of job updated: 1560144
	522  -  MemoryUsage of job (MB)
	533904  -  ResidentSetSize of job (KB)
...
006 (13763.054.000) 2024-09-23 16:31:43 Image size of job updated: 1560144
	525  -  MemoryUsage of job (MB)
	536772  -  ResidentSetSize of job (KB)
...
006 (13763.054.000) 2024-09-23 16:36:44 Image size of job updated: 1560144
	531  -  MemoryUsage of job (MB)
	542852  -  ResidentSetSize of job (KB)
...
006 (13763.054.000) 2024-09-23 16:46:44 Image size of job updated: 1562768
	536  -  MemoryUsage of job (MB)
	548688  -  ResidentSetSize of job (KB)
...
006 (13763.054.000) 2024-09-23 16:49:56 Image size of job updated: 1564236
	536  -  MemoryUsage of job (MB)
	548820  -  ResidentSetSize of job (KB)
...
005 (13763.054.000) 2024-09-23 16:49:56 Job terminated.
	(1) Normal termination (return value 0)
		Usr 0 00:38:05, Sys 0 00:00:08  -  Run Remote Usage
		Usr 0 00:00:00, Sys 0 00:00:00  -  Run Local Usage
		Usr 0 00:38:05, Sys 0 00:00:08  -  Total Remote Usage
		Usr 0 00:00:00, Sys 0 00:00:00  -  Total Local Usage
	0  -  Run Bytes Sent By Job
	0  -  Run Bytes Received By Job
	0  -  Total Bytes Sent By Job
	0  -  Total Bytes Received By Job
	Partitionable Resources :    Usage  Request Allocated 
	   Cpus                 :     1.00        1         1 
	   Disk (KB)            :    15          15      2561 
	   Memory (MB)          :   536        2048      2048 

	Job terminated of its own accord at 2024-09-23T14:49:56Z with exit-code 0.
...
