000 (13118.242.000) 2024-06-07 17:04:05 Job submitted from host: <10.18.24.233:9618?addrs=10.18.24.233-9618&alias=bioclusts03.bioclust.biologie.ens.fr&noUDP&sock=schedd_942_b64d>
...
001 (13118.242.000) 2024-06-08 03:20:01 Job executing on host: <10.18.24.14:9618?addrs=10.18.24.14-9618&alias=bioclust14.bioclust.biologie.ens.fr&noUDP&sock=startd_1218_0671>
...
006 (13118.242.000) 2024-06-08 03:20:10 Image size of job updated: 450740
	215  -  MemoryUsage of job (MB)
	219920  -  ResidentSetSize of job (KB)
...
006 (13118.242.000) 2024-06-08 03:25:11 Image size of job updated: 1645256
	572  -  MemoryUsage of job (MB)
	585192  -  ResidentSetSize of job (KB)
...
006 (13118.242.000) 2024-06-08 03:30:11 Image size of job updated: 1646580
	573  -  MemoryUsage of job (MB)
	586512  -  ResidentSetSize of job (KB)
...
006 (13118.242.000) 2024-06-08 03:35:11 Image size of job updated: 1647508
	574  -  MemoryUsage of job (MB)
	587436  -  ResidentSetSize of job (KB)
...
006 (13118.242.000) 2024-06-08 03:40:12 Image size of job updated: 1648572
	574  -  MemoryUsage of job (MB)
	587436  -  ResidentSetSize of job (KB)
...
006 (13118.242.000) 2024-06-08 03:45:13 Image size of job updated: 1649768
	577  -  MemoryUsage of job (MB)
	589984  -  ResidentSetSize of job (KB)
...
006 (13118.242.000) 2024-06-08 03:50:13 Image size of job updated: 1650832
	578  -  MemoryUsage of job (MB)
	591040  -  ResidentSetSize of job (KB)
...
006 (13118.242.000) 2024-06-08 03:55:14 Image size of job updated: 1651852
	578  -  MemoryUsage of job (MB)
	591820  -  ResidentSetSize of job (KB)
...
006 (13118.242.000) 2024-06-08 04:00:15 Image size of job updated: 1652896
	580  -  MemoryUsage of job (MB)
	593308  -  ResidentSetSize of job (KB)
...
006 (13118.242.000) 2024-06-08 04:05:15 Image size of job updated: 1653820
	581  -  MemoryUsage of job (MB)
	594196  -  ResidentSetSize of job (KB)
...
006 (13118.242.000) 2024-06-08 04:10:15 Image size of job updated: 1654748
	582  -  MemoryUsage of job (MB)
	595120  -  ResidentSetSize of job (KB)
...
006 (13118.242.000) 2024-06-08 04:15:17 Image size of job updated: 1655812
	583  -  MemoryUsage of job (MB)
	596308  -  ResidentSetSize of job (KB)
...
006 (13118.242.000) 2024-06-08 04:20:17 Image size of job updated: 1657008
	584  -  MemoryUsage of job (MB)
	597628  -  ResidentSetSize of job (KB)
...
006 (13118.242.000) 2024-06-08 04:25:17 Image size of job updated: 1657932
	585  -  MemoryUsage of job (MB)
	598552  -  ResidentSetSize of job (KB)
...
006 (13118.242.000) 2024-06-08 04:30:18 Image size of job updated: 1658816
	586  -  MemoryUsage of job (MB)
	599972  -  ResidentSetSize of job (KB)
...
006 (13118.242.000) 2024-06-08 04:35:19 Image size of job updated: 1659868
	587  -  MemoryUsage of job (MB)
	600928  -  ResidentSetSize of job (KB)
...
006 (13118.242.000) 2024-06-08 04:39:53 Image size of job updated: 1661184
	587  -  MemoryUsage of job (MB)
	600928  -  ResidentSetSize of job (KB)
...
005 (13118.242.000) 2024-06-08 04:39:53 Job terminated.
	(1) Normal termination (return value 0)
		Usr 0 01:19:29, Sys 0 00:00:02  -  Run Remote Usage
		Usr 0 00:00:00, Sys 0 00:00:00  -  Run Local Usage
		Usr 0 01:19:29, Sys 0 00:00:02  -  Total Remote Usage
		Usr 0 00:00:00, Sys 0 00:00:00  -  Total Local Usage
	0  -  Run Bytes Sent By Job
	0  -  Run Bytes Received By Job
	0  -  Total Bytes Sent By Job
	0  -  Total Bytes Received By Job
	Partitionable Resources :    Usage  Request Allocated 
	   Cpus                 :     1.00        1         1 
	   Disk (KB)            :    15          15      2067 
	   Memory (MB)          :   587       20480     20480 

	Job terminated of its own accord at 2024-06-08T02:39:53Z with exit-code 0.
...
