000 (13112.075.000) 2024-06-07 15:12:16 Job submitted from host: <10.18.24.233:9618?addrs=10.18.24.233-9618&alias=bioclusts03.bioclust.biologie.ens.fr&noUDP&sock=schedd_942_b64d>
...
001 (13112.075.000) 2024-06-07 15:59:05 Job executing on host: <10.18.24.45:9618?addrs=10.18.24.45-9618&alias=bioclust45.bioclust.biologie.ens.fr&noUDP&sock=startd_826558_9dc7>
...
006 (13112.075.000) 2024-06-07 15:59:14 Image size of job updated: 739384
	169  -  MemoryUsage of job (MB)
	172216  -  ResidentSetSize of job (KB)
...
006 (13112.075.000) 2024-06-07 16:04:15 Image size of job updated: 1570592
	577  -  MemoryUsage of job (MB)
	590572  -  ResidentSetSize of job (KB)
...
006 (13112.075.000) 2024-06-07 16:09:15 Image size of job updated: 1572972
	580  -  MemoryUsage of job (MB)
	593804  -  ResidentSetSize of job (KB)
...
006 (13112.075.000) 2024-06-07 16:14:15 Image size of job updated: 1573104
	582  -  MemoryUsage of job (MB)
	595504  -  ResidentSetSize of job (KB)
...
006 (13112.075.000) 2024-06-07 16:19:16 Image size of job updated: 1573500
	582  -  MemoryUsage of job (MB)
	595504  -  ResidentSetSize of job (KB)
...
006 (13112.075.000) 2024-06-07 16:24:17 Image size of job updated: 1575056
	583  -  MemoryUsage of job (MB)
	596156  -  ResidentSetSize of job (KB)
...
006 (13112.075.000) 2024-06-07 16:29:17 Image size of job updated: 1576508
	585  -  MemoryUsage of job (MB)
	598336  -  ResidentSetSize of job (KB)
...
006 (13112.075.000) 2024-06-07 16:34:18 Image size of job updated: 1578172
	588  -  MemoryUsage of job (MB)
	601196  -  ResidentSetSize of job (KB)
...
006 (13112.075.000) 2024-06-07 16:39:19 Image size of job updated: 1578836
	589  -  MemoryUsage of job (MB)
	602264  -  ResidentSetSize of job (KB)
...
006 (13112.075.000) 2024-06-07 16:44:19 Image size of job updated: 1582416
	590  -  MemoryUsage of job (MB)
	603380  -  ResidentSetSize of job (KB)
...
006 (13112.075.000) 2024-06-07 16:49:20 Image size of job updated: 1582416
	591  -  MemoryUsage of job (MB)
	604876  -  ResidentSetSize of job (KB)
...
006 (13112.075.000) 2024-06-07 16:54:21 Image size of job updated: 1582932
	593  -  MemoryUsage of job (MB)
	606872  -  ResidentSetSize of job (KB)
...
006 (13112.075.000) 2024-06-07 16:59:21 Image size of job updated: 1583744
	594  -  MemoryUsage of job (MB)
	608028  -  ResidentSetSize of job (KB)
...
006 (13112.075.000) 2024-06-07 17:04:21 Image size of job updated: 1587192
	596  -  MemoryUsage of job (MB)
	610000  -  ResidentSetSize of job (KB)
...
006 (13112.075.000) 2024-06-07 17:09:22 Image size of job updated: 1587876
	599  -  MemoryUsage of job (MB)
	613356  -  ResidentSetSize of job (KB)
...
006 (13112.075.000) 2024-06-07 17:14:22 Image size of job updated: 1588308
	603  -  MemoryUsage of job (MB)
	617444  -  ResidentSetSize of job (KB)
...
006 (13112.075.000) 2024-06-07 17:19:22 Image size of job updated: 1588584
	604  -  MemoryUsage of job (MB)
	617576  -  ResidentSetSize of job (KB)
...
006 (13112.075.000) 2024-06-07 17:24:23 Image size of job updated: 1591232
	604  -  MemoryUsage of job (MB)
	617580  -  ResidentSetSize of job (KB)
...
006 (13112.075.000) 2024-06-07 17:29:24 Image size of job updated: 1592012
	604  -  MemoryUsage of job (MB)
	618300  -  ResidentSetSize of job (KB)
...
006 (13112.075.000) 2024-06-07 17:34:24 Image size of job updated: 1594900
	605  -  MemoryUsage of job (MB)
	619192  -  ResidentSetSize of job (KB)
...
006 (13112.075.000) 2024-06-07 17:39:24 Image size of job updated: 1595776
	607  -  MemoryUsage of job (MB)
	621564  -  ResidentSetSize of job (KB)
...
005 (13112.075.000) 2024-06-07 17:40:46 Job terminated.
	(1) Normal termination (return value 0)
		Usr 0 01:40:29, Sys 0 00:00:32  -  Run Remote Usage
		Usr 0 00:00:00, Sys 0 00:00:00  -  Run Local Usage
		Usr 0 01:40:29, Sys 0 00:00:32  -  Total Remote Usage
		Usr 0 00:00:00, Sys 0 00:00:00  -  Total Local Usage
	0  -  Run Bytes Sent By Job
	0  -  Run Bytes Received By Job
	0  -  Total Bytes Sent By Job
	0  -  Total Bytes Received By Job
	Partitionable Resources :    Usage  Request Allocated 
	   Cpus                 :     1.00        1         1 
	   Disk (KB)            :    15          15      2237 
	   Memory (MB)          :   607       20480     20480 

	Job terminated of its own accord at 2024-06-07T15:40:46Z with exit-code 0.
...
