000 (13118.367.000) 2024-06-07 17:04:07 Job submitted from host: <10.18.24.233:9618?addrs=10.18.24.233-9618&alias=bioclusts03.bioclust.biologie.ens.fr&noUDP&sock=schedd_942_b64d>
...
001 (13118.367.000) 2024-06-08 08:52:05 Job executing on host: <10.18.24.12:9618?addrs=10.18.24.12-9618&alias=bioclust12.bioclust.biologie.ens.fr&noUDP&sock=startd_52665_6353>
...
006 (13118.367.000) 2024-06-08 08:52:13 Image size of job updated: 919512
	412  -  MemoryUsage of job (MB)
	420924  -  ResidentSetSize of job (KB)
...
006 (13118.367.000) 2024-06-08 08:57:13 Image size of job updated: 1634580
	592  -  MemoryUsage of job (MB)
	605844  -  ResidentSetSize of job (KB)
...
006 (13118.367.000) 2024-06-08 09:02:14 Image size of job updated: 1634580
	592  -  MemoryUsage of job (MB)
	605864  -  ResidentSetSize of job (KB)
...
006 (13118.367.000) 2024-06-08 09:07:14 Image size of job updated: 1634712
	592  -  MemoryUsage of job (MB)
	606080  -  ResidentSetSize of job (KB)
...
006 (13118.367.000) 2024-06-08 09:12:14 Image size of job updated: 1637088
	595  -  MemoryUsage of job (MB)
	608432  -  ResidentSetSize of job (KB)
...
006 (13118.367.000) 2024-06-08 09:17:15 Image size of job updated: 1638936
	595  -  MemoryUsage of job (MB)
	609028  -  ResidentSetSize of job (KB)
...
006 (13118.367.000) 2024-06-08 09:22:16 Image size of job updated: 1638936
	596  -  MemoryUsage of job (MB)
	609332  -  ResidentSetSize of job (KB)
...
006 (13118.367.000) 2024-06-08 09:27:16 Image size of job updated: 1639744
	596  -  MemoryUsage of job (MB)
	609332  -  ResidentSetSize of job (KB)
...
006 (13118.367.000) 2024-06-08 09:32:17 Image size of job updated: 1640836
	596  -  MemoryUsage of job (MB)
	609332  -  ResidentSetSize of job (KB)
...
006 (13118.367.000) 2024-06-08 09:37:18 Image size of job updated: 1642172
	596  -  MemoryUsage of job (MB)
	609332  -  ResidentSetSize of job (KB)
...
006 (13118.367.000) 2024-06-08 09:42:18 Image size of job updated: 1642380
	599  -  MemoryUsage of job (MB)
	613364  -  ResidentSetSize of job (KB)
...
006 (13118.367.000) 2024-06-08 09:47:18 Image size of job updated: 1643968
	602  -  MemoryUsage of job (MB)
	615476  -  ResidentSetSize of job (KB)
...
006 (13118.367.000) 2024-06-08 09:52:19 Image size of job updated: 1645792
	602  -  MemoryUsage of job (MB)
	615476  -  ResidentSetSize of job (KB)
...
006 (13118.367.000) 2024-06-08 09:57:20 Image size of job updated: 1645792
	603  -  MemoryUsage of job (MB)
	617020  -  ResidentSetSize of job (KB)
...
006 (13118.367.000) 2024-06-08 10:02:20 Image size of job updated: 1647088
	604  -  MemoryUsage of job (MB)
	618484  -  ResidentSetSize of job (KB)
...
006 (13118.367.000) 2024-06-08 10:07:21 Image size of job updated: 1647484
	606  -  MemoryUsage of job (MB)
	620092  -  ResidentSetSize of job (KB)
...
006 (13118.367.000) 2024-06-08 10:12:22 Image size of job updated: 1648672
	606  -  MemoryUsage of job (MB)
	620092  -  ResidentSetSize of job (KB)
...
006 (13118.367.000) 2024-06-08 10:13:34 Image size of job updated: 1650124
	606  -  MemoryUsage of job (MB)
	620092  -  ResidentSetSize of job (KB)
...
005 (13118.367.000) 2024-06-08 10:13:34 Job terminated.
	(1) Normal termination (return value 0)
		Usr 0 01:21:13, Sys 0 00:00:07  -  Run Remote Usage
		Usr 0 00:00:00, Sys 0 00:00:00  -  Run Local Usage
		Usr 0 01:21:13, Sys 0 00:00:07  -  Total Remote Usage
		Usr 0 00:00:00, Sys 0 00:00:00  -  Total Local Usage
	0  -  Run Bytes Sent By Job
	0  -  Run Bytes Received By Job
	0  -  Total Bytes Sent By Job
	0  -  Total Bytes Received By Job
	Partitionable Resources :    Usage  Request Allocated 
	   Cpus                 :     1.00        1         1 
	   Disk (KB)            :    15          15      2316 
	   Memory (MB)          :   606       20480     20480 

	Job terminated of its own accord at 2024-06-08T08:13:34Z with exit-code 0.
...
