000 (13763.020.000) 2024-09-23 16:11:27 Job submitted from host: <10.18.24.233:9618?addrs=10.18.24.233-9618&alias=bioclusts03.bioclust.biologie.ens.fr&noUDP&sock=schedd_942_b64d>
...
001 (13763.020.000) 2024-09-23 16:11:30 Job executing on host: <10.18.24.46:9618?addrs=10.18.24.46-9618&alias=bioclust46.bioclust.biologie.ens.fr&noUDP&sock=startd_1126_ebba>
...
006 (13763.020.000) 2024-09-23 16:11:39 Image size of job updated: 238524
	146  -  MemoryUsage of job (MB)
	149292  -  ResidentSetSize of job (KB)
...
006 (13763.020.000) 2024-09-23 16:16:40 Image size of job updated: 1636360
	598  -  MemoryUsage of job (MB)
	611388  -  ResidentSetSize of job (KB)
...
006 (13763.020.000) 2024-09-23 16:21:41 Image size of job updated: 1637552
	599  -  MemoryUsage of job (MB)
	613236  -  ResidentSetSize of job (KB)
...
006 (13763.020.000) 2024-09-23 16:26:41 Image size of job updated: 1639276
	601  -  MemoryUsage of job (MB)
	615084  -  ResidentSetSize of job (KB)
...
006 (13763.020.000) 2024-09-23 16:31:41 Image size of job updated: 1640476
	603  -  MemoryUsage of job (MB)
	616536  -  ResidentSetSize of job (KB)
...
006 (13763.020.000) 2024-09-23 16:36:42 Image size of job updated: 1642460
	605  -  MemoryUsage of job (MB)
	618648  -  ResidentSetSize of job (KB)
...
006 (13763.020.000) 2024-09-23 16:41:42 Image size of job updated: 1644196
	606  -  MemoryUsage of job (MB)
	620364  -  ResidentSetSize of job (KB)
...
006 (13763.020.000) 2024-09-23 16:46:42 Image size of job updated: 1645344
	608  -  MemoryUsage of job (MB)
	621856  -  ResidentSetSize of job (KB)
...
006 (13763.020.000) 2024-09-23 16:51:43 Image size of job updated: 1647752
	611  -  MemoryUsage of job (MB)
	624760  -  ResidentSetSize of job (KB)
...
006 (13763.020.000) 2024-09-23 16:56:44 Image size of job updated: 1649084
	612  -  MemoryUsage of job (MB)
	626344  -  ResidentSetSize of job (KB)
...
006 (13763.020.000) 2024-09-23 17:01:44 Image size of job updated: 1650684
	614  -  MemoryUsage of job (MB)
	628060  -  ResidentSetSize of job (KB)
...
006 (13763.020.000) 2024-09-23 17:06:45 Image size of job updated: 1652536
	616  -  MemoryUsage of job (MB)
	630568  -  ResidentSetSize of job (KB)
...
006 (13763.020.000) 2024-09-23 17:11:46 Image size of job updated: 1654388
	618  -  MemoryUsage of job (MB)
	632680  -  ResidentSetSize of job (KB)
...
006 (13763.020.000) 2024-09-23 17:16:30 Image size of job updated: 1656152
	618  -  MemoryUsage of job (MB)
	632680  -  ResidentSetSize of job (KB)
...
005 (13763.020.000) 2024-09-23 17:16:30 Job terminated.
	(1) Normal termination (return value 0)
		Usr 0 01:04:40, Sys 0 00:00:04  -  Run Remote Usage
		Usr 0 00:00:00, Sys 0 00:00:00  -  Run Local Usage
		Usr 0 01:04:40, Sys 0 00:00:04  -  Total Remote Usage
		Usr 0 00:00:00, Sys 0 00:00:00  -  Total Local Usage
	0  -  Run Bytes Sent By Job
	0  -  Run Bytes Received By Job
	0  -  Total Bytes Sent By Job
	0  -  Total Bytes Received By Job
	Partitionable Resources :    Usage  Request Allocated 
	   Cpus                 :     1.00        1         1 
	   Disk (KB)            :    15          15      3128 
	   Memory (MB)          :   618        2048      2048 

	Job terminated of its own accord at 2024-09-23T15:16:30Z with exit-code 0.
...
