000 (13118.282.000) 2024-06-07 17:04:06 Job submitted from host: <10.18.24.233:9618?addrs=10.18.24.233-9618&alias=bioclusts03.bioclust.biologie.ens.fr&noUDP&sock=schedd_942_b64d>
...
001 (13118.282.000) 2024-06-08 05:24:02 Job executing on host: <10.18.24.45:9618?addrs=10.18.24.45-9618&alias=bioclust45.bioclust.biologie.ens.fr&noUDP&sock=startd_826558_9dc7>
...
006 (13118.282.000) 2024-06-08 05:24:11 Image size of job updated: 185128
	169  -  MemoryUsage of job (MB)
	172580  -  ResidentSetSize of job (KB)
...
006 (13118.282.000) 2024-06-08 05:29:12 Image size of job updated: 1624068
	584  -  MemoryUsage of job (MB)
	597192  -  ResidentSetSize of job (KB)
...
006 (13118.282.000) 2024-06-08 05:34:13 Image size of job updated: 1640996
	606  -  MemoryUsage of job (MB)
	620136  -  ResidentSetSize of job (KB)
...
006 (13118.282.000) 2024-06-08 05:39:13 Image size of job updated: 1653544
	624  -  MemoryUsage of job (MB)
	638380  -  ResidentSetSize of job (KB)
...
006 (13118.282.000) 2024-06-08 05:44:13 Image size of job updated: 1664788
	640  -  MemoryUsage of job (MB)
	654504  -  ResidentSetSize of job (KB)
...
006 (13118.282.000) 2024-06-08 05:49:14 Image size of job updated: 1740516
	654  -  MemoryUsage of job (MB)
	669216  -  ResidentSetSize of job (KB)
...
006 (13118.282.000) 2024-06-08 05:54:14 Image size of job updated: 1752268
	669  -  MemoryUsage of job (MB)
	684740  -  ResidentSetSize of job (KB)
...
006 (13118.282.000) 2024-06-08 05:59:14 Image size of job updated: 1761120
	683  -  MemoryUsage of job (MB)
	698404  -  ResidentSetSize of job (KB)
...
006 (13118.282.000) 2024-06-08 06:04:16 Image size of job updated: 1774032
	697  -  MemoryUsage of job (MB)
	713612  -  ResidentSetSize of job (KB)
...
006 (13118.282.000) 2024-06-08 06:09:16 Image size of job updated: 1782616
	710  -  MemoryUsage of job (MB)
	726220  -  ResidentSetSize of job (KB)
...
006 (13118.282.000) 2024-06-08 06:14:16 Image size of job updated: 1787904
	719  -  MemoryUsage of job (MB)
	736112  -  ResidentSetSize of job (KB)
...
006 (13118.282.000) 2024-06-08 06:19:17 Image size of job updated: 1800744
	735  -  MemoryUsage of job (MB)
	752244  -  ResidentSetSize of job (KB)
...
006 (13118.282.000) 2024-06-08 06:24:18 Image size of job updated: 1809460
	749  -  MemoryUsage of job (MB)
	766128  -  ResidentSetSize of job (KB)
...
006 (13118.282.000) 2024-06-08 06:29:18 Image size of job updated: 1820432
	759  -  MemoryUsage of job (MB)
	776732  -  ResidentSetSize of job (KB)
...
006 (13118.282.000) 2024-06-08 06:34:19 Image size of job updated: 1826512
	769  -  MemoryUsage of job (MB)
	787132  -  ResidentSetSize of job (KB)
...
006 (13118.282.000) 2024-06-08 06:39:20 Image size of job updated: 1828096
	769  -  MemoryUsage of job (MB)
	787132  -  ResidentSetSize of job (KB)
...
005 (13118.282.000) 2024-06-09 00:25:44 Job terminated.
	(1) Normal termination (return value 0)
		Usr 0 18:54:58, Sys 0 00:02:47  -  Run Remote Usage
		Usr 0 00:00:00, Sys 0 00:00:00  -  Run Local Usage
		Usr 0 18:54:58, Sys 0 00:02:47  -  Total Remote Usage
		Usr 0 00:00:00, Sys 0 00:00:00  -  Total Local Usage
	0  -  Run Bytes Sent By Job
	0  -  Run Bytes Received By Job
	0  -  Total Bytes Sent By Job
	0  -  Total Bytes Received By Job
	Partitionable Resources :    Usage  Request Allocated 
	   Cpus                 :     0.99        1         1 
	   Disk (KB)            :    15          15      2237 
	   Memory (MB)          :   769       20480     20480 

	Job terminated of its own accord at 2024-06-08T22:25:44Z with exit-code 0.
...
