000 (13118.006.000) 2024-06-07 17:03:58 Job submitted from host: <10.18.24.233:9618?addrs=10.18.24.233-9618&alias=bioclusts03.bioclust.biologie.ens.fr&noUDP&sock=schedd_942_b64d>
...
001 (13118.006.000) 2024-06-07 17:09:09 Job executing on host: <10.18.24.43:9618?addrs=10.18.24.43-9618&alias=bioclust43.bioclust.biologie.ens.fr&noUDP&sock=startd_1116_0fc8>
...
006 (13118.006.000) 2024-06-07 17:09:18 Image size of job updated: 328416
	180  -  MemoryUsage of job (MB)
	183716  -  ResidentSetSize of job (KB)
...
006 (13118.006.000) 2024-06-07 17:14:19 Image size of job updated: 1600616
	577  -  MemoryUsage of job (MB)
	590432  -  ResidentSetSize of job (KB)
...
006 (13118.006.000) 2024-06-07 17:19:19 Image size of job updated: 1611044
	595  -  MemoryUsage of job (MB)
	608308  -  ResidentSetSize of job (KB)
...
006 (13118.006.000) 2024-06-07 17:24:19 Image size of job updated: 1619888
	608  -  MemoryUsage of job (MB)
	621800  -  ResidentSetSize of job (KB)
...
006 (13118.006.000) 2024-06-07 17:29:20 Image size of job updated: 1696924
	624  -  MemoryUsage of job (MB)
	638640  -  ResidentSetSize of job (KB)
...
006 (13118.006.000) 2024-06-07 17:34:21 Image size of job updated: 1710264
	642  -  MemoryUsage of job (MB)
	657336  -  ResidentSetSize of job (KB)
...
006 (13118.006.000) 2024-06-07 17:39:21 Image size of job updated: 1720032
	657  -  MemoryUsage of job (MB)
	672608  -  ResidentSetSize of job (KB)
...
006 (13118.006.000) 2024-06-07 17:44:21 Image size of job updated: 1732576
	672  -  MemoryUsage of job (MB)
	687652  -  ResidentSetSize of job (KB)
...
006 (13118.006.000) 2024-06-07 17:49:22 Image size of job updated: 1745384
	689  -  MemoryUsage of job (MB)
	704524  -  ResidentSetSize of job (KB)
...
006 (13118.006.000) 2024-06-07 17:54:22 Image size of job updated: 1756396
	704  -  MemoryUsage of job (MB)
	720408  -  ResidentSetSize of job (KB)
...
006 (13118.006.000) 2024-06-07 17:59:22 Image size of job updated: 1768016
	719  -  MemoryUsage of job (MB)
	735848  -  ResidentSetSize of job (KB)
...
006 (13118.006.000) 2024-06-07 18:04:23 Image size of job updated: 1779092
	734  -  MemoryUsage of job (MB)
	751244  -  ResidentSetSize of job (KB)
...
006 (13118.006.000) 2024-06-07 18:09:24 Image size of job updated: 1790444
	749  -  MemoryUsage of job (MB)
	765992  -  ResidentSetSize of job (KB)
...
006 (13118.006.000) 2024-06-07 18:14:24 Image size of job updated: 1802196
	771  -  MemoryUsage of job (MB)
	788856  -  ResidentSetSize of job (KB)
...
006 (13118.006.000) 2024-06-07 18:19:25 Image size of job updated: 1804440
	771  -  MemoryUsage of job (MB)
	788988  -  ResidentSetSize of job (KB)
...
005 (13118.006.000) 2024-06-08 10:13:24 Job terminated.
	(1) Normal termination (return value 0)
		Usr 0 16:58:48, Sys 0 00:04:21  -  Run Remote Usage
		Usr 0 00:00:00, Sys 0 00:00:00  -  Run Local Usage
		Usr 0 16:58:48, Sys 0 00:04:21  -  Total Remote Usage
		Usr 0 00:00:00, Sys 0 00:00:00  -  Total Local Usage
	0  -  Run Bytes Sent By Job
	0  -  Run Bytes Received By Job
	0  -  Total Bytes Sent By Job
	0  -  Total Bytes Received By Job
	Partitionable Resources :    Usage  Request Allocated 
	   Cpus                 :     1.00        1         1 
	   Disk (KB)            :    15          15      3148 
	   Memory (MB)          :   771       20480     20480 

	Job terminated of its own accord at 2024-06-08T08:13:24Z with exit-code 0.
...
