000 (13118.095.000) 2024-06-07 17:04:01 Job submitted from host: <10.18.24.233:9618?addrs=10.18.24.233-9618&alias=bioclusts03.bioclust.biologie.ens.fr&noUDP&sock=schedd_942_b64d>
...
001 (13118.095.000) 2024-06-07 20:32:37 Job executing on host: <10.18.24.41:9618?addrs=10.18.24.41-9618&alias=bioclust41.bioclust.biologie.ens.fr&noUDP&sock=startd_1116_0fc8>
...
006 (13118.095.000) 2024-06-07 20:32:45 Image size of job updated: 242688
	237  -  MemoryUsage of job (MB)
	242688  -  ResidentSetSize of job (KB)
...
006 (13118.095.000) 2024-06-07 20:37:45 Image size of job updated: 1589620
	600  -  MemoryUsage of job (MB)
	614184  -  ResidentSetSize of job (KB)
...
006 (13118.095.000) 2024-06-07 20:42:45 Image size of job updated: 1591208
	602  -  MemoryUsage of job (MB)
	616164  -  ResidentSetSize of job (KB)
...
006 (13118.095.000) 2024-06-07 20:47:47 Image size of job updated: 1592264
	605  -  MemoryUsage of job (MB)
	618800  -  ResidentSetSize of job (KB)
...
006 (13118.095.000) 2024-06-07 20:52:47 Image size of job updated: 1593584
	606  -  MemoryUsage of job (MB)
	620168  -  ResidentSetSize of job (KB)
...
006 (13118.095.000) 2024-06-07 20:57:47 Image size of job updated: 1595172
	608  -  MemoryUsage of job (MB)
	621796  -  ResidentSetSize of job (KB)
...
006 (13118.095.000) 2024-06-07 21:02:48 Image size of job updated: 1596232
	609  -  MemoryUsage of job (MB)
	622716  -  ResidentSetSize of job (KB)
...
006 (13118.095.000) 2024-06-07 21:07:49 Image size of job updated: 1597552
	610  -  MemoryUsage of job (MB)
	624316  -  ResidentSetSize of job (KB)
...
006 (13118.095.000) 2024-06-07 21:12:49 Image size of job updated: 1599092
	611  -  MemoryUsage of job (MB)
	625072  -  ResidentSetSize of job (KB)
...
006 (13118.095.000) 2024-06-07 21:17:49 Image size of job updated: 1600428
	612  -  MemoryUsage of job (MB)
	626392  -  ResidentSetSize of job (KB)
...
006 (13118.095.000) 2024-06-07 21:22:50 Image size of job updated: 1601744
	614  -  MemoryUsage of job (MB)
	628172  -  ResidentSetSize of job (KB)
...
006 (13118.095.000) 2024-06-07 21:27:50 Image size of job updated: 1603068
	615  -  MemoryUsage of job (MB)
	629616  -  ResidentSetSize of job (KB)
...
006 (13118.095.000) 2024-06-07 21:32:50 Image size of job updated: 1604784
	617  -  MemoryUsage of job (MB)
	631144  -  ResidentSetSize of job (KB)
...
006 (13118.095.000) 2024-06-07 21:37:51 Image size of job updated: 1605840
	618  -  MemoryUsage of job (MB)
	632308  -  ResidentSetSize of job (KB)
...
006 (13118.095.000) 2024-06-07 21:39:09 Image size of job updated: 1605964
	618  -  MemoryUsage of job (MB)
	632308  -  ResidentSetSize of job (KB)
...
005 (13118.095.000) 2024-06-07 21:39:09 Job terminated.
	(1) Normal termination (return value 0)
		Usr 0 01:06:14, Sys 0 00:00:03  -  Run Remote Usage
		Usr 0 00:00:00, Sys 0 00:00:00  -  Run Local Usage
		Usr 0 01:06:14, Sys 0 00:00:03  -  Total Remote Usage
		Usr 0 00:00:00, Sys 0 00:00:00  -  Total Local Usage
	0  -  Run Bytes Sent By Job
	0  -  Run Bytes Received By Job
	0  -  Total Bytes Sent By Job
	0  -  Total Bytes Received By Job
	Partitionable Resources :    Usage  Request Allocated 
	   Cpus                 :     1.00        1         1 
	   Disk (KB)            :    15          15      1615 
	   Memory (MB)          :   618       20480     20480 

	Job terminated of its own accord at 2024-06-07T19:39:09Z with exit-code 0.
...
