000 (13118.090.000) 2024-06-07 17:04:01 Job submitted from host: <10.18.24.233:9618?addrs=10.18.24.233-9618&alias=bioclusts03.bioclust.biologie.ens.fr&noUDP&sock=schedd_942_b64d>
...
001 (13118.090.000) 2024-06-07 20:22:37 Job executing on host: <10.18.24.5:9618?addrs=10.18.24.5-9618&alias=bioclust05.bioclust.biologie.ens.fr&noUDP&sock=startd_1161_ed8b>
...
006 (13118.090.000) 2024-06-07 20:22:46 Image size of job updated: 670076
	169  -  MemoryUsage of job (MB)
	172492  -  ResidentSetSize of job (KB)
...
006 (13118.090.000) 2024-06-07 20:27:47 Image size of job updated: 1646224
	613  -  MemoryUsage of job (MB)
	627572  -  ResidentSetSize of job (KB)
...
006 (13118.090.000) 2024-06-07 20:32:48 Image size of job updated: 1647888
	613  -  MemoryUsage of job (MB)
	627572  -  ResidentSetSize of job (KB)
...
006 (13118.090.000) 2024-06-07 20:37:48 Image size of job updated: 1648796
	613  -  MemoryUsage of job (MB)
	627572  -  ResidentSetSize of job (KB)
...
006 (13118.090.000) 2024-06-07 20:42:49 Image size of job updated: 1655796
	618  -  MemoryUsage of job (MB)
	632812  -  ResidentSetSize of job (KB)
...
006 (13118.090.000) 2024-06-07 20:47:50 Image size of job updated: 1655796
	619  -  MemoryUsage of job (MB)
	632968  -  ResidentSetSize of job (KB)
...
006 (13118.090.000) 2024-06-07 20:52:50 Image size of job updated: 1655796
	620  -  MemoryUsage of job (MB)
	633884  -  ResidentSetSize of job (KB)
...
006 (13118.090.000) 2024-06-07 20:57:50 Image size of job updated: 1655796
	620  -  MemoryUsage of job (MB)
	634440  -  ResidentSetSize of job (KB)
...
006 (13118.090.000) 2024-06-07 21:02:51 Image size of job updated: 1658496
	620  -  MemoryUsage of job (MB)
	634440  -  ResidentSetSize of job (KB)
...
006 (13118.090.000) 2024-06-07 21:07:51 Image size of job updated: 1658496
	622  -  MemoryUsage of job (MB)
	636296  -  ResidentSetSize of job (KB)
...
006 (13118.090.000) 2024-06-07 21:12:51 Image size of job updated: 1658652
	623  -  MemoryUsage of job (MB)
	637504  -  ResidentSetSize of job (KB)
...
006 (13118.090.000) 2024-06-07 21:17:53 Image size of job updated: 1660620
	623  -  MemoryUsage of job (MB)
	637504  -  ResidentSetSize of job (KB)
...
006 (13118.090.000) 2024-06-07 21:22:53 Image size of job updated: 1665328
	626  -  MemoryUsage of job (MB)
	640240  -  ResidentSetSize of job (KB)
...
005 (13118.090.000) 2024-06-07 21:25:14 Job terminated.
	(1) Normal termination (return value 0)
		Usr 0 01:02:21, Sys 0 00:00:05  -  Run Remote Usage
		Usr 0 00:00:00, Sys 0 00:00:00  -  Run Local Usage
		Usr 0 01:02:21, Sys 0 00:00:05  -  Total Remote Usage
		Usr 0 00:00:00, Sys 0 00:00:00  -  Total Local Usage
	0  -  Run Bytes Sent By Job
	0  -  Run Bytes Received By Job
	0  -  Total Bytes Sent By Job
	0  -  Total Bytes Received By Job
	Partitionable Resources :    Usage  Request Allocated 
	   Cpus                 :     1.00        1         1 
	   Disk (KB)            :    15          15      2245 
	   Memory (MB)          :   626       20480     20480 

	Job terminated of its own accord at 2024-06-07T19:25:14Z with exit-code 0.
...
