000 (13763.047.000) 2024-09-23 16:11:28 Job submitted from host: <10.18.24.233:9618?addrs=10.18.24.233-9618&alias=bioclusts03.bioclust.biologie.ens.fr&noUDP&sock=schedd_942_b64d>
...
001 (13763.047.000) 2024-09-23 16:11:31 Job executing on host: <10.18.24.38:9618?addrs=10.18.24.38-9618&alias=bioclust38.bioclust.biologie.ens.fr&noUDP&sock=startd_1512_af49>
...
006 (13763.047.000) 2024-09-23 16:11:39 Image size of job updated: 322080
	225  -  MemoryUsage of job (MB)
	230340  -  ResidentSetSize of job (KB)
...
006 (13763.047.000) 2024-09-23 16:16:39 Image size of job updated: 1548076
	533  -  MemoryUsage of job (MB)
	544772  -  ResidentSetSize of job (KB)
...
006 (13763.047.000) 2024-09-23 16:21:40 Image size of job updated: 1551060
	538  -  MemoryUsage of job (MB)
	550012  -  ResidentSetSize of job (KB)
...
006 (13763.047.000) 2024-09-23 16:26:41 Image size of job updated: 1553712
	546  -  MemoryUsage of job (MB)
	558460  -  ResidentSetSize of job (KB)
...
006 (13763.047.000) 2024-09-23 16:31:42 Image size of job updated: 1556684
	550  -  MemoryUsage of job (MB)
	562292  -  ResidentSetSize of job (KB)
...
006 (13763.047.000) 2024-09-23 16:36:42 Image size of job updated: 1559332
	552  -  MemoryUsage of job (MB)
	565116  -  ResidentSetSize of job (KB)
...
006 (13763.047.000) 2024-09-23 16:41:42 Image size of job updated: 1562244
	555  -  MemoryUsage of job (MB)
	567940  -  ResidentSetSize of job (KB)
...
006 (13763.047.000) 2024-09-23 16:46:42 Image size of job updated: 1564712
	557  -  MemoryUsage of job (MB)
	570344  -  ResidentSetSize of job (KB)
...
006 (13763.047.000) 2024-09-23 16:48:34 Image size of job updated: 1566088
	557  -  MemoryUsage of job (MB)
	570344  -  ResidentSetSize of job (KB)
...
005 (13763.047.000) 2024-09-23 16:48:34 Job terminated.
	(1) Normal termination (return value 0)
		Usr 0 00:36:50, Sys 0 00:00:02  -  Run Remote Usage
		Usr 0 00:00:00, Sys 0 00:00:00  -  Run Local Usage
		Usr 0 00:36:50, Sys 0 00:00:02  -  Total Remote Usage
		Usr 0 00:00:00, Sys 0 00:00:00  -  Total Local Usage
	0  -  Run Bytes Sent By Job
	0  -  Run Bytes Received By Job
	0  -  Total Bytes Sent By Job
	0  -  Total Bytes Received By Job
	Partitionable Resources :    Usage  Request Allocated 
	   Cpus                 :     1.00        1         1 
	   Disk (KB)            :    15          15      2519 
	   Memory (MB)          :   557        2048      2048 

	Job terminated of its own accord at 2024-09-23T14:48:34Z with exit-code 0.
...
