000 (13118.339.000) 2024-06-07 17:04:07 Job submitted from host: <10.18.24.233:9618?addrs=10.18.24.233-9618&alias=bioclusts03.bioclust.biologie.ens.fr&noUDP&sock=schedd_942_b64d>
...
001 (13118.339.000) 2024-06-08 07:33:04 Job executing on host: <10.18.24.5:9618?addrs=10.18.24.5-9618&alias=bioclust05.bioclust.biologie.ens.fr&noUDP&sock=startd_1161_ed8b>
...
006 (13118.339.000) 2024-06-08 07:33:13 Image size of job updated: 870636
	169  -  MemoryUsage of job (MB)
	172440  -  ResidentSetSize of job (KB)
...
006 (13118.339.000) 2024-06-08 07:38:14 Image size of job updated: 1590628
	599  -  MemoryUsage of job (MB)
	613124  -  ResidentSetSize of job (KB)
...
006 (13118.339.000) 2024-06-08 07:43:14 Image size of job updated: 1597372
	601  -  MemoryUsage of job (MB)
	615096  -  ResidentSetSize of job (KB)
...
006 (13118.339.000) 2024-06-08 07:48:14 Image size of job updated: 1604108
	619  -  MemoryUsage of job (MB)
	633540  -  ResidentSetSize of job (KB)
...
006 (13118.339.000) 2024-06-08 07:53:15 Image size of job updated: 1610724
	619  -  MemoryUsage of job (MB)
	633672  -  ResidentSetSize of job (KB)
...
006 (13118.339.000) 2024-06-08 07:58:16 Image size of job updated: 1616928
	627  -  MemoryUsage of job (MB)
	641596  -  ResidentSetSize of job (KB)
...
006 (13118.339.000) 2024-06-08 08:03:16 Image size of job updated: 1623528
	627  -  MemoryUsage of job (MB)
	641728  -  ResidentSetSize of job (KB)
...
006 (13118.339.000) 2024-06-08 08:08:17 Image size of job updated: 1629868
	649  -  MemoryUsage of job (MB)
	664132  -  ResidentSetSize of job (KB)
...
006 (13118.339.000) 2024-06-08 08:13:18 Image size of job updated: 1635548
	657  -  MemoryUsage of job (MB)
	671844  -  ResidentSetSize of job (KB)
...
006 (13118.339.000) 2024-06-08 08:18:18 Image size of job updated: 1642020
	663  -  MemoryUsage of job (MB)
	678448  -  ResidentSetSize of job (KB)
...
006 (13118.339.000) 2024-06-08 08:23:18 Image size of job updated: 1647568
	663  -  MemoryUsage of job (MB)
	678448  -  ResidentSetSize of job (KB)
...
006 (13118.339.000) 2024-06-08 08:28:19 Image size of job updated: 1719588
	663  -  MemoryUsage of job (MB)
	678448  -  ResidentSetSize of job (KB)
...
006 (13118.339.000) 2024-06-08 08:33:19 Image size of job updated: 1725532
	663  -  MemoryUsage of job (MB)
	678448  -  ResidentSetSize of job (KB)
...
006 (13118.339.000) 2024-06-08 08:38:19 Image size of job updated: 1731608
	665  -  MemoryUsage of job (MB)
	680596  -  ResidentSetSize of job (KB)
...
006 (13118.339.000) 2024-06-08 08:39:19 Image size of job updated: 1732004
	665  -  MemoryUsage of job (MB)
	680596  -  ResidentSetSize of job (KB)
...
005 (13118.339.000) 2024-06-08 08:39:19 Job terminated.
	(1) Normal termination (return value 0)
		Usr 0 01:04:20, Sys 0 00:01:46  -  Run Remote Usage
		Usr 0 00:00:00, Sys 0 00:00:00  -  Run Local Usage
		Usr 0 01:04:20, Sys 0 00:01:46  -  Total Remote Usage
		Usr 0 00:00:00, Sys 0 00:00:00  -  Total Local Usage
	0  -  Run Bytes Sent By Job
	0  -  Run Bytes Received By Job
	0  -  Total Bytes Sent By Job
	0  -  Total Bytes Received By Job
	Partitionable Resources :    Usage  Request Allocated 
	   Cpus                 :     1.00        1         1 
	   Disk (KB)            :    15          15      2245 
	   Memory (MB)          :   665       20480     20480 

	Job terminated of its own accord at 2024-06-08T06:39:19Z with exit-code 0.
...
