000 (13118.189.000) 2024-06-07 17:04:03 Job submitted from host: <10.18.24.233:9618?addrs=10.18.24.233-9618&alias=bioclusts03.bioclust.biologie.ens.fr&noUDP&sock=schedd_942_b64d>
...
001 (13118.189.000) 2024-06-08 00:49:57 Job executing on host: <10.18.24.14:9618?addrs=10.18.24.14-9618&alias=bioclust14.bioclust.biologie.ens.fr&noUDP&sock=startd_1218_0671>
...
006 (13118.189.000) 2024-06-08 00:50:06 Image size of job updated: 851688
	214  -  MemoryUsage of job (MB)
	218348  -  ResidentSetSize of job (KB)
...
006 (13118.189.000) 2024-06-08 00:55:07 Image size of job updated: 1766972
	574  -  MemoryUsage of job (MB)
	587344  -  ResidentSetSize of job (KB)
...
006 (13118.189.000) 2024-06-08 01:00:08 Image size of job updated: 1768304
	575  -  MemoryUsage of job (MB)
	588644  -  ResidentSetSize of job (KB)
...
006 (13118.189.000) 2024-06-08 01:05:08 Image size of job updated: 1769660
	576  -  MemoryUsage of job (MB)
	589748  -  ResidentSetSize of job (KB)
...
006 (13118.189.000) 2024-06-08 01:10:09 Image size of job updated: 1770800
	578  -  MemoryUsage of job (MB)
	591444  -  ResidentSetSize of job (KB)
...
006 (13118.189.000) 2024-06-08 01:15:10 Image size of job updated: 1771440
	579  -  MemoryUsage of job (MB)
	592104  -  ResidentSetSize of job (KB)
...
006 (13118.189.000) 2024-06-08 01:20:10 Image size of job updated: 1772504
	580  -  MemoryUsage of job (MB)
	593292  -  ResidentSetSize of job (KB)
...
006 (13118.189.000) 2024-06-08 01:25:10 Image size of job updated: 1773184
	581  -  MemoryUsage of job (MB)
	594136  -  ResidentSetSize of job (KB)
...
006 (13118.189.000) 2024-06-08 01:30:11 Image size of job updated: 1774536
	582  -  MemoryUsage of job (MB)
	595508  -  ResidentSetSize of job (KB)
...
006 (13118.189.000) 2024-06-08 01:35:11 Image size of job updated: 1775864
	583  -  MemoryUsage of job (MB)
	596960  -  ResidentSetSize of job (KB)
...
006 (13118.189.000) 2024-06-08 01:40:11 Image size of job updated: 1776400
	584  -  MemoryUsage of job (MB)
	597488  -  ResidentSetSize of job (KB)
...
006 (13118.189.000) 2024-06-08 01:45:12 Image size of job updated: 1777332
	585  -  MemoryUsage of job (MB)
	598544  -  ResidentSetSize of job (KB)
...
006 (13118.189.000) 2024-06-08 01:50:13 Image size of job updated: 1778520
	586  -  MemoryUsage of job (MB)
	599864  -  ResidentSetSize of job (KB)
...
006 (13118.189.000) 2024-06-08 01:55:13 Image size of job updated: 1779456
	587  -  MemoryUsage of job (MB)
	600788  -  ResidentSetSize of job (KB)
...
006 (13118.189.000) 2024-06-08 02:00:14 Image size of job updated: 1779992
	588  -  MemoryUsage of job (MB)
	601712  -  ResidentSetSize of job (KB)
...
006 (13118.189.000) 2024-06-08 02:05:15 Image size of job updated: 1780924
	589  -  MemoryUsage of job (MB)
	602504  -  ResidentSetSize of job (KB)
...
006 (13118.189.000) 2024-06-08 02:10:15 Image size of job updated: 1781856
	590  -  MemoryUsage of job (MB)
	603956  -  ResidentSetSize of job (KB)
...
006 (13118.189.000) 2024-06-08 02:10:25 Image size of job updated: 1782124
	590  -  MemoryUsage of job (MB)
	603956  -  ResidentSetSize of job (KB)
...
005 (13118.189.000) 2024-06-08 02:10:25 Job terminated.
	(1) Normal termination (return value 0)
		Usr 0 01:20:18, Sys 0 00:00:03  -  Run Remote Usage
		Usr 0 00:00:00, Sys 0 00:00:00  -  Run Local Usage
		Usr 0 01:20:18, Sys 0 00:00:03  -  Total Remote Usage
		Usr 0 00:00:00, Sys 0 00:00:00  -  Total Local Usage
	0  -  Run Bytes Sent By Job
	0  -  Run Bytes Received By Job
	0  -  Total Bytes Sent By Job
	0  -  Total Bytes Received By Job
	Partitionable Resources :    Usage  Request Allocated 
	   Cpus                 :     1.00        1         1 
	   Disk (KB)            :    15          15      2067 
	   Memory (MB)          :   590       20480     20480 

	Job terminated of its own accord at 2024-06-08T00:10:25Z with exit-code 0.
...
