000 (13112.064.000) 2024-06-07 15:12:16 Job submitted from host: <10.18.24.233:9618?addrs=10.18.24.233-9618&alias=bioclusts03.bioclust.biologie.ens.fr&noUDP&sock=schedd_942_b64d>
...
001 (13112.064.000) 2024-06-07 15:12:19 Job executing on host: <10.18.24.49:9618?addrs=10.18.24.49-9618&alias=bioclust49.bioclust.biologie.ens.fr&noUDP&sock=startd_1172_7916>
...
006 (13112.064.000) 2024-06-07 15:12:27 Image size of job updated: 327652
	137  -  MemoryUsage of job (MB)
	140184  -  ResidentSetSize of job (KB)
...
006 (13112.064.000) 2024-06-07 15:17:27 Image size of job updated: 1592532
	609  -  MemoryUsage of job (MB)
	622972  -  ResidentSetSize of job (KB)
...
006 (13112.064.000) 2024-06-07 15:22:27 Image size of job updated: 1595840
	613  -  MemoryUsage of job (MB)
	627460  -  ResidentSetSize of job (KB)
...
006 (13112.064.000) 2024-06-07 15:27:27 Image size of job updated: 1596240
	613  -  MemoryUsage of job (MB)
	627460  -  ResidentSetSize of job (KB)
...
006 (13112.064.000) 2024-06-07 15:32:28 Image size of job updated: 1597008
	613  -  MemoryUsage of job (MB)
	627460  -  ResidentSetSize of job (KB)
...
006 (13112.064.000) 2024-06-07 15:37:28 Image size of job updated: 1597412
	613  -  MemoryUsage of job (MB)
	627460  -  ResidentSetSize of job (KB)
...
006 (13112.064.000) 2024-06-07 15:42:28 Image size of job updated: 1598464
	615  -  MemoryUsage of job (MB)
	629120  -  ResidentSetSize of job (KB)
...
006 (13112.064.000) 2024-06-07 15:47:29 Image size of job updated: 1599252
	615  -  MemoryUsage of job (MB)
	629120  -  ResidentSetSize of job (KB)
...
006 (13112.064.000) 2024-06-07 15:52:30 Image size of job updated: 1599768
	617  -  MemoryUsage of job (MB)
	631016  -  ResidentSetSize of job (KB)
...
006 (13112.064.000) 2024-06-07 15:57:30 Image size of job updated: 1600312
	618  -  MemoryUsage of job (MB)
	631924  -  ResidentSetSize of job (KB)
...
006 (13112.064.000) 2024-06-07 16:02:30 Image size of job updated: 1601240
	619  -  MemoryUsage of job (MB)
	632960  -  ResidentSetSize of job (KB)
...
006 (13112.064.000) 2024-06-07 16:07:31 Image size of job updated: 1601768
	619  -  MemoryUsage of job (MB)
	633332  -  ResidentSetSize of job (KB)
...
006 (13112.064.000) 2024-06-07 16:12:32 Image size of job updated: 1602960
	620  -  MemoryUsage of job (MB)
	634648  -  ResidentSetSize of job (KB)
...
006 (13112.064.000) 2024-06-07 16:17:32 Image size of job updated: 1603356
	621  -  MemoryUsage of job (MB)
	634904  -  ResidentSetSize of job (KB)
...
006 (13112.064.000) 2024-06-07 16:22:33 Image size of job updated: 1603884
	621  -  MemoryUsage of job (MB)
	635628  -  ResidentSetSize of job (KB)
...
006 (13112.064.000) 2024-06-07 16:27:34 Image size of job updated: 1604808
	622  -  MemoryUsage of job (MB)
	636324  -  ResidentSetSize of job (KB)
...
006 (13112.064.000) 2024-06-07 16:32:34 Image size of job updated: 1605472
	623  -  MemoryUsage of job (MB)
	637112  -  ResidentSetSize of job (KB)
...
006 (13112.064.000) 2024-06-07 16:37:34 Image size of job updated: 1606232
	623  -  MemoryUsage of job (MB)
	637844  -  ResidentSetSize of job (KB)
...
006 (13112.064.000) 2024-06-07 16:42:35 Image size of job updated: 1606900
	624  -  MemoryUsage of job (MB)
	638428  -  ResidentSetSize of job (KB)
...
006 (13112.064.000) 2024-06-07 16:47:36 Image size of job updated: 1607824
	625  -  MemoryUsage of job (MB)
	639372  -  ResidentSetSize of job (KB)
...
006 (13112.064.000) 2024-06-07 16:52:36 Image size of job updated: 1608360
	626  -  MemoryUsage of job (MB)
	640068  -  ResidentSetSize of job (KB)
...
006 (13112.064.000) 2024-06-07 16:57:36 Image size of job updated: 1609284
	626  -  MemoryUsage of job (MB)
	640888  -  ResidentSetSize of job (KB)
...
006 (13112.064.000) 2024-06-07 16:59:30 Image size of job updated: 1609416
	626  -  MemoryUsage of job (MB)
	640888  -  ResidentSetSize of job (KB)
...
005 (13112.064.000) 2024-06-07 16:59:30 Job terminated.
	(1) Normal termination (return value 0)
		Usr 0 01:45:38, Sys 0 00:00:09  -  Run Remote Usage
		Usr 0 00:00:00, Sys 0 00:00:00  -  Run Local Usage
		Usr 0 01:45:38, Sys 0 00:00:09  -  Total Remote Usage
		Usr 0 00:00:00, Sys 0 00:00:00  -  Total Local Usage
	0  -  Run Bytes Sent By Job
	0  -  Run Bytes Received By Job
	0  -  Total Bytes Sent By Job
	0  -  Total Bytes Received By Job
	Partitionable Resources :    Usage  Request Allocated 
	   Cpus                 :     0.99        1         1 
	   Disk (KB)            :    15          15      2875 
	   Memory (MB)          :   626       20480     20480 

	Job terminated of its own accord at 2024-06-07T14:59:30Z with exit-code 0.
...
