000 (13118.294.000) 2024-06-07 17:04:06 Job submitted from host: <10.18.24.233:9618?addrs=10.18.24.233-9618&alias=bioclusts03.bioclust.biologie.ens.fr&noUDP&sock=schedd_942_b64d>
...
001 (13118.294.000) 2024-06-08 05:38:01 Job executing on host: <10.18.24.12:9618?addrs=10.18.24.12-9618&alias=bioclust12.bioclust.biologie.ens.fr&noUDP&sock=startd_52665_6353>
...
006 (13118.294.000) 2024-06-08 05:38:10 Image size of job updated: 651160
	212  -  MemoryUsage of job (MB)
	216456  -  ResidentSetSize of job (KB)
...
006 (13118.294.000) 2024-06-08 05:43:11 Image size of job updated: 1727128
	529  -  MemoryUsage of job (MB)
	541632  -  ResidentSetSize of job (KB)
...
006 (13118.294.000) 2024-06-08 05:48:12 Image size of job updated: 1743500
	553  -  MemoryUsage of job (MB)
	565524  -  ResidentSetSize of job (KB)
...
006 (13118.294.000) 2024-06-08 05:53:12 Image size of job updated: 1757504
	573  -  MemoryUsage of job (MB)
	585984  -  ResidentSetSize of job (KB)
...
006 (13118.294.000) 2024-06-08 05:58:13 Image size of job updated: 1772828
	593  -  MemoryUsage of job (MB)
	606728  -  ResidentSetSize of job (KB)
...
006 (13118.294.000) 2024-06-08 06:03:14 Image size of job updated: 1783268
	608  -  MemoryUsage of job (MB)
	621880  -  ResidentSetSize of job (KB)
...
006 (13118.294.000) 2024-06-08 06:08:14 Image size of job updated: 1797532
	624  -  MemoryUsage of job (MB)
	638376  -  ResidentSetSize of job (KB)
...
006 (13118.294.000) 2024-06-08 06:13:14 Image size of job updated: 1811004
	640  -  MemoryUsage of job (MB)
	655240  -  ResidentSetSize of job (KB)
...
006 (13118.294.000) 2024-06-08 06:18:15 Image size of job updated: 1821308
	653  -  MemoryUsage of job (MB)
	668172  -  ResidentSetSize of job (KB)
...
006 (13118.294.000) 2024-06-08 06:23:15 Image size of job updated: 1833588
	672  -  MemoryUsage of job (MB)
	688128  -  ResidentSetSize of job (KB)
...
006 (13118.294.000) 2024-06-08 06:28:15 Image size of job updated: 1843756
	680  -  MemoryUsage of job (MB)
	695928  -  ResidentSetSize of job (KB)
...
006 (13118.294.000) 2024-06-08 06:33:16 Image size of job updated: 1845476
	680  -  MemoryUsage of job (MB)
	695928  -  ResidentSetSize of job (KB)
...
006 (13118.294.000) 2024-06-08 07:18:21 Image size of job updated: 1850708
	680  -  MemoryUsage of job (MB)
	695928  -  ResidentSetSize of job (KB)
...
006 (13118.294.000) 2024-06-08 07:53:25 Image size of job updated: 1850708
	683  -  MemoryUsage of job (MB)
	698900  -  ResidentSetSize of job (KB)
...
006 (13118.294.000) 2024-06-08 07:58:26 Image size of job updated: 1850708
	686  -  MemoryUsage of job (MB)
	701676  -  ResidentSetSize of job (KB)
...
006 (13118.294.000) 2024-06-08 08:43:30 Image size of job updated: 1850708
	686  -  MemoryUsage of job (MB)
	702200  -  ResidentSetSize of job (KB)
...
006 (13118.294.000) 2024-06-08 08:48:31 Image size of job updated: 1850708
	686  -  MemoryUsage of job (MB)
	702332  -  ResidentSetSize of job (KB)
...
006 (13118.294.000) 2024-06-08 09:38:36 Image size of job updated: 1851500
	686  -  MemoryUsage of job (MB)
	702332  -  ResidentSetSize of job (KB)
...
006 (13118.294.000) 2024-06-08 10:23:40 Image size of job updated: 1851500
	687  -  MemoryUsage of job (MB)
	702556  -  ResidentSetSize of job (KB)
...
006 (13118.294.000) 2024-06-08 11:08:44 Image size of job updated: 1851500
	689  -  MemoryUsage of job (MB)
	704940  -  ResidentSetSize of job (KB)
...
006 (13118.294.000) 2024-06-08 12:48:56 Image size of job updated: 1851632
	689  -  MemoryUsage of job (MB)
	704940  -  ResidentSetSize of job (KB)
...
006 (13118.294.000) 2024-06-08 15:04:11 Image size of job updated: 1851764
	689  -  MemoryUsage of job (MB)
	704940  -  ResidentSetSize of job (KB)
...
006 (13118.294.000) 2024-06-08 20:59:47 Image size of job updated: 1851764
	691  -  MemoryUsage of job (MB)
	706672  -  ResidentSetSize of job (KB)
...
005 (13118.294.000) 2024-06-08 21:27:27 Job terminated.
	(1) Normal termination (return value 0)
		Usr 0 15:44:44, Sys 0 00:01:28  -  Run Remote Usage
		Usr 0 00:00:00, Sys 0 00:00:00  -  Run Local Usage
		Usr 0 15:44:44, Sys 0 00:01:28  -  Total Remote Usage
		Usr 0 00:00:00, Sys 0 00:00:00  -  Total Local Usage
	0  -  Run Bytes Sent By Job
	0  -  Run Bytes Received By Job
	0  -  Total Bytes Sent By Job
	0  -  Total Bytes Received By Job
	Partitionable Resources :    Usage  Request Allocated 
	   Cpus                 :     1.00        1         1 
	   Disk (KB)            :    15          15      2316 
	   Memory (MB)          :   691       20480     20480 

	Job terminated of its own accord at 2024-06-08T19:27:27Z with exit-code 0.
...
