000 (13118.269.000) 2024-06-07 17:04:05 Job submitted from host: <10.18.24.233:9618?addrs=10.18.24.233-9618&alias=bioclusts03.bioclust.biologie.ens.fr&noUDP&sock=schedd_942_b64d>
...
001 (13118.269.000) 2024-06-08 04:45:01 Job executing on host: <10.18.24.13:9618?addrs=10.18.24.13-9618&alias=bioclust13.bioclust.biologie.ens.fr&noUDP&sock=startd_1231_f12c>
...
006 (13118.269.000) 2024-06-08 04:45:10 Image size of job updated: 427292
	418  -  MemoryUsage of job (MB)
	427292  -  ResidentSetSize of job (KB)
...
006 (13118.269.000) 2024-06-08 04:50:10 Image size of job updated: 1624104
	570  -  MemoryUsage of job (MB)
	583556  -  ResidentSetSize of job (KB)
...
006 (13118.269.000) 2024-06-08 04:55:10 Image size of job updated: 1625560
	572  -  MemoryUsage of job (MB)
	585104  -  ResidentSetSize of job (KB)
...
006 (13118.269.000) 2024-06-08 05:00:11 Image size of job updated: 1628344
	575  -  MemoryUsage of job (MB)
	587804  -  ResidentSetSize of job (KB)
...
006 (13118.269.000) 2024-06-08 05:05:12 Image size of job updated: 1629928
	576  -  MemoryUsage of job (MB)
	589384  -  ResidentSetSize of job (KB)
...
006 (13118.269.000) 2024-06-08 05:10:12 Image size of job updated: 1631780
	578  -  MemoryUsage of job (MB)
	591248  -  ResidentSetSize of job (KB)
...
006 (13118.269.000) 2024-06-08 05:15:13 Image size of job updated: 1634028
	580  -  MemoryUsage of job (MB)
	593452  -  ResidentSetSize of job (KB)
...
006 (13118.269.000) 2024-06-08 05:20:14 Image size of job updated: 1636148
	582  -  MemoryUsage of job (MB)
	595524  -  ResidentSetSize of job (KB)
...
006 (13118.269.000) 2024-06-08 05:25:14 Image size of job updated: 1638132
	584  -  MemoryUsage of job (MB)
	597532  -  ResidentSetSize of job (KB)
...
006 (13118.269.000) 2024-06-08 05:30:15 Image size of job updated: 1640112
	586  -  MemoryUsage of job (MB)
	599680  -  ResidentSetSize of job (KB)
...
006 (13118.269.000) 2024-06-08 05:35:16 Image size of job updated: 1641840
	588  -  MemoryUsage of job (MB)
	601340  -  ResidentSetSize of job (KB)
...
006 (13118.269.000) 2024-06-08 05:40:16 Image size of job updated: 1643820
	590  -  MemoryUsage of job (MB)
	603340  -  ResidentSetSize of job (KB)
...
006 (13118.269.000) 2024-06-08 05:45:10 Image size of job updated: 1646196
	590  -  MemoryUsage of job (MB)
	603340  -  ResidentSetSize of job (KB)
...
005 (13118.269.000) 2024-06-08 05:45:10 Job terminated.
	(1) Normal termination (return value 0)
		Usr 0 00:59:52, Sys 0 00:00:06  -  Run Remote Usage
		Usr 0 00:00:00, Sys 0 00:00:00  -  Run Local Usage
		Usr 0 00:59:52, Sys 0 00:00:06  -  Total Remote Usage
		Usr 0 00:00:00, Sys 0 00:00:00  -  Total Local Usage
	0  -  Run Bytes Sent By Job
	0  -  Run Bytes Received By Job
	0  -  Total Bytes Sent By Job
	0  -  Total Bytes Received By Job
	Partitionable Resources :    Usage  Request Allocated 
	   Cpus                 :     1.00        1         1 
	   Disk (KB)            :    15          15      2412 
	   Memory (MB)          :   590       20480     20480 

	Job terminated of its own accord at 2024-06-08T03:45:10Z with exit-code 0.
...
