000 (13118.162.000) 2024-06-07 17:04:02 Job submitted from host: <10.18.24.233:9618?addrs=10.18.24.233-9618&alias=bioclusts03.bioclust.biologie.ens.fr&noUDP&sock=schedd_942_b64d>
...
001 (13118.162.000) 2024-06-07 23:31:58 Job executing on host: <10.18.24.13:9618?addrs=10.18.24.13-9618&alias=bioclust13.bioclust.biologie.ens.fr&noUDP&sock=startd_1231_f12c>
...
006 (13118.162.000) 2024-06-07 23:32:08 Image size of job updated: 322640
	214  -  MemoryUsage of job (MB)
	218640  -  ResidentSetSize of job (KB)
...
006 (13118.162.000) 2024-06-07 23:37:08 Image size of job updated: 1654640
	596  -  MemoryUsage of job (MB)
	610176  -  ResidentSetSize of job (KB)
...
006 (13118.162.000) 2024-06-07 23:42:08 Image size of job updated: 1655572
	597  -  MemoryUsage of job (MB)
	611100  -  ResidentSetSize of job (KB)
...
006 (13118.162.000) 2024-06-07 23:47:09 Image size of job updated: 1656504
	598  -  MemoryUsage of job (MB)
	612156  -  ResidentSetSize of job (KB)
...
006 (13118.162.000) 2024-06-07 23:52:10 Image size of job updated: 1657576
	599  -  MemoryUsage of job (MB)
	613344  -  ResidentSetSize of job (KB)
...
006 (13118.162.000) 2024-06-07 23:57:10 Image size of job updated: 1658504
	601  -  MemoryUsage of job (MB)
	614532  -  ResidentSetSize of job (KB)
...
006 (13118.162.000) 2024-06-08 00:02:10 Image size of job updated: 1659604
	601  -  MemoryUsage of job (MB)
	614532  -  ResidentSetSize of job (KB)
...
006 (13118.162.000) 2024-06-08 00:07:11 Image size of job updated: 1660644
	603  -  MemoryUsage of job (MB)
	616560  -  ResidentSetSize of job (KB)
...
006 (13118.162.000) 2024-06-08 00:12:11 Image size of job updated: 1661732
	604  -  MemoryUsage of job (MB)
	617616  -  ResidentSetSize of job (KB)
...
006 (13118.162.000) 2024-06-08 00:17:11 Image size of job updated: 1662736
	605  -  MemoryUsage of job (MB)
	618528  -  ResidentSetSize of job (KB)
...
006 (13118.162.000) 2024-06-08 00:22:12 Image size of job updated: 1663752
	606  -  MemoryUsage of job (MB)
	619804  -  ResidentSetSize of job (KB)
...
006 (13118.162.000) 2024-06-08 00:27:13 Image size of job updated: 1664676
	606  -  MemoryUsage of job (MB)
	619804  -  ResidentSetSize of job (KB)
...
006 (13118.162.000) 2024-06-08 00:32:13 Image size of job updated: 1665628
	608  -  MemoryUsage of job (MB)
	621696  -  ResidentSetSize of job (KB)
...
006 (13118.162.000) 2024-06-08 00:37:14 Image size of job updated: 1666560
	609  -  MemoryUsage of job (MB)
	622752  -  ResidentSetSize of job (KB)
...
006 (13118.162.000) 2024-06-08 00:42:15 Image size of job updated: 1667496
	610  -  MemoryUsage of job (MB)
	623772  -  ResidentSetSize of job (KB)
...
006 (13118.162.000) 2024-06-08 00:47:15 Image size of job updated: 1668428
	610  -  MemoryUsage of job (MB)
	624564  -  ResidentSetSize of job (KB)
...
006 (13118.162.000) 2024-06-08 00:52:16 Image size of job updated: 1669352
	611  -  MemoryUsage of job (MB)
	625620  -  ResidentSetSize of job (KB)
...
006 (13118.162.000) 2024-06-08 00:55:42 Image size of job updated: 1669756
	611  -  MemoryUsage of job (MB)
	625620  -  ResidentSetSize of job (KB)
...
005 (13118.162.000) 2024-06-08 00:55:42 Job terminated.
	(1) Normal termination (return value 0)
		Usr 0 01:23:30, Sys 0 00:00:04  -  Run Remote Usage
		Usr 0 00:00:00, Sys 0 00:00:00  -  Run Local Usage
		Usr 0 01:23:30, Sys 0 00:00:04  -  Total Remote Usage
		Usr 0 00:00:00, Sys 0 00:00:00  -  Total Local Usage
	0  -  Run Bytes Sent By Job
	0  -  Run Bytes Received By Job
	0  -  Total Bytes Sent By Job
	0  -  Total Bytes Received By Job
	Partitionable Resources :    Usage  Request Allocated 
	   Cpus                 :     1.00        1         1 
	   Disk (KB)            :    15          15      2412 
	   Memory (MB)          :   611       20480     20480 

	Job terminated of its own accord at 2024-06-07T22:55:42Z with exit-code 0.
...
