000 (13118.128.000) 2024-06-07 17:04:01 Job submitted from host: <10.18.24.233:9618?addrs=10.18.24.233-9618&alias=bioclusts03.bioclust.biologie.ens.fr&noUDP&sock=schedd_942_b64d>
...
001 (13118.128.000) 2024-06-07 21:57:37 Job executing on host: <10.18.24.12:9618?addrs=10.18.24.12-9618&alias=bioclust12.bioclust.biologie.ens.fr&noUDP&sock=startd_52665_6353>
...
006 (13118.128.000) 2024-06-07 21:57:46 Image size of job updated: 266732
	215  -  MemoryUsage of job (MB)
	219624  -  ResidentSetSize of job (KB)
...
006 (13118.128.000) 2024-06-07 22:02:47 Image size of job updated: 1709648
	583  -  MemoryUsage of job (MB)
	596812  -  ResidentSetSize of job (KB)
...
006 (13118.128.000) 2024-06-07 22:07:48 Image size of job updated: 1710972
	585  -  MemoryUsage of job (MB)
	598528  -  ResidentSetSize of job (KB)
...
006 (13118.128.000) 2024-06-07 22:12:48 Image size of job updated: 1712688
	587  -  MemoryUsage of job (MB)
	600112  -  ResidentSetSize of job (KB)
...
006 (13118.128.000) 2024-06-07 22:17:49 Image size of job updated: 1713752
	588  -  MemoryUsage of job (MB)
	601564  -  ResidentSetSize of job (KB)
...
006 (13118.128.000) 2024-06-07 22:22:50 Image size of job updated: 1715156
	589  -  MemoryUsage of job (MB)
	602652  -  ResidentSetSize of job (KB)
...
006 (13118.128.000) 2024-06-07 22:27:50 Image size of job updated: 1716496
	590  -  MemoryUsage of job (MB)
	604104  -  ResidentSetSize of job (KB)
...
006 (13118.128.000) 2024-06-07 22:32:50 Image size of job updated: 1718228
	592  -  MemoryUsage of job (MB)
	605820  -  ResidentSetSize of job (KB)
...
006 (13118.128.000) 2024-06-07 22:37:52 Image size of job updated: 1719024
	593  -  MemoryUsage of job (MB)
	606876  -  ResidentSetSize of job (KB)
...
006 (13118.128.000) 2024-06-07 22:42:52 Image size of job updated: 1720220
	594  -  MemoryUsage of job (MB)
	608196  -  ResidentSetSize of job (KB)
...
006 (13118.128.000) 2024-06-07 22:47:52 Image size of job updated: 1721804
	596  -  MemoryUsage of job (MB)
	609912  -  ResidentSetSize of job (KB)
...
006 (13118.128.000) 2024-06-07 22:52:53 Image size of job updated: 1722960
	597  -  MemoryUsage of job (MB)
	611004  -  ResidentSetSize of job (KB)
...
006 (13118.128.000) 2024-06-07 22:57:54 Image size of job updated: 1724416
	601  -  MemoryUsage of job (MB)
	614436  -  ResidentSetSize of job (KB)
...
006 (13118.128.000) 2024-06-07 23:02:54 Image size of job updated: 1725604
	602  -  MemoryUsage of job (MB)
	615756  -  ResidentSetSize of job (KB)
...
006 (13118.128.000) 2024-06-07 23:07:55 Image size of job updated: 1726728
	603  -  MemoryUsage of job (MB)
	617088  -  ResidentSetSize of job (KB)
...
006 (13118.128.000) 2024-06-07 23:12:56 Image size of job updated: 1728112
	604  -  MemoryUsage of job (MB)
	618488  -  ResidentSetSize of job (KB)
...
006 (13118.128.000) 2024-06-07 23:15:25 Image size of job updated: 1728720
	604  -  MemoryUsage of job (MB)
	618488  -  ResidentSetSize of job (KB)
...
005 (13118.128.000) 2024-06-07 23:15:25 Job terminated.
	(1) Normal termination (return value 0)
		Usr 0 01:17:29, Sys 0 00:00:04  -  Run Remote Usage
		Usr 0 00:00:00, Sys 0 00:00:00  -  Run Local Usage
		Usr 0 01:17:29, Sys 0 00:00:04  -  Total Remote Usage
		Usr 0 00:00:00, Sys 0 00:00:00  -  Total Local Usage
	0  -  Run Bytes Sent By Job
	0  -  Run Bytes Received By Job
	0  -  Total Bytes Sent By Job
	0  -  Total Bytes Received By Job
	Partitionable Resources :    Usage  Request Allocated 
	   Cpus                 :     1.00        1         1 
	   Disk (KB)            :    15          15      2316 
	   Memory (MB)          :   604       20480     20480 

	Job terminated of its own accord at 2024-06-07T21:15:25Z with exit-code 0.
...
