000 (13118.300.000) 2024-06-07 17:04:06 Job submitted from host: <10.18.24.233:9618?addrs=10.18.24.233-9618&alias=bioclusts03.bioclust.biologie.ens.fr&noUDP&sock=schedd_942_b64d>
...
001 (13118.300.000) 2024-06-08 05:54:02 Job executing on host: <10.18.24.45:9618?addrs=10.18.24.45-9618&alias=bioclust45.bioclust.biologie.ens.fr&noUDP&sock=startd_826558_9dc7>
...
006 (13118.300.000) 2024-06-08 05:54:10 Image size of job updated: 672652
	240  -  MemoryUsage of job (MB)
	244828  -  ResidentSetSize of job (KB)
...
006 (13118.300.000) 2024-06-08 05:59:10 Image size of job updated: 1594236
	586  -  MemoryUsage of job (MB)
	599616  -  ResidentSetSize of job (KB)
...
006 (13118.300.000) 2024-06-08 06:04:10 Image size of job updated: 1596104
	586  -  MemoryUsage of job (MB)
	599616  -  ResidentSetSize of job (KB)
...
006 (13118.300.000) 2024-06-08 06:09:11 Image size of job updated: 1599888
	594  -  MemoryUsage of job (MB)
	607568  -  ResidentSetSize of job (KB)
...
006 (13118.300.000) 2024-06-08 06:14:11 Image size of job updated: 1602984
	595  -  MemoryUsage of job (MB)
	608912  -  ResidentSetSize of job (KB)
...
006 (13118.300.000) 2024-06-08 06:19:11 Image size of job updated: 1605784
	601  -  MemoryUsage of job (MB)
	615156  -  ResidentSetSize of job (KB)
...
006 (13118.300.000) 2024-06-08 06:24:12 Image size of job updated: 1608916
	605  -  MemoryUsage of job (MB)
	619068  -  ResidentSetSize of job (KB)
...
006 (13118.300.000) 2024-06-08 06:29:13 Image size of job updated: 1611040
	608  -  MemoryUsage of job (MB)
	621968  -  ResidentSetSize of job (KB)
...
006 (13118.300.000) 2024-06-08 06:34:13 Image size of job updated: 1614372
	612  -  MemoryUsage of job (MB)
	626144  -  ResidentSetSize of job (KB)
...
006 (13118.300.000) 2024-06-08 06:39:14 Image size of job updated: 1616720
	615  -  MemoryUsage of job (MB)
	629348  -  ResidentSetSize of job (KB)
...
006 (13118.300.000) 2024-06-08 06:44:15 Image size of job updated: 1620032
	619  -  MemoryUsage of job (MB)
	633004  -  ResidentSetSize of job (KB)
...
006 (13118.300.000) 2024-06-08 06:46:35 Image size of job updated: 1620940
	619  -  MemoryUsage of job (MB)
	633004  -  ResidentSetSize of job (KB)
...
005 (13118.300.000) 2024-06-08 06:46:36 Job terminated.
	(1) Normal termination (return value 0)
		Usr 0 00:52:03, Sys 0 00:00:06  -  Run Remote Usage
		Usr 0 00:00:00, Sys 0 00:00:00  -  Run Local Usage
		Usr 0 00:52:03, Sys 0 00:00:06  -  Total Remote Usage
		Usr 0 00:00:00, Sys 0 00:00:00  -  Total Local Usage
	0  -  Run Bytes Sent By Job
	0  -  Run Bytes Received By Job
	0  -  Total Bytes Sent By Job
	0  -  Total Bytes Received By Job
	Partitionable Resources :    Usage  Request Allocated 
	   Cpus                 :     1.00        1         1 
	   Disk (KB)            :    15          15      2237 
	   Memory (MB)          :   619       20480     20480 

	Job terminated of its own accord at 2024-06-08T04:46:35Z with exit-code 0.
...
