000 (13118.087.000) 2024-06-07 17:04:00 Job submitted from host: <10.18.24.233:9618?addrs=10.18.24.233-9618&alias=bioclusts03.bioclust.biologie.ens.fr&noUDP&sock=schedd_942_b64d>
...
001 (13118.087.000) 2024-06-07 20:08:37 Job executing on host: <10.18.24.13:9618?addrs=10.18.24.13-9618&alias=bioclust13.bioclust.biologie.ens.fr&noUDP&sock=startd_1231_f12c>
...
006 (13118.087.000) 2024-06-07 20:08:45 Image size of job updated: 303544
	210  -  MemoryUsage of job (MB)
	214104  -  ResidentSetSize of job (KB)
...
006 (13118.087.000) 2024-06-07 20:13:45 Image size of job updated: 1614144
	572  -  MemoryUsage of job (MB)
	585500  -  ResidentSetSize of job (KB)
...
006 (13118.087.000) 2024-06-07 20:18:45 Image size of job updated: 1620228
	590  -  MemoryUsage of job (MB)
	603152  -  ResidentSetSize of job (KB)
...
006 (13118.087.000) 2024-06-07 20:23:46 Image size of job updated: 1622476
	602  -  MemoryUsage of job (MB)
	615760  -  ResidentSetSize of job (KB)
...
006 (13118.087.000) 2024-06-07 20:28:46 Image size of job updated: 1626176
	619  -  MemoryUsage of job (MB)
	633784  -  ResidentSetSize of job (KB)
...
006 (13118.087.000) 2024-06-07 20:33:46 Image size of job updated: 1631336
	619  -  MemoryUsage of job (MB)
	633784  -  ResidentSetSize of job (KB)
...
006 (13118.087.000) 2024-06-07 20:38:47 Image size of job updated: 1634792
	619  -  MemoryUsage of job (MB)
	633784  -  ResidentSetSize of job (KB)
...
006 (13118.087.000) 2024-06-07 20:43:48 Image size of job updated: 1638492
	619  -  MemoryUsage of job (MB)
	633784  -  ResidentSetSize of job (KB)
...
006 (13118.087.000) 2024-06-07 20:48:48 Image size of job updated: 1641804
	619  -  MemoryUsage of job (MB)
	633784  -  ResidentSetSize of job (KB)
...
006 (13118.087.000) 2024-06-07 20:53:49 Image size of job updated: 1644048
	623  -  MemoryUsage of job (MB)
	637432  -  ResidentSetSize of job (KB)
...
006 (13118.087.000) 2024-06-07 20:58:50 Image size of job updated: 1647876
	623  -  MemoryUsage of job (MB)
	637828  -  ResidentSetSize of job (KB)
...
006 (13118.087.000) 2024-06-07 21:03:50 Image size of job updated: 1651260
	623  -  MemoryUsage of job (MB)
	637828  -  ResidentSetSize of job (KB)
...
006 (13118.087.000) 2024-06-07 21:08:51 Image size of job updated: 1655424
	631  -  MemoryUsage of job (MB)
	645896  -  ResidentSetSize of job (KB)
...
006 (13118.087.000) 2024-06-07 21:13:52 Image size of job updated: 1658328
	631  -  MemoryUsage of job (MB)
	646028  -  ResidentSetSize of job (KB)
...
006 (13118.087.000) 2024-06-07 21:18:52 Image size of job updated: 1660584
	633  -  MemoryUsage of job (MB)
	647936  -  ResidentSetSize of job (KB)
...
006 (13118.087.000) 2024-06-07 21:23:52 Image size of job updated: 1664416
	657  -  MemoryUsage of job (MB)
	671988  -  ResidentSetSize of job (KB)
...
006 (13118.087.000) 2024-06-07 21:28:53 Image size of job updated: 1667008
	657  -  MemoryUsage of job (MB)
	671988  -  ResidentSetSize of job (KB)
...
006 (13118.087.000) 2024-06-07 21:33:53 Image size of job updated: 1670576
	657  -  MemoryUsage of job (MB)
	671988  -  ResidentSetSize of job (KB)
...
006 (13118.087.000) 2024-06-07 21:38:53 Image size of job updated: 1674500
	657  -  MemoryUsage of job (MB)
	671988  -  ResidentSetSize of job (KB)
...
006 (13118.087.000) 2024-06-07 21:43:54 Image size of job updated: 1676536
	657  -  MemoryUsage of job (MB)
	671988  -  ResidentSetSize of job (KB)
...
006 (13118.087.000) 2024-06-07 21:48:55 Image size of job updated: 1679712
	657  -  MemoryUsage of job (MB)
	671988  -  ResidentSetSize of job (KB)
...
006 (13118.087.000) 2024-06-07 21:53:55 Image size of job updated: 1683804
	676  -  MemoryUsage of job (MB)
	691544  -  ResidentSetSize of job (KB)
...
006 (13118.087.000) 2024-06-07 21:58:56 Image size of job updated: 1686188
	676  -  MemoryUsage of job (MB)
	691676  -  ResidentSetSize of job (KB)
...
006 (13118.087.000) 2024-06-07 22:03:57 Image size of job updated: 1688564
	676  -  MemoryUsage of job (MB)
	691676  -  ResidentSetSize of job (KB)
...
006 (13118.087.000) 2024-06-07 22:08:57 Image size of job updated: 1692344
	676  -  MemoryUsage of job (MB)
	691676  -  ResidentSetSize of job (KB)
...
006 (13118.087.000) 2024-06-07 22:13:57 Image size of job updated: 1694852
	691  -  MemoryUsage of job (MB)
	707452  -  ResidentSetSize of job (KB)
...
006 (13118.087.000) 2024-06-07 22:18:58 Image size of job updated: 1698028
	691  -  MemoryUsage of job (MB)
	707452  -  ResidentSetSize of job (KB)
...
006 (13118.087.000) 2024-06-07 22:23:58 Image size of job updated: 1701236
	699  -  MemoryUsage of job (MB)
	714928  -  ResidentSetSize of job (KB)
...
006 (13118.087.000) 2024-06-07 22:28:58 Image size of job updated: 1703880
	699  -  MemoryUsage of job (MB)
	714928  -  ResidentSetSize of job (KB)
...
006 (13118.087.000) 2024-06-07 22:33:59 Image size of job updated: 1706784
	708  -  MemoryUsage of job (MB)
	724196  -  ResidentSetSize of job (KB)
...
006 (13118.087.000) 2024-06-07 22:35:15 Image size of job updated: 1707576
	708  -  MemoryUsage of job (MB)
	724328  -  ResidentSetSize of job (KB)
...
005 (13118.087.000) 2024-06-07 22:35:15 Job terminated.
	(1) Normal termination (return value 0)
		Usr 0 02:22:39, Sys 0 00:03:22  -  Run Remote Usage
		Usr 0 00:00:00, Sys 0 00:00:00  -  Run Local Usage
		Usr 0 02:22:39, Sys 0 00:03:22  -  Total Remote Usage
		Usr 0 00:00:00, Sys 0 00:00:00  -  Total Local Usage
	0  -  Run Bytes Sent By Job
	0  -  Run Bytes Received By Job
	0  -  Total Bytes Sent By Job
	0  -  Total Bytes Received By Job
	Partitionable Resources :    Usage  Request Allocated 
	   Cpus                 :     1.00        1         1 
	   Disk (KB)            :    15          15      2412 
	   Memory (MB)          :   708       20480     20480 

	Job terminated of its own accord at 2024-06-07T20:35:15Z with exit-code 0.
...
