000 (13118.248.000) 2024-06-07 17:04:05 Job submitted from host: <10.18.24.233:9618?addrs=10.18.24.233-9618&alias=bioclusts03.bioclust.biologie.ens.fr&noUDP&sock=schedd_942_b64d>
...
001 (13118.248.000) 2024-06-08 03:41:02 Job executing on host: <10.18.24.14:9618?addrs=10.18.24.14-9618&alias=bioclust14.bioclust.biologie.ens.fr&noUDP&sock=startd_1218_0671>
...
006 (13118.248.000) 2024-06-08 03:41:10 Image size of job updated: 294360
	209  -  MemoryUsage of job (MB)
	213896  -  ResidentSetSize of job (KB)
...
006 (13118.248.000) 2024-06-08 03:46:10 Image size of job updated: 1605536
	550  -  MemoryUsage of job (MB)
	563152  -  ResidentSetSize of job (KB)
...
006 (13118.248.000) 2024-06-08 03:51:11 Image size of job updated: 1610160
	558  -  MemoryUsage of job (MB)
	570668  -  ResidentSetSize of job (KB)
...
006 (13118.248.000) 2024-06-08 03:56:11 Image size of job updated: 1614924
	565  -  MemoryUsage of job (MB)
	577908  -  ResidentSetSize of job (KB)
...
006 (13118.248.000) 2024-06-08 04:01:11 Image size of job updated: 1618892
	573  -  MemoryUsage of job (MB)
	585920  -  ResidentSetSize of job (KB)
...
006 (13118.248.000) 2024-06-08 04:06:12 Image size of job updated: 1623516
	579  -  MemoryUsage of job (MB)
	592284  -  ResidentSetSize of job (KB)
...
006 (13118.248.000) 2024-06-08 04:11:12 Image size of job updated: 1628008
	586  -  MemoryUsage of job (MB)
	599524  -  ResidentSetSize of job (KB)
...
006 (13118.248.000) 2024-06-08 04:16:12 Image size of job updated: 1632484
	591  -  MemoryUsage of job (MB)
	604816  -  ResidentSetSize of job (KB)
...
006 (13118.248.000) 2024-06-08 04:21:13 Image size of job updated: 1636020
	596  -  MemoryUsage of job (MB)
	609948  -  ResidentSetSize of job (KB)
...
006 (13118.248.000) 2024-06-08 04:26:14 Image size of job updated: 1640916
	602  -  MemoryUsage of job (MB)
	615976  -  ResidentSetSize of job (KB)
...
006 (13118.248.000) 2024-06-08 04:31:14 Image size of job updated: 1645148
	607  -  MemoryUsage of job (MB)
	621276  -  ResidentSetSize of job (KB)
...
006 (13118.248.000) 2024-06-08 04:36:15 Image size of job updated: 1648724
	612  -  MemoryUsage of job (MB)
	625940  -  ResidentSetSize of job (KB)
...
006 (13118.248.000) 2024-06-08 04:41:16 Image size of job updated: 1653220
	617  -  MemoryUsage of job (MB)
	631172  -  ResidentSetSize of job (KB)
...
006 (13118.248.000) 2024-06-08 04:46:16 Image size of job updated: 1657328
	622  -  MemoryUsage of job (MB)
	636392  -  ResidentSetSize of job (KB)
...
006 (13118.248.000) 2024-06-08 04:51:16 Image size of job updated: 1660892
	626  -  MemoryUsage of job (MB)
	641012  -  ResidentSetSize of job (KB)
...
006 (13118.248.000) 2024-06-08 04:56:17 Image size of job updated: 1664988
	632  -  MemoryUsage of job (MB)
	646568  -  ResidentSetSize of job (KB)
...
006 (13118.248.000) 2024-06-08 05:01:17 Image size of job updated: 1668824
	636  -  MemoryUsage of job (MB)
	651248  -  ResidentSetSize of job (KB)
...
006 (13118.248.000) 2024-06-08 05:06:17 Image size of job updated: 1674112
	642  -  MemoryUsage of job (MB)
	657128  -  ResidentSetSize of job (KB)
...
006 (13118.248.000) 2024-06-08 05:11:18 Image size of job updated: 1677024
	646  -  MemoryUsage of job (MB)
	661048  -  ResidentSetSize of job (KB)
...
006 (13118.248.000) 2024-06-08 05:16:19 Image size of job updated: 1680456
	650  -  MemoryUsage of job (MB)
	665080  -  ResidentSetSize of job (KB)
...
006 (13118.248.000) 2024-06-08 05:21:19 Image size of job updated: 1684284
	654  -  MemoryUsage of job (MB)
	669656  -  ResidentSetSize of job (KB)
...
006 (13118.248.000) 2024-06-08 05:26:20 Image size of job updated: 1688252
	659  -  MemoryUsage of job (MB)
	674100  -  ResidentSetSize of job (KB)
...
006 (13118.248.000) 2024-06-08 05:31:21 Image size of job updated: 1690892
	663  -  MemoryUsage of job (MB)
	678056  -  ResidentSetSize of job (KB)
...
006 (13118.248.000) 2024-06-08 05:36:21 Image size of job updated: 1695516
	668  -  MemoryUsage of job (MB)
	683416  -  ResidentSetSize of job (KB)
...
006 (13118.248.000) 2024-06-08 05:41:21 Image size of job updated: 1699080
	672  -  MemoryUsage of job (MB)
	687492  -  ResidentSetSize of job (KB)
...
006 (13118.248.000) 2024-06-08 05:46:22 Image size of job updated: 1702248
	676  -  MemoryUsage of job (MB)
	691888  -  ResidentSetSize of job (KB)
...
006 (13118.248.000) 2024-06-08 05:51:22 Image size of job updated: 1706340
	680  -  MemoryUsage of job (MB)
	696120  -  ResidentSetSize of job (KB)
...
006 (13118.248.000) 2024-06-08 05:56:22 Image size of job updated: 1709776
	684  -  MemoryUsage of job (MB)
	700232  -  ResidentSetSize of job (KB)
...
006 (13118.248.000) 2024-06-08 06:01:23 Image size of job updated: 1714004
	689  -  MemoryUsage of job (MB)
	705032  -  ResidentSetSize of job (KB)
...
006 (13118.248.000) 2024-06-08 06:06:24 Image size of job updated: 1717964
	694  -  MemoryUsage of job (MB)
	709856  -  ResidentSetSize of job (KB)
...
006 (13118.248.000) 2024-06-08 06:11:24 Image size of job updated: 1721396
	698  -  MemoryUsage of job (MB)
	713836  -  ResidentSetSize of job (KB)
...
006 (13118.248.000) 2024-06-08 06:16:25 Image size of job updated: 1725228
	704  -  MemoryUsage of job (MB)
	720612  -  ResidentSetSize of job (KB)
...
006 (13118.248.000) 2024-06-08 06:21:26 Image size of job updated: 1727876
	705  -  MemoryUsage of job (MB)
	721720  -  ResidentSetSize of job (KB)
...
006 (13118.248.000) 2024-06-08 06:26:26 Image size of job updated: 1731420
	709  -  MemoryUsage of job (MB)
	725948  -  ResidentSetSize of job (KB)
...
006 (13118.248.000) 2024-06-08 06:31:26 Image size of job updated: 1735652
	714  -  MemoryUsage of job (MB)
	730560  -  ResidentSetSize of job (KB)
...
006 (13118.248.000) 2024-06-08 06:36:27 Image size of job updated: 1739112
	718  -  MemoryUsage of job (MB)
	734732  -  ResidentSetSize of job (KB)
...
006 (13118.248.000) 2024-06-08 06:41:27 Image size of job updated: 1742556
	722  -  MemoryUsage of job (MB)
	738752  -  ResidentSetSize of job (KB)
...
006 (13118.248.000) 2024-06-08 06:46:27 Image size of job updated: 1745732
	728  -  MemoryUsage of job (MB)
	744896  -  ResidentSetSize of job (KB)
...
006 (13118.248.000) 2024-06-08 06:51:29 Image size of job updated: 1749176
	730  -  MemoryUsage of job (MB)
	746560  -  ResidentSetSize of job (KB)
...
006 (13118.248.000) 2024-06-08 06:56:29 Image size of job updated: 1752232
	733  -  MemoryUsage of job (MB)
	750388  -  ResidentSetSize of job (KB)
...
006 (13118.248.000) 2024-06-08 07:01:29 Image size of job updated: 1755936
	737  -  MemoryUsage of job (MB)
	754576  -  ResidentSetSize of job (KB)
...
006 (13118.248.000) 2024-06-08 07:06:30 Image size of job updated: 1759508
	742  -  MemoryUsage of job (MB)
	758860  -  ResidentSetSize of job (KB)
...
006 (13118.248.000) 2024-06-08 07:11:31 Image size of job updated: 1762416
	745  -  MemoryUsage of job (MB)
	762224  -  ResidentSetSize of job (KB)
...
006 (13118.248.000) 2024-06-08 07:15:26 Image size of job updated: 1765060
	745  -  MemoryUsage of job (MB)
	762224  -  ResidentSetSize of job (KB)
...
005 (13118.248.000) 2024-06-08 07:15:26 Job terminated.
	(1) Normal termination (return value 0)
		Usr 0 03:33:33, Sys 0 00:00:41  -  Run Remote Usage
		Usr 0 00:00:00, Sys 0 00:00:00  -  Run Local Usage
		Usr 0 03:33:33, Sys 0 00:00:41  -  Total Remote Usage
		Usr 0 00:00:00, Sys 0 00:00:00  -  Total Local Usage
	0  -  Run Bytes Sent By Job
	0  -  Run Bytes Received By Job
	0  -  Total Bytes Sent By Job
	0  -  Total Bytes Received By Job
	Partitionable Resources :    Usage  Request Allocated 
	   Cpus                 :     1.00        1         1 
	   Disk (KB)            :    15          15      2067 
	   Memory (MB)          :   745       20480     20480 

	Job terminated of its own accord at 2024-06-08T05:15:26Z with exit-code 0.
...
