000 (13118.082.000) 2024-06-07 17:04:00 Job submitted from host: <10.18.24.233:9618?addrs=10.18.24.233-9618&alias=bioclusts03.bioclust.biologie.ens.fr&noUDP&sock=schedd_942_b64d>
...
001 (13118.082.000) 2024-06-07 19:57:36 Job executing on host: <10.18.24.12:9618?addrs=10.18.24.12-9618&alias=bioclust12.bioclust.biologie.ens.fr&noUDP&sock=startd_52665_6353>
...
006 (13118.082.000) 2024-06-07 19:57:45 Image size of job updated: 534600
	455  -  MemoryUsage of job (MB)
	465828  -  ResidentSetSize of job (KB)
...
006 (13118.082.000) 2024-06-07 20:02:45 Image size of job updated: 1784848
	594  -  MemoryUsage of job (MB)
	608172  -  ResidentSetSize of job (KB)
...
006 (13118.082.000) 2024-06-07 20:07:45 Image size of job updated: 1785908
	598  -  MemoryUsage of job (MB)
	611868  -  ResidentSetSize of job (KB)
...
006 (13118.082.000) 2024-06-07 20:12:47 Image size of job updated: 1787232
	602  -  MemoryUsage of job (MB)
	615828  -  ResidentSetSize of job (KB)
...
006 (13118.082.000) 2024-06-07 20:17:47 Image size of job updated: 1788292
	603  -  MemoryUsage of job (MB)
	617280  -  ResidentSetSize of job (KB)
...
006 (13118.082.000) 2024-06-07 20:22:47 Image size of job updated: 1789224
	605  -  MemoryUsage of job (MB)
	618996  -  ResidentSetSize of job (KB)
...
006 (13118.082.000) 2024-06-07 20:27:48 Image size of job updated: 1790412
	616  -  MemoryUsage of job (MB)
	629944  -  ResidentSetSize of job (KB)
...
006 (13118.082.000) 2024-06-07 20:32:49 Image size of job updated: 1791340
	617  -  MemoryUsage of job (MB)
	630868  -  ResidentSetSize of job (KB)
...
006 (13118.082.000) 2024-06-07 20:37:49 Image size of job updated: 1792920
	618  -  MemoryUsage of job (MB)
	632496  -  ResidentSetSize of job (KB)
...
006 (13118.082.000) 2024-06-07 20:42:50 Image size of job updated: 1793720
	619  -  MemoryUsage of job (MB)
	633280  -  ResidentSetSize of job (KB)
...
006 (13118.082.000) 2024-06-07 20:47:51 Image size of job updated: 1794908
	620  -  MemoryUsage of job (MB)
	634348  -  ResidentSetSize of job (KB)
...
006 (13118.082.000) 2024-06-07 20:52:51 Image size of job updated: 1795572
	621  -  MemoryUsage of job (MB)
	635140  -  ResidentSetSize of job (KB)
...
006 (13118.082.000) 2024-06-07 20:57:51 Image size of job updated: 1797148
	622  -  MemoryUsage of job (MB)
	636504  -  ResidentSetSize of job (KB)
...
006 (13118.082.000) 2024-06-07 21:02:52 Image size of job updated: 1798596
	624  -  MemoryUsage of job (MB)
	638016  -  ResidentSetSize of job (KB)
...
006 (13118.082.000) 2024-06-07 21:07:52 Image size of job updated: 1799128
	624  -  MemoryUsage of job (MB)
	638808  -  ResidentSetSize of job (KB)
...
006 (13118.082.000) 2024-06-07 21:12:52 Image size of job updated: 1800324
	625  -  MemoryUsage of job (MB)
	639864  -  ResidentSetSize of job (KB)
...
006 (13118.082.000) 2024-06-07 21:15:01 Image size of job updated: 1800724
	625  -  MemoryUsage of job (MB)
	639864  -  ResidentSetSize of job (KB)
...
005 (13118.082.000) 2024-06-07 21:15:01 Job terminated.
	(1) Normal termination (return value 0)
		Usr 0 01:17:08, Sys 0 00:00:04  -  Run Remote Usage
		Usr 0 00:00:00, Sys 0 00:00:00  -  Run Local Usage
		Usr 0 01:17:08, Sys 0 00:00:04  -  Total Remote Usage
		Usr 0 00:00:00, Sys 0 00:00:00  -  Total Local Usage
	0  -  Run Bytes Sent By Job
	0  -  Run Bytes Received By Job
	0  -  Total Bytes Sent By Job
	0  -  Total Bytes Received By Job
	Partitionable Resources :    Usage  Request Allocated 
	   Cpus                 :     1.00        1         1 
	   Disk (KB)            :    15          15      2316 
	   Memory (MB)          :   625       20480     20480 

	Job terminated of its own accord at 2024-06-07T19:15:01Z with exit-code 0.
...
