000 (13118.187.000) 2024-06-07 17:04:03 Job submitted from host: <10.18.24.233:9618?addrs=10.18.24.233-9618&alias=bioclusts03.bioclust.biologie.ens.fr&noUDP&sock=schedd_942_b64d>
...
001 (13118.187.000) 2024-06-08 00:48:58 Job executing on host: <10.18.24.5:9618?addrs=10.18.24.5-9618&alias=bioclust05.bioclust.biologie.ens.fr&noUDP&sock=startd_1161_ed8b>
...
006 (13118.187.000) 2024-06-08 00:49:07 Image size of job updated: 659868
	169  -  MemoryUsage of job (MB)
	172512  -  ResidentSetSize of job (KB)
...
006 (13118.187.000) 2024-06-08 00:54:08 Image size of job updated: 1600852
	594  -  MemoryUsage of job (MB)
	607876  -  ResidentSetSize of job (KB)
...
006 (13118.187.000) 2024-06-08 00:59:09 Image size of job updated: 1604080
	601  -  MemoryUsage of job (MB)
	614752  -  ResidentSetSize of job (KB)
...
006 (13118.187.000) 2024-06-08 01:04:09 Image size of job updated: 1604620
	601  -  MemoryUsage of job (MB)
	614752  -  ResidentSetSize of job (KB)
...
006 (13118.187.000) 2024-06-08 01:09:10 Image size of job updated: 1606204
	602  -  MemoryUsage of job (MB)
	615472  -  ResidentSetSize of job (KB)
...
006 (13118.187.000) 2024-06-08 01:14:11 Image size of job updated: 1608116
	602  -  MemoryUsage of job (MB)
	615472  -  ResidentSetSize of job (KB)
...
006 (13118.187.000) 2024-06-08 01:19:11 Image size of job updated: 1608176
	602  -  MemoryUsage of job (MB)
	615472  -  ResidentSetSize of job (KB)
...
006 (13118.187.000) 2024-06-08 01:24:11 Image size of job updated: 1610108
	609  -  MemoryUsage of job (MB)
	622988  -  ResidentSetSize of job (KB)
...
006 (13118.187.000) 2024-06-08 01:29:12 Image size of job updated: 1611060
	609  -  MemoryUsage of job (MB)
	622988  -  ResidentSetSize of job (KB)
...
006 (13118.187.000) 2024-06-08 01:34:12 Image size of job updated: 1612040
	609  -  MemoryUsage of job (MB)
	622988  -  ResidentSetSize of job (KB)
...
006 (13118.187.000) 2024-06-08 01:39:12 Image size of job updated: 1612700
	610  -  MemoryUsage of job (MB)
	624232  -  ResidentSetSize of job (KB)
...
006 (13118.187.000) 2024-06-08 01:44:13 Image size of job updated: 1614512
	610  -  MemoryUsage of job (MB)
	624232  -  ResidentSetSize of job (KB)
...
006 (13118.187.000) 2024-06-08 01:49:14 Image size of job updated: 1615712
	615  -  MemoryUsage of job (MB)
	629332  -  ResidentSetSize of job (KB)
...
006 (13118.187.000) 2024-06-08 01:54:14 Image size of job updated: 1615804
	615  -  MemoryUsage of job (MB)
	629332  -  ResidentSetSize of job (KB)
...
006 (13118.187.000) 2024-06-08 01:59:15 Image size of job updated: 1618324
	615  -  MemoryUsage of job (MB)
	629332  -  ResidentSetSize of job (KB)
...
006 (13118.187.000) 2024-06-08 02:04:16 Image size of job updated: 1618852
	620  -  MemoryUsage of job (MB)
	634024  -  ResidentSetSize of job (KB)
...
006 (13118.187.000) 2024-06-08 02:09:16 Image size of job updated: 1620448
	620  -  MemoryUsage of job (MB)
	634024  -  ResidentSetSize of job (KB)
...
006 (13118.187.000) 2024-06-08 02:14:16 Image size of job updated: 1621376
	620  -  MemoryUsage of job (MB)
	634024  -  ResidentSetSize of job (KB)
...
006 (13118.187.000) 2024-06-08 02:19:17 Image size of job updated: 1621396
	620  -  MemoryUsage of job (MB)
	634824  -  ResidentSetSize of job (KB)
...
006 (13118.187.000) 2024-06-08 02:24:17 Image size of job updated: 1626032
	620  -  MemoryUsage of job (MB)
	634824  -  ResidentSetSize of job (KB)
...
006 (13118.187.000) 2024-06-08 02:29:17 Image size of job updated: 1626032
	628  -  MemoryUsage of job (MB)
	643008  -  ResidentSetSize of job (KB)
...
006 (13118.187.000) 2024-06-08 02:39:18 Image size of job updated: 1629488
	628  -  MemoryUsage of job (MB)
	643008  -  ResidentSetSize of job (KB)
...
006 (13118.187.000) 2024-06-08 02:59:20 Image size of job updated: 1630620
	628  -  MemoryUsage of job (MB)
	643008  -  ResidentSetSize of job (KB)
...
006 (13118.187.000) 2024-06-08 03:04:21 Image size of job updated: 1631316
	628  -  MemoryUsage of job (MB)
	643008  -  ResidentSetSize of job (KB)
...
006 (13118.187.000) 2024-06-08 03:09:22 Image size of job updated: 1691608
	628  -  MemoryUsage of job (MB)
	643008  -  ResidentSetSize of job (KB)
...
006 (13118.187.000) 2024-06-08 03:14:22 Image size of job updated: 1697884
	628  -  MemoryUsage of job (MB)
	643008  -  ResidentSetSize of job (KB)
...
006 (13118.187.000) 2024-06-08 03:19:22 Image size of job updated: 1701036
	628  -  MemoryUsage of job (MB)
	643008  -  ResidentSetSize of job (KB)
...
006 (13118.187.000) 2024-06-08 03:22:55 Image size of job updated: 1701700
	628  -  MemoryUsage of job (MB)
	643008  -  ResidentSetSize of job (KB)
...
005 (13118.187.000) 2024-06-08 03:22:55 Job terminated.
	(1) Normal termination (return value 0)
		Usr 0 02:33:00, Sys 0 00:00:45  -  Run Remote Usage
		Usr 0 00:00:00, Sys 0 00:00:00  -  Run Local Usage
		Usr 0 02:33:00, Sys 0 00:00:45  -  Total Remote Usage
		Usr 0 00:00:00, Sys 0 00:00:00  -  Total Local Usage
	0  -  Run Bytes Sent By Job
	0  -  Run Bytes Received By Job
	0  -  Total Bytes Sent By Job
	0  -  Total Bytes Received By Job
	Partitionable Resources :    Usage  Request Allocated 
	   Cpus                 :     1.00        1         1 
	   Disk (KB)            :    15          15      2245 
	   Memory (MB)          :   628       20480     20480 

	Job terminated of its own accord at 2024-06-08T01:22:55Z with exit-code 0.
...
