000 (13118.035.000) 2024-06-07 17:03:59 Job submitted from host: <10.18.24.233:9618?addrs=10.18.24.233-9618&alias=bioclusts03.bioclust.biologie.ens.fr&noUDP&sock=schedd_942_b64d>
...
001 (13118.035.000) 2024-06-07 18:29:35 Job executing on host: <10.18.24.5:9618?addrs=10.18.24.5-9618&alias=bioclust05.bioclust.biologie.ens.fr&noUDP&sock=startd_1161_ed8b>
...
006 (13118.035.000) 2024-06-07 18:29:45 Image size of job updated: 870720
	169  -  MemoryUsage of job (MB)
	172736  -  ResidentSetSize of job (KB)
...
006 (13118.035.000) 2024-06-07 18:34:45 Image size of job updated: 1658564
	613  -  MemoryUsage of job (MB)
	626732  -  ResidentSetSize of job (KB)
...
006 (13118.035.000) 2024-06-07 18:39:45 Image size of job updated: 1662680
	618  -  MemoryUsage of job (MB)
	632072  -  ResidentSetSize of job (KB)
...
006 (13118.035.000) 2024-06-07 18:44:46 Image size of job updated: 1667444
	623  -  MemoryUsage of job (MB)
	637192  -  ResidentSetSize of job (KB)
...
006 (13118.035.000) 2024-06-07 18:49:47 Image size of job updated: 1671552
	628  -  MemoryUsage of job (MB)
	642972  -  ResidentSetSize of job (KB)
...
006 (13118.035.000) 2024-06-07 18:54:47 Image size of job updated: 1676272
	634  -  MemoryUsage of job (MB)
	648312  -  ResidentSetSize of job (KB)
...
006 (13118.035.000) 2024-06-07 18:59:48 Image size of job updated: 1680492
	639  -  MemoryUsage of job (MB)
	653612  -  ResidentSetSize of job (KB)
...
006 (13118.035.000) 2024-06-07 19:04:49 Image size of job updated: 1684504
	642  -  MemoryUsage of job (MB)
	656808  -  ResidentSetSize of job (KB)
...
006 (13118.035.000) 2024-06-07 19:09:49 Image size of job updated: 1688528
	645  -  MemoryUsage of job (MB)
	659556  -  ResidentSetSize of job (KB)
...
006 (13118.035.000) 2024-06-07 19:14:49 Image size of job updated: 1692420
	651  -  MemoryUsage of job (MB)
	666220  -  ResidentSetSize of job (KB)
...
006 (13118.035.000) 2024-06-07 19:19:50 Image size of job updated: 1696536
	658  -  MemoryUsage of job (MB)
	673096  -  ResidentSetSize of job (KB)
...
006 (13118.035.000) 2024-06-07 19:24:51 Image size of job updated: 1700968
	663  -  MemoryUsage of job (MB)
	677972  -  ResidentSetSize of job (KB)
...
006 (13118.035.000) 2024-06-07 19:29:51 Image size of job updated: 1705876
	668  -  MemoryUsage of job (MB)
	683520  -  ResidentSetSize of job (KB)
...
006 (13118.035.000) 2024-06-07 19:34:51 Image size of job updated: 1709672
	672  -  MemoryUsage of job (MB)
	687776  -  ResidentSetSize of job (KB)
...
006 (13118.035.000) 2024-06-07 19:39:51 Image size of job updated: 1713680
	672  -  MemoryUsage of job (MB)
	687956  -  ResidentSetSize of job (KB)
...
006 (13118.035.000) 2024-06-07 19:42:19 Image size of job updated: 1716348
	672  -  MemoryUsage of job (MB)
	687956  -  ResidentSetSize of job (KB)
...
005 (13118.035.000) 2024-06-07 19:42:19 Job terminated.
	(1) Normal termination (return value 0)
		Usr 0 01:12:27, Sys 0 00:00:06  -  Run Remote Usage
		Usr 0 00:00:00, Sys 0 00:00:00  -  Run Local Usage
		Usr 0 01:12:27, Sys 0 00:00:06  -  Total Remote Usage
		Usr 0 00:00:00, Sys 0 00:00:00  -  Total Local Usage
	0  -  Run Bytes Sent By Job
	0  -  Run Bytes Received By Job
	0  -  Total Bytes Sent By Job
	0  -  Total Bytes Received By Job
	Partitionable Resources :    Usage  Request Allocated 
	   Cpus                 :     1.00        1         1 
	   Disk (KB)            :    15          15      2245 
	   Memory (MB)          :   672       20480     20480 

	Job terminated of its own accord at 2024-06-07T17:42:19Z with exit-code 0.
...
