000 (13118.349.000) 2024-06-07 17:04:07 Job submitted from host: <10.18.24.233:9618?addrs=10.18.24.233-9618&alias=bioclusts03.bioclust.biologie.ens.fr&noUDP&sock=schedd_942_b64d>
...
001 (13118.349.000) 2024-06-08 08:07:04 Job executing on host: <10.18.24.3:9618?addrs=10.18.24.3-9618&alias=bioclust03.bioclust.biologie.ens.fr&noUDP&sock=startd_1137_7745>
...
006 (13118.349.000) 2024-06-08 08:07:13 Image size of job updated: 321748
	169  -  MemoryUsage of job (MB)
	172728  -  ResidentSetSize of job (KB)
...
006 (13118.349.000) 2024-06-08 08:12:14 Image size of job updated: 1659108
	612  -  MemoryUsage of job (MB)
	626160  -  ResidentSetSize of job (KB)
...
006 (13118.349.000) 2024-06-08 08:17:15 Image size of job updated: 1660828
	614  -  MemoryUsage of job (MB)
	627928  -  ResidentSetSize of job (KB)
...
006 (13118.349.000) 2024-06-08 08:22:15 Image size of job updated: 1662280
	617  -  MemoryUsage of job (MB)
	631432  -  ResidentSetSize of job (KB)
...
006 (13118.349.000) 2024-06-08 08:27:16 Image size of job updated: 1663732
	617  -  MemoryUsage of job (MB)
	631432  -  ResidentSetSize of job (KB)
...
006 (13118.349.000) 2024-06-08 08:32:17 Image size of job updated: 1664924
	619  -  MemoryUsage of job (MB)
	633736  -  ResidentSetSize of job (KB)
...
006 (13118.349.000) 2024-06-08 08:37:17 Image size of job updated: 1666644
	619  -  MemoryUsage of job (MB)
	633736  -  ResidentSetSize of job (KB)
...
006 (13118.349.000) 2024-06-08 08:42:18 Image size of job updated: 1667808
	621  -  MemoryUsage of job (MB)
	634884  -  ResidentSetSize of job (KB)
...
006 (13118.349.000) 2024-06-08 08:47:19 Image size of job updated: 1669340
	631  -  MemoryUsage of job (MB)
	645648  -  ResidentSetSize of job (KB)
...
006 (13118.349.000) 2024-06-08 08:52:19 Image size of job updated: 1670660
	631  -  MemoryUsage of job (MB)
	645648  -  ResidentSetSize of job (KB)
...
006 (13118.349.000) 2024-06-08 08:57:19 Image size of job updated: 1671988
	632  -  MemoryUsage of job (MB)
	646908  -  ResidentSetSize of job (KB)
...
006 (13118.349.000) 2024-06-08 09:02:20 Image size of job updated: 1672784
	632  -  MemoryUsage of job (MB)
	646908  -  ResidentSetSize of job (KB)
...
006 (13118.349.000) 2024-06-08 09:07:20 Image size of job updated: 1673972
	635  -  MemoryUsage of job (MB)
	649992  -  ResidentSetSize of job (KB)
...
006 (13118.349.000) 2024-06-08 09:12:20 Image size of job updated: 1675660
	635  -  MemoryUsage of job (MB)
	649992  -  ResidentSetSize of job (KB)
...
006 (13118.349.000) 2024-06-08 09:17:21 Image size of job updated: 1676980
	635  -  MemoryUsage of job (MB)
	649992  -  ResidentSetSize of job (KB)
...
006 (13118.349.000) 2024-06-08 09:20:24 Image size of job updated: 1677776
	635  -  MemoryUsage of job (MB)
	649992  -  ResidentSetSize of job (KB)
...
005 (13118.349.000) 2024-06-08 09:20:24 Job terminated.
	(1) Normal termination (return value 0)
		Usr 0 01:12:52, Sys 0 00:00:18  -  Run Remote Usage
		Usr 0 00:00:00, Sys 0 00:00:00  -  Run Local Usage
		Usr 0 01:12:52, Sys 0 00:00:18  -  Total Remote Usage
		Usr 0 00:00:00, Sys 0 00:00:00  -  Total Local Usage
	0  -  Run Bytes Sent By Job
	0  -  Run Bytes Received By Job
	0  -  Total Bytes Sent By Job
	0  -  Total Bytes Received By Job
	Partitionable Resources :    Usage  Request Allocated 
	   Cpus                 :     1.00        1         1 
	   Disk (KB)            :    15          15      2148 
	   Memory (MB)          :   635       20480     20480 

	Job terminated of its own accord at 2024-06-08T07:20:24Z with exit-code 0.
...
