000 (13112.050.000) 2024-06-07 15:12:16 Job submitted from host: <10.18.24.233:9618?addrs=10.18.24.233-9618&alias=bioclusts03.bioclust.biologie.ens.fr&noUDP&sock=schedd_942_b64d>
...
001 (13112.050.000) 2024-06-07 15:12:19 Job executing on host: <10.18.24.50:9618?addrs=10.18.24.50-9618&alias=bioclust50.bioclust.biologie.ens.fr&noUDP&sock=startd_1147_5337>
...
006 (13112.050.000) 2024-06-07 15:12:28 Image size of job updated: 640852
	244  -  MemoryUsage of job (MB)
	249332  -  ResidentSetSize of job (KB)
...
006 (13112.050.000) 2024-06-07 15:17:29 Image size of job updated: 1615148
	562  -  MemoryUsage of job (MB)
	575016  -  ResidentSetSize of job (KB)
...
006 (13112.050.000) 2024-06-07 15:22:30 Image size of job updated: 1620700
	570  -  MemoryUsage of job (MB)
	583292  -  ResidentSetSize of job (KB)
...
006 (13112.050.000) 2024-06-07 15:27:30 Image size of job updated: 1625592
	577  -  MemoryUsage of job (MB)
	590204  -  ResidentSetSize of job (KB)
...
006 (13112.050.000) 2024-06-07 15:32:31 Image size of job updated: 1632864
	586  -  MemoryUsage of job (MB)
	599472  -  ResidentSetSize of job (KB)
...
006 (13112.050.000) 2024-06-07 15:37:32 Image size of job updated: 1634588
	589  -  MemoryUsage of job (MB)
	602840  -  ResidentSetSize of job (KB)
...
006 (13112.050.000) 2024-06-07 15:42:32 Image size of job updated: 1639484
	596  -  MemoryUsage of job (MB)
	609396  -  ResidentSetSize of job (KB)
...
006 (13112.050.000) 2024-06-07 15:47:32 Image size of job updated: 1643048
	601  -  MemoryUsage of job (MB)
	614564  -  ResidentSetSize of job (KB)
...
006 (13112.050.000) 2024-06-07 15:52:33 Image size of job updated: 1647964
	608  -  MemoryUsage of job (MB)
	622588  -  ResidentSetSize of job (KB)
...
006 (13112.050.000) 2024-06-07 15:57:33 Image size of job updated: 1654040
	614  -  MemoryUsage of job (MB)
	628116  -  ResidentSetSize of job (KB)
...
006 (13112.050.000) 2024-06-07 16:02:33 Image size of job updated: 1660668
	618  -  MemoryUsage of job (MB)
	632136  -  ResidentSetSize of job (KB)
...
006 (13112.050.000) 2024-06-07 16:07:34 Image size of job updated: 1662104
	625  -  MemoryUsage of job (MB)
	639496  -  ResidentSetSize of job (KB)
...
006 (13112.050.000) 2024-06-07 16:12:35 Image size of job updated: 1666076
	628  -  MemoryUsage of job (MB)
	643064  -  ResidentSetSize of job (KB)
...
006 (13112.050.000) 2024-06-07 16:17:35 Image size of job updated: 1669744
	633  -  MemoryUsage of job (MB)
	647540  -  ResidentSetSize of job (KB)
...
006 (13112.050.000) 2024-06-07 16:22:35 Image size of job updated: 1675176
	641  -  MemoryUsage of job (MB)
	655516  -  ResidentSetSize of job (KB)
...
006 (13112.050.000) 2024-06-07 16:27:36 Image size of job updated: 1679140
	644  -  MemoryUsage of job (MB)
	658840  -  ResidentSetSize of job (KB)
...
006 (13112.050.000) 2024-06-07 16:32:36 Image size of job updated: 1681524
	647  -  MemoryUsage of job (MB)
	662040  -  ResidentSetSize of job (KB)
...
006 (13112.050.000) 2024-06-07 16:37:36 Image size of job updated: 1686720
	653  -  MemoryUsage of job (MB)
	667664  -  ResidentSetSize of job (KB)
...
006 (13112.050.000) 2024-06-07 16:42:37 Image size of job updated: 1693596
	660  -  MemoryUsage of job (MB)
	675232  -  ResidentSetSize of job (KB)
...
006 (13112.050.000) 2024-06-07 16:47:38 Image size of job updated: 1693728
	660  -  MemoryUsage of job (MB)
	675820  -  ResidentSetSize of job (KB)
...
006 (13112.050.000) 2024-06-07 16:52:38 Image size of job updated: 1698880
	666  -  MemoryUsage of job (MB)
	681572  -  ResidentSetSize of job (KB)
...
006 (13112.050.000) 2024-06-07 16:57:39 Image size of job updated: 1702204
	672  -  MemoryUsage of job (MB)
	687492  -  ResidentSetSize of job (KB)
...
006 (13112.050.000) 2024-06-07 17:02:40 Image size of job updated: 1704448
	673  -  MemoryUsage of job (MB)
	688752  -  ResidentSetSize of job (KB)
...
006 (13112.050.000) 2024-06-07 17:07:40 Image size of job updated: 1708808
	678  -  MemoryUsage of job (MB)
	693516  -  ResidentSetSize of job (KB)
...
006 (13112.050.000) 2024-06-07 17:12:40 Image size of job updated: 1713300
	684  -  MemoryUsage of job (MB)
	699752  -  ResidentSetSize of job (KB)
...
006 (13112.050.000) 2024-06-07 17:17:41 Image size of job updated: 1715484
	684  -  MemoryUsage of job (MB)
	699752  -  ResidentSetSize of job (KB)
...
006 (13112.050.000) 2024-06-07 17:22:42 Image size of job updated: 1720748
	690  -  MemoryUsage of job (MB)
	705852  -  ResidentSetSize of job (KB)
...
006 (13112.050.000) 2024-06-07 17:27:42 Image size of job updated: 1723268
	695  -  MemoryUsage of job (MB)
	710752  -  ResidentSetSize of job (KB)
...
006 (13112.050.000) 2024-06-07 17:32:43 Image size of job updated: 1726840
	699  -  MemoryUsage of job (MB)
	714888  -  ResidentSetSize of job (KB)
...
006 (13112.050.000) 2024-06-07 17:36:47 Image size of job updated: 1730696
	699  -  MemoryUsage of job (MB)
	714888  -  ResidentSetSize of job (KB)
...
005 (13112.050.000) 2024-06-07 17:36:47 Job terminated.
	(1) Normal termination (return value 0)
		Usr 0 02:23:49, Sys 0 00:00:17  -  Run Remote Usage
		Usr 0 00:00:00, Sys 0 00:00:00  -  Run Local Usage
		Usr 0 02:23:49, Sys 0 00:00:17  -  Total Remote Usage
		Usr 0 00:00:00, Sys 0 00:00:00  -  Total Local Usage
	0  -  Run Bytes Sent By Job
	0  -  Run Bytes Received By Job
	0  -  Total Bytes Sent By Job
	0  -  Total Bytes Received By Job
	Partitionable Resources :    Usage  Request Allocated 
	   Cpus                 :     1.00        1         1 
	   Disk (KB)            :    15          15      3545 
	   Memory (MB)          :   699       20480     20480 

	Job terminated of its own accord at 2024-06-07T15:36:47Z with exit-code 0.
...
