000 (13118.099.000) 2024-06-07 17:04:01 Job submitted from host: <10.18.24.233:9618?addrs=10.18.24.233-9618&alias=bioclusts03.bioclust.biologie.ens.fr&noUDP&sock=schedd_942_b64d>
...
001 (13118.099.000) 2024-06-07 20:38:37 Job executing on host: <10.18.24.3:9618?addrs=10.18.24.3-9618&alias=bioclust03.bioclust.biologie.ens.fr&noUDP&sock=startd_1137_7745>
...
006 (13118.099.000) 2024-06-07 20:38:45 Image size of job updated: 207644
	158  -  MemoryUsage of job (MB)
	160964  -  ResidentSetSize of job (KB)
...
006 (13118.099.000) 2024-06-07 20:43:46 Image size of job updated: 1648612
	603  -  MemoryUsage of job (MB)
	617128  -  ResidentSetSize of job (KB)
...
006 (13118.099.000) 2024-06-07 20:48:47 Image size of job updated: 1651296
	614  -  MemoryUsage of job (MB)
	628172  -  ResidentSetSize of job (KB)
...
006 (13118.099.000) 2024-06-07 20:58:47 Image size of job updated: 1651956
	614  -  MemoryUsage of job (MB)
	628172  -  ResidentSetSize of job (KB)
...
006 (13118.099.000) 2024-06-07 21:03:48 Image size of job updated: 1652488
	614  -  MemoryUsage of job (MB)
	628172  -  ResidentSetSize of job (KB)
...
006 (13118.099.000) 2024-06-07 21:08:49 Image size of job updated: 1653092
	614  -  MemoryUsage of job (MB)
	628172  -  ResidentSetSize of job (KB)
...
006 (13118.099.000) 2024-06-07 21:13:49 Image size of job updated: 1653620
	614  -  MemoryUsage of job (MB)
	628172  -  ResidentSetSize of job (KB)
...
006 (13118.099.000) 2024-06-07 21:18:50 Image size of job updated: 1655272
	614  -  MemoryUsage of job (MB)
	628172  -  ResidentSetSize of job (KB)
...
006 (13118.099.000) 2024-06-07 21:23:51 Image size of job updated: 1655272
	614  -  MemoryUsage of job (MB)
	628296  -  ResidentSetSize of job (KB)
...
006 (13118.099.000) 2024-06-07 21:28:51 Image size of job updated: 1655472
	614  -  MemoryUsage of job (MB)
	628296  -  ResidentSetSize of job (KB)
...
006 (13118.099.000) 2024-06-07 21:33:51 Image size of job updated: 1656364
	616  -  MemoryUsage of job (MB)
	629984  -  ResidentSetSize of job (KB)
...
006 (13118.099.000) 2024-06-07 21:38:52 Image size of job updated: 1656760
	616  -  MemoryUsage of job (MB)
	630548  -  ResidentSetSize of job (KB)
...
006 (13118.099.000) 2024-06-07 21:43:53 Image size of job updated: 1657288
	616  -  MemoryUsage of job (MB)
	630548  -  ResidentSetSize of job (KB)
...
006 (13118.099.000) 2024-06-07 21:48:53 Image size of job updated: 1657824
	616  -  MemoryUsage of job (MB)
	630548  -  ResidentSetSize of job (KB)
...
006 (13118.099.000) 2024-06-07 21:53:54 Image size of job updated: 1658716
	617  -  MemoryUsage of job (MB)
	631212  -  ResidentSetSize of job (KB)
...
006 (13118.099.000) 2024-06-07 21:58:55 Image size of job updated: 1660172
	618  -  MemoryUsage of job (MB)
	632752  -  ResidentSetSize of job (KB)
...
006 (13118.099.000) 2024-06-07 22:08:55 Image size of job updated: 1660316
	618  -  MemoryUsage of job (MB)
	632756  -  ResidentSetSize of job (KB)
...
006 (13118.099.000) 2024-06-07 22:13:56 Image size of job updated: 1660552
	620  -  MemoryUsage of job (MB)
	634208  -  ResidentSetSize of job (KB)
...
006 (13118.099.000) 2024-06-07 22:18:56 Image size of job updated: 1661948
	621  -  MemoryUsage of job (MB)
	635732  -  ResidentSetSize of job (KB)
...
006 (13118.099.000) 2024-06-07 22:23:56 Image size of job updated: 1662212
	622  -  MemoryUsage of job (MB)
	635988  -  ResidentSetSize of job (KB)
...
006 (13118.099.000) 2024-06-07 22:28:58 Image size of job updated: 1662740
	622  -  MemoryUsage of job (MB)
	636484  -  ResidentSetSize of job (KB)
...
006 (13118.099.000) 2024-06-07 22:33:58 Image size of job updated: 1663796
	623  -  MemoryUsage of job (MB)
	637464  -  ResidentSetSize of job (KB)
...
006 (13118.099.000) 2024-06-07 22:38:58 Image size of job updated: 1663928
	623  -  MemoryUsage of job (MB)
	637784  -  ResidentSetSize of job (KB)
...
006 (13118.099.000) 2024-06-07 22:43:59 Image size of job updated: 1664720
	624  -  MemoryUsage of job (MB)
	638968  -  ResidentSetSize of job (KB)
...
006 (13118.099.000) 2024-06-07 22:49:00 Image size of job updated: 1665776
	624  -  MemoryUsage of job (MB)
	638968  -  ResidentSetSize of job (KB)
...
006 (13118.099.000) 2024-06-07 22:59:01 Image size of job updated: 1667316
	627  -  MemoryUsage of job (MB)
	641084  -  ResidentSetSize of job (KB)
...
006 (13118.099.000) 2024-06-07 23:09:02 Image size of job updated: 1667580
	627  -  MemoryUsage of job (MB)
	641480  -  ResidentSetSize of job (KB)
...
006 (13118.099.000) 2024-06-07 23:14:02 Image size of job updated: 1668372
	628  -  MemoryUsage of job (MB)
	642116  -  ResidentSetSize of job (KB)
...
006 (13118.099.000) 2024-06-07 23:19:03 Image size of job updated: 1669032
	628  -  MemoryUsage of job (MB)
	642852  -  ResidentSetSize of job (KB)
...
006 (13118.099.000) 2024-06-07 23:24:03 Image size of job updated: 1670088
	628  -  MemoryUsage of job (MB)
	642956  -  ResidentSetSize of job (KB)
...
006 (13118.099.000) 2024-06-07 23:29:03 Image size of job updated: 1670204
	628  -  MemoryUsage of job (MB)
	642956  -  ResidentSetSize of job (KB)
...
006 (13118.099.000) 2024-06-07 23:33:15 Image size of job updated: 1670588
	628  -  MemoryUsage of job (MB)
	642956  -  ResidentSetSize of job (KB)
...
005 (13118.099.000) 2024-06-07 23:33:15 Job terminated.
	(1) Normal termination (return value 0)
		Usr 0 02:54:18, Sys 0 00:00:05  -  Run Remote Usage
		Usr 0 00:00:00, Sys 0 00:00:00  -  Run Local Usage
		Usr 0 02:54:18, Sys 0 00:00:05  -  Total Remote Usage
		Usr 0 00:00:00, Sys 0 00:00:00  -  Total Local Usage
	0  -  Run Bytes Sent By Job
	0  -  Run Bytes Received By Job
	0  -  Total Bytes Sent By Job
	0  -  Total Bytes Received By Job
	Partitionable Resources :    Usage  Request Allocated 
	   Cpus                 :     1.00        1         1 
	   Disk (KB)            :    15          15      2148 
	   Memory (MB)          :   628       20480     20480 

	Job terminated of its own accord at 2024-06-07T21:33:15Z with exit-code 0.
...
