000 (13118.107.000) 2024-06-07 17:04:01 Job submitted from host: <10.18.24.233:9618?addrs=10.18.24.233-9618&alias=bioclusts03.bioclust.biologie.ens.fr&noUDP&sock=schedd_942_b64d>
...
001 (13118.107.000) 2024-06-07 21:06:37 Job executing on host: <10.18.24.5:9618?addrs=10.18.24.5-9618&alias=bioclust05.bioclust.biologie.ens.fr&noUDP&sock=startd_1161_ed8b>
...
006 (13118.107.000) 2024-06-07 21:06:45 Image size of job updated: 175996
	172  -  MemoryUsage of job (MB)
	175996  -  ResidentSetSize of job (KB)
...
006 (13118.107.000) 2024-06-07 21:11:45 Image size of job updated: 1557180
	543  -  MemoryUsage of job (MB)
	555912  -  ResidentSetSize of job (KB)
...
006 (13118.107.000) 2024-06-07 21:16:46 Image size of job updated: 1561572
	551  -  MemoryUsage of job (MB)
	563724  -  ResidentSetSize of job (KB)
...
006 (13118.107.000) 2024-06-07 21:21:47 Image size of job updated: 1565672
	557  -  MemoryUsage of job (MB)
	569844  -  ResidentSetSize of job (KB)
...
006 (13118.107.000) 2024-06-07 21:26:47 Image size of job updated: 1569772
	563  -  MemoryUsage of job (MB)
	575872  -  ResidentSetSize of job (KB)
...
006 (13118.107.000) 2024-06-07 21:31:47 Image size of job updated: 1573468
	569  -  MemoryUsage of job (MB)
	581972  -  ResidentSetSize of job (KB)
...
006 (13118.107.000) 2024-06-07 21:36:48 Image size of job updated: 1577564
	574  -  MemoryUsage of job (MB)
	587312  -  ResidentSetSize of job (KB)
...
006 (13118.107.000) 2024-06-07 21:41:48 Image size of job updated: 1580204
	578  -  MemoryUsage of job (MB)
	591864  -  ResidentSetSize of job (KB)
...
006 (13118.107.000) 2024-06-07 21:46:48 Image size of job updated: 1584036
	583  -  MemoryUsage of job (MB)
	596624  -  ResidentSetSize of job (KB)
...
006 (13118.107.000) 2024-06-07 21:51:49 Image size of job updated: 1587864
	588  -  MemoryUsage of job (MB)
	602040  -  ResidentSetSize of job (KB)
...
006 (13118.107.000) 2024-06-07 21:56:50 Image size of job updated: 1590900
	593  -  MemoryUsage of job (MB)
	606488  -  ResidentSetSize of job (KB)
...
006 (13118.107.000) 2024-06-07 22:01:50 Image size of job updated: 1594728
	598  -  MemoryUsage of job (MB)
	611956  -  ResidentSetSize of job (KB)
...
006 (13118.107.000) 2024-06-07 22:06:51 Image size of job updated: 1598296
	602  -  MemoryUsage of job (MB)
	616380  -  ResidentSetSize of job (KB)
...
006 (13118.107.000) 2024-06-07 22:11:52 Image size of job updated: 1602132
	607  -  MemoryUsage of job (MB)
	621544  -  ResidentSetSize of job (KB)
...
006 (13118.107.000) 2024-06-07 22:16:52 Image size of job updated: 1605564
	612  -  MemoryUsage of job (MB)
	626192  -  ResidentSetSize of job (KB)
...
006 (13118.107.000) 2024-06-07 22:21:52 Image size of job updated: 1608868
	616  -  MemoryUsage of job (MB)
	630156  -  ResidentSetSize of job (KB)
...
006 (13118.107.000) 2024-06-07 22:26:53 Image size of job updated: 1612624
	620  -  MemoryUsage of job (MB)
	634708  -  ResidentSetSize of job (KB)
...
006 (13118.107.000) 2024-06-07 22:31:53 Image size of job updated: 1616164
	625  -  MemoryUsage of job (MB)
	639248  -  ResidentSetSize of job (KB)
...
006 (13118.107.000) 2024-06-07 22:36:53 Image size of job updated: 1619608
	629  -  MemoryUsage of job (MB)
	643564  -  ResidentSetSize of job (KB)
...
006 (13118.107.000) 2024-06-07 22:41:54 Image size of job updated: 1622860
	633  -  MemoryUsage of job (MB)
	647836  -  ResidentSetSize of job (KB)
...
006 (13118.107.000) 2024-06-07 22:46:55 Image size of job updated: 1626556
	641  -  MemoryUsage of job (MB)
	656060  -  ResidentSetSize of job (KB)
...
006 (13118.107.000) 2024-06-07 22:51:55 Image size of job updated: 1628536
	641  -  MemoryUsage of job (MB)
	656060  -  ResidentSetSize of job (KB)
...
006 (13118.107.000) 2024-06-07 22:56:55 Image size of job updated: 1631968
	644  -  MemoryUsage of job (MB)
	659076  -  ResidentSetSize of job (KB)
...
006 (13118.107.000) 2024-06-07 23:01:56 Image size of job updated: 1634880
	648  -  MemoryUsage of job (MB)
	662788  -  ResidentSetSize of job (KB)
...
006 (13118.107.000) 2024-06-07 23:06:56 Image size of job updated: 1638312
	652  -  MemoryUsage of job (MB)
	666916  -  ResidentSetSize of job (KB)
...
006 (13118.107.000) 2024-06-07 23:11:56 Image size of job updated: 1640708
	655  -  MemoryUsage of job (MB)
	670184  -  ResidentSetSize of job (KB)
...
006 (13118.107.000) 2024-06-07 23:16:57 Image size of job updated: 1642952
	657  -  MemoryUsage of job (MB)
	672728  -  ResidentSetSize of job (KB)
...
006 (13118.107.000) 2024-06-07 23:21:58 Image size of job updated: 1647044
	662  -  MemoryUsage of job (MB)
	677592  -  ResidentSetSize of job (KB)
...
006 (13118.107.000) 2024-06-07 23:26:59 Image size of job updated: 1648892
	665  -  MemoryUsage of job (MB)
	680104  -  ResidentSetSize of job (KB)
...
006 (13118.107.000) 2024-06-07 23:31:59 Image size of job updated: 1651664
	668  -  MemoryUsage of job (MB)
	683532  -  ResidentSetSize of job (KB)
...
006 (13118.107.000) 2024-06-07 23:32:34 Image size of job updated: 1651796
	668  -  MemoryUsage of job (MB)
	683532  -  ResidentSetSize of job (KB)
...
005 (13118.107.000) 2024-06-07 23:32:35 Job terminated.
	(1) Normal termination (return value 0)
		Usr 0 02:25:35, Sys 0 00:00:10  -  Run Remote Usage
		Usr 0 00:00:00, Sys 0 00:00:00  -  Run Local Usage
		Usr 0 02:25:35, Sys 0 00:00:10  -  Total Remote Usage
		Usr 0 00:00:00, Sys 0 00:00:00  -  Total Local Usage
	0  -  Run Bytes Sent By Job
	0  -  Run Bytes Received By Job
	0  -  Total Bytes Sent By Job
	0  -  Total Bytes Received By Job
	Partitionable Resources :    Usage  Request Allocated 
	   Cpus                 :     1.00        1         1 
	   Disk (KB)            :    15          15      2245 
	   Memory (MB)          :   668       20480     20480 

	Job terminated of its own accord at 2024-06-07T21:32:34Z with exit-code 0.
...
