000 (13118.164.000) 2024-06-07 17:04:02 Job submitted from host: <10.18.24.233:9618?addrs=10.18.24.233-9618&alias=bioclusts03.bioclust.biologie.ens.fr&noUDP&sock=schedd_942_b64d>
...
001 (13118.164.000) 2024-06-07 23:33:58 Job executing on host: <10.18.24.3:9618?addrs=10.18.24.3-9618&alias=bioclust03.bioclust.biologie.ens.fr&noUDP&sock=startd_1137_7745>
...
006 (13118.164.000) 2024-06-07 23:34:07 Image size of job updated: 180052
	169  -  MemoryUsage of job (MB)
	172364  -  ResidentSetSize of job (KB)
...
006 (13118.164.000) 2024-06-07 23:39:08 Image size of job updated: 1586356
	608  -  MemoryUsage of job (MB)
	622004  -  ResidentSetSize of job (KB)
...
006 (13118.164.000) 2024-06-07 23:44:08 Image size of job updated: 1653780
	611  -  MemoryUsage of job (MB)
	625436  -  ResidentSetSize of job (KB)
...
006 (13118.164.000) 2024-06-07 23:49:08 Image size of job updated: 1654840
	612  -  MemoryUsage of job (MB)
	626464  -  ResidentSetSize of job (KB)
...
006 (13118.164.000) 2024-06-07 23:54:08 Image size of job updated: 1654840
	613  -  MemoryUsage of job (MB)
	627380  -  ResidentSetSize of job (KB)
...
006 (13118.164.000) 2024-06-07 23:59:09 Image size of job updated: 1655368
	614  -  MemoryUsage of job (MB)
	627896  -  ResidentSetSize of job (KB)
...
006 (13118.164.000) 2024-06-08 00:04:09 Image size of job updated: 1656556
	614  -  MemoryUsage of job (MB)
	628252  -  ResidentSetSize of job (KB)
...
006 (13118.164.000) 2024-06-08 00:09:09 Image size of job updated: 1657352
	615  -  MemoryUsage of job (MB)
	628936  -  ResidentSetSize of job (KB)
...
006 (13118.164.000) 2024-06-08 00:14:11 Image size of job updated: 1657484
	618  -  MemoryUsage of job (MB)
	632256  -  ResidentSetSize of job (KB)
...
006 (13118.164.000) 2024-06-08 00:19:11 Image size of job updated: 1657616
	618  -  MemoryUsage of job (MB)
	632256  -  ResidentSetSize of job (KB)
...
006 (13118.164.000) 2024-06-08 00:24:11 Image size of job updated: 1659596
	618  -  MemoryUsage of job (MB)
	632256  -  ResidentSetSize of job (KB)
...
006 (13118.164.000) 2024-06-08 00:39:14 Image size of job updated: 1660520
	618  -  MemoryUsage of job (MB)
	632256  -  ResidentSetSize of job (KB)
...
006 (13118.164.000) 2024-06-08 00:44:14 Image size of job updated: 1660784
	618  -  MemoryUsage of job (MB)
	632412  -  ResidentSetSize of job (KB)
...
006 (13118.164.000) 2024-06-08 00:49:14 Image size of job updated: 1660784
	618  -  MemoryUsage of job (MB)
	632452  -  ResidentSetSize of job (KB)
...
006 (13118.164.000) 2024-06-08 00:54:15 Image size of job updated: 1661312
	619  -  MemoryUsage of job (MB)
	633000  -  ResidentSetSize of job (KB)
...
006 (13118.164.000) 2024-06-08 00:59:16 Image size of job updated: 1662368
	620  -  MemoryUsage of job (MB)
	634088  -  ResidentSetSize of job (KB)
...
006 (13118.164.000) 2024-06-08 01:04:16 Image size of job updated: 1662368
	620  -  MemoryUsage of job (MB)
	634136  -  ResidentSetSize of job (KB)
...
006 (13118.164.000) 2024-06-08 01:09:16 Image size of job updated: 1662764
	620  -  MemoryUsage of job (MB)
	634252  -  ResidentSetSize of job (KB)
...
006 (13118.164.000) 2024-06-08 01:14:17 Image size of job updated: 1663684
	621  -  MemoryUsage of job (MB)
	635104  -  ResidentSetSize of job (KB)
...
006 (13118.164.000) 2024-06-08 01:19:18 Image size of job updated: 1664084
	624  -  MemoryUsage of job (MB)
	638308  -  ResidentSetSize of job (KB)
...
006 (13118.164.000) 2024-06-08 01:24:18 Image size of job updated: 1664736
	624  -  MemoryUsage of job (MB)
	638308  -  ResidentSetSize of job (KB)
...
006 (13118.164.000) 2024-06-08 01:29:19 Image size of job updated: 1665284
	624  -  MemoryUsage of job (MB)
	638308  -  ResidentSetSize of job (KB)
...
006 (13118.164.000) 2024-06-08 01:34:20 Image size of job updated: 1666072
	624  -  MemoryUsage of job (MB)
	638308  -  ResidentSetSize of job (KB)
...
006 (13118.164.000) 2024-06-08 01:39:20 Image size of job updated: 1666732
	624  -  MemoryUsage of job (MB)
	638928  -  ResidentSetSize of job (KB)
...
006 (13118.164.000) 2024-06-08 01:44:20 Image size of job updated: 1668052
	628  -  MemoryUsage of job (MB)
	642220  -  ResidentSetSize of job (KB)
...
006 (13118.164.000) 2024-06-08 01:59:22 Image size of job updated: 1668844
	628  -  MemoryUsage of job (MB)
	642220  -  ResidentSetSize of job (KB)
...
006 (13118.164.000) 2024-06-08 02:09:24 Image size of job updated: 1669108
	628  -  MemoryUsage of job (MB)
	642220  -  ResidentSetSize of job (KB)
...
006 (13118.164.000) 2024-06-08 02:14:24 Image size of job updated: 1669900
	628  -  MemoryUsage of job (MB)
	642220  -  ResidentSetSize of job (KB)
...
006 (13118.164.000) 2024-06-08 02:19:24 Image size of job updated: 1670296
	628  -  MemoryUsage of job (MB)
	642420  -  ResidentSetSize of job (KB)
...
006 (13118.164.000) 2024-06-08 02:24:25 Image size of job updated: 1671088
	628  -  MemoryUsage of job (MB)
	642744  -  ResidentSetSize of job (KB)
...
006 (13118.164.000) 2024-06-08 02:29:26 Image size of job updated: 1671880
	629  -  MemoryUsage of job (MB)
	643572  -  ResidentSetSize of job (KB)
...
006 (13118.164.000) 2024-06-08 02:34:26 Image size of job updated: 1672280
	630  -  MemoryUsage of job (MB)
	644492  -  ResidentSetSize of job (KB)
...
006 (13118.164.000) 2024-06-08 02:39:27 Image size of job updated: 1672808
	630  -  MemoryUsage of job (MB)
	644616  -  ResidentSetSize of job (KB)
...
006 (13118.164.000) 2024-06-08 02:44:28 Image size of job updated: 1673340
	634  -  MemoryUsage of job (MB)
	648316  -  ResidentSetSize of job (KB)
...
006 (13118.164.000) 2024-06-08 02:49:28 Image size of job updated: 1673428
	634  -  MemoryUsage of job (MB)
	648316  -  ResidentSetSize of job (KB)
...
006 (13118.164.000) 2024-06-08 02:54:28 Image size of job updated: 1674352
	634  -  MemoryUsage of job (MB)
	648316  -  ResidentSetSize of job (KB)
...
005 (13118.164.000) 2024-06-08 02:55:08 Job terminated.
	(1) Normal termination (return value 0)
		Usr 0 03:20:43, Sys 0 00:00:07  -  Run Remote Usage
		Usr 0 00:00:00, Sys 0 00:00:00  -  Run Local Usage
		Usr 0 03:20:43, Sys 0 00:00:07  -  Total Remote Usage
		Usr 0 00:00:00, Sys 0 00:00:00  -  Total Local Usage
	0  -  Run Bytes Sent By Job
	0  -  Run Bytes Received By Job
	0  -  Total Bytes Sent By Job
	0  -  Total Bytes Received By Job
	Partitionable Resources :    Usage  Request Allocated 
	   Cpus                 :     1.00        1         1 
	   Disk (KB)            :    15          15      2148 
	   Memory (MB)          :   634       20480     20480 

	Job terminated of its own accord at 2024-06-08T00:55:08Z with exit-code 0.
...
