000 (13118.085.000) 2024-06-07 17:04:00 Job submitted from host: <10.18.24.233:9618?addrs=10.18.24.233-9618&alias=bioclusts03.bioclust.biologie.ens.fr&noUDP&sock=schedd_942_b64d>
...
001 (13118.085.000) 2024-06-07 20:05:37 Job executing on host: <10.18.24.45:9618?addrs=10.18.24.45-9618&alias=bioclust45.bioclust.biologie.ens.fr&noUDP&sock=startd_826558_9dc7>
...
006 (13118.085.000) 2024-06-07 20:05:45 Image size of job updated: 252120
	246  -  MemoryUsage of job (MB)
	251856  -  ResidentSetSize of job (KB)
...
006 (13118.085.000) 2024-06-07 20:10:45 Image size of job updated: 1594432
	599  -  MemoryUsage of job (MB)
	612740  -  ResidentSetSize of job (KB)
...
006 (13118.085.000) 2024-06-07 20:15:45 Image size of job updated: 1598008
	610  -  MemoryUsage of job (MB)
	624508  -  ResidentSetSize of job (KB)
...
006 (13118.085.000) 2024-06-07 20:20:46 Image size of job updated: 1600788
	611  -  MemoryUsage of job (MB)
	624772  -  ResidentSetSize of job (KB)
...
006 (13118.085.000) 2024-06-07 20:25:46 Image size of job updated: 1603952
	611  -  MemoryUsage of job (MB)
	624772  -  ResidentSetSize of job (KB)
...
006 (13118.085.000) 2024-06-07 20:30:46 Image size of job updated: 1606820
	611  -  MemoryUsage of job (MB)
	624772  -  ResidentSetSize of job (KB)
...
006 (13118.085.000) 2024-06-07 20:35:47 Image size of job updated: 1610388
	621  -  MemoryUsage of job (MB)
	635156  -  ResidentSetSize of job (KB)
...
006 (13118.085.000) 2024-06-07 20:40:48 Image size of job updated: 1613424
	621  -  MemoryUsage of job (MB)
	635420  -  ResidentSetSize of job (KB)
...
006 (13118.085.000) 2024-06-07 20:45:48 Image size of job updated: 1616348
	621  -  MemoryUsage of job (MB)
	635420  -  ResidentSetSize of job (KB)
...
006 (13118.085.000) 2024-06-07 20:50:49 Image size of job updated: 1619464
	628  -  MemoryUsage of job (MB)
	642468  -  ResidentSetSize of job (KB)
...
006 (13118.085.000) 2024-06-07 20:55:50 Image size of job updated: 1622104
	636  -  MemoryUsage of job (MB)
	650976  -  ResidentSetSize of job (KB)
...
006 (13118.085.000) 2024-06-07 21:00:50 Image size of job updated: 1625324
	636  -  MemoryUsage of job (MB)
	651108  -  ResidentSetSize of job (KB)
...
006 (13118.085.000) 2024-06-07 21:03:53 Image size of job updated: 1626132
	636  -  MemoryUsage of job (MB)
	651108  -  ResidentSetSize of job (KB)
...
005 (13118.085.000) 2024-06-07 21:03:53 Job terminated.
	(1) Normal termination (return value 0)
		Usr 0 00:56:18, Sys 0 00:01:24  -  Run Remote Usage
		Usr 0 00:00:00, Sys 0 00:00:00  -  Run Local Usage
		Usr 0 00:56:18, Sys 0 00:01:24  -  Total Remote Usage
		Usr 0 00:00:00, Sys 0 00:00:00  -  Total Local Usage
	0  -  Run Bytes Sent By Job
	0  -  Run Bytes Received By Job
	0  -  Total Bytes Sent By Job
	0  -  Total Bytes Received By Job
	Partitionable Resources :    Usage  Request Allocated 
	   Cpus                 :     0.99        1         1 
	   Disk (KB)            :    15          15      2237 
	   Memory (MB)          :   636       20480     20480 

	Job terminated of its own accord at 2024-06-07T19:03:53Z with exit-code 0.
...
