000 (13118.054.000) 2024-06-07 17:04:00 Job submitted from host: <10.18.24.233:9618?addrs=10.18.24.233-9618&alias=bioclusts03.bioclust.biologie.ens.fr&noUDP&sock=schedd_942_b64d>
...
001 (13118.054.000) 2024-06-07 18:57:35 Job executing on host: <10.18.24.13:9618?addrs=10.18.24.13-9618&alias=bioclust13.bioclust.biologie.ens.fr&noUDP&sock=startd_1231_f12c>
...
006 (13118.054.000) 2024-06-07 18:57:44 Image size of job updated: 219944
	215  -  MemoryUsage of job (MB)
	219944  -  ResidentSetSize of job (KB)
...
006 (13118.054.000) 2024-06-07 19:02:45 Image size of job updated: 1609248
	553  -  MemoryUsage of job (MB)
	565852  -  ResidentSetSize of job (KB)
...
006 (13118.054.000) 2024-06-07 19:07:46 Image size of job updated: 1611896
	559  -  MemoryUsage of job (MB)
	572176  -  ResidentSetSize of job (KB)
...
006 (13118.054.000) 2024-06-07 19:12:46 Image size of job updated: 1613364
	559  -  MemoryUsage of job (MB)
	572176  -  ResidentSetSize of job (KB)
...
006 (13118.054.000) 2024-06-07 19:17:46 Image size of job updated: 1616944
	562  -  MemoryUsage of job (MB)
	575072  -  ResidentSetSize of job (KB)
...
006 (13118.054.000) 2024-06-07 19:22:47 Image size of job updated: 1619408
	565  -  MemoryUsage of job (MB)
	578428  -  ResidentSetSize of job (KB)
...
006 (13118.054.000) 2024-06-07 19:27:47 Image size of job updated: 1619672
	566  -  MemoryUsage of job (MB)
	579416  -  ResidentSetSize of job (KB)
...
006 (13118.054.000) 2024-06-07 19:32:47 Image size of job updated: 1625104
	569  -  MemoryUsage of job (MB)
	582548  -  ResidentSetSize of job (KB)
...
006 (13118.054.000) 2024-06-07 19:37:48 Image size of job updated: 1626292
	572  -  MemoryUsage of job (MB)
	584768  -  ResidentSetSize of job (KB)
...
006 (13118.054.000) 2024-06-07 19:42:48 Image size of job updated: 1627108
	575  -  MemoryUsage of job (MB)
	588616  -  ResidentSetSize of job (KB)
...
006 (13118.054.000) 2024-06-07 19:47:48 Image size of job updated: 1629104
	576  -  MemoryUsage of job (MB)
	589392  -  ResidentSetSize of job (KB)
...
005 (13118.054.000) 2024-06-07 19:49:35 Job terminated.
	(1) Normal termination (return value 0)
		Usr 0 00:51:37, Sys 0 00:00:12  -  Run Remote Usage
		Usr 0 00:00:00, Sys 0 00:00:00  -  Run Local Usage
		Usr 0 00:51:37, Sys 0 00:00:12  -  Total Remote Usage
		Usr 0 00:00:00, Sys 0 00:00:00  -  Total Local Usage
	0  -  Run Bytes Sent By Job
	0  -  Run Bytes Received By Job
	0  -  Total Bytes Sent By Job
	0  -  Total Bytes Received By Job
	Partitionable Resources :    Usage  Request Allocated 
	   Cpus                 :     1.00        1         1 
	   Disk (KB)            :    15          15      2412 
	   Memory (MB)          :   576       20480     20480 

	Job terminated of its own accord at 2024-06-07T17:49:35Z with exit-code 0.
...
