000 (13118.274.000) 2024-06-07 17:04:06 Job submitted from host: <10.18.24.233:9618?addrs=10.18.24.233-9618&alias=bioclusts03.bioclust.biologie.ens.fr&noUDP&sock=schedd_942_b64d>
...
001 (13118.274.000) 2024-06-08 05:01:02 Job executing on host: <10.18.24.13:9618?addrs=10.18.24.13-9618&alias=bioclust13.bioclust.biologie.ens.fr&noUDP&sock=startd_1231_f12c>
...
006 (13118.274.000) 2024-06-08 05:01:10 Image size of job updated: 654968
	202  -  MemoryUsage of job (MB)
	206432  -  ResidentSetSize of job (KB)
...
006 (13118.274.000) 2024-06-08 05:06:10 Image size of job updated: 1702948
	605  -  MemoryUsage of job (MB)
	619244  -  ResidentSetSize of job (KB)
...
006 (13118.274.000) 2024-06-08 05:11:10 Image size of job updated: 1704284
	607  -  MemoryUsage of job (MB)
	620964  -  ResidentSetSize of job (KB)
...
006 (13118.274.000) 2024-06-08 05:16:11 Image size of job updated: 1705224
	608  -  MemoryUsage of job (MB)
	622308  -  ResidentSetSize of job (KB)
...
006 (13118.274.000) 2024-06-08 05:21:11 Image size of job updated: 1706156
	609  -  MemoryUsage of job (MB)
	623468  -  ResidentSetSize of job (KB)
...
006 (13118.274.000) 2024-06-08 05:26:11 Image size of job updated: 1707356
	611  -  MemoryUsage of job (MB)
	624980  -  ResidentSetSize of job (KB)
...
006 (13118.274.000) 2024-06-08 05:31:12 Image size of job updated: 1710004
	612  -  MemoryUsage of job (MB)
	626432  -  ResidentSetSize of job (KB)
...
006 (13118.274.000) 2024-06-08 05:36:13 Image size of job updated: 1710004
	613  -  MemoryUsage of job (MB)
	627164  -  ResidentSetSize of job (KB)
...
006 (13118.274.000) 2024-06-08 05:41:13 Image size of job updated: 1710292
	615  -  MemoryUsage of job (MB)
	629032  -  ResidentSetSize of job (KB)
...
006 (13118.274.000) 2024-06-08 05:46:14 Image size of job updated: 1711748
	617  -  MemoryUsage of job (MB)
	630816  -  ResidentSetSize of job (KB)
...
006 (13118.274.000) 2024-06-08 05:51:15 Image size of job updated: 1712016
	617  -  MemoryUsage of job (MB)
	631240  -  ResidentSetSize of job (KB)
...
006 (13118.274.000) 2024-06-08 05:56:15 Image size of job updated: 1712816
	618  -  MemoryUsage of job (MB)
	632468  -  ResidentSetSize of job (KB)
...
006 (13118.274.000) 2024-06-08 06:01:16 Image size of job updated: 1714152
	620  -  MemoryUsage of job (MB)
	634116  -  ResidentSetSize of job (KB)
...
006 (13118.274.000) 2024-06-08 06:06:17 Image size of job updated: 1716556
	622  -  MemoryUsage of job (MB)
	636320  -  ResidentSetSize of job (KB)
...
006 (13118.274.000) 2024-06-08 06:11:17 Image size of job updated: 1716556
	622  -  MemoryUsage of job (MB)
	636848  -  ResidentSetSize of job (KB)
...
006 (13118.274.000) 2024-06-08 06:16:17 Image size of job updated: 1719236
	625  -  MemoryUsage of job (MB)
	639952  -  ResidentSetSize of job (KB)
...
006 (13118.274.000) 2024-06-08 06:21:18 Image size of job updated: 1719236
	626  -  MemoryUsage of job (MB)
	640828  -  ResidentSetSize of job (KB)
...
005 (13118.274.000) 2024-06-08 06:23:22 Job terminated.
	(1) Normal termination (return value 0)
		Usr 0 01:22:07, Sys 0 00:00:04  -  Run Remote Usage
		Usr 0 00:00:00, Sys 0 00:00:00  -  Run Local Usage
		Usr 0 01:22:07, Sys 0 00:00:04  -  Total Remote Usage
		Usr 0 00:00:00, Sys 0 00:00:00  -  Total Local Usage
	0  -  Run Bytes Sent By Job
	0  -  Run Bytes Received By Job
	0  -  Total Bytes Sent By Job
	0  -  Total Bytes Received By Job
	Partitionable Resources :    Usage  Request Allocated 
	   Cpus                 :     1.00        1         1 
	   Disk (KB)            :    15          15      2412 
	   Memory (MB)          :   626       20480     20480 

	Job terminated of its own accord at 2024-06-08T04:23:22Z with exit-code 0.
...
