000 (13118.083.000) 2024-06-07 17:04:00 Job submitted from host: <10.18.24.233:9618?addrs=10.18.24.233-9618&alias=bioclusts03.bioclust.biologie.ens.fr&noUDP&sock=schedd_942_b64d>
...
001 (13118.083.000) 2024-06-07 20:00:37 Job executing on host: <10.18.24.5:9618?addrs=10.18.24.5-9618&alias=bioclust05.bioclust.biologie.ens.fr&noUDP&sock=startd_1161_ed8b>
...
006 (13118.083.000) 2024-06-07 20:00:45 Image size of job updated: 256588
	155  -  MemoryUsage of job (MB)
	158508  -  ResidentSetSize of job (KB)
...
006 (13118.083.000) 2024-06-07 20:05:45 Image size of job updated: 1577828
	590  -  MemoryUsage of job (MB)
	603156  -  ResidentSetSize of job (KB)
...
006 (13118.083.000) 2024-06-07 20:10:46 Image size of job updated: 1581420
	598  -  MemoryUsage of job (MB)
	612116  -  ResidentSetSize of job (KB)
...
006 (13118.083.000) 2024-06-07 20:15:47 Image size of job updated: 1584868
	598  -  MemoryUsage of job (MB)
	612116  -  ResidentSetSize of job (KB)
...
006 (13118.083.000) 2024-06-07 20:20:47 Image size of job updated: 1587200
	606  -  MemoryUsage of job (MB)
	620440  -  ResidentSetSize of job (KB)
...
006 (13118.083.000) 2024-06-07 20:25:47 Image size of job updated: 1590340
	607  -  MemoryUsage of job (MB)
	620572  -  ResidentSetSize of job (KB)
...
006 (13118.083.000) 2024-06-07 20:30:48 Image size of job updated: 1659088
	607  -  MemoryUsage of job (MB)
	620572  -  ResidentSetSize of job (KB)
...
006 (13118.083.000) 2024-06-07 20:35:48 Image size of job updated: 1662848
	608  -  MemoryUsage of job (MB)
	621900  -  ResidentSetSize of job (KB)
...
006 (13118.083.000) 2024-06-07 20:40:30 Image size of job updated: 1665760
	608  -  MemoryUsage of job (MB)
	621900  -  ResidentSetSize of job (KB)
...
005 (13118.083.000) 2024-06-07 20:40:30 Job terminated.
	(1) Normal termination (return value 0)
		Usr 0 00:39:25, Sys 0 00:00:19  -  Run Remote Usage
		Usr 0 00:00:00, Sys 0 00:00:00  -  Run Local Usage
		Usr 0 00:39:25, Sys 0 00:00:19  -  Total Remote Usage
		Usr 0 00:00:00, Sys 0 00:00:00  -  Total Local Usage
	0  -  Run Bytes Sent By Job
	0  -  Run Bytes Received By Job
	0  -  Total Bytes Sent By Job
	0  -  Total Bytes Received By Job
	Partitionable Resources :    Usage  Request Allocated 
	   Cpus                 :     1.00        1         1 
	   Disk (KB)            :    15          15      2245 
	   Memory (MB)          :   608       20480     20480 

	Job terminated of its own accord at 2024-06-07T18:40:30Z with exit-code 0.
...
