000 (13118.259.000) 2024-06-07 17:04:05 Job submitted from host: <10.18.24.233:9618?addrs=10.18.24.233-9618&alias=bioclusts03.bioclust.biologie.ens.fr&noUDP&sock=schedd_942_b64d>
...
001 (13118.259.000) 2024-06-08 04:08:01 Job executing on host: <10.18.24.14:9618?addrs=10.18.24.14-9618&alias=bioclust14.bioclust.biologie.ens.fr&noUDP&sock=startd_1218_0671>
...
006 (13118.259.000) 2024-06-08 04:08:10 Image size of job updated: 653768
	214  -  MemoryUsage of job (MB)
	218200  -  ResidentSetSize of job (KB)
...
006 (13118.259.000) 2024-06-08 04:13:10 Image size of job updated: 1622032
	563  -  MemoryUsage of job (MB)
	575540  -  ResidentSetSize of job (KB)
...
006 (13118.259.000) 2024-06-08 04:18:10 Image size of job updated: 1622752
	564  -  MemoryUsage of job (MB)
	576688  -  ResidentSetSize of job (KB)
...
006 (13118.259.000) 2024-06-08 04:23:11 Image size of job updated: 1623928
	567  -  MemoryUsage of job (MB)
	579644  -  ResidentSetSize of job (KB)
...
006 (13118.259.000) 2024-06-08 04:28:12 Image size of job updated: 1625292
	567  -  MemoryUsage of job (MB)
	580520  -  ResidentSetSize of job (KB)
...
006 (13118.259.000) 2024-06-08 04:33:12 Image size of job updated: 1625952
	568  -  MemoryUsage of job (MB)
	581120  -  ResidentSetSize of job (KB)
...
006 (13118.259.000) 2024-06-08 04:38:13 Image size of job updated: 1627492
	570  -  MemoryUsage of job (MB)
	582676  -  ResidentSetSize of job (KB)
...
006 (13118.259.000) 2024-06-08 04:43:14 Image size of job updated: 1627996
	570  -  MemoryUsage of job (MB)
	582676  -  ResidentSetSize of job (KB)
...
006 (13118.259.000) 2024-06-08 04:48:14 Image size of job updated: 1630388
	570  -  MemoryUsage of job (MB)
	582676  -  ResidentSetSize of job (KB)
...
006 (13118.259.000) 2024-06-08 04:53:14 Image size of job updated: 1630932
	574  -  MemoryUsage of job (MB)
	587304  -  ResidentSetSize of job (KB)
...
006 (13118.259.000) 2024-06-08 04:58:15 Image size of job updated: 1631188
	574  -  MemoryUsage of job (MB)
	587304  -  ResidentSetSize of job (KB)
...
006 (13118.259.000) 2024-06-08 05:03:15 Image size of job updated: 1632952
	575  -  MemoryUsage of job (MB)
	588352  -  ResidentSetSize of job (KB)
...
006 (13118.259.000) 2024-06-08 05:08:15 Image size of job updated: 1633740
	576  -  MemoryUsage of job (MB)
	589140  -  ResidentSetSize of job (KB)
...
006 (13118.259.000) 2024-06-08 05:13:17 Image size of job updated: 1635236
	577  -  MemoryUsage of job (MB)
	590800  -  ResidentSetSize of job (KB)
...
006 (13118.259.000) 2024-06-08 05:18:17 Image size of job updated: 1635896
	578  -  MemoryUsage of job (MB)
	591744  -  ResidentSetSize of job (KB)
...
006 (13118.259.000) 2024-06-08 05:23:17 Image size of job updated: 1639072
	582  -  MemoryUsage of job (MB)
	595832  -  ResidentSetSize of job (KB)
...
006 (13118.259.000) 2024-06-08 05:28:18 Image size of job updated: 1639072
	585  -  MemoryUsage of job (MB)
	598024  -  ResidentSetSize of job (KB)
...
006 (13118.259.000) 2024-06-08 05:33:19 Image size of job updated: 1639272
	585  -  MemoryUsage of job (MB)
	598024  -  ResidentSetSize of job (KB)
...
006 (13118.259.000) 2024-06-08 05:38:19 Image size of job updated: 1641652
	585  -  MemoryUsage of job (MB)
	598024  -  ResidentSetSize of job (KB)
...
006 (13118.259.000) 2024-06-08 05:47:39 Image size of job updated: 1643164
	585  -  MemoryUsage of job (MB)
	598024  -  ResidentSetSize of job (KB)
...
005 (13118.259.000) 2024-06-08 05:47:39 Job terminated.
	(1) Normal termination (return value 0)
		Usr 0 01:39:13, Sys 0 00:00:14  -  Run Remote Usage
		Usr 0 00:00:00, Sys 0 00:00:00  -  Run Local Usage
		Usr 0 01:39:13, Sys 0 00:00:14  -  Total Remote Usage
		Usr 0 00:00:00, Sys 0 00:00:00  -  Total Local Usage
	0  -  Run Bytes Sent By Job
	0  -  Run Bytes Received By Job
	0  -  Total Bytes Sent By Job
	0  -  Total Bytes Received By Job
	Partitionable Resources :    Usage  Request Allocated 
	   Cpus                 :     1.00        1         1 
	   Disk (KB)            :    15          15      2067 
	   Memory (MB)          :   585       20480     20480 

	Job terminated of its own accord at 2024-06-08T03:47:39Z with exit-code 0.
...
