000 (13118.130.000) 2024-06-07 17:04:02 Job submitted from host: <10.18.24.233:9618?addrs=10.18.24.233-9618&alias=bioclusts03.bioclust.biologie.ens.fr&noUDP&sock=schedd_942_b64d>
...
001 (13118.130.000) 2024-06-07 22:09:37 Job executing on host: <10.18.24.14:9618?addrs=10.18.24.14-9618&alias=bioclust14.bioclust.biologie.ens.fr&noUDP&sock=startd_1218_0671>
...
006 (13118.130.000) 2024-06-07 22:09:45 Image size of job updated: 986744
	214  -  MemoryUsage of job (MB)
	218420  -  ResidentSetSize of job (KB)
...
006 (13118.130.000) 2024-06-07 22:14:45 Image size of job updated: 1636416
	576  -  MemoryUsage of job (MB)
	589624  -  ResidentSetSize of job (KB)
...
006 (13118.130.000) 2024-06-07 22:19:46 Image size of job updated: 1637612
	577  -  MemoryUsage of job (MB)
	590812  -  ResidentSetSize of job (KB)
...
006 (13118.130.000) 2024-06-07 22:24:47 Image size of job updated: 1638536
	579  -  MemoryUsage of job (MB)
	592000  -  ResidentSetSize of job (KB)
...
006 (13118.130.000) 2024-06-07 22:29:47 Image size of job updated: 1639600
	580  -  MemoryUsage of job (MB)
	593056  -  ResidentSetSize of job (KB)
...
006 (13118.130.000) 2024-06-07 22:34:47 Image size of job updated: 1640392
	581  -  MemoryUsage of job (MB)
	593980  -  ResidentSetSize of job (KB)
...
006 (13118.130.000) 2024-06-07 22:39:48 Image size of job updated: 1641716
	582  -  MemoryUsage of job (MB)
	595300  -  ResidentSetSize of job (KB)
...
006 (13118.130.000) 2024-06-07 22:44:48 Image size of job updated: 1642564
	583  -  MemoryUsage of job (MB)
	596300  -  ResidentSetSize of job (KB)
...
006 (13118.130.000) 2024-06-07 22:49:48 Image size of job updated: 1643484
	584  -  MemoryUsage of job (MB)
	597472  -  ResidentSetSize of job (KB)
...
006 (13118.130.000) 2024-06-07 22:54:49 Image size of job updated: 1644672
	585  -  MemoryUsage of job (MB)
	598660  -  ResidentSetSize of job (KB)
...
006 (13118.130.000) 2024-06-07 22:59:50 Image size of job updated: 1645672
	586  -  MemoryUsage of job (MB)
	599556  -  ResidentSetSize of job (KB)
...
006 (13118.130.000) 2024-06-07 23:04:50 Image size of job updated: 1646872
	587  -  MemoryUsage of job (MB)
	600908  -  ResidentSetSize of job (KB)
...
006 (13118.130.000) 2024-06-07 23:09:51 Image size of job updated: 1647788
	589  -  MemoryUsage of job (MB)
	602228  -  ResidentSetSize of job (KB)
...
006 (13118.130.000) 2024-06-07 23:14:52 Image size of job updated: 1648712
	590  -  MemoryUsage of job (MB)
	603152  -  ResidentSetSize of job (KB)
...
006 (13118.130.000) 2024-06-07 23:19:52 Image size of job updated: 1649640
	591  -  MemoryUsage of job (MB)
	604472  -  ResidentSetSize of job (KB)
...
006 (13118.130.000) 2024-06-07 23:24:52 Image size of job updated: 1650696
	592  -  MemoryUsage of job (MB)
	605264  -  ResidentSetSize of job (KB)
...
006 (13118.130.000) 2024-06-07 23:27:12 Image size of job updated: 1651092
	592  -  MemoryUsage of job (MB)
	605264  -  ResidentSetSize of job (KB)
...
005 (13118.130.000) 2024-06-07 23:27:12 Job terminated.
	(1) Normal termination (return value 0)
		Usr 0 01:17:27, Sys 0 00:00:03  -  Run Remote Usage
		Usr 0 00:00:00, Sys 0 00:00:00  -  Run Local Usage
		Usr 0 01:17:27, Sys 0 00:00:03  -  Total Remote Usage
		Usr 0 00:00:00, Sys 0 00:00:00  -  Total Local Usage
	0  -  Run Bytes Sent By Job
	0  -  Run Bytes Received By Job
	0  -  Total Bytes Sent By Job
	0  -  Total Bytes Received By Job
	Partitionable Resources :    Usage  Request Allocated 
	   Cpus                 :     1.00        1         1 
	   Disk (KB)            :    15          15      2067 
	   Memory (MB)          :   592       20480     20480 

	Job terminated of its own accord at 2024-06-07T21:27:12Z with exit-code 0.
...
