000 (13112.012.000) 2024-06-07 15:12:15 Job submitted from host: <10.18.24.233:9618?addrs=10.18.24.233-9618&alias=bioclusts03.bioclust.biologie.ens.fr&noUDP&sock=schedd_942_b64d>
...
001 (13112.012.000) 2024-06-07 15:12:19 Job executing on host: <10.18.24.13:9618?addrs=10.18.24.13-9618&alias=bioclust13.bioclust.biologie.ens.fr&noUDP&sock=startd_1231_f12c>
...
006 (13112.012.000) 2024-06-07 15:12:28 Image size of job updated: 647264
	137  -  MemoryUsage of job (MB)
	140184  -  ResidentSetSize of job (KB)
...
006 (13112.012.000) 2024-06-07 15:17:29 Image size of job updated: 1595368
	553  -  MemoryUsage of job (MB)
	566084  -  ResidentSetSize of job (KB)
...
006 (13112.012.000) 2024-06-07 15:22:30 Image size of job updated: 1603288
	578  -  MemoryUsage of job (MB)
	591676  -  ResidentSetSize of job (KB)
...
006 (13112.012.000) 2024-06-07 15:27:30 Image size of job updated: 1614256
	591  -  MemoryUsage of job (MB)
	604260  -  ResidentSetSize of job (KB)
...
006 (13112.012.000) 2024-06-07 15:32:30 Image size of job updated: 1623900
	605  -  MemoryUsage of job (MB)
	619464  -  ResidentSetSize of job (KB)
...
006 (13112.012.000) 2024-06-07 15:37:31 Image size of job updated: 1635008
	631  -  MemoryUsage of job (MB)
	645696  -  ResidentSetSize of job (KB)
...
006 (13112.012.000) 2024-06-07 15:42:31 Image size of job updated: 1646632
	639  -  MemoryUsage of job (MB)
	653984  -  ResidentSetSize of job (KB)
...
006 (13112.012.000) 2024-06-07 15:47:31 Image size of job updated: 1656144
	652  -  MemoryUsage of job (MB)
	666944  -  ResidentSetSize of job (KB)
...
006 (13112.012.000) 2024-06-07 15:52:32 Image size of job updated: 1663932
	664  -  MemoryUsage of job (MB)
	679420  -  ResidentSetSize of job (KB)
...
006 (13112.012.000) 2024-06-07 15:57:32 Image size of job updated: 1671732
	694  -  MemoryUsage of job (MB)
	709696  -  ResidentSetSize of job (KB)
...
006 (13112.012.000) 2024-06-07 16:02:32 Image size of job updated: 1748376
	694  -  MemoryUsage of job (MB)
	710224  -  ResidentSetSize of job (KB)
...
006 (13112.012.000) 2024-06-07 16:07:33 Image size of job updated: 1755256
	714  -  MemoryUsage of job (MB)
	730316  -  ResidentSetSize of job (KB)
...
006 (13112.012.000) 2024-06-07 16:12:33 Image size of job updated: 1762928
	723  -  MemoryUsage of job (MB)
	739820  -  ResidentSetSize of job (KB)
...
006 (13112.012.000) 2024-06-07 16:17:33 Image size of job updated: 1769660
	723  -  MemoryUsage of job (MB)
	739952  -  ResidentSetSize of job (KB)
...
006 (13112.012.000) 2024-06-07 16:22:34 Image size of job updated: 1776396
	730  -  MemoryUsage of job (MB)
	747336  -  ResidentSetSize of job (KB)
...
006 (13112.012.000) 2024-06-07 16:27:35 Image size of job updated: 1785512
	743  -  MemoryUsage of job (MB)
	760076  -  ResidentSetSize of job (KB)
...
006 (13112.012.000) 2024-06-07 16:32:35 Image size of job updated: 1790004
	743  -  MemoryUsage of job (MB)
	760076  -  ResidentSetSize of job (KB)
...
005 (13112.012.000) 2024-06-10 05:26:39 Job terminated.
	(1) Normal termination (return value 0)
		Usr 2 14:03:40, Sys 0 00:08:45  -  Run Remote Usage
		Usr 0 00:00:00, Sys 0 00:00:00  -  Run Local Usage
		Usr 2 14:03:40, Sys 0 00:08:45  -  Total Remote Usage
		Usr 0 00:00:00, Sys 0 00:00:00  -  Total Local Usage
	0  -  Run Bytes Sent By Job
	0  -  Run Bytes Received By Job
	0  -  Total Bytes Sent By Job
	0  -  Total Bytes Received By Job
	Partitionable Resources :    Usage  Request Allocated 
	   Cpus                 :     1.00        1         1 
	   Disk (KB)            :    15          15      2412 
	   Memory (MB)          :   743       20480     20480 

	Job terminated of its own accord at 2024-06-10T03:26:39Z with exit-code 0.
...
