000 (13118.073.000) 2024-06-07 17:04:00 Job submitted from host: <10.18.24.233:9618?addrs=10.18.24.233-9618&alias=bioclusts03.bioclust.biologie.ens.fr&noUDP&sock=schedd_942_b64d>
...
001 (13118.073.000) 2024-06-07 19:42:36 Job executing on host: <10.18.24.5:9618?addrs=10.18.24.5-9618&alias=bioclust05.bioclust.biologie.ens.fr&noUDP&sock=startd_1161_ed8b>
...
006 (13118.073.000) 2024-06-07 19:42:44 Image size of job updated: 288816
	249  -  MemoryUsage of job (MB)
	254160  -  ResidentSetSize of job (KB)
...
006 (13118.073.000) 2024-06-07 19:47:44 Image size of job updated: 1660956
	633  -  MemoryUsage of job (MB)
	647600  -  ResidentSetSize of job (KB)
...
006 (13118.073.000) 2024-06-07 19:52:44 Image size of job updated: 1662148
	634  -  MemoryUsage of job (MB)
	648788  -  ResidentSetSize of job (KB)
...
006 (13118.073.000) 2024-06-07 19:57:45 Image size of job updated: 1662940
	635  -  MemoryUsage of job (MB)
	649712  -  ResidentSetSize of job (KB)
...
006 (13118.073.000) 2024-06-07 20:02:46 Image size of job updated: 1663872
	636  -  MemoryUsage of job (MB)
	650768  -  ResidentSetSize of job (KB)
...
006 (13118.073.000) 2024-06-07 20:07:46 Image size of job updated: 1664932
	637  -  MemoryUsage of job (MB)
	651936  -  ResidentSetSize of job (KB)
...
006 (13118.073.000) 2024-06-07 20:12:47 Image size of job updated: 1666132
	638  -  MemoryUsage of job (MB)
	653256  -  ResidentSetSize of job (KB)
...
006 (13118.073.000) 2024-06-07 20:17:48 Image size of job updated: 1667188
	639  -  MemoryUsage of job (MB)
	654180  -  ResidentSetSize of job (KB)
...
006 (13118.073.000) 2024-06-07 20:22:48 Image size of job updated: 1668380
	641  -  MemoryUsage of job (MB)
	655632  -  ResidentSetSize of job (KB)
...
006 (13118.073.000) 2024-06-07 20:27:48 Image size of job updated: 1669312
	642  -  MemoryUsage of job (MB)
	656688  -  ResidentSetSize of job (KB)
...
006 (13118.073.000) 2024-06-07 20:32:49 Image size of job updated: 1670684
	643  -  MemoryUsage of job (MB)
	658232  -  ResidentSetSize of job (KB)
...
006 (13118.073.000) 2024-06-07 20:37:49 Image size of job updated: 1671404
	644  -  MemoryUsage of job (MB)
	659128  -  ResidentSetSize of job (KB)
...
006 (13118.073.000) 2024-06-07 20:42:49 Image size of job updated: 1672728
	645  -  MemoryUsage of job (MB)
	660448  -  ResidentSetSize of job (KB)
...
006 (13118.073.000) 2024-06-07 20:47:50 Image size of job updated: 1673788
	647  -  MemoryUsage of job (MB)
	661636  -  ResidentSetSize of job (KB)
...
006 (13118.073.000) 2024-06-07 20:52:51 Image size of job updated: 1674584
	648  -  MemoryUsage of job (MB)
	662560  -  ResidentSetSize of job (KB)
...
006 (13118.073.000) 2024-06-07 20:57:51 Image size of job updated: 1675644
	649  -  MemoryUsage of job (MB)
	663748  -  ResidentSetSize of job (KB)
...
005 (13118.073.000) 2024-06-07 20:57:51 Job terminated.
	(1) Normal termination (return value 0)
		Usr 0 01:15:03, Sys 0 00:00:03  -  Run Remote Usage
		Usr 0 00:00:00, Sys 0 00:00:00  -  Run Local Usage
		Usr 0 01:15:03, Sys 0 00:00:03  -  Total Remote Usage
		Usr 0 00:00:00, Sys 0 00:00:00  -  Total Local Usage
	0  -  Run Bytes Sent By Job
	0  -  Run Bytes Received By Job
	0  -  Total Bytes Sent By Job
	0  -  Total Bytes Received By Job
	Partitionable Resources :    Usage  Request Allocated 
	   Cpus                 :     1.00        1         1 
	   Disk (KB)            :    15          15      2245 
	   Memory (MB)          :   649       20480     20480 

	Job terminated of its own accord at 2024-06-07T18:57:51Z with exit-code 0.
...
