000 (13118.038.000) 2024-06-07 17:03:59 Job submitted from host: <10.18.24.233:9618?addrs=10.18.24.233-9618&alias=bioclusts03.bioclust.biologie.ens.fr&noUDP&sock=schedd_942_b64d>
...
001 (13118.038.000) 2024-06-07 18:33:36 Job executing on host: <10.18.24.14:9618?addrs=10.18.24.14-9618&alias=bioclust14.bioclust.biologie.ens.fr&noUDP&sock=startd_1218_0671>
...
006 (13118.038.000) 2024-06-07 18:33:44 Image size of job updated: 414140
	203  -  MemoryUsage of job (MB)
	207524  -  ResidentSetSize of job (KB)
...
006 (13118.038.000) 2024-06-07 18:38:44 Image size of job updated: 1644408
	593  -  MemoryUsage of job (MB)
	606296  -  ResidentSetSize of job (KB)
...
006 (13118.038.000) 2024-06-07 18:43:45 Image size of job updated: 1646520
	598  -  MemoryUsage of job (MB)
	611448  -  ResidentSetSize of job (KB)
...
006 (13118.038.000) 2024-06-07 18:48:45 Image size of job updated: 1647228
	599  -  MemoryUsage of job (MB)
	613068  -  ResidentSetSize of job (KB)
...
006 (13118.038.000) 2024-06-07 18:53:45 Image size of job updated: 1648288
	600  -  MemoryUsage of job (MB)
	614124  -  ResidentSetSize of job (KB)
...
006 (13118.038.000) 2024-06-07 18:58:46 Image size of job updated: 1649364
	601  -  MemoryUsage of job (MB)
	615312  -  ResidentSetSize of job (KB)
...
006 (13118.038.000) 2024-06-07 19:03:46 Image size of job updated: 1650360
	602  -  MemoryUsage of job (MB)
	616264  -  ResidentSetSize of job (KB)
...
006 (13118.038.000) 2024-06-07 19:08:46 Image size of job updated: 1651024
	603  -  MemoryUsage of job (MB)
	616924  -  ResidentSetSize of job (KB)
...
006 (13118.038.000) 2024-06-07 19:13:47 Image size of job updated: 1652088
	605  -  MemoryUsage of job (MB)
	618508  -  ResidentSetSize of job (KB)
...
006 (13118.038.000) 2024-06-07 19:18:48 Image size of job updated: 1653156
	605  -  MemoryUsage of job (MB)
	619168  -  ResidentSetSize of job (KB)
...
006 (13118.038.000) 2024-06-07 19:23:48 Image size of job updated: 1654228
	606  -  MemoryUsage of job (MB)
	620356  -  ResidentSetSize of job (KB)
...
006 (13118.038.000) 2024-06-07 19:28:49 Image size of job updated: 1655296
	607  -  MemoryUsage of job (MB)
	621544  -  ResidentSetSize of job (KB)
...
006 (13118.038.000) 2024-06-07 19:33:50 Image size of job updated: 1656228
	608  -  MemoryUsage of job (MB)
	622468  -  ResidentSetSize of job (KB)
...
006 (13118.038.000) 2024-06-07 19:38:50 Image size of job updated: 1657292
	610  -  MemoryUsage of job (MB)
	623656  -  ResidentSetSize of job (KB)
...
006 (13118.038.000) 2024-06-07 19:43:50 Image size of job updated: 1658352
	611  -  MemoryUsage of job (MB)
	624684  -  ResidentSetSize of job (KB)
...
006 (13118.038.000) 2024-06-07 19:48:51 Image size of job updated: 1659144
	612  -  MemoryUsage of job (MB)
	625740  -  ResidentSetSize of job (KB)
...
006 (13118.038.000) 2024-06-07 19:53:51 Image size of job updated: 1660336
	613  -  MemoryUsage of job (MB)
	626928  -  ResidentSetSize of job (KB)
...
005 (13118.038.000) 2024-06-07 19:53:54 Job terminated.
	(1) Normal termination (return value 0)
		Usr 0 01:19:54, Sys 0 00:00:03  -  Run Remote Usage
		Usr 0 00:00:00, Sys 0 00:00:00  -  Run Local Usage
		Usr 0 01:19:54, Sys 0 00:00:03  -  Total Remote Usage
		Usr 0 00:00:00, Sys 0 00:00:00  -  Total Local Usage
	0  -  Run Bytes Sent By Job
	0  -  Run Bytes Received By Job
	0  -  Total Bytes Sent By Job
	0  -  Total Bytes Received By Job
	Partitionable Resources :    Usage  Request Allocated 
	   Cpus                 :     1.00        1         1 
	   Disk (KB)            :    15          15      2067 
	   Memory (MB)          :   613       20480     20480 

	Job terminated of its own accord at 2024-06-07T17:53:54Z with exit-code 0.
...
