000 (13118.158.000) 2024-06-07 17:04:02 Job submitted from host: <10.18.24.233:9618?addrs=10.18.24.233-9618&alias=bioclusts03.bioclust.biologie.ens.fr&noUDP&sock=schedd_942_b64d>
...
001 (13118.158.000) 2024-06-07 23:15:57 Job executing on host: <10.18.24.12:9618?addrs=10.18.24.12-9618&alias=bioclust12.bioclust.biologie.ens.fr&noUDP&sock=startd_52665_6353>
...
006 (13118.158.000) 2024-06-07 23:16:06 Image size of job updated: 465684
	453  -  MemoryUsage of job (MB)
	463224  -  ResidentSetSize of job (KB)
...
006 (13118.158.000) 2024-06-07 23:21:06 Image size of job updated: 1641772
	588  -  MemoryUsage of job (MB)
	601580  -  ResidentSetSize of job (KB)
...
006 (13118.158.000) 2024-06-07 23:26:06 Image size of job updated: 1644544
	592  -  MemoryUsage of job (MB)
	605648  -  ResidentSetSize of job (KB)
...
006 (13118.158.000) 2024-06-07 23:31:07 Image size of job updated: 1647512
	595  -  MemoryUsage of job (MB)
	608856  -  ResidentSetSize of job (KB)
...
006 (13118.158.000) 2024-06-07 23:36:08 Image size of job updated: 1649540
	596  -  MemoryUsage of job (MB)
	610204  -  ResidentSetSize of job (KB)
...
006 (13118.158.000) 2024-06-07 23:41:08 Image size of job updated: 1652448
	599  -  MemoryUsage of job (MB)
	613352  -  ResidentSetSize of job (KB)
...
006 (13118.158.000) 2024-06-07 23:46:09 Image size of job updated: 1654392
	602  -  MemoryUsage of job (MB)
	616296  -  ResidentSetSize of job (KB)
...
006 (13118.158.000) 2024-06-07 23:51:10 Image size of job updated: 1657000
	602  -  MemoryUsage of job (MB)
	616296  -  ResidentSetSize of job (KB)
...
006 (13118.158.000) 2024-06-07 23:56:10 Image size of job updated: 1659808
	608  -  MemoryUsage of job (MB)
	622552  -  ResidentSetSize of job (KB)
...
006 (13118.158.000) 2024-06-08 00:01:10 Image size of job updated: 1662064
	611  -  MemoryUsage of job (MB)
	625052  -  ResidentSetSize of job (KB)
...
006 (13118.158.000) 2024-06-08 00:06:11 Image size of job updated: 1664444
	614  -  MemoryUsage of job (MB)
	628048  -  ResidentSetSize of job (KB)
...
006 (13118.158.000) 2024-06-08 00:11:12 Image size of job updated: 1667400
	616  -  MemoryUsage of job (MB)
	630684  -  ResidentSetSize of job (KB)
...
006 (13118.158.000) 2024-06-08 00:16:12 Image size of job updated: 1669264
	618  -  MemoryUsage of job (MB)
	632692  -  ResidentSetSize of job (KB)
...
005 (13118.158.000) 2024-06-08 00:16:14 Job terminated.
	(1) Normal termination (return value 0)
		Usr 0 00:59:46, Sys 0 00:00:07  -  Run Remote Usage
		Usr 0 00:00:00, Sys 0 00:00:00  -  Run Local Usage
		Usr 0 00:59:46, Sys 0 00:00:07  -  Total Remote Usage
		Usr 0 00:00:00, Sys 0 00:00:00  -  Total Local Usage
	0  -  Run Bytes Sent By Job
	0  -  Run Bytes Received By Job
	0  -  Total Bytes Sent By Job
	0  -  Total Bytes Received By Job
	Partitionable Resources :    Usage  Request Allocated 
	   Cpus                 :     1.00        1         1 
	   Disk (KB)            :    15          15      2316 
	   Memory (MB)          :   618       20480     20480 

	Job terminated of its own accord at 2024-06-07T22:16:14Z with exit-code 0.
...
