000 (13118.324.000) 2024-06-07 17:04:07 Job submitted from host: <10.18.24.233:9618?addrs=10.18.24.233-9618&alias=bioclusts03.bioclust.biologie.ens.fr&noUDP&sock=schedd_942_b64d>
...
001 (13118.324.000) 2024-06-08 06:53:03 Job executing on host: <10.18.24.5:9618?addrs=10.18.24.5-9618&alias=bioclust05.bioclust.biologie.ens.fr&noUDP&sock=startd_1161_ed8b>
...
006 (13118.324.000) 2024-06-08 06:53:12 Image size of job updated: 872848
	169  -  MemoryUsage of job (MB)
	172544  -  ResidentSetSize of job (KB)
...
006 (13118.324.000) 2024-06-08 06:58:13 Image size of job updated: 1597736
	598  -  MemoryUsage of job (MB)
	611440  -  ResidentSetSize of job (KB)
...
006 (13118.324.000) 2024-06-08 07:03:13 Image size of job updated: 1600956
	603  -  MemoryUsage of job (MB)
	617276  -  ResidentSetSize of job (KB)
...
006 (13118.324.000) 2024-06-08 07:08:13 Image size of job updated: 1600956
	610  -  MemoryUsage of job (MB)
	624080  -  ResidentSetSize of job (KB)
...
006 (13118.324.000) 2024-06-08 07:13:14 Image size of job updated: 1603476
	610  -  MemoryUsage of job (MB)
	624212  -  ResidentSetSize of job (KB)
...
006 (13118.324.000) 2024-06-08 07:18:14 Image size of job updated: 1603608
	610  -  MemoryUsage of job (MB)
	624212  -  ResidentSetSize of job (KB)
...
006 (13118.324.000) 2024-06-08 07:23:14 Image size of job updated: 1603608
	611  -  MemoryUsage of job (MB)
	624820  -  ResidentSetSize of job (KB)
...
006 (13118.324.000) 2024-06-08 07:28:15 Image size of job updated: 1603872
	611  -  MemoryUsage of job (MB)
	624952  -  ResidentSetSize of job (KB)
...
006 (13118.324.000) 2024-06-08 07:33:16 Image size of job updated: 1604536
	611  -  MemoryUsage of job (MB)
	624952  -  ResidentSetSize of job (KB)
...
006 (13118.324.000) 2024-06-08 07:38:16 Image size of job updated: 1605160
	611  -  MemoryUsage of job (MB)
	624952  -  ResidentSetSize of job (KB)
...
006 (13118.324.000) 2024-06-08 07:43:16 Image size of job updated: 1607112
	612  -  MemoryUsage of job (MB)
	626092  -  ResidentSetSize of job (KB)
...
006 (13118.324.000) 2024-06-08 07:53:17 Image size of job updated: 1607112
	613  -  MemoryUsage of job (MB)
	627264  -  ResidentSetSize of job (KB)
...
006 (13118.324.000) 2024-06-08 07:58:17 Image size of job updated: 1607984
	616  -  MemoryUsage of job (MB)
	630244  -  ResidentSetSize of job (KB)
...
006 (13118.324.000) 2024-06-08 08:03:18 Image size of job updated: 1608912
	616  -  MemoryUsage of job (MB)
	630244  -  ResidentSetSize of job (KB)
...
006 (13118.324.000) 2024-06-08 08:13:18 Image size of job updated: 1609744
	616  -  MemoryUsage of job (MB)
	630244  -  ResidentSetSize of job (KB)
...
006 (13118.324.000) 2024-06-08 08:18:19 Image size of job updated: 1610552
	616  -  MemoryUsage of job (MB)
	630244  -  ResidentSetSize of job (KB)
...
006 (13118.324.000) 2024-06-08 08:23:20 Image size of job updated: 1612648
	616  -  MemoryUsage of job (MB)
	630244  -  ResidentSetSize of job (KB)
...
006 (13118.324.000) 2024-06-08 08:33:21 Image size of job updated: 1612648
	617  -  MemoryUsage of job (MB)
	631000  -  ResidentSetSize of job (KB)
...
006 (13118.324.000) 2024-06-08 08:38:22 Image size of job updated: 1612648
	617  -  MemoryUsage of job (MB)
	631372  -  ResidentSetSize of job (KB)
...
006 (13118.324.000) 2024-06-08 08:43:22 Image size of job updated: 1613712
	617  -  MemoryUsage of job (MB)
	631372  -  ResidentSetSize of job (KB)
...
006 (13118.324.000) 2024-06-08 08:48:22 Image size of job updated: 1614048
	624  -  MemoryUsage of job (MB)
	638592  -  ResidentSetSize of job (KB)
...
006 (13118.324.000) 2024-06-08 08:53:23 Image size of job updated: 1614712
	624  -  MemoryUsage of job (MB)
	638592  -  ResidentSetSize of job (KB)
...
006 (13118.324.000) 2024-06-08 08:58:23 Image size of job updated: 1616000
	624  -  MemoryUsage of job (MB)
	638592  -  ResidentSetSize of job (KB)
...
006 (13118.324.000) 2024-06-08 09:08:24 Image size of job updated: 1616476
	624  -  MemoryUsage of job (MB)
	638592  -  ResidentSetSize of job (KB)
...
006 (13118.324.000) 2024-06-08 09:13:25 Image size of job updated: 1616672
	624  -  MemoryUsage of job (MB)
	638592  -  ResidentSetSize of job (KB)
...
006 (13118.324.000) 2024-06-08 09:18:25 Image size of job updated: 1617732
	624  -  MemoryUsage of job (MB)
	638592  -  ResidentSetSize of job (KB)
...
006 (13118.324.000) 2024-06-08 09:23:26 Image size of job updated: 1620088
	624  -  MemoryUsage of job (MB)
	638592  -  ResidentSetSize of job (KB)
...
006 (13118.324.000) 2024-06-08 09:28:27 Image size of job updated: 1621296
	625  -  MemoryUsage of job (MB)
	639952  -  ResidentSetSize of job (KB)
...
005 (13118.324.000) 2024-06-08 09:47:26 Job terminated.
	(1) Normal termination (return value 0)
		Usr 0 02:53:31, Sys 0 00:00:38  -  Run Remote Usage
		Usr 0 00:00:00, Sys 0 00:00:00  -  Run Local Usage
		Usr 0 02:53:31, Sys 0 00:00:38  -  Total Remote Usage
		Usr 0 00:00:00, Sys 0 00:00:00  -  Total Local Usage
	0  -  Run Bytes Sent By Job
	0  -  Run Bytes Received By Job
	0  -  Total Bytes Sent By Job
	0  -  Total Bytes Received By Job
	Partitionable Resources :    Usage  Request Allocated 
	   Cpus                 :     1.00        1         1 
	   Disk (KB)            :    15          15      2245 
	   Memory (MB)          :   625       20480     20480 

	Job terminated of its own accord at 2024-06-08T07:47:25Z with exit-code 0.
...
