000 (13118.208.000) 2024-06-07 17:04:04 Job submitted from host: <10.18.24.233:9618?addrs=10.18.24.233-9618&alias=bioclusts03.bioclust.biologie.ens.fr&noUDP&sock=schedd_942_b64d>
...
001 (13118.208.000) 2024-06-08 01:31:58 Job executing on host: <10.18.24.3:9618?addrs=10.18.24.3-9618&alias=bioclust03.bioclust.biologie.ens.fr&noUDP&sock=startd_1137_7745>
...
006 (13118.208.000) 2024-06-08 01:32:07 Image size of job updated: 673204
	230  -  MemoryUsage of job (MB)
	235388  -  ResidentSetSize of job (KB)
...
006 (13118.208.000) 2024-06-08 01:37:07 Image size of job updated: 1549696
	545  -  MemoryUsage of job (MB)
	557208  -  ResidentSetSize of job (KB)
...
006 (13118.208.000) 2024-06-08 01:42:07 Image size of job updated: 1552996
	545  -  MemoryUsage of job (MB)
	557692  -  ResidentSetSize of job (KB)
...
006 (13118.208.000) 2024-06-08 01:47:08 Image size of job updated: 1558012
	550  -  MemoryUsage of job (MB)
	562844  -  ResidentSetSize of job (KB)
...
006 (13118.208.000) 2024-06-08 01:52:09 Image size of job updated: 1558012
	551  -  MemoryUsage of job (MB)
	563896  -  ResidentSetSize of job (KB)
...
006 (13118.208.000) 2024-06-08 01:57:09 Image size of job updated: 1561708
	554  -  MemoryUsage of job (MB)
	566812  -  ResidentSetSize of job (KB)
...
006 (13118.208.000) 2024-06-08 02:02:10 Image size of job updated: 1561708
	554  -  MemoryUsage of job (MB)
	566892  -  ResidentSetSize of job (KB)
...
006 (13118.208.000) 2024-06-08 02:07:11 Image size of job updated: 1561708
	554  -  MemoryUsage of job (MB)
	567000  -  ResidentSetSize of job (KB)
...
006 (13118.208.000) 2024-06-08 02:12:11 Image size of job updated: 1561708
	554  -  MemoryUsage of job (MB)
	567012  -  ResidentSetSize of job (KB)
...
006 (13118.208.000) 2024-06-08 02:17:11 Image size of job updated: 1561708
	554  -  MemoryUsage of job (MB)
	567272  -  ResidentSetSize of job (KB)
...
006 (13118.208.000) 2024-06-08 02:22:12 Image size of job updated: 1566064
	555  -  MemoryUsage of job (MB)
	567944  -  ResidentSetSize of job (KB)
...
006 (13118.208.000) 2024-06-08 02:27:12 Image size of job updated: 1566064
	576  -  MemoryUsage of job (MB)
	589488  -  ResidentSetSize of job (KB)
...
006 (13118.208.000) 2024-06-08 02:32:12 Image size of job updated: 1568152
	576  -  MemoryUsage of job (MB)
	589488  -  ResidentSetSize of job (KB)
...
005 (13118.208.000) 2024-06-08 02:38:19 Job terminated.
	(1) Normal termination (return value 0)
		Usr 0 01:05:44, Sys 0 00:00:23  -  Run Remote Usage
		Usr 0 00:00:00, Sys 0 00:00:00  -  Run Local Usage
		Usr 0 01:05:44, Sys 0 00:00:23  -  Total Remote Usage
		Usr 0 00:00:00, Sys 0 00:00:00  -  Total Local Usage
	0  -  Run Bytes Sent By Job
	0  -  Run Bytes Received By Job
	0  -  Total Bytes Sent By Job
	0  -  Total Bytes Received By Job
	Partitionable Resources :    Usage  Request Allocated 
	   Cpus                 :     0.99        1         1 
	   Disk (KB)            :    15          15      2148 
	   Memory (MB)          :   576       20480     20480 

	Job terminated of its own accord at 2024-06-08T00:38:19Z with exit-code 0.
...
