000 (13118.322.000) 2024-06-07 17:04:07 Job submitted from host: <10.18.24.233:9618?addrs=10.18.24.233-9618&alias=bioclusts03.bioclust.biologie.ens.fr&noUDP&sock=schedd_942_b64d>
...
001 (13118.322.000) 2024-06-08 06:49:03 Job executing on host: <10.18.24.5:9618?addrs=10.18.24.5-9618&alias=bioclust05.bioclust.biologie.ens.fr&noUDP&sock=startd_1161_ed8b>
...
006 (13118.322.000) 2024-06-08 06:49:11 Image size of job updated: 871148
	241  -  MemoryUsage of job (MB)
	245788  -  ResidentSetSize of job (KB)
...
006 (13118.322.000) 2024-06-08 06:54:11 Image size of job updated: 1609384
	579  -  MemoryUsage of job (MB)
	592756  -  ResidentSetSize of job (KB)
...
006 (13118.322.000) 2024-06-08 06:59:12 Image size of job updated: 1610580
	581  -  MemoryUsage of job (MB)
	594076  -  ResidentSetSize of job (KB)
...
006 (13118.322.000) 2024-06-08 07:04:13 Image size of job updated: 1611508
	582  -  MemoryUsage of job (MB)
	594968  -  ResidentSetSize of job (KB)
...
006 (13118.322.000) 2024-06-08 07:09:13 Image size of job updated: 1612360
	582  -  MemoryUsage of job (MB)
	594968  -  ResidentSetSize of job (KB)
...
006 (13118.322.000) 2024-06-08 07:14:13 Image size of job updated: 1613548
	582  -  MemoryUsage of job (MB)
	594968  -  ResidentSetSize of job (KB)
...
006 (13118.322.000) 2024-06-08 07:19:14 Image size of job updated: 1614604
	585  -  MemoryUsage of job (MB)
	598132  -  ResidentSetSize of job (KB)
...
006 (13118.322.000) 2024-06-08 07:24:14 Image size of job updated: 1615664
	586  -  MemoryUsage of job (MB)
	599320  -  ResidentSetSize of job (KB)
...
006 (13118.322.000) 2024-06-08 07:29:14 Image size of job updated: 1616660
	587  -  MemoryUsage of job (MB)
	600344  -  ResidentSetSize of job (KB)
...
006 (13118.322.000) 2024-06-08 07:34:15 Image size of job updated: 1617584
	588  -  MemoryUsage of job (MB)
	601268  -  ResidentSetSize of job (KB)
...
006 (13118.322.000) 2024-06-08 07:39:16 Image size of job updated: 1618780
	589  -  MemoryUsage of job (MB)
	602456  -  ResidentSetSize of job (KB)
...
006 (13118.322.000) 2024-06-08 07:44:16 Image size of job updated: 1619712
	590  -  MemoryUsage of job (MB)
	603380  -  ResidentSetSize of job (KB)
...
006 (13118.322.000) 2024-06-08 07:49:17 Image size of job updated: 1620912
	591  -  MemoryUsage of job (MB)
	604832  -  ResidentSetSize of job (KB)
...
006 (13118.322.000) 2024-06-08 07:54:18 Image size of job updated: 1621980
	592  -  MemoryUsage of job (MB)
	605888  -  ResidentSetSize of job (KB)
...
006 (13118.322.000) 2024-06-08 07:59:18 Image size of job updated: 1623036
	593  -  MemoryUsage of job (MB)
	606944  -  ResidentSetSize of job (KB)
...
006 (13118.322.000) 2024-06-08 08:04:18 Image size of job updated: 1624100
	594  -  MemoryUsage of job (MB)
	608000  -  ResidentSetSize of job (KB)
...
006 (13118.322.000) 2024-06-08 08:07:36 Image size of job updated: 1624580
	594  -  MemoryUsage of job (MB)
	608000  -  ResidentSetSize of job (KB)
...
005 (13118.322.000) 2024-06-08 08:07:36 Job terminated.
	(1) Normal termination (return value 0)
		Usr 0 01:18:19, Sys 0 00:00:04  -  Run Remote Usage
		Usr 0 00:00:00, Sys 0 00:00:00  -  Run Local Usage
		Usr 0 01:18:19, Sys 0 00:00:04  -  Total Remote Usage
		Usr 0 00:00:00, Sys 0 00:00:00  -  Total Local Usage
	0  -  Run Bytes Sent By Job
	0  -  Run Bytes Received By Job
	0  -  Total Bytes Sent By Job
	0  -  Total Bytes Received By Job
	Partitionable Resources :    Usage  Request Allocated 
	   Cpus                 :     1.00        1         1 
	   Disk (KB)            :    15          15      2245 
	   Memory (MB)          :   594       20480     20480 

	Job terminated of its own accord at 2024-06-08T06:07:36Z with exit-code 0.
...
