000 (13112.088.000) 2024-06-07 15:12:17 Job submitted from host: <10.18.24.233:9618?addrs=10.18.24.233-9618&alias=bioclusts03.bioclust.biologie.ens.fr&noUDP&sock=schedd_942_b64d>
...
001 (13112.088.000) 2024-06-07 16:41:15 Job executing on host: <10.18.24.14:9618?addrs=10.18.24.14-9618&alias=bioclust14.bioclust.biologie.ens.fr&noUDP&sock=startd_1218_0671>
...
006 (13112.088.000) 2024-06-07 16:41:24 Image size of job updated: 310876
	304  -  MemoryUsage of job (MB)
	310876  -  ResidentSetSize of job (KB)
...
006 (13112.088.000) 2024-06-07 16:46:25 Image size of job updated: 1641308
	582  -  MemoryUsage of job (MB)
	595408  -  ResidentSetSize of job (KB)
...
006 (13112.088.000) 2024-06-07 16:51:26 Image size of job updated: 1643036
	585  -  MemoryUsage of job (MB)
	598444  -  ResidentSetSize of job (KB)
...
006 (13112.088.000) 2024-06-07 16:56:26 Image size of job updated: 1643700
	586  -  MemoryUsage of job (MB)
	599236  -  ResidentSetSize of job (KB)
...
006 (13112.088.000) 2024-06-07 17:01:26 Image size of job updated: 1644500
	586  -  MemoryUsage of job (MB)
	599764  -  ResidentSetSize of job (KB)
...
006 (13112.088.000) 2024-06-07 17:06:27 Image size of job updated: 1645028
	587  -  MemoryUsage of job (MB)
	600556  -  ResidentSetSize of job (KB)
...
006 (13112.088.000) 2024-06-07 17:11:27 Image size of job updated: 1645560
	588  -  MemoryUsage of job (MB)
	601480  -  ResidentSetSize of job (KB)
...
006 (13112.088.000) 2024-06-07 17:16:27 Image size of job updated: 1646376
	589  -  MemoryUsage of job (MB)
	602360  -  ResidentSetSize of job (KB)
...
006 (13112.088.000) 2024-06-07 17:21:28 Image size of job updated: 1646776
	589  -  MemoryUsage of job (MB)
	602360  -  ResidentSetSize of job (KB)
...
006 (13112.088.000) 2024-06-07 17:26:29 Image size of job updated: 1647440
	590  -  MemoryUsage of job (MB)
	603412  -  ResidentSetSize of job (KB)
...
006 (13112.088.000) 2024-06-07 17:31:29 Image size of job updated: 1648236
	591  -  MemoryUsage of job (MB)
	604336  -  ResidentSetSize of job (KB)
...
006 (13112.088.000) 2024-06-07 17:36:29 Image size of job updated: 1648500
	591  -  MemoryUsage of job (MB)
	604924  -  ResidentSetSize of job (KB)
...
006 (13112.088.000) 2024-06-07 17:41:30 Image size of job updated: 1649404
	591  -  MemoryUsage of job (MB)
	604924  -  ResidentSetSize of job (KB)
...
006 (13112.088.000) 2024-06-07 17:46:30 Image size of job updated: 1650172
	592  -  MemoryUsage of job (MB)
	606208  -  ResidentSetSize of job (KB)
...
006 (13112.088.000) 2024-06-07 17:51:30 Image size of job updated: 1650884
	593  -  MemoryUsage of job (MB)
	607132  -  ResidentSetSize of job (KB)
...
006 (13112.088.000) 2024-06-07 17:56:31 Image size of job updated: 1651716
	594  -  MemoryUsage of job (MB)
	607972  -  ResidentSetSize of job (KB)
...
006 (13112.088.000) 2024-06-07 18:01:32 Image size of job updated: 1652640
	595  -  MemoryUsage of job (MB)
	609028  -  ResidentSetSize of job (KB)
...
006 (13112.088.000) 2024-06-07 18:06:32 Image size of job updated: 1653960
	597  -  MemoryUsage of job (MB)
	610480  -  ResidentSetSize of job (KB)
...
006 (13112.088.000) 2024-06-07 18:11:32 Image size of job updated: 1654752
	597  -  MemoryUsage of job (MB)
	611140  -  ResidentSetSize of job (KB)
...
006 (13112.088.000) 2024-06-07 18:16:33 Image size of job updated: 1655552
	598  -  MemoryUsage of job (MB)
	612092  -  ResidentSetSize of job (KB)
...
006 (13112.088.000) 2024-06-07 18:21:33 Image size of job updated: 1656716
	600  -  MemoryUsage of job (MB)
	613412  -  ResidentSetSize of job (KB)
...
006 (13112.088.000) 2024-06-07 18:26:33 Image size of job updated: 1657788
	601  -  MemoryUsage of job (MB)
	615128  -  ResidentSetSize of job (KB)
...
006 (13112.088.000) 2024-06-07 18:28:33 Image size of job updated: 1658316
	601  -  MemoryUsage of job (MB)
	615128  -  ResidentSetSize of job (KB)
...
005 (13112.088.000) 2024-06-07 18:28:33 Job terminated.
	(1) Normal termination (return value 0)
		Usr 0 01:46:48, Sys 0 00:00:05  -  Run Remote Usage
		Usr 0 00:00:00, Sys 0 00:00:00  -  Run Local Usage
		Usr 0 01:46:48, Sys 0 00:00:05  -  Total Remote Usage
		Usr 0 00:00:00, Sys 0 00:00:00  -  Total Local Usage
	0  -  Run Bytes Sent By Job
	0  -  Run Bytes Received By Job
	0  -  Total Bytes Sent By Job
	0  -  Total Bytes Received By Job
	Partitionable Resources :    Usage  Request Allocated 
	   Cpus                 :     1.00        1         1 
	   Disk (KB)            :    15          15      2067 
	   Memory (MB)          :   601       20480     20480 

	Job terminated of its own accord at 2024-06-07T16:28:33Z with exit-code 0.
...
