000 (13118.292.000) 2024-06-07 17:04:06 Job submitted from host: <10.18.24.233:9618?addrs=10.18.24.233-9618&alias=bioclusts03.bioclust.biologie.ens.fr&noUDP&sock=schedd_942_b64d>
...
001 (13118.292.000) 2024-06-08 05:35:02 Job executing on host: <10.18.24.5:9618?addrs=10.18.24.5-9618&alias=bioclust05.bioclust.biologie.ens.fr&noUDP&sock=startd_1161_ed8b>
...
006 (13118.292.000) 2024-06-08 05:35:11 Image size of job updated: 670216
	167  -  MemoryUsage of job (MB)
	170596  -  ResidentSetSize of job (KB)
...
006 (13118.292.000) 2024-06-08 05:40:12 Image size of job updated: 1645444
	592  -  MemoryUsage of job (MB)
	605876  -  ResidentSetSize of job (KB)
...
006 (13118.292.000) 2024-06-08 05:45:13 Image size of job updated: 1647296
	594  -  MemoryUsage of job (MB)
	607708  -  ResidentSetSize of job (KB)
...
006 (13118.292.000) 2024-06-08 05:50:13 Image size of job updated: 1648880
	596  -  MemoryUsage of job (MB)
	609408  -  ResidentSetSize of job (KB)
...
006 (13118.292.000) 2024-06-08 05:55:13 Image size of job updated: 1650992
	598  -  MemoryUsage of job (MB)
	611480  -  ResidentSetSize of job (KB)
...
006 (13118.292.000) 2024-06-08 06:00:14 Image size of job updated: 1651520
	598  -  MemoryUsage of job (MB)
	612156  -  ResidentSetSize of job (KB)
...
006 (13118.292.000) 2024-06-08 06:05:15 Image size of job updated: 1652844
	598  -  MemoryUsage of job (MB)
	612156  -  ResidentSetSize of job (KB)
...
006 (13118.292.000) 2024-06-08 06:10:15 Image size of job updated: 1653760
	601  -  MemoryUsage of job (MB)
	614632  -  ResidentSetSize of job (KB)
...
006 (13118.292.000) 2024-06-08 06:15:16 Image size of job updated: 1655352
	602  -  MemoryUsage of job (MB)
	616252  -  ResidentSetSize of job (KB)
...
006 (13118.292.000) 2024-06-08 06:20:17 Image size of job updated: 1656672
	604  -  MemoryUsage of job (MB)
	617528  -  ResidentSetSize of job (KB)
...
006 (13118.292.000) 2024-06-08 06:25:17 Image size of job updated: 1657336
	605  -  MemoryUsage of job (MB)
	618592  -  ResidentSetSize of job (KB)
...
006 (13118.292.000) 2024-06-08 06:30:17 Image size of job updated: 1658712
	606  -  MemoryUsage of job (MB)
	620144  -  ResidentSetSize of job (KB)
...
006 (13118.292.000) 2024-06-08 06:35:18 Image size of job updated: 1660928
	607  -  MemoryUsage of job (MB)
	621400  -  ResidentSetSize of job (KB)
...
006 (13118.292.000) 2024-06-08 06:40:18 Image size of job updated: 1662188
	609  -  MemoryUsage of job (MB)
	623084  -  ResidentSetSize of job (KB)
...
006 (13118.292.000) 2024-06-08 06:45:18 Image size of job updated: 1663816
	611  -  MemoryUsage of job (MB)
	625136  -  ResidentSetSize of job (KB)
...
006 (13118.292.000) 2024-06-08 06:50:19 Image size of job updated: 1664876
	612  -  MemoryUsage of job (MB)
	626168  -  ResidentSetSize of job (KB)
...
006 (13118.292.000) 2024-06-08 06:52:53 Image size of job updated: 1665140
	612  -  MemoryUsage of job (MB)
	626168  -  ResidentSetSize of job (KB)
...
005 (13118.292.000) 2024-06-08 06:52:53 Job terminated.
	(1) Normal termination (return value 0)
		Usr 0 01:17:38, Sys 0 00:00:04  -  Run Remote Usage
		Usr 0 00:00:00, Sys 0 00:00:00  -  Run Local Usage
		Usr 0 01:17:38, Sys 0 00:00:04  -  Total Remote Usage
		Usr 0 00:00:00, Sys 0 00:00:00  -  Total Local Usage
	0  -  Run Bytes Sent By Job
	0  -  Run Bytes Received By Job
	0  -  Total Bytes Sent By Job
	0  -  Total Bytes Received By Job
	Partitionable Resources :    Usage  Request Allocated 
	   Cpus                 :     1.00        1         1 
	   Disk (KB)            :    15          15      2245 
	   Memory (MB)          :   612       20480     20480 

	Job terminated of its own accord at 2024-06-08T04:52:53Z with exit-code 0.
...
