000 (13118.311.000) 2024-06-07 17:04:06 Job submitted from host: <10.18.24.233:9618?addrs=10.18.24.233-9618&alias=bioclusts03.bioclust.biologie.ens.fr&noUDP&sock=schedd_942_b64d>
...
001 (13118.311.000) 2024-06-08 06:28:01 Job executing on host: <10.18.24.41:9618?addrs=10.18.24.41-9618&alias=bioclust41.bioclust.biologie.ens.fr&noUDP&sock=startd_1116_0fc8>
...
006 (13118.311.000) 2024-06-08 06:28:10 Image size of job updated: 304976
	168  -  MemoryUsage of job (MB)
	171408  -  ResidentSetSize of job (KB)
...
006 (13118.311.000) 2024-06-08 06:33:11 Image size of job updated: 1560396
	568  -  MemoryUsage of job (MB)
	580780  -  ResidentSetSize of job (KB)
...
006 (13118.311.000) 2024-06-08 06:38:11 Image size of job updated: 1633096
	579  -  MemoryUsage of job (MB)
	592188  -  ResidentSetSize of job (KB)
...
006 (13118.311.000) 2024-06-08 06:43:11 Image size of job updated: 1638660
	586  -  MemoryUsage of job (MB)
	599824  -  ResidentSetSize of job (KB)
...
006 (13118.311.000) 2024-06-08 06:48:12 Image size of job updated: 1644416
	594  -  MemoryUsage of job (MB)
	607436  -  ResidentSetSize of job (KB)
...
006 (13118.311.000) 2024-06-08 06:53:13 Image size of job updated: 1650112
	601  -  MemoryUsage of job (MB)
	614672  -  ResidentSetSize of job (KB)
...
006 (13118.311.000) 2024-06-08 06:58:13 Image size of job updated: 1656076
	608  -  MemoryUsage of job (MB)
	622028  -  ResidentSetSize of job (KB)
...
006 (13118.311.000) 2024-06-08 07:03:13 Image size of job updated: 1660312
	613  -  MemoryUsage of job (MB)
	627240  -  ResidentSetSize of job (KB)
...
006 (13118.311.000) 2024-06-08 07:08:14 Image size of job updated: 1665492
	620  -  MemoryUsage of job (MB)
	634676  -  ResidentSetSize of job (KB)
...
006 (13118.311.000) 2024-06-08 07:13:15 Image size of job updated: 1671188
	626  -  MemoryUsage of job (MB)
	640172  -  ResidentSetSize of job (KB)
...
006 (13118.311.000) 2024-06-08 07:18:15 Image size of job updated: 1676476
	632  -  MemoryUsage of job (MB)
	646504  -  ResidentSetSize of job (KB)
...
006 (13118.311.000) 2024-06-08 07:23:15 Image size of job updated: 1680692
	639  -  MemoryUsage of job (MB)
	653392  -  ResidentSetSize of job (KB)
...
006 (13118.311.000) 2024-06-08 07:28:16 Image size of job updated: 1686000
	643  -  MemoryUsage of job (MB)
	658008  -  ResidentSetSize of job (KB)
...
006 (13118.311.000) 2024-06-08 07:33:17 Image size of job updated: 1690900
	649  -  MemoryUsage of job (MB)
	663884  -  ResidentSetSize of job (KB)
...
006 (13118.311.000) 2024-06-08 07:38:17 Image size of job updated: 1695804
	655  -  MemoryUsage of job (MB)
	670100  -  ResidentSetSize of job (KB)
...
006 (13118.311.000) 2024-06-08 07:43:18 Image size of job updated: 1700304
	659  -  MemoryUsage of job (MB)
	674576  -  ResidentSetSize of job (KB)
...
006 (13118.311.000) 2024-06-08 07:48:19 Image size of job updated: 1704656
	664  -  MemoryUsage of job (MB)
	679872  -  ResidentSetSize of job (KB)
...
006 (13118.311.000) 2024-06-08 07:53:19 Image size of job updated: 1708896
	669  -  MemoryUsage of job (MB)
	685008  -  ResidentSetSize of job (KB)
...
006 (13118.311.000) 2024-06-08 07:58:20 Image size of job updated: 1713432
	674  -  MemoryUsage of job (MB)
	689840  -  ResidentSetSize of job (KB)
...
006 (13118.311.000) 2024-06-08 08:03:21 Image size of job updated: 1718064
	680  -  MemoryUsage of job (MB)
	695832  -  ResidentSetSize of job (KB)
...
006 (13118.311.000) 2024-06-08 08:08:21 Image size of job updated: 1722948
	685  -  MemoryUsage of job (MB)
	701060  -  ResidentSetSize of job (KB)
...
006 (13118.311.000) 2024-06-08 08:12:11 Image size of job updated: 1725868
	685  -  MemoryUsage of job (MB)
	701060  -  ResidentSetSize of job (KB)
...
005 (13118.311.000) 2024-06-08 08:12:11 Job terminated.
	(1) Normal termination (return value 0)
		Usr 0 01:43:32, Sys 0 00:00:23  -  Run Remote Usage
		Usr 0 00:00:00, Sys 0 00:00:00  -  Run Local Usage
		Usr 0 01:43:32, Sys 0 00:00:23  -  Total Remote Usage
		Usr 0 00:00:00, Sys 0 00:00:00  -  Total Local Usage
	0  -  Run Bytes Sent By Job
	0  -  Run Bytes Received By Job
	0  -  Total Bytes Sent By Job
	0  -  Total Bytes Received By Job
	Partitionable Resources :    Usage  Request Allocated 
	   Cpus                 :     1.00        1         1 
	   Disk (KB)            :    15          15      1615 
	   Memory (MB)          :   685       20480     20480 

	Job terminated of its own accord at 2024-06-08T06:12:11Z with exit-code 0.
...
