000 (13118.295.000) 2024-06-07 17:04:06 Job submitted from host: <10.18.24.233:9618?addrs=10.18.24.233-9618&alias=bioclusts03.bioclust.biologie.ens.fr&noUDP&sock=schedd_942_b64d>
...
001 (13118.295.000) 2024-06-08 05:44:02 Job executing on host: <10.18.24.5:9618?addrs=10.18.24.5-9618&alias=bioclust05.bioclust.biologie.ens.fr&noUDP&sock=startd_1161_ed8b>
...
006 (13118.295.000) 2024-06-08 05:44:10 Image size of job updated: 804944
	210  -  MemoryUsage of job (MB)
	214456  -  ResidentSetSize of job (KB)
...
006 (13118.295.000) 2024-06-08 05:49:10 Image size of job updated: 1641188
	632  -  MemoryUsage of job (MB)
	646280  -  ResidentSetSize of job (KB)
...
006 (13118.295.000) 2024-06-08 05:54:10 Image size of job updated: 1653864
	646  -  MemoryUsage of job (MB)
	660564  -  ResidentSetSize of job (KB)
...
006 (13118.295.000) 2024-06-08 05:59:11 Image size of job updated: 1665624
	652  -  MemoryUsage of job (MB)
	667056  -  ResidentSetSize of job (KB)
...
006 (13118.295.000) 2024-06-08 06:04:11 Image size of job updated: 1679652
	666  -  MemoryUsage of job (MB)
	681860  -  ResidentSetSize of job (KB)
...
006 (13118.295.000) 2024-06-08 06:09:11 Image size of job updated: 1693948
	688  -  MemoryUsage of job (MB)
	703940  -  ResidentSetSize of job (KB)
...
006 (13118.295.000) 2024-06-08 06:14:12 Image size of job updated: 1705852
	697  -  MemoryUsage of job (MB)
	712988  -  ResidentSetSize of job (KB)
...
006 (13118.295.000) 2024-06-08 06:19:13 Image size of job updated: 1716020
	714  -  MemoryUsage of job (MB)
	730720  -  ResidentSetSize of job (KB)
...
006 (13118.295.000) 2024-06-08 06:24:13 Image size of job updated: 1729140
	724  -  MemoryUsage of job (MB)
	740804  -  ResidentSetSize of job (KB)
...
006 (13118.295.000) 2024-06-08 06:29:14 Image size of job updated: 1739888
	736  -  MemoryUsage of job (MB)
	753568  -  ResidentSetSize of job (KB)
...
006 (13118.295.000) 2024-06-08 06:34:15 Image size of job updated: 1750648
	753  -  MemoryUsage of job (MB)
	770604  -  ResidentSetSize of job (KB)
...
006 (13118.295.000) 2024-06-08 06:39:15 Image size of job updated: 1762924
	763  -  MemoryUsage of job (MB)
	780336  -  ResidentSetSize of job (KB)
...
006 (13118.295.000) 2024-06-08 06:44:16 Image size of job updated: 1773356
	775  -  MemoryUsage of job (MB)
	793228  -  ResidentSetSize of job (KB)
...
006 (13118.295.000) 2024-06-08 06:49:17 Image size of job updated: 1848732
	786  -  MemoryUsage of job (MB)
	804792  -  ResidentSetSize of job (KB)
...
006 (13118.295.000) 2024-06-08 06:54:17 Image size of job updated: 1859288
	799  -  MemoryUsage of job (MB)
	817644  -  ResidentSetSize of job (KB)
...
006 (13118.295.000) 2024-06-08 06:59:17 Image size of job updated: 1869860
	811  -  MemoryUsage of job (MB)
	829600  -  ResidentSetSize of job (KB)
...
006 (13118.295.000) 2024-06-08 07:04:18 Image size of job updated: 1875592
	811  -  MemoryUsage of job (MB)
	829600  -  ResidentSetSize of job (KB)
...
005 (13118.295.000) 2024-06-08 14:40:35 Job terminated.
	(1) Normal termination (return value 0)
		Usr 0 08:54:25, Sys 0 00:01:36  -  Run Remote Usage
		Usr 0 00:00:00, Sys 0 00:00:00  -  Run Local Usage
		Usr 0 08:54:25, Sys 0 00:01:36  -  Total Remote Usage
		Usr 0 00:00:00, Sys 0 00:00:00  -  Total Local Usage
	0  -  Run Bytes Sent By Job
	0  -  Run Bytes Received By Job
	0  -  Total Bytes Sent By Job
	0  -  Total Bytes Received By Job
	Partitionable Resources :    Usage  Request Allocated 
	   Cpus                 :     1.00        1         1 
	   Disk (KB)            :    15          15      2245 
	   Memory (MB)          :   811       20480     20480 

	Job terminated of its own accord at 2024-06-08T12:40:35Z with exit-code 0.
...
