000 (13118.385.000) 2024-06-07 17:04:08 Job submitted from host: <10.18.24.233:9618?addrs=10.18.24.233-9618&alias=bioclusts03.bioclust.biologie.ens.fr&noUDP&sock=schedd_942_b64d>
...
001 (13118.385.000) 2024-06-08 09:33:04 Job executing on host: <10.18.24.3:9618?addrs=10.18.24.3-9618&alias=bioclust03.bioclust.biologie.ens.fr&noUDP&sock=startd_1137_7745>
...
006 (13118.385.000) 2024-06-08 09:33:13 Image size of job updated: 871184
	169  -  MemoryUsage of job (MB)
	172356  -  ResidentSetSize of job (KB)
...
006 (13118.385.000) 2024-06-08 09:38:14 Image size of job updated: 1605632
	598  -  MemoryUsage of job (MB)
	611788  -  ResidentSetSize of job (KB)
...
006 (13118.385.000) 2024-06-08 09:43:14 Image size of job updated: 1610008
	611  -  MemoryUsage of job (MB)
	625524  -  ResidentSetSize of job (KB)
...
006 (13118.385.000) 2024-06-08 09:48:15 Image size of job updated: 1612388
	613  -  MemoryUsage of job (MB)
	626936  -  ResidentSetSize of job (KB)
...
006 (13118.385.000) 2024-06-08 09:53:16 Image size of job updated: 1612784
	618  -  MemoryUsage of job (MB)
	632240  -  ResidentSetSize of job (KB)
...
006 (13118.385.000) 2024-06-08 09:58:16 Image size of job updated: 1612808
	618  -  MemoryUsage of job (MB)
	632240  -  ResidentSetSize of job (KB)
...
006 (13118.385.000) 2024-06-08 10:03:16 Image size of job updated: 1614068
	618  -  MemoryUsage of job (MB)
	632240  -  ResidentSetSize of job (KB)
...
006 (13118.385.000) 2024-06-08 10:08:17 Image size of job updated: 1618172
	619  -  MemoryUsage of job (MB)
	633472  -  ResidentSetSize of job (KB)
...
006 (13118.385.000) 2024-06-08 10:13:17 Image size of job updated: 1618172
	620  -  MemoryUsage of job (MB)
	634196  -  ResidentSetSize of job (KB)
...
006 (13118.385.000) 2024-06-08 10:18:17 Image size of job updated: 1619412
	621  -  MemoryUsage of job (MB)
	635784  -  ResidentSetSize of job (KB)
...
006 (13118.385.000) 2024-06-08 10:23:18 Image size of job updated: 1619928
	628  -  MemoryUsage of job (MB)
	642748  -  ResidentSetSize of job (KB)
...
006 (13118.385.000) 2024-06-08 10:28:19 Image size of job updated: 1622372
	628  -  MemoryUsage of job (MB)
	642748  -  ResidentSetSize of job (KB)
...
006 (13118.385.000) 2024-06-08 10:33:19 Image size of job updated: 1624504
	628  -  MemoryUsage of job (MB)
	642748  -  ResidentSetSize of job (KB)
...
006 (13118.385.000) 2024-06-08 10:38:19 Image size of job updated: 1624796
	628  -  MemoryUsage of job (MB)
	642748  -  ResidentSetSize of job (KB)
...
006 (13118.385.000) 2024-06-08 10:43:20 Image size of job updated: 1626060
	634  -  MemoryUsage of job (MB)
	649092  -  ResidentSetSize of job (KB)
...
006 (13118.385.000) 2024-06-08 10:48:21 Image size of job updated: 1626440
	634  -  MemoryUsage of job (MB)
	649092  -  ResidentSetSize of job (KB)
...
006 (13118.385.000) 2024-06-08 10:53:21 Image size of job updated: 1693724
	634  -  MemoryUsage of job (MB)
	649092  -  ResidentSetSize of job (KB)
...
006 (13118.385.000) 2024-06-08 10:58:21 Image size of job updated: 1694656
	646  -  MemoryUsage of job (MB)
	661244  -  ResidentSetSize of job (KB)
...
006 (13118.385.000) 2024-06-08 11:00:43 Image size of job updated: 1694716
	646  -  MemoryUsage of job (MB)
	661244  -  ResidentSetSize of job (KB)
...
005 (13118.385.000) 2024-06-08 11:00:43 Job terminated.
	(1) Normal termination (return value 0)
		Usr 0 01:27:00, Sys 0 00:00:27  -  Run Remote Usage
		Usr 0 00:00:00, Sys 0 00:00:00  -  Run Local Usage
		Usr 0 01:27:00, Sys 0 00:00:27  -  Total Remote Usage
		Usr 0 00:00:00, Sys 0 00:00:00  -  Total Local Usage
	0  -  Run Bytes Sent By Job
	0  -  Run Bytes Received By Job
	0  -  Total Bytes Sent By Job
	0  -  Total Bytes Received By Job
	Partitionable Resources :    Usage  Request Allocated 
	   Cpus                 :     1.00        1         1 
	   Disk (KB)            :    15          15      2148 
	   Memory (MB)          :   646       20480     20480 

	Job terminated of its own accord at 2024-06-08T09:00:43Z with exit-code 0.
...
