000 (13112.054.000) 2024-06-07 15:12:16 Job submitted from host: <10.18.24.233:9618?addrs=10.18.24.233-9618&alias=bioclusts03.bioclust.biologie.ens.fr&noUDP&sock=schedd_942_b64d>
...
001 (13112.054.000) 2024-06-07 15:12:19 Job executing on host: <10.18.24.46:9618?addrs=10.18.24.46-9618&alias=bioclust46.bioclust.biologie.ens.fr&noUDP&sock=startd_1109_429e>
...
006 (13112.054.000) 2024-06-07 15:12:28 Image size of job updated: 640972
	146  -  MemoryUsage of job (MB)
	148500  -  ResidentSetSize of job (KB)
...
006 (13112.054.000) 2024-06-07 15:17:29 Image size of job updated: 1545124
	557  -  MemoryUsage of job (MB)
	569724  -  ResidentSetSize of job (KB)
...
006 (13112.054.000) 2024-06-07 15:22:29 Image size of job updated: 1550008
	562  -  MemoryUsage of job (MB)
	574908  -  ResidentSetSize of job (KB)
...
006 (13112.054.000) 2024-06-07 15:27:29 Image size of job updated: 1550008
	562  -  MemoryUsage of job (MB)
	575008  -  ResidentSetSize of job (KB)
...
006 (13112.054.000) 2024-06-07 15:32:30 Image size of job updated: 1550932
	563  -  MemoryUsage of job (MB)
	576084  -  ResidentSetSize of job (KB)
...
006 (13112.054.000) 2024-06-07 15:37:31 Image size of job updated: 1551988
	564  -  MemoryUsage of job (MB)
	577432  -  ResidentSetSize of job (KB)
...
006 (13112.054.000) 2024-06-07 15:42:31 Image size of job updated: 1552780
	572  -  MemoryUsage of job (MB)
	584812  -  ResidentSetSize of job (KB)
...
006 (13112.054.000) 2024-06-07 15:47:31 Image size of job updated: 1554100
	572  -  MemoryUsage of job (MB)
	584812  -  ResidentSetSize of job (KB)
...
006 (13112.054.000) 2024-06-07 15:52:32 Image size of job updated: 1555552
	572  -  MemoryUsage of job (MB)
	584812  -  ResidentSetSize of job (KB)
...
006 (13112.054.000) 2024-06-07 15:57:33 Image size of job updated: 1558996
	577  -  MemoryUsage of job (MB)
	589884  -  ResidentSetSize of job (KB)
...
006 (13112.054.000) 2024-06-07 16:12:35 Image size of job updated: 1560776
	577  -  MemoryUsage of job (MB)
	589884  -  ResidentSetSize of job (KB)
...
006 (13112.054.000) 2024-06-07 16:17:35 Image size of job updated: 1561700
	577  -  MemoryUsage of job (MB)
	589884  -  ResidentSetSize of job (KB)
...
006 (13112.054.000) 2024-06-07 16:22:35 Image size of job updated: 1565396
	578  -  MemoryUsage of job (MB)
	591268  -  ResidentSetSize of job (KB)
...
006 (13112.054.000) 2024-06-07 16:27:36 Image size of job updated: 1568484
	578  -  MemoryUsage of job (MB)
	591268  -  ResidentSetSize of job (KB)
...
006 (13112.054.000) 2024-06-07 16:32:37 Image size of job updated: 1568484
	587  -  MemoryUsage of job (MB)
	600756  -  ResidentSetSize of job (KB)
...
005 (13112.054.000) 2024-06-07 16:37:25 Job terminated.
	(1) Normal termination (return value 0)
		Usr 0 01:24:17, Sys 0 00:00:26  -  Run Remote Usage
		Usr 0 00:00:00, Sys 0 00:00:00  -  Run Local Usage
		Usr 0 01:24:17, Sys 0 00:00:26  -  Total Remote Usage
		Usr 0 00:00:00, Sys 0 00:00:00  -  Total Local Usage
	0  -  Run Bytes Sent By Job
	0  -  Run Bytes Received By Job
	0  -  Total Bytes Sent By Job
	0  -  Total Bytes Received By Job
	Partitionable Resources :    Usage  Request Allocated 
	   Cpus                 :     1.00        1         1 
	   Disk (KB)            :    15          15      3127 
	   Memory (MB)          :   587       20480     20480 

	Job terminated of its own accord at 2024-06-07T14:37:25Z with exit-code 0.
...
