000 (13118.321.000) 2024-06-07 17:04:07 Job submitted from host: <10.18.24.233:9618?addrs=10.18.24.233-9618&alias=bioclusts03.bioclust.biologie.ens.fr&noUDP&sock=schedd_942_b64d>
...
001 (13118.321.000) 2024-06-08 06:47:03 Job executing on host: <10.18.24.3:9618?addrs=10.18.24.3-9618&alias=bioclust03.bioclust.biologie.ens.fr&noUDP&sock=startd_1137_7745>
...
006 (13118.321.000) 2024-06-08 06:47:11 Image size of job updated: 805596
	246  -  MemoryUsage of job (MB)
	251792  -  ResidentSetSize of job (KB)
...
006 (13118.321.000) 2024-06-08 06:52:11 Image size of job updated: 1610220
	590  -  MemoryUsage of job (MB)
	603500  -  ResidentSetSize of job (KB)
...
006 (13118.321.000) 2024-06-08 06:57:12 Image size of job updated: 1611284
	591  -  MemoryUsage of job (MB)
	604556  -  ResidentSetSize of job (KB)
...
006 (13118.321.000) 2024-06-08 07:02:12 Image size of job updated: 1612084
	591  -  MemoryUsage of job (MB)
	604556  -  ResidentSetSize of job (KB)
...
006 (13118.321.000) 2024-06-08 07:07:12 Image size of job updated: 1613460
	593  -  MemoryUsage of job (MB)
	606852  -  ResidentSetSize of job (KB)
...
006 (13118.321.000) 2024-06-08 07:12:13 Image size of job updated: 1614524
	594  -  MemoryUsage of job (MB)
	608040  -  ResidentSetSize of job (KB)
...
006 (13118.321.000) 2024-06-08 07:17:14 Image size of job updated: 1615728
	595  -  MemoryUsage of job (MB)
	609228  -  ResidentSetSize of job (KB)
...
006 (13118.321.000) 2024-06-08 07:22:14 Image size of job updated: 1616416
	596  -  MemoryUsage of job (MB)
	610040  -  ResidentSetSize of job (KB)
...
006 (13118.321.000) 2024-06-08 07:27:15 Image size of job updated: 1617740
	598  -  MemoryUsage of job (MB)
	611360  -  ResidentSetSize of job (KB)
...
006 (13118.321.000) 2024-06-08 07:32:16 Image size of job updated: 1618812
	599  -  MemoryUsage of job (MB)
	612480  -  ResidentSetSize of job (KB)
...
006 (13118.321.000) 2024-06-08 07:37:16 Image size of job updated: 1620152
	600  -  MemoryUsage of job (MB)
	613748  -  ResidentSetSize of job (KB)
...
006 (13118.321.000) 2024-06-08 07:42:16 Image size of job updated: 1621080
	601  -  MemoryUsage of job (MB)
	614804  -  ResidentSetSize of job (KB)
...
006 (13118.321.000) 2024-06-08 07:47:17 Image size of job updated: 1622140
	602  -  MemoryUsage of job (MB)
	615992  -  ResidentSetSize of job (KB)
...
006 (13118.321.000) 2024-06-08 07:52:17 Image size of job updated: 1622840
	603  -  MemoryUsage of job (MB)
	616992  -  ResidentSetSize of job (KB)
...
006 (13118.321.000) 2024-06-08 07:57:17 Image size of job updated: 1624164
	604  -  MemoryUsage of job (MB)
	618048  -  ResidentSetSize of job (KB)
...
006 (13118.321.000) 2024-06-08 08:02:18 Image size of job updated: 1625156
	605  -  MemoryUsage of job (MB)
	619292  -  ResidentSetSize of job (KB)
...
006 (13118.321.000) 2024-06-08 08:04:29 Image size of job updated: 1625688
	605  -  MemoryUsage of job (MB)
	619292  -  ResidentSetSize of job (KB)
...
005 (13118.321.000) 2024-06-08 08:04:29 Job terminated.
	(1) Normal termination (return value 0)
		Usr 0 01:17:12, Sys 0 00:00:04  -  Run Remote Usage
		Usr 0 00:00:00, Sys 0 00:00:00  -  Run Local Usage
		Usr 0 01:17:12, Sys 0 00:00:04  -  Total Remote Usage
		Usr 0 00:00:00, Sys 0 00:00:00  -  Total Local Usage
	0  -  Run Bytes Sent By Job
	0  -  Run Bytes Received By Job
	0  -  Total Bytes Sent By Job
	0  -  Total Bytes Received By Job
	Partitionable Resources :    Usage  Request Allocated 
	   Cpus                 :     1.00        1         1 
	   Disk (KB)            :    15          15      2148 
	   Memory (MB)          :   605       20480     20480 

	Job terminated of its own accord at 2024-06-08T06:04:29Z with exit-code 0.
...
