000 (13118.220.000) 2024-06-07 17:04:04 Job submitted from host: <10.18.24.233:9618?addrs=10.18.24.233-9618&alias=bioclusts03.bioclust.biologie.ens.fr&noUDP&sock=schedd_942_b64d>
...
001 (13118.220.000) 2024-06-08 02:24:58 Job executing on host: <10.18.24.7:9618?addrs=10.18.24.7-9618&alias=bioclust07.bioclust.biologie.ens.fr&noUDP&sock=startd_1149_b268>
...
006 (13118.220.000) 2024-06-08 02:25:07 Image size of job updated: 852152
	167  -  MemoryUsage of job (MB)
	170584  -  ResidentSetSize of job (KB)
...
006 (13118.220.000) 2024-06-08 02:30:09 Image size of job updated: 1605532
	592  -  MemoryUsage of job (MB)
	605460  -  ResidentSetSize of job (KB)
...
006 (13118.220.000) 2024-06-08 02:35:09 Image size of job updated: 1611340
	592  -  MemoryUsage of job (MB)
	605856  -  ResidentSetSize of job (KB)
...
006 (13118.220.000) 2024-06-08 02:40:09 Image size of job updated: 1614508
	598  -  MemoryUsage of job (MB)
	611860  -  ResidentSetSize of job (KB)
...
006 (13118.220.000) 2024-06-08 02:45:10 Image size of job updated: 1617284
	605  -  MemoryUsage of job (MB)
	618632  -  ResidentSetSize of job (KB)
...
006 (13118.220.000) 2024-06-08 02:50:11 Image size of job updated: 1620280
	612  -  MemoryUsage of job (MB)
	625700  -  ResidentSetSize of job (KB)
...
006 (13118.220.000) 2024-06-08 02:55:11 Image size of job updated: 1624112
	616  -  MemoryUsage of job (MB)
	630444  -  ResidentSetSize of job (KB)
...
006 (13118.220.000) 2024-06-08 03:00:12 Image size of job updated: 1627280
	621  -  MemoryUsage of job (MB)
	635800  -  ResidentSetSize of job (KB)
...
006 (13118.220.000) 2024-06-08 03:05:13 Image size of job updated: 1630736
	626  -  MemoryUsage of job (MB)
	640920  -  ResidentSetSize of job (KB)
...
006 (13118.220.000) 2024-06-08 03:10:13 Image size of job updated: 1700512
	633  -  MemoryUsage of job (MB)
	647276  -  ResidentSetSize of job (KB)
...
006 (13118.220.000) 2024-06-08 03:15:13 Image size of job updated: 1702228
	636  -  MemoryUsage of job (MB)
	650664  -  ResidentSetSize of job (KB)
...
006 (13118.220.000) 2024-06-08 03:20:14 Image size of job updated: 1705924
	641  -  MemoryUsage of job (MB)
	655596  -  ResidentSetSize of job (KB)
...
006 (13118.220.000) 2024-06-08 03:25:14 Image size of job updated: 1709356
	645  -  MemoryUsage of job (MB)
	660384  -  ResidentSetSize of job (KB)
...
006 (13118.220.000) 2024-06-08 03:30:14 Image size of job updated: 1712524
	650  -  MemoryUsage of job (MB)
	664752  -  ResidentSetSize of job (KB)
...
006 (13118.220.000) 2024-06-08 03:35:16 Image size of job updated: 1715564
	654  -  MemoryUsage of job (MB)
	668832  -  ResidentSetSize of job (KB)
...
006 (13118.220.000) 2024-06-08 03:40:16 Image size of job updated: 1718472
	658  -  MemoryUsage of job (MB)
	672908  -  ResidentSetSize of job (KB)
...
006 (13118.220.000) 2024-06-08 03:45:16 Image size of job updated: 1720716
	661  -  MemoryUsage of job (MB)
	675884  -  ResidentSetSize of job (KB)
...
006 (13118.220.000) 2024-06-08 03:50:17 Image size of job updated: 1723488
	664  -  MemoryUsage of job (MB)
	679744  -  ResidentSetSize of job (KB)
...
006 (13118.220.000) 2024-06-08 03:55:18 Image size of job updated: 1726260
	668  -  MemoryUsage of job (MB)
	683572  -  ResidentSetSize of job (KB)
...
006 (13118.220.000) 2024-06-08 04:00:18 Image size of job updated: 1729824
	672  -  MemoryUsage of job (MB)
	687160  -  ResidentSetSize of job (KB)
...
006 (13118.220.000) 2024-06-08 04:05:19 Image size of job updated: 1732320
	675  -  MemoryUsage of job (MB)
	691176  -  ResidentSetSize of job (KB)
...
006 (13118.220.000) 2024-06-08 04:10:20 Image size of job updated: 1733992
	679  -  MemoryUsage of job (MB)
	694324  -  ResidentSetSize of job (KB)
...
006 (13118.220.000) 2024-06-08 04:15:20 Image size of job updated: 1738348
	683  -  MemoryUsage of job (MB)
	698900  -  ResidentSetSize of job (KB)
...
006 (13118.220.000) 2024-06-08 04:20:20 Image size of job updated: 1741120
	686  -  MemoryUsage of job (MB)
	702140  -  ResidentSetSize of job (KB)
...
006 (13118.220.000) 2024-06-08 04:25:21 Image size of job updated: 1743884
	690  -  MemoryUsage of job (MB)
	705908  -  ResidentSetSize of job (KB)
...
006 (13118.220.000) 2024-06-08 04:30:21 Image size of job updated: 1746524
	693  -  MemoryUsage of job (MB)
	709392  -  ResidentSetSize of job (KB)
...
006 (13118.220.000) 2024-06-08 04:35:21 Image size of job updated: 1749428
	697  -  MemoryUsage of job (MB)
	713172  -  ResidentSetSize of job (KB)
...
006 (13118.220.000) 2024-06-08 04:40:22 Image size of job updated: 1750616
	700  -  MemoryUsage of job (MB)
	715884  -  ResidentSetSize of job (KB)
...
006 (13118.220.000) 2024-06-08 04:45:23 Image size of job updated: 1754756
	704  -  MemoryUsage of job (MB)
	720288  -  ResidentSetSize of job (KB)
...
006 (13118.220.000) 2024-06-08 04:50:23 Image size of job updated: 1757000
	707  -  MemoryUsage of job (MB)
	723620  -  ResidentSetSize of job (KB)
...
006 (13118.220.000) 2024-06-08 04:55:24 Image size of job updated: 1758848
	710  -  MemoryUsage of job (MB)
	726504  -  ResidentSetSize of job (KB)
...
006 (13118.220.000) 2024-06-08 05:00:25 Image size of job updated: 1762016
	718  -  MemoryUsage of job (MB)
	734360  -  ResidentSetSize of job (KB)
...
006 (13118.220.000) 2024-06-08 05:05:25 Image size of job updated: 1764128
	718  -  MemoryUsage of job (MB)
	734492  -  ResidentSetSize of job (KB)
...
006 (13118.220.000) 2024-06-08 05:10:26 Image size of job updated: 1766108
	719  -  MemoryUsage of job (MB)
	735324  -  ResidentSetSize of job (KB)
...
006 (13118.220.000) 2024-06-08 05:15:27 Image size of job updated: 1769144
	722  -  MemoryUsage of job (MB)
	739120  -  ResidentSetSize of job (KB)
...
006 (13118.220.000) 2024-06-08 05:20:27 Image size of job updated: 1770764
	724  -  MemoryUsage of job (MB)
	741328  -  ResidentSetSize of job (KB)
...
006 (13118.220.000) 2024-06-08 05:25:27 Image size of job updated: 1773008
	728  -  MemoryUsage of job (MB)
	744516  -  ResidentSetSize of job (KB)
...
006 (13118.220.000) 2024-06-08 05:30:28 Image size of job updated: 1775780
	731  -  MemoryUsage of job (MB)
	747640  -  ResidentSetSize of job (KB)
...
006 (13118.220.000) 2024-06-08 05:32:30 Image size of job updated: 1777380
	731  -  MemoryUsage of job (MB)
	747640  -  ResidentSetSize of job (KB)
...
005 (13118.220.000) 2024-06-08 05:32:30 Job terminated.
	(1) Normal termination (return value 0)
		Usr 0 03:06:10, Sys 0 00:01:01  -  Run Remote Usage
		Usr 0 00:00:00, Sys 0 00:00:00  -  Run Local Usage
		Usr 0 03:06:10, Sys 0 00:01:01  -  Total Remote Usage
		Usr 0 00:00:00, Sys 0 00:00:00  -  Total Local Usage
	0  -  Run Bytes Sent By Job
	0  -  Run Bytes Received By Job
	0  -  Total Bytes Sent By Job
	0  -  Total Bytes Received By Job
	Partitionable Resources :    Usage  Request Allocated 
	   Cpus                 :     1.00        1         1 
	   Disk (KB)            :    15          15      2393 
	   Memory (MB)          :   731       20480     20480 

	Job terminated of its own accord at 2024-06-08T03:32:30Z with exit-code 0.
...
