000 (13763.063.000) 2024-09-23 16:11:28 Job submitted from host: <10.18.24.233:9618?addrs=10.18.24.233-9618&alias=bioclusts03.bioclust.biologie.ens.fr&noUDP&sock=schedd_942_b64d>
...
001 (13763.063.000) 2024-09-23 16:11:31 Job executing on host: <10.18.24.19:9618?addrs=10.18.24.19-9618&alias=bioclust19.bioclust.biologie.ens.fr&noUDP&sock=startd_1394_bf1c>
...
006 (13763.063.000) 2024-09-23 16:11:40 Image size of job updated: 411836
	315  -  MemoryUsage of job (MB)
	321548  -  ResidentSetSize of job (KB)
...
006 (13763.063.000) 2024-09-23 16:16:41 Image size of job updated: 1624324
	566  -  MemoryUsage of job (MB)
	578996  -  ResidentSetSize of job (KB)
...
006 (13763.063.000) 2024-09-23 16:21:41 Image size of job updated: 1625912
	568  -  MemoryUsage of job (MB)
	581108  -  ResidentSetSize of job (KB)
...
006 (13763.063.000) 2024-09-23 16:26:41 Image size of job updated: 1627892
	570  -  MemoryUsage of job (MB)
	583352  -  ResidentSetSize of job (KB)
...
006 (13763.063.000) 2024-09-23 16:31:42 Image size of job updated: 1629348
	572  -  MemoryUsage of job (MB)
	585452  -  ResidentSetSize of job (KB)
...
006 (13763.063.000) 2024-09-23 16:36:43 Image size of job updated: 1631604
	575  -  MemoryUsage of job (MB)
	587784  -  ResidentSetSize of job (KB)
...
006 (13763.063.000) 2024-09-23 16:41:43 Image size of job updated: 1633328
	576  -  MemoryUsage of job (MB)
	589492  -  ResidentSetSize of job (KB)
...
006 (13763.063.000) 2024-09-23 16:46:44 Image size of job updated: 1635052
	578  -  MemoryUsage of job (MB)
	591308  -  ResidentSetSize of job (KB)
...
006 (13763.063.000) 2024-09-23 16:51:45 Image size of job updated: 1636772
	580  -  MemoryUsage of job (MB)
	593080  -  ResidentSetSize of job (KB)
...
006 (13763.063.000) 2024-09-23 16:56:45 Image size of job updated: 1638888
	582  -  MemoryUsage of job (MB)
	594988  -  ResidentSetSize of job (KB)
...
005 (13763.063.000) 2024-09-23 16:58:29 Job terminated.
	(1) Normal termination (return value 0)
		Usr 0 00:46:44, Sys 0 00:00:03  -  Run Remote Usage
		Usr 0 00:00:00, Sys 0 00:00:00  -  Run Local Usage
		Usr 0 00:46:44, Sys 0 00:00:03  -  Total Remote Usage
		Usr 0 00:00:00, Sys 0 00:00:00  -  Total Local Usage
	0  -  Run Bytes Sent By Job
	0  -  Run Bytes Received By Job
	0  -  Total Bytes Sent By Job
	0  -  Total Bytes Received By Job
	Partitionable Resources :    Usage  Request Allocated 
	   Cpus                 :     1.00        1         1 
	   Disk (KB)            :    15          15      3798 
	   Memory (MB)          :   582        2048      2048 

	Job terminated of its own accord at 2024-09-23T14:58:29Z with exit-code 0.
...
