000 (13118.223.000) 2024-06-07 17:04:04 Job submitted from host: <10.18.24.233:9618?addrs=10.18.24.233-9618&alias=bioclusts03.bioclust.biologie.ens.fr&noUDP&sock=schedd_942_b64d>
...
001 (13118.223.000) 2024-06-08 02:35:58 Job executing on host: <10.18.24.5:9618?addrs=10.18.24.5-9618&alias=bioclust05.bioclust.biologie.ens.fr&noUDP&sock=startd_1161_ed8b>
...
006 (13118.223.000) 2024-06-08 02:36:07 Image size of job updated: 305092
	169  -  MemoryUsage of job (MB)
	172188  -  ResidentSetSize of job (KB)
...
006 (13118.223.000) 2024-06-08 02:41:08 Image size of job updated: 1565932
	557  -  MemoryUsage of job (MB)
	569660  -  ResidentSetSize of job (KB)
...
006 (13118.223.000) 2024-06-08 02:46:08 Image size of job updated: 1568308
	560  -  MemoryUsage of job (MB)
	572788  -  ResidentSetSize of job (KB)
...
006 (13118.223.000) 2024-06-08 02:51:09 Image size of job updated: 1570420
	563  -  MemoryUsage of job (MB)
	575912  -  ResidentSetSize of job (KB)
...
006 (13118.223.000) 2024-06-08 02:56:10 Image size of job updated: 1573060
	566  -  MemoryUsage of job (MB)
	578792  -  ResidentSetSize of job (KB)
...
006 (13118.223.000) 2024-06-08 03:01:10 Image size of job updated: 1576176
	570  -  MemoryUsage of job (MB)
	583572  -  ResidentSetSize of job (KB)
...
006 (13118.223.000) 2024-06-08 03:06:10 Image size of job updated: 1577760
	572  -  MemoryUsage of job (MB)
	584816  -  ResidentSetSize of job (KB)
...
006 (13118.223.000) 2024-06-08 03:11:11 Image size of job updated: 1580268
	576  -  MemoryUsage of job (MB)
	589468  -  ResidentSetSize of job (KB)
...
006 (13118.223.000) 2024-06-08 03:16:11 Image size of job updated: 1582248
	580  -  MemoryUsage of job (MB)
	593752  -  ResidentSetSize of job (KB)
...
006 (13118.223.000) 2024-06-08 03:21:11 Image size of job updated: 1584888
	582  -  MemoryUsage of job (MB)
	595124  -  ResidentSetSize of job (KB)
...
005 (13118.223.000) 2024-06-08 03:22:03 Job terminated.
	(1) Normal termination (return value 0)
		Usr 0 00:45:43, Sys 0 00:00:15  -  Run Remote Usage
		Usr 0 00:00:00, Sys 0 00:00:00  -  Run Local Usage
		Usr 0 00:45:43, Sys 0 00:00:15  -  Total Remote Usage
		Usr 0 00:00:00, Sys 0 00:00:00  -  Total Local Usage
	0  -  Run Bytes Sent By Job
	0  -  Run Bytes Received By Job
	0  -  Total Bytes Sent By Job
	0  -  Total Bytes Received By Job
	Partitionable Resources :    Usage  Request Allocated 
	   Cpus                 :     1.00        1         1 
	   Disk (KB)            :    15          15      2245 
	   Memory (MB)          :   582       20480     20480 

	Job terminated of its own accord at 2024-06-08T01:22:03Z with exit-code 0.
...
