000 (13118.243.000) 2024-06-07 17:04:05 Job submitted from host: <10.18.24.233:9618?addrs=10.18.24.233-9618&alias=bioclusts03.bioclust.biologie.ens.fr&noUDP&sock=schedd_942_b64d>
...
001 (13118.243.000) 2024-06-08 03:23:00 Job executing on host: <10.18.24.5:9618?addrs=10.18.24.5-9618&alias=bioclust05.bioclust.biologie.ens.fr&noUDP&sock=startd_1161_ed8b>
...
006 (13118.243.000) 2024-06-08 03:23:09 Image size of job updated: 670064
	167  -  MemoryUsage of job (MB)
	170576  -  ResidentSetSize of job (KB)
...
006 (13118.243.000) 2024-06-08 03:28:10 Image size of job updated: 1595572
	578  -  MemoryUsage of job (MB)
	591860  -  ResidentSetSize of job (KB)
...
006 (13118.243.000) 2024-06-08 03:33:10 Image size of job updated: 1596492
	580  -  MemoryUsage of job (MB)
	593008  -  ResidentSetSize of job (KB)
...
006 (13118.243.000) 2024-06-08 03:38:10 Image size of job updated: 1598884
	582  -  MemoryUsage of job (MB)
	595228  -  ResidentSetSize of job (KB)
...
006 (13118.243.000) 2024-06-08 03:43:11 Image size of job updated: 1599484
	583  -  MemoryUsage of job (MB)
	596028  -  ResidentSetSize of job (KB)
...
006 (13118.243.000) 2024-06-08 03:48:11 Image size of job updated: 1601920
	585  -  MemoryUsage of job (MB)
	598300  -  ResidentSetSize of job (KB)
...
006 (13118.243.000) 2024-06-08 03:53:11 Image size of job updated: 1603900
	587  -  MemoryUsage of job (MB)
	600360  -  ResidentSetSize of job (KB)
...
006 (13118.243.000) 2024-06-08 03:58:12 Image size of job updated: 1605488
	587  -  MemoryUsage of job (MB)
	600484  -  ResidentSetSize of job (KB)
...
006 (13118.243.000) 2024-06-08 04:03:13 Image size of job updated: 1607452
	590  -  MemoryUsage of job (MB)
	603928  -  ResidentSetSize of job (KB)
...
006 (13118.243.000) 2024-06-08 04:08:13 Image size of job updated: 1609180
	592  -  MemoryUsage of job (MB)
	605612  -  ResidentSetSize of job (KB)
...
006 (13118.243.000) 2024-06-08 04:13:14 Image size of job updated: 1609728
	592  -  MemoryUsage of job (MB)
	605612  -  ResidentSetSize of job (KB)
...
006 (13118.243.000) 2024-06-08 04:18:15 Image size of job updated: 1612100
	595  -  MemoryUsage of job (MB)
	609256  -  ResidentSetSize of job (KB)
...
006 (13118.243.000) 2024-06-08 04:23:15 Image size of job updated: 1613452
	595  -  MemoryUsage of job (MB)
	609256  -  ResidentSetSize of job (KB)
...
006 (13118.243.000) 2024-06-08 04:28:15 Image size of job updated: 1615920
	597  -  MemoryUsage of job (MB)
	611156  -  ResidentSetSize of job (KB)
...
006 (13118.243.000) 2024-06-08 04:33:16 Image size of job updated: 1617644
	598  -  MemoryUsage of job (MB)
	612132  -  ResidentSetSize of job (KB)
...
006 (13118.243.000) 2024-06-08 04:38:16 Image size of job updated: 1618484
	602  -  MemoryUsage of job (MB)
	615660  -  ResidentSetSize of job (KB)
...
006 (13118.243.000) 2024-06-08 04:43:16 Image size of job updated: 1620940
	603  -  MemoryUsage of job (MB)
	617404  -  ResidentSetSize of job (KB)
...
006 (13118.243.000) 2024-06-08 04:48:18 Image size of job updated: 1623524
	603  -  MemoryUsage of job (MB)
	617404  -  ResidentSetSize of job (KB)
...
006 (13118.243.000) 2024-06-08 04:52:11 Image size of job updated: 1624672
	603  -  MemoryUsage of job (MB)
	617404  -  ResidentSetSize of job (KB)
...
005 (13118.243.000) 2024-06-08 04:52:11 Job terminated.
	(1) Normal termination (return value 0)
		Usr 0 01:28:56, Sys 0 00:00:05  -  Run Remote Usage
		Usr 0 00:00:00, Sys 0 00:00:00  -  Run Local Usage
		Usr 0 01:28:56, Sys 0 00:00:05  -  Total Remote Usage
		Usr 0 00:00:00, Sys 0 00:00:00  -  Total Local Usage
	0  -  Run Bytes Sent By Job
	0  -  Run Bytes Received By Job
	0  -  Total Bytes Sent By Job
	0  -  Total Bytes Received By Job
	Partitionable Resources :    Usage  Request Allocated 
	   Cpus                 :     1.00        1         1 
	   Disk (KB)            :    15          15      2245 
	   Memory (MB)          :   603       20480     20480 

	Job terminated of its own accord at 2024-06-08T02:52:11Z with exit-code 0.
...
