000 (13763.038.000) 2024-09-23 16:11:28 Job submitted from host: <10.18.24.233:9618?addrs=10.18.24.233-9618&alias=bioclusts03.bioclust.biologie.ens.fr&noUDP&sock=schedd_942_b64d>
...
001 (13763.038.000) 2024-09-23 16:11:31 Job executing on host: <10.18.24.182:9618?addrs=10.18.24.182-9618&alias=mcbsclust11.bioclust.biologie.ens.fr&noUDP&sock=startd_1538_84bf>
...
006 (13763.038.000) 2024-09-23 16:11:40 Image size of job updated: 326724
	147  -  MemoryUsage of job (MB)
	149688  -  ResidentSetSize of job (KB)
...
006 (13763.038.000) 2024-09-23 16:16:41 Image size of job updated: 1648244
	545  -  MemoryUsage of job (MB)
	557644  -  ResidentSetSize of job (KB)
...
006 (13763.038.000) 2024-09-23 16:21:41 Image size of job updated: 1649828
	549  -  MemoryUsage of job (MB)
	561604  -  ResidentSetSize of job (KB)
...
006 (13763.038.000) 2024-09-23 16:26:41 Image size of job updated: 1651680
	552  -  MemoryUsage of job (MB)
	564904  -  ResidentSetSize of job (KB)
...
006 (13763.038.000) 2024-09-23 16:31:42 Image size of job updated: 1652604
	554  -  MemoryUsage of job (MB)
	567280  -  ResidentSetSize of job (KB)
...
006 (13763.038.000) 2024-09-23 16:36:43 Image size of job updated: 1654728
	569  -  MemoryUsage of job (MB)
	582196  -  ResidentSetSize of job (KB)
...
006 (13763.038.000) 2024-09-23 16:41:43 Image size of job updated: 1656200
	571  -  MemoryUsage of job (MB)
	583912  -  ResidentSetSize of job (KB)
...
006 (13763.038.000) 2024-09-23 16:46:43 Image size of job updated: 1657136
	572  -  MemoryUsage of job (MB)
	584968  -  ResidentSetSize of job (KB)
...
006 (13763.038.000) 2024-09-23 16:51:44 Image size of job updated: 1658236
	573  -  MemoryUsage of job (MB)
	586188  -  ResidentSetSize of job (KB)
...
006 (13763.038.000) 2024-09-23 16:56:44 Image size of job updated: 1659640
	574  -  MemoryUsage of job (MB)
	587596  -  ResidentSetSize of job (KB)
...
006 (13763.038.000) 2024-09-23 17:01:44 Image size of job updated: 1660688
	576  -  MemoryUsage of job (MB)
	589348  -  ResidentSetSize of job (KB)
...
006 (13763.038.000) 2024-09-23 17:06:45 Image size of job updated: 1661360
	577  -  MemoryUsage of job (MB)
	590328  -  ResidentSetSize of job (KB)
...
006 (13763.038.000) 2024-09-23 17:11:46 Image size of job updated: 1662912
	579  -  MemoryUsage of job (MB)
	592052  -  ResidentSetSize of job (KB)
...
006 (13763.038.000) 2024-09-23 17:16:46 Image size of job updated: 1664108
	580  -  MemoryUsage of job (MB)
	593436  -  ResidentSetSize of job (KB)
...
006 (13763.038.000) 2024-09-23 17:21:47 Image size of job updated: 1665436
	584  -  MemoryUsage of job (MB)
	597396  -  ResidentSetSize of job (KB)
...
006 (13763.038.000) 2024-09-23 17:23:08 Image size of job updated: 1665568
	584  -  MemoryUsage of job (MB)
	597396  -  ResidentSetSize of job (KB)
...
005 (13763.038.000) 2024-09-23 17:23:08 Job terminated.
	(1) Normal termination (return value 0)
		Usr 0 01:11:14, Sys 0 00:00:03  -  Run Remote Usage
		Usr 0 00:00:00, Sys 0 00:00:00  -  Run Local Usage
		Usr 0 01:11:14, Sys 0 00:00:03  -  Total Remote Usage
		Usr 0 00:00:00, Sys 0 00:00:00  -  Total Local Usage
	0  -  Run Bytes Sent By Job
	0  -  Run Bytes Received By Job
	0  -  Total Bytes Sent By Job
	0  -  Total Bytes Received By Job
	Partitionable Resources :    Usage  Request Allocated 
	   Cpus                 :     1.00        1         1 
	   Disk (KB)            :    15          15      2368 
	   Memory (MB)          :   584        2048      2048 

	Job terminated of its own accord at 2024-09-23T15:23:08Z with exit-code 0.
...
