000 (13118.072.000) 2024-06-07 17:04:00 Job submitted from host: <10.18.24.233:9618?addrs=10.18.24.233-9618&alias=bioclusts03.bioclust.biologie.ens.fr&noUDP&sock=schedd_942_b64d>
...
001 (13118.072.000) 2024-06-07 19:42:36 Job executing on host: <10.18.24.45:9618?addrs=10.18.24.45-9618&alias=bioclust45.bioclust.biologie.ens.fr&noUDP&sock=startd_826558_9dc7>
...
006 (13118.072.000) 2024-06-07 19:42:44 Image size of job updated: 870800
	179  -  MemoryUsage of job (MB)
	183100  -  ResidentSetSize of job (KB)
...
006 (13118.072.000) 2024-06-07 19:47:44 Image size of job updated: 1596892
	574  -  MemoryUsage of job (MB)
	587216  -  ResidentSetSize of job (KB)
...
006 (13118.072.000) 2024-06-07 19:52:45 Image size of job updated: 1597960
	575  -  MemoryUsage of job (MB)
	588404  -  ResidentSetSize of job (KB)
...
006 (13118.072.000) 2024-06-07 19:57:46 Image size of job updated: 1598892
	576  -  MemoryUsage of job (MB)
	589460  -  ResidentSetSize of job (KB)
...
006 (13118.072.000) 2024-06-07 20:02:46 Image size of job updated: 1599552
	577  -  MemoryUsage of job (MB)
	590120  -  ResidentSetSize of job (KB)
...
006 (13118.072.000) 2024-06-07 20:07:47 Image size of job updated: 1600968
	577  -  MemoryUsage of job (MB)
	590120  -  ResidentSetSize of job (KB)
...
006 (13118.072.000) 2024-06-07 20:12:48 Image size of job updated: 1602296
	580  -  MemoryUsage of job (MB)
	593236  -  ResidentSetSize of job (KB)
...
006 (13118.072.000) 2024-06-07 20:17:48 Image size of job updated: 1602832
	580  -  MemoryUsage of job (MB)
	593764  -  ResidentSetSize of job (KB)
...
006 (13118.072.000) 2024-06-07 20:22:48 Image size of job updated: 1603624
	581  -  MemoryUsage of job (MB)
	594820  -  ResidentSetSize of job (KB)
...
006 (13118.072.000) 2024-06-07 20:27:50 Image size of job updated: 1604820
	583  -  MemoryUsage of job (MB)
	596008  -  ResidentSetSize of job (KB)
...
006 (13118.072.000) 2024-06-07 20:32:50 Image size of job updated: 1605892
	584  -  MemoryUsage of job (MB)
	597064  -  ResidentSetSize of job (KB)
...
006 (13118.072.000) 2024-06-07 20:37:50 Image size of job updated: 1606572
	584  -  MemoryUsage of job (MB)
	597908  -  ResidentSetSize of job (KB)
...
006 (13118.072.000) 2024-06-07 20:42:51 Image size of job updated: 1608280
	586  -  MemoryUsage of job (MB)
	599440  -  ResidentSetSize of job (KB)
...
006 (13118.072.000) 2024-06-07 20:47:52 Image size of job updated: 1609012
	587  -  MemoryUsage of job (MB)
	600316  -  ResidentSetSize of job (KB)
...
006 (13118.072.000) 2024-06-07 20:52:52 Image size of job updated: 1610300
	588  -  MemoryUsage of job (MB)
	601700  -  ResidentSetSize of job (KB)
...
006 (13118.072.000) 2024-06-07 20:57:53 Image size of job updated: 1611240
	589  -  MemoryUsage of job (MB)
	602948  -  ResidentSetSize of job (KB)
...
006 (13118.072.000) 2024-06-07 21:02:27 Image size of job updated: 1612208
	589  -  MemoryUsage of job (MB)
	602948  -  ResidentSetSize of job (KB)
...
005 (13118.072.000) 2024-06-07 21:02:28 Job terminated.
	(1) Normal termination (return value 0)
		Usr 0 01:19:01, Sys 0 00:00:04  -  Run Remote Usage
		Usr 0 00:00:00, Sys 0 00:00:00  -  Run Local Usage
		Usr 0 01:19:01, Sys 0 00:00:04  -  Total Remote Usage
		Usr 0 00:00:00, Sys 0 00:00:00  -  Total Local Usage
	0  -  Run Bytes Sent By Job
	0  -  Run Bytes Received By Job
	0  -  Total Bytes Sent By Job
	0  -  Total Bytes Received By Job
	Partitionable Resources :    Usage  Request Allocated 
	   Cpus                 :     0.99        1         1 
	   Disk (KB)            :    15          15      2237 
	   Memory (MB)          :   589       20480     20480 

	Job terminated of its own accord at 2024-06-07T19:02:27Z with exit-code 0.
...
