000 (13118.298.000) 2024-06-07 17:04:06 Job submitted from host: <10.18.24.233:9618?addrs=10.18.24.233-9618&alias=bioclusts03.bioclust.biologie.ens.fr&noUDP&sock=schedd_942_b64d>
...
001 (13118.298.000) 2024-06-08 05:48:02 Job executing on host: <10.18.24.14:9618?addrs=10.18.24.14-9618&alias=bioclust14.bioclust.biologie.ens.fr&noUDP&sock=startd_1218_0671>
...
006 (13118.298.000) 2024-06-08 05:48:11 Image size of job updated: 300696
	215  -  MemoryUsage of job (MB)
	219748  -  ResidentSetSize of job (KB)
...
006 (13118.298.000) 2024-06-08 05:53:12 Image size of job updated: 1593616
	547  -  MemoryUsage of job (MB)
	559264  -  ResidentSetSize of job (KB)
...
006 (13118.298.000) 2024-06-08 05:58:13 Image size of job updated: 1597048
	554  -  MemoryUsage of job (MB)
	567232  -  ResidentSetSize of job (KB)
...
006 (13118.298.000) 2024-06-08 06:03:13 Image size of job updated: 1600088
	562  -  MemoryUsage of job (MB)
	574696  -  ResidentSetSize of job (KB)
...
006 (13118.298.000) 2024-06-08 06:08:14 Image size of job updated: 1602508
	569  -  MemoryUsage of job (MB)
	582256  -  ResidentSetSize of job (KB)
...
006 (13118.298.000) 2024-06-08 06:13:15 Image size of job updated: 1609808
	577  -  MemoryUsage of job (MB)
	590472  -  ResidentSetSize of job (KB)
...
006 (13118.298.000) 2024-06-08 06:18:15 Image size of job updated: 1610604
	581  -  MemoryUsage of job (MB)
	593948  -  ResidentSetSize of job (KB)
...
006 (13118.298.000) 2024-06-08 06:23:15 Image size of job updated: 1613380
	585  -  MemoryUsage of job (MB)
	598532  -  ResidentSetSize of job (KB)
...
006 (13118.298.000) 2024-06-08 06:28:16 Image size of job updated: 1616892
	592  -  MemoryUsage of job (MB)
	605908  -  ResidentSetSize of job (KB)
...
006 (13118.298.000) 2024-06-08 06:33:16 Image size of job updated: 1620180
	595  -  MemoryUsage of job (MB)
	608552  -  ResidentSetSize of job (KB)
...
006 (13118.298.000) 2024-06-08 06:38:16 Image size of job updated: 1622696
	599  -  MemoryUsage of job (MB)
	613100  -  ResidentSetSize of job (KB)
...
006 (13118.298.000) 2024-06-08 06:43:17 Image size of job updated: 1626680
	604  -  MemoryUsage of job (MB)
	617840  -  ResidentSetSize of job (KB)
...
006 (13118.298.000) 2024-06-08 06:48:18 Image size of job updated: 1630772
	609  -  MemoryUsage of job (MB)
	623192  -  ResidentSetSize of job (KB)
...
006 (13118.298.000) 2024-06-08 06:53:18 Image size of job updated: 1632896
	612  -  MemoryUsage of job (MB)
	626652  -  ResidentSetSize of job (KB)
...
006 (13118.298.000) 2024-06-08 06:58:19 Image size of job updated: 1635276
	616  -  MemoryUsage of job (MB)
	630060  -  ResidentSetSize of job (KB)
...
006 (13118.298.000) 2024-06-08 07:03:20 Image size of job updated: 1639372
	621  -  MemoryUsage of job (MB)
	635240  -  ResidentSetSize of job (KB)
...
006 (13118.298.000) 2024-06-08 07:08:20 Image size of job updated: 1641740
	625  -  MemoryUsage of job (MB)
	640000  -  ResidentSetSize of job (KB)
...
006 (13118.298.000) 2024-06-08 07:13:21 Image size of job updated: 1645304
	629  -  MemoryUsage of job (MB)
	643664  -  ResidentSetSize of job (KB)
...
006 (13118.298.000) 2024-06-08 07:18:22 Image size of job updated: 1647948
	633  -  MemoryUsage of job (MB)
	647248  -  ResidentSetSize of job (KB)
...
006 (13118.298.000) 2024-06-08 07:23:22 Image size of job updated: 1650984
	637  -  MemoryUsage of job (MB)
	651448  -  ResidentSetSize of job (KB)
...
006 (13118.298.000) 2024-06-08 07:28:22 Image size of job updated: 1651248
	638  -  MemoryUsage of job (MB)
	652796  -  ResidentSetSize of job (KB)
...
006 (13118.298.000) 2024-06-08 07:33:23 Image size of job updated: 1651864
	640  -  MemoryUsage of job (MB)
	654476  -  ResidentSetSize of job (KB)
...
006 (13118.298.000) 2024-06-08 07:38:23 Image size of job updated: 1654088
	641  -  MemoryUsage of job (MB)
	656172  -  ResidentSetSize of job (KB)
...
006 (13118.298.000) 2024-06-08 07:43:23 Image size of job updated: 1658452
	647  -  MemoryUsage of job (MB)
	662016  -  ResidentSetSize of job (KB)
...
006 (13118.298.000) 2024-06-08 07:48:24 Image size of job updated: 1661756
	651  -  MemoryUsage of job (MB)
	666056  -  ResidentSetSize of job (KB)
...
006 (13118.298.000) 2024-06-08 07:53:25 Image size of job updated: 1664800
	655  -  MemoryUsage of job (MB)
	669868  -  ResidentSetSize of job (KB)
...
006 (13118.298.000) 2024-06-08 07:58:25 Image size of job updated: 1667340
	658  -  MemoryUsage of job (MB)
	673096  -  ResidentSetSize of job (KB)
...
006 (13118.298.000) 2024-06-08 08:03:26 Image size of job updated: 1671832
	663  -  MemoryUsage of job (MB)
	678396  -  ResidentSetSize of job (KB)
...
006 (13118.298.000) 2024-06-08 08:08:27 Image size of job updated: 1676256
	668  -  MemoryUsage of job (MB)
	683704  -  ResidentSetSize of job (KB)
...
006 (13118.298.000) 2024-06-08 08:13:27 Image size of job updated: 1676256
	669  -  MemoryUsage of job (MB)
	684456  -  ResidentSetSize of job (KB)
...
006 (13118.298.000) 2024-06-08 08:18:27 Image size of job updated: 1677976
	671  -  MemoryUsage of job (MB)
	686724  -  ResidentSetSize of job (KB)
...
006 (13118.298.000) 2024-06-08 08:23:28 Image size of job updated: 1680460
	677  -  MemoryUsage of job (MB)
	693224  -  ResidentSetSize of job (KB)
...
006 (13118.298.000) 2024-06-08 08:28:29 Image size of job updated: 1681780
	677  -  MemoryUsage of job (MB)
	693224  -  ResidentSetSize of job (KB)
...
006 (13118.298.000) 2024-06-08 08:33:29 Image size of job updated: 1685224
	681  -  MemoryUsage of job (MB)
	696812  -  ResidentSetSize of job (KB)
...
006 (13118.298.000) 2024-06-08 08:38:29 Image size of job updated: 1688132
	685  -  MemoryUsage of job (MB)
	700536  -  ResidentSetSize of job (KB)
...
006 (13118.298.000) 2024-06-08 08:43:30 Image size of job updated: 1690772
	696  -  MemoryUsage of job (MB)
	711744  -  ResidentSetSize of job (KB)
...
006 (13118.298.000) 2024-06-08 08:48:30 Image size of job updated: 1692488
	696  -  MemoryUsage of job (MB)
	711744  -  ResidentSetSize of job (KB)
...
006 (13118.298.000) 2024-06-08 08:53:30 Image size of job updated: 1696580
	696  -  MemoryUsage of job (MB)
	711744  -  ResidentSetSize of job (KB)
...
006 (13118.298.000) 2024-06-08 08:58:31 Image size of job updated: 1698560
	698  -  MemoryUsage of job (MB)
	714032  -  ResidentSetSize of job (KB)
...
006 (13118.298.000) 2024-06-08 09:03:32 Image size of job updated: 1701600
	702  -  MemoryUsage of job (MB)
	717912  -  ResidentSetSize of job (KB)
...
006 (13118.298.000) 2024-06-08 09:08:32 Image size of job updated: 1704380
	706  -  MemoryUsage of job (MB)
	722692  -  ResidentSetSize of job (KB)
...
006 (13118.298.000) 2024-06-08 09:13:33 Image size of job updated: 1705304
	706  -  MemoryUsage of job (MB)
	722844  -  ResidentSetSize of job (KB)
...
006 (13118.298.000) 2024-06-08 09:18:34 Image size of job updated: 1707152
	709  -  MemoryUsage of job (MB)
	725508  -  ResidentSetSize of job (KB)
...
006 (13118.298.000) 2024-06-08 09:23:34 Image size of job updated: 1710584
	713  -  MemoryUsage of job (MB)
	729524  -  ResidentSetSize of job (KB)
...
006 (13118.298.000) 2024-06-08 09:28:35 Image size of job updated: 1712300
	719  -  MemoryUsage of job (MB)
	735952  -  ResidentSetSize of job (KB)
...
006 (13118.298.000) 2024-06-08 09:33:36 Image size of job updated: 1714412
	719  -  MemoryUsage of job (MB)
	735952  -  ResidentSetSize of job (KB)
...
006 (13118.298.000) 2024-06-08 09:38:36 Image size of job updated: 1715996
	720  -  MemoryUsage of job (MB)
	736868  -  ResidentSetSize of job (KB)
...
006 (13118.298.000) 2024-06-08 09:43:36 Image size of job updated: 1719044
	724  -  MemoryUsage of job (MB)
	741000  -  ResidentSetSize of job (KB)
...
006 (13118.298.000) 2024-06-08 09:48:37 Image size of job updated: 1721432
	726  -  MemoryUsage of job (MB)
	743236  -  ResidentSetSize of job (KB)
...
006 (13118.298.000) 2024-06-08 09:53:37 Image size of job updated: 1723016
	730  -  MemoryUsage of job (MB)
	746572  -  ResidentSetSize of job (KB)
...
006 (13118.298.000) 2024-06-08 09:58:37 Image size of job updated: 1727768
	734  -  MemoryUsage of job (MB)
	750948  -  ResidentSetSize of job (KB)
...
006 (13118.298.000) 2024-06-08 10:03:38 Image size of job updated: 1728564
	736  -  MemoryUsage of job (MB)
	752796  -  ResidentSetSize of job (KB)
...
006 (13118.298.000) 2024-06-08 10:08:39 Image size of job updated: 1731608
	739  -  MemoryUsage of job (MB)
	756476  -  ResidentSetSize of job (KB)
...
006 (13118.298.000) 2024-06-08 10:13:39 Image size of job updated: 1736240
	744  -  MemoryUsage of job (MB)
	761700  -  ResidentSetSize of job (KB)
...
005 (13118.298.000) 2024-06-08 10:16:59 Job terminated.
	(1) Normal termination (return value 0)
		Usr 0 04:27:32, Sys 0 00:01:17  -  Run Remote Usage
		Usr 0 00:00:00, Sys 0 00:00:00  -  Run Local Usage
		Usr 0 04:27:32, Sys 0 00:01:17  -  Total Remote Usage
		Usr 0 00:00:00, Sys 0 00:00:00  -  Total Local Usage
	0  -  Run Bytes Sent By Job
	0  -  Run Bytes Received By Job
	0  -  Total Bytes Sent By Job
	0  -  Total Bytes Received By Job
	Partitionable Resources :    Usage  Request Allocated 
	   Cpus                 :     1.00        1         1 
	   Disk (KB)            :    15          15      2067 
	   Memory (MB)          :   744       20480     20480 

	Job terminated of its own accord at 2024-06-08T08:16:58Z with exit-code 0.
...
