000 (13118.049.000) 2024-06-07 17:04:00 Job submitted from host: <10.18.24.233:9618?addrs=10.18.24.233-9618&alias=bioclusts03.bioclust.biologie.ens.fr&noUDP&sock=schedd_942_b64d>
...
001 (13118.049.000) 2024-06-07 18:48:36 Job executing on host: <10.18.24.5:9618?addrs=10.18.24.5-9618&alias=bioclust05.bioclust.biologie.ens.fr&noUDP&sock=startd_1161_ed8b>
...
006 (13118.049.000) 2024-06-07 18:48:44 Image size of job updated: 890360
	167  -  MemoryUsage of job (MB)
	170492  -  ResidentSetSize of job (KB)
...
006 (13118.049.000) 2024-06-07 18:53:44 Image size of job updated: 1622736
	554  -  MemoryUsage of job (MB)
	566804  -  ResidentSetSize of job (KB)
...
006 (13118.049.000) 2024-06-07 18:58:45 Image size of job updated: 1623004
	561  -  MemoryUsage of job (MB)
	574028  -  ResidentSetSize of job (KB)
...
006 (13118.049.000) 2024-06-07 19:03:46 Image size of job updated: 1625908
	561  -  MemoryUsage of job (MB)
	574028  -  ResidentSetSize of job (KB)
...
006 (13118.049.000) 2024-06-07 19:08:46 Image size of job updated: 1626568
	561  -  MemoryUsage of job (MB)
	574352  -  ResidentSetSize of job (KB)
...
006 (13118.049.000) 2024-06-07 19:13:47 Image size of job updated: 1626568
	563  -  MemoryUsage of job (MB)
	575584  -  ResidentSetSize of job (KB)
...
006 (13118.049.000) 2024-06-07 19:18:48 Image size of job updated: 1628020
	565  -  MemoryUsage of job (MB)
	578232  -  ResidentSetSize of job (KB)
...
006 (13118.049.000) 2024-06-07 19:23:48 Image size of job updated: 1631716
	569  -  MemoryUsage of job (MB)
	582616  -  ResidentSetSize of job (KB)
...
006 (13118.049.000) 2024-06-07 19:28:48 Image size of job updated: 1633564
	573  -  MemoryUsage of job (MB)
	585852  -  ResidentSetSize of job (KB)
...
006 (13118.049.000) 2024-06-07 19:33:49 Image size of job updated: 1633696
	576  -  MemoryUsage of job (MB)
	589064  -  ResidentSetSize of job (KB)
...
006 (13118.049.000) 2024-06-07 19:38:50 Image size of job updated: 1634224
	576  -  MemoryUsage of job (MB)
	589064  -  ResidentSetSize of job (KB)
...
006 (13118.049.000) 2024-06-07 19:43:50 Image size of job updated: 1637260
	577  -  MemoryUsage of job (MB)
	590176  -  ResidentSetSize of job (KB)
...
006 (13118.049.000) 2024-06-07 19:48:51 Image size of job updated: 1637260
	579  -  MemoryUsage of job (MB)
	592372  -  ResidentSetSize of job (KB)
...
006 (13118.049.000) 2024-06-07 19:53:52 Image size of job updated: 1637824
	579  -  MemoryUsage of job (MB)
	592796  -  ResidentSetSize of job (KB)
...
006 (13118.049.000) 2024-06-07 19:58:52 Image size of job updated: 1637824
	582  -  MemoryUsage of job (MB)
	595096  -  ResidentSetSize of job (KB)
...
006 (13118.049.000) 2024-06-07 20:08:53 Image size of job updated: 1643588
	585  -  MemoryUsage of job (MB)
	598388  -  ResidentSetSize of job (KB)
...
006 (13118.049.000) 2024-06-07 20:13:54 Image size of job updated: 1643588
	586  -  MemoryUsage of job (MB)
	599624  -  ResidentSetSize of job (KB)
...
006 (13118.049.000) 2024-06-07 20:18:54 Image size of job updated: 1646148
	592  -  MemoryUsage of job (MB)
	606008  -  ResidentSetSize of job (KB)
...
006 (13118.049.000) 2024-06-07 20:23:55 Image size of job updated: 1646148
	597  -  MemoryUsage of job (MB)
	610404  -  ResidentSetSize of job (KB)
...
006 (13118.049.000) 2024-06-07 20:28:56 Image size of job updated: 1648656
	597  -  MemoryUsage of job (MB)
	610404  -  ResidentSetSize of job (KB)
...
006 (13118.049.000) 2024-06-07 20:38:57 Image size of job updated: 1648656
	599  -  MemoryUsage of job (MB)
	612808  -  ResidentSetSize of job (KB)
...
006 (13118.049.000) 2024-06-07 20:43:58 Image size of job updated: 1648656
	599  -  MemoryUsage of job (MB)
	612940  -  ResidentSetSize of job (KB)
...
006 (13118.049.000) 2024-06-07 20:48:58 Image size of job updated: 1651392
	600  -  MemoryUsage of job (MB)
	613552  -  ResidentSetSize of job (KB)
...
006 (13118.049.000) 2024-06-07 20:53:58 Image size of job updated: 1653860
	600  -  MemoryUsage of job (MB)
	613552  -  ResidentSetSize of job (KB)
...
006 (13118.049.000) 2024-06-07 20:58:59 Image size of job updated: 1654600
	605  -  MemoryUsage of job (MB)
	619320  -  ResidentSetSize of job (KB)
...
006 (13118.049.000) 2024-06-07 21:03:59 Image size of job updated: 1654600
	606  -  MemoryUsage of job (MB)
	619812  -  ResidentSetSize of job (KB)
...
006 (13118.049.000) 2024-06-07 21:08:59 Image size of job updated: 1654600
	606  -  MemoryUsage of job (MB)
	620016  -  ResidentSetSize of job (KB)
...
006 (13118.049.000) 2024-06-07 21:14:00 Image size of job updated: 1654600
	606  -  MemoryUsage of job (MB)
	620520  -  ResidentSetSize of job (KB)
...
006 (13118.049.000) 2024-06-07 21:19:01 Image size of job updated: 1654600
	609  -  MemoryUsage of job (MB)
	623148  -  ResidentSetSize of job (KB)
...
006 (13118.049.000) 2024-06-07 21:24:01 Image size of job updated: 1654600
	609  -  MemoryUsage of job (MB)
	623280  -  ResidentSetSize of job (KB)
...
006 (13118.049.000) 2024-06-07 21:29:02 Image size of job updated: 1659096
	609  -  MemoryUsage of job (MB)
	623280  -  ResidentSetSize of job (KB)
...
006 (13118.049.000) 2024-06-07 21:34:03 Image size of job updated: 1660640
	614  -  MemoryUsage of job (MB)
	628348  -  ResidentSetSize of job (KB)
...
006 (13118.049.000) 2024-06-07 21:39:03 Image size of job updated: 1660640
	617  -  MemoryUsage of job (MB)
	631748  -  ResidentSetSize of job (KB)
...
006 (13118.049.000) 2024-06-07 21:44:03 Image size of job updated: 1661960
	617  -  MemoryUsage of job (MB)
	631748  -  ResidentSetSize of job (KB)
...
006 (13118.049.000) 2024-06-07 21:49:04 Image size of job updated: 1662884
	617  -  MemoryUsage of job (MB)
	631748  -  ResidentSetSize of job (KB)
...
006 (13118.049.000) 2024-06-07 21:54:04 Image size of job updated: 1662884
	618  -  MemoryUsage of job (MB)
	632100  -  ResidentSetSize of job (KB)
...
006 (13118.049.000) 2024-06-07 21:59:04 Image size of job updated: 1663412
	623  -  MemoryUsage of job (MB)
	637924  -  ResidentSetSize of job (KB)
...
006 (13118.049.000) 2024-06-07 22:04:05 Image size of job updated: 1666712
	626  -  MemoryUsage of job (MB)
	640544  -  ResidentSetSize of job (KB)
...
006 (13118.049.000) 2024-06-07 22:14:06 Image size of job updated: 1668428
	626  -  MemoryUsage of job (MB)
	640544  -  ResidentSetSize of job (KB)
...
006 (13118.049.000) 2024-06-07 22:19:06 Image size of job updated: 1670276
	626  -  MemoryUsage of job (MB)
	640928  -  ResidentSetSize of job (KB)
...
006 (13118.049.000) 2024-06-07 22:24:07 Image size of job updated: 1670276
	627  -  MemoryUsage of job (MB)
	641848  -  ResidentSetSize of job (KB)
...
006 (13118.049.000) 2024-06-07 22:29:07 Image size of job updated: 1672388
	627  -  MemoryUsage of job (MB)
	641848  -  ResidentSetSize of job (KB)
...
006 (13118.049.000) 2024-06-07 22:39:08 Image size of job updated: 1673820
	635  -  MemoryUsage of job (MB)
	649308  -  ResidentSetSize of job (KB)
...
006 (13118.049.000) 2024-06-07 22:49:09 Image size of job updated: 1675380
	635  -  MemoryUsage of job (MB)
	649308  -  ResidentSetSize of job (KB)
...
006 (13118.049.000) 2024-06-07 22:54:10 Image size of job updated: 1675380
	635  -  MemoryUsage of job (MB)
	649344  -  ResidentSetSize of job (KB)
...
006 (13118.049.000) 2024-06-07 22:59:11 Image size of job updated: 1678420
	636  -  MemoryUsage of job (MB)
	650440  -  ResidentSetSize of job (KB)
...
006 (13118.049.000) 2024-06-07 23:04:11 Image size of job updated: 1684388
	644  -  MemoryUsage of job (MB)
	658528  -  ResidentSetSize of job (KB)
...
006 (13118.049.000) 2024-06-07 23:09:11 Image size of job updated: 1684388
	646  -  MemoryUsage of job (MB)
	660740  -  ResidentSetSize of job (KB)
...
006 (13118.049.000) 2024-06-07 23:29:14 Image size of job updated: 1684388
	651  -  MemoryUsage of job (MB)
	666612  -  ResidentSetSize of job (KB)
...
006 (13118.049.000) 2024-06-07 23:39:15 Image size of job updated: 1686504
	651  -  MemoryUsage of job (MB)
	666612  -  ResidentSetSize of job (KB)
...
006 (13118.049.000) 2024-06-07 23:44:14 Image size of job updated: 1687288
	651  -  MemoryUsage of job (MB)
	666612  -  ResidentSetSize of job (KB)
...
006 (13118.049.000) 2024-06-07 23:49:14 Image size of job updated: 1690184
	651  -  MemoryUsage of job (MB)
	666612  -  ResidentSetSize of job (KB)
...
006 (13118.049.000) 2024-06-07 23:59:16 Image size of job updated: 1690796
	654  -  MemoryUsage of job (MB)
	668820  -  ResidentSetSize of job (KB)
...
006 (13118.049.000) 2024-06-08 00:04:16 Image size of job updated: 1691984
	654  -  MemoryUsage of job (MB)
	668820  -  ResidentSetSize of job (KB)
...
006 (13118.049.000) 2024-06-08 00:09:17 Image size of job updated: 1691984
	654  -  MemoryUsage of job (MB)
	668864  -  ResidentSetSize of job (KB)
...
006 (13118.049.000) 2024-06-08 00:14:18 Image size of job updated: 1697176
	656  -  MemoryUsage of job (MB)
	670956  -  ResidentSetSize of job (KB)
...
006 (13118.049.000) 2024-06-08 00:19:18 Image size of job updated: 1697176
	657  -  MemoryUsage of job (MB)
	672744  -  ResidentSetSize of job (KB)
...
006 (13118.049.000) 2024-06-08 00:24:18 Image size of job updated: 1697176
	658  -  MemoryUsage of job (MB)
	673252  -  ResidentSetSize of job (KB)
...
006 (13118.049.000) 2024-06-08 00:29:19 Image size of job updated: 1698140
	658  -  MemoryUsage of job (MB)
	673252  -  ResidentSetSize of job (KB)
...
006 (13118.049.000) 2024-06-08 00:34:19 Image size of job updated: 1698140
	658  -  MemoryUsage of job (MB)
	673528  -  ResidentSetSize of job (KB)
...
006 (13118.049.000) 2024-06-08 00:39:19 Image size of job updated: 1698140
	660  -  MemoryUsage of job (MB)
	675304  -  ResidentSetSize of job (KB)
...
006 (13118.049.000) 2024-06-08 00:44:20 Image size of job updated: 1698140
	664  -  MemoryUsage of job (MB)
	678944  -  ResidentSetSize of job (KB)
...
006 (13118.049.000) 2024-06-08 00:49:21 Image size of job updated: 1698140
	664  -  MemoryUsage of job (MB)
	679076  -  ResidentSetSize of job (KB)
...
006 (13118.049.000) 2024-06-08 00:54:21 Image size of job updated: 1704988
	670  -  MemoryUsage of job (MB)
	685100  -  ResidentSetSize of job (KB)
...
006 (13118.049.000) 2024-06-08 00:59:21 Image size of job updated: 1704988
	670  -  MemoryUsage of job (MB)
	685420  -  ResidentSetSize of job (KB)
...
006 (13118.049.000) 2024-06-08 01:04:22 Image size of job updated: 1704988
	670  -  MemoryUsage of job (MB)
	685656  -  ResidentSetSize of job (KB)
...
006 (13118.049.000) 2024-06-08 01:09:22 Image size of job updated: 1704988
	670  -  MemoryUsage of job (MB)
	685972  -  ResidentSetSize of job (KB)
...
006 (13118.049.000) 2024-06-08 01:14:22 Image size of job updated: 1704988
	684  -  MemoryUsage of job (MB)
	699492  -  ResidentSetSize of job (KB)
...
006 (13118.049.000) 2024-06-08 01:19:23 Image size of job updated: 1704988
	684  -  MemoryUsage of job (MB)
	699624  -  ResidentSetSize of job (KB)
...
006 (13118.049.000) 2024-06-08 01:39:26 Image size of job updated: 1707800
	684  -  MemoryUsage of job (MB)
	699624  -  ResidentSetSize of job (KB)
...
006 (13118.049.000) 2024-06-08 01:59:27 Image size of job updated: 1711736
	684  -  MemoryUsage of job (MB)
	699624  -  ResidentSetSize of job (KB)
...
006 (13118.049.000) 2024-06-08 02:09:29 Image size of job updated: 1715268
	684  -  MemoryUsage of job (MB)
	699624  -  ResidentSetSize of job (KB)
...
006 (13118.049.000) 2024-06-08 02:19:29 Image size of job updated: 1715880
	684  -  MemoryUsage of job (MB)
	699624  -  ResidentSetSize of job (KB)
...
006 (13118.049.000) 2024-06-08 02:24:30 Image size of job updated: 1716060
	685  -  MemoryUsage of job (MB)
	701104  -  ResidentSetSize of job (KB)
...
006 (13118.049.000) 2024-06-08 02:29:31 Image size of job updated: 1719044
	688  -  MemoryUsage of job (MB)
	704096  -  ResidentSetSize of job (KB)
...
006 (13118.049.000) 2024-06-08 02:34:31 Image size of job updated: 1719044
	694  -  MemoryUsage of job (MB)
	710444  -  ResidentSetSize of job (KB)
...
006 (13118.049.000) 2024-06-08 02:44:33 Image size of job updated: 1728048
	694  -  MemoryUsage of job (MB)
	710444  -  ResidentSetSize of job (KB)
...
006 (13118.049.000) 2024-06-08 02:54:33 Image size of job updated: 1728048
	694  -  MemoryUsage of job (MB)
	710592  -  ResidentSetSize of job (KB)
...
006 (13118.049.000) 2024-06-08 02:59:34 Image size of job updated: 1728048
	695  -  MemoryUsage of job (MB)
	711632  -  ResidentSetSize of job (KB)
...
006 (13118.049.000) 2024-06-08 03:09:34 Image size of job updated: 1729252
	695  -  MemoryUsage of job (MB)
	711632  -  ResidentSetSize of job (KB)
...
006 (13118.049.000) 2024-06-08 03:14:35 Image size of job updated: 1729252
	698  -  MemoryUsage of job (MB)
	713844  -  ResidentSetSize of job (KB)
...
006 (13118.049.000) 2024-06-08 03:19:35 Image size of job updated: 1729252
	699  -  MemoryUsage of job (MB)
	714896  -  ResidentSetSize of job (KB)
...
006 (13118.049.000) 2024-06-08 03:24:35 Image size of job updated: 1733028
	705  -  MemoryUsage of job (MB)
	721264  -  ResidentSetSize of job (KB)
...
006 (13118.049.000) 2024-06-08 03:29:36 Image size of job updated: 1733028
	705  -  MemoryUsage of job (MB)
	721648  -  ResidentSetSize of job (KB)
...
006 (13118.049.000) 2024-06-08 03:34:37 Image size of job updated: 1733028
	706  -  MemoryUsage of job (MB)
	722068  -  ResidentSetSize of job (KB)
...
006 (13118.049.000) 2024-06-08 03:39:37 Image size of job updated: 1733028
	707  -  MemoryUsage of job (MB)
	723252  -  ResidentSetSize of job (KB)
...
006 (13118.049.000) 2024-06-08 03:54:39 Image size of job updated: 1733028
	713  -  MemoryUsage of job (MB)
	729616  -  ResidentSetSize of job (KB)
...
006 (13118.049.000) 2024-06-08 03:59:40 Image size of job updated: 1734876
	713  -  MemoryUsage of job (MB)
	729616  -  ResidentSetSize of job (KB)
...
006 (13118.049.000) 2024-06-08 04:09:41 Image size of job updated: 1736464
	716  -  MemoryUsage of job (MB)
	733140  -  ResidentSetSize of job (KB)
...
006 (13118.049.000) 2024-06-08 04:14:41 Image size of job updated: 1736464
	717  -  MemoryUsage of job (MB)
	733272  -  ResidentSetSize of job (KB)
...
006 (13118.049.000) 2024-06-08 04:24:42 Image size of job updated: 1739240
	717  -  MemoryUsage of job (MB)
	733272  -  ResidentSetSize of job (KB)
...
006 (13118.049.000) 2024-06-08 04:29:42 Image size of job updated: 1739240
	719  -  MemoryUsage of job (MB)
	735432  -  ResidentSetSize of job (KB)
...
006 (13118.049.000) 2024-06-08 04:39:44 Image size of job updated: 1740904
	719  -  MemoryUsage of job (MB)
	735432  -  ResidentSetSize of job (KB)
...
006 (13118.049.000) 2024-06-08 04:44:44 Image size of job updated: 1743984
	719  -  MemoryUsage of job (MB)
	735432  -  ResidentSetSize of job (KB)
...
006 (13118.049.000) 2024-06-08 04:49:45 Image size of job updated: 1743984
	721  -  MemoryUsage of job (MB)
	737820  -  ResidentSetSize of job (KB)
...
006 (13118.049.000) 2024-06-08 05:04:47 Image size of job updated: 1745032
	721  -  MemoryUsage of job (MB)
	737860  -  ResidentSetSize of job (KB)
...
006 (13118.049.000) 2024-06-08 05:09:48 Image size of job updated: 1749012
	725  -  MemoryUsage of job (MB)
	742312  -  ResidentSetSize of job (KB)
...
006 (13118.049.000) 2024-06-08 05:19:48 Image size of job updated: 1749012
	730  -  MemoryUsage of job (MB)
	747008  -  ResidentSetSize of job (KB)
...
005 (13118.049.000) 2024-06-08 05:21:04 Job terminated.
	(1) Normal termination (return value 0)
		Usr 0 10:30:28, Sys 0 00:01:19  -  Run Remote Usage
		Usr 0 00:00:00, Sys 0 00:00:00  -  Run Local Usage
		Usr 0 10:30:28, Sys 0 00:01:19  -  Total Remote Usage
		Usr 0 00:00:00, Sys 0 00:00:00  -  Total Local Usage
	0  -  Run Bytes Sent By Job
	0  -  Run Bytes Received By Job
	0  -  Total Bytes Sent By Job
	0  -  Total Bytes Received By Job
	Partitionable Resources :    Usage  Request Allocated 
	   Cpus                 :     1.00        1         1 
	   Disk (KB)            :    15          15      2245 
	   Memory (MB)          :   730       20480     20480 

	Job terminated of its own accord at 2024-06-08T03:21:04Z with exit-code 0.
...
