000 (13118.326.000) 2024-06-07 17:04:07 Job submitted from host: <10.18.24.233:9618?addrs=10.18.24.233-9618&alias=bioclusts03.bioclust.biologie.ens.fr&noUDP&sock=schedd_942_b64d>
...
001 (13118.326.000) 2024-06-08 07:05:04 Job executing on host: <10.18.24.7:9618?addrs=10.18.24.7-9618&alias=bioclust07.bioclust.biologie.ens.fr&noUDP&sock=startd_1149_b268>
...
006 (13118.326.000) 2024-06-08 07:05:12 Image size of job updated: 328432
	236  -  MemoryUsage of job (MB)
	241116  -  ResidentSetSize of job (KB)
...
006 (13118.326.000) 2024-06-08 07:10:12 Image size of job updated: 1630648
	599  -  MemoryUsage of job (MB)
	612708  -  ResidentSetSize of job (KB)
...
006 (13118.326.000) 2024-06-08 07:15:12 Image size of job updated: 1633292
	612  -  MemoryUsage of job (MB)
	625772  -  ResidentSetSize of job (KB)
...
006 (13118.326.000) 2024-06-08 07:20:13 Image size of job updated: 1635680
	612  -  MemoryUsage of job (MB)
	625904  -  ResidentSetSize of job (KB)
...
006 (13118.326.000) 2024-06-08 07:25:13 Image size of job updated: 1638192
	612  -  MemoryUsage of job (MB)
	625904  -  ResidentSetSize of job (KB)
...
006 (13118.326.000) 2024-06-08 07:30:13 Image size of job updated: 1640040
	612  -  MemoryUsage of job (MB)
	625904  -  ResidentSetSize of job (KB)
...
006 (13118.326.000) 2024-06-08 07:35:14 Image size of job updated: 1642556
	612  -  MemoryUsage of job (MB)
	625904  -  ResidentSetSize of job (KB)
...
006 (13118.326.000) 2024-06-08 07:40:14 Image size of job updated: 1645068
	628  -  MemoryUsage of job (MB)
	642720  -  ResidentSetSize of job (KB)
...
006 (13118.326.000) 2024-06-08 07:45:14 Image size of job updated: 1647180
	628  -  MemoryUsage of job (MB)
	642720  -  ResidentSetSize of job (KB)
...
006 (13118.326.000) 2024-06-08 07:50:15 Image size of job updated: 1649824
	628  -  MemoryUsage of job (MB)
	642720  -  ResidentSetSize of job (KB)
...
006 (13118.326.000) 2024-06-08 07:55:06 Image size of job updated: 1652004
	628  -  MemoryUsage of job (MB)
	642720  -  ResidentSetSize of job (KB)
...
005 (13118.326.000) 2024-06-08 07:55:06 Job terminated.
	(1) Normal termination (return value 0)
		Usr 0 00:49:20, Sys 0 00:00:35  -  Run Remote Usage
		Usr 0 00:00:00, Sys 0 00:00:00  -  Run Local Usage
		Usr 0 00:49:20, Sys 0 00:00:35  -  Total Remote Usage
		Usr 0 00:00:00, Sys 0 00:00:00  -  Total Local Usage
	0  -  Run Bytes Sent By Job
	0  -  Run Bytes Received By Job
	0  -  Total Bytes Sent By Job
	0  -  Total Bytes Received By Job
	Partitionable Resources :    Usage  Request Allocated 
	   Cpus                 :     1.00        1         1 
	   Disk (KB)            :    15          15      2393 
	   Memory (MB)          :   628       20480     20480 

	Job terminated of its own accord at 2024-06-08T05:55:06Z with exit-code 0.
...
