000 (13118.380.000) 2024-06-07 17:04:08 Job submitted from host: <10.18.24.233:9618?addrs=10.18.24.233-9618&alias=bioclusts03.bioclust.biologie.ens.fr&noUDP&sock=schedd_942_b64d>
...
001 (13118.380.000) 2024-06-08 09:24:05 Job executing on host: <10.18.24.5:9618?addrs=10.18.24.5-9618&alias=bioclust05.bioclust.biologie.ens.fr&noUDP&sock=startd_1161_ed8b>
...
006 (13118.380.000) 2024-06-08 09:24:14 Image size of job updated: 872304
	251  -  MemoryUsage of job (MB)
	256560  -  ResidentSetSize of job (KB)
...
006 (13118.380.000) 2024-06-08 09:29:15 Image size of job updated: 1590948
	579  -  MemoryUsage of job (MB)
	591960  -  ResidentSetSize of job (KB)
...
006 (13118.380.000) 2024-06-08 09:34:15 Image size of job updated: 1592004
	580  -  MemoryUsage of job (MB)
	593148  -  ResidentSetSize of job (KB)
...
006 (13118.380.000) 2024-06-08 09:39:15 Image size of job updated: 1593060
	581  -  MemoryUsage of job (MB)
	594336  -  ResidentSetSize of job (KB)
...
006 (13118.380.000) 2024-06-08 09:44:16 Image size of job updated: 1593988
	582  -  MemoryUsage of job (MB)
	595524  -  ResidentSetSize of job (KB)
...
006 (13118.380.000) 2024-06-08 09:49:17 Image size of job updated: 1595312
	583  -  MemoryUsage of job (MB)
	596580  -  ResidentSetSize of job (KB)
...
006 (13118.380.000) 2024-06-08 09:54:17 Image size of job updated: 1596104
	584  -  MemoryUsage of job (MB)
	597636  -  ResidentSetSize of job (KB)
...
006 (13118.380.000) 2024-06-08 09:59:18 Image size of job updated: 1597164
	585  -  MemoryUsage of job (MB)
	598824  -  ResidentSetSize of job (KB)
...
006 (13118.380.000) 2024-06-08 10:04:19 Image size of job updated: 1598496
	587  -  MemoryUsage of job (MB)
	600144  -  ResidentSetSize of job (KB)
...
006 (13118.380.000) 2024-06-08 10:09:19 Image size of job updated: 1599288
	588  -  MemoryUsage of job (MB)
	601332  -  ResidentSetSize of job (KB)
...
006 (13118.380.000) 2024-06-08 10:14:19 Image size of job updated: 1600480
	589  -  MemoryUsage of job (MB)
	602388  -  ResidentSetSize of job (KB)
...
006 (13118.380.000) 2024-06-08 10:19:20 Image size of job updated: 1601272
	590  -  MemoryUsage of job (MB)
	603444  -  ResidentSetSize of job (KB)
...
006 (13118.380.000) 2024-06-08 10:24:20 Image size of job updated: 1602596
	591  -  MemoryUsage of job (MB)
	604632  -  ResidentSetSize of job (KB)
...
006 (13118.380.000) 2024-06-08 10:29:20 Image size of job updated: 1603256
	592  -  MemoryUsage of job (MB)
	605556  -  ResidentSetSize of job (KB)
...
006 (13118.380.000) 2024-06-08 10:34:21 Image size of job updated: 1604716
	593  -  MemoryUsage of job (MB)
	607140  -  ResidentSetSize of job (KB)
...
006 (13118.380.000) 2024-06-08 10:37:49 Image size of job updated: 1605512
	593  -  MemoryUsage of job (MB)
	607140  -  ResidentSetSize of job (KB)
...
005 (13118.380.000) 2024-06-08 10:37:49 Job terminated.
	(1) Normal termination (return value 0)
		Usr 0 01:13:31, Sys 0 00:00:03  -  Run Remote Usage
		Usr 0 00:00:00, Sys 0 00:00:00  -  Run Local Usage
		Usr 0 01:13:31, Sys 0 00:00:03  -  Total Remote Usage
		Usr 0 00:00:00, Sys 0 00:00:00  -  Total Local Usage
	0  -  Run Bytes Sent By Job
	0  -  Run Bytes Received By Job
	0  -  Total Bytes Sent By Job
	0  -  Total Bytes Received By Job
	Partitionable Resources :    Usage  Request Allocated 
	   Cpus                 :     1.00        1         1 
	   Disk (KB)            :    15          15      2245 
	   Memory (MB)          :   593       20480     20480 

	Job terminated of its own accord at 2024-06-08T08:37:49Z with exit-code 0.
...
