000 (13118.391.000) 2024-06-07 17:04:08 Job submitted from host: <10.18.24.233:9618?addrs=10.18.24.233-9618&alias=bioclusts03.bioclust.biologie.ens.fr&noUDP&sock=schedd_942_b64d>
...
001 (13118.391.000) 2024-06-08 09:56:06 Job executing on host: <10.18.24.3:9618?addrs=10.18.24.3-9618&alias=bioclust03.bioclust.biologie.ens.fr&noUDP&sock=startd_1137_7745>
...
006 (13118.391.000) 2024-06-08 09:56:14 Image size of job updated: 875832
	247  -  MemoryUsage of job (MB)
	252612  -  ResidentSetSize of job (KB)
...
006 (13118.391.000) 2024-06-08 10:01:14 Image size of job updated: 1567744
	572  -  MemoryUsage of job (MB)
	585576  -  ResidentSetSize of job (KB)
...
006 (13118.391.000) 2024-06-08 10:06:15 Image size of job updated: 1569856
	574  -  MemoryUsage of job (MB)
	587756  -  ResidentSetSize of job (KB)
...
006 (13118.391.000) 2024-06-08 10:11:16 Image size of job updated: 1570912
	576  -  MemoryUsage of job (MB)
	589320  -  ResidentSetSize of job (KB)
...
006 (13118.391.000) 2024-06-08 10:16:16 Image size of job updated: 1572364
	580  -  MemoryUsage of job (MB)
	593112  -  ResidentSetSize of job (KB)
...
006 (13118.391.000) 2024-06-08 10:21:17 Image size of job updated: 1574740
	581  -  MemoryUsage of job (MB)
	594788  -  ResidentSetSize of job (KB)
...
006 (13118.391.000) 2024-06-08 10:26:18 Image size of job updated: 1575268
	582  -  MemoryUsage of job (MB)
	595076  -  ResidentSetSize of job (KB)
...
006 (13118.391.000) 2024-06-08 10:31:19 Image size of job updated: 1575400
	582  -  MemoryUsage of job (MB)
	595076  -  ResidentSetSize of job (KB)
...
006 (13118.391.000) 2024-06-08 10:41:20 Image size of job updated: 1576852
	589  -  MemoryUsage of job (MB)
	602336  -  ResidentSetSize of job (KB)
...
006 (13118.391.000) 2024-06-08 10:46:21 Image size of job updated: 1578492
	589  -  MemoryUsage of job (MB)
	602336  -  ResidentSetSize of job (KB)
...
006 (13118.391.000) 2024-06-08 10:51:21 Image size of job updated: 1579020
	589  -  MemoryUsage of job (MB)
	602336  -  ResidentSetSize of job (KB)
...
006 (13118.391.000) 2024-06-08 10:56:21 Image size of job updated: 1580644
	589  -  MemoryUsage of job (MB)
	602336  -  ResidentSetSize of job (KB)
...
006 (13118.391.000) 2024-06-08 11:01:22 Image size of job updated: 1583020
	589  -  MemoryUsage of job (MB)
	602336  -  ResidentSetSize of job (KB)
...
006 (13118.391.000) 2024-06-08 11:06:22 Image size of job updated: 1583388
	590  -  MemoryUsage of job (MB)
	603460  -  ResidentSetSize of job (KB)
...
006 (13118.391.000) 2024-06-08 11:11:22 Image size of job updated: 1583916
	590  -  MemoryUsage of job (MB)
	603788  -  ResidentSetSize of job (KB)
...
006 (13118.391.000) 2024-06-08 11:16:23 Image size of job updated: 1585068
	590  -  MemoryUsage of job (MB)
	603788  -  ResidentSetSize of job (KB)
...
006 (13118.391.000) 2024-06-08 11:21:24 Image size of job updated: 1586368
	595  -  MemoryUsage of job (MB)
	608480  -  ResidentSetSize of job (KB)
...
006 (13118.391.000) 2024-06-08 11:26:24 Image size of job updated: 1588480
	595  -  MemoryUsage of job (MB)
	608612  -  ResidentSetSize of job (KB)
...
006 (13118.391.000) 2024-06-08 11:31:25 Image size of job updated: 1590544
	595  -  MemoryUsage of job (MB)
	608808  -  ResidentSetSize of job (KB)
...
006 (13118.391.000) 2024-06-08 11:36:26 Image size of job updated: 1590544
	596  -  MemoryUsage of job (MB)
	609860  -  ResidentSetSize of job (KB)
...
006 (13118.391.000) 2024-06-08 11:41:26 Image size of job updated: 1590544
	596  -  MemoryUsage of job (MB)
	610128  -  ResidentSetSize of job (KB)
...
006 (13118.391.000) 2024-06-08 11:46:26 Image size of job updated: 1590968
	596  -  MemoryUsage of job (MB)
	610128  -  ResidentSetSize of job (KB)
...
005 (13118.391.000) 2024-06-08 11:46:37 Job terminated.
	(1) Normal termination (return value 0)
		Usr 0 01:50:04, Sys 0 00:00:12  -  Run Remote Usage
		Usr 0 00:00:00, Sys 0 00:00:00  -  Run Local Usage
		Usr 0 01:50:04, Sys 0 00:00:12  -  Total Remote Usage
		Usr 0 00:00:00, Sys 0 00:00:00  -  Total Local Usage
	0  -  Run Bytes Sent By Job
	0  -  Run Bytes Received By Job
	0  -  Total Bytes Sent By Job
	0  -  Total Bytes Received By Job
	Partitionable Resources :    Usage  Request Allocated 
	   Cpus                 :     1.00        1         1 
	   Disk (KB)            :    15          15      2148 
	   Memory (MB)          :   596       20480     20480 

	Job terminated of its own accord at 2024-06-08T09:46:37Z with exit-code 0.
...
