000 (13763.046.000) 2024-09-23 16:11:28 Job submitted from host: <10.18.24.233:9618?addrs=10.18.24.233-9618&alias=bioclusts03.bioclust.biologie.ens.fr&noUDP&sock=schedd_942_b64d>
...
001 (13763.046.000) 2024-09-23 16:11:31 Job executing on host: <10.18.24.24:9618?addrs=10.18.24.24-9618&alias=bioclust24.bioclust.biologie.ens.fr&noUDP&sock=startd_1405_4aa7>
...
006 (13763.046.000) 2024-09-23 16:11:40 Image size of job updated: 388204
	292  -  MemoryUsage of job (MB)
	298840  -  ResidentSetSize of job (KB)
...
006 (13763.046.000) 2024-09-23 16:16:41 Image size of job updated: 1666916
	525  -  MemoryUsage of job (MB)
	536604  -  ResidentSetSize of job (KB)
...
006 (13763.046.000) 2024-09-23 16:21:42 Image size of job updated: 1668508
	526  -  MemoryUsage of job (MB)
	538252  -  ResidentSetSize of job (KB)
...
006 (13763.046.000) 2024-09-23 16:26:42 Image size of job updated: 1670360
	528  -  MemoryUsage of job (MB)
	540160  -  ResidentSetSize of job (KB)
...
006 (13763.046.000) 2024-09-23 16:31:43 Image size of job updated: 1672228
	530  -  MemoryUsage of job (MB)
	541908  -  ResidentSetSize of job (KB)
...
006 (13763.046.000) 2024-09-23 16:36:44 Image size of job updated: 1673564
	531  -  MemoryUsage of job (MB)
	543360  -  ResidentSetSize of job (KB)
...
006 (13763.046.000) 2024-09-23 16:41:44 Image size of job updated: 1675288
	533  -  MemoryUsage of job (MB)
	545452  -  ResidentSetSize of job (KB)
...
006 (13763.046.000) 2024-09-23 16:46:45 Image size of job updated: 1677012
	535  -  MemoryUsage of job (MB)
	547300  -  ResidentSetSize of job (KB)
...
006 (13763.046.000) 2024-09-23 16:51:46 Image size of job updated: 1678612
	537  -  MemoryUsage of job (MB)
	548996  -  ResidentSetSize of job (KB)
...
006 (13763.046.000) 2024-09-23 16:56:46 Image size of job updated: 1680736
	539  -  MemoryUsage of job (MB)
	551108  -  ResidentSetSize of job (KB)
...
006 (13763.046.000) 2024-09-23 17:01:46 Image size of job updated: 1682196
	540  -  MemoryUsage of job (MB)
	552804  -  ResidentSetSize of job (KB)
...
006 (13763.046.000) 2024-09-23 17:03:19 Image size of job updated: 1682600
	540  -  MemoryUsage of job (MB)
	552804  -  ResidentSetSize of job (KB)
...
005 (13763.046.000) 2024-09-23 17:03:19 Job terminated.
	(1) Normal termination (return value 0)
		Usr 0 00:51:34, Sys 0 00:00:02  -  Run Remote Usage
		Usr 0 00:00:00, Sys 0 00:00:00  -  Run Local Usage
		Usr 0 00:51:34, Sys 0 00:00:02  -  Total Remote Usage
		Usr 0 00:00:00, Sys 0 00:00:00  -  Total Local Usage
	0  -  Run Bytes Sent By Job
	0  -  Run Bytes Received By Job
	0  -  Total Bytes Sent By Job
	0  -  Total Bytes Received By Job
	Partitionable Resources :    Usage  Request Allocated 
	   Cpus                 :     0.99        1         1 
	   Disk (KB)            :    15          15      2515 
	   Memory (MB)          :   540        2048      2048 

	Job terminated of its own accord at 2024-09-23T15:03:19Z with exit-code 0.
...
