000 (13763.012.000) 2024-09-23 16:11:27 Job submitted from host: <10.18.24.233:9618?addrs=10.18.24.233-9618&alias=bioclusts03.bioclust.biologie.ens.fr&noUDP&sock=schedd_942_b64d>
...
001 (13763.012.000) 2024-09-23 16:11:30 Job executing on host: <10.18.24.101:9618?addrs=10.18.24.101-9618&alias=ecoclust06.bioclust.biologie.ens.fr&noUDP&sock=startd_980_c6e7>
...
006 (13763.012.000) 2024-09-23 16:11:38 Image size of job updated: 233360
	143  -  MemoryUsage of job (MB)
	145844  -  ResidentSetSize of job (KB)
...
006 (13763.012.000) 2024-09-23 16:16:38 Image size of job updated: 1714024
	584  -  MemoryUsage of job (MB)
	597464  -  ResidentSetSize of job (KB)
...
006 (13763.012.000) 2024-09-23 16:21:39 Image size of job updated: 1715344
	584  -  MemoryUsage of job (MB)
	597464  -  ResidentSetSize of job (KB)
...
006 (13763.012.000) 2024-09-23 16:26:40 Image size of job updated: 1716280
	586  -  MemoryUsage of job (MB)
	599608  -  ResidentSetSize of job (KB)
...
006 (13763.012.000) 2024-09-23 16:31:40 Image size of job updated: 1717748
	596  -  MemoryUsage of job (MB)
	610080  -  ResidentSetSize of job (KB)
...
006 (13763.012.000) 2024-09-23 16:36:40 Image size of job updated: 1718940
	596  -  MemoryUsage of job (MB)
	610080  -  ResidentSetSize of job (KB)
...
006 (13763.012.000) 2024-09-23 16:41:41 Image size of job updated: 1719872
	596  -  MemoryUsage of job (MB)
	610080  -  ResidentSetSize of job (KB)
...
006 (13763.012.000) 2024-09-23 16:46:41 Image size of job updated: 1720816
	599  -  MemoryUsage of job (MB)
	612932  -  ResidentSetSize of job (KB)
...
006 (13763.012.000) 2024-09-23 16:51:41 Image size of job updated: 1721912
	599  -  MemoryUsage of job (MB)
	612932  -  ResidentSetSize of job (KB)
...
006 (13763.012.000) 2024-09-23 16:56:43 Image size of job updated: 1723512
	599  -  MemoryUsage of job (MB)
	612932  -  ResidentSetSize of job (KB)
...
006 (13763.012.000) 2024-09-23 17:01:43 Image size of job updated: 1724180
	603  -  MemoryUsage of job (MB)
	617000  -  ResidentSetSize of job (KB)
...
006 (13763.012.000) 2024-09-23 17:06:43 Image size of job updated: 1725552
	603  -  MemoryUsage of job (MB)
	617000  -  ResidentSetSize of job (KB)
...
006 (13763.012.000) 2024-09-23 17:11:44 Image size of job updated: 1726748
	603  -  MemoryUsage of job (MB)
	617000  -  ResidentSetSize of job (KB)
...
006 (13763.012.000) 2024-09-23 17:16:45 Image size of job updated: 1728208
	607  -  MemoryUsage of job (MB)
	620580  -  ResidentSetSize of job (KB)
...
006 (13763.012.000) 2024-09-23 17:21:45 Image size of job updated: 1729136
	607  -  MemoryUsage of job (MB)
	620580  -  ResidentSetSize of job (KB)
...
006 (13763.012.000) 2024-09-23 17:26:46 Image size of job updated: 1730196
	607  -  MemoryUsage of job (MB)
	620580  -  ResidentSetSize of job (KB)
...
006 (13763.012.000) 2024-09-23 17:29:43 Image size of job updated: 1731252
	607  -  MemoryUsage of job (MB)
	620580  -  ResidentSetSize of job (KB)
...
005 (13763.012.000) 2024-09-23 17:29:43 Job terminated.
	(1) Normal termination (return value 0)
		Usr 0 01:17:40, Sys 0 00:00:21  -  Run Remote Usage
		Usr 0 00:00:00, Sys 0 00:00:00  -  Run Local Usage
		Usr 0 01:17:40, Sys 0 00:00:21  -  Total Remote Usage
		Usr 0 00:00:00, Sys 0 00:00:00  -  Total Local Usage
	0  -  Run Bytes Sent By Job
	0  -  Run Bytes Received By Job
	0  -  Total Bytes Sent By Job
	0  -  Total Bytes Received By Job
	Partitionable Resources :    Usage  Request Allocated 
	   Cpus                 :     1.00        1         1 
	   Disk (KB)            :    15          15      2540 
	   Memory (MB)          :   607        2048      2048 

	Job terminated of its own accord at 2024-09-23T15:29:43Z with exit-code 0.
...
