000 (13118.363.000) 2024-06-07 17:04:07 Job submitted from host: <10.18.24.233:9618?addrs=10.18.24.233-9618&alias=bioclusts03.bioclust.biologie.ens.fr&noUDP&sock=schedd_942_b64d>
...
001 (13118.363.000) 2024-06-08 08:41:04 Job executing on host: <10.18.24.14:9618?addrs=10.18.24.14-9618&alias=bioclust14.bioclust.biologie.ens.fr&noUDP&sock=startd_1218_0671>
...
006 (13118.363.000) 2024-06-08 08:41:12 Image size of job updated: 851824
	214  -  MemoryUsage of job (MB)
	218408  -  ResidentSetSize of job (KB)
...
006 (13118.363.000) 2024-06-08 08:46:12 Image size of job updated: 1752088
	566  -  MemoryUsage of job (MB)
	578688  -  ResidentSetSize of job (KB)
...
006 (13118.363.000) 2024-06-08 08:51:12 Image size of job updated: 1753804
	567  -  MemoryUsage of job (MB)
	580404  -  ResidentSetSize of job (KB)
...
006 (13118.363.000) 2024-06-08 08:56:13 Image size of job updated: 1754332
	568  -  MemoryUsage of job (MB)
	581064  -  ResidentSetSize of job (KB)
...
006 (13118.363.000) 2024-06-08 09:01:14 Image size of job updated: 1755652
	569  -  MemoryUsage of job (MB)
	582384  -  ResidentSetSize of job (KB)
...
006 (13118.363.000) 2024-06-08 09:06:14 Image size of job updated: 1756312
	570  -  MemoryUsage of job (MB)
	583044  -  ResidentSetSize of job (KB)
...
006 (13118.363.000) 2024-06-08 09:11:14 Image size of job updated: 1757368
	571  -  MemoryUsage of job (MB)
	584364  -  ResidentSetSize of job (KB)
...
006 (13118.363.000) 2024-06-08 09:16:15 Image size of job updated: 1758292
	572  -  MemoryUsage of job (MB)
	585420  -  ResidentSetSize of job (KB)
...
006 (13118.363.000) 2024-06-08 09:21:15 Image size of job updated: 1759484
	573  -  MemoryUsage of job (MB)
	586608  -  ResidentSetSize of job (KB)
...
006 (13118.363.000) 2024-06-08 09:26:15 Image size of job updated: 1760412
	574  -  MemoryUsage of job (MB)
	587664  -  ResidentSetSize of job (KB)
...
006 (13118.363.000) 2024-06-08 09:31:16 Image size of job updated: 1761204
	575  -  MemoryUsage of job (MB)
	588456  -  ResidentSetSize of job (KB)
...
006 (13118.363.000) 2024-06-08 09:36:17 Image size of job updated: 1762524
	576  -  MemoryUsage of job (MB)
	589768  -  ResidentSetSize of job (KB)
...
006 (13118.363.000) 2024-06-08 09:41:17 Image size of job updated: 1763320
	577  -  MemoryUsage of job (MB)
	590560  -  ResidentSetSize of job (KB)
...
006 (13118.363.000) 2024-06-08 09:46:18 Image size of job updated: 1764544
	578  -  MemoryUsage of job (MB)
	591756  -  ResidentSetSize of job (KB)
...
006 (13118.363.000) 2024-06-08 09:51:19 Image size of job updated: 1765868
	580  -  MemoryUsage of job (MB)
	593092  -  ResidentSetSize of job (KB)
...
006 (13118.363.000) 2024-06-08 09:56:19 Image size of job updated: 1766400
	580  -  MemoryUsage of job (MB)
	593732  -  ResidentSetSize of job (KB)
...
005 (13118.363.000) 2024-06-08 09:56:23 Job terminated.
	(1) Normal termination (return value 0)
		Usr 0 01:14:56, Sys 0 00:00:03  -  Run Remote Usage
		Usr 0 00:00:00, Sys 0 00:00:00  -  Run Local Usage
		Usr 0 01:14:56, Sys 0 00:00:03  -  Total Remote Usage
		Usr 0 00:00:00, Sys 0 00:00:00  -  Total Local Usage
	0  -  Run Bytes Sent By Job
	0  -  Run Bytes Received By Job
	0  -  Total Bytes Sent By Job
	0  -  Total Bytes Received By Job
	Partitionable Resources :    Usage  Request Allocated 
	   Cpus                 :     1.00        1         1 
	   Disk (KB)            :    15          15      2067 
	   Memory (MB)          :   580       20480     20480 

	Job terminated of its own accord at 2024-06-08T07:56:23Z with exit-code 0.
...
