000 (13118.355.000) 2024-06-07 17:04:07 Job submitted from host: <10.18.24.233:9618?addrs=10.18.24.233-9618&alias=bioclusts03.bioclust.biologie.ens.fr&noUDP&sock=schedd_942_b64d>
...
001 (13118.355.000) 2024-06-08 08:16:03 Job executing on host: <10.18.24.12:9618?addrs=10.18.24.12-9618&alias=bioclust12.bioclust.biologie.ens.fr&noUDP&sock=startd_52665_6353>
...
006 (13118.355.000) 2024-06-08 08:16:12 Image size of job updated: 640980
	442  -  MemoryUsage of job (MB)
	451756  -  ResidentSetSize of job (KB)
...
006 (13118.355.000) 2024-06-08 08:21:12 Image size of job updated: 1687988
	603  -  MemoryUsage of job (MB)
	617468  -  ResidentSetSize of job (KB)
...
006 (13118.355.000) 2024-06-08 08:26:12 Image size of job updated: 1696400
	612  -  MemoryUsage of job (MB)
	626380  -  ResidentSetSize of job (KB)
...
006 (13118.355.000) 2024-06-08 08:31:13 Image size of job updated: 1697484
	613  -  MemoryUsage of job (MB)
	627568  -  ResidentSetSize of job (KB)
...
006 (13118.355.000) 2024-06-08 08:36:14 Image size of job updated: 1698564
	615  -  MemoryUsage of job (MB)
	629020  -  ResidentSetSize of job (KB)
...
006 (13118.355.000) 2024-06-08 08:41:14 Image size of job updated: 1699912
	616  -  MemoryUsage of job (MB)
	630472  -  ResidentSetSize of job (KB)
...
006 (13118.355.000) 2024-06-08 08:46:15 Image size of job updated: 1700992
	617  -  MemoryUsage of job (MB)
	631792  -  ResidentSetSize of job (KB)
...
006 (13118.355.000) 2024-06-08 08:51:16 Image size of job updated: 1702500
	617  -  MemoryUsage of job (MB)
	631792  -  ResidentSetSize of job (KB)
...
006 (13118.355.000) 2024-06-08 08:56:16 Image size of job updated: 1703200
	620  -  MemoryUsage of job (MB)
	633948  -  ResidentSetSize of job (KB)
...
006 (13118.355.000) 2024-06-08 09:01:16 Image size of job updated: 1704384
	620  -  MemoryUsage of job (MB)
	634752  -  ResidentSetSize of job (KB)
...
006 (13118.355.000) 2024-06-08 09:06:17 Image size of job updated: 1705880
	622  -  MemoryUsage of job (MB)
	636640  -  ResidentSetSize of job (KB)
...
006 (13118.355.000) 2024-06-08 09:11:17 Image size of job updated: 1707092
	624  -  MemoryUsage of job (MB)
	638092  -  ResidentSetSize of job (KB)
...
006 (13118.355.000) 2024-06-08 09:16:17 Image size of job updated: 1708440
	625  -  MemoryUsage of job (MB)
	639412  -  ResidentSetSize of job (KB)
...
006 (13118.355.000) 2024-06-08 09:21:18 Image size of job updated: 1709156
	626  -  MemoryUsage of job (MB)
	640212  -  ResidentSetSize of job (KB)
...
006 (13118.355.000) 2024-06-08 09:26:19 Image size of job updated: 1710628
	627  -  MemoryUsage of job (MB)
	641664  -  ResidentSetSize of job (KB)
...
006 (13118.355.000) 2024-06-08 09:31:19 Image size of job updated: 1711708
	628  -  MemoryUsage of job (MB)
	642720  -  ResidentSetSize of job (KB)
...
006 (13118.355.000) 2024-06-08 09:36:20 Image size of job updated: 1712824
	629  -  MemoryUsage of job (MB)
	643788  -  ResidentSetSize of job (KB)
...
006 (13118.355.000) 2024-06-08 09:41:21 Image size of job updated: 1713928
	630  -  MemoryUsage of job (MB)
	645024  -  ResidentSetSize of job (KB)
...
006 (13118.355.000) 2024-06-08 09:46:21 Image size of job updated: 1715016
	631  -  MemoryUsage of job (MB)
	646084  -  ResidentSetSize of job (KB)
...
006 (13118.355.000) 2024-06-08 09:51:22 Image size of job updated: 1716220
	633  -  MemoryUsage of job (MB)
	647460  -  ResidentSetSize of job (KB)
...
006 (13118.355.000) 2024-06-08 09:53:56 Image size of job updated: 1716892
	633  -  MemoryUsage of job (MB)
	647460  -  ResidentSetSize of job (KB)
...
005 (13118.355.000) 2024-06-08 09:53:56 Job terminated.
	(1) Normal termination (return value 0)
		Usr 0 01:37:13, Sys 0 00:00:05  -  Run Remote Usage
		Usr 0 00:00:00, Sys 0 00:00:00  -  Run Local Usage
		Usr 0 01:37:13, Sys 0 00:00:05  -  Total Remote Usage
		Usr 0 00:00:00, Sys 0 00:00:00  -  Total Local Usage
	0  -  Run Bytes Sent By Job
	0  -  Run Bytes Received By Job
	0  -  Total Bytes Sent By Job
	0  -  Total Bytes Received By Job
	Partitionable Resources :    Usage  Request Allocated 
	   Cpus                 :     1.00        1         1 
	   Disk (KB)            :    15          15      2316 
	   Memory (MB)          :   633       20480     20480 

	Job terminated of its own accord at 2024-06-08T07:53:56Z with exit-code 0.
...
