000 (13763.040.000) 2024-09-23 16:11:28 Job submitted from host: <10.18.24.233:9618?addrs=10.18.24.233-9618&alias=bioclusts03.bioclust.biologie.ens.fr&noUDP&sock=schedd_942_b64d>
...
001 (13763.040.000) 2024-09-23 16:11:31 Job executing on host: <10.18.24.186:9618?addrs=10.18.24.186-9618&alias=mcbsclust15.bioclust.biologie.ens.fr&noUDP&sock=startd_1528_a8cd>
...
006 (13763.040.000) 2024-09-23 16:11:41 Image size of job updated: 103216
	77  -  MemoryUsage of job (MB)
	78004  -  ResidentSetSize of job (KB)
...
006 (13763.040.000) 2024-09-23 16:16:41 Image size of job updated: 1683452
	494  -  MemoryUsage of job (MB)
	505068  -  ResidentSetSize of job (KB)
...
006 (13763.040.000) 2024-09-23 16:21:42 Image size of job updated: 1684244
	501  -  MemoryUsage of job (MB)
	512064  -  ResidentSetSize of job (KB)
...
006 (13763.040.000) 2024-09-23 16:26:43 Image size of job updated: 1687020
	505  -  MemoryUsage of job (MB)
	517080  -  ResidentSetSize of job (KB)
...
006 (13763.040.000) 2024-09-23 16:31:43 Image size of job updated: 1689528
	509  -  MemoryUsage of job (MB)
	520512  -  ResidentSetSize of job (KB)
...
006 (13763.040.000) 2024-09-23 16:36:44 Image size of job updated: 1691112
	511  -  MemoryUsage of job (MB)
	523020  -  ResidentSetSize of job (KB)
...
006 (13763.040.000) 2024-09-23 16:41:45 Image size of job updated: 1693228
	516  -  MemoryUsage of job (MB)
	528036  -  ResidentSetSize of job (KB)
...
006 (13763.040.000) 2024-09-23 16:46:45 Image size of job updated: 1695604
	519  -  MemoryUsage of job (MB)
	530940  -  ResidentSetSize of job (KB)
...
006 (13763.040.000) 2024-09-23 16:51:46 Image size of job updated: 1697848
	522  -  MemoryUsage of job (MB)
	533580  -  ResidentSetSize of job (KB)
...
006 (13763.040.000) 2024-09-23 16:56:47 Image size of job updated: 1700092
	524  -  MemoryUsage of job (MB)
	536088  -  ResidentSetSize of job (KB)
...
006 (13763.040.000) 2024-09-23 17:01:47 Image size of job updated: 1702336
	527  -  MemoryUsage of job (MB)
	538728  -  ResidentSetSize of job (KB)
...
006 (13763.040.000) 2024-09-23 17:02:18 Image size of job updated: 1702600
	527  -  MemoryUsage of job (MB)
	538728  -  ResidentSetSize of job (KB)
...
005 (13763.040.000) 2024-09-23 17:02:18 Job terminated.
	(1) Normal termination (return value 0)
		Usr 0 00:47:45, Sys 0 00:00:25  -  Run Remote Usage
		Usr 0 00:00:00, Sys 0 00:00:00  -  Run Local Usage
		Usr 0 00:47:45, Sys 0 00:00:25  -  Total Remote Usage
		Usr 0 00:00:00, Sys 0 00:00:00  -  Total Local Usage
	0  -  Run Bytes Sent By Job
	0  -  Run Bytes Received By Job
	0  -  Total Bytes Sent By Job
	0  -  Total Bytes Received By Job
	Partitionable Resources :    Usage  Request Allocated 
	   Cpus                 :     0.99        1         1 
	   Disk (KB)            :    15          15      2307 
	   Memory (MB)          :   527        2048      2048 

	Job terminated of its own accord at 2024-09-23T15:02:18Z with exit-code 0.
...
