000 (13118.351.000) 2024-06-07 17:04:07 Job submitted from host: <10.18.24.233:9618?addrs=10.18.24.233-9618&alias=bioclusts03.bioclust.biologie.ens.fr&noUDP&sock=schedd_942_b64d>
...
001 (13118.351.000) 2024-06-08 08:08:03 Job executing on host: <10.18.24.3:9618?addrs=10.18.24.3-9618&alias=bioclust03.bioclust.biologie.ens.fr&noUDP&sock=startd_1137_7745>
...
006 (13118.351.000) 2024-06-08 08:08:12 Image size of job updated: 664760
	169  -  MemoryUsage of job (MB)
	172564  -  ResidentSetSize of job (KB)
...
006 (13118.351.000) 2024-06-08 08:13:13 Image size of job updated: 1613596
	564  -  MemoryUsage of job (MB)
	576596  -  ResidentSetSize of job (KB)
...
006 (13118.351.000) 2024-06-08 08:18:13 Image size of job updated: 1618760
	577  -  MemoryUsage of job (MB)
	590220  -  ResidentSetSize of job (KB)
...
006 (13118.351.000) 2024-06-08 08:23:14 Image size of job updated: 1623128
	588  -  MemoryUsage of job (MB)
	601736  -  ResidentSetSize of job (KB)
...
006 (13118.351.000) 2024-06-08 08:28:15 Image size of job updated: 1629552
	599  -  MemoryUsage of job (MB)
	612816  -  ResidentSetSize of job (KB)
...
006 (13118.351.000) 2024-06-08 08:33:15 Image size of job updated: 1636140
	608  -  MemoryUsage of job (MB)
	621960  -  ResidentSetSize of job (KB)
...
006 (13118.351.000) 2024-06-08 08:38:16 Image size of job updated: 1642268
	616  -  MemoryUsage of job (MB)
	630640  -  ResidentSetSize of job (KB)
...
006 (13118.351.000) 2024-06-08 08:43:17 Image size of job updated: 1647380
	625  -  MemoryUsage of job (MB)
	639652  -  ResidentSetSize of job (KB)
...
006 (13118.351.000) 2024-06-08 08:48:17 Image size of job updated: 1653340
	632  -  MemoryUsage of job (MB)
	646904  -  ResidentSetSize of job (KB)
...
006 (13118.351.000) 2024-06-08 08:53:17 Image size of job updated: 1658400
	640  -  MemoryUsage of job (MB)
	654864  -  ResidentSetSize of job (KB)
...
006 (13118.351.000) 2024-06-08 08:58:18 Image size of job updated: 1663372
	646  -  MemoryUsage of job (MB)
	660940  -  ResidentSetSize of job (KB)
...
006 (13118.351.000) 2024-06-08 09:03:19 Image size of job updated: 1669732
	654  -  MemoryUsage of job (MB)
	669568  -  ResidentSetSize of job (KB)
...
006 (13118.351.000) 2024-06-08 09:08:19 Image size of job updated: 1674196
	661  -  MemoryUsage of job (MB)
	676020  -  ResidentSetSize of job (KB)
...
006 (13118.351.000) 2024-06-08 09:13:19 Image size of job updated: 1679108
	668  -  MemoryUsage of job (MB)
	683332  -  ResidentSetSize of job (KB)
...
006 (13118.351.000) 2024-06-08 09:18:20 Image size of job updated: 1682876
	675  -  MemoryUsage of job (MB)
	691176  -  ResidentSetSize of job (KB)
...
006 (13118.351.000) 2024-06-08 09:23:20 Image size of job updated: 1688044
	681  -  MemoryUsage of job (MB)
	696796  -  ResidentSetSize of job (KB)
...
006 (13118.351.000) 2024-06-08 09:28:20 Image size of job updated: 1690620
	686  -  MemoryUsage of job (MB)
	701460  -  ResidentSetSize of job (KB)
...
006 (13118.351.000) 2024-06-08 09:33:21 Image size of job updated: 1696624
	693  -  MemoryUsage of job (MB)
	709352  -  ResidentSetSize of job (KB)
...
006 (13118.351.000) 2024-06-08 09:38:22 Image size of job updated: 1701516
	700  -  MemoryUsage of job (MB)
	716236  -  ResidentSetSize of job (KB)
...
006 (13118.351.000) 2024-06-08 09:43:22 Image size of job updated: 1707080
	707  -  MemoryUsage of job (MB)
	723028  -  ResidentSetSize of job (KB)
...
006 (13118.351.000) 2024-06-08 09:48:23 Image size of job updated: 1710696
	712  -  MemoryUsage of job (MB)
	728844  -  ResidentSetSize of job (KB)
...
006 (13118.351.000) 2024-06-08 09:53:24 Image size of job updated: 1715248
	718  -  MemoryUsage of job (MB)
	734920  -  ResidentSetSize of job (KB)
...
006 (13118.351.000) 2024-06-08 09:58:24 Image size of job updated: 1720100
	725  -  MemoryUsage of job (MB)
	741544  -  ResidentSetSize of job (KB)
...
006 (13118.351.000) 2024-06-08 10:03:25 Image size of job updated: 1724068
	730  -  MemoryUsage of job (MB)
	747200  -  ResidentSetSize of job (KB)
...
006 (13118.351.000) 2024-06-08 10:08:26 Image size of job updated: 1728968
	737  -  MemoryUsage of job (MB)
	753704  -  ResidentSetSize of job (KB)
...
006 (13118.351.000) 2024-06-08 10:13:26 Image size of job updated: 1732568
	749  -  MemoryUsage of job (MB)
	766908  -  ResidentSetSize of job (KB)
...
006 (13118.351.000) 2024-06-08 10:18:26 Image size of job updated: 1737096
	749  -  MemoryUsage of job (MB)
	766908  -  ResidentSetSize of job (KB)
...
005 (13118.351.000) 2024-06-08 16:33:18 Job terminated.
	(1) Normal termination (return value 0)
		Usr 0 08:22:46, Sys 0 00:01:46  -  Run Remote Usage
		Usr 0 00:00:00, Sys 0 00:00:00  -  Run Local Usage
		Usr 0 08:22:46, Sys 0 00:01:46  -  Total Remote Usage
		Usr 0 00:00:00, Sys 0 00:00:00  -  Total Local Usage
	0  -  Run Bytes Sent By Job
	0  -  Run Bytes Received By Job
	0  -  Total Bytes Sent By Job
	0  -  Total Bytes Received By Job
	Partitionable Resources :    Usage  Request Allocated 
	   Cpus                 :     1.00        1         1 
	   Disk (KB)            :    15          15      2148 
	   Memory (MB)          :   749       20480     20480 

	Job terminated of its own accord at 2024-06-08T14:33:18Z with exit-code 0.
...
