000 (13118.141.000) 2024-06-07 17:04:02 Job submitted from host: <10.18.24.233:9618?addrs=10.18.24.233-9618&alias=bioclusts03.bioclust.biologie.ens.fr&noUDP&sock=schedd_942_b64d>
...
001 (13118.141.000) 2024-06-07 22:35:37 Job executing on host: <10.18.24.13:9618?addrs=10.18.24.13-9618&alias=bioclust13.bioclust.biologie.ens.fr&noUDP&sock=startd_1231_f12c>
...
006 (13118.141.000) 2024-06-07 22:35:46 Image size of job updated: 786432
	214  -  MemoryUsage of job (MB)
	218320  -  ResidentSetSize of job (KB)
...
006 (13118.141.000) 2024-06-07 22:40:47 Image size of job updated: 1632556
	585  -  MemoryUsage of job (MB)
	598132  -  ResidentSetSize of job (KB)
...
006 (13118.141.000) 2024-06-07 22:45:47 Image size of job updated: 1636780
	586  -  MemoryUsage of job (MB)
	599100  -  ResidentSetSize of job (KB)
...
006 (13118.141.000) 2024-06-07 22:50:48 Image size of job updated: 1640084
	589  -  MemoryUsage of job (MB)
	602584  -  ResidentSetSize of job (KB)
...
006 (13118.141.000) 2024-06-07 22:55:49 Image size of job updated: 1643520
	594  -  MemoryUsage of job (MB)
	607868  -  ResidentSetSize of job (KB)
...
006 (13118.141.000) 2024-06-07 23:00:49 Image size of job updated: 1647348
	598  -  MemoryUsage of job (MB)
	611892  -  ResidentSetSize of job (KB)
...
006 (13118.141.000) 2024-06-07 23:05:49 Image size of job updated: 1651512
	603  -  MemoryUsage of job (MB)
	616848  -  ResidentSetSize of job (KB)
...
006 (13118.141.000) 2024-06-07 23:10:50 Image size of job updated: 1654804
	607  -  MemoryUsage of job (MB)
	621212  -  ResidentSetSize of job (KB)
...
006 (13118.141.000) 2024-06-07 23:15:50 Image size of job updated: 1660724
	613  -  MemoryUsage of job (MB)
	627400  -  ResidentSetSize of job (KB)
...
006 (13118.141.000) 2024-06-07 23:20:50 Image size of job updated: 1663100
	617  -  MemoryUsage of job (MB)
	630896  -  ResidentSetSize of job (KB)
...
006 (13118.141.000) 2024-06-07 23:25:52 Image size of job updated: 1666540
	620  -  MemoryUsage of job (MB)
	634368  -  ResidentSetSize of job (KB)
...
006 (13118.141.000) 2024-06-07 23:30:51 Image size of job updated: 1670904
	628  -  MemoryUsage of job (MB)
	642308  -  ResidentSetSize of job (KB)
...
006 (13118.141.000) 2024-06-07 23:35:51 Image size of job updated: 1673940
	628  -  MemoryUsage of job (MB)
	642900  -  ResidentSetSize of job (KB)
...
006 (13118.141.000) 2024-06-07 23:40:52 Image size of job updated: 1676976
	632  -  MemoryUsage of job (MB)
	646272  -  ResidentSetSize of job (KB)
...
006 (13118.141.000) 2024-06-07 23:42:07 Image size of job updated: 1678560
	632  -  MemoryUsage of job (MB)
	646272  -  ResidentSetSize of job (KB)
...
005 (13118.141.000) 2024-06-07 23:42:07 Job terminated.
	(1) Normal termination (return value 0)
		Usr 0 01:05:49, Sys 0 00:00:20  -  Run Remote Usage
		Usr 0 00:00:00, Sys 0 00:00:00  -  Run Local Usage
		Usr 0 01:05:49, Sys 0 00:00:20  -  Total Remote Usage
		Usr 0 00:00:00, Sys 0 00:00:00  -  Total Local Usage
	0  -  Run Bytes Sent By Job
	0  -  Run Bytes Received By Job
	0  -  Total Bytes Sent By Job
	0  -  Total Bytes Received By Job
	Partitionable Resources :    Usage  Request Allocated 
	   Cpus                 :     1.00        1         1 
	   Disk (KB)            :    15          15      2412 
	   Memory (MB)          :   632       20480     20480 

	Job terminated of its own accord at 2024-06-07T21:42:07Z with exit-code 0.
...
