000 (13763.072.000) 2024-09-23 16:11:29 Job submitted from host: <10.18.24.233:9618?addrs=10.18.24.233-9618&alias=bioclusts03.bioclust.biologie.ens.fr&noUDP&sock=schedd_942_b64d>
...
001 (13763.072.000) 2024-09-23 16:50:18 Job executing on host: <10.18.24.45:9618?addrs=10.18.24.45-9618&alias=bioclust45.bioclust.biologie.ens.fr&noUDP&sock=startd_826558_9dc7>
...
006 (13763.072.000) 2024-09-23 16:50:27 Image size of job updated: 673444
	171  -  MemoryUsage of job (MB)
	175080  -  ResidentSetSize of job (KB)
...
006 (13763.072.000) 2024-09-23 16:55:28 Image size of job updated: 1605516
	600  -  MemoryUsage of job (MB)
	613836  -  ResidentSetSize of job (KB)
...
006 (13763.072.000) 2024-09-23 17:00:29 Image size of job updated: 1607632
	602  -  MemoryUsage of job (MB)
	615736  -  ResidentSetSize of job (KB)
...
006 (13763.072.000) 2024-09-23 17:05:29 Image size of job updated: 1609044
	604  -  MemoryUsage of job (MB)
	618376  -  ResidentSetSize of job (KB)
...
006 (13763.072.000) 2024-09-23 17:10:30 Image size of job updated: 1610836
	606  -  MemoryUsage of job (MB)
	620468  -  ResidentSetSize of job (KB)
...
006 (13763.072.000) 2024-09-23 17:15:31 Image size of job updated: 1611636
	607  -  MemoryUsage of job (MB)
	621392  -  ResidentSetSize of job (KB)
...
006 (13763.072.000) 2024-09-23 17:20:31 Image size of job updated: 1612828
	609  -  MemoryUsage of job (MB)
	622620  -  ResidentSetSize of job (KB)
...
006 (13763.072.000) 2024-09-23 17:25:31 Image size of job updated: 1614160
	610  -  MemoryUsage of job (MB)
	624096  -  ResidentSetSize of job (KB)
...
006 (13763.072.000) 2024-09-23 17:30:32 Image size of job updated: 1615088
	611  -  MemoryUsage of job (MB)
	625020  -  ResidentSetSize of job (KB)
...
006 (13763.072.000) 2024-09-23 17:35:32 Image size of job updated: 1616148
	613  -  MemoryUsage of job (MB)
	626868  -  ResidentSetSize of job (KB)
...
006 (13763.072.000) 2024-09-23 17:40:32 Image size of job updated: 1616948
	614  -  MemoryUsage of job (MB)
	627792  -  ResidentSetSize of job (KB)
...
006 (13763.072.000) 2024-09-23 17:45:33 Image size of job updated: 1618144
	615  -  MemoryUsage of job (MB)
	628848  -  ResidentSetSize of job (KB)
...
006 (13763.072.000) 2024-09-23 17:50:34 Image size of job updated: 1619212
	616  -  MemoryUsage of job (MB)
	630036  -  ResidentSetSize of job (KB)
...
006 (13763.072.000) 2024-09-23 17:55:34 Image size of job updated: 1620284
	617  -  MemoryUsage of job (MB)
	631224  -  ResidentSetSize of job (KB)
...
006 (13763.072.000) 2024-09-23 18:00:34 Image size of job updated: 1620812
	618  -  MemoryUsage of job (MB)
	632280  -  ResidentSetSize of job (KB)
...
006 (13763.072.000) 2024-09-23 18:05:35 Image size of job updated: 1622148
	619  -  MemoryUsage of job (MB)
	633732  -  ResidentSetSize of job (KB)
...
006 (13763.072.000) 2024-09-23 18:10:35 Image size of job updated: 1623212
	621  -  MemoryUsage of job (MB)
	635184  -  ResidentSetSize of job (KB)
...
006 (13763.072.000) 2024-09-23 18:13:14 Image size of job updated: 1623608
	621  -  MemoryUsage of job (MB)
	635184  -  ResidentSetSize of job (KB)
...
005 (13763.072.000) 2024-09-23 18:13:14 Job terminated.
	(1) Normal termination (return value 0)
		Usr 0 01:22:41, Sys 0 00:00:05  -  Run Remote Usage
		Usr 0 00:00:00, Sys 0 00:00:00  -  Run Local Usage
		Usr 0 01:22:41, Sys 0 00:00:05  -  Total Remote Usage
		Usr 0 00:00:00, Sys 0 00:00:00  -  Total Local Usage
	0  -  Run Bytes Sent By Job
	0  -  Run Bytes Received By Job
	0  -  Total Bytes Sent By Job
	0  -  Total Bytes Received By Job
	Partitionable Resources :    Usage  Request Allocated 
	   Cpus                 :     0.99        1         1 
	   Disk (KB)            :    15          15      2237 
	   Memory (MB)          :   621        2048      2048 

	Job terminated of its own accord at 2024-09-23T16:13:14Z with exit-code 0.
...
