000 (13118.044.000) 2024-06-07 17:03:59 Job submitted from host: <10.18.24.233:9618?addrs=10.18.24.233-9618&alias=bioclusts03.bioclust.biologie.ens.fr&noUDP&sock=schedd_942_b64d>
...
001 (13118.044.000) 2024-06-07 18:39:35 Job executing on host: <10.18.24.8:9618?addrs=10.18.24.8-9618&alias=bioclust08.bioclust.biologie.ens.fr&noUDP&sock=startd_1112_5167>
...
006 (13118.044.000) 2024-06-07 18:39:44 Image size of job updated: 653868
	321  -  MemoryUsage of job (MB)
	328332  -  ResidentSetSize of job (KB)
...
006 (13118.044.000) 2024-06-07 18:44:45 Image size of job updated: 1609532
	585  -  MemoryUsage of job (MB)
	598864  -  ResidentSetSize of job (KB)
...
006 (13118.044.000) 2024-06-07 18:49:45 Image size of job updated: 1610060
	585  -  MemoryUsage of job (MB)
	598864  -  ResidentSetSize of job (KB)
...
006 (13118.044.000) 2024-06-07 18:54:45 Image size of job updated: 1610588
	585  -  MemoryUsage of job (MB)
	598864  -  ResidentSetSize of job (KB)
...
006 (13118.044.000) 2024-06-07 18:59:47 Image size of job updated: 1610852
	585  -  MemoryUsage of job (MB)
	598864  -  ResidentSetSize of job (KB)
...
006 (13118.044.000) 2024-06-07 19:04:47 Image size of job updated: 1610852
	600  -  MemoryUsage of job (MB)
	614088  -  ResidentSetSize of job (KB)
...
006 (13118.044.000) 2024-06-07 19:09:47 Image size of job updated: 1616900
	600  -  MemoryUsage of job (MB)
	614088  -  ResidentSetSize of job (KB)
...
006 (13118.044.000) 2024-06-07 19:24:49 Image size of job updated: 1617956
	600  -  MemoryUsage of job (MB)
	614088  -  ResidentSetSize of job (KB)
...
006 (13118.044.000) 2024-06-07 19:29:49 Image size of job updated: 1622056
	600  -  MemoryUsage of job (MB)
	614364  -  ResidentSetSize of job (KB)
...
006 (13118.044.000) 2024-06-07 19:34:50 Image size of job updated: 1622980
	601  -  MemoryUsage of job (MB)
	614776  -  ResidentSetSize of job (KB)
...
006 (13118.044.000) 2024-06-07 19:39:50 Image size of job updated: 1624696
	603  -  MemoryUsage of job (MB)
	617264  -  ResidentSetSize of job (KB)
...
006 (13118.044.000) 2024-06-07 19:44:50 Image size of job updated: 1624696
	604  -  MemoryUsage of job (MB)
	617480  -  ResidentSetSize of job (KB)
...
006 (13118.044.000) 2024-06-07 19:49:51 Image size of job updated: 1624960
	604  -  MemoryUsage of job (MB)
	618272  -  ResidentSetSize of job (KB)
...
006 (13118.044.000) 2024-06-07 19:54:52 Image size of job updated: 1624960
	605  -  MemoryUsage of job (MB)
	618832  -  ResidentSetSize of job (KB)
...
006 (13118.044.000) 2024-06-07 19:59:52 Image size of job updated: 1624960
	606  -  MemoryUsage of job (MB)
	619904  -  ResidentSetSize of job (KB)
...
006 (13118.044.000) 2024-06-07 20:04:52 Image size of job updated: 1627204
	616  -  MemoryUsage of job (MB)
	629920  -  ResidentSetSize of job (KB)
...
006 (13118.044.000) 2024-06-07 20:09:53 Image size of job updated: 1627204
	621  -  MemoryUsage of job (MB)
	634988  -  ResidentSetSize of job (KB)
...
006 (13118.044.000) 2024-06-07 20:14:53 Image size of job updated: 1629588
	621  -  MemoryUsage of job (MB)
	635120  -  ResidentSetSize of job (KB)
...
006 (13118.044.000) 2024-06-07 20:19:53 Image size of job updated: 1633128
	621  -  MemoryUsage of job (MB)
	635120  -  ResidentSetSize of job (KB)
...
006 (13118.044.000) 2024-06-07 20:24:54 Image size of job updated: 1633128
	624  -  MemoryUsage of job (MB)
	638748  -  ResidentSetSize of job (KB)
...
006 (13118.044.000) 2024-06-07 20:29:55 Image size of job updated: 1634224
	624  -  MemoryUsage of job (MB)
	638748  -  ResidentSetSize of job (KB)
...
006 (13118.044.000) 2024-06-07 20:34:55 Image size of job updated: 1637128
	624  -  MemoryUsage of job (MB)
	638748  -  ResidentSetSize of job (KB)
...
006 (13118.044.000) 2024-06-07 20:39:55 Image size of job updated: 1639512
	624  -  MemoryUsage of job (MB)
	638748  -  ResidentSetSize of job (KB)
...
006 (13118.044.000) 2024-06-07 20:44:56 Image size of job updated: 1639896
	624  -  MemoryUsage of job (MB)
	638748  -  ResidentSetSize of job (KB)
...
006 (13118.044.000) 2024-06-07 20:49:56 Image size of job updated: 1644520
	636  -  MemoryUsage of job (MB)
	651264  -  ResidentSetSize of job (KB)
...
006 (13118.044.000) 2024-06-07 20:54:56 Image size of job updated: 1644520
	637  -  MemoryUsage of job (MB)
	651396  -  ResidentSetSize of job (KB)
...
006 (13118.044.000) 2024-06-07 20:59:57 Image size of job updated: 1647464
	637  -  MemoryUsage of job (MB)
	651396  -  ResidentSetSize of job (KB)
...
006 (13118.044.000) 2024-06-07 21:04:58 Image size of job updated: 1647464
	637  -  MemoryUsage of job (MB)
	651848  -  ResidentSetSize of job (KB)
...
006 (13118.044.000) 2024-06-07 21:09:58 Image size of job updated: 1647464
	644  -  MemoryUsage of job (MB)
	658708  -  ResidentSetSize of job (KB)
...
006 (13118.044.000) 2024-06-07 21:24:59 Image size of job updated: 1647728
	644  -  MemoryUsage of job (MB)
	658708  -  ResidentSetSize of job (KB)
...
006 (13118.044.000) 2024-06-07 21:29:59 Image size of job updated: 1650836
	644  -  MemoryUsage of job (MB)
	658708  -  ResidentSetSize of job (KB)
...
006 (13118.044.000) 2024-06-07 21:35:00 Image size of job updated: 1651364
	644  -  MemoryUsage of job (MB)
	658708  -  ResidentSetSize of job (KB)
...
006 (13118.044.000) 2024-06-07 21:40:01 Image size of job updated: 1652552
	654  -  MemoryUsage of job (MB)
	668936  -  ResidentSetSize of job (KB)
...
006 (13118.044.000) 2024-06-07 21:45:01 Image size of job updated: 1656512
	662  -  MemoryUsage of job (MB)
	677744  -  ResidentSetSize of job (KB)
...
006 (13118.044.000) 2024-06-07 21:50:01 Image size of job updated: 1658928
	662  -  MemoryUsage of job (MB)
	677876  -  ResidentSetSize of job (KB)
...
006 (13118.044.000) 2024-06-07 22:05:02 Image size of job updated: 1658928
	666  -  MemoryUsage of job (MB)
	680992  -  ResidentSetSize of job (KB)
...
006 (13118.044.000) 2024-06-07 22:10:03 Image size of job updated: 1663492
	666  -  MemoryUsage of job (MB)
	680992  -  ResidentSetSize of job (KB)
...
006 (13118.044.000) 2024-06-07 22:15:04 Image size of job updated: 1666924
	666  -  MemoryUsage of job (MB)
	680992  -  ResidentSetSize of job (KB)
...
006 (13118.044.000) 2024-06-07 22:20:04 Image size of job updated: 1669172
	666  -  MemoryUsage of job (MB)
	680992  -  ResidentSetSize of job (KB)
...
006 (13118.044.000) 2024-06-07 22:35:06 Image size of job updated: 1671072
	666  -  MemoryUsage of job (MB)
	680992  -  ResidentSetSize of job (KB)
...
006 (13118.044.000) 2024-06-07 22:40:06 Image size of job updated: 1673240
	666  -  MemoryUsage of job (MB)
	680992  -  ResidentSetSize of job (KB)
...
006 (13118.044.000) 2024-06-07 22:45:07 Image size of job updated: 1674228
	680  -  MemoryUsage of job (MB)
	695888  -  ResidentSetSize of job (KB)
...
006 (13118.044.000) 2024-06-07 22:50:08 Image size of job updated: 1677652
	680  -  MemoryUsage of job (MB)
	695888  -  ResidentSetSize of job (KB)
...
006 (13118.044.000) 2024-06-07 23:00:08 Image size of job updated: 1680296
	680  -  MemoryUsage of job (MB)
	695888  -  ResidentSetSize of job (KB)
...
006 (13118.044.000) 2024-06-07 23:05:09 Image size of job updated: 1681352
	680  -  MemoryUsage of job (MB)
	695888  -  ResidentSetSize of job (KB)
...
006 (13118.044.000) 2024-06-07 23:10:09 Image size of job updated: 1682012
	690  -  MemoryUsage of job (MB)
	705956  -  ResidentSetSize of job (KB)
...
006 (13118.044.000) 2024-06-07 23:20:10 Image size of job updated: 1684972
	690  -  MemoryUsage of job (MB)
	705956  -  ResidentSetSize of job (KB)
...
006 (13118.044.000) 2024-06-07 23:25:12 Image size of job updated: 1686648
	690  -  MemoryUsage of job (MB)
	705956  -  ResidentSetSize of job (KB)
...
006 (13118.044.000) 2024-06-07 23:30:12 Image size of job updated: 1686780
	690  -  MemoryUsage of job (MB)
	705956  -  ResidentSetSize of job (KB)
...
006 (13118.044.000) 2024-06-07 23:35:12 Image size of job updated: 1689780
	690  -  MemoryUsage of job (MB)
	705956  -  ResidentSetSize of job (KB)
...
006 (13118.044.000) 2024-06-07 23:40:12 Image size of job updated: 1692812
	690  -  MemoryUsage of job (MB)
	705956  -  ResidentSetSize of job (KB)
...
006 (13118.044.000) 2024-06-07 23:45:13 Image size of job updated: 1696116
	693  -  MemoryUsage of job (MB)
	709596  -  ResidentSetSize of job (KB)
...
006 (13118.044.000) 2024-06-07 23:50:13 Image size of job updated: 1697460
	697  -  MemoryUsage of job (MB)
	713264  -  ResidentSetSize of job (KB)
...
006 (13118.044.000) 2024-06-07 23:59:31 Image size of job updated: 1699904
	697  -  MemoryUsage of job (MB)
	713264  -  ResidentSetSize of job (KB)
...
005 (13118.044.000) 2024-06-07 23:59:32 Job terminated.
	(1) Normal termination (return value 0)
		Usr 0 05:16:18, Sys 0 00:02:59  -  Run Remote Usage
		Usr 0 00:00:00, Sys 0 00:00:00  -  Run Local Usage
		Usr 0 05:16:18, Sys 0 00:02:59  -  Total Remote Usage
		Usr 0 00:00:00, Sys 0 00:00:00  -  Total Local Usage
	0  -  Run Bytes Sent By Job
	0  -  Run Bytes Received By Job
	0  -  Total Bytes Sent By Job
	0  -  Total Bytes Received By Job
	Partitionable Resources :    Usage  Request Allocated 
	   Cpus                 :     1.00        1         1 
	   Disk (KB)            :    15          15      1635 
	   Memory (MB)          :   697       20480     20480 

	Job terminated of its own accord at 2024-06-07T21:59:31Z with exit-code 0.
...
