000 (13763.056.000) 2024-09-23 16:11:28 Job submitted from host: <10.18.24.233:9618?addrs=10.18.24.233-9618&alias=bioclusts03.bioclust.biologie.ens.fr&noUDP&sock=schedd_942_b64d>
...
001 (13763.056.000) 2024-09-23 16:11:31 Job executing on host: <10.18.24.180:9618?addrs=10.18.24.180-9618&alias=mcbsclust09.bioclust.biologie.ens.fr&noUDP&sock=startd_1557_8d0c>
...
006 (13763.056.000) 2024-09-23 16:11:40 Image size of job updated: 296056
	199  -  MemoryUsage of job (MB)
	203128  -  ResidentSetSize of job (KB)
...
006 (13763.056.000) 2024-09-23 16:16:41 Image size of job updated: 1552040
	514  -  MemoryUsage of job (MB)
	525408  -  ResidentSetSize of job (KB)
...
006 (13763.056.000) 2024-09-23 16:21:42 Image size of job updated: 1554064
	521  -  MemoryUsage of job (MB)
	532668  -  ResidentSetSize of job (KB)
...
006 (13763.056.000) 2024-09-23 16:26:42 Image size of job updated: 1556748
	533  -  MemoryUsage of job (MB)
	544944  -  ResidentSetSize of job (KB)
...
006 (13763.056.000) 2024-09-23 16:31:43 Image size of job updated: 1559496
	540  -  MemoryUsage of job (MB)
	552268  -  ResidentSetSize of job (KB)
...
006 (13763.056.000) 2024-09-23 16:36:44 Image size of job updated: 1561336
	543  -  MemoryUsage of job (MB)
	555944  -  ResidentSetSize of job (KB)
...
006 (13763.056.000) 2024-09-23 16:41:44 Image size of job updated: 1563240
	543  -  MemoryUsage of job (MB)
	555944  -  ResidentSetSize of job (KB)
...
006 (13763.056.000) 2024-09-23 16:46:44 Image size of job updated: 1565764
	549  -  MemoryUsage of job (MB)
	561184  -  ResidentSetSize of job (KB)
...
006 (13763.056.000) 2024-09-23 16:51:45 Image size of job updated: 1568580
	551  -  MemoryUsage of job (MB)
	563476  -  ResidentSetSize of job (KB)
...
006 (13763.056.000) 2024-09-23 16:52:27 Image size of job updated: 1569248
	551  -  MemoryUsage of job (MB)
	563476  -  ResidentSetSize of job (KB)
...
005 (13763.056.000) 2024-09-23 16:52:27 Job terminated.
	(1) Normal termination (return value 0)
		Usr 0 00:40:43, Sys 0 00:00:03  -  Run Remote Usage
		Usr 0 00:00:00, Sys 0 00:00:00  -  Run Local Usage
		Usr 0 00:40:43, Sys 0 00:00:03  -  Total Remote Usage
		Usr 0 00:00:00, Sys 0 00:00:00  -  Total Local Usage
	0  -  Run Bytes Sent By Job
	0  -  Run Bytes Received By Job
	0  -  Total Bytes Sent By Job
	0  -  Total Bytes Received By Job
	Partitionable Resources :    Usage  Request Allocated 
	   Cpus                 :     1.00        1         1 
	   Disk (KB)            :    15          15      2566 
	   Memory (MB)          :   551        2048      2048 

	Job terminated of its own accord at 2024-09-23T14:52:27Z with exit-code 0.
...
