000 (13118.395.000) 2024-06-07 17:04:08 Job submitted from host: <10.18.24.233:9618?addrs=10.18.24.233-9618&alias=bioclusts03.bioclust.biologie.ens.fr&noUDP&sock=schedd_942_b64d>
...
001 (13118.395.000) 2024-06-08 10:14:06 Job executing on host: <10.18.24.12:9618?addrs=10.18.24.12-9618&alias=bioclust12.bioclust.biologie.ens.fr&noUDP&sock=startd_52665_6353>
...
006 (13118.395.000) 2024-06-08 10:14:15 Image size of job updated: 243492
	214  -  MemoryUsage of job (MB)
	218520  -  ResidentSetSize of job (KB)
...
006 (13118.395.000) 2024-06-08 10:19:16 Image size of job updated: 1605952
	540  -  MemoryUsage of job (MB)
	552788  -  ResidentSetSize of job (KB)
...
006 (13118.395.000) 2024-06-08 10:24:16 Image size of job updated: 1613240
	547  -  MemoryUsage of job (MB)
	560084  -  ResidentSetSize of job (KB)
...
006 (13118.395.000) 2024-06-08 10:29:17 Image size of job updated: 1621836
	556  -  MemoryUsage of job (MB)
	568640  -  ResidentSetSize of job (KB)
...
006 (13118.395.000) 2024-06-08 10:34:18 Image size of job updated: 1629508
	565  -  MemoryUsage of job (MB)
	578220  -  ResidentSetSize of job (KB)
...
006 (13118.395.000) 2024-06-08 10:39:18 Image size of job updated: 1636916
	571  -  MemoryUsage of job (MB)
	584288  -  ResidentSetSize of job (KB)
...
006 (13118.395.000) 2024-06-08 10:44:18 Image size of job updated: 1643812
	579  -  MemoryUsage of job (MB)
	592008  -  ResidentSetSize of job (KB)
...
006 (13118.395.000) 2024-06-08 10:49:19 Image size of job updated: 1650568
	585  -  MemoryUsage of job (MB)
	598532  -  ResidentSetSize of job (KB)
...
006 (13118.395.000) 2024-06-08 10:54:19 Image size of job updated: 1656124
	590  -  MemoryUsage of job (MB)
	603988  -  ResidentSetSize of job (KB)
...
006 (13118.395.000) 2024-06-08 10:59:19 Image size of job updated: 1663280
	597  -  MemoryUsage of job (MB)
	611304  -  ResidentSetSize of job (KB)
...
006 (13118.395.000) 2024-06-08 11:04:20 Image size of job updated: 1669100
	603  -  MemoryUsage of job (MB)
	617328  -  ResidentSetSize of job (KB)
...
006 (13118.395.000) 2024-06-08 11:09:21 Image size of job updated: 1674388
	609  -  MemoryUsage of job (MB)
	622772  -  ResidentSetSize of job (KB)
...
006 (13118.395.000) 2024-06-08 11:14:21 Image size of job updated: 1679816
	614  -  MemoryUsage of job (MB)
	628376  -  ResidentSetSize of job (KB)
...
006 (13118.395.000) 2024-06-08 11:19:22 Image size of job updated: 1685112
	619  -  MemoryUsage of job (MB)
	633760  -  ResidentSetSize of job (KB)
...
006 (13118.395.000) 2024-06-08 11:24:23 Image size of job updated: 1690528
	625  -  MemoryUsage of job (MB)
	639792  -  ResidentSetSize of job (KB)
...
006 (13118.395.000) 2024-06-08 11:27:50 Image size of job updated: 1694376
	625  -  MemoryUsage of job (MB)
	639792  -  ResidentSetSize of job (KB)
...
005 (13118.395.000) 2024-06-08 11:27:50 Job terminated.
	(1) Normal termination (return value 0)
		Usr 0 01:13:09, Sys 0 00:00:25  -  Run Remote Usage
		Usr 0 00:00:00, Sys 0 00:00:00  -  Run Local Usage
		Usr 0 01:13:09, Sys 0 00:00:25  -  Total Remote Usage
		Usr 0 00:00:00, Sys 0 00:00:00  -  Total Local Usage
	0  -  Run Bytes Sent By Job
	0  -  Run Bytes Received By Job
	0  -  Total Bytes Sent By Job
	0  -  Total Bytes Received By Job
	Partitionable Resources :    Usage  Request Allocated 
	   Cpus                 :     1.00        1         1 
	   Disk (KB)            :    15          15      2316 
	   Memory (MB)          :   625       20480     20480 

	Job terminated of its own accord at 2024-06-08T09:27:50Z with exit-code 0.
...
