000 (13118.206.000) 2024-06-07 17:04:04 Job submitted from host: <10.18.24.233:9618?addrs=10.18.24.233-9618&alias=bioclusts03.bioclust.biologie.ens.fr&noUDP&sock=schedd_942_b64d>
...
001 (13118.206.000) 2024-06-08 01:26:58 Job executing on host: <10.18.24.7:9618?addrs=10.18.24.7-9618&alias=bioclust07.bioclust.biologie.ens.fr&noUDP&sock=startd_1149_b268>
...
006 (13118.206.000) 2024-06-08 01:27:07 Image size of job updated: 856464
	168  -  MemoryUsage of job (MB)
	171400  -  ResidentSetSize of job (KB)
...
006 (13118.206.000) 2024-06-08 01:32:08 Image size of job updated: 1577900
	601  -  MemoryUsage of job (MB)
	615020  -  ResidentSetSize of job (KB)
...
006 (13118.206.000) 2024-06-08 01:37:08 Image size of job updated: 1580024
	603  -  MemoryUsage of job (MB)
	617264  -  ResidentSetSize of job (KB)
...
006 (13118.206.000) 2024-06-08 01:42:09 Image size of job updated: 1581324
	604  -  MemoryUsage of job (MB)
	618412  -  ResidentSetSize of job (KB)
...
006 (13118.206.000) 2024-06-08 01:47:10 Image size of job updated: 1582552
	606  -  MemoryUsage of job (MB)
	619784  -  ResidentSetSize of job (KB)
...
006 (13118.206.000) 2024-06-08 01:52:10 Image size of job updated: 1583864
	607  -  MemoryUsage of job (MB)
	621120  -  ResidentSetSize of job (KB)
...
006 (13118.206.000) 2024-06-08 01:57:10 Image size of job updated: 1585904
	608  -  MemoryUsage of job (MB)
	621804  -  ResidentSetSize of job (KB)
...
006 (13118.206.000) 2024-06-08 02:02:11 Image size of job updated: 1587232
	610  -  MemoryUsage of job (MB)
	624164  -  ResidentSetSize of job (KB)
...
006 (13118.206.000) 2024-06-08 02:07:11 Image size of job updated: 1588620
	612  -  MemoryUsage of job (MB)
	625868  -  ResidentSetSize of job (KB)
...
006 (13118.206.000) 2024-06-08 02:12:11 Image size of job updated: 1590292
	613  -  MemoryUsage of job (MB)
	627400  -  ResidentSetSize of job (KB)
...
006 (13118.206.000) 2024-06-08 02:17:12 Image size of job updated: 1591744
	615  -  MemoryUsage of job (MB)
	628832  -  ResidentSetSize of job (KB)
...
006 (13118.206.000) 2024-06-08 02:22:12 Image size of job updated: 1594032
	619  -  MemoryUsage of job (MB)
	633632  -  ResidentSetSize of job (KB)
...
006 (13118.206.000) 2024-06-08 02:25:30 Image size of job updated: 1595228
	619  -  MemoryUsage of job (MB)
	633632  -  ResidentSetSize of job (KB)
...
005 (13118.206.000) 2024-06-08 02:25:30 Job terminated.
	(1) Normal termination (return value 0)
		Usr 0 00:58:18, Sys 0 00:00:05  -  Run Remote Usage
		Usr 0 00:00:00, Sys 0 00:00:00  -  Run Local Usage
		Usr 0 00:58:18, Sys 0 00:00:05  -  Total Remote Usage
		Usr 0 00:00:00, Sys 0 00:00:00  -  Total Local Usage
	0  -  Run Bytes Sent By Job
	0  -  Run Bytes Received By Job
	0  -  Total Bytes Sent By Job
	0  -  Total Bytes Received By Job
	Partitionable Resources :    Usage  Request Allocated 
	   Cpus                 :     1.00        1         1 
	   Disk (KB)            :    15          15      2393 
	   Memory (MB)          :   619       20480     20480 

	Job terminated of its own accord at 2024-06-08T00:25:30Z with exit-code 0.
...
