000 (13118.127.000) 2024-06-07 17:04:01 Job submitted from host: <10.18.24.233:9618?addrs=10.18.24.233-9618&alias=bioclusts03.bioclust.biologie.ens.fr&noUDP&sock=schedd_942_b64d>
...
001 (13118.127.000) 2024-06-07 21:55:36 Job executing on host: <10.18.24.5:9618?addrs=10.18.24.5-9618&alias=bioclust05.bioclust.biologie.ens.fr&noUDP&sock=startd_1161_ed8b>
...
006 (13118.127.000) 2024-06-07 21:55:45 Image size of job updated: 870584
	248  -  MemoryUsage of job (MB)
	253080  -  ResidentSetSize of job (KB)
...
006 (13118.127.000) 2024-06-07 22:00:45 Image size of job updated: 1646352
	596  -  MemoryUsage of job (MB)
	609488  -  ResidentSetSize of job (KB)
...
006 (13118.127.000) 2024-06-07 22:05:45 Image size of job updated: 1649996
	600  -  MemoryUsage of job (MB)
	613872  -  ResidentSetSize of job (KB)
...
006 (13118.127.000) 2024-06-07 22:20:47 Image size of job updated: 1650268
	603  -  MemoryUsage of job (MB)
	616532  -  ResidentSetSize of job (KB)
...
006 (13118.127.000) 2024-06-07 22:25:47 Image size of job updated: 1650800
	603  -  MemoryUsage of job (MB)
	616532  -  ResidentSetSize of job (KB)
...
006 (13118.127.000) 2024-06-07 22:30:48 Image size of job updated: 1651984
	603  -  MemoryUsage of job (MB)
	616532  -  ResidentSetSize of job (KB)
...
006 (13118.127.000) 2024-06-07 22:35:49 Image size of job updated: 1653520
	603  -  MemoryUsage of job (MB)
	616532  -  ResidentSetSize of job (KB)
...
006 (13118.127.000) 2024-06-07 22:40:49 Image size of job updated: 1654896
	603  -  MemoryUsage of job (MB)
	616532  -  ResidentSetSize of job (KB)
...
006 (13118.127.000) 2024-06-07 22:45:50 Image size of job updated: 1654896
	603  -  MemoryUsage of job (MB)
	616844  -  ResidentSetSize of job (KB)
...
006 (13118.127.000) 2024-06-07 22:50:51 Image size of job updated: 1654896
	619  -  MemoryUsage of job (MB)
	633748  -  ResidentSetSize of job (KB)
...
006 (13118.127.000) 2024-06-07 22:55:51 Image size of job updated: 1655428
	619  -  MemoryUsage of job (MB)
	633748  -  ResidentSetSize of job (KB)
...
006 (13118.127.000) 2024-06-07 23:00:51 Image size of job updated: 1655716
	619  -  MemoryUsage of job (MB)
	633748  -  ResidentSetSize of job (KB)
...
006 (13118.127.000) 2024-06-07 23:10:52 Image size of job updated: 1655808
	619  -  MemoryUsage of job (MB)
	633748  -  ResidentSetSize of job (KB)
...
006 (13118.127.000) 2024-06-07 23:20:54 Image size of job updated: 1658100
	619  -  MemoryUsage of job (MB)
	633748  -  ResidentSetSize of job (KB)
...
006 (13118.127.000) 2024-06-07 23:30:55 Image size of job updated: 1659136
	619  -  MemoryUsage of job (MB)
	633748  -  ResidentSetSize of job (KB)
...
006 (13118.127.000) 2024-06-07 23:50:56 Image size of job updated: 1664960
	619  -  MemoryUsage of job (MB)
	633748  -  ResidentSetSize of job (KB)
...
006 (13118.127.000) 2024-06-08 00:10:58 Image size of job updated: 1664960
	621  -  MemoryUsage of job (MB)
	635196  -  ResidentSetSize of job (KB)
...
006 (13118.127.000) 2024-06-08 00:15:58 Image size of job updated: 1669424
	621  -  MemoryUsage of job (MB)
	635196  -  ResidentSetSize of job (KB)
...
006 (13118.127.000) 2024-06-08 00:41:01 Image size of job updated: 1669424
	623  -  MemoryUsage of job (MB)
	637056  -  ResidentSetSize of job (KB)
...
006 (13118.127.000) 2024-06-08 00:51:01 Image size of job updated: 1669424
	624  -  MemoryUsage of job (MB)
	638732  -  ResidentSetSize of job (KB)
...
006 (13118.127.000) 2024-06-08 00:56:02 Image size of job updated: 1673112
	624  -  MemoryUsage of job (MB)
	638732  -  ResidentSetSize of job (KB)
...
006 (13118.127.000) 2024-06-08 01:16:05 Image size of job updated: 1673112
	625  -  MemoryUsage of job (MB)
	639796  -  ResidentSetSize of job (KB)
...
006 (13118.127.000) 2024-06-08 01:21:05 Image size of job updated: 1673228
	625  -  MemoryUsage of job (MB)
	639796  -  ResidentSetSize of job (KB)
...
006 (13118.127.000) 2024-06-08 01:31:07 Image size of job updated: 1673492
	630  -  MemoryUsage of job (MB)
	644188  -  ResidentSetSize of job (KB)
...
006 (13118.127.000) 2024-06-08 01:36:07 Image size of job updated: 1673652
	630  -  MemoryUsage of job (MB)
	644188  -  ResidentSetSize of job (KB)
...
006 (13118.127.000) 2024-06-08 01:41:07 Image size of job updated: 1673652
	636  -  MemoryUsage of job (MB)
	651260  -  ResidentSetSize of job (KB)
...
006 (13118.127.000) 2024-06-08 01:46:08 Image size of job updated: 1675328
	637  -  MemoryUsage of job (MB)
	651392  -  ResidentSetSize of job (KB)
...
006 (13118.127.000) 2024-06-08 02:01:10 Image size of job updated: 1676968
	637  -  MemoryUsage of job (MB)
	651392  -  ResidentSetSize of job (KB)
...
006 (13118.127.000) 2024-06-08 02:26:12 Image size of job updated: 1677388
	637  -  MemoryUsage of job (MB)
	651392  -  ResidentSetSize of job (KB)
...
006 (13118.127.000) 2024-06-08 02:31:13 Image size of job updated: 1679144
	637  -  MemoryUsage of job (MB)
	651392  -  ResidentSetSize of job (KB)
...
006 (13118.127.000) 2024-06-08 02:41:14 Image size of job updated: 1683336
	637  -  MemoryUsage of job (MB)
	651392  -  ResidentSetSize of job (KB)
...
005 (13118.127.000) 2024-06-08 02:46:35 Job terminated.
	(1) Normal termination (return value 0)
		Usr 0 04:50:10, Sys 0 00:00:27  -  Run Remote Usage
		Usr 0 00:00:00, Sys 0 00:00:00  -  Run Local Usage
		Usr 0 04:50:10, Sys 0 00:00:27  -  Total Remote Usage
		Usr 0 00:00:00, Sys 0 00:00:00  -  Total Local Usage
	0  -  Run Bytes Sent By Job
	0  -  Run Bytes Received By Job
	0  -  Total Bytes Sent By Job
	0  -  Total Bytes Received By Job
	Partitionable Resources :    Usage  Request Allocated 
	   Cpus                 :     1.00        1         1 
	   Disk (KB)            :    15          15      2245 
	   Memory (MB)          :   637       20480     20480 

	Job terminated of its own accord at 2024-06-08T00:46:34Z with exit-code 0.
...
