000 (13118.361.000) 2024-06-07 17:04:07 Job submitted from host: <10.18.24.233:9618?addrs=10.18.24.233-9618&alias=bioclusts03.bioclust.biologie.ens.fr&noUDP&sock=schedd_942_b64d>
...
001 (13118.361.000) 2024-06-08 08:35:03 Job executing on host: <10.18.24.41:9618?addrs=10.18.24.41-9618&alias=bioclust41.bioclust.biologie.ens.fr&noUDP&sock=startd_1116_0fc8>
...
006 (13118.361.000) 2024-06-08 08:35:12 Image size of job updated: 653804
	168  -  MemoryUsage of job (MB)
	171172  -  ResidentSetSize of job (KB)
...
006 (13118.361.000) 2024-06-08 08:40:13 Image size of job updated: 1691564
	585  -  MemoryUsage of job (MB)
	598348  -  ResidentSetSize of job (KB)
...
006 (13118.361.000) 2024-06-08 08:45:13 Image size of job updated: 1701300
	605  -  MemoryUsage of job (MB)
	618544  -  ResidentSetSize of job (KB)
...
006 (13118.361.000) 2024-06-08 08:50:14 Image size of job updated: 1710036
	605  -  MemoryUsage of job (MB)
	618676  -  ResidentSetSize of job (KB)
...
006 (13118.361.000) 2024-06-08 08:55:15 Image size of job updated: 1718520
	611  -  MemoryUsage of job (MB)
	625440  -  ResidentSetSize of job (KB)
...
006 (13118.361.000) 2024-06-08 09:00:15 Image size of job updated: 1725956
	620  -  MemoryUsage of job (MB)
	633904  -  ResidentSetSize of job (KB)
...
006 (13118.361.000) 2024-06-08 09:05:15 Image size of job updated: 1734168
	633  -  MemoryUsage of job (MB)
	648040  -  ResidentSetSize of job (KB)
...
006 (13118.361.000) 2024-06-08 09:10:16 Image size of job updated: 1743128
	639  -  MemoryUsage of job (MB)
	653668  -  ResidentSetSize of job (KB)
...
006 (13118.361.000) 2024-06-08 09:15:16 Image size of job updated: 1749556
	647  -  MemoryUsage of job (MB)
	662124  -  ResidentSetSize of job (KB)
...
006 (13118.361.000) 2024-06-08 09:20:16 Image size of job updated: 1757912
	655  -  MemoryUsage of job (MB)
	670276  -  ResidentSetSize of job (KB)
...
006 (13118.361.000) 2024-06-08 09:25:17 Image size of job updated: 1764684
	685  -  MemoryUsage of job (MB)
	700432  -  ResidentSetSize of job (KB)
...
006 (13118.361.000) 2024-06-08 09:30:18 Image size of job updated: 1771308
	685  -  MemoryUsage of job (MB)
	700696  -  ResidentSetSize of job (KB)
...
006 (13118.361.000) 2024-06-08 09:35:18 Image size of job updated: 1778468
	685  -  MemoryUsage of job (MB)
	700696  -  ResidentSetSize of job (KB)
...
006 (13118.361.000) 2024-06-08 09:40:19 Image size of job updated: 1785360
	685  -  MemoryUsage of job (MB)
	701024  -  ResidentSetSize of job (KB)
...
006 (13118.361.000) 2024-06-08 09:45:20 Image size of job updated: 1791848
	692  -  MemoryUsage of job (MB)
	708476  -  ResidentSetSize of job (KB)
...
006 (13118.361.000) 2024-06-08 09:50:20 Image size of job updated: 1798200
	701  -  MemoryUsage of job (MB)
	716860  -  ResidentSetSize of job (KB)
...
006 (13118.361.000) 2024-06-08 09:55:20 Image size of job updated: 1804488
	727  -  MemoryUsage of job (MB)
	744148  -  ResidentSetSize of job (KB)
...
006 (13118.361.000) 2024-06-08 10:00:21 Image size of job updated: 1811112
	727  -  MemoryUsage of job (MB)
	744280  -  ResidentSetSize of job (KB)
...
006 (13118.361.000) 2024-06-08 10:05:21 Image size of job updated: 1818140
	727  -  MemoryUsage of job (MB)
	744280  -  ResidentSetSize of job (KB)
...
006 (13118.361.000) 2024-06-08 10:10:21 Image size of job updated: 1824504
	753  -  MemoryUsage of job (MB)
	770256  -  ResidentSetSize of job (KB)
...
006 (13118.361.000) 2024-06-08 10:15:22 Image size of job updated: 1830056
	753  -  MemoryUsage of job (MB)
	770388  -  ResidentSetSize of job (KB)
...
006 (13118.361.000) 2024-06-08 10:20:23 Image size of job updated: 1834844
	753  -  MemoryUsage of job (MB)
	770388  -  ResidentSetSize of job (KB)
...
006 (13118.361.000) 2024-06-08 10:25:23 Image size of job updated: 1842152
	754  -  MemoryUsage of job (MB)
	771696  -  ResidentSetSize of job (KB)
...
006 (13118.361.000) 2024-06-08 10:27:12 Image size of job updated: 1842812
	754  -  MemoryUsage of job (MB)
	771828  -  ResidentSetSize of job (KB)
...
005 (13118.361.000) 2024-06-08 10:27:12 Job terminated.
	(1) Normal termination (return value 0)
		Usr 0 01:49:05, Sys 0 00:02:48  -  Run Remote Usage
		Usr 0 00:00:00, Sys 0 00:00:00  -  Run Local Usage
		Usr 0 01:49:05, Sys 0 00:02:48  -  Total Remote Usage
		Usr 0 00:00:00, Sys 0 00:00:00  -  Total Local Usage
	0  -  Run Bytes Sent By Job
	0  -  Run Bytes Received By Job
	0  -  Total Bytes Sent By Job
	0  -  Total Bytes Received By Job
	Partitionable Resources :    Usage  Request Allocated 
	   Cpus                 :     1.00        1         1 
	   Disk (KB)            :    15          15      1615 
	   Memory (MB)          :   754       20480     20480 

	Job terminated of its own accord at 2024-06-08T08:27:12Z with exit-code 0.
...
