000 (13118.017.000) 2024-06-07 17:03:59 Job submitted from host: <10.18.24.233:9618?addrs=10.18.24.233-9618&alias=bioclusts03.bioclust.biologie.ens.fr&noUDP&sock=schedd_942_b64d>
...
001 (13118.017.000) 2024-06-07 17:37:13 Job executing on host: <10.18.24.50:9618?addrs=10.18.24.50-9618&alias=bioclust50.bioclust.biologie.ens.fr&noUDP&sock=startd_1147_5337>
...
006 (13118.017.000) 2024-06-07 17:37:22 Image size of job updated: 179232
	176  -  MemoryUsage of job (MB)
	179232  -  ResidentSetSize of job (KB)
...
006 (13118.017.000) 2024-06-07 17:42:23 Image size of job updated: 1566428
	586  -  MemoryUsage of job (MB)
	599624  -  ResidentSetSize of job (KB)
...
006 (13118.017.000) 2024-06-07 17:47:23 Image size of job updated: 1568936
	588  -  MemoryUsage of job (MB)
	601096  -  ResidentSetSize of job (KB)
...
006 (13118.017.000) 2024-06-07 17:52:23 Image size of job updated: 1571036
	598  -  MemoryUsage of job (MB)
	611528  -  ResidentSetSize of job (KB)
...
006 (13118.017.000) 2024-06-07 17:57:24 Image size of job updated: 1573584
	598  -  MemoryUsage of job (MB)
	611660  -  ResidentSetSize of job (KB)
...
006 (13118.017.000) 2024-06-07 18:02:25 Image size of job updated: 1640800
	598  -  MemoryUsage of job (MB)
	611660  -  ResidentSetSize of job (KB)
...
006 (13118.017.000) 2024-06-07 18:07:25 Image size of job updated: 1642252
	598  -  MemoryUsage of job (MB)
	611660  -  ResidentSetSize of job (KB)
...
006 (13118.017.000) 2024-06-07 18:12:26 Image size of job updated: 1644088
	599  -  MemoryUsage of job (MB)
	613328  -  ResidentSetSize of job (KB)
...
006 (13118.017.000) 2024-06-07 18:17:27 Image size of job updated: 1647696
	602  -  MemoryUsage of job (MB)
	615948  -  ResidentSetSize of job (KB)
...
006 (13118.017.000) 2024-06-07 18:22:27 Image size of job updated: 1648560
	604  -  MemoryUsage of job (MB)
	618220  -  ResidentSetSize of job (KB)
...
006 (13118.017.000) 2024-06-07 18:27:27 Image size of job updated: 1650940
	606  -  MemoryUsage of job (MB)
	619852  -  ResidentSetSize of job (KB)
...
006 (13118.017.000) 2024-06-07 18:32:28 Image size of job updated: 1653792
	610  -  MemoryUsage of job (MB)
	623724  -  ResidentSetSize of job (KB)
...
006 (13118.017.000) 2024-06-07 18:37:28 Image size of job updated: 1655376
	611  -  MemoryUsage of job (MB)
	625640  -  ResidentSetSize of job (KB)
...
006 (13118.017.000) 2024-06-07 18:42:28 Image size of job updated: 1657884
	614  -  MemoryUsage of job (MB)
	628476  -  ResidentSetSize of job (KB)
...
006 (13118.017.000) 2024-06-07 18:47:29 Image size of job updated: 1659700
	616  -  MemoryUsage of job (MB)
	630540  -  ResidentSetSize of job (KB)
...
006 (13118.017.000) 2024-06-07 18:52:30 Image size of job updated: 1661552
	618  -  MemoryUsage of job (MB)
	632624  -  ResidentSetSize of job (KB)
...
006 (13118.017.000) 2024-06-07 18:57:30 Image size of job updated: 1663400
	620  -  MemoryUsage of job (MB)
	634744  -  ResidentSetSize of job (KB)
...
006 (13118.017.000) 2024-06-07 19:02:30 Image size of job updated: 1665780
	623  -  MemoryUsage of job (MB)
	637200  -  ResidentSetSize of job (KB)
...
005 (13118.017.000) 2024-06-07 19:02:43 Job terminated.
	(1) Normal termination (return value 0)
		Usr 0 01:24:41, Sys 0 00:00:34  -  Run Remote Usage
		Usr 0 00:00:00, Sys 0 00:00:00  -  Run Local Usage
		Usr 0 01:24:41, Sys 0 00:00:34  -  Total Remote Usage
		Usr 0 00:00:00, Sys 0 00:00:00  -  Total Local Usage
	0  -  Run Bytes Sent By Job
	0  -  Run Bytes Received By Job
	0  -  Total Bytes Sent By Job
	0  -  Total Bytes Received By Job
	Partitionable Resources :    Usage  Request Allocated 
	   Cpus                 :     1.00        1         1 
	   Disk (KB)            :    15          15      3545 
	   Memory (MB)          :   623       20480     20480 

	Job terminated of its own accord at 2024-06-07T17:02:43Z with exit-code 0.
...
