000 (13118.344.000) 2024-06-07 17:04:07 Job submitted from host: <10.18.24.233:9618?addrs=10.18.24.233-9618&alias=bioclusts03.bioclust.biologie.ens.fr&noUDP&sock=schedd_942_b64d>
...
001 (13118.344.000) 2024-06-08 07:46:04 Job executing on host: <10.18.24.3:9618?addrs=10.18.24.3-9618&alias=bioclust03.bioclust.biologie.ens.fr&noUDP&sock=startd_1137_7745>
...
006 (13118.344.000) 2024-06-08 07:46:13 Image size of job updated: 172364
	169  -  MemoryUsage of job (MB)
	172364  -  ResidentSetSize of job (KB)
...
006 (13118.344.000) 2024-06-08 07:51:14 Image size of job updated: 1576304
	575  -  MemoryUsage of job (MB)
	588572  -  ResidentSetSize of job (KB)
...
006 (13118.344.000) 2024-06-08 07:56:14 Image size of job updated: 1576304
	596  -  MemoryUsage of job (MB)
	609728  -  ResidentSetSize of job (KB)
...
006 (13118.344.000) 2024-06-08 08:01:14 Image size of job updated: 1578020
	596  -  MemoryUsage of job (MB)
	609728  -  ResidentSetSize of job (KB)
...
006 (13118.344.000) 2024-06-08 08:06:15 Image size of job updated: 1579604
	596  -  MemoryUsage of job (MB)
	609728  -  ResidentSetSize of job (KB)
...
006 (13118.344.000) 2024-06-08 08:11:15 Image size of job updated: 1584620
	596  -  MemoryUsage of job (MB)
	609728  -  ResidentSetSize of job (KB)
...
006 (13118.344.000) 2024-06-08 08:21:16 Image size of job updated: 1584884
	596  -  MemoryUsage of job (MB)
	609728  -  ResidentSetSize of job (KB)
...
006 (13118.344.000) 2024-06-08 08:26:17 Image size of job updated: 1586340
	597  -  MemoryUsage of job (MB)
	610876  -  ResidentSetSize of job (KB)
...
006 (13118.344.000) 2024-06-08 08:31:17 Image size of job updated: 1589904
	597  -  MemoryUsage of job (MB)
	611008  -  ResidentSetSize of job (KB)
...
006 (13118.344.000) 2024-06-08 08:41:19 Image size of job updated: 1598512
	608  -  MemoryUsage of job (MB)
	622108  -  ResidentSetSize of job (KB)
...
006 (13118.344.000) 2024-06-08 08:53:22 Image size of job updated: 1661276
	608  -  MemoryUsage of job (MB)
	622108  -  ResidentSetSize of job (KB)
...
005 (13118.344.000) 2024-06-08 08:53:22 Job terminated.
	(1) Normal termination (return value 0)
		Usr 0 01:06:29, Sys 0 00:00:39  -  Run Remote Usage
		Usr 0 00:00:00, Sys 0 00:00:00  -  Run Local Usage
		Usr 0 01:06:29, Sys 0 00:00:39  -  Total Remote Usage
		Usr 0 00:00:00, Sys 0 00:00:00  -  Total Local Usage
	0  -  Run Bytes Sent By Job
	0  -  Run Bytes Received By Job
	0  -  Total Bytes Sent By Job
	0  -  Total Bytes Received By Job
	Partitionable Resources :    Usage  Request Allocated 
	   Cpus                 :     1.00        1         1 
	   Disk (KB)            :    15          15      2148 
	   Memory (MB)          :   608       20480     20480 

	Job terminated of its own accord at 2024-06-08T06:53:22Z with exit-code 0.
...
