000 (13118.251.000) 2024-06-07 17:04:05 Job submitted from host: <10.18.24.233:9618?addrs=10.18.24.233-9618&alias=bioclusts03.bioclust.biologie.ens.fr&noUDP&sock=schedd_942_b64d>
...
001 (13118.251.000) 2024-06-08 03:53:02 Job executing on host: <10.18.24.45:9618?addrs=10.18.24.45-9618&alias=bioclust45.bioclust.biologie.ens.fr&noUDP&sock=startd_826558_9dc7>
...
006 (13118.251.000) 2024-06-08 03:53:10 Image size of job updated: 871456
	178  -  MemoryUsage of job (MB)
	182056  -  ResidentSetSize of job (KB)
...
006 (13118.251.000) 2024-06-08 03:58:10 Image size of job updated: 1550412
	552  -  MemoryUsage of job (MB)
	564972  -  ResidentSetSize of job (KB)
...
006 (13118.251.000) 2024-06-08 04:03:11 Image size of job updated: 1559804
	571  -  MemoryUsage of job (MB)
	584224  -  ResidentSetSize of job (KB)
...
006 (13118.251.000) 2024-06-08 04:08:12 Image size of job updated: 1570372
	588  -  MemoryUsage of job (MB)
	601744  -  ResidentSetSize of job (KB)
...
006 (13118.251.000) 2024-06-08 04:13:12 Image size of job updated: 1644512
	602  -  MemoryUsage of job (MB)
	616168  -  ResidentSetSize of job (KB)
...
006 (13118.251.000) 2024-06-08 04:18:12 Image size of job updated: 1652564
	615  -  MemoryUsage of job (MB)
	629088  -  ResidentSetSize of job (KB)
...
006 (13118.251.000) 2024-06-08 04:23:13 Image size of job updated: 1661552
	628  -  MemoryUsage of job (MB)
	642056  -  ResidentSetSize of job (KB)
...
006 (13118.251.000) 2024-06-08 04:28:13 Image size of job updated: 1668816
	639  -  MemoryUsage of job (MB)
	653916  -  ResidentSetSize of job (KB)
...
006 (13118.251.000) 2024-06-08 04:33:13 Image size of job updated: 1677132
	651  -  MemoryUsage of job (MB)
	666204  -  ResidentSetSize of job (KB)
...
006 (13118.251.000) 2024-06-08 04:38:14 Image size of job updated: 1684932
	662  -  MemoryUsage of job (MB)
	677632  -  ResidentSetSize of job (KB)
...
006 (13118.251.000) 2024-06-08 04:43:15 Image size of job updated: 1692736
	674  -  MemoryUsage of job (MB)
	689916  -  ResidentSetSize of job (KB)
...
006 (13118.251.000) 2024-06-08 04:48:15 Image size of job updated: 1699616
	685  -  MemoryUsage of job (MB)
	700764  -  ResidentSetSize of job (KB)
...
006 (13118.251.000) 2024-06-08 04:53:16 Image size of job updated: 1711912
	701  -  MemoryUsage of job (MB)
	717284  -  ResidentSetSize of job (KB)
...
006 (13118.251.000) 2024-06-08 04:58:17 Image size of job updated: 1717332
	710  -  MemoryUsage of job (MB)
	726768  -  ResidentSetSize of job (KB)
...
006 (13118.251.000) 2024-06-08 05:03:17 Image size of job updated: 1723016
	732  -  MemoryUsage of job (MB)
	749300  -  ResidentSetSize of job (KB)
...
006 (13118.251.000) 2024-06-08 05:08:18 Image size of job updated: 1798328
	734  -  MemoryUsage of job (MB)
	750676  -  ResidentSetSize of job (KB)
...
006 (13118.251.000) 2024-06-08 05:13:19 Image size of job updated: 1798372
	734  -  MemoryUsage of job (MB)
	750676  -  ResidentSetSize of job (KB)
...
005 (13118.251.000) 2024-06-09 06:02:33 Job terminated.
	(1) Normal termination (return value 0)
		Usr 1 01:58:06, Sys 0 00:05:51  -  Run Remote Usage
		Usr 0 00:00:00, Sys 0 00:00:00  -  Run Local Usage
		Usr 1 01:58:06, Sys 0 00:05:51  -  Total Remote Usage
		Usr 0 00:00:00, Sys 0 00:00:00  -  Total Local Usage
	0  -  Run Bytes Sent By Job
	0  -  Run Bytes Received By Job
	0  -  Total Bytes Sent By Job
	0  -  Total Bytes Received By Job
	Partitionable Resources :    Usage  Request Allocated 
	   Cpus                 :     1.00        1         1 
	   Disk (KB)            :    15          15      2237 
	   Memory (MB)          :   734       20480     20480 

	Job terminated of its own accord at 2024-06-09T04:02:33Z with exit-code 0.
...
