000 (13118.275.000) 2024-06-07 17:04:06 Job submitted from host: <10.18.24.233:9618?addrs=10.18.24.233-9618&alias=bioclusts03.bioclust.biologie.ens.fr&noUDP&sock=schedd_942_b64d>
...
001 (13118.275.000) 2024-06-08 05:06:02 Job executing on host: <10.18.24.5:9618?addrs=10.18.24.5-9618&alias=bioclust05.bioclust.biologie.ens.fr&noUDP&sock=startd_1161_ed8b>
...
006 (13118.275.000) 2024-06-08 05:06:10 Image size of job updated: 329372
	239  -  MemoryUsage of job (MB)
	243860  -  ResidentSetSize of job (KB)
...
006 (13118.275.000) 2024-06-08 05:11:10 Image size of job updated: 1621164
	568  -  MemoryUsage of job (MB)
	580624  -  ResidentSetSize of job (KB)
...
006 (13118.275.000) 2024-06-08 05:16:11 Image size of job updated: 1621164
	568  -  MemoryUsage of job (MB)
	580864  -  ResidentSetSize of job (KB)
...
006 (13118.275.000) 2024-06-08 05:21:12 Image size of job updated: 1621164
	571  -  MemoryUsage of job (MB)
	584660  -  ResidentSetSize of job (KB)
...
006 (13118.275.000) 2024-06-08 05:26:12 Image size of job updated: 1621164
	578  -  MemoryUsage of job (MB)
	590932  -  ResidentSetSize of job (KB)
...
006 (13118.275.000) 2024-06-08 05:31:13 Image size of job updated: 1625124
	578  -  MemoryUsage of job (MB)
	590932  -  ResidentSetSize of job (KB)
...
006 (13118.275.000) 2024-06-08 05:36:14 Image size of job updated: 1625124
	579  -  MemoryUsage of job (MB)
	592196  -  ResidentSetSize of job (KB)
...
006 (13118.275.000) 2024-06-08 05:41:14 Image size of job updated: 1626444
	581  -  MemoryUsage of job (MB)
	594404  -  ResidentSetSize of job (KB)
...
006 (13118.275.000) 2024-06-08 05:46:14 Image size of job updated: 1627896
	583  -  MemoryUsage of job (MB)
	596964  -  ResidentSetSize of job (KB)
...
006 (13118.275.000) 2024-06-08 05:51:15 Image size of job updated: 1629832
	587  -  MemoryUsage of job (MB)
	600556  -  ResidentSetSize of job (KB)
...
006 (13118.275.000) 2024-06-08 05:56:15 Image size of job updated: 1632016
	587  -  MemoryUsage of job (MB)
	600688  -  ResidentSetSize of job (KB)
...
006 (13118.275.000) 2024-06-08 06:01:15 Image size of job updated: 1632016
	591  -  MemoryUsage of job (MB)
	604652  -  ResidentSetSize of job (KB)
...
006 (13118.275.000) 2024-06-08 06:06:16 Image size of job updated: 1632016
	592  -  MemoryUsage of job (MB)
	605824  -  ResidentSetSize of job (KB)
...
006 (13118.275.000) 2024-06-08 06:11:17 Image size of job updated: 1634940
	594  -  MemoryUsage of job (MB)
	607340  -  ResidentSetSize of job (KB)
...
006 (13118.275.000) 2024-06-08 06:16:17 Image size of job updated: 1634940
	594  -  MemoryUsage of job (MB)
	608192  -  ResidentSetSize of job (KB)
...
006 (13118.275.000) 2024-06-08 06:21:18 Image size of job updated: 1636396
	596  -  MemoryUsage of job (MB)
	609612  -  ResidentSetSize of job (KB)
...
006 (13118.275.000) 2024-06-08 06:26:19 Image size of job updated: 1637968
	603  -  MemoryUsage of job (MB)
	617196  -  ResidentSetSize of job (KB)
...
006 (13118.275.000) 2024-06-08 06:36:19 Image size of job updated: 1639024
	606  -  MemoryUsage of job (MB)
	619700  -  ResidentSetSize of job (KB)
...
006 (13118.275.000) 2024-06-08 06:46:20 Image size of job updated: 1641136
	608  -  MemoryUsage of job (MB)
	622524  -  ResidentSetSize of job (KB)
...
006 (13118.275.000) 2024-06-08 06:51:20 Image size of job updated: 1642192
	610  -  MemoryUsage of job (MB)
	624064  -  ResidentSetSize of job (KB)
...
006 (13118.275.000) 2024-06-08 06:56:21 Image size of job updated: 1645632
	614  -  MemoryUsage of job (MB)
	628236  -  ResidentSetSize of job (KB)
...
006 (13118.275.000) 2024-06-08 07:01:21 Image size of job updated: 1645632
	614  -  MemoryUsage of job (MB)
	628312  -  ResidentSetSize of job (KB)
...
006 (13118.275.000) 2024-06-08 07:06:21 Image size of job updated: 1649196
	615  -  MemoryUsage of job (MB)
	628932  -  ResidentSetSize of job (KB)
...
006 (13118.275.000) 2024-06-08 07:11:22 Image size of job updated: 1649196
	617  -  MemoryUsage of job (MB)
	630912  -  ResidentSetSize of job (KB)
...
006 (13118.275.000) 2024-06-08 07:21:23 Image size of job updated: 1651516
	622  -  MemoryUsage of job (MB)
	636688  -  ResidentSetSize of job (KB)
...
006 (13118.275.000) 2024-06-08 07:26:24 Image size of job updated: 1651516
	626  -  MemoryUsage of job (MB)
	640796  -  ResidentSetSize of job (KB)
...
006 (13118.275.000) 2024-06-08 07:36:25 Image size of job updated: 1651516
	627  -  MemoryUsage of job (MB)
	641460  -  ResidentSetSize of job (KB)
...
006 (13118.275.000) 2024-06-08 07:46:26 Image size of job updated: 1653628
	627  -  MemoryUsage of job (MB)
	641792  -  ResidentSetSize of job (KB)
...
006 (13118.275.000) 2024-06-08 07:51:26 Image size of job updated: 1658124
	629  -  MemoryUsage of job (MB)
	643296  -  ResidentSetSize of job (KB)
...
006 (13118.275.000) 2024-06-08 07:56:26 Image size of job updated: 1658124
	631  -  MemoryUsage of job (MB)
	645604  -  ResidentSetSize of job (KB)
...
006 (13118.275.000) 2024-06-08 08:01:27 Image size of job updated: 1659224
	633  -  MemoryUsage of job (MB)
	647256  -  ResidentSetSize of job (KB)
...
006 (13118.275.000) 2024-06-08 08:06:28 Image size of job updated: 1662944
	637  -  MemoryUsage of job (MB)
	652088  -  ResidentSetSize of job (KB)
...
006 (13118.275.000) 2024-06-08 08:11:28 Image size of job updated: 1663440
	639  -  MemoryUsage of job (MB)
	653824  -  ResidentSetSize of job (KB)
...
006 (13118.275.000) 2024-06-08 08:16:29 Image size of job updated: 1664500
	641  -  MemoryUsage of job (MB)
	655796  -  ResidentSetSize of job (KB)
...
006 (13118.275.000) 2024-06-08 08:21:30 Image size of job updated: 1666620
	641  -  MemoryUsage of job (MB)
	656264  -  ResidentSetSize of job (KB)
...
006 (13118.275.000) 2024-06-08 08:26:30 Image size of job updated: 1668944
	646  -  MemoryUsage of job (MB)
	661220  -  ResidentSetSize of job (KB)
...
006 (13118.275.000) 2024-06-08 08:31:30 Image size of job updated: 1672400
	646  -  MemoryUsage of job (MB)
	661220  -  ResidentSetSize of job (KB)
...
006 (13118.275.000) 2024-06-08 08:36:31 Image size of job updated: 1672400
	649  -  MemoryUsage of job (MB)
	663704  -  ResidentSetSize of job (KB)
...
006 (13118.275.000) 2024-06-08 08:41:31 Image size of job updated: 1672528
	649  -  MemoryUsage of job (MB)
	663704  -  ResidentSetSize of job (KB)
...
006 (13118.275.000) 2024-06-08 08:46:31 Image size of job updated: 1672528
	649  -  MemoryUsage of job (MB)
	664404  -  ResidentSetSize of job (KB)
...
006 (13118.275.000) 2024-06-08 08:51:32 Image size of job updated: 1672528
	650  -  MemoryUsage of job (MB)
	664652  -  ResidentSetSize of job (KB)
...
006 (13118.275.000) 2024-06-08 08:56:32 Image size of job updated: 1673724
	653  -  MemoryUsage of job (MB)
	667756  -  ResidentSetSize of job (KB)
...
006 (13118.275.000) 2024-06-08 09:01:32 Image size of job updated: 1675176
	655  -  MemoryUsage of job (MB)
	670440  -  ResidentSetSize of job (KB)
...
006 (13118.275.000) 2024-06-08 09:06:33 Image size of job updated: 1676872
	655  -  MemoryUsage of job (MB)
	670440  -  ResidentSetSize of job (KB)
...
006 (13118.275.000) 2024-06-08 09:11:34 Image size of job updated: 1676872
	656  -  MemoryUsage of job (MB)
	671444  -  ResidentSetSize of job (KB)
...
006 (13118.275.000) 2024-06-08 09:16:34 Image size of job updated: 1676872
	656  -  MemoryUsage of job (MB)
	671636  -  ResidentSetSize of job (KB)
...
006 (13118.275.000) 2024-06-08 09:21:35 Image size of job updated: 1679076
	658  -  MemoryUsage of job (MB)
	672812  -  ResidentSetSize of job (KB)
...
006 (13118.275.000) 2024-06-08 09:26:36 Image size of job updated: 1681608
	658  -  MemoryUsage of job (MB)
	673148  -  ResidentSetSize of job (KB)
...
006 (13118.275.000) 2024-06-08 09:36:36 Image size of job updated: 1684240
	666  -  MemoryUsage of job (MB)
	681624  -  ResidentSetSize of job (KB)
...
006 (13118.275.000) 2024-06-08 09:46:37 Image size of job updated: 1686404
	666  -  MemoryUsage of job (MB)
	681624  -  ResidentSetSize of job (KB)
...
006 (13118.275.000) 2024-06-08 09:51:37 Image size of job updated: 1686404
	669  -  MemoryUsage of job (MB)
	685028  -  ResidentSetSize of job (KB)
...
006 (13118.275.000) 2024-06-08 10:06:39 Image size of job updated: 1689084
	674  -  MemoryUsage of job (MB)
	690032  -  ResidentSetSize of job (KB)
...
006 (13118.275.000) 2024-06-08 10:11:40 Image size of job updated: 1690404
	680  -  MemoryUsage of job (MB)
	696124  -  ResidentSetSize of job (KB)
...
006 (13118.275.000) 2024-06-08 10:21:41 Image size of job updated: 1692816
	680  -  MemoryUsage of job (MB)
	696124  -  ResidentSetSize of job (KB)
...
006 (13118.275.000) 2024-06-08 10:26:41 Image size of job updated: 1694268
	680  -  MemoryUsage of job (MB)
	696124  -  ResidentSetSize of job (KB)
...
006 (13118.275.000) 2024-06-08 10:31:42 Image size of job updated: 1695344
	680  -  MemoryUsage of job (MB)
	696124  -  ResidentSetSize of job (KB)
...
006 (13118.275.000) 2024-06-08 10:36:42 Image size of job updated: 1759556
	680  -  MemoryUsage of job (MB)
	696124  -  ResidentSetSize of job (KB)
...
006 (13118.275.000) 2024-06-08 10:41:42 Image size of job updated: 1763384
	682  -  MemoryUsage of job (MB)
	698124  -  ResidentSetSize of job (KB)
...
006 (13118.275.000) 2024-06-08 10:46:43 Image size of job updated: 1765188
	686  -  MemoryUsage of job (MB)
	701772  -  ResidentSetSize of job (KB)
...
006 (13118.275.000) 2024-06-08 10:51:44 Image size of job updated: 1765188
	688  -  MemoryUsage of job (MB)
	704256  -  ResidentSetSize of job (KB)
...
006 (13118.275.000) 2024-06-08 10:56:44 Image size of job updated: 1765188
	695  -  MemoryUsage of job (MB)
	711240  -  ResidentSetSize of job (KB)
...
006 (13118.275.000) 2024-06-08 11:16:46 Image size of job updated: 1769260
	695  -  MemoryUsage of job (MB)
	711240  -  ResidentSetSize of job (KB)
...
006 (13118.275.000) 2024-06-08 11:26:48 Image size of job updated: 1771392
	695  -  MemoryUsage of job (MB)
	711240  -  ResidentSetSize of job (KB)
...
006 (13118.275.000) 2024-06-08 11:31:48 Image size of job updated: 1771392
	700  -  MemoryUsage of job (MB)
	716524  -  ResidentSetSize of job (KB)
...
006 (13118.275.000) 2024-06-08 11:36:49 Image size of job updated: 1774428
	700  -  MemoryUsage of job (MB)
	716524  -  ResidentSetSize of job (KB)
...
006 (13118.275.000) 2024-06-08 11:46:50 Image size of job updated: 1776348
	709  -  MemoryUsage of job (MB)
	725864  -  ResidentSetSize of job (KB)
...
006 (13118.275.000) 2024-06-08 11:51:50 Image size of job updated: 1780460
	709  -  MemoryUsage of job (MB)
	725864  -  ResidentSetSize of job (KB)
...
006 (13118.275.000) 2024-06-08 11:56:51 Image size of job updated: 1782184
	709  -  MemoryUsage of job (MB)
	725864  -  ResidentSetSize of job (KB)
...
006 (13118.275.000) 2024-06-08 12:16:53 Image size of job updated: 1782184
	715  -  MemoryUsage of job (MB)
	731988  -  ResidentSetSize of job (KB)
...
006 (13118.275.000) 2024-06-08 12:21:53 Image size of job updated: 1783804
	715  -  MemoryUsage of job (MB)
	731988  -  ResidentSetSize of job (KB)
...
006 (13118.275.000) 2024-06-08 12:26:54 Image size of job updated: 1790824
	715  -  MemoryUsage of job (MB)
	731988  -  ResidentSetSize of job (KB)
...
006 (13118.275.000) 2024-06-08 12:51:57 Image size of job updated: 1790824
	717  -  MemoryUsage of job (MB)
	733396  -  ResidentSetSize of job (KB)
...
006 (13118.275.000) 2024-06-08 12:56:57 Image size of job updated: 1794432
	717  -  MemoryUsage of job (MB)
	733420  -  ResidentSetSize of job (KB)
...
006 (13118.275.000) 2024-06-08 13:01:58 Image size of job updated: 1794432
	717  -  MemoryUsage of job (MB)
	733952  -  ResidentSetSize of job (KB)
...
006 (13118.275.000) 2024-06-08 13:11:59 Image size of job updated: 1794432
	722  -  MemoryUsage of job (MB)
	738516  -  ResidentSetSize of job (KB)
...
006 (13118.275.000) 2024-06-08 13:17:00 Image size of job updated: 1798048
	722  -  MemoryUsage of job (MB)
	738516  -  ResidentSetSize of job (KB)
...
006 (13118.275.000) 2024-06-08 13:22:01 Image size of job updated: 1798108
	722  -  MemoryUsage of job (MB)
	738516  -  ResidentSetSize of job (KB)
...
006 (13118.275.000) 2024-06-08 13:27:01 Image size of job updated: 1798108
	724  -  MemoryUsage of job (MB)
	740720  -  ResidentSetSize of job (KB)
...
006 (13118.275.000) 2024-06-08 13:32:01 Image size of job updated: 1798348
	725  -  MemoryUsage of job (MB)
	742040  -  ResidentSetSize of job (KB)
...
006 (13118.275.000) 2024-06-08 13:37:03 Image size of job updated: 1800132
	730  -  MemoryUsage of job (MB)
	746840  -  ResidentSetSize of job (KB)
...
006 (13118.275.000) 2024-06-08 13:42:02 Image size of job updated: 1802756
	730  -  MemoryUsage of job (MB)
	746840  -  ResidentSetSize of job (KB)
...
006 (13118.275.000) 2024-06-08 13:52:03 Image size of job updated: 1802856
	730  -  MemoryUsage of job (MB)
	746840  -  ResidentSetSize of job (KB)
...
006 (13118.275.000) 2024-06-08 13:57:04 Image size of job updated: 1805308
	738  -  MemoryUsage of job (MB)
	755144  -  ResidentSetSize of job (KB)
...
006 (13118.275.000) 2024-06-08 14:02:04 Image size of job updated: 1807292
	750  -  MemoryUsage of job (MB)
	767080  -  ResidentSetSize of job (KB)
...
006 (13118.275.000) 2024-06-08 14:17:06 Image size of job updated: 1810328
	750  -  MemoryUsage of job (MB)
	767080  -  ResidentSetSize of job (KB)
...
006 (13118.275.000) 2024-06-08 14:27:07 Image size of job updated: 1810388
	750  -  MemoryUsage of job (MB)
	767080  -  ResidentSetSize of job (KB)
...
006 (13118.275.000) 2024-06-08 14:37:08 Image size of job updated: 1813292
	751  -  MemoryUsage of job (MB)
	768952  -  ResidentSetSize of job (KB)
...
006 (13118.275.000) 2024-06-08 14:40:42 Image size of job updated: 1816372
	751  -  MemoryUsage of job (MB)
	768952  -  ResidentSetSize of job (KB)
...
005 (13118.275.000) 2024-06-08 14:40:42 Job terminated.
	(1) Normal termination (return value 0)
		Usr 0 09:32:30, Sys 0 00:01:34  -  Run Remote Usage
		Usr 0 00:00:00, Sys 0 00:00:00  -  Run Local Usage
		Usr 0 09:32:30, Sys 0 00:01:34  -  Total Remote Usage
		Usr 0 00:00:00, Sys 0 00:00:00  -  Total Local Usage
	0  -  Run Bytes Sent By Job
	0  -  Run Bytes Received By Job
	0  -  Total Bytes Sent By Job
	0  -  Total Bytes Received By Job
	Partitionable Resources :    Usage  Request Allocated 
	   Cpus                 :     1.00        1         1 
	   Disk (KB)            :    15          15      2245 
	   Memory (MB)          :   751       20480     20480 

	Job terminated of its own accord at 2024-06-08T12:40:42Z with exit-code 0.
...
