000 (13118.256.000) 2024-06-07 17:04:05 Job submitted from host: <10.18.24.233:9618?addrs=10.18.24.233-9618&alias=bioclusts03.bioclust.biologie.ens.fr&noUDP&sock=schedd_942_b64d>
...
001 (13118.256.000) 2024-06-08 04:02:02 Job executing on host: <10.18.24.3:9618?addrs=10.18.24.3-9618&alias=bioclust03.bioclust.biologie.ens.fr&noUDP&sock=startd_1137_7745>
...
006 (13118.256.000) 2024-06-08 04:02:11 Image size of job updated: 172472
	169  -  MemoryUsage of job (MB)
	172472  -  ResidentSetSize of job (KB)
...
006 (13118.256.000) 2024-06-08 04:07:12 Image size of job updated: 1576028
	564  -  MemoryUsage of job (MB)
	576648  -  ResidentSetSize of job (KB)
...
006 (13118.256.000) 2024-06-08 04:12:13 Image size of job updated: 1587920
	580  -  MemoryUsage of job (MB)
	593620  -  ResidentSetSize of job (KB)
...
006 (13118.256.000) 2024-06-08 04:17:13 Image size of job updated: 1596908
	592  -  MemoryUsage of job (MB)
	606104  -  ResidentSetSize of job (KB)
...
006 (13118.256.000) 2024-06-08 04:22:14 Image size of job updated: 1607624
	605  -  MemoryUsage of job (MB)
	619060  -  ResidentSetSize of job (KB)
...
006 (13118.256.000) 2024-06-08 04:27:15 Image size of job updated: 1617140
	618  -  MemoryUsage of job (MB)
	632112  -  ResidentSetSize of job (KB)
...
006 (13118.256.000) 2024-06-08 04:32:15 Image size of job updated: 1625988
	628  -  MemoryUsage of job (MB)
	642676  -  ResidentSetSize of job (KB)
...
006 (13118.256.000) 2024-06-08 04:37:15 Image size of job updated: 1635500
	639  -  MemoryUsage of job (MB)
	654088  -  ResidentSetSize of job (KB)
...
006 (13118.256.000) 2024-06-08 04:42:16 Image size of job updated: 1644872
	650  -  MemoryUsage of job (MB)
	665360  -  ResidentSetSize of job (KB)
...
006 (13118.256.000) 2024-06-08 04:47:17 Image size of job updated: 1652532
	660  -  MemoryUsage of job (MB)
	674900  -  ResidentSetSize of job (KB)
...
006 (13118.256.000) 2024-06-08 04:52:17 Image size of job updated: 1658088
	667  -  MemoryUsage of job (MB)
	682120  -  ResidentSetSize of job (KB)
...
006 (13118.256.000) 2024-06-08 04:57:17 Image size of job updated: 1666776
	677  -  MemoryUsage of job (MB)
	692820  -  ResidentSetSize of job (KB)
...
006 (13118.256.000) 2024-06-08 05:02:18 Image size of job updated: 1675760
	687  -  MemoryUsage of job (MB)
	703280  -  ResidentSetSize of job (KB)
...
006 (13118.256.000) 2024-06-08 05:07:19 Image size of job updated: 1682236
	695  -  MemoryUsage of job (MB)
	711296  -  ResidentSetSize of job (KB)
...
006 (13118.256.000) 2024-06-08 05:12:19 Image size of job updated: 1689504
	704  -  MemoryUsage of job (MB)
	720040  -  ResidentSetSize of job (KB)
...
006 (13118.256.000) 2024-06-08 05:17:20 Image size of job updated: 1696124
	711  -  MemoryUsage of job (MB)
	728044  -  ResidentSetSize of job (KB)
...
006 (13118.256.000) 2024-06-08 05:22:21 Image size of job updated: 1704692
	721  -  MemoryUsage of job (MB)
	737852  -  ResidentSetSize of job (KB)
...
006 (13118.256.000) 2024-06-08 05:27:21 Image size of job updated: 1712624
	730  -  MemoryUsage of job (MB)
	746892  -  ResidentSetSize of job (KB)
...
006 (13118.256.000) 2024-06-08 05:32:22 Image size of job updated: 1717516
	736  -  MemoryUsage of job (MB)
	752816  -  ResidentSetSize of job (KB)
...
006 (13118.256.000) 2024-06-08 05:37:23 Image size of job updated: 1788912
	744  -  MemoryUsage of job (MB)
	761004  -  ResidentSetSize of job (KB)
...
006 (13118.256.000) 2024-06-08 05:42:23 Image size of job updated: 1797248
	753  -  MemoryUsage of job (MB)
	770168  -  ResidentSetSize of job (KB)
...
006 (13118.256.000) 2024-06-08 05:47:23 Image size of job updated: 1803064
	759  -  MemoryUsage of job (MB)
	776472  -  ResidentSetSize of job (KB)
...
006 (13118.256.000) 2024-06-08 05:52:24 Image size of job updated: 1808484
	768  -  MemoryUsage of job (MB)
	785512  -  ResidentSetSize of job (KB)
...
006 (13118.256.000) 2024-06-08 05:57:24 Image size of job updated: 1810996
	768  -  MemoryUsage of job (MB)
	785512  -  ResidentSetSize of job (KB)
...
005 (13118.256.000) 2024-06-08 07:24:06 Job terminated.
	(1) Normal termination (return value 0)
		Usr 0 03:21:30, Sys 0 00:00:15  -  Run Remote Usage
		Usr 0 00:00:00, Sys 0 00:00:00  -  Run Local Usage
		Usr 0 03:21:30, Sys 0 00:00:15  -  Total Remote Usage
		Usr 0 00:00:00, Sys 0 00:00:00  -  Total Local Usage
	0  -  Run Bytes Sent By Job
	0  -  Run Bytes Received By Job
	0  -  Total Bytes Sent By Job
	0  -  Total Bytes Received By Job
	Partitionable Resources :    Usage  Request Allocated 
	   Cpus                 :     1.00        1         1 
	   Disk (KB)            :    15          15      2148 
	   Memory (MB)          :   768       20480     20480 

	Job terminated of its own accord at 2024-06-08T05:24:06Z with exit-code 0.
...
