000 (13118.078.000) 2024-06-07 17:04:00 Job submitted from host: <10.18.24.233:9618?addrs=10.18.24.233-9618&alias=bioclusts03.bioclust.biologie.ens.fr&noUDP&sock=schedd_942_b64d>
...
001 (13118.078.000) 2024-06-07 19:49:35 Job executing on host: <10.18.24.13:9618?addrs=10.18.24.13-9618&alias=bioclust13.bioclust.biologie.ens.fr&noUDP&sock=startd_1231_f12c>
...
006 (13118.078.000) 2024-06-07 19:49:44 Image size of job updated: 244052
	214  -  MemoryUsage of job (MB)
	218268  -  ResidentSetSize of job (KB)
...
006 (13118.078.000) 2024-06-07 19:54:45 Image size of job updated: 1613928
	567  -  MemoryUsage of job (MB)
	579852  -  ResidentSetSize of job (KB)
...
006 (13118.078.000) 2024-06-07 19:59:45 Image size of job updated: 1617228
	570  -  MemoryUsage of job (MB)
	583484  -  ResidentSetSize of job (KB)
...
006 (13118.078.000) 2024-06-07 20:04:45 Image size of job updated: 1617492
	576  -  MemoryUsage of job (MB)
	589508  -  ResidentSetSize of job (KB)
...
006 (13118.078.000) 2024-06-07 20:09:46 Image size of job updated: 1618816
	576  -  MemoryUsage of job (MB)
	589508  -  ResidentSetSize of job (KB)
...
006 (13118.078.000) 2024-06-07 20:14:46 Image size of job updated: 1620024
	576  -  MemoryUsage of job (MB)
	589508  -  ResidentSetSize of job (KB)
...
006 (13118.078.000) 2024-06-07 20:19:46 Image size of job updated: 1622796
	577  -  MemoryUsage of job (MB)
	589964  -  ResidentSetSize of job (KB)
...
006 (13118.078.000) 2024-06-07 20:29:48 Image size of job updated: 1623988
	577  -  MemoryUsage of job (MB)
	590708  -  ResidentSetSize of job (KB)
...
006 (13118.078.000) 2024-06-07 20:34:48 Image size of job updated: 1626236
	579  -  MemoryUsage of job (MB)
	592888  -  ResidentSetSize of job (KB)
...
006 (13118.078.000) 2024-06-07 20:39:49 Image size of job updated: 1627556
	581  -  MemoryUsage of job (MB)
	594696  -  ResidentSetSize of job (KB)
...
006 (13118.078.000) 2024-06-07 20:44:50 Image size of job updated: 1629404
	583  -  MemoryUsage of job (MB)
	596296  -  ResidentSetSize of job (KB)
...
006 (13118.078.000) 2024-06-07 20:49:50 Image size of job updated: 1630904
	587  -  MemoryUsage of job (MB)
	600796  -  ResidentSetSize of job (KB)
...
006 (13118.078.000) 2024-06-07 20:54:51 Image size of job updated: 1631372
	587  -  MemoryUsage of job (MB)
	600796  -  ResidentSetSize of job (KB)
...
006 (13118.078.000) 2024-06-07 20:59:52 Image size of job updated: 1633088
	587  -  MemoryUsage of job (MB)
	600796  -  ResidentSetSize of job (KB)
...
006 (13118.078.000) 2024-06-07 21:04:52 Image size of job updated: 1634676
	588  -  MemoryUsage of job (MB)
	602084  -  ResidentSetSize of job (KB)
...
005 (13118.078.000) 2024-06-07 21:06:25 Job terminated.
	(1) Normal termination (return value 0)
		Usr 0 01:16:31, Sys 0 00:00:07  -  Run Remote Usage
		Usr 0 00:00:00, Sys 0 00:00:00  -  Run Local Usage
		Usr 0 01:16:31, Sys 0 00:00:07  -  Total Remote Usage
		Usr 0 00:00:00, Sys 0 00:00:00  -  Total Local Usage
	0  -  Run Bytes Sent By Job
	0  -  Run Bytes Received By Job
	0  -  Total Bytes Sent By Job
	0  -  Total Bytes Received By Job
	Partitionable Resources :    Usage  Request Allocated 
	   Cpus                 :     1.00        1         1 
	   Disk (KB)            :    15          15      2412 
	   Memory (MB)          :   588       20480     20480 

	Job terminated of its own accord at 2024-06-07T19:06:25Z with exit-code 0.
...
