000 (13118.291.000) 2024-06-07 17:04:06 Job submitted from host: <10.18.24.233:9618?addrs=10.18.24.233-9618&alias=bioclusts03.bioclust.biologie.ens.fr&noUDP&sock=schedd_942_b64d>
...
001 (13118.291.000) 2024-06-08 05:34:01 Job executing on host: <10.18.24.14:9618?addrs=10.18.24.14-9618&alias=bioclust14.bioclust.biologie.ens.fr&noUDP&sock=startd_1218_0671>
...
006 (13118.291.000) 2024-06-08 05:34:11 Image size of job updated: 432820
	214  -  MemoryUsage of job (MB)
	218288  -  ResidentSetSize of job (KB)
...
006 (13118.291.000) 2024-06-08 05:39:11 Image size of job updated: 1631964
	595  -  MemoryUsage of job (MB)
	608352  -  ResidentSetSize of job (KB)
...
006 (13118.291.000) 2024-06-08 05:44:11 Image size of job updated: 1633684
	597  -  MemoryUsage of job (MB)
	611048  -  ResidentSetSize of job (KB)
...
006 (13118.291.000) 2024-06-08 05:49:12 Image size of job updated: 1635796
	604  -  MemoryUsage of job (MB)
	617652  -  ResidentSetSize of job (KB)
...
006 (13118.291.000) 2024-06-08 05:54:13 Image size of job updated: 1636852
	604  -  MemoryUsage of job (MB)
	617652  -  ResidentSetSize of job (KB)
...
006 (13118.291.000) 2024-06-08 05:59:13 Image size of job updated: 1638868
	604  -  MemoryUsage of job (MB)
	617652  -  ResidentSetSize of job (KB)
...
006 (13118.291.000) 2024-06-08 06:04:13 Image size of job updated: 1641060
	606  -  MemoryUsage of job (MB)
	620048  -  ResidentSetSize of job (KB)
...
006 (13118.291.000) 2024-06-08 06:09:14 Image size of job updated: 1643012
	608  -  MemoryUsage of job (MB)
	622344  -  ResidentSetSize of job (KB)
...
006 (13118.291.000) 2024-06-08 06:14:14 Image size of job updated: 1646976
	611  -  MemoryUsage of job (MB)
	625116  -  ResidentSetSize of job (KB)
...
006 (13118.291.000) 2024-06-08 06:19:14 Image size of job updated: 1652464
	612  -  MemoryUsage of job (MB)
	626652  -  ResidentSetSize of job (KB)
...
006 (13118.291.000) 2024-06-08 06:29:15 Image size of job updated: 1652464
	617  -  MemoryUsage of job (MB)
	631660  -  ResidentSetSize of job (KB)
...
006 (13118.291.000) 2024-06-08 06:34:15 Image size of job updated: 1654108
	619  -  MemoryUsage of job (MB)
	633448  -  ResidentSetSize of job (KB)
...
005 (13118.291.000) 2024-06-08 06:35:18 Job terminated.
	(1) Normal termination (return value 0)
		Usr 0 01:01:04, Sys 0 00:00:04  -  Run Remote Usage
		Usr 0 00:00:00, Sys 0 00:00:00  -  Run Local Usage
		Usr 0 01:01:04, Sys 0 00:00:04  -  Total Remote Usage
		Usr 0 00:00:00, Sys 0 00:00:00  -  Total Local Usage
	0  -  Run Bytes Sent By Job
	0  -  Run Bytes Received By Job
	0  -  Total Bytes Sent By Job
	0  -  Total Bytes Received By Job
	Partitionable Resources :    Usage  Request Allocated 
	   Cpus                 :     0.99        1         1 
	   Disk (KB)            :    15          15      2067 
	   Memory (MB)          :   619       20480     20480 

	Job terminated of its own accord at 2024-06-08T04:35:18Z with exit-code 0.
...
