000 (13118.262.000) 2024-06-07 17:04:05 Job submitted from host: <10.18.24.233:9618?addrs=10.18.24.233-9618&alias=bioclusts03.bioclust.biologie.ens.fr&noUDP&sock=schedd_942_b64d>
...
001 (13118.262.000) 2024-06-08 04:18:01 Job executing on host: <10.18.24.5:9618?addrs=10.18.24.5-9618&alias=bioclust05.bioclust.biologie.ens.fr&noUDP&sock=startd_1161_ed8b>
...
006 (13118.262.000) 2024-06-08 04:18:10 Image size of job updated: 667608
	160  -  MemoryUsage of job (MB)
	163664  -  ResidentSetSize of job (KB)
...
006 (13118.262.000) 2024-06-08 04:23:10 Image size of job updated: 1592380
	578  -  MemoryUsage of job (MB)
	591508  -  ResidentSetSize of job (KB)
...
006 (13118.262.000) 2024-06-08 04:28:10 Image size of job updated: 1592380
	578  -  MemoryUsage of job (MB)
	591604  -  ResidentSetSize of job (KB)
...
006 (13118.262.000) 2024-06-08 04:33:11 Image size of job updated: 1592840
	581  -  MemoryUsage of job (MB)
	594536  -  ResidentSetSize of job (KB)
...
006 (13118.262.000) 2024-06-08 04:38:12 Image size of job updated: 1593180
	582  -  MemoryUsage of job (MB)
	595336  -  ResidentSetSize of job (KB)
...
006 (13118.262.000) 2024-06-08 04:43:12 Image size of job updated: 1594552
	584  -  MemoryUsage of job (MB)
	597812  -  ResidentSetSize of job (KB)
...
006 (13118.262.000) 2024-06-08 04:48:13 Image size of job updated: 1595220
	585  -  MemoryUsage of job (MB)
	598372  -  ResidentSetSize of job (KB)
...
006 (13118.262.000) 2024-06-08 04:53:14 Image size of job updated: 1596552
	586  -  MemoryUsage of job (MB)
	599904  -  ResidentSetSize of job (KB)
...
006 (13118.262.000) 2024-06-08 04:58:14 Image size of job updated: 1598536
	588  -  MemoryUsage of job (MB)
	601724  -  ResidentSetSize of job (KB)
...
006 (13118.262.000) 2024-06-08 05:03:14 Image size of job updated: 1601328
	591  -  MemoryUsage of job (MB)
	604508  -  ResidentSetSize of job (KB)
...
006 (13118.262.000) 2024-06-08 05:08:15 Image size of job updated: 1601592
	592  -  MemoryUsage of job (MB)
	605652  -  ResidentSetSize of job (KB)
...
006 (13118.262.000) 2024-06-08 05:13:15 Image size of job updated: 1603184
	594  -  MemoryUsage of job (MB)
	607932  -  ResidentSetSize of job (KB)
...
006 (13118.262.000) 2024-06-08 05:18:15 Image size of job updated: 1604900
	594  -  MemoryUsage of job (MB)
	608076  -  ResidentSetSize of job (KB)
...
006 (13118.262.000) 2024-06-08 05:23:16 Image size of job updated: 1605972
	595  -  MemoryUsage of job (MB)
	609272  -  ResidentSetSize of job (KB)
...
006 (13118.262.000) 2024-06-08 05:28:17 Image size of job updated: 1608224
	598  -  MemoryUsage of job (MB)
	611476  -  ResidentSetSize of job (KB)
...
006 (13118.262.000) 2024-06-08 05:28:56 Image size of job updated: 1608356
	598  -  MemoryUsage of job (MB)
	611476  -  ResidentSetSize of job (KB)
...
005 (13118.262.000) 2024-06-08 05:28:56 Job terminated.
	(1) Normal termination (return value 0)
		Usr 0 01:10:40, Sys 0 00:00:06  -  Run Remote Usage
		Usr 0 00:00:00, Sys 0 00:00:00  -  Run Local Usage
		Usr 0 01:10:40, Sys 0 00:00:06  -  Total Remote Usage
		Usr 0 00:00:00, Sys 0 00:00:00  -  Total Local Usage
	0  -  Run Bytes Sent By Job
	0  -  Run Bytes Received By Job
	0  -  Total Bytes Sent By Job
	0  -  Total Bytes Received By Job
	Partitionable Resources :    Usage  Request Allocated 
	   Cpus                 :     1.00        1         1 
	   Disk (KB)            :    15          15      2245 
	   Memory (MB)          :   598       20480     20480 

	Job terminated of its own accord at 2024-06-08T03:28:56Z with exit-code 0.
...
