000 (13112.072.000) 2024-06-07 15:12:16 Job submitted from host: <10.18.24.233:9618?addrs=10.18.24.233-9618&alias=bioclusts03.bioclust.biologie.ens.fr&noUDP&sock=schedd_942_b64d>
...
001 (13112.072.000) 2024-06-07 15:55:06 Job executing on host: <10.18.24.45:9618?addrs=10.18.24.45-9618&alias=bioclust45.bioclust.biologie.ens.fr&noUDP&sock=startd_826558_9dc7>
...
006 (13112.072.000) 2024-06-07 15:55:14 Image size of job updated: 670036
	176  -  MemoryUsage of job (MB)
	179816  -  ResidentSetSize of job (KB)
...
006 (13112.072.000) 2024-06-07 16:00:14 Image size of job updated: 1588656
	578  -  MemoryUsage of job (MB)
	591036  -  ResidentSetSize of job (KB)
...
006 (13112.072.000) 2024-06-07 16:05:14 Image size of job updated: 1590504
	580  -  MemoryUsage of job (MB)
	593560  -  ResidentSetSize of job (KB)
...
006 (13112.072.000) 2024-06-07 16:10:16 Image size of job updated: 1592088
	588  -  MemoryUsage of job (MB)
	601776  -  ResidentSetSize of job (KB)
...
006 (13112.072.000) 2024-06-07 16:15:15 Image size of job updated: 1593732
	588  -  MemoryUsage of job (MB)
	601776  -  ResidentSetSize of job (KB)
...
006 (13112.072.000) 2024-06-07 16:20:15 Image size of job updated: 1595468
	589  -  MemoryUsage of job (MB)
	602820  -  ResidentSetSize of job (KB)
...
006 (13112.072.000) 2024-06-07 16:25:16 Image size of job updated: 1597772
	601  -  MemoryUsage of job (MB)
	614648  -  ResidentSetSize of job (KB)
...
006 (13112.072.000) 2024-06-07 16:30:17 Image size of job updated: 1599220
	609  -  MemoryUsage of job (MB)
	623104  -  ResidentSetSize of job (KB)
...
006 (13112.072.000) 2024-06-07 16:35:17 Image size of job updated: 1600980
	609  -  MemoryUsage of job (MB)
	623104  -  ResidentSetSize of job (KB)
...
006 (13112.072.000) 2024-06-07 16:40:18 Image size of job updated: 1602696
	609  -  MemoryUsage of job (MB)
	623104  -  ResidentSetSize of job (KB)
...
006 (13112.072.000) 2024-06-07 16:45:19 Image size of job updated: 1605548
	609  -  MemoryUsage of job (MB)
	623104  -  ResidentSetSize of job (KB)
...
006 (13112.072.000) 2024-06-07 16:50:19 Image size of job updated: 1606924
	609  -  MemoryUsage of job (MB)
	623104  -  ResidentSetSize of job (KB)
...
006 (13112.072.000) 2024-06-07 16:55:19 Image size of job updated: 1608624
	609  -  MemoryUsage of job (MB)
	623104  -  ResidentSetSize of job (KB)
...
006 (13112.072.000) 2024-06-07 16:57:35 Image size of job updated: 1609152
	609  -  MemoryUsage of job (MB)
	623104  -  ResidentSetSize of job (KB)
...
005 (13112.072.000) 2024-06-07 16:57:35 Job terminated.
	(1) Normal termination (return value 0)
		Usr 0 01:01:18, Sys 0 00:00:40  -  Run Remote Usage
		Usr 0 00:00:00, Sys 0 00:00:00  -  Run Local Usage
		Usr 0 01:01:18, Sys 0 00:00:40  -  Total Remote Usage
		Usr 0 00:00:00, Sys 0 00:00:00  -  Total Local Usage
	0  -  Run Bytes Sent By Job
	0  -  Run Bytes Received By Job
	0  -  Total Bytes Sent By Job
	0  -  Total Bytes Received By Job
	Partitionable Resources :    Usage  Request Allocated 
	   Cpus                 :     1.00        1         1 
	   Disk (KB)            :    15          15      2237 
	   Memory (MB)          :   609       20480     20480 

	Job terminated of its own accord at 2024-06-07T14:57:35Z with exit-code 0.
...
