000 (13118.048.000) 2024-06-07 17:04:00 Job submitted from host: <10.18.24.233:9618?addrs=10.18.24.233-9618&alias=bioclusts03.bioclust.biologie.ens.fr&noUDP&sock=schedd_942_b64d>
...
001 (13118.048.000) 2024-06-07 18:46:36 Job executing on host: <10.18.24.45:9618?addrs=10.18.24.45-9618&alias=bioclust45.bioclust.biologie.ens.fr&noUDP&sock=startd_826558_9dc7>
...
006 (13118.048.000) 2024-06-07 18:46:45 Image size of job updated: 892288
	168  -  MemoryUsage of job (MB)
	171688  -  ResidentSetSize of job (KB)
...
006 (13118.048.000) 2024-06-07 18:51:46 Image size of job updated: 1578252
	575  -  MemoryUsage of job (MB)
	587912  -  ResidentSetSize of job (KB)
...
006 (13118.048.000) 2024-06-07 18:56:47 Image size of job updated: 1580064
	593  -  MemoryUsage of job (MB)
	606788  -  ResidentSetSize of job (KB)
...
006 (13118.048.000) 2024-06-07 19:01:47 Image size of job updated: 1581912
	593  -  MemoryUsage of job (MB)
	606920  -  ResidentSetSize of job (KB)
...
006 (13118.048.000) 2024-06-07 19:06:48 Image size of job updated: 1583128
	609  -  MemoryUsage of job (MB)
	623436  -  ResidentSetSize of job (KB)
...
006 (13118.048.000) 2024-06-07 19:11:49 Image size of job updated: 1584052
	609  -  MemoryUsage of job (MB)
	623436  -  ResidentSetSize of job (KB)
...
006 (13118.048.000) 2024-06-07 19:16:49 Image size of job updated: 1651228
	609  -  MemoryUsage of job (MB)
	623436  -  ResidentSetSize of job (KB)
...
006 (13118.048.000) 2024-06-07 19:21:49 Image size of job updated: 1653600
	609  -  MemoryUsage of job (MB)
	623436  -  ResidentSetSize of job (KB)
...
006 (13118.048.000) 2024-06-07 19:26:50 Image size of job updated: 1655980
	609  -  MemoryUsage of job (MB)
	623436  -  ResidentSetSize of job (KB)
...
006 (13118.048.000) 2024-06-07 19:31:50 Image size of job updated: 1656116
	609  -  MemoryUsage of job (MB)
	623436  -  ResidentSetSize of job (KB)
...
006 (13118.048.000) 2024-06-07 19:36:50 Image size of job updated: 1658504
	609  -  MemoryUsage of job (MB)
	623436  -  ResidentSetSize of job (KB)
...
006 (13118.048.000) 2024-06-07 19:41:51 Image size of job updated: 1659428
	609  -  MemoryUsage of job (MB)
	623436  -  ResidentSetSize of job (KB)
...
006 (13118.048.000) 2024-06-07 19:46:52 Image size of job updated: 1660748
	609  -  MemoryUsage of job (MB)
	623436  -  ResidentSetSize of job (KB)
...
006 (13118.048.000) 2024-06-07 19:51:52 Image size of job updated: 1661408
	609  -  MemoryUsage of job (MB)
	623436  -  ResidentSetSize of job (KB)
...
006 (13118.048.000) 2024-06-07 19:56:53 Image size of job updated: 1662728
	609  -  MemoryUsage of job (MB)
	623436  -  ResidentSetSize of job (KB)
...
006 (13118.048.000) 2024-06-07 20:01:54 Image size of job updated: 1664444
	609  -  MemoryUsage of job (MB)
	623436  -  ResidentSetSize of job (KB)
...
006 (13118.048.000) 2024-06-07 20:05:27 Image size of job updated: 1665504
	609  -  MemoryUsage of job (MB)
	623436  -  ResidentSetSize of job (KB)
...
005 (13118.048.000) 2024-06-07 20:05:27 Job terminated.
	(1) Normal termination (return value 0)
		Usr 0 01:17:42, Sys 0 00:00:25  -  Run Remote Usage
		Usr 0 00:00:00, Sys 0 00:00:00  -  Run Local Usage
		Usr 0 01:17:42, Sys 0 00:00:25  -  Total Remote Usage
		Usr 0 00:00:00, Sys 0 00:00:00  -  Total Local Usage
	0  -  Run Bytes Sent By Job
	0  -  Run Bytes Received By Job
	0  -  Total Bytes Sent By Job
	0  -  Total Bytes Received By Job
	Partitionable Resources :    Usage  Request Allocated 
	   Cpus                 :     0.99        1         1 
	   Disk (KB)            :    15          15      2237 
	   Memory (MB)          :   609       20480     20480 

	Job terminated of its own accord at 2024-06-07T18:05:27Z with exit-code 0.
...
