000 (13763.033.000) 2024-09-23 16:11:28 Job submitted from host: <10.18.24.233:9618?addrs=10.18.24.233-9618&alias=bioclusts03.bioclust.biologie.ens.fr&noUDP&sock=schedd_942_b64d>
...
001 (13763.033.000) 2024-09-23 16:11:31 Job executing on host: <10.18.24.43:9618?addrs=10.18.24.43-9618&alias=bioclust43.bioclust.biologie.ens.fr&noUDP&sock=startd_1140_860e>
...
006 (13763.033.000) 2024-09-23 16:11:39 Image size of job updated: 236808
	145  -  MemoryUsage of job (MB)
	148368  -  ResidentSetSize of job (KB)
...
006 (13763.033.000) 2024-09-23 16:16:39 Image size of job updated: 1525080
	575  -  MemoryUsage of job (MB)
	588776  -  ResidentSetSize of job (KB)
...
006 (13763.033.000) 2024-09-23 16:21:40 Image size of job updated: 1592096
	577  -  MemoryUsage of job (MB)
	590756  -  ResidentSetSize of job (KB)
...
006 (13763.033.000) 2024-09-23 16:26:41 Image size of job updated: 1593164
	579  -  MemoryUsage of job (MB)
	592208  -  ResidentSetSize of job (KB)
...
006 (13763.033.000) 2024-09-23 16:31:41 Image size of job updated: 1594620
	581  -  MemoryUsage of job (MB)
	594320  -  ResidentSetSize of job (KB)
...
006 (13763.033.000) 2024-09-23 16:36:42 Image size of job updated: 1595988
	582  -  MemoryUsage of job (MB)
	595896  -  ResidentSetSize of job (KB)
...
006 (13763.033.000) 2024-09-23 16:41:43 Image size of job updated: 1597076
	584  -  MemoryUsage of job (MB)
	597412  -  ResidentSetSize of job (KB)
...
006 (13763.033.000) 2024-09-23 16:46:43 Image size of job updated: 1598392
	586  -  MemoryUsage of job (MB)
	599212  -  ResidentSetSize of job (KB)
...
006 (13763.033.000) 2024-09-23 16:51:43 Image size of job updated: 1599868
	587  -  MemoryUsage of job (MB)
	600532  -  ResidentSetSize of job (KB)
...
006 (13763.033.000) 2024-09-23 16:56:44 Image size of job updated: 1601324
	589  -  MemoryUsage of job (MB)
	602512  -  ResidentSetSize of job (KB)
...
006 (13763.033.000) 2024-09-23 17:01:44 Image size of job updated: 1602392
	590  -  MemoryUsage of job (MB)
	603700  -  ResidentSetSize of job (KB)
...
006 (13763.033.000) 2024-09-23 17:06:44 Image size of job updated: 1603852
	592  -  MemoryUsage of job (MB)
	605680  -  ResidentSetSize of job (KB)
...
006 (13763.033.000) 2024-09-23 17:11:46 Image size of job updated: 1605048
	595  -  MemoryUsage of job (MB)
	608552  -  ResidentSetSize of job (KB)
...
006 (13763.033.000) 2024-09-23 17:16:46 Image size of job updated: 1606776
	597  -  MemoryUsage of job (MB)
	610556  -  ResidentSetSize of job (KB)
...
006 (13763.033.000) 2024-09-23 17:19:12 Image size of job updated: 1607220
	597  -  MemoryUsage of job (MB)
	610556  -  ResidentSetSize of job (KB)
...
005 (13763.033.000) 2024-09-23 17:19:12 Job terminated.
	(1) Normal termination (return value 0)
		Usr 0 01:07:23, Sys 0 00:00:04  -  Run Remote Usage
		Usr 0 00:00:00, Sys 0 00:00:00  -  Run Local Usage
		Usr 0 01:07:23, Sys 0 00:00:04  -  Total Remote Usage
		Usr 0 00:00:00, Sys 0 00:00:00  -  Total Local Usage
	0  -  Run Bytes Sent By Job
	0  -  Run Bytes Received By Job
	0  -  Total Bytes Sent By Job
	0  -  Total Bytes Received By Job
	Partitionable Resources :    Usage  Request Allocated 
	   Cpus                 :     1.00        1         1 
	   Disk (KB)            :    15          15      3174 
	   Memory (MB)          :   597        2048      2048 

	Job terminated of its own accord at 2024-09-23T15:19:12Z with exit-code 0.
...
