000 (13118.330.000) 2024-06-07 17:04:07 Job submitted from host: <10.18.24.233:9618?addrs=10.18.24.233-9618&alias=bioclusts03.bioclust.biologie.ens.fr&noUDP&sock=schedd_942_b64d>
...
001 (13118.330.000) 2024-06-08 07:11:04 Job executing on host: <10.18.24.13:9618?addrs=10.18.24.13-9618&alias=bioclust13.bioclust.biologie.ens.fr&noUDP&sock=startd_1231_f12c>
...
006 (13118.330.000) 2024-06-08 07:11:12 Image size of job updated: 245168
	240  -  MemoryUsage of job (MB)
	245168  -  ResidentSetSize of job (KB)
...
006 (13118.330.000) 2024-06-08 07:16:12 Image size of job updated: 1631452
	579  -  MemoryUsage of job (MB)
	592196  -  ResidentSetSize of job (KB)
...
006 (13118.330.000) 2024-06-08 07:21:13 Image size of job updated: 1632640
	580  -  MemoryUsage of job (MB)
	593084  -  ResidentSetSize of job (KB)
...
006 (13118.330.000) 2024-06-08 07:26:13 Image size of job updated: 1633696
	582  -  MemoryUsage of job (MB)
	595420  -  ResidentSetSize of job (KB)
...
006 (13118.330.000) 2024-06-08 07:31:13 Image size of job updated: 1635304
	582  -  MemoryUsage of job (MB)
	595804  -  ResidentSetSize of job (KB)
...
006 (13118.330.000) 2024-06-08 07:36:15 Image size of job updated: 1636624
	584  -  MemoryUsage of job (MB)
	597080  -  ResidentSetSize of job (KB)
...
006 (13118.330.000) 2024-06-08 07:41:14 Image size of job updated: 1638208
	585  -  MemoryUsage of job (MB)
	598604  -  ResidentSetSize of job (KB)
...
006 (13118.330.000) 2024-06-08 07:46:14 Image size of job updated: 1639264
	586  -  MemoryUsage of job (MB)
	599676  -  ResidentSetSize of job (KB)
...
006 (13118.330.000) 2024-06-08 07:51:15 Image size of job updated: 1640716
	588  -  MemoryUsage of job (MB)
	601176  -  ResidentSetSize of job (KB)
...
006 (13118.330.000) 2024-06-08 07:56:16 Image size of job updated: 1642036
	590  -  MemoryUsage of job (MB)
	603228  -  ResidentSetSize of job (KB)
...
006 (13118.330.000) 2024-06-08 08:01:16 Image size of job updated: 1643224
	590  -  MemoryUsage of job (MB)
	603632  -  ResidentSetSize of job (KB)
...
006 (13118.330.000) 2024-06-08 08:06:17 Image size of job updated: 1644280
	591  -  MemoryUsage of job (MB)
	604708  -  ResidentSetSize of job (KB)
...
006 (13118.330.000) 2024-06-08 08:11:18 Image size of job updated: 1644808
	592  -  MemoryUsage of job (MB)
	605260  -  ResidentSetSize of job (KB)
...
006 (13118.330.000) 2024-06-08 08:16:18 Image size of job updated: 1645732
	593  -  MemoryUsage of job (MB)
	606220  -  ResidentSetSize of job (KB)
...
006 (13118.330.000) 2024-06-08 08:21:19 Image size of job updated: 1646920
	594  -  MemoryUsage of job (MB)
	607456  -  ResidentSetSize of job (KB)
...
006 (13118.330.000) 2024-06-08 08:26:20 Image size of job updated: 1648372
	595  -  MemoryUsage of job (MB)
	608808  -  ResidentSetSize of job (KB)
...
006 (13118.330.000) 2024-06-08 08:29:41 Image size of job updated: 1649032
	595  -  MemoryUsage of job (MB)
	608808  -  ResidentSetSize of job (KB)
...
005 (13118.330.000) 2024-06-08 08:29:42 Job terminated.
	(1) Normal termination (return value 0)
		Usr 0 01:18:23, Sys 0 00:00:09  -  Run Remote Usage
		Usr 0 00:00:00, Sys 0 00:00:00  -  Run Local Usage
		Usr 0 01:18:23, Sys 0 00:00:09  -  Total Remote Usage
		Usr 0 00:00:00, Sys 0 00:00:00  -  Total Local Usage
	0  -  Run Bytes Sent By Job
	0  -  Run Bytes Received By Job
	0  -  Total Bytes Sent By Job
	0  -  Total Bytes Received By Job
	Partitionable Resources :    Usage  Request Allocated 
	   Cpus                 :     1.00        1         1 
	   Disk (KB)            :    15          15      2412 
	   Memory (MB)          :   595       20480     20480 

	Job terminated of its own accord at 2024-06-08T06:29:41Z with exit-code 0.
...
