000 (13118.263.000) 2024-06-07 17:04:05 Job submitted from host: <10.18.24.233:9618?addrs=10.18.24.233-9618&alias=bioclusts03.bioclust.biologie.ens.fr&noUDP&sock=schedd_942_b64d>
...
001 (13118.263.000) 2024-06-08 04:24:02 Job executing on host: <10.18.24.12:9618?addrs=10.18.24.12-9618&alias=bioclust12.bioclust.biologie.ens.fr&noUDP&sock=startd_52665_6353>
...
006 (13118.263.000) 2024-06-08 04:24:11 Image size of job updated: 648736
	214  -  MemoryUsage of job (MB)
	218260  -  ResidentSetSize of job (KB)
...
006 (13118.263.000) 2024-06-08 04:29:12 Image size of job updated: 1620936
	577  -  MemoryUsage of job (MB)
	589880  -  ResidentSetSize of job (KB)
...
006 (13118.263.000) 2024-06-08 04:34:13 Image size of job updated: 1621864
	578  -  MemoryUsage of job (MB)
	591196  -  ResidentSetSize of job (KB)
...
006 (13118.263.000) 2024-06-08 04:39:13 Image size of job updated: 1623848
	580  -  MemoryUsage of job (MB)
	593140  -  ResidentSetSize of job (KB)
...
006 (13118.263.000) 2024-06-08 04:44:13 Image size of job updated: 1625300
	581  -  MemoryUsage of job (MB)
	594800  -  ResidentSetSize of job (KB)
...
006 (13118.263.000) 2024-06-08 04:49:15 Image size of job updated: 1627024
	583  -  MemoryUsage of job (MB)
	596664  -  ResidentSetSize of job (KB)
...
006 (13118.263.000) 2024-06-08 04:54:15 Image size of job updated: 1628476
	584  -  MemoryUsage of job (MB)
	597928  -  ResidentSetSize of job (KB)
...
006 (13118.263.000) 2024-06-08 04:59:15 Image size of job updated: 1629780
	586  -  MemoryUsage of job (MB)
	599672  -  ResidentSetSize of job (KB)
...
006 (13118.263.000) 2024-06-08 05:04:16 Image size of job updated: 1631944
	588  -  MemoryUsage of job (MB)
	601928  -  ResidentSetSize of job (KB)
...
006 (13118.263.000) 2024-06-08 05:09:17 Image size of job updated: 1633400
	590  -  MemoryUsage of job (MB)
	603624  -  ResidentSetSize of job (KB)
...
006 (13118.263.000) 2024-06-08 05:14:17 Image size of job updated: 1634460
	591  -  MemoryUsage of job (MB)
	604868  -  ResidentSetSize of job (KB)
...
006 (13118.263.000) 2024-06-08 05:19:17 Image size of job updated: 1636180
	593  -  MemoryUsage of job (MB)
	606704  -  ResidentSetSize of job (KB)
...
006 (13118.263.000) 2024-06-08 05:24:18 Image size of job updated: 1638428
	595  -  MemoryUsage of job (MB)
	609016  -  ResidentSetSize of job (KB)
...
006 (13118.263.000) 2024-06-08 05:29:18 Image size of job updated: 1639088
	596  -  MemoryUsage of job (MB)
	609968  -  ResidentSetSize of job (KB)
...
006 (13118.263.000) 2024-06-08 05:34:18 Image size of job updated: 1640540
	598  -  MemoryUsage of job (MB)
	611408  -  ResidentSetSize of job (KB)
...
006 (13118.263.000) 2024-06-08 05:37:34 Image size of job updated: 1643052
	598  -  MemoryUsage of job (MB)
	611408  -  ResidentSetSize of job (KB)
...
005 (13118.263.000) 2024-06-08 05:37:34 Job terminated.
	(1) Normal termination (return value 0)
		Usr 0 01:13:03, Sys 0 00:00:04  -  Run Remote Usage
		Usr 0 00:00:00, Sys 0 00:00:00  -  Run Local Usage
		Usr 0 01:13:03, Sys 0 00:00:04  -  Total Remote Usage
		Usr 0 00:00:00, Sys 0 00:00:00  -  Total Local Usage
	0  -  Run Bytes Sent By Job
	0  -  Run Bytes Received By Job
	0  -  Total Bytes Sent By Job
	0  -  Total Bytes Received By Job
	Partitionable Resources :    Usage  Request Allocated 
	   Cpus                 :     1.00        1         1 
	   Disk (KB)            :    15          15      2316 
	   Memory (MB)          :   598       20480     20480 

	Job terminated of its own accord at 2024-06-08T03:37:34Z with exit-code 0.
...
