000 (13118.175.000) 2024-06-07 17:04:03 Job submitted from host: <10.18.24.233:9618?addrs=10.18.24.233-9618&alias=bioclusts03.bioclust.biologie.ens.fr&noUDP&sock=schedd_942_b64d>
...
001 (13118.175.000) 2024-06-07 23:59:57 Job executing on host: <10.18.24.8:9618?addrs=10.18.24.8-9618&alias=bioclust08.bioclust.biologie.ens.fr&noUDP&sock=startd_1112_5167>
...
006 (13118.175.000) 2024-06-08 00:00:06 Image size of job updated: 653824
	170  -  MemoryUsage of job (MB)
	173168  -  ResidentSetSize of job (KB)
...
006 (13118.175.000) 2024-06-08 00:05:07 Image size of job updated: 1596448
	554  -  MemoryUsage of job (MB)
	566480  -  ResidentSetSize of job (KB)
...
006 (13118.175.000) 2024-06-08 00:10:08 Image size of job updated: 1600276
	566  -  MemoryUsage of job (MB)
	578776  -  ResidentSetSize of job (KB)
...
006 (13118.175.000) 2024-06-08 00:15:08 Image size of job updated: 1605728
	577  -  MemoryUsage of job (MB)
	590636  -  ResidentSetSize of job (KB)
...
006 (13118.175.000) 2024-06-08 00:20:08 Image size of job updated: 1611016
	587  -  MemoryUsage of job (MB)
	600652  -  ResidentSetSize of job (KB)
...
006 (13118.175.000) 2024-06-08 00:25:09 Image size of job updated: 1614844
	594  -  MemoryUsage of job (MB)
	607788  -  ResidentSetSize of job (KB)
...
006 (13118.175.000) 2024-06-08 00:30:09 Image size of job updated: 1620388
	602  -  MemoryUsage of job (MB)
	616404  -  ResidentSetSize of job (KB)
...
006 (13118.175.000) 2024-06-08 00:35:09 Image size of job updated: 1625412
	611  -  MemoryUsage of job (MB)
	624668  -  ResidentSetSize of job (KB)
...
006 (13118.175.000) 2024-06-08 00:40:10 Image size of job updated: 1630068
	617  -  MemoryUsage of job (MB)
	631728  -  ResidentSetSize of job (KB)
...
006 (13118.175.000) 2024-06-08 00:45:10 Image size of job updated: 1634564
	624  -  MemoryUsage of job (MB)
	638940  -  ResidentSetSize of job (KB)
...
006 (13118.175.000) 2024-06-08 00:50:10 Image size of job updated: 1638348
	630  -  MemoryUsage of job (MB)
	644856  -  ResidentSetSize of job (KB)
...
006 (13118.175.000) 2024-06-08 00:55:11 Image size of job updated: 1643348
	638  -  MemoryUsage of job (MB)
	652628  -  ResidentSetSize of job (KB)
...
006 (13118.175.000) 2024-06-08 01:00:12 Image size of job updated: 1646124
	643  -  MemoryUsage of job (MB)
	657700  -  ResidentSetSize of job (KB)
...
006 (13118.175.000) 2024-06-08 01:05:12 Image size of job updated: 1649888
	649  -  MemoryUsage of job (MB)
	663844  -  ResidentSetSize of job (KB)
...
006 (13118.175.000) 2024-06-08 01:10:13 Image size of job updated: 1653476
	654  -  MemoryUsage of job (MB)
	669016  -  ResidentSetSize of job (KB)
...
006 (13118.175.000) 2024-06-08 01:15:14 Image size of job updated: 1657568
	660  -  MemoryUsage of job (MB)
	675416  -  ResidentSetSize of job (KB)
...
006 (13118.175.000) 2024-06-08 01:20:14 Image size of job updated: 1660652
	665  -  MemoryUsage of job (MB)
	680960  -  ResidentSetSize of job (KB)
...
006 (13118.175.000) 2024-06-08 01:25:15 Image size of job updated: 1664844
	671  -  MemoryUsage of job (MB)
	686616  -  ResidentSetSize of job (KB)
...
006 (13118.175.000) 2024-06-08 01:30:16 Image size of job updated: 1668012
	676  -  MemoryUsage of job (MB)
	691616  -  ResidentSetSize of job (KB)
...
006 (13118.175.000) 2024-06-08 01:35:16 Image size of job updated: 1671312
	682  -  MemoryUsage of job (MB)
	697528  -  ResidentSetSize of job (KB)
...
006 (13118.175.000) 2024-06-08 01:40:16 Image size of job updated: 1674760
	687  -  MemoryUsage of job (MB)
	702472  -  ResidentSetSize of job (KB)
...
006 (13118.175.000) 2024-06-08 01:45:17 Image size of job updated: 1677532
	692  -  MemoryUsage of job (MB)
	708264  -  ResidentSetSize of job (KB)
...
006 (13118.175.000) 2024-06-08 01:50:17 Image size of job updated: 1680832
	698  -  MemoryUsage of job (MB)
	714744  -  ResidentSetSize of job (KB)
...
006 (13118.175.000) 2024-06-08 01:55:17 Image size of job updated: 1684340
	702  -  MemoryUsage of job (MB)
	718112  -  ResidentSetSize of job (KB)
...
006 (13118.175.000) 2024-06-08 02:00:18 Image size of job updated: 1689760
	709  -  MemoryUsage of job (MB)
	725396  -  ResidentSetSize of job (KB)
...
006 (13118.175.000) 2024-06-08 02:05:19 Image size of job updated: 1691476
	712  -  MemoryUsage of job (MB)
	728960  -  ResidentSetSize of job (KB)
...
006 (13118.175.000) 2024-06-08 02:10:19 Image size of job updated: 1694940
	718  -  MemoryUsage of job (MB)
	734308  -  ResidentSetSize of job (KB)
...
006 (13118.175.000) 2024-06-08 02:15:20 Image size of job updated: 1763660
	723  -  MemoryUsage of job (MB)
	739452  -  ResidentSetSize of job (KB)
...
006 (13118.175.000) 2024-06-08 02:20:21 Image size of job updated: 1766172
	727  -  MemoryUsage of job (MB)
	743800  -  ResidentSetSize of job (KB)
...
006 (13118.175.000) 2024-06-08 02:25:21 Image size of job updated: 1769840
	732  -  MemoryUsage of job (MB)
	749200  -  ResidentSetSize of job (KB)
...
006 (13118.175.000) 2024-06-08 02:30:21 Image size of job updated: 1771180
	736  -  MemoryUsage of job (MB)
	753576  -  ResidentSetSize of job (KB)
...
006 (13118.175.000) 2024-06-08 02:35:22 Image size of job updated: 1774616
	745  -  MemoryUsage of job (MB)
	762612  -  ResidentSetSize of job (KB)
...
006 (13118.175.000) 2024-06-08 02:40:22 Image size of job updated: 1775108
	745  -  MemoryUsage of job (MB)
	762612  -  ResidentSetSize of job (KB)
...
005 (13118.175.000) 2024-06-08 06:11:17 Job terminated.
	(1) Normal termination (return value 0)
		Usr 0 06:09:50, Sys 0 00:01:03  -  Run Remote Usage
		Usr 0 00:00:00, Sys 0 00:00:00  -  Run Local Usage
		Usr 0 06:09:50, Sys 0 00:01:03  -  Total Remote Usage
		Usr 0 00:00:00, Sys 0 00:00:00  -  Total Local Usage
	0  -  Run Bytes Sent By Job
	0  -  Run Bytes Received By Job
	0  -  Total Bytes Sent By Job
	0  -  Total Bytes Received By Job
	Partitionable Resources :    Usage  Request Allocated 
	   Cpus                 :     1.00        1         1 
	   Disk (KB)            :    15          15      1635 
	   Memory (MB)          :   745       20480     20480 

	Job terminated of its own accord at 2024-06-08T04:11:17Z with exit-code 0.
...
