000 (13118.297.000) 2024-06-07 17:04:06 Job submitted from host: <10.18.24.233:9618?addrs=10.18.24.233-9618&alias=bioclusts03.bioclust.biologie.ens.fr&noUDP&sock=schedd_942_b64d>
...
001 (13118.297.000) 2024-06-08 05:47:02 Job executing on host: <10.18.24.45:9618?addrs=10.18.24.45-9618&alias=bioclust45.bioclust.biologie.ens.fr&noUDP&sock=startd_826558_9dc7>
...
006 (13118.297.000) 2024-06-08 05:47:10 Image size of job updated: 659520
	207  -  MemoryUsage of job (MB)
	211204  -  ResidentSetSize of job (KB)
...
006 (13118.297.000) 2024-06-08 05:52:10 Image size of job updated: 1616248
	607  -  MemoryUsage of job (MB)
	620980  -  ResidentSetSize of job (KB)
...
006 (13118.297.000) 2024-06-08 05:57:11 Image size of job updated: 1617180
	608  -  MemoryUsage of job (MB)
	621884  -  ResidentSetSize of job (KB)
...
006 (13118.297.000) 2024-06-08 06:02:12 Image size of job updated: 1618376
	609  -  MemoryUsage of job (MB)
	623252  -  ResidentSetSize of job (KB)
...
006 (13118.297.000) 2024-06-08 06:07:12 Image size of job updated: 1619168
	609  -  MemoryUsage of job (MB)
	623252  -  ResidentSetSize of job (KB)
...
006 (13118.297.000) 2024-06-08 06:12:12 Image size of job updated: 1620388
	611  -  MemoryUsage of job (MB)
	625480  -  ResidentSetSize of job (KB)
...
006 (13118.297.000) 2024-06-08 06:17:13 Image size of job updated: 1621712
	611  -  MemoryUsage of job (MB)
	625612  -  ResidentSetSize of job (KB)
...
006 (13118.297.000) 2024-06-08 06:22:14 Image size of job updated: 1622648
	613  -  MemoryUsage of job (MB)
	627536  -  ResidentSetSize of job (KB)
...
006 (13118.297.000) 2024-06-08 06:27:14 Image size of job updated: 1623556
	615  -  MemoryUsage of job (MB)
	629552  -  ResidentSetSize of job (KB)
...
006 (13118.297.000) 2024-06-08 06:32:15 Image size of job updated: 1624880
	615  -  MemoryUsage of job (MB)
	629552  -  ResidentSetSize of job (KB)
...
006 (13118.297.000) 2024-06-08 06:37:16 Image size of job updated: 1625672
	616  -  MemoryUsage of job (MB)
	630336  -  ResidentSetSize of job (KB)
...
006 (13118.297.000) 2024-06-08 06:42:16 Image size of job updated: 1626608
	616  -  MemoryUsage of job (MB)
	630336  -  ResidentSetSize of job (KB)
...
006 (13118.297.000) 2024-06-08 06:47:16 Image size of job updated: 1627672
	620  -  MemoryUsage of job (MB)
	633924  -  ResidentSetSize of job (KB)
...
006 (13118.297.000) 2024-06-08 06:52:17 Image size of job updated: 1628500
	620  -  MemoryUsage of job (MB)
	633924  -  ResidentSetSize of job (KB)
...
006 (13118.297.000) 2024-06-08 06:57:17 Image size of job updated: 1629560
	620  -  MemoryUsage of job (MB)
	633924  -  ResidentSetSize of job (KB)
...
006 (13118.297.000) 2024-06-08 07:02:17 Image size of job updated: 1630496
	620  -  MemoryUsage of job (MB)
	633988  -  ResidentSetSize of job (KB)
...
006 (13118.297.000) 2024-06-08 07:07:18 Image size of job updated: 1631568
	621  -  MemoryUsage of job (MB)
	635504  -  ResidentSetSize of job (KB)
...
006 (13118.297.000) 2024-06-08 07:10:54 Image size of job updated: 1632100
	621  -  MemoryUsage of job (MB)
	635504  -  ResidentSetSize of job (KB)
...
005 (13118.297.000) 2024-06-08 07:10:54 Job terminated.
	(1) Normal termination (return value 0)
		Usr 0 01:23:01, Sys 0 00:00:15  -  Run Remote Usage
		Usr 0 00:00:00, Sys 0 00:00:00  -  Run Local Usage
		Usr 0 01:23:01, Sys 0 00:00:15  -  Total Remote Usage
		Usr 0 00:00:00, Sys 0 00:00:00  -  Total Local Usage
	0  -  Run Bytes Sent By Job
	0  -  Run Bytes Received By Job
	0  -  Total Bytes Sent By Job
	0  -  Total Bytes Received By Job
	Partitionable Resources :    Usage  Request Allocated 
	   Cpus                 :     1.00        1         1 
	   Disk (KB)            :    15          15      2237 
	   Memory (MB)          :   621       20480     20480 

	Job terminated of its own accord at 2024-06-08T05:10:54Z with exit-code 0.
...
