000 (13763.031.000) 2024-09-23 16:11:27 Job submitted from host: <10.18.24.233:9618?addrs=10.18.24.233-9618&alias=bioclusts03.bioclust.biologie.ens.fr&noUDP&sock=schedd_942_b64d>
...
001 (13763.031.000) 2024-09-23 16:11:30 Job executing on host: <10.18.24.3:9618?addrs=10.18.24.3-9618&alias=bioclust03.bioclust.biologie.ens.fr&noUDP&sock=startd_1093_491a>
...
006 (13763.031.000) 2024-09-23 16:11:39 Image size of job updated: 236544
	146  -  MemoryUsage of job (MB)
	148500  -  ResidentSetSize of job (KB)
...
006 (13763.031.000) 2024-09-23 16:16:40 Image size of job updated: 1607840
	594  -  MemoryUsage of job (MB)
	607732  -  ResidentSetSize of job (KB)
...
006 (13763.031.000) 2024-09-23 16:21:40 Image size of job updated: 1610960
	600  -  MemoryUsage of job (MB)
	614124  -  ResidentSetSize of job (KB)
...
006 (13763.031.000) 2024-09-23 16:26:41 Image size of job updated: 1612384
	604  -  MemoryUsage of job (MB)
	618084  -  ResidentSetSize of job (KB)
...
006 (13763.031.000) 2024-09-23 16:31:42 Image size of job updated: 1614200
	609  -  MemoryUsage of job (MB)
	622772  -  ResidentSetSize of job (KB)
...
006 (13763.031.000) 2024-09-23 16:36:42 Image size of job updated: 1615588
	613  -  MemoryUsage of job (MB)
	627068  -  ResidentSetSize of job (KB)
...
006 (13763.031.000) 2024-09-23 16:46:43 Image size of job updated: 1616004
	616  -  MemoryUsage of job (MB)
	630372  -  ResidentSetSize of job (KB)
...
006 (13763.031.000) 2024-09-23 16:51:43 Image size of job updated: 1617508
	616  -  MemoryUsage of job (MB)
	630372  -  ResidentSetSize of job (KB)
...
006 (13763.031.000) 2024-09-23 16:56:43 Image size of job updated: 1619260
	619  -  MemoryUsage of job (MB)
	632852  -  ResidentSetSize of job (KB)
...
006 (13763.031.000) 2024-09-23 17:01:44 Image size of job updated: 1619960
	619  -  MemoryUsage of job (MB)
	632852  -  ResidentSetSize of job (KB)
...
006 (13763.031.000) 2024-09-23 17:06:44 Image size of job updated: 1621372
	620  -  MemoryUsage of job (MB)
	634316  -  ResidentSetSize of job (KB)
...
006 (13763.031.000) 2024-09-23 17:11:44 Image size of job updated: 1622608
	622  -  MemoryUsage of job (MB)
	636056  -  ResidentSetSize of job (KB)
...
006 (13763.031.000) 2024-09-23 17:16:45 Image size of job updated: 1623956
	622  -  MemoryUsage of job (MB)
	636056  -  ResidentSetSize of job (KB)
...
006 (13763.031.000) 2024-09-23 17:21:46 Image size of job updated: 1624620
	624  -  MemoryUsage of job (MB)
	638032  -  ResidentSetSize of job (KB)
...
006 (13763.031.000) 2024-09-23 17:26:46 Image size of job updated: 1625636
	624  -  MemoryUsage of job (MB)
	638032  -  ResidentSetSize of job (KB)
...
006 (13763.031.000) 2024-09-23 17:31:47 Image size of job updated: 1626760
	626  -  MemoryUsage of job (MB)
	640224  -  ResidentSetSize of job (KB)
...
005 (13763.031.000) 2024-09-23 17:34:44 Job terminated.
	(1) Normal termination (return value 0)
		Usr 0 01:22:52, Sys 0 00:00:06  -  Run Remote Usage
		Usr 0 00:00:00, Sys 0 00:00:00  -  Run Local Usage
		Usr 0 01:22:52, Sys 0 00:00:06  -  Total Remote Usage
		Usr 0 00:00:00, Sys 0 00:00:00  -  Total Local Usage
	0  -  Run Bytes Sent By Job
	0  -  Run Bytes Received By Job
	0  -  Total Bytes Sent By Job
	0  -  Total Bytes Received By Job
	Partitionable Resources :    Usage  Request Allocated 
	   Cpus                 :     1.00        1         1 
	   Disk (KB)            :    15          15      3085 
	   Memory (MB)          :   626        2048      2048 

	Job terminated of its own accord at 2024-09-23T15:34:44Z with exit-code 0.
...
