000 (13112.053.000) 2024-06-07 15:12:16 Job submitted from host: <10.18.24.233:9618?addrs=10.18.24.233-9618&alias=bioclusts03.bioclust.biologie.ens.fr&noUDP&sock=schedd_942_b64d>
...
001 (13112.053.000) 2024-06-07 15:12:19 Job executing on host: <10.18.24.14:9618?addrs=10.18.24.14-9618&alias=bioclust14.bioclust.biologie.ens.fr&noUDP&sock=startd_1218_0671>
...
006 (13112.053.000) 2024-06-07 15:12:28 Image size of job updated: 187044
	145  -  MemoryUsage of job (MB)
	148368  -  ResidentSetSize of job (KB)
...
006 (13112.053.000) 2024-06-07 15:17:30 Image size of job updated: 1588428
	509  -  MemoryUsage of job (MB)
	521064  -  ResidentSetSize of job (KB)
...
006 (13112.053.000) 2024-06-07 15:22:30 Image size of job updated: 1592800
	517  -  MemoryUsage of job (MB)
	528440  -  ResidentSetSize of job (KB)
...
006 (13112.053.000) 2024-06-07 15:27:30 Image size of job updated: 1599752
	525  -  MemoryUsage of job (MB)
	536860  -  ResidentSetSize of job (KB)
...
006 (13112.053.000) 2024-06-07 15:32:30 Image size of job updated: 1606180
	532  -  MemoryUsage of job (MB)
	543824  -  ResidentSetSize of job (KB)
...
006 (13112.053.000) 2024-06-07 15:37:31 Image size of job updated: 1612992
	539  -  MemoryUsage of job (MB)
	551392  -  ResidentSetSize of job (KB)
...
006 (13112.053.000) 2024-06-07 15:42:31 Image size of job updated: 1619060
	546  -  MemoryUsage of job (MB)
	558492  -  ResidentSetSize of job (KB)
...
006 (13112.053.000) 2024-06-07 15:47:31 Image size of job updated: 1624500
	553  -  MemoryUsage of job (MB)
	565508  -  ResidentSetSize of job (KB)
...
006 (13112.053.000) 2024-06-07 15:52:32 Image size of job updated: 1631152
	560  -  MemoryUsage of job (MB)
	572820  -  ResidentSetSize of job (KB)
...
006 (13112.053.000) 2024-06-07 15:57:32 Image size of job updated: 1637148
	567  -  MemoryUsage of job (MB)
	579600  -  ResidentSetSize of job (KB)
...
006 (13112.053.000) 2024-06-07 16:02:32 Image size of job updated: 1642976
	573  -  MemoryUsage of job (MB)
	586332  -  ResidentSetSize of job (KB)
...
006 (13112.053.000) 2024-06-07 16:07:33 Image size of job updated: 1648464
	579  -  MemoryUsage of job (MB)
	592836  -  ResidentSetSize of job (KB)
...
006 (13112.053.000) 2024-06-07 16:12:34 Image size of job updated: 1653484
	586  -  MemoryUsage of job (MB)
	599412  -  ResidentSetSize of job (KB)
...
006 (13112.053.000) 2024-06-07 16:17:34 Image size of job updated: 1659288
	592  -  MemoryUsage of job (MB)
	605464  -  ResidentSetSize of job (KB)
...
006 (13112.053.000) 2024-06-07 16:22:35 Image size of job updated: 1664056
	597  -  MemoryUsage of job (MB)
	611312  -  ResidentSetSize of job (KB)
...
006 (13112.053.000) 2024-06-07 16:27:36 Image size of job updated: 1669552
	603  -  MemoryUsage of job (MB)
	616848  -  ResidentSetSize of job (KB)
...
006 (13112.053.000) 2024-06-07 16:32:36 Image size of job updated: 1675232
	609  -  MemoryUsage of job (MB)
	623352  -  ResidentSetSize of job (KB)
...
006 (13112.053.000) 2024-06-07 16:37:36 Image size of job updated: 1680784
	618  -  MemoryUsage of job (MB)
	632200  -  ResidentSetSize of job (KB)
...
006 (13112.053.000) 2024-06-07 16:42:37 Image size of job updated: 1685152
	620  -  MemoryUsage of job (MB)
	634372  -  ResidentSetSize of job (KB)
...
006 (13112.053.000) 2024-06-07 16:47:37 Image size of job updated: 1688988
	624  -  MemoryUsage of job (MB)
	638800  -  ResidentSetSize of job (KB)
...
006 (13112.053.000) 2024-06-07 16:52:37 Image size of job updated: 1692896
	629  -  MemoryUsage of job (MB)
	643476  -  ResidentSetSize of job (KB)
...
006 (13112.053.000) 2024-06-07 16:57:38 Image size of job updated: 1697256
	634  -  MemoryUsage of job (MB)
	648244  -  ResidentSetSize of job (KB)
...
006 (13112.053.000) 2024-06-07 17:02:39 Image size of job updated: 1701872
	648  -  MemoryUsage of job (MB)
	662672  -  ResidentSetSize of job (KB)
...
006 (13112.053.000) 2024-06-07 17:07:39 Image size of job updated: 1705860
	648  -  MemoryUsage of job (MB)
	662672  -  ResidentSetSize of job (KB)
...
006 (13112.053.000) 2024-06-07 17:12:40 Image size of job updated: 1709964
	648  -  MemoryUsage of job (MB)
	662808  -  ResidentSetSize of job (KB)
...
006 (13112.053.000) 2024-06-07 17:17:41 Image size of job updated: 1714112
	652  -  MemoryUsage of job (MB)
	667448  -  ResidentSetSize of job (KB)
...
006 (13112.053.000) 2024-06-07 17:22:41 Image size of job updated: 1718516
	668  -  MemoryUsage of job (MB)
	683928  -  ResidentSetSize of job (KB)
...
006 (13112.053.000) 2024-06-07 17:27:41 Image size of job updated: 1721952
	668  -  MemoryUsage of job (MB)
	683928  -  ResidentSetSize of job (KB)
...
006 (13112.053.000) 2024-06-07 17:32:42 Image size of job updated: 1725920
	668  -  MemoryUsage of job (MB)
	683928  -  ResidentSetSize of job (KB)
...
006 (13112.053.000) 2024-06-07 17:37:43 Image size of job updated: 1727244
	668  -  MemoryUsage of job (MB)
	683928  -  ResidentSetSize of job (KB)
...
005 (13112.053.000) 2024-06-07 17:53:36 Job terminated.
	(1) Normal termination (return value 0)
		Usr 0 02:37:36, Sys 0 00:01:03  -  Run Remote Usage
		Usr 0 00:00:00, Sys 0 00:00:00  -  Run Local Usage
		Usr 0 02:37:36, Sys 0 00:01:03  -  Total Remote Usage
		Usr 0 00:00:00, Sys 0 00:00:00  -  Total Local Usage
	0  -  Run Bytes Sent By Job
	0  -  Run Bytes Received By Job
	0  -  Total Bytes Sent By Job
	0  -  Total Bytes Received By Job
	Partitionable Resources :    Usage  Request Allocated 
	   Cpus                 :     1.00        1         1 
	   Disk (KB)            :    15          15      2067 
	   Memory (MB)          :   668       20480     20480 

	Job terminated of its own accord at 2024-06-07T15:53:36Z with exit-code 0.
...
