000 (13112.033.000) 2024-06-07 15:12:16 Job submitted from host: <10.18.24.233:9618?addrs=10.18.24.233-9618&alias=bioclusts03.bioclust.biologie.ens.fr&noUDP&sock=schedd_942_b64d>
...
001 (13112.033.000) 2024-06-07 15:12:19 Job executing on host: <10.18.24.187:9618?addrs=10.18.24.187-9618&alias=mcbsclust16.bioclust.biologie.ens.fr&noUDP&sock=startd_1526_499c>
...
006 (13112.033.000) 2024-06-07 15:12:27 Image size of job updated: 408556
	309  -  MemoryUsage of job (MB)
	315892  -  ResidentSetSize of job (KB)
...
006 (13112.033.000) 2024-06-07 15:17:27 Image size of job updated: 1539596
	513  -  MemoryUsage of job (MB)
	525224  -  ResidentSetSize of job (KB)
...
006 (13112.033.000) 2024-06-07 15:22:28 Image size of job updated: 1539596
	519  -  MemoryUsage of job (MB)
	530636  -  ResidentSetSize of job (KB)
...
006 (13112.033.000) 2024-06-07 15:27:29 Image size of job updated: 1539596
	521  -  MemoryUsage of job (MB)
	532880  -  ResidentSetSize of job (KB)
...
006 (13112.033.000) 2024-06-07 15:32:29 Image size of job updated: 1539596
	521  -  MemoryUsage of job (MB)
	533012  -  ResidentSetSize of job (KB)
...
006 (13112.033.000) 2024-06-07 15:37:30 Image size of job updated: 1539596
	521  -  MemoryUsage of job (MB)
	533144  -  ResidentSetSize of job (KB)
...
006 (13112.033.000) 2024-06-07 15:42:31 Image size of job updated: 1539596
	523  -  MemoryUsage of job (MB)
	535316  -  ResidentSetSize of job (KB)
...
006 (13112.033.000) 2024-06-07 15:47:31 Image size of job updated: 1539596
	524  -  MemoryUsage of job (MB)
	535596  -  ResidentSetSize of job (KB)
...
006 (13112.033.000) 2024-06-07 15:52:31 Image size of job updated: 1539596
	524  -  MemoryUsage of job (MB)
	535712  -  ResidentSetSize of job (KB)
...
006 (13112.033.000) 2024-06-07 15:57:32 Image size of job updated: 1541712
	526  -  MemoryUsage of job (MB)
	538088  -  ResidentSetSize of job (KB)
...
006 (13112.033.000) 2024-06-07 16:02:32 Image size of job updated: 1543036
	528  -  MemoryUsage of job (MB)
	540144  -  ResidentSetSize of job (KB)
...
006 (13112.033.000) 2024-06-07 16:07:03 Image size of job updated: 1546312
	528  -  MemoryUsage of job (MB)
	540144  -  ResidentSetSize of job (KB)
...
005 (13112.033.000) 2024-06-07 16:07:03 Job terminated.
	(1) Normal termination (return value 0)
		Usr 0 00:54:31, Sys 0 00:00:05  -  Run Remote Usage
		Usr 0 00:00:00, Sys 0 00:00:00  -  Run Local Usage
		Usr 0 00:54:31, Sys 0 00:00:05  -  Total Remote Usage
		Usr 0 00:00:00, Sys 0 00:00:00  -  Total Local Usage
	0  -  Run Bytes Sent By Job
	0  -  Run Bytes Received By Job
	0  -  Total Bytes Sent By Job
	0  -  Total Bytes Received By Job
	Partitionable Resources :    Usage  Request Allocated 
	   Cpus                 :     1.00        1         1 
	   Disk (KB)            :    15          15      2366 
	   Memory (MB)          :   528       20480     20480 

	Job terminated of its own accord at 2024-06-07T14:07:03Z with exit-code 0.
...
