000 (13112.090.000) 2024-06-07 15:12:17 Job submitted from host: <10.18.24.233:9618?addrs=10.18.24.233-9618&alias=bioclusts03.bioclust.biologie.ens.fr&noUDP&sock=schedd_942_b64d>
...
001 (13112.090.000) 2024-06-07 16:44:48 Job executing on host: <10.18.24.14:9618?addrs=10.18.24.14-9618&alias=bioclust14.bioclust.biologie.ens.fr&noUDP&sock=startd_1218_0671>
...
006 (13112.090.000) 2024-06-07 16:44:57 Image size of job updated: 444764
	435  -  MemoryUsage of job (MB)
	444764  -  ResidentSetSize of job (KB)
...
006 (13112.090.000) 2024-06-07 16:49:57 Image size of job updated: 1713460
	583  -  MemoryUsage of job (MB)
	596720  -  ResidentSetSize of job (KB)
...
006 (13112.090.000) 2024-06-07 16:54:57 Image size of job updated: 1718120
	589  -  MemoryUsage of job (MB)
	603120  -  ResidentSetSize of job (KB)
...
006 (13112.090.000) 2024-06-07 16:59:58 Image size of job updated: 1718788
	590  -  MemoryUsage of job (MB)
	603780  -  ResidentSetSize of job (KB)
...
006 (13112.090.000) 2024-06-07 17:04:59 Image size of job updated: 1719456
	591  -  MemoryUsage of job (MB)
	604836  -  ResidentSetSize of job (KB)
...
006 (13112.090.000) 2024-06-07 17:09:59 Image size of job updated: 1719988
	592  -  MemoryUsage of job (MB)
	605344  -  ResidentSetSize of job (KB)
...
006 (13112.090.000) 2024-06-07 17:15:00 Image size of job updated: 1720660
	592  -  MemoryUsage of job (MB)
	605724  -  ResidentSetSize of job (KB)
...
006 (13112.090.000) 2024-06-07 17:20:01 Image size of job updated: 1721568
	592  -  MemoryUsage of job (MB)
	605724  -  ResidentSetSize of job (KB)
...
006 (13112.090.000) 2024-06-07 17:25:01 Image size of job updated: 1722096
	594  -  MemoryUsage of job (MB)
	607652  -  ResidentSetSize of job (KB)
...
006 (13112.090.000) 2024-06-07 17:30:01 Image size of job updated: 1722624
	595  -  MemoryUsage of job (MB)
	608312  -  ResidentSetSize of job (KB)
...
006 (13112.090.000) 2024-06-07 17:35:02 Image size of job updated: 1723160
	595  -  MemoryUsage of job (MB)
	608840  -  ResidentSetSize of job (KB)
...
006 (13112.090.000) 2024-06-07 17:40:03 Image size of job updated: 1723964
	596  -  MemoryUsage of job (MB)
	609896  -  ResidentSetSize of job (KB)
...
006 (13112.090.000) 2024-06-07 17:45:03 Image size of job updated: 1724888
	597  -  MemoryUsage of job (MB)
	610864  -  ResidentSetSize of job (KB)
...
006 (13112.090.000) 2024-06-07 17:50:04 Image size of job updated: 1725272
	597  -  MemoryUsage of job (MB)
	611268  -  ResidentSetSize of job (KB)
...
006 (13112.090.000) 2024-06-07 17:55:05 Image size of job updated: 1726116
	598  -  MemoryUsage of job (MB)
	612128  -  ResidentSetSize of job (KB)
...
006 (13112.090.000) 2024-06-07 18:00:05 Image size of job updated: 1727008
	599  -  MemoryUsage of job (MB)
	612884  -  ResidentSetSize of job (KB)
...
006 (13112.090.000) 2024-06-07 18:05:05 Image size of job updated: 1727936
	600  -  MemoryUsage of job (MB)
	613940  -  ResidentSetSize of job (KB)
...
006 (13112.090.000) 2024-06-07 18:10:06 Image size of job updated: 1729156
	601  -  MemoryUsage of job (MB)
	615228  -  ResidentSetSize of job (KB)
...
006 (13112.090.000) 2024-06-07 18:15:07 Image size of job updated: 1730088
	602  -  MemoryUsage of job (MB)
	616284  -  ResidentSetSize of job (KB)
...
006 (13112.090.000) 2024-06-07 18:20:07 Image size of job updated: 1730804
	603  -  MemoryUsage of job (MB)
	617060  -  ResidentSetSize of job (KB)
...
006 (13112.090.000) 2024-06-07 18:25:08 Image size of job updated: 1732008
	604  -  MemoryUsage of job (MB)
	618252  -  ResidentSetSize of job (KB)
...
006 (13112.090.000) 2024-06-07 18:30:09 Image size of job updated: 1733224
	606  -  MemoryUsage of job (MB)
	619572  -  ResidentSetSize of job (KB)
...
006 (13112.090.000) 2024-06-07 18:32:51 Image size of job updated: 1733496
	606  -  MemoryUsage of job (MB)
	619572  -  ResidentSetSize of job (KB)
...
005 (13112.090.000) 2024-06-07 18:32:51 Job terminated.
	(1) Normal termination (return value 0)
		Usr 0 01:47:29, Sys 0 00:00:04  -  Run Remote Usage
		Usr 0 00:00:00, Sys 0 00:00:00  -  Run Local Usage
		Usr 0 01:47:29, Sys 0 00:00:04  -  Total Remote Usage
		Usr 0 00:00:00, Sys 0 00:00:00  -  Total Local Usage
	0  -  Run Bytes Sent By Job
	0  -  Run Bytes Received By Job
	0  -  Total Bytes Sent By Job
	0  -  Total Bytes Received By Job
	Partitionable Resources :    Usage  Request Allocated 
	   Cpus                 :     1.00        1         1 
	   Disk (KB)            :    15          15      2067 
	   Memory (MB)          :   606       20480     20480 

	Job terminated of its own accord at 2024-06-07T16:32:51Z with exit-code 0.
...
