000 (13118.353.000) 2024-06-07 17:04:07 Job submitted from host: <10.18.24.233:9618?addrs=10.18.24.233-9618&alias=bioclusts03.bioclust.biologie.ens.fr&noUDP&sock=schedd_942_b64d>
...
001 (13118.353.000) 2024-06-08 08:13:03 Job executing on host: <10.18.24.3:9618?addrs=10.18.24.3-9618&alias=bioclust03.bioclust.biologie.ens.fr&noUDP&sock=startd_1137_7745>
...
006 (13118.353.000) 2024-06-08 08:13:12 Image size of job updated: 673204
	169  -  MemoryUsage of job (MB)
	172604  -  ResidentSetSize of job (KB)
...
006 (13118.353.000) 2024-06-08 08:18:13 Image size of job updated: 1640328
	571  -  MemoryUsage of job (MB)
	583972  -  ResidentSetSize of job (KB)
...
006 (13118.353.000) 2024-06-08 08:23:13 Image size of job updated: 1643756
	575  -  MemoryUsage of job (MB)
	587896  -  ResidentSetSize of job (KB)
...
006 (13118.353.000) 2024-06-08 08:28:14 Image size of job updated: 1647520
	579  -  MemoryUsage of job (MB)
	592016  -  ResidentSetSize of job (KB)
...
006 (13118.353.000) 2024-06-08 08:33:15 Image size of job updated: 1652144
	581  -  MemoryUsage of job (MB)
	594344  -  ResidentSetSize of job (KB)
...
006 (13118.353.000) 2024-06-08 08:38:15 Image size of job updated: 1652348
	586  -  MemoryUsage of job (MB)
	600020  -  ResidentSetSize of job (KB)
...
006 (13118.353.000) 2024-06-08 08:43:15 Image size of job updated: 1657004
	589  -  MemoryUsage of job (MB)
	602544  -  ResidentSetSize of job (KB)
...
006 (13118.353.000) 2024-06-08 08:48:16 Image size of job updated: 1659452
	592  -  MemoryUsage of job (MB)
	605308  -  ResidentSetSize of job (KB)
...
006 (13118.353.000) 2024-06-08 08:53:17 Image size of job updated: 1661960
	594  -  MemoryUsage of job (MB)
	608192  -  ResidentSetSize of job (KB)
...
006 (13118.353.000) 2024-06-08 08:58:17 Image size of job updated: 1666460
	599  -  MemoryUsage of job (MB)
	612800  -  ResidentSetSize of job (KB)
...
006 (13118.353.000) 2024-06-08 09:03:18 Image size of job updated: 1668176
	604  -  MemoryUsage of job (MB)
	617868  -  ResidentSetSize of job (KB)
...
006 (13118.353.000) 2024-06-08 09:08:19 Image size of job updated: 1670848
	604  -  MemoryUsage of job (MB)
	617868  -  ResidentSetSize of job (KB)
...
006 (13118.353.000) 2024-06-08 09:13:19 Image size of job updated: 1675452
	612  -  MemoryUsage of job (MB)
	626448  -  ResidentSetSize of job (KB)
...
006 (13118.353.000) 2024-06-08 09:18:19 Image size of job updated: 1677876
	612  -  MemoryUsage of job (MB)
	626612  -  ResidentSetSize of job (KB)
...
006 (13118.353.000) 2024-06-08 09:21:54 Image size of job updated: 1679064
	612  -  MemoryUsage of job (MB)
	626612  -  ResidentSetSize of job (KB)
...
005 (13118.353.000) 2024-06-08 09:21:55 Job terminated.
	(1) Normal termination (return value 0)
		Usr 0 01:08:16, Sys 0 00:00:24  -  Run Remote Usage
		Usr 0 00:00:00, Sys 0 00:00:00  -  Run Local Usage
		Usr 0 01:08:16, Sys 0 00:00:24  -  Total Remote Usage
		Usr 0 00:00:00, Sys 0 00:00:00  -  Total Local Usage
	0  -  Run Bytes Sent By Job
	0  -  Run Bytes Received By Job
	0  -  Total Bytes Sent By Job
	0  -  Total Bytes Received By Job
	Partitionable Resources :    Usage  Request Allocated 
	   Cpus                 :     1.00        1         1 
	   Disk (KB)            :    15          15      2148 
	   Memory (MB)          :   612       20480     20480 

	Job terminated of its own accord at 2024-06-08T07:21:54Z with exit-code 0.
...
