000 (13763.000.000) 2024-09-23 16:11:27 Job submitted from host: <10.18.24.233:9618?addrs=10.18.24.233-9618&alias=bioclusts03.bioclust.biologie.ens.fr&noUDP&sock=schedd_942_b64d>
...
001 (13763.000.000) 2024-09-23 16:11:29 Job executing on host: <10.18.24.6:9618?addrs=10.18.24.6-9618&alias=bioclust06.bioclust.biologie.ens.fr&noUDP&sock=startd_1466551_94fd>
...
006 (13763.000.000) 2024-09-23 16:11:38 Image size of job updated: 251260
	145  -  MemoryUsage of job (MB)
	147460  -  ResidentSetSize of job (KB)
...
006 (13763.000.000) 2024-09-23 16:16:39 Image size of job updated: 1561340
	567  -  MemoryUsage of job (MB)
	579984  -  ResidentSetSize of job (KB)
...
006 (13763.000.000) 2024-09-23 16:21:39 Image size of job updated: 1563328
	569  -  MemoryUsage of job (MB)
	582472  -  ResidentSetSize of job (KB)
...
006 (13763.000.000) 2024-09-23 16:26:39 Image size of job updated: 1565056
	571  -  MemoryUsage of job (MB)
	584352  -  ResidentSetSize of job (KB)
...
006 (13763.000.000) 2024-09-23 16:31:40 Image size of job updated: 1565992
	572  -  MemoryUsage of job (MB)
	584772  -  ResidentSetSize of job (KB)
...
006 (13763.000.000) 2024-09-23 16:36:40 Image size of job updated: 1567152
	573  -  MemoryUsage of job (MB)
	586512  -  ResidentSetSize of job (KB)
...
006 (13763.000.000) 2024-09-23 16:41:40 Image size of job updated: 1567944
	574  -  MemoryUsage of job (MB)
	587172  -  ResidentSetSize of job (KB)
...
006 (13763.000.000) 2024-09-23 16:46:41 Image size of job updated: 1569652
	576  -  MemoryUsage of job (MB)
	589120  -  ResidentSetSize of job (KB)
...
006 (13763.000.000) 2024-09-23 16:51:42 Image size of job updated: 1570576
	577  -  MemoryUsage of job (MB)
	590096  -  ResidentSetSize of job (KB)
...
006 (13763.000.000) 2024-09-23 16:56:42 Image size of job updated: 1571632
	578  -  MemoryUsage of job (MB)
	591336  -  ResidentSetSize of job (KB)
...
006 (13763.000.000) 2024-09-23 17:01:43 Image size of job updated: 1573352
	579  -  MemoryUsage of job (MB)
	592864  -  ResidentSetSize of job (KB)
...
006 (13763.000.000) 2024-09-23 17:06:44 Image size of job updated: 1573616
	580  -  MemoryUsage of job (MB)
	593324  -  ResidentSetSize of job (KB)
...
006 (13763.000.000) 2024-09-23 17:11:44 Image size of job updated: 1575340
	582  -  MemoryUsage of job (MB)
	595036  -  ResidentSetSize of job (KB)
...
006 (13763.000.000) 2024-09-23 17:16:44 Image size of job updated: 1575604
	583  -  MemoryUsage of job (MB)
	596008  -  ResidentSetSize of job (KB)
...
006 (13763.000.000) 2024-09-23 17:21:46 Image size of job updated: 1576532
	583  -  MemoryUsage of job (MB)
	596500  -  ResidentSetSize of job (KB)
...
006 (13763.000.000) 2024-09-23 17:26:45 Image size of job updated: 1577596
	584  -  MemoryUsage of job (MB)
	597532  -  ResidentSetSize of job (KB)
...
006 (13763.000.000) 2024-09-23 17:31:45 Image size of job updated: 1579180
	586  -  MemoryUsage of job (MB)
	599160  -  ResidentSetSize of job (KB)
...
006 (13763.000.000) 2024-09-23 17:36:46 Image size of job updated: 1579976
	586  -  MemoryUsage of job (MB)
	599968  -  ResidentSetSize of job (KB)
...
006 (13763.000.000) 2024-09-23 17:41:47 Image size of job updated: 1581040
	587  -  MemoryUsage of job (MB)
	601084  -  ResidentSetSize of job (KB)
...
005 (13763.000.000) 2024-09-23 17:43:11 Job terminated.
	(1) Normal termination (return value 0)
		Usr 0 01:31:19, Sys 0 00:00:06  -  Run Remote Usage
		Usr 0 00:00:00, Sys 0 00:00:00  -  Run Local Usage
		Usr 0 01:31:19, Sys 0 00:00:06  -  Total Remote Usage
		Usr 0 00:00:00, Sys 0 00:00:00  -  Total Local Usage
	0  -  Run Bytes Sent By Job
	0  -  Run Bytes Received By Job
	0  -  Total Bytes Sent By Job
	0  -  Total Bytes Received By Job
	Partitionable Resources :    Usage  Request Allocated 
	   Cpus                 :     1.00        1         1 
	   Disk (KB)            :    15          15      4094 
	   Memory (MB)          :   587        2048      2048 

	Job terminated of its own accord at 2024-09-23T15:43:11Z with exit-code 0.
...
