000 (13118.390.000) 2024-06-07 17:04:08 Job submitted from host: <10.18.24.233:9618?addrs=10.18.24.233-9618&alias=bioclusts03.bioclust.biologie.ens.fr&noUDP&sock=schedd_942_b64d>
...
001 (13118.390.000) 2024-06-08 09:54:06 Job executing on host: <10.18.24.12:9618?addrs=10.18.24.12-9618&alias=bioclust12.bioclust.biologie.ens.fr&noUDP&sock=startd_52665_6353>
...
006 (13118.390.000) 2024-06-08 09:54:15 Image size of job updated: 986576
	212  -  MemoryUsage of job (MB)
	216344  -  ResidentSetSize of job (KB)
...
006 (13118.390.000) 2024-06-08 09:59:16 Image size of job updated: 1646900
	583  -  MemoryUsage of job (MB)
	596876  -  ResidentSetSize of job (KB)
...
006 (13118.390.000) 2024-06-08 10:04:17 Image size of job updated: 1646984
	587  -  MemoryUsage of job (MB)
	601036  -  ResidentSetSize of job (KB)
...
006 (13118.390.000) 2024-06-08 10:09:17 Image size of job updated: 1647932
	589  -  MemoryUsage of job (MB)
	602632  -  ResidentSetSize of job (KB)
...
006 (13118.390.000) 2024-06-08 10:14:17 Image size of job updated: 1651816
	589  -  MemoryUsage of job (MB)
	602632  -  ResidentSetSize of job (KB)
...
006 (13118.390.000) 2024-06-08 10:19:18 Image size of job updated: 1651816
	591  -  MemoryUsage of job (MB)
	604856  -  ResidentSetSize of job (KB)
...
006 (13118.390.000) 2024-06-08 10:24:18 Image size of job updated: 1654124
	593  -  MemoryUsage of job (MB)
	606492  -  ResidentSetSize of job (KB)
...
006 (13118.390.000) 2024-06-08 10:29:18 Image size of job updated: 1654124
	594  -  MemoryUsage of job (MB)
	608056  -  ResidentSetSize of job (KB)
...
006 (13118.390.000) 2024-06-08 10:34:19 Image size of job updated: 1654124
	595  -  MemoryUsage of job (MB)
	608908  -  ResidentSetSize of job (KB)
...
006 (13118.390.000) 2024-06-08 10:39:19 Image size of job updated: 1654960
	596  -  MemoryUsage of job (MB)
	609852  -  ResidentSetSize of job (KB)
...
006 (13118.390.000) 2024-06-08 10:44:19 Image size of job updated: 1657704
	599  -  MemoryUsage of job (MB)
	612664  -  ResidentSetSize of job (KB)
...
006 (13118.390.000) 2024-06-08 10:49:21 Image size of job updated: 1657704
	599  -  MemoryUsage of job (MB)
	612696  -  ResidentSetSize of job (KB)
...
006 (13118.390.000) 2024-06-08 10:54:21 Image size of job updated: 1658364
	599  -  MemoryUsage of job (MB)
	613284  -  ResidentSetSize of job (KB)
...
006 (13118.390.000) 2024-06-08 10:59:21 Image size of job updated: 1662544
	599  -  MemoryUsage of job (MB)
	613284  -  ResidentSetSize of job (KB)
...
006 (13118.390.000) 2024-06-08 11:04:22 Image size of job updated: 1662544
	601  -  MemoryUsage of job (MB)
	615144  -  ResidentSetSize of job (KB)
...
006 (13118.390.000) 2024-06-08 11:09:23 Image size of job updated: 1662544
	603  -  MemoryUsage of job (MB)
	616556  -  ResidentSetSize of job (KB)
...
006 (13118.390.000) 2024-06-08 11:14:23 Image size of job updated: 1662916
	604  -  MemoryUsage of job (MB)
	618260  -  ResidentSetSize of job (KB)
...
006 (13118.390.000) 2024-06-08 11:19:24 Image size of job updated: 1664492
	605  -  MemoryUsage of job (MB)
	619448  -  ResidentSetSize of job (KB)
...
006 (13118.390.000) 2024-06-08 11:24:25 Image size of job updated: 1665960
	607  -  MemoryUsage of job (MB)
	620908  -  ResidentSetSize of job (KB)
...
006 (13118.390.000) 2024-06-08 11:28:15 Image size of job updated: 1666228
	607  -  MemoryUsage of job (MB)
	620908  -  ResidentSetSize of job (KB)
...
005 (13118.390.000) 2024-06-08 11:28:15 Job terminated.
	(1) Normal termination (return value 0)
		Usr 0 01:33:31, Sys 0 00:00:05  -  Run Remote Usage
		Usr 0 00:00:00, Sys 0 00:00:00  -  Run Local Usage
		Usr 0 01:33:31, Sys 0 00:00:05  -  Total Remote Usage
		Usr 0 00:00:00, Sys 0 00:00:00  -  Total Local Usage
	0  -  Run Bytes Sent By Job
	0  -  Run Bytes Received By Job
	0  -  Total Bytes Sent By Job
	0  -  Total Bytes Received By Job
	Partitionable Resources :    Usage  Request Allocated 
	   Cpus                 :     1.00        1         1 
	   Disk (KB)            :    15          15      2316 
	   Memory (MB)          :   607       20480     20480 

	Job terminated of its own accord at 2024-06-08T09:28:15Z with exit-code 0.
...
