000 (13118.368.000) 2024-06-07 17:04:08 Job submitted from host: <10.18.24.233:9618?addrs=10.18.24.233-9618&alias=bioclusts03.bioclust.biologie.ens.fr&noUDP&sock=schedd_942_b64d>
...
001 (13118.368.000) 2024-06-08 08:54:05 Job executing on host: <10.18.24.3:9618?addrs=10.18.24.3-9618&alias=bioclust03.bioclust.biologie.ens.fr&noUDP&sock=startd_1137_7745>
...
006 (13118.368.000) 2024-06-08 08:54:13 Image size of job updated: 247752
	242  -  MemoryUsage of job (MB)
	247752  -  ResidentSetSize of job (KB)
...
006 (13118.368.000) 2024-06-08 08:59:13 Image size of job updated: 1579192
	572  -  MemoryUsage of job (MB)
	584728  -  ResidentSetSize of job (KB)
...
006 (13118.368.000) 2024-06-08 09:04:14 Image size of job updated: 1581928
	575  -  MemoryUsage of job (MB)
	588360  -  ResidentSetSize of job (KB)
...
006 (13118.368.000) 2024-06-08 09:09:15 Image size of job updated: 1583548
	578  -  MemoryUsage of job (MB)
	591556  -  ResidentSetSize of job (KB)
...
006 (13118.368.000) 2024-06-08 09:14:15 Image size of job updated: 1586612
	581  -  MemoryUsage of job (MB)
	594476  -  ResidentSetSize of job (KB)
...
006 (13118.368.000) 2024-06-08 09:19:15 Image size of job updated: 1588652
	584  -  MemoryUsage of job (MB)
	597164  -  ResidentSetSize of job (KB)
...
006 (13118.368.000) 2024-06-08 09:24:15 Image size of job updated: 1590012
	587  -  MemoryUsage of job (MB)
	600832  -  ResidentSetSize of job (KB)
...
006 (13118.368.000) 2024-06-08 09:29:16 Image size of job updated: 1591728
	589  -  MemoryUsage of job (MB)
	603088  -  ResidentSetSize of job (KB)
...
006 (13118.368.000) 2024-06-08 09:34:17 Image size of job updated: 1593940
	593  -  MemoryUsage of job (MB)
	606320  -  ResidentSetSize of job (KB)
...
006 (13118.368.000) 2024-06-08 09:39:17 Image size of job updated: 1595392
	594  -  MemoryUsage of job (MB)
	608108  -  ResidentSetSize of job (KB)
...
006 (13118.368.000) 2024-06-08 09:44:18 Image size of job updated: 1597956
	598  -  MemoryUsage of job (MB)
	611464  -  ResidentSetSize of job (KB)
...
006 (13118.368.000) 2024-06-08 09:49:19 Image size of job updated: 1600572
	601  -  MemoryUsage of job (MB)
	615140  -  ResidentSetSize of job (KB)
...
005 (13118.368.000) 2024-06-08 09:49:46 Job terminated.
	(1) Normal termination (return value 0)
		Usr 0 00:55:21, Sys 0 00:00:11  -  Run Remote Usage
		Usr 0 00:00:00, Sys 0 00:00:00  -  Run Local Usage
		Usr 0 00:55:21, Sys 0 00:00:11  -  Total Remote Usage
		Usr 0 00:00:00, Sys 0 00:00:00  -  Total Local Usage
	0  -  Run Bytes Sent By Job
	0  -  Run Bytes Received By Job
	0  -  Total Bytes Sent By Job
	0  -  Total Bytes Received By Job
	Partitionable Resources :    Usage  Request Allocated 
	   Cpus                 :     1.00        1         1 
	   Disk (KB)            :    15          15      2148 
	   Memory (MB)          :   601       20480     20480 

	Job terminated of its own accord at 2024-06-08T07:49:46Z with exit-code 0.
...
