000 (13118.161.000) 2024-06-07 17:04:02 Job submitted from host: <10.18.24.233:9618?addrs=10.18.24.233-9618&alias=bioclusts03.bioclust.biologie.ens.fr&noUDP&sock=schedd_942_b64d>
...
001 (13118.161.000) 2024-06-07 23:28:58 Job executing on host: <10.18.24.14:9618?addrs=10.18.24.14-9618&alias=bioclust14.bioclust.biologie.ens.fr&noUDP&sock=startd_1218_0671>
...
006 (13118.161.000) 2024-06-07 23:29:07 Image size of job updated: 720444
	215  -  MemoryUsage of job (MB)
	219892  -  ResidentSetSize of job (KB)
...
006 (13118.161.000) 2024-06-07 23:34:08 Image size of job updated: 1740548
	560  -  MemoryUsage of job (MB)
	572596  -  ResidentSetSize of job (KB)
...
006 (13118.161.000) 2024-06-07 23:39:09 Image size of job updated: 1744244
	567  -  MemoryUsage of job (MB)
	580480  -  ResidentSetSize of job (KB)
...
006 (13118.161.000) 2024-06-07 23:44:09 Image size of job updated: 1748468
	574  -  MemoryUsage of job (MB)
	587396  -  ResidentSetSize of job (KB)
...
006 (13118.161.000) 2024-06-07 23:49:10 Image size of job updated: 1751372
	579  -  MemoryUsage of job (MB)
	592344  -  ResidentSetSize of job (KB)
...
006 (13118.161.000) 2024-06-07 23:54:11 Image size of job updated: 1755336
	585  -  MemoryUsage of job (MB)
	598360  -  ResidentSetSize of job (KB)
...
006 (13118.161.000) 2024-06-07 23:59:11 Image size of job updated: 1758108
	591  -  MemoryUsage of job (MB)
	604172  -  ResidentSetSize of job (KB)
...
006 (13118.161.000) 2024-06-08 00:04:11 Image size of job updated: 1761980
	594  -  MemoryUsage of job (MB)
	608024  -  ResidentSetSize of job (KB)
...
006 (13118.161.000) 2024-06-08 00:09:12 Image size of job updated: 1765676
	599  -  MemoryUsage of job (MB)
	613088  -  ResidentSetSize of job (KB)
...
006 (13118.161.000) 2024-06-08 00:14:12 Image size of job updated: 1769160
	604  -  MemoryUsage of job (MB)
	617880  -  ResidentSetSize of job (KB)
...
006 (13118.161.000) 2024-06-08 00:19:12 Image size of job updated: 1772608
	608  -  MemoryUsage of job (MB)
	621788  -  ResidentSetSize of job (KB)
...
006 (13118.161.000) 2024-06-08 00:24:13 Image size of job updated: 1776148
	613  -  MemoryUsage of job (MB)
	627048  -  ResidentSetSize of job (KB)
...
006 (13118.161.000) 2024-06-08 00:29:13 Image size of job updated: 1779188
	617  -  MemoryUsage of job (MB)
	631400  -  ResidentSetSize of job (KB)
...
006 (13118.161.000) 2024-06-08 00:34:13 Image size of job updated: 1782360
	621  -  MemoryUsage of job (MB)
	635708  -  ResidentSetSize of job (KB)
...
006 (13118.161.000) 2024-06-08 00:39:14 Image size of job updated: 1785000
	624  -  MemoryUsage of job (MB)
	638944  -  ResidentSetSize of job (KB)
...
006 (13118.161.000) 2024-06-08 00:44:15 Image size of job updated: 1789500
	629  -  MemoryUsage of job (MB)
	643804  -  ResidentSetSize of job (KB)
...
006 (13118.161.000) 2024-06-08 00:49:15 Image size of job updated: 1791432
	632  -  MemoryUsage of job (MB)
	646900  -  ResidentSetSize of job (KB)
...
006 (13118.161.000) 2024-06-08 00:54:16 Image size of job updated: 1795128
	637  -  MemoryUsage of job (MB)
	651684  -  ResidentSetSize of job (KB)
...
006 (13118.161.000) 2024-06-08 00:59:17 Image size of job updated: 1797504
	640  -  MemoryUsage of job (MB)
	654468  -  ResidentSetSize of job (KB)
...
006 (13118.161.000) 2024-06-08 01:04:17 Image size of job updated: 1800584
	644  -  MemoryUsage of job (MB)
	658624  -  ResidentSetSize of job (KB)
...
006 (13118.161.000) 2024-06-08 01:09:18 Image size of job updated: 1804988
	648  -  MemoryUsage of job (MB)
	663404  -  ResidentSetSize of job (KB)
...
006 (13118.161.000) 2024-06-08 01:14:19 Image size of job updated: 1806704
	651  -  MemoryUsage of job (MB)
	666100  -  ResidentSetSize of job (KB)
...
006 (13118.161.000) 2024-06-08 01:19:19 Image size of job updated: 1810136
	654  -  MemoryUsage of job (MB)
	669676  -  ResidentSetSize of job (KB)
...
006 (13118.161.000) 2024-06-08 01:24:19 Image size of job updated: 1813308
	658  -  MemoryUsage of job (MB)
	673592  -  ResidentSetSize of job (KB)
...
006 (13118.161.000) 2024-06-08 01:29:20 Image size of job updated: 1816744
	662  -  MemoryUsage of job (MB)
	677428  -  ResidentSetSize of job (KB)
...
006 (13118.161.000) 2024-06-08 01:34:20 Image size of job updated: 1820500
	663  -  MemoryUsage of job (MB)
	678676  -  ResidentSetSize of job (KB)
...
006 (13118.161.000) 2024-06-08 01:39:20 Image size of job updated: 1823176
	670  -  MemoryUsage of job (MB)
	685576  -  ResidentSetSize of job (KB)
...
006 (13118.161.000) 2024-06-08 01:44:21 Image size of job updated: 1823440
	672  -  MemoryUsage of job (MB)
	688088  -  ResidentSetSize of job (KB)
...
006 (13118.161.000) 2024-06-08 01:49:22 Image size of job updated: 1827004
	675  -  MemoryUsage of job (MB)
	690328  -  ResidentSetSize of job (KB)
...
006 (13118.161.000) 2024-06-08 01:54:22 Image size of job updated: 1829636
	677  -  MemoryUsage of job (MB)
	693228  -  ResidentSetSize of job (KB)
...
006 (13118.161.000) 2024-06-08 01:59:23 Image size of job updated: 1831924
	679  -  MemoryUsage of job (MB)
	695068  -  ResidentSetSize of job (KB)
...
006 (13118.161.000) 2024-06-08 02:04:24 Image size of job updated: 1835620
	685  -  MemoryUsage of job (MB)
	701032  -  ResidentSetSize of job (KB)
...
006 (13118.161.000) 2024-06-08 02:09:24 Image size of job updated: 1838924
	688  -  MemoryUsage of job (MB)
	704160  -  ResidentSetSize of job (KB)
...
006 (13118.161.000) 2024-06-08 02:10:43 Image size of job updated: 1839984
	688  -  MemoryUsage of job (MB)
	704160  -  ResidentSetSize of job (KB)
...
005 (13118.161.000) 2024-06-08 02:10:43 Job terminated.
	(1) Normal termination (return value 0)
		Usr 0 02:41:16, Sys 0 00:00:20  -  Run Remote Usage
		Usr 0 00:00:00, Sys 0 00:00:00  -  Run Local Usage
		Usr 0 02:41:16, Sys 0 00:00:20  -  Total Remote Usage
		Usr 0 00:00:00, Sys 0 00:00:00  -  Total Local Usage
	0  -  Run Bytes Sent By Job
	0  -  Run Bytes Received By Job
	0  -  Total Bytes Sent By Job
	0  -  Total Bytes Received By Job
	Partitionable Resources :    Usage  Request Allocated 
	   Cpus                 :     1.00        1         1 
	   Disk (KB)            :    15          15      2067 
	   Memory (MB)          :   688       20480     20480 

	Job terminated of its own accord at 2024-06-08T00:10:43Z with exit-code 0.
...
