000 (13118.025.000) 2024-06-07 17:03:59 Job submitted from host: <10.18.24.233:9618?addrs=10.18.24.233-9618&alias=bioclusts03.bioclust.biologie.ens.fr&noUDP&sock=schedd_942_b64d>
...
001 (13118.025.000) 2024-06-07 18:02:32 Job executing on host: <10.18.24.9:9618?addrs=10.18.24.9-9618&alias=bioclust09.bioclust.biologie.ens.fr&noUDP&sock=startd_1120_ce29>
...
006 (13118.025.000) 2024-06-07 18:02:40 Image size of job updated: 236936
	146  -  MemoryUsage of job (MB)
	148496  -  ResidentSetSize of job (KB)
...
006 (13118.025.000) 2024-06-07 18:07:40 Image size of job updated: 1596500
	553  -  MemoryUsage of job (MB)
	565600  -  ResidentSetSize of job (KB)
...
006 (13118.025.000) 2024-06-07 18:12:41 Image size of job updated: 1601780
	559  -  MemoryUsage of job (MB)
	571684  -  ResidentSetSize of job (KB)
...
006 (13118.025.000) 2024-06-07 18:17:41 Image size of job updated: 1603496
	562  -  MemoryUsage of job (MB)
	574520  -  ResidentSetSize of job (KB)
...
006 (13118.025.000) 2024-06-07 18:22:41 Image size of job updated: 1605212
	564  -  MemoryUsage of job (MB)
	577264  -  ResidentSetSize of job (KB)
...
006 (13118.025.000) 2024-06-07 18:27:42 Image size of job updated: 1606928
	567  -  MemoryUsage of job (MB)
	579632  -  ResidentSetSize of job (KB)
...
006 (13118.025.000) 2024-06-07 18:32:43 Image size of job updated: 1609832
	571  -  MemoryUsage of job (MB)
	584068  -  ResidentSetSize of job (KB)
...
006 (13118.025.000) 2024-06-07 18:37:43 Image size of job updated: 1612736
	575  -  MemoryUsage of job (MB)
	588424  -  ResidentSetSize of job (KB)
...
006 (13118.025.000) 2024-06-07 18:42:43 Image size of job updated: 1615376
	579  -  MemoryUsage of job (MB)
	592816  -  ResidentSetSize of job (KB)
...
006 (13118.025.000) 2024-06-07 18:47:44 Image size of job updated: 1618284
	583  -  MemoryUsage of job (MB)
	596536  -  ResidentSetSize of job (KB)
...
006 (13118.025.000) 2024-06-07 18:52:44 Image size of job updated: 1621056
	587  -  MemoryUsage of job (MB)
	600284  -  ResidentSetSize of job (KB)
...
006 (13118.025.000) 2024-06-07 18:57:44 Image size of job updated: 1623960
	591  -  MemoryUsage of job (MB)
	604288  -  ResidentSetSize of job (KB)
...
006 (13118.025.000) 2024-06-07 19:02:45 Image size of job updated: 1626744
	594  -  MemoryUsage of job (MB)
	608244  -  ResidentSetSize of job (KB)
...
006 (13118.025.000) 2024-06-07 19:07:46 Image size of job updated: 1630316
	599  -  MemoryUsage of job (MB)
	612580  -  ResidentSetSize of job (KB)
...
006 (13118.025.000) 2024-06-07 19:12:46 Image size of job updated: 1632956
	602  -  MemoryUsage of job (MB)
	616228  -  ResidentSetSize of job (KB)
...
006 (13118.025.000) 2024-06-07 19:17:46 Image size of job updated: 1635604
	606  -  MemoryUsage of job (MB)
	619828  -  ResidentSetSize of job (KB)
...
006 (13118.025.000) 2024-06-07 19:22:47 Image size of job updated: 1639696
	611  -  MemoryUsage of job (MB)
	624720  -  ResidentSetSize of job (KB)
...
006 (13118.025.000) 2024-06-07 19:27:47 Image size of job updated: 1640752
	613  -  MemoryUsage of job (MB)
	626716  -  ResidentSetSize of job (KB)
...
006 (13118.025.000) 2024-06-07 19:29:18 Image size of job updated: 1641544
	613  -  MemoryUsage of job (MB)
	626716  -  ResidentSetSize of job (KB)
...
005 (13118.025.000) 2024-06-07 19:29:18 Job terminated.
	(1) Normal termination (return value 0)
		Usr 0 01:26:28, Sys 0 00:00:12  -  Run Remote Usage
		Usr 0 00:00:00, Sys 0 00:00:00  -  Run Local Usage
		Usr 0 01:26:28, Sys 0 00:00:12  -  Total Remote Usage
		Usr 0 00:00:00, Sys 0 00:00:00  -  Total Local Usage
	0  -  Run Bytes Sent By Job
	0  -  Run Bytes Received By Job
	0  -  Total Bytes Sent By Job
	0  -  Total Bytes Received By Job
	Partitionable Resources :    Usage  Request Allocated 
	   Cpus                 :     1.00        1         1 
	   Disk (KB)            :    15          15      2279 
	   Memory (MB)          :   613       20480     20480 

	Job terminated of its own accord at 2024-06-07T17:29:18Z with exit-code 0.
...
