000 (13118.336.000) 2024-06-07 17:04:07 Job submitted from host: <10.18.24.233:9618?addrs=10.18.24.233-9618&alias=bioclusts03.bioclust.biologie.ens.fr&noUDP&sock=schedd_942_b64d>
...
001 (13118.336.000) 2024-06-08 07:25:04 Job executing on host: <10.18.24.3:9618?addrs=10.18.24.3-9618&alias=bioclust03.bioclust.biologie.ens.fr&noUDP&sock=startd_1137_7745>
...
006 (13118.336.000) 2024-06-08 07:25:13 Image size of job updated: 892352
	169  -  MemoryUsage of job (MB)
	172448  -  ResidentSetSize of job (KB)
...
006 (13118.336.000) 2024-06-08 07:30:14 Image size of job updated: 1564356
	554  -  MemoryUsage of job (MB)
	566424  -  ResidentSetSize of job (KB)
...
006 (13118.336.000) 2024-06-08 07:35:14 Image size of job updated: 1567672
	557  -  MemoryUsage of job (MB)
	570028  -  ResidentSetSize of job (KB)
...
006 (13118.336.000) 2024-06-08 07:40:14 Image size of job updated: 1570208
	560  -  MemoryUsage of job (MB)
	573024  -  ResidentSetSize of job (KB)
...
006 (13118.336.000) 2024-06-08 07:45:15 Image size of job updated: 1573348
	562  -  MemoryUsage of job (MB)
	575432  -  ResidentSetSize of job (KB)
...
006 (13118.336.000) 2024-06-08 07:50:16 Image size of job updated: 1575268
	578  -  MemoryUsage of job (MB)
	591108  -  ResidentSetSize of job (KB)
...
006 (13118.336.000) 2024-06-08 07:55:16 Image size of job updated: 1577192
	579  -  MemoryUsage of job (MB)
	592024  -  ResidentSetSize of job (KB)
...
006 (13118.336.000) 2024-06-08 08:00:17 Image size of job updated: 1580388
	579  -  MemoryUsage of job (MB)
	592156  -  ResidentSetSize of job (KB)
...
006 (13118.336.000) 2024-06-08 08:05:18 Image size of job updated: 1583824
	579  -  MemoryUsage of job (MB)
	592156  -  ResidentSetSize of job (KB)
...
006 (13118.336.000) 2024-06-08 08:10:18 Image size of job updated: 1585672
	579  -  MemoryUsage of job (MB)
	592156  -  ResidentSetSize of job (KB)
...
006 (13118.336.000) 2024-06-08 08:15:18 Image size of job updated: 1586580
	593  -  MemoryUsage of job (MB)
	606244  -  ResidentSetSize of job (KB)
...
006 (13118.336.000) 2024-06-08 08:15:40 Image size of job updated: 1587564
	593  -  MemoryUsage of job (MB)
	606244  -  ResidentSetSize of job (KB)
...
005 (13118.336.000) 2024-06-08 08:15:40 Job terminated.
	(1) Normal termination (return value 0)
		Usr 0 00:49:53, Sys 0 00:00:36  -  Run Remote Usage
		Usr 0 00:00:00, Sys 0 00:00:00  -  Run Local Usage
		Usr 0 00:49:53, Sys 0 00:00:36  -  Total Remote Usage
		Usr 0 00:00:00, Sys 0 00:00:00  -  Total Local Usage
	0  -  Run Bytes Sent By Job
	0  -  Run Bytes Received By Job
	0  -  Total Bytes Sent By Job
	0  -  Total Bytes Received By Job
	Partitionable Resources :    Usage  Request Allocated 
	   Cpus                 :     1.00        1         1 
	   Disk (KB)            :    15          15      2148 
	   Memory (MB)          :   593       20480     20480 

	Job terminated of its own accord at 2024-06-08T06:15:40Z with exit-code 0.
...
