000 (13118.174.000) 2024-06-07 17:04:03 Job submitted from host: <10.18.24.233:9618?addrs=10.18.24.233-9618&alias=bioclusts03.bioclust.biologie.ens.fr&noUDP&sock=schedd_942_b64d>
...
001 (13118.174.000) 2024-06-07 23:56:58 Job executing on host: <10.18.24.5:9618?addrs=10.18.24.5-9618&alias=bioclust05.bioclust.biologie.ens.fr&noUDP&sock=startd_1161_ed8b>
...
006 (13118.174.000) 2024-06-07 23:57:07 Image size of job updated: 871380
	169  -  MemoryUsage of job (MB)
	172488  -  ResidentSetSize of job (KB)
...
006 (13118.174.000) 2024-06-08 00:02:08 Image size of job updated: 1610596
	590  -  MemoryUsage of job (MB)
	604048  -  ResidentSetSize of job (KB)
...
006 (13118.174.000) 2024-06-08 00:07:09 Image size of job updated: 1617072
	603  -  MemoryUsage of job (MB)
	617148  -  ResidentSetSize of job (KB)
...
006 (13118.174.000) 2024-06-08 00:12:09 Image size of job updated: 1621164
	614  -  MemoryUsage of job (MB)
	627888  -  ResidentSetSize of job (KB)
...
006 (13118.174.000) 2024-06-08 00:17:09 Image size of job updated: 1687772
	619  -  MemoryUsage of job (MB)
	633396  -  ResidentSetSize of job (KB)
...
006 (13118.174.000) 2024-06-08 00:22:10 Image size of job updated: 1693848
	630  -  MemoryUsage of job (MB)
	644484  -  ResidentSetSize of job (KB)
...
006 (13118.174.000) 2024-06-08 00:27:10 Image size of job updated: 1700452
	642  -  MemoryUsage of job (MB)
	657228  -  ResidentSetSize of job (KB)
...
006 (13118.174.000) 2024-06-08 00:32:10 Image size of job updated: 1703884
	650  -  MemoryUsage of job (MB)
	665532  -  ResidentSetSize of job (KB)
...
006 (13118.174.000) 2024-06-08 00:37:12 Image size of job updated: 1707316
	659  -  MemoryUsage of job (MB)
	674244  -  ResidentSetSize of job (KB)
...
006 (13118.174.000) 2024-06-08 00:42:12 Image size of job updated: 1710616
	670  -  MemoryUsage of job (MB)
	685616  -  ResidentSetSize of job (KB)
...
006 (13118.174.000) 2024-06-08 00:47:12 Image size of job updated: 1716028
	678  -  MemoryUsage of job (MB)
	693952  -  ResidentSetSize of job (KB)
...
006 (13118.174.000) 2024-06-08 00:52:13 Image size of job updated: 1722104
	687  -  MemoryUsage of job (MB)
	702472  -  ResidentSetSize of job (KB)
...
006 (13118.174.000) 2024-06-08 00:57:14 Image size of job updated: 1722104
	690  -  MemoryUsage of job (MB)
	706336  -  ResidentSetSize of job (KB)
...
006 (13118.174.000) 2024-06-08 01:02:14 Image size of job updated: 1724480
	696  -  MemoryUsage of job (MB)
	711700  -  ResidentSetSize of job (KB)
...
006 (13118.174.000) 2024-06-08 01:07:15 Image size of job updated: 1728440
	705  -  MemoryUsage of job (MB)
	721276  -  ResidentSetSize of job (KB)
...
006 (13118.174.000) 2024-06-08 01:12:16 Image size of job updated: 1732400
	712  -  MemoryUsage of job (MB)
	728244  -  ResidentSetSize of job (KB)
...
006 (13118.174.000) 2024-06-08 01:17:16 Image size of job updated: 1732532
	715  -  MemoryUsage of job (MB)
	731328  -  ResidentSetSize of job (KB)
...
006 (13118.174.000) 2024-06-08 01:22:16 Image size of job updated: 1737152
	723  -  MemoryUsage of job (MB)
	739492  -  ResidentSetSize of job (KB)
...
006 (13118.174.000) 2024-06-08 01:27:17 Image size of job updated: 1806556
	736  -  MemoryUsage of job (MB)
	752788  -  ResidentSetSize of job (KB)
...
006 (13118.174.000) 2024-06-08 01:32:17 Image size of job updated: 1806556
	752  -  MemoryUsage of job (MB)
	769052  -  ResidentSetSize of job (KB)
...
006 (13118.174.000) 2024-06-08 01:37:17 Image size of job updated: 1809196
	752  -  MemoryUsage of job (MB)
	769052  -  ResidentSetSize of job (KB)
...
006 (13118.174.000) 2024-06-08 01:42:18 Image size of job updated: 1810648
	752  -  MemoryUsage of job (MB)
	769052  -  ResidentSetSize of job (KB)
...
006 (13118.174.000) 2024-06-08 01:47:19 Image size of job updated: 1810780
	761  -  MemoryUsage of job (MB)
	778656  -  ResidentSetSize of job (KB)
...
006 (13118.174.000) 2024-06-08 01:52:19 Image size of job updated: 1813684
	761  -  MemoryUsage of job (MB)
	778656  -  ResidentSetSize of job (KB)
...
006 (13118.174.000) 2024-06-08 01:57:20 Image size of job updated: 1821040
	764  -  MemoryUsage of job (MB)
	781900  -  ResidentSetSize of job (KB)
...
006 (13118.174.000) 2024-06-08 02:02:21 Image size of job updated: 1823944
	764  -  MemoryUsage of job (MB)
	781900  -  ResidentSetSize of job (KB)
...
005 (13118.174.000) 2024-06-09 17:56:00 Job terminated.
	(1) Normal termination (return value 0)
		Usr 1 17:52:10, Sys 0 00:04:33  -  Run Remote Usage
		Usr 0 00:00:00, Sys 0 00:00:00  -  Run Local Usage
		Usr 1 17:52:10, Sys 0 00:04:33  -  Total Remote Usage
		Usr 0 00:00:00, Sys 0 00:00:00  -  Total Local Usage
	0  -  Run Bytes Sent By Job
	0  -  Run Bytes Received By Job
	0  -  Total Bytes Sent By Job
	0  -  Total Bytes Received By Job
	Partitionable Resources :    Usage  Request Allocated 
	   Cpus                 :     1.00        1         1 
	   Disk (KB)            :    15          15      2245 
	   Memory (MB)          :   764       20480     20480 

	Job terminated of its own accord at 2024-06-09T15:56:00Z with exit-code 0.
...
