000 (13118.209.000) 2024-06-07 17:04:04 Job submitted from host: <10.18.24.233:9618?addrs=10.18.24.233-9618&alias=bioclusts03.bioclust.biologie.ens.fr&noUDP&sock=schedd_942_b64d>
...
001 (13118.209.000) 2024-06-08 01:41:58 Job executing on host: <10.18.24.14:9618?addrs=10.18.24.14-9618&alias=bioclust14.bioclust.biologie.ens.fr&noUDP&sock=startd_1218_0671>
...
006 (13118.209.000) 2024-06-08 01:42:07 Image size of job updated: 341320
	214  -  MemoryUsage of job (MB)
	218416  -  ResidentSetSize of job (KB)
...
006 (13118.209.000) 2024-06-08 01:47:08 Image size of job updated: 1626392
	573  -  MemoryUsage of job (MB)
	586444  -  ResidentSetSize of job (KB)
...
006 (13118.209.000) 2024-06-08 01:52:08 Image size of job updated: 1628616
	584  -  MemoryUsage of job (MB)
	597596  -  ResidentSetSize of job (KB)
...
006 (13118.209.000) 2024-06-08 02:02:09 Image size of job updated: 1630212
	584  -  MemoryUsage of job (MB)
	597596  -  ResidentSetSize of job (KB)
...
006 (13118.209.000) 2024-06-08 02:12:10 Image size of job updated: 1631352
	584  -  MemoryUsage of job (MB)
	597852  -  ResidentSetSize of job (KB)
...
006 (13118.209.000) 2024-06-08 02:17:11 Image size of job updated: 1632144
	584  -  MemoryUsage of job (MB)
	597852  -  ResidentSetSize of job (KB)
...
006 (13118.209.000) 2024-06-08 02:22:12 Image size of job updated: 1632944
	585  -  MemoryUsage of job (MB)
	598400  -  ResidentSetSize of job (KB)
...
006 (13118.209.000) 2024-06-08 02:27:12 Image size of job updated: 1634136
	589  -  MemoryUsage of job (MB)
	602428  -  ResidentSetSize of job (KB)
...
006 (13118.209.000) 2024-06-08 02:32:12 Image size of job updated: 1635056
	589  -  MemoryUsage of job (MB)
	602428  -  ResidentSetSize of job (KB)
...
006 (13118.209.000) 2024-06-08 02:37:13 Image size of job updated: 1635860
	589  -  MemoryUsage of job (MB)
	602428  -  ResidentSetSize of job (KB)
...
006 (13118.209.000) 2024-06-08 02:42:14 Image size of job updated: 1637432
	589  -  MemoryUsage of job (MB)
	602428  -  ResidentSetSize of job (KB)
...
006 (13118.209.000) 2024-06-08 02:47:14 Image size of job updated: 1637432
	590  -  MemoryUsage of job (MB)
	603428  -  ResidentSetSize of job (KB)
...
006 (13118.209.000) 2024-06-08 02:52:15 Image size of job updated: 1638428
	593  -  MemoryUsage of job (MB)
	606432  -  ResidentSetSize of job (KB)
...
006 (13118.209.000) 2024-06-08 02:57:16 Image size of job updated: 1640868
	593  -  MemoryUsage of job (MB)
	606432  -  ResidentSetSize of job (KB)
...
006 (13118.209.000) 2024-06-08 03:02:16 Image size of job updated: 1641288
	593  -  MemoryUsage of job (MB)
	606432  -  ResidentSetSize of job (KB)
...
006 (13118.209.000) 2024-06-08 03:07:16 Image size of job updated: 1642704
	593  -  MemoryUsage of job (MB)
	606432  -  ResidentSetSize of job (KB)
...
006 (13118.209.000) 2024-06-08 03:17:17 Image size of job updated: 1645232
	598  -  MemoryUsage of job (MB)
	612028  -  ResidentSetSize of job (KB)
...
006 (13118.209.000) 2024-06-08 03:27:18 Image size of job updated: 1645612
	598  -  MemoryUsage of job (MB)
	612028  -  ResidentSetSize of job (KB)
...
006 (13118.209.000) 2024-06-08 03:32:19 Image size of job updated: 1647592
	599  -  MemoryUsage of job (MB)
	612464  -  ResidentSetSize of job (KB)
...
006 (13118.209.000) 2024-06-08 03:42:19 Image size of job updated: 1648792
	603  -  MemoryUsage of job (MB)
	617244  -  ResidentSetSize of job (KB)
...
006 (13118.209.000) 2024-06-08 03:47:20 Image size of job updated: 1649056
	605  -  MemoryUsage of job (MB)
	619372  -  ResidentSetSize of job (KB)
...
006 (13118.209.000) 2024-06-08 03:52:20 Image size of job updated: 1651040
	606  -  MemoryUsage of job (MB)
	619768  -  ResidentSetSize of job (KB)
...
006 (13118.209.000) 2024-06-08 03:57:20 Image size of job updated: 1651964
	606  -  MemoryUsage of job (MB)
	619768  -  ResidentSetSize of job (KB)
...
006 (13118.209.000) 2024-06-08 04:01:53 Image size of job updated: 1655332
	606  -  MemoryUsage of job (MB)
	619768  -  ResidentSetSize of job (KB)
...
005 (13118.209.000) 2024-06-08 04:01:53 Job terminated.
	(1) Normal termination (return value 0)
		Usr 0 02:19:27, Sys 0 00:00:22  -  Run Remote Usage
		Usr 0 00:00:00, Sys 0 00:00:00  -  Run Local Usage
		Usr 0 02:19:27, Sys 0 00:00:22  -  Total Remote Usage
		Usr 0 00:00:00, Sys 0 00:00:00  -  Total Local Usage
	0  -  Run Bytes Sent By Job
	0  -  Run Bytes Received By Job
	0  -  Total Bytes Sent By Job
	0  -  Total Bytes Received By Job
	Partitionable Resources :    Usage  Request Allocated 
	   Cpus                 :     1.00        1         1 
	   Disk (KB)            :    15          15      2067 
	   Memory (MB)          :   606       20480     20480 

	Job terminated of its own accord at 2024-06-08T02:01:53Z with exit-code 0.
...
