000 (13118.370.000) 2024-06-07 17:04:08 Job submitted from host: <10.18.24.233:9618?addrs=10.18.24.233-9618&alias=bioclusts03.bioclust.biologie.ens.fr&noUDP&sock=schedd_942_b64d>
...
001 (13118.370.000) 2024-06-08 09:03:05 Job executing on host: <10.18.24.45:9618?addrs=10.18.24.45-9618&alias=bioclust45.bioclust.biologie.ens.fr&noUDP&sock=startd_826558_9dc7>
...
006 (13118.370.000) 2024-06-08 09:03:14 Image size of job updated: 872920
	212  -  MemoryUsage of job (MB)
	216204  -  ResidentSetSize of job (KB)
...
006 (13118.370.000) 2024-06-08 09:08:16 Image size of job updated: 1643764
	580  -  MemoryUsage of job (MB)
	593864  -  ResidentSetSize of job (KB)
...
006 (13118.370.000) 2024-06-08 09:13:16 Image size of job updated: 1649576
	601  -  MemoryUsage of job (MB)
	614584  -  ResidentSetSize of job (KB)
...
006 (13118.370.000) 2024-06-08 09:18:16 Image size of job updated: 1655264
	613  -  MemoryUsage of job (MB)
	626724  -  ResidentSetSize of job (KB)
...
006 (13118.370.000) 2024-06-08 09:23:17 Image size of job updated: 1660768
	613  -  MemoryUsage of job (MB)
	626856  -  ResidentSetSize of job (KB)
...
006 (13118.370.000) 2024-06-08 09:28:18 Image size of job updated: 1666456
	613  -  MemoryUsage of job (MB)
	626856  -  ResidentSetSize of job (KB)
...
006 (13118.370.000) 2024-06-08 09:33:18 Image size of job updated: 1672272
	613  -  MemoryUsage of job (MB)
	626856  -  ResidentSetSize of job (KB)
...
006 (13118.370.000) 2024-06-08 09:38:19 Image size of job updated: 1678084
	634  -  MemoryUsage of job (MB)
	648296  -  ResidentSetSize of job (KB)
...
006 (13118.370.000) 2024-06-08 09:43:20 Image size of job updated: 1683504
	634  -  MemoryUsage of job (MB)
	648428  -  ResidentSetSize of job (KB)
...
006 (13118.370.000) 2024-06-08 09:48:20 Image size of job updated: 1754740
	634  -  MemoryUsage of job (MB)
	648428  -  ResidentSetSize of job (KB)
...
006 (13118.370.000) 2024-06-08 09:53:20 Image size of job updated: 1759892
	634  -  MemoryUsage of job (MB)
	648572  -  ResidentSetSize of job (KB)
...
006 (13118.370.000) 2024-06-08 09:57:09 Image size of job updated: 1764124
	634  -  MemoryUsage of job (MB)
	648572  -  ResidentSetSize of job (KB)
...
005 (13118.370.000) 2024-06-08 09:57:09 Job terminated.
	(1) Normal termination (return value 0)
		Usr 0 00:52:45, Sys 0 00:01:11  -  Run Remote Usage
		Usr 0 00:00:00, Sys 0 00:00:00  -  Run Local Usage
		Usr 0 00:52:45, Sys 0 00:01:11  -  Total Remote Usage
		Usr 0 00:00:00, Sys 0 00:00:00  -  Total Local Usage
	0  -  Run Bytes Sent By Job
	0  -  Run Bytes Received By Job
	0  -  Total Bytes Sent By Job
	0  -  Total Bytes Received By Job
	Partitionable Resources :    Usage  Request Allocated 
	   Cpus                 :     1.00        1         1 
	   Disk (KB)            :    15          15      2237 
	   Memory (MB)          :   634       20480     20480 

	Job terminated of its own accord at 2024-06-08T07:57:09Z with exit-code 0.
...
