000 (14472.001.000) 2024-12-06 10:22:23 Job submitted from host: <10.18.24.233:9618?addrs=10.18.24.233-9618&alias=bioclusts03.bioclust.biologie.ens.fr&noUDP&sock=schedd_910141_9a29>
...
001 (14472.001.000) 2024-12-06 10:22:24 Job executing on host: <10.18.24.50:9618?addrs=10.18.24.50-9618&alias=bioclust50.bioclust.biologie.ens.fr&noUDP&sock=startd_1174_d846>
...
006 (14472.001.000) 2024-12-06 10:22:32 Image size of job updated: 653828
	208  -  MemoryUsage of job (MB)
	212124  -  ResidentSetSize of job (KB)
...
006 (14472.001.000) 2024-12-06 10:27:32 Image size of job updated: 1719728
	645  -  MemoryUsage of job (MB)
	660352  -  ResidentSetSize of job (KB)
...
006 (14472.001.000) 2024-12-06 10:32:33 Image size of job updated: 1719728
	647  -  MemoryUsage of job (MB)
	662392  -  ResidentSetSize of job (KB)
...
006 (14472.001.000) 2024-12-06 10:42:34 Image size of job updated: 1719728
	676  -  MemoryUsage of job (MB)
	691228  -  ResidentSetSize of job (KB)
...
006 (14472.001.000) 2024-12-06 11:22:38 Image size of job updated: 1719728
	684  -  MemoryUsage of job (MB)
	700196  -  ResidentSetSize of job (KB)
...
006 (14472.001.000) 2024-12-06 12:12:43 Image size of job updated: 1720520
	684  -  MemoryUsage of job (MB)
	700196  -  ResidentSetSize of job (KB)
...
006 (14472.001.000) 2024-12-06 14:32:57 Image size of job updated: 1720784
	684  -  MemoryUsage of job (MB)
	700196  -  ResidentSetSize of job (KB)
...
006 (14472.001.000) 2024-12-06 15:38:04 Image size of job updated: 1721840
	684  -  MemoryUsage of job (MB)
	700196  -  ResidentSetSize of job (KB)
...
006 (14472.001.000) 2024-12-06 16:58:12 Image size of job updated: 1721840
	687  -  MemoryUsage of job (MB)
	703256  -  ResidentSetSize of job (KB)
...
006 (14472.001.000) 2024-12-06 18:03:19 Image size of job updated: 1723824
	687  -  MemoryUsage of job (MB)
	703256  -  ResidentSetSize of job (KB)
...
006 (14472.001.000) 2024-12-06 19:08:26 Image size of job updated: 1723824
	694  -  MemoryUsage of job (MB)
	710076  -  ResidentSetSize of job (KB)
...
006 (14472.001.000) 2024-12-06 20:28:34 Image size of job updated: 1726896
	694  -  MemoryUsage of job (MB)
	710076  -  ResidentSetSize of job (KB)
...
006 (14472.001.000) 2024-12-06 22:33:47 Image size of job updated: 1727292
	694  -  MemoryUsage of job (MB)
	710076  -  ResidentSetSize of job (KB)
...
006 (14472.001.000) 2024-12-06 22:53:48 Image size of job updated: 1727292
	695  -  MemoryUsage of job (MB)
	710944  -  ResidentSetSize of job (KB)
...
006 (14472.001.000) 2024-12-06 23:48:54 Image size of job updated: 1729972
	695  -  MemoryUsage of job (MB)
	710944  -  ResidentSetSize of job (KB)
...
006 (14472.001.000) 2024-12-06 23:53:55 Image size of job updated: 1729972
	696  -  MemoryUsage of job (MB)
	712452  -  ResidentSetSize of job (KB)
...
006 (14472.001.000) 2024-12-06 23:58:55 Image size of job updated: 1729972
	696  -  MemoryUsage of job (MB)
	712584  -  ResidentSetSize of job (KB)
...
006 (14472.001.000) 2024-12-07 02:39:10 Image size of job updated: 1733044
	696  -  MemoryUsage of job (MB)
	712584  -  ResidentSetSize of job (KB)
...
006 (14472.001.000) 2024-12-07 02:49:12 Image size of job updated: 1733044
	701  -  MemoryUsage of job (MB)
	717812  -  ResidentSetSize of job (KB)
...
006 (14472.001.000) 2024-12-07 02:59:12 Image size of job updated: 1733044
	707  -  MemoryUsage of job (MB)
	723400  -  ResidentSetSize of job (KB)
...
006 (14472.001.000) 2024-12-07 03:19:14 Image size of job updated: 1733044
	708  -  MemoryUsage of job (MB)
	724188  -  ResidentSetSize of job (KB)
...
006 (14472.001.000) 2024-12-07 03:24:15 Image size of job updated: 1733044
	708  -  MemoryUsage of job (MB)
	724320  -  ResidentSetSize of job (KB)
...
006 (14472.001.000) 2024-12-07 03:29:15 Image size of job updated: 1733044
	711  -  MemoryUsage of job (MB)
	727204  -  ResidentSetSize of job (KB)
...
006 (14472.001.000) 2024-12-07 03:34:15 Image size of job updated: 1733044
	711  -  MemoryUsage of job (MB)
	727336  -  ResidentSetSize of job (KB)
...
006 (14472.001.000) 2024-12-07 04:44:22 Image size of job updated: 1734068
	711  -  MemoryUsage of job (MB)
	727336  -  ResidentSetSize of job (KB)
...
006 (14472.001.000) 2024-12-07 06:44:36 Image size of job updated: 1735092
	711  -  MemoryUsage of job (MB)
	727336  -  ResidentSetSize of job (KB)
...
006 (14472.001.000) 2024-12-07 07:39:43 Image size of job updated: 1735092
	714  -  MemoryUsage of job (MB)
	730372  -  ResidentSetSize of job (KB)
...
006 (14472.001.000) 2024-12-07 08:09:46 Image size of job updated: 1736820
	722  -  MemoryUsage of job (MB)
	738812  -  ResidentSetSize of job (KB)
...
006 (14472.001.000) 2024-12-07 10:35:01 Image size of job updated: 1738484
	722  -  MemoryUsage of job (MB)
	738812  -  ResidentSetSize of job (KB)
...
006 (14472.001.000) 2024-12-07 12:20:12 Image size of job updated: 1740148
	722  -  MemoryUsage of job (MB)
	738812  -  ResidentSetSize of job (KB)
...
006 (14472.001.000) 2024-12-07 12:25:13 Image size of job updated: 1741076
	722  -  MemoryUsage of job (MB)
	738812  -  ResidentSetSize of job (KB)
...
006 (14472.001.000) 2024-12-07 13:55:21 Image size of job updated: 1741812
	722  -  MemoryUsage of job (MB)
	738812  -  ResidentSetSize of job (KB)
...
006 (14472.001.000) 2024-12-07 15:10:29 Image size of job updated: 1742208
	722  -  MemoryUsage of job (MB)
	738812  -  ResidentSetSize of job (KB)
...
006 (14472.001.000) 2024-12-07 16:05:34 Image size of job updated: 1744884
	722  -  MemoryUsage of job (MB)
	738812  -  ResidentSetSize of job (KB)
...
006 (14472.001.000) 2024-12-07 16:25:37 Image size of job updated: 1744884
	724  -  MemoryUsage of job (MB)
	740592  -  ResidentSetSize of job (KB)
...
006 (14472.001.000) 2024-12-07 16:40:39 Image size of job updated: 1744884
	725  -  MemoryUsage of job (MB)
	741736  -  ResidentSetSize of job (KB)
...
006 (14472.001.000) 2024-12-07 17:45:45 Image size of job updated: 1744884
	732  -  MemoryUsage of job (MB)
	749404  -  ResidentSetSize of job (KB)
...
006 (14472.001.000) 2024-12-07 18:25:51 Image size of job updated: 1745908
	732  -  MemoryUsage of job (MB)
	749404  -  ResidentSetSize of job (KB)
...
006 (14472.001.000) 2024-12-07 20:21:03 Image size of job updated: 1749080
	732  -  MemoryUsage of job (MB)
	749404  -  ResidentSetSize of job (KB)
...
006 (14472.001.000) 2024-12-07 22:01:13 Image size of job updated: 1749080
	732  -  MemoryUsage of job (MB)
	749492  -  ResidentSetSize of job (KB)
...
006 (14472.001.000) 2024-12-07 22:06:13 Image size of job updated: 1749080
	733  -  MemoryUsage of job (MB)
	749624  -  ResidentSetSize of job (KB)
...
006 (14472.001.000) 2024-12-07 22:46:16 Image size of job updated: 1749080
	735  -  MemoryUsage of job (MB)
	751900  -  ResidentSetSize of job (KB)
...
006 (14472.001.000) 2024-12-07 23:16:20 Image size of job updated: 1751096
	735  -  MemoryUsage of job (MB)
	751900  -  ResidentSetSize of job (KB)
...
006 (14472.001.000) 2024-12-08 00:46:30 Image size of job updated: 1751096
	736  -  MemoryUsage of job (MB)
	752940  -  ResidentSetSize of job (KB)
...
006 (14472.001.000) 2024-12-08 00:51:30 Image size of job updated: 1751096
	736  -  MemoryUsage of job (MB)
	753576  -  ResidentSetSize of job (KB)
...
006 (14472.001.000) 2024-12-08 01:16:33 Image size of job updated: 1751228
	736  -  MemoryUsage of job (MB)
	753576  -  ResidentSetSize of job (KB)
...
006 (14472.001.000) 2024-12-08 01:31:34 Image size of job updated: 1752120
	737  -  MemoryUsage of job (MB)
	753700  -  ResidentSetSize of job (KB)
...
006 (14472.001.000) 2024-12-08 01:36:35 Image size of job updated: 1752120
	737  -  MemoryUsage of job (MB)
	753832  -  ResidentSetSize of job (KB)
...
006 (14472.001.000) 2024-12-08 03:36:46 Image size of job updated: 1753784
	737  -  MemoryUsage of job (MB)
	753832  -  ResidentSetSize of job (KB)
...
006 (14472.001.000) 2024-12-08 03:46:47 Image size of job updated: 1753784
	740  -  MemoryUsage of job (MB)
	757640  -  ResidentSetSize of job (KB)
...
006 (14472.001.000) 2024-12-08 04:11:49 Image size of job updated: 1753784
	746  -  MemoryUsage of job (MB)
	763156  -  ResidentSetSize of job (KB)
...
006 (14472.001.000) 2024-12-08 06:07:01 Image size of job updated: 1756856
	746  -  MemoryUsage of job (MB)
	763156  -  ResidentSetSize of job (KB)
...
006 (14472.001.000) 2024-12-08 06:12:01 Image size of job updated: 1756856
	749  -  MemoryUsage of job (MB)
	766680  -  ResidentSetSize of job (KB)
...
006 (14472.001.000) 2024-12-08 07:52:12 Image size of job updated: 1757880
	749  -  MemoryUsage of job (MB)
	766680  -  ResidentSetSize of job (KB)
...
006 (14472.001.000) 2024-12-08 09:07:19 Image size of job updated: 1757880
	750  -  MemoryUsage of job (MB)
	767844  -  ResidentSetSize of job (KB)
...
006 (14472.001.000) 2024-12-08 09:22:21 Image size of job updated: 1759480
	750  -  MemoryUsage of job (MB)
	767844  -  ResidentSetSize of job (KB)
...
006 (14472.001.000) 2024-12-08 10:12:26 Image size of job updated: 1759480
	751  -  MemoryUsage of job (MB)
	768456  -  ResidentSetSize of job (KB)
...
006 (14472.001.000) 2024-12-08 10:52:30 Image size of job updated: 1759480
	753  -  MemoryUsage of job (MB)
	770880  -  ResidentSetSize of job (KB)
...
006 (14472.001.000) 2024-12-08 11:17:32 Image size of job updated: 1762552
	753  -  MemoryUsage of job (MB)
	770880  -  ResidentSetSize of job (KB)
...
006 (14472.001.000) 2024-12-08 13:32:47 Image size of job updated: 1762552
	757  -  MemoryUsage of job (MB)
	774304  -  ResidentSetSize of job (KB)
...
006 (14472.001.000) 2024-12-08 13:57:50 Image size of job updated: 1765628
	757  -  MemoryUsage of job (MB)
	774304  -  ResidentSetSize of job (KB)
...
006 (14472.001.000) 2024-12-08 14:27:54 Image size of job updated: 1765628
	758  -  MemoryUsage of job (MB)
	775320  -  ResidentSetSize of job (KB)
...
006 (14472.001.000) 2024-12-08 15:02:58 Image size of job updated: 1765628
	765  -  MemoryUsage of job (MB)
	782584  -  ResidentSetSize of job (KB)
...
006 (14472.001.000) 2024-12-08 15:07:59 Image size of job updated: 1765628
	765  -  MemoryUsage of job (MB)
	782716  -  ResidentSetSize of job (KB)
...
006 (14472.001.000) 2024-12-08 15:43:02 Image size of job updated: 1768700
	765  -  MemoryUsage of job (MB)
	782716  -  ResidentSetSize of job (KB)
...
006 (14472.001.000) 2024-12-08 17:33:12 Image size of job updated: 1768700
	771  -  MemoryUsage of job (MB)
	788752  -  ResidentSetSize of job (KB)
...
006 (14472.001.000) 2024-12-08 17:43:13 Image size of job updated: 1771772
	771  -  MemoryUsage of job (MB)
	788752  -  ResidentSetSize of job (KB)
...
006 (14472.001.000) 2024-12-08 19:33:24 Image size of job updated: 1772796
	771  -  MemoryUsage of job (MB)
	788752  -  ResidentSetSize of job (KB)
...
006 (14472.001.000) 2024-12-08 21:53:38 Image size of job updated: 1773820
	771  -  MemoryUsage of job (MB)
	788752  -  ResidentSetSize of job (KB)
...
006 (14472.001.000) 2024-12-08 23:48:50 Image size of job updated: 1776892
	772  -  MemoryUsage of job (MB)
	790052  -  ResidentSetSize of job (KB)
...
006 (14472.001.000) 2024-12-09 00:18:53 Image size of job updated: 1776892
	772  -  MemoryUsage of job (MB)
	790248  -  ResidentSetSize of job (KB)
...
006 (14472.001.000) 2024-12-09 00:33:55 Image size of job updated: 1776892
	772  -  MemoryUsage of job (MB)
	790472  -  ResidentSetSize of job (KB)
...
006 (14472.001.000) 2024-12-09 00:43:57 Image size of job updated: 1776892
	772  -  MemoryUsage of job (MB)
	790500  -  ResidentSetSize of job (KB)
...
006 (14472.001.000) 2024-12-09 01:03:59 Image size of job updated: 1776892
	776  -  MemoryUsage of job (MB)
	793724  -  ResidentSetSize of job (KB)
...
006 (14472.001.000) 2024-12-09 02:14:06 Image size of job updated: 1779964
	776  -  MemoryUsage of job (MB)
	794352  -  ResidentSetSize of job (KB)
...
006 (14472.001.000) 2024-12-09 02:19:07 Image size of job updated: 1779964
	776  -  MemoryUsage of job (MB)
	794408  -  ResidentSetSize of job (KB)
...
006 (14472.001.000) 2024-12-09 02:29:07 Image size of job updated: 1779964
	777  -  MemoryUsage of job (MB)
	795176  -  ResidentSetSize of job (KB)
...
006 (14472.001.000) 2024-12-09 02:49:09 Image size of job updated: 1779964
	777  -  MemoryUsage of job (MB)
	795384  -  ResidentSetSize of job (KB)
...
006 (14472.001.000) 2024-12-09 03:19:12 Image size of job updated: 1779964
	778  -  MemoryUsage of job (MB)
	796656  -  ResidentSetSize of job (KB)
...
006 (14472.001.000) 2024-12-09 03:59:17 Image size of job updated: 1783036
	781  -  MemoryUsage of job (MB)
	798952  -  ResidentSetSize of job (KB)
...
006 (14472.001.000) 2024-12-09 04:14:19 Image size of job updated: 1783036
	784  -  MemoryUsage of job (MB)
	802224  -  ResidentSetSize of job (KB)
...
006 (14472.001.000) 2024-12-09 04:34:20 Image size of job updated: 1783036
	784  -  MemoryUsage of job (MB)
	802616  -  ResidentSetSize of job (KB)
...
006 (14472.001.000) 2024-12-09 05:39:27 Image size of job updated: 1783036
	787  -  MemoryUsage of job (MB)
	804904  -  ResidentSetSize of job (KB)
...
006 (14472.001.000) 2024-12-09 06:09:30 Image size of job updated: 1783036
	787  -  MemoryUsage of job (MB)
	805140  -  ResidentSetSize of job (KB)
...
006 (14472.001.000) 2024-12-09 06:19:31 Image size of job updated: 1786108
	787  -  MemoryUsage of job (MB)
	805140  -  ResidentSetSize of job (KB)
...
006 (14472.001.000) 2024-12-09 07:44:40 Image size of job updated: 1786108
	788  -  MemoryUsage of job (MB)
	806696  -  ResidentSetSize of job (KB)
...
006 (14472.001.000) 2024-12-09 08:44:46 Image size of job updated: 1789180
	788  -  MemoryUsage of job (MB)
	806696  -  ResidentSetSize of job (KB)
...
006 (14472.001.000) 2024-12-09 08:49:46 Image size of job updated: 1789180
	790  -  MemoryUsage of job (MB)
	807960  -  ResidentSetSize of job (KB)
...
006 (14472.001.000) 2024-12-09 08:54:47 Image size of job updated: 1789180
	790  -  MemoryUsage of job (MB)
	808752  -  ResidentSetSize of job (KB)
...
006 (14472.001.000) 2024-12-09 09:29:51 Image size of job updated: 1789180
	793  -  MemoryUsage of job (MB)
	811456  -  ResidentSetSize of job (KB)
...
006 (14472.001.000) 2024-12-09 10:19:55 Image size of job updated: 1790844
	793  -  MemoryUsage of job (MB)
	811456  -  ResidentSetSize of job (KB)
...
006 (14472.001.000) 2024-12-09 10:39:57 Image size of job updated: 1790844
	804  -  MemoryUsage of job (MB)
	822844  -  ResidentSetSize of job (KB)
...
006 (14472.001.000) 2024-12-09 10:44:57 Image size of job updated: 1790844
	804  -  MemoryUsage of job (MB)
	823108  -  ResidentSetSize of job (KB)
...
006 (14472.001.000) 2024-12-09 11:30:02 Image size of job updated: 1792444
	804  -  MemoryUsage of job (MB)
	823108  -  ResidentSetSize of job (KB)
...
006 (14472.001.000) 2024-12-09 12:25:08 Image size of job updated: 1792444
	807  -  MemoryUsage of job (MB)
	825432  -  ResidentSetSize of job (KB)
...
006 (14472.001.000) 2024-12-09 14:45:22 Image size of job updated: 1795520
	807  -  MemoryUsage of job (MB)
	825432  -  ResidentSetSize of job (KB)
...
006 (14472.001.000) 2024-12-09 17:25:40 Image size of job updated: 1798592
	807  -  MemoryUsage of job (MB)
	825432  -  ResidentSetSize of job (KB)
...
006 (14472.001.000) 2024-12-09 17:55:43 Image size of job updated: 1798592
	807  -  MemoryUsage of job (MB)
	825908  -  ResidentSetSize of job (KB)
...
006 (14472.001.000) 2024-12-09 18:05:43 Image size of job updated: 1798592
	807  -  MemoryUsage of job (MB)
	826364  -  ResidentSetSize of job (KB)
...
006 (14472.001.000) 2024-12-09 19:45:54 Image size of job updated: 1798592
	813  -  MemoryUsage of job (MB)
	831508  -  ResidentSetSize of job (KB)
...
006 (14472.001.000) 2024-12-09 20:35:59 Image size of job updated: 1801664
	813  -  MemoryUsage of job (MB)
	831508  -  ResidentSetSize of job (KB)
...
006 (14472.001.000) 2024-12-09 21:01:02 Image size of job updated: 1801664
	814  -  MemoryUsage of job (MB)
	832520  -  ResidentSetSize of job (KB)
...
006 (14472.001.000) 2024-12-09 21:16:03 Image size of job updated: 1801664
	821  -  MemoryUsage of job (MB)
	840632  -  ResidentSetSize of job (KB)
...
006 (14472.001.000) 2024-12-09 21:41:06 Image size of job updated: 1801664
	824  -  MemoryUsage of job (MB)
	842932  -  ResidentSetSize of job (KB)
...
006 (14472.001.000) 2024-12-10 00:41:25 Image size of job updated: 1803328
	824  -  MemoryUsage of job (MB)
	842932  -  ResidentSetSize of job (KB)
...
006 (14472.001.000) 2024-12-10 03:06:40 Image size of job updated: 1806400
	824  -  MemoryUsage of job (MB)
	842932  -  ResidentSetSize of job (KB)
...
006 (14472.001.000) 2024-12-10 03:26:42 Image size of job updated: 1806400
	826  -  MemoryUsage of job (MB)
	845228  -  ResidentSetSize of job (KB)
...
006 (14472.001.000) 2024-12-10 03:56:45 Image size of job updated: 1806400
	833  -  MemoryUsage of job (MB)
	852500  -  ResidentSetSize of job (KB)
...
006 (14472.001.000) 2024-12-10 04:46:50 Image size of job updated: 1808064
	833  -  MemoryUsage of job (MB)
	852500  -  ResidentSetSize of job (KB)
...
006 (14472.001.000) 2024-12-10 06:21:59 Image size of job updated: 1809088
	833  -  MemoryUsage of job (MB)
	852500  -  ResidentSetSize of job (KB)
...
006 (14472.001.000) 2024-12-10 09:22:17 Image size of job updated: 1877712
	833  -  MemoryUsage of job (MB)
	852500  -  ResidentSetSize of job (KB)
...
006 (14472.001.000) 2024-12-10 09:27:17 Image size of job updated: 1877712
	836  -  MemoryUsage of job (MB)
	855120  -  ResidentSetSize of job (KB)
...
006 (14472.001.000) 2024-12-10 09:47:20 Image size of job updated: 1877712
	845  -  MemoryUsage of job (MB)
	864560  -  ResidentSetSize of job (KB)
...
006 (14472.001.000) 2024-12-10 11:07:28 Image size of job updated: 1879376
	845  -  MemoryUsage of job (MB)
	864560  -  ResidentSetSize of job (KB)
...
006 (14472.001.000) 2024-12-10 11:27:30 Image size of job updated: 1879376
	848  -  MemoryUsage of job (MB)
	867596  -  ResidentSetSize of job (KB)
...
006 (14472.001.000) 2024-12-10 14:02:47 Image size of job updated: 1882448
	848  -  MemoryUsage of job (MB)
	867596  -  ResidentSetSize of job (KB)
...
006 (14472.001.000) 2024-12-10 16:02:58 Image size of job updated: 1882448
	853  -  MemoryUsage of job (MB)
	872560  -  ResidentSetSize of job (KB)
...
006 (14472.001.000) 2024-12-10 16:07:59 Image size of job updated: 1882448
	853  -  MemoryUsage of job (MB)
	872692  -  ResidentSetSize of job (KB)
...
006 (14472.001.000) 2024-12-10 16:12:59 Image size of job updated: 1884112
	853  -  MemoryUsage of job (MB)
	872692  -  ResidentSetSize of job (KB)
...
006 (14472.001.000) 2024-12-10 16:53:03 Image size of job updated: 1884112
	858  -  MemoryUsage of job (MB)
	878060  -  ResidentSetSize of job (KB)
...
006 (14472.001.000) 2024-12-10 17:13:05 Image size of job updated: 1884112
	860  -  MemoryUsage of job (MB)
	880360  -  ResidentSetSize of job (KB)
...
006 (14472.001.000) 2024-12-10 17:18:05 Image size of job updated: 1884112
	860  -  MemoryUsage of job (MB)
	880492  -  ResidentSetSize of job (KB)
...
006 (14472.001.000) 2024-12-10 17:43:08 Image size of job updated: 1885136
	860  -  MemoryUsage of job (MB)
	880492  -  ResidentSetSize of job (KB)
...
006 (14472.001.000) 2024-12-10 18:53:16 Image size of job updated: 1885136
	861  -  MemoryUsage of job (MB)
	881384  -  ResidentSetSize of job (KB)
...
006 (14472.001.000) 2024-12-10 19:08:17 Image size of job updated: 1885136
	862  -  MemoryUsage of job (MB)
	882424  -  ResidentSetSize of job (KB)
...
006 (14472.001.000) 2024-12-10 19:33:20 Image size of job updated: 1886800
	862  -  MemoryUsage of job (MB)
	882424  -  ResidentSetSize of job (KB)
...
006 (14472.001.000) 2024-12-10 20:03:24 Image size of job updated: 1886800
	870  -  MemoryUsage of job (MB)
	890216  -  ResidentSetSize of job (KB)
...
006 (14472.001.000) 2024-12-10 20:08:24 Image size of job updated: 1886800
	870  -  MemoryUsage of job (MB)
	890528  -  ResidentSetSize of job (KB)
...
006 (14472.001.000) 2024-12-10 21:08:30 Image size of job updated: 1887824
	870  -  MemoryUsage of job (MB)
	890528  -  ResidentSetSize of job (KB)
...
006 (14472.001.000) 2024-12-10 22:53:41 Image size of job updated: 1890896
	870  -  MemoryUsage of job (MB)
	890528  -  ResidentSetSize of job (KB)
...
006 (14472.001.000) 2024-12-10 23:03:42 Image size of job updated: 1890896
	874  -  MemoryUsage of job (MB)
	894328  -  ResidentSetSize of job (KB)
...
006 (14472.001.000) 2024-12-10 23:08:42 Image size of job updated: 1890896
	874  -  MemoryUsage of job (MB)
	894460  -  ResidentSetSize of job (KB)
...
006 (14472.001.000) 2024-12-11 00:33:52 Image size of job updated: 1891924
	874  -  MemoryUsage of job (MB)
	894460  -  ResidentSetSize of job (KB)
...
006 (14472.001.000) 2024-12-11 01:38:59 Image size of job updated: 1894996
	874  -  MemoryUsage of job (MB)
	894460  -  ResidentSetSize of job (KB)
...
006 (14472.001.000) 2024-12-11 02:34:04 Image size of job updated: 1894996
	875  -  MemoryUsage of job (MB)
	895440  -  ResidentSetSize of job (KB)
...
006 (14472.001.000) 2024-12-11 04:14:14 Image size of job updated: 1896020
	875  -  MemoryUsage of job (MB)
	895440  -  ResidentSetSize of job (KB)
...
006 (14472.001.000) 2024-12-11 06:59:30 Image size of job updated: 1897044
	876  -  MemoryUsage of job (MB)
	896476  -  ResidentSetSize of job (KB)
...
006 (14472.001.000) 2024-12-11 08:44:41 Image size of job updated: 1897044
	876  -  MemoryUsage of job (MB)
	896916  -  ResidentSetSize of job (KB)
...
006 (14472.001.000) 2024-12-11 09:09:43 Image size of job updated: 1900116
	876  -  MemoryUsage of job (MB)
	896916  -  ResidentSetSize of job (KB)
...
006 (14472.001.000) 2024-12-11 09:14:43 Image size of job updated: 1900116
	879  -  MemoryUsage of job (MB)
	899872  -  ResidentSetSize of job (KB)
...
006 (14472.001.000) 2024-12-11 12:20:02 Image size of job updated: 1903188
	880  -  MemoryUsage of job (MB)
	900568  -  ResidentSetSize of job (KB)
...
006 (14472.001.000) 2024-12-11 13:40:10 Image size of job updated: 1904852
	880  -  MemoryUsage of job (MB)
	900568  -  ResidentSetSize of job (KB)
...
006 (14472.001.000) 2024-12-11 16:05:25 Image size of job updated: 1905876
	880  -  MemoryUsage of job (MB)
	900568  -  ResidentSetSize of job (KB)
...
006 (14472.001.000) 2024-12-11 17:15:32 Image size of job updated: 1905876
	882  -  MemoryUsage of job (MB)
	903076  -  ResidentSetSize of job (KB)
...
006 (14472.001.000) 2024-12-11 17:20:32 Image size of job updated: 1905876
	883  -  MemoryUsage of job (MB)
	903208  -  ResidentSetSize of job (KB)
...
006 (14472.001.000) 2024-12-11 18:00:36 Image size of job updated: 1905876
	883  -  MemoryUsage of job (MB)
	903548  -  ResidentSetSize of job (KB)
...
006 (14472.001.000) 2024-12-11 18:05:37 Image size of job updated: 1906900
	883  -  MemoryUsage of job (MB)
	903548  -  ResidentSetSize of job (KB)
...
006 (14472.001.000) 2024-12-11 18:30:39 Image size of job updated: 1906900
	897  -  MemoryUsage of job (MB)
	917572  -  ResidentSetSize of job (KB)
...
006 (14472.001.000) 2024-12-11 19:50:47 Image size of job updated: 1907924
	897  -  MemoryUsage of job (MB)
	917572  -  ResidentSetSize of job (KB)
...
006 (14472.001.000) 2024-12-11 22:01:00 Image size of job updated: 1907924
	898  -  MemoryUsage of job (MB)
	919520  -  ResidentSetSize of job (KB)
...
006 (14472.001.000) 2024-12-11 22:16:01 Image size of job updated: 1909588
	898  -  MemoryUsage of job (MB)
	919520  -  ResidentSetSize of job (KB)
...
006 (14472.001.000) 2024-12-12 00:46:17 Image size of job updated: 1912660
	898  -  MemoryUsage of job (MB)
	919520  -  ResidentSetSize of job (KB)
...
006 (14472.001.000) 2024-12-12 01:36:22 Image size of job updated: 1912660
	902  -  MemoryUsage of job (MB)
	922712  -  ResidentSetSize of job (KB)
...
006 (14472.001.000) 2024-12-12 03:11:30 Image size of job updated: 1915732
	902  -  MemoryUsage of job (MB)
	922712  -  ResidentSetSize of job (KB)
...
006 (14472.001.000) 2024-12-12 04:26:38 Image size of job updated: 1915732
	904  -  MemoryUsage of job (MB)
	925520  -  ResidentSetSize of job (KB)
...
006 (14472.001.000) 2024-12-12 05:41:46 Image size of job updated: 1917396
	904  -  MemoryUsage of job (MB)
	925520  -  ResidentSetSize of job (KB)
...
006 (14472.001.000) 2024-12-12 05:46:46 Image size of job updated: 1917396
	908  -  MemoryUsage of job (MB)
	929048  -  ResidentSetSize of job (KB)
...
006 (14472.001.000) 2024-12-12 08:47:05 Image size of job updated: 1917396
	911  -  MemoryUsage of job (MB)
	931964  -  ResidentSetSize of job (KB)
...
006 (14472.001.000) 2024-12-12 09:27:10 Image size of job updated: 1918996
	911  -  MemoryUsage of job (MB)
	931964  -  ResidentSetSize of job (KB)
...
006 (14472.001.000) 2024-12-12 10:12:14 Image size of job updated: 1918996
	913  -  MemoryUsage of job (MB)
	934412  -  ResidentSetSize of job (KB)
...
006 (14472.001.000) 2024-12-12 11:17:20 Image size of job updated: 1920020
	913  -  MemoryUsage of job (MB)
	934412  -  ResidentSetSize of job (KB)
...
005 (14472.001.000) 2024-12-16 01:59:17 Job terminated.
	(1) Normal termination (return value 0)
		Usr 9 14:55:15, Sys 0 00:21:05  -  Run Remote Usage
		Usr 0 00:00:00, Sys 0 00:00:00  -  Run Local Usage
		Usr 9 14:55:15, Sys 0 00:21:05  -  Total Remote Usage
		Usr 0 00:00:00, Sys 0 00:00:00  -  Total Local Usage
	0  -  Run Bytes Sent By Job
	0  -  Run Bytes Received By Job
	0  -  Total Bytes Sent By Job
	0  -  Total Bytes Received By Job
	Partitionable Resources :    Usage  Request Allocated 
	   Cpus                 :     1.00        1         1 
	   Disk (KB)            :    15          15      3332 
	   Memory (MB)          :   913        2048      2048 

	Job terminated of its own accord at 2024-12-16T00:59:17Z with exit-code 0.
...
