000 (14472.000.000) 2024-12-06 10:22:23 Job submitted from host: <10.18.24.233:9618?addrs=10.18.24.233-9618&alias=bioclusts03.bioclust.biologie.ens.fr&noUDP&sock=schedd_910141_9a29>
...
001 (14472.000.000) 2024-12-06 10:22:24 Job executing on host: <10.18.24.13:9618?addrs=10.18.24.13-9618&alias=bioclust13.bioclust.biologie.ens.fr&noUDP&sock=startd_1738935_599d>
...
006 (14472.000.000) 2024-12-06 10:22:32 Image size of job updated: 648672
	327  -  MemoryUsage of job (MB)
	333932  -  ResidentSetSize of job (KB)
...
006 (14472.000.000) 2024-12-06 10:27:32 Image size of job updated: 1783596
	698  -  MemoryUsage of job (MB)
	713976  -  ResidentSetSize of job (KB)
...
006 (14472.000.000) 2024-12-06 10:32:33 Image size of job updated: 1783596
	698  -  MemoryUsage of job (MB)
	714664  -  ResidentSetSize of job (KB)
...
006 (14472.000.000) 2024-12-06 10:42:34 Image size of job updated: 1783596
	721  -  MemoryUsage of job (MB)
	738200  -  ResidentSetSize of job (KB)
...
006 (14472.000.000) 2024-12-06 10:47:35 Image size of job updated: 1783596
	722  -  MemoryUsage of job (MB)
	738464  -  ResidentSetSize of job (KB)
...
006 (14472.000.000) 2024-12-06 11:12:38 Image size of job updated: 1783596
	735  -  MemoryUsage of job (MB)
	751912  -  ResidentSetSize of job (KB)
...
006 (14472.000.000) 2024-12-06 11:17:38 Image size of job updated: 1783596
	735  -  MemoryUsage of job (MB)
	752044  -  ResidentSetSize of job (KB)
...
006 (14472.000.000) 2024-12-06 12:52:49 Image size of job updated: 1851464
	735  -  MemoryUsage of job (MB)
	752044  -  ResidentSetSize of job (KB)
...
006 (14472.000.000) 2024-12-06 13:07:51 Image size of job updated: 1851464
	735  -  MemoryUsage of job (MB)
	752448  -  ResidentSetSize of job (KB)
...
006 (14472.000.000) 2024-12-06 13:12:51 Image size of job updated: 1852520
	735  -  MemoryUsage of job (MB)
	752448  -  ResidentSetSize of job (KB)
...
006 (14472.000.000) 2024-12-06 13:52:54 Image size of job updated: 1852520
	739  -  MemoryUsage of job (MB)
	756628  -  ResidentSetSize of job (KB)
...
006 (14472.000.000) 2024-12-06 15:23:04 Image size of job updated: 1853052
	739  -  MemoryUsage of job (MB)
	756628  -  ResidentSetSize of job (KB)
...
006 (14472.000.000) 2024-12-06 15:38:06 Image size of job updated: 1854768
	739  -  MemoryUsage of job (MB)
	756628  -  ResidentSetSize of job (KB)
...
006 (14472.000.000) 2024-12-06 16:23:09 Image size of job updated: 1855292
	739  -  MemoryUsage of job (MB)
	756628  -  ResidentSetSize of job (KB)
...
006 (14472.000.000) 2024-12-06 17:53:18 Image size of job updated: 1856876
	739  -  MemoryUsage of job (MB)
	756628  -  ResidentSetSize of job (KB)
...
006 (14472.000.000) 2024-12-06 18:43:24 Image size of job updated: 1856876
	746  -  MemoryUsage of job (MB)
	763276  -  ResidentSetSize of job (KB)
...
006 (14472.000.000) 2024-12-06 19:28:29 Image size of job updated: 1856876
	752  -  MemoryUsage of job (MB)
	769772  -  ResidentSetSize of job (KB)
...
006 (14472.000.000) 2024-12-06 19:48:32 Image size of job updated: 1857404
	752  -  MemoryUsage of job (MB)
	769772  -  ResidentSetSize of job (KB)
...
006 (14472.000.000) 2024-12-06 20:13:33 Image size of job updated: 1858328
	752  -  MemoryUsage of job (MB)
	769772  -  ResidentSetSize of job (KB)
...
006 (14472.000.000) 2024-12-06 21:53:43 Image size of job updated: 1859388
	752  -  MemoryUsage of job (MB)
	769772  -  ResidentSetSize of job (KB)
...
006 (14472.000.000) 2024-12-06 22:23:47 Image size of job updated: 1859388
	755  -  MemoryUsage of job (MB)
	772384  -  ResidentSetSize of job (KB)
...
006 (14472.000.000) 2024-12-06 23:08:51 Image size of job updated: 1859656
	755  -  MemoryUsage of job (MB)
	772384  -  ResidentSetSize of job (KB)
...
006 (14472.000.000) 2024-12-06 23:58:55 Image size of job updated: 1859920
	755  -  MemoryUsage of job (MB)
	772384  -  ResidentSetSize of job (KB)
...
006 (14472.000.000) 2024-12-07 00:28:58 Image size of job updated: 1860052
	755  -  MemoryUsage of job (MB)
	772384  -  ResidentSetSize of job (KB)
...
006 (14472.000.000) 2024-12-07 00:38:59 Image size of job updated: 1861112
	755  -  MemoryUsage of job (MB)
	772384  -  ResidentSetSize of job (KB)
...
006 (14472.000.000) 2024-12-07 01:19:04 Image size of job updated: 1861112
	757  -  MemoryUsage of job (MB)
	774324  -  ResidentSetSize of job (KB)
...
006 (14472.000.000) 2024-12-07 02:14:10 Image size of job updated: 1861244
	757  -  MemoryUsage of job (MB)
	774324  -  ResidentSetSize of job (KB)
...
006 (14472.000.000) 2024-12-07 02:24:11 Image size of job updated: 1861640
	757  -  MemoryUsage of job (MB)
	774324  -  ResidentSetSize of job (KB)
...
006 (14472.000.000) 2024-12-07 03:44:18 Image size of job updated: 1863628
	757  -  MemoryUsage of job (MB)
	774324  -  ResidentSetSize of job (KB)
...
006 (14472.000.000) 2024-12-07 04:19:22 Image size of job updated: 1863892
	757  -  MemoryUsage of job (MB)
	774324  -  ResidentSetSize of job (KB)
...
006 (14472.000.000) 2024-12-07 04:24:23 Image size of job updated: 1863892
	759  -  MemoryUsage of job (MB)
	777156  -  ResidentSetSize of job (KB)
...
006 (14472.000.000) 2024-12-07 07:44:42 Image size of job updated: 1865876
	759  -  MemoryUsage of job (MB)
	777156  -  ResidentSetSize of job (KB)
...
006 (14472.000.000) 2024-12-07 09:09:52 Image size of job updated: 1868260
	759  -  MemoryUsage of job (MB)
	777156  -  ResidentSetSize of job (KB)
...
006 (14472.000.000) 2024-12-07 09:34:54 Image size of job updated: 1868260
	765  -  MemoryUsage of job (MB)
	782832  -  ResidentSetSize of job (KB)
...
006 (14472.000.000) 2024-12-07 09:59:57 Image size of job updated: 1869448
	765  -  MemoryUsage of job (MB)
	782832  -  ResidentSetSize of job (KB)
...
006 (14472.000.000) 2024-12-07 10:40:01 Image size of job updated: 1869844
	765  -  MemoryUsage of job (MB)
	782832  -  ResidentSetSize of job (KB)
...
006 (14472.000.000) 2024-12-07 11:35:06 Image size of job updated: 1869844
	768  -  MemoryUsage of job (MB)
	786028  -  ResidentSetSize of job (KB)
...
006 (14472.000.000) 2024-12-07 12:10:10 Image size of job updated: 1871304
	768  -  MemoryUsage of job (MB)
	786028  -  ResidentSetSize of job (KB)
...
006 (14472.000.000) 2024-12-07 12:15:11 Image size of job updated: 1872100
	768  -  MemoryUsage of job (MB)
	786028  -  ResidentSetSize of job (KB)
...
006 (14472.000.000) 2024-12-07 12:30:12 Image size of job updated: 1873292
	768  -  MemoryUsage of job (MB)
	786028  -  ResidentSetSize of job (KB)
...
006 (14472.000.000) 2024-12-07 13:55:21 Image size of job updated: 1873292
	777  -  MemoryUsage of job (MB)
	794824  -  ResidentSetSize of job (KB)
...
006 (14472.000.000) 2024-12-07 15:15:30 Image size of job updated: 1873496
	777  -  MemoryUsage of job (MB)
	794824  -  ResidentSetSize of job (KB)
...
006 (14472.000.000) 2024-12-07 15:55:34 Image size of job updated: 1873892
	777  -  MemoryUsage of job (MB)
	794824  -  ResidentSetSize of job (KB)
...
006 (14472.000.000) 2024-12-07 16:10:35 Image size of job updated: 1874288
	777  -  MemoryUsage of job (MB)
	794824  -  ResidentSetSize of job (KB)
...
006 (14472.000.000) 2024-12-07 16:45:38 Image size of job updated: 1875748
	777  -  MemoryUsage of job (MB)
	794824  -  ResidentSetSize of job (KB)
...
006 (14472.000.000) 2024-12-07 16:50:39 Image size of job updated: 1875748
	779  -  MemoryUsage of job (MB)
	797280  -  ResidentSetSize of job (KB)
...
006 (14472.000.000) 2024-12-07 18:40:49 Image size of job updated: 1875748
	781  -  MemoryUsage of job (MB)
	798912  -  ResidentSetSize of job (KB)
...
006 (14472.000.000) 2024-12-07 18:45:49 Image size of job updated: 1875748
	781  -  MemoryUsage of job (MB)
	799044  -  ResidentSetSize of job (KB)
...
006 (14472.000.000) 2024-12-07 19:45:56 Image size of job updated: 1877204
	781  -  MemoryUsage of job (MB)
	799044  -  ResidentSetSize of job (KB)
...
006 (14472.000.000) 2024-12-07 19:55:57 Image size of job updated: 1878128
	781  -  MemoryUsage of job (MB)
	799044  -  ResidentSetSize of job (KB)
...
006 (14472.000.000) 2024-12-07 20:46:02 Image size of job updated: 1879848
	781  -  MemoryUsage of job (MB)
	799044  -  ResidentSetSize of job (KB)
...
006 (14472.000.000) 2024-12-07 21:36:07 Image size of job updated: 1880464
	781  -  MemoryUsage of job (MB)
	799044  -  ResidentSetSize of job (KB)
...
006 (14472.000.000) 2024-12-07 21:46:08 Image size of job updated: 1881392
	781  -  MemoryUsage of job (MB)
	799044  -  ResidentSetSize of job (KB)
...
006 (14472.000.000) 2024-12-07 23:01:16 Image size of job updated: 1881392
	785  -  MemoryUsage of job (MB)
	803640  -  ResidentSetSize of job (KB)
...
006 (14472.000.000) 2024-12-07 23:06:17 Image size of job updated: 1881392
	785  -  MemoryUsage of job (MB)
	803772  -  ResidentSetSize of job (KB)
...
006 (14472.000.000) 2024-12-08 00:31:26 Image size of job updated: 1882188
	785  -  MemoryUsage of job (MB)
	803772  -  ResidentSetSize of job (KB)
...
006 (14472.000.000) 2024-12-08 01:01:29 Image size of job updated: 1882588
	785  -  MemoryUsage of job (MB)
	803772  -  ResidentSetSize of job (KB)
...
006 (14472.000.000) 2024-12-08 01:21:30 Image size of job updated: 1882984
	785  -  MemoryUsage of job (MB)
	803772  -  ResidentSetSize of job (KB)
...
006 (14472.000.000) 2024-12-08 02:01:35 Image size of job updated: 1882984
	792  -  MemoryUsage of job (MB)
	810480  -  ResidentSetSize of job (KB)
...
006 (14472.000.000) 2024-12-08 02:06:36 Image size of job updated: 1882984
	792  -  MemoryUsage of job (MB)
	810612  -  ResidentSetSize of job (KB)
...
006 (14472.000.000) 2024-12-08 02:21:38 Image size of job updated: 1883784
	792  -  MemoryUsage of job (MB)
	810612  -  ResidentSetSize of job (KB)
...
006 (14472.000.000) 2024-12-08 02:56:41 Image size of job updated: 1885604
	792  -  MemoryUsage of job (MB)
	810612  -  ResidentSetSize of job (KB)
...
006 (14472.000.000) 2024-12-08 03:41:46 Image size of job updated: 1885604
	794  -  MemoryUsage of job (MB)
	812944  -  ResidentSetSize of job (KB)
...
006 (14472.000.000) 2024-12-08 04:06:50 Image size of job updated: 1885868
	794  -  MemoryUsage of job (MB)
	812944  -  ResidentSetSize of job (KB)
...
006 (14472.000.000) 2024-12-08 05:06:55 Image size of job updated: 1886132
	794  -  MemoryUsage of job (MB)
	812944  -  ResidentSetSize of job (KB)
...
006 (14472.000.000) 2024-12-08 05:41:58 Image size of job updated: 1887056
	794  -  MemoryUsage of job (MB)
	812944  -  ResidentSetSize of job (KB)
...
006 (14472.000.000) 2024-12-08 05:52:00 Image size of job updated: 1887884
	794  -  MemoryUsage of job (MB)
	812944  -  ResidentSetSize of job (KB)
...
006 (14472.000.000) 2024-12-08 05:57:00 Image size of job updated: 1888412
	797  -  MemoryUsage of job (MB)
	816116  -  ResidentSetSize of job (KB)
...
006 (14472.000.000) 2024-12-08 07:27:09 Image size of job updated: 1889736
	797  -  MemoryUsage of job (MB)
	816116  -  ResidentSetSize of job (KB)
...
006 (14472.000.000) 2024-12-08 07:32:10 Image size of job updated: 1889868
	797  -  MemoryUsage of job (MB)
	816116  -  ResidentSetSize of job (KB)
...
006 (14472.000.000) 2024-12-08 07:37:11 Image size of job updated: 1892508
	797  -  MemoryUsage of job (MB)
	816116  -  ResidentSetSize of job (KB)
...
006 (14472.000.000) 2024-12-08 09:47:25 Image size of job updated: 1892508
	802  -  MemoryUsage of job (MB)
	820556  -  ResidentSetSize of job (KB)
...
006 (14472.000.000) 2024-12-08 10:27:29 Image size of job updated: 1893468
	802  -  MemoryUsage of job (MB)
	820556  -  ResidentSetSize of job (KB)
...
006 (14472.000.000) 2024-12-08 12:42:43 Image size of job updated: 1893600
	802  -  MemoryUsage of job (MB)
	820556  -  ResidentSetSize of job (KB)
...
006 (14472.000.000) 2024-12-08 12:47:44 Image size of job updated: 1893996
	802  -  MemoryUsage of job (MB)
	820556  -  ResidentSetSize of job (KB)
...
006 (14472.000.000) 2024-12-08 14:17:53 Image size of job updated: 1894392
	802  -  MemoryUsage of job (MB)
	820556  -  ResidentSetSize of job (KB)
...
006 (14472.000.000) 2024-12-08 14:42:55 Image size of job updated: 1894392
	802  -  MemoryUsage of job (MB)
	820940  -  ResidentSetSize of job (KB)
...
006 (14472.000.000) 2024-12-08 14:47:56 Image size of job updated: 1894392
	802  -  MemoryUsage of job (MB)
	821144  -  ResidentSetSize of job (KB)
...
006 (14472.000.000) 2024-12-08 15:02:57 Image size of job updated: 1895448
	802  -  MemoryUsage of job (MB)
	821144  -  ResidentSetSize of job (KB)
...
006 (14472.000.000) 2024-12-08 15:07:57 Image size of job updated: 1896108
	802  -  MemoryUsage of job (MB)
	821144  -  ResidentSetSize of job (KB)
...
006 (14472.000.000) 2024-12-08 15:43:01 Image size of job updated: 1896108
	806  -  MemoryUsage of job (MB)
	824720  -  ResidentSetSize of job (KB)
...
006 (14472.000.000) 2024-12-08 16:53:08 Image size of job updated: 1896980
	806  -  MemoryUsage of job (MB)
	824720  -  ResidentSetSize of job (KB)
...
006 (14472.000.000) 2024-12-08 17:08:08 Image size of job updated: 1897584
	806  -  MemoryUsage of job (MB)
	824720  -  ResidentSetSize of job (KB)
...
006 (14472.000.000) 2024-12-08 17:23:09 Image size of job updated: 1897584
	810  -  MemoryUsage of job (MB)
	829188  -  ResidentSetSize of job (KB)
...
006 (14472.000.000) 2024-12-08 19:33:23 Image size of job updated: 1898516
	810  -  MemoryUsage of job (MB)
	829188  -  ResidentSetSize of job (KB)
...
006 (14472.000.000) 2024-12-08 20:13:27 Image size of job updated: 1899308
	810  -  MemoryUsage of job (MB)
	829188  -  ResidentSetSize of job (KB)
...
006 (14472.000.000) 2024-12-08 20:58:31 Image size of job updated: 1900060
	810  -  MemoryUsage of job (MB)
	829188  -  ResidentSetSize of job (KB)
...
006 (14472.000.000) 2024-12-08 21:28:33 Image size of job updated: 1904184
	810  -  MemoryUsage of job (MB)
	829188  -  ResidentSetSize of job (KB)
...
006 (14472.000.000) 2024-12-08 22:08:37 Image size of job updated: 1904184
	815  -  MemoryUsage of job (MB)
	833924  -  ResidentSetSize of job (KB)
...
006 (14472.000.000) 2024-12-08 23:28:45 Image size of job updated: 1904184
	821  -  MemoryUsage of job (MB)
	840568  -  ResidentSetSize of job (KB)
...
006 (14472.000.000) 2024-12-09 00:38:51 Image size of job updated: 1904292
	821  -  MemoryUsage of job (MB)
	840568  -  ResidentSetSize of job (KB)
...
006 (14472.000.000) 2024-12-09 00:48:53 Image size of job updated: 1904556
	821  -  MemoryUsage of job (MB)
	840568  -  ResidentSetSize of job (KB)
...
006 (14472.000.000) 2024-12-09 01:28:56 Image size of job updated: 1904556
	826  -  MemoryUsage of job (MB)
	844880  -  ResidentSetSize of job (KB)
...
006 (14472.000.000) 2024-12-09 02:54:06 Image size of job updated: 1905480
	826  -  MemoryUsage of job (MB)
	844880  -  ResidentSetSize of job (KB)
...
006 (14472.000.000) 2024-12-09 03:09:07 Image size of job updated: 1906008
	826  -  MemoryUsage of job (MB)
	844880  -  ResidentSetSize of job (KB)
...
006 (14472.000.000) 2024-12-09 03:44:11 Image size of job updated: 1907328
	826  -  MemoryUsage of job (MB)
	844880  -  ResidentSetSize of job (KB)
...
006 (14472.000.000) 2024-12-09 04:04:14 Image size of job updated: 1907592
	826  -  MemoryUsage of job (MB)
	844880  -  ResidentSetSize of job (KB)
...
006 (14472.000.000) 2024-12-09 04:34:16 Image size of job updated: 1907992
	826  -  MemoryUsage of job (MB)
	844880  -  ResidentSetSize of job (KB)
...
006 (14472.000.000) 2024-12-09 05:39:22 Image size of job updated: 1909976
	826  -  MemoryUsage of job (MB)
	844880  -  ResidentSetSize of job (KB)
...
006 (14472.000.000) 2024-12-09 07:24:32 Image size of job updated: 1909976
	832  -  MemoryUsage of job (MB)
	851612  -  ResidentSetSize of job (KB)
...
006 (14472.000.000) 2024-12-09 08:44:40 Image size of job updated: 1911644
	832  -  MemoryUsage of job (MB)
	851612  -  ResidentSetSize of job (KB)
...
006 (14472.000.000) 2024-12-09 10:49:51 Image size of job updated: 1913240
	832  -  MemoryUsage of job (MB)
	851612  -  ResidentSetSize of job (KB)
...
006 (14472.000.000) 2024-12-09 11:49:58 Image size of job updated: 1913240
	832  -  MemoryUsage of job (MB)
	851676  -  ResidentSetSize of job (KB)
...
006 (14472.000.000) 2024-12-09 13:35:08 Image size of job updated: 1913240
	838  -  MemoryUsage of job (MB)
	857448  -  ResidentSetSize of job (KB)
...
006 (14472.000.000) 2024-12-09 13:50:09 Image size of job updated: 1916420
	838  -  MemoryUsage of job (MB)
	857448  -  ResidentSetSize of job (KB)
...
006 (14472.000.000) 2024-12-09 15:40:21 Image size of job updated: 1916560
	838  -  MemoryUsage of job (MB)
	857448  -  ResidentSetSize of job (KB)
...
006 (14472.000.000) 2024-12-09 15:45:21 Image size of job updated: 1918144
	838  -  MemoryUsage of job (MB)
	857448  -  ResidentSetSize of job (KB)
...
006 (14472.000.000) 2024-12-09 17:40:34 Image size of job updated: 1920532
	838  -  MemoryUsage of job (MB)
	857448  -  ResidentSetSize of job (KB)
...
006 (14472.000.000) 2024-12-09 17:55:36 Image size of job updated: 1920532
	845  -  MemoryUsage of job (MB)
	865116  -  ResidentSetSize of job (KB)
...
006 (14472.000.000) 2024-12-09 20:15:49 Image size of job updated: 1921456
	845  -  MemoryUsage of job (MB)
	865116  -  ResidentSetSize of job (KB)
...
006 (14472.000.000) 2024-12-09 21:30:57 Image size of job updated: 1921588
	845  -  MemoryUsage of job (MB)
	865116  -  ResidentSetSize of job (KB)
...
006 (14472.000.000) 2024-12-09 22:06:01 Image size of job updated: 1921588
	846  -  MemoryUsage of job (MB)
	865772  -  ResidentSetSize of job (KB)
...
006 (14472.000.000) 2024-12-09 22:56:06 Image size of job updated: 1923796
	846  -  MemoryUsage of job (MB)
	865772  -  ResidentSetSize of job (KB)
...
006 (14472.000.000) 2024-12-10 00:51:19 Image size of job updated: 1924176
	846  -  MemoryUsage of job (MB)
	865772  -  ResidentSetSize of job (KB)
...
006 (14472.000.000) 2024-12-10 01:11:20 Image size of job updated: 1925108
	846  -  MemoryUsage of job (MB)
	865772  -  ResidentSetSize of job (KB)
...
006 (14472.000.000) 2024-12-10 01:16:20 Image size of job updated: 1925504
	847  -  MemoryUsage of job (MB)
	866812  -  ResidentSetSize of job (KB)
...
006 (14472.000.000) 2024-12-10 01:21:21 Image size of job updated: 1926964
	847  -  MemoryUsage of job (MB)
	866812  -  ResidentSetSize of job (KB)
...
006 (14472.000.000) 2024-12-10 01:36:23 Image size of job updated: 1926964
	858  -  MemoryUsage of job (MB)
	878028  -  ResidentSetSize of job (KB)
...
006 (14472.000.000) 2024-12-10 03:26:34 Image size of job updated: 1927096
	858  -  MemoryUsage of job (MB)
	878028  -  ResidentSetSize of job (KB)
...
006 (14472.000.000) 2024-12-10 05:41:48 Image size of job updated: 1929872
	858  -  MemoryUsage of job (MB)
	878028  -  ResidentSetSize of job (KB)
...
006 (14472.000.000) 2024-12-10 06:21:53 Image size of job updated: 1929944
	858  -  MemoryUsage of job (MB)
	878028  -  ResidentSetSize of job (KB)
...
006 (14472.000.000) 2024-12-10 08:52:07 Image size of job updated: 1930428
	858  -  MemoryUsage of job (MB)
	878028  -  ResidentSetSize of job (KB)
...
006 (14472.000.000) 2024-12-10 09:27:10 Image size of job updated: 1930560
	858  -  MemoryUsage of job (MB)
	878028  -  ResidentSetSize of job (KB)
...
006 (14472.000.000) 2024-12-10 09:37:11 Image size of job updated: 1930560
	860  -  MemoryUsage of job (MB)
	880604  -  ResidentSetSize of job (KB)
...
006 (14472.000.000) 2024-12-10 10:42:18 Image size of job updated: 1931756
	860  -  MemoryUsage of job (MB)
	880604  -  ResidentSetSize of job (KB)
...
006 (14472.000.000) 2024-12-10 10:57:19 Image size of job updated: 1932152
	860  -  MemoryUsage of job (MB)
	880604  -  ResidentSetSize of job (KB)
...
006 (14472.000.000) 2024-12-10 12:02:26 Image size of job updated: 1932152
	864  -  MemoryUsage of job (MB)
	884068  -  ResidentSetSize of job (KB)
...
006 (14472.000.000) 2024-12-10 13:02:32 Image size of job updated: 1932284
	864  -  MemoryUsage of job (MB)
	884068  -  ResidentSetSize of job (KB)
...
006 (14472.000.000) 2024-12-10 13:57:37 Image size of job updated: 1932416
	864  -  MemoryUsage of job (MB)
	884068  -  ResidentSetSize of job (KB)
...
006 (14472.000.000) 2024-12-10 14:22:38 Image size of job updated: 1932812
	864  -  MemoryUsage of job (MB)
	884068  -  ResidentSetSize of job (KB)
...
006 (14472.000.000) 2024-12-10 15:32:47 Image size of job updated: 1932944
	864  -  MemoryUsage of job (MB)
	884068  -  ResidentSetSize of job (KB)
...
006 (14472.000.000) 2024-12-10 15:47:48 Image size of job updated: 1935276
	864  -  MemoryUsage of job (MB)
	884068  -  ResidentSetSize of job (KB)
...
006 (14472.000.000) 2024-12-10 16:07:50 Image size of job updated: 1935276
	864  -  MemoryUsage of job (MB)
	884256  -  ResidentSetSize of job (KB)
...
006 (14472.000.000) 2024-12-10 16:27:53 Image size of job updated: 1936996
	864  -  MemoryUsage of job (MB)
	884256  -  ResidentSetSize of job (KB)
...
006 (14472.000.000) 2024-12-10 16:32:53 Image size of job updated: 1936996
	866  -  MemoryUsage of job (MB)
	886048  -  ResidentSetSize of job (KB)
...
006 (14472.000.000) 2024-12-10 17:43:00 Image size of job updated: 1937920
	866  -  MemoryUsage of job (MB)
	886048  -  ResidentSetSize of job (KB)
...
006 (14472.000.000) 2024-12-10 18:43:06 Image size of job updated: 1938844
	866  -  MemoryUsage of job (MB)
	886048  -  ResidentSetSize of job (KB)
...
006 (14472.000.000) 2024-12-10 18:58:07 Image size of job updated: 1938844
	870  -  MemoryUsage of job (MB)
	890224  -  ResidentSetSize of job (KB)
...
006 (14472.000.000) 2024-12-10 19:43:12 Image size of job updated: 1938844
	879  -  MemoryUsage of job (MB)
	899516  -  ResidentSetSize of job (KB)
...
006 (14472.000.000) 2024-12-10 20:48:18 Image size of job updated: 1941488
	879  -  MemoryUsage of job (MB)
	899516  -  ResidentSetSize of job (KB)
...
006 (14472.000.000) 2024-12-10 23:53:37 Image size of job updated: 1941948
	888  -  MemoryUsage of job (MB)
	909188  -  ResidentSetSize of job (KB)
...
006 (14472.000.000) 2024-12-10 23:58:38 Image size of job updated: 1941948
	889  -  MemoryUsage of job (MB)
	909452  -  ResidentSetSize of job (KB)
...
006 (14472.000.000) 2024-12-11 00:23:41 Image size of job updated: 1942880
	889  -  MemoryUsage of job (MB)
	909452  -  ResidentSetSize of job (KB)
...
006 (14472.000.000) 2024-12-11 00:33:42 Image size of job updated: 1944072
	889  -  MemoryUsage of job (MB)
	909452  -  ResidentSetSize of job (KB)
...
006 (14472.000.000) 2024-12-11 01:08:45 Image size of job updated: 1944304
	889  -  MemoryUsage of job (MB)
	909452  -  ResidentSetSize of job (KB)
...
006 (14472.000.000) 2024-12-11 01:28:48 Image size of job updated: 1945628
	889  -  MemoryUsage of job (MB)
	909452  -  ResidentSetSize of job (KB)
...
006 (14472.000.000) 2024-12-11 03:08:57 Image size of job updated: 1946156
	889  -  MemoryUsage of job (MB)
	909452  -  ResidentSetSize of job (KB)
...
006 (14472.000.000) 2024-12-11 05:24:12 Image size of job updated: 1946160
	889  -  MemoryUsage of job (MB)
	909452  -  ResidentSetSize of job (KB)
...
006 (14472.000.000) 2024-12-11 05:39:14 Image size of job updated: 1948408
	889  -  MemoryUsage of job (MB)
	909452  -  ResidentSetSize of job (KB)
...
006 (14472.000.000) 2024-12-11 05:44:15 Image size of job updated: 1950524
	889  -  MemoryUsage of job (MB)
	909452  -  ResidentSetSize of job (KB)
...
006 (14472.000.000) 2024-12-11 07:04:24 Image size of job updated: 1950524
	890  -  MemoryUsage of job (MB)
	911200  -  ResidentSetSize of job (KB)
...
006 (14472.000.000) 2024-12-11 09:14:38 Image size of job updated: 1951672
	890  -  MemoryUsage of job (MB)
	911200  -  ResidentSetSize of job (KB)
...
006 (14472.000.000) 2024-12-11 10:04:42 Image size of job updated: 1953000
	890  -  MemoryUsage of job (MB)
	911200  -  ResidentSetSize of job (KB)
...
006 (14472.000.000) 2024-12-11 12:24:56 Image size of job updated: 1953000
	895  -  MemoryUsage of job (MB)
	915824  -  ResidentSetSize of job (KB)
...
006 (14472.000.000) 2024-12-11 13:15:00 Image size of job updated: 1953396
	895  -  MemoryUsage of job (MB)
	915824  -  ResidentSetSize of job (KB)
...
006 (14472.000.000) 2024-12-11 13:20:00 Image size of job updated: 1954196
	895  -  MemoryUsage of job (MB)
	915824  -  ResidentSetSize of job (KB)
...
006 (14472.000.000) 2024-12-11 13:45:02 Image size of job updated: 1955120
	895  -  MemoryUsage of job (MB)
	915824  -  ResidentSetSize of job (KB)
...
006 (14472.000.000) 2024-12-11 15:45:16 Image size of job updated: 1955648
	895  -  MemoryUsage of job (MB)
	915824  -  ResidentSetSize of job (KB)
...
006 (14472.000.000) 2024-12-11 16:15:19 Image size of job updated: 1955648
	899  -  MemoryUsage of job (MB)
	919560  -  ResidentSetSize of job (KB)
...
006 (14472.000.000) 2024-12-11 16:45:22 Image size of job updated: 1956836
	899  -  MemoryUsage of job (MB)
	919560  -  ResidentSetSize of job (KB)
...
006 (14472.000.000) 2024-12-11 17:20:26 Image size of job updated: 1959224
	899  -  MemoryUsage of job (MB)
	919560  -  ResidentSetSize of job (KB)
...
006 (14472.000.000) 2024-12-11 18:35:33 Image size of job updated: 1959224
	901  -  MemoryUsage of job (MB)
	921840  -  ResidentSetSize of job (KB)
...
006 (14472.000.000) 2024-12-11 19:10:38 Image size of job updated: 1959644
	901  -  MemoryUsage of job (MB)
	921840  -  ResidentSetSize of job (KB)
...
006 (14472.000.000) 2024-12-11 21:05:49 Image size of job updated: 1959644
	902  -  MemoryUsage of job (MB)
	922688  -  ResidentSetSize of job (KB)
...
006 (14472.000.000) 2024-12-11 21:20:51 Image size of job updated: 1961584
	902  -  MemoryUsage of job (MB)
	922688  -  ResidentSetSize of job (KB)
...
006 (14472.000.000) 2024-12-11 22:10:56 Image size of job updated: 1961584
	908  -  MemoryUsage of job (MB)
	929016  -  ResidentSetSize of job (KB)
...
006 (14472.000.000) 2024-12-11 23:36:06 Image size of job updated: 1962256
	908  -  MemoryUsage of job (MB)
	929016  -  ResidentSetSize of job (KB)
...
006 (14472.000.000) 2024-12-12 01:16:17 Image size of job updated: 1962924
	908  -  MemoryUsage of job (MB)
	929016  -  ResidentSetSize of job (KB)
...
006 (14472.000.000) 2024-12-12 02:51:27 Image size of job updated: 1965304
	909  -  MemoryUsage of job (MB)
	930684  -  ResidentSetSize of job (KB)
...
006 (14472.000.000) 2024-12-12 02:56:27 Image size of job updated: 1965304
	909  -  MemoryUsage of job (MB)
	930816  -  ResidentSetSize of job (KB)
...
006 (14472.000.000) 2024-12-12 04:06:34 Image size of job updated: 1966528
	909  -  MemoryUsage of job (MB)
	930816  -  ResidentSetSize of job (KB)
...
006 (14472.000.000) 2024-12-12 05:41:45 Image size of job updated: 1967192
	917  -  MemoryUsage of job (MB)
	938324  -  ResidentSetSize of job (KB)
...
006 (14472.000.000) 2024-12-12 06:11:47 Image size of job updated: 1967324
	917  -  MemoryUsage of job (MB)
	938324  -  ResidentSetSize of job (KB)
...
006 (14472.000.000) 2024-12-12 06:16:48 Image size of job updated: 1967456
	917  -  MemoryUsage of job (MB)
	938324  -  ResidentSetSize of job (KB)
...
006 (14472.000.000) 2024-12-12 06:31:50 Image size of job updated: 1967856
	917  -  MemoryUsage of job (MB)
	938324  -  ResidentSetSize of job (KB)
...
006 (14472.000.000) 2024-12-12 07:11:54 Image size of job updated: 1970760
	917  -  MemoryUsage of job (MB)
	938324  -  ResidentSetSize of job (KB)
...
006 (14472.000.000) 2024-12-12 08:47:06 Image size of job updated: 1970760
	920  -  MemoryUsage of job (MB)
	941292  -  ResidentSetSize of job (KB)
...
006 (14472.000.000) 2024-12-12 10:07:15 Image size of job updated: 1972488
	920  -  MemoryUsage of job (MB)
	941292  -  ResidentSetSize of job (KB)
...
006 (14472.000.000) 2024-12-12 10:42:18 Image size of job updated: 1973252
	920  -  MemoryUsage of job (MB)
	941292  -  ResidentSetSize of job (KB)
...
006 (14472.000.000) 2024-12-12 12:12:27 Image size of job updated: 1973252
	921  -  MemoryUsage of job (MB)
	942248  -  ResidentSetSize of job (KB)
...
006 (14472.000.000) 2024-12-12 12:57:31 Image size of job updated: 1973940
	921  -  MemoryUsage of job (MB)
	942248  -  ResidentSetSize of job (KB)
...
006 (14472.000.000) 2024-12-12 13:37:35 Image size of job updated: 1974176
	921  -  MemoryUsage of job (MB)
	942248  -  ResidentSetSize of job (KB)
...
006 (14472.000.000) 2024-12-12 14:42:41 Image size of job updated: 1976288
	921  -  MemoryUsage of job (MB)
	942248  -  ResidentSetSize of job (KB)
...
006 (14472.000.000) 2024-12-12 15:12:45 Image size of job updated: 1976288
	932  -  MemoryUsage of job (MB)
	954044  -  ResidentSetSize of job (KB)
...
006 (14472.000.000) 2024-12-12 17:42:59 Image size of job updated: 1977200
	932  -  MemoryUsage of job (MB)
	954044  -  ResidentSetSize of job (KB)
...
006 (14472.000.000) 2024-12-12 19:03:08 Image size of job updated: 1977732
	932  -  MemoryUsage of job (MB)
	954044  -  ResidentSetSize of job (KB)
...
006 (14472.000.000) 2024-12-12 20:33:17 Image size of job updated: 1979580
	932  -  MemoryUsage of job (MB)
	954044  -  ResidentSetSize of job (KB)
...
006 (14472.000.000) 2024-12-12 22:48:30 Image size of job updated: 1981032
	932  -  MemoryUsage of job (MB)
	954044  -  ResidentSetSize of job (KB)
...
006 (14472.000.000) 2024-12-13 00:38:43 Image size of job updated: 1982088
	932  -  MemoryUsage of job (MB)
	954044  -  ResidentSetSize of job (KB)
...
006 (14472.000.000) 2024-12-13 01:13:47 Image size of job updated: 1983408
	932  -  MemoryUsage of job (MB)
	954044  -  ResidentSetSize of job (KB)
...
006 (14472.000.000) 2024-12-13 01:43:51 Image size of job updated: 1983940
	932  -  MemoryUsage of job (MB)
	954044  -  ResidentSetSize of job (KB)
...
006 (14472.000.000) 2024-12-13 04:14:06 Image size of job updated: 1983940
	934  -  MemoryUsage of job (MB)
	956200  -  ResidentSetSize of job (KB)
...
006 (14472.000.000) 2024-12-13 05:19:13 Image size of job updated: 1986852
	934  -  MemoryUsage of job (MB)
	956200  -  ResidentSetSize of job (KB)
...
006 (14472.000.000) 2024-12-13 05:44:16 Image size of job updated: 1986852
	936  -  MemoryUsage of job (MB)
	957716  -  ResidentSetSize of job (KB)
...
006 (14472.000.000) 2024-12-13 06:59:25 Image size of job updated: 1986852
	939  -  MemoryUsage of job (MB)
	961144  -  ResidentSetSize of job (KB)
...
006 (14472.000.000) 2024-12-13 07:59:32 Image size of job updated: 1986960
	939  -  MemoryUsage of job (MB)
	961144  -  ResidentSetSize of job (KB)
...
006 (14472.000.000) 2024-12-13 08:54:39 Image size of job updated: 1986960
	944  -  MemoryUsage of job (MB)
	966160  -  ResidentSetSize of job (KB)
...
006 (14472.000.000) 2024-12-13 09:34:42 Image size of job updated: 1988684
	944  -  MemoryUsage of job (MB)
	966160  -  ResidentSetSize of job (KB)
...
006 (14472.000.000) 2024-12-13 10:29:48 Image size of job updated: 1988684
	945  -  MemoryUsage of job (MB)
	967436  -  ResidentSetSize of job (KB)
...
006 (14472.000.000) 2024-12-13 11:09:53 Image size of job updated: 1988684
	947  -  MemoryUsage of job (MB)
	969000  -  ResidentSetSize of job (KB)
...
006 (14472.000.000) 2024-12-13 11:24:54 Image size of job updated: 1988816
	947  -  MemoryUsage of job (MB)
	969000  -  ResidentSetSize of job (KB)
...
006 (14472.000.000) 2024-12-13 11:54:57 Image size of job updated: 1988948
	947  -  MemoryUsage of job (MB)
	969000  -  ResidentSetSize of job (KB)
...
006 (14472.000.000) 2024-12-13 11:59:58 Image size of job updated: 1992128
	947  -  MemoryUsage of job (MB)
	969000  -  ResidentSetSize of job (KB)
...
006 (14472.000.000) 2024-12-13 12:45:02 Image size of job updated: 1992788
	947  -  MemoryUsage of job (MB)
	969000  -  ResidentSetSize of job (KB)
...
006 (14472.000.000) 2024-12-13 12:50:03 Image size of job updated: 1992788
	949  -  MemoryUsage of job (MB)
	970976  -  ResidentSetSize of job (KB)
...
006 (14472.000.000) 2024-12-13 13:15:05 Image size of job updated: 1992788
	950  -  MemoryUsage of job (MB)
	972572  -  ResidentSetSize of job (KB)
...
006 (14472.000.000) 2024-12-13 13:20:05 Image size of job updated: 1993580
	950  -  MemoryUsage of job (MB)
	972572  -  ResidentSetSize of job (KB)
...
006 (14472.000.000) 2024-12-13 14:30:12 Image size of job updated: 1994372
	950  -  MemoryUsage of job (MB)
	972572  -  ResidentSetSize of job (KB)
...
006 (14472.000.000) 2024-12-13 14:50:14 Image size of job updated: 1995304
	950  -  MemoryUsage of job (MB)
	972572  -  ResidentSetSize of job (KB)
...
006 (14472.000.000) 2024-12-13 16:50:28 Image size of job updated: 1995436
	950  -  MemoryUsage of job (MB)
	972572  -  ResidentSetSize of job (KB)
...
006 (14472.000.000) 2024-12-13 17:05:29 Image size of job updated: 1995436
	957  -  MemoryUsage of job (MB)
	979808  -  ResidentSetSize of job (KB)
...
006 (14472.000.000) 2024-12-13 18:00:35 Image size of job updated: 1996764
	957  -  MemoryUsage of job (MB)
	979808  -  ResidentSetSize of job (KB)
...
006 (14472.000.000) 2024-12-13 18:10:36 Image size of job updated: 1997820
	957  -  MemoryUsage of job (MB)
	979808  -  ResidentSetSize of job (KB)
...
006 (14472.000.000) 2024-12-13 18:15:37 Image size of job updated: 1997896
	957  -  MemoryUsage of job (MB)
	979808  -  ResidentSetSize of job (KB)
...
006 (14472.000.000) 2024-12-13 18:30:38 Image size of job updated: 1997896
	960  -  MemoryUsage of job (MB)
	982572  -  ResidentSetSize of job (KB)
...
006 (14472.000.000) 2024-12-13 19:50:47 Image size of job updated: 1997920
	960  -  MemoryUsage of job (MB)
	982572  -  ResidentSetSize of job (KB)
...
006 (14472.000.000) 2024-12-13 20:05:49 Image size of job updated: 1998448
	960  -  MemoryUsage of job (MB)
	982572  -  ResidentSetSize of job (KB)
...
006 (14472.000.000) 2024-12-13 20:45:52 Image size of job updated: 2001356
	960  -  MemoryUsage of job (MB)
	982572  -  ResidentSetSize of job (KB)
...
006 (14472.000.000) 2024-12-13 21:45:58 Image size of job updated: 2001484
	960  -  MemoryUsage of job (MB)
	982572  -  ResidentSetSize of job (KB)
...
006 (14472.000.000) 2024-12-14 00:16:13 Image size of job updated: 2001916
	960  -  MemoryUsage of job (MB)
	982572  -  ResidentSetSize of job (KB)
...
006 (14472.000.000) 2024-12-14 00:41:16 Image size of job updated: 2001916
	963  -  MemoryUsage of job (MB)
	985808  -  ResidentSetSize of job (KB)
...
006 (14472.000.000) 2024-12-14 01:41:23 Image size of job updated: 2004556
	963  -  MemoryUsage of job (MB)
	985808  -  ResidentSetSize of job (KB)
...
006 (14472.000.000) 2024-12-14 02:01:26 Image size of job updated: 2004556
	963  -  MemoryUsage of job (MB)
	986056  -  ResidentSetSize of job (KB)
...
006 (14472.000.000) 2024-12-14 02:06:26 Image size of job updated: 2004556
	964  -  MemoryUsage of job (MB)
	986304  -  ResidentSetSize of job (KB)
...
006 (14472.000.000) 2024-12-14 02:11:26 Image size of job updated: 2004556
	964  -  MemoryUsage of job (MB)
	986436  -  ResidentSetSize of job (KB)
...
006 (14472.000.000) 2024-12-14 02:41:31 Image size of job updated: 2004556
	967  -  MemoryUsage of job (MB)
	989852  -  ResidentSetSize of job (KB)
...
006 (14472.000.000) 2024-12-14 02:46:31 Image size of job updated: 2004744
	967  -  MemoryUsage of job (MB)
	989852  -  ResidentSetSize of job (KB)
...
006 (14472.000.000) 2024-12-14 04:21:43 Image size of job updated: 2004876
	967  -  MemoryUsage of job (MB)
	989852  -  ResidentSetSize of job (KB)
...
006 (14472.000.000) 2024-12-14 05:16:47 Image size of job updated: 2006204
	967  -  MemoryUsage of job (MB)
	989852  -  ResidentSetSize of job (KB)
...
006 (14472.000.000) 2024-12-14 05:41:51 Image size of job updated: 2006204
	974  -  MemoryUsage of job (MB)
	996684  -  ResidentSetSize of job (KB)
...
006 (14472.000.000) 2024-12-14 08:32:07 Image size of job updated: 2006336
	974  -  MemoryUsage of job (MB)
	996684  -  ResidentSetSize of job (KB)
...
006 (14472.000.000) 2024-12-14 08:52:10 Image size of job updated: 2007260
	976  -  MemoryUsage of job (MB)
	998872  -  ResidentSetSize of job (KB)
...
005 (14472.000.000) 2024-12-14 16:11:09 Job terminated.
	(1) Normal termination (return value 0)
		Usr 8 03:53:18, Sys 0 00:30:12  -  Run Remote Usage
		Usr 0 00:00:00, Sys 0 00:00:00  -  Run Local Usage
		Usr 8 03:53:18, Sys 0 00:30:12  -  Total Remote Usage
		Usr 0 00:00:00, Sys 0 00:00:00  -  Total Local Usage
	0  -  Run Bytes Sent By Job
	0  -  Run Bytes Received By Job
	0  -  Total Bytes Sent By Job
	0  -  Total Bytes Received By Job
	Partitionable Resources :    Usage  Request Allocated 
	   Cpus                 :     1.00        1         1 
	   Disk (KB)            :    15          15      3344 
	   Memory (MB)          :   976        2048      2048 

	Job terminated of its own accord at 2024-12-14T15:11:09Z with exit-code 0.
...
