000 (14472.002.000) 2024-12-06 10:22:23 Job submitted from host: <10.18.24.233:9618?addrs=10.18.24.233-9618&alias=bioclusts03.bioclust.biologie.ens.fr&noUDP&sock=schedd_910141_9a29>
...
001 (14472.002.000) 2024-12-06 10:22:25 Job executing on host: <10.18.24.102:9618?addrs=10.18.24.102-9618&alias=ecoclust07.bioclust.biologie.ens.fr&noUDP&sock=startd_968_8bc4>
...
006 (14472.002.000) 2024-12-06 10:22:34 Image size of job updated: 67848
	45  -  MemoryUsage of job (MB)
	45936  -  ResidentSetSize of job (KB)
...
006 (14472.002.000) 2024-12-06 10:27:34 Image size of job updated: 1731648
	631  -  MemoryUsage of job (MB)
	645804  -  ResidentSetSize of job (KB)
...
006 (14472.002.000) 2024-12-06 10:32:34 Image size of job updated: 1732308
	635  -  MemoryUsage of job (MB)
	649788  -  ResidentSetSize of job (KB)
...
006 (14472.002.000) 2024-12-06 10:47:36 Image size of job updated: 1732308
	639  -  MemoryUsage of job (MB)
	653888  -  ResidentSetSize of job (KB)
...
006 (14472.002.000) 2024-12-06 10:52:37 Image size of job updated: 1732308
	657  -  MemoryUsage of job (MB)
	672164  -  ResidentSetSize of job (KB)
...
006 (14472.002.000) 2024-12-06 10:57:38 Image size of job updated: 1735344
	657  -  MemoryUsage of job (MB)
	672164  -  ResidentSetSize of job (KB)
...
006 (14472.002.000) 2024-12-06 11:07:39 Image size of job updated: 1735480
	657  -  MemoryUsage of job (MB)
	672164  -  ResidentSetSize of job (KB)
...
006 (14472.002.000) 2024-12-06 12:02:45 Image size of job updated: 1735480
	658  -  MemoryUsage of job (MB)
	672940  -  ResidentSetSize of job (KB)
...
006 (14472.002.000) 2024-12-06 12:12:46 Image size of job updated: 1735480
	662  -  MemoryUsage of job (MB)
	677708  -  ResidentSetSize of job (KB)
...
006 (14472.002.000) 2024-12-06 12:42:48 Image size of job updated: 1737820
	672  -  MemoryUsage of job (MB)
	687920  -  ResidentSetSize of job (KB)
...
006 (14472.002.000) 2024-12-06 12:47:48 Image size of job updated: 1739008
	672  -  MemoryUsage of job (MB)
	687920  -  ResidentSetSize of job (KB)
...
006 (14472.002.000) 2024-12-06 12:57:50 Image size of job updated: 1742320
	672  -  MemoryUsage of job (MB)
	687920  -  ResidentSetSize of job (KB)
...
006 (14472.002.000) 2024-12-06 14:38:00 Image size of job updated: 1742320
	679  -  MemoryUsage of job (MB)
	695160  -  ResidentSetSize of job (KB)
...
006 (14472.002.000) 2024-12-06 14:43:01 Image size of job updated: 1742320
	679  -  MemoryUsage of job (MB)
	695292  -  ResidentSetSize of job (KB)
...
006 (14472.002.000) 2024-12-06 16:03:10 Image size of job updated: 1742980
	679  -  MemoryUsage of job (MB)
	695292  -  ResidentSetSize of job (KB)
...
006 (14472.002.000) 2024-12-06 16:23:12 Image size of job updated: 1743376
	679  -  MemoryUsage of job (MB)
	695292  -  ResidentSetSize of job (KB)
...
006 (14472.002.000) 2024-12-06 16:38:13 Image size of job updated: 1743376
	688  -  MemoryUsage of job (MB)
	704360  -  ResidentSetSize of job (KB)
...
006 (14472.002.000) 2024-12-06 16:43:14 Image size of job updated: 1744036
	688  -  MemoryUsage of job (MB)
	704360  -  ResidentSetSize of job (KB)
...
006 (14472.002.000) 2024-12-06 17:13:17 Image size of job updated: 1744976
	688  -  MemoryUsage of job (MB)
	704360  -  ResidentSetSize of job (KB)
...
006 (14472.002.000) 2024-12-06 17:28:19 Image size of job updated: 1745372
	688  -  MemoryUsage of job (MB)
	704360  -  ResidentSetSize of job (KB)
...
006 (14472.002.000) 2024-12-06 18:13:23 Image size of job updated: 1745372
	691  -  MemoryUsage of job (MB)
	707240  -  ResidentSetSize of job (KB)
...
006 (14472.002.000) 2024-12-06 18:28:24 Image size of job updated: 1746012
	691  -  MemoryUsage of job (MB)
	707240  -  ResidentSetSize of job (KB)
...
006 (14472.002.000) 2024-12-06 18:38:24 Image size of job updated: 1748124
	691  -  MemoryUsage of job (MB)
	707240  -  ResidentSetSize of job (KB)
...
006 (14472.002.000) 2024-12-06 18:43:26 Image size of job updated: 1748124
	694  -  MemoryUsage of job (MB)
	709860  -  ResidentSetSize of job (KB)
...
006 (14472.002.000) 2024-12-06 18:53:26 Image size of job updated: 1748520
	694  -  MemoryUsage of job (MB)
	709860  -  ResidentSetSize of job (KB)
...
006 (14472.002.000) 2024-12-06 21:53:44 Image size of job updated: 1748520
	696  -  MemoryUsage of job (MB)
	711960  -  ResidentSetSize of job (KB)
...
006 (14472.002.000) 2024-12-06 22:23:47 Image size of job updated: 1749188
	696  -  MemoryUsage of job (MB)
	711960  -  ResidentSetSize of job (KB)
...
006 (14472.002.000) 2024-12-06 22:48:49 Image size of job updated: 1749848
	696  -  MemoryUsage of job (MB)
	711960  -  ResidentSetSize of job (KB)
...
006 (14472.002.000) 2024-12-06 23:08:52 Image size of job updated: 1750112
	696  -  MemoryUsage of job (MB)
	711960  -  ResidentSetSize of job (KB)
...
006 (14472.002.000) 2024-12-06 23:43:55 Image size of job updated: 1753152
	696  -  MemoryUsage of job (MB)
	711960  -  ResidentSetSize of job (KB)
...
006 (14472.002.000) 2024-12-07 00:49:04 Image size of job updated: 1753152
	702  -  MemoryUsage of job (MB)
	718736  -  ResidentSetSize of job (KB)
...
006 (14472.002.000) 2024-12-07 00:54:04 Image size of job updated: 1753152
	703  -  MemoryUsage of job (MB)
	718868  -  ResidentSetSize of job (KB)
...
006 (14472.002.000) 2024-12-07 01:14:03 Image size of job updated: 1753416
	703  -  MemoryUsage of job (MB)
	718868  -  ResidentSetSize of job (KB)
...
006 (14472.002.000) 2024-12-07 01:19:03 Image size of job updated: 1754208
	703  -  MemoryUsage of job (MB)
	718868  -  ResidentSetSize of job (KB)
...
006 (14472.002.000) 2024-12-07 01:54:07 Image size of job updated: 1754340
	703  -  MemoryUsage of job (MB)
	718868  -  ResidentSetSize of job (KB)
...
006 (14472.002.000) 2024-12-07 02:29:10 Image size of job updated: 1754740
	703  -  MemoryUsage of job (MB)
	718868  -  ResidentSetSize of job (KB)
...
006 (14472.002.000) 2024-12-07 02:44:12 Image size of job updated: 1755008
	703  -  MemoryUsage of job (MB)
	718868  -  ResidentSetSize of job (KB)
...
006 (14472.002.000) 2024-12-07 02:54:12 Image size of job updated: 1755404
	703  -  MemoryUsage of job (MB)
	718868  -  ResidentSetSize of job (KB)
...
006 (14472.002.000) 2024-12-07 02:59:13 Image size of job updated: 1755404
	707  -  MemoryUsage of job (MB)
	723264  -  ResidentSetSize of job (KB)
...
006 (14472.002.000) 2024-12-07 04:09:21 Image size of job updated: 1755640
	707  -  MemoryUsage of job (MB)
	723264  -  ResidentSetSize of job (KB)
...
006 (14472.002.000) 2024-12-07 04:29:22 Image size of job updated: 1756436
	707  -  MemoryUsage of job (MB)
	723264  -  ResidentSetSize of job (KB)
...
006 (14472.002.000) 2024-12-07 04:39:23 Image size of job updated: 1757492
	707  -  MemoryUsage of job (MB)
	723264  -  ResidentSetSize of job (KB)
...
006 (14472.002.000) 2024-12-07 05:34:29 Image size of job updated: 1757492
	719  -  MemoryUsage of job (MB)
	735640  -  ResidentSetSize of job (KB)
...
006 (14472.002.000) 2024-12-07 06:14:33 Image size of job updated: 1758020
	719  -  MemoryUsage of job (MB)
	735640  -  ResidentSetSize of job (KB)
...
006 (14472.002.000) 2024-12-07 06:19:33 Image size of job updated: 1760284
	719  -  MemoryUsage of job (MB)
	735640  -  ResidentSetSize of job (KB)
...
006 (14472.002.000) 2024-12-07 07:49:42 Image size of job updated: 1761080
	719  -  MemoryUsage of job (MB)
	735640  -  ResidentSetSize of job (KB)
...
006 (14472.002.000) 2024-12-07 08:04:43 Image size of job updated: 1761476
	719  -  MemoryUsage of job (MB)
	735640  -  ResidentSetSize of job (KB)
...
006 (14472.002.000) 2024-12-07 09:04:49 Image size of job updated: 1761740
	719  -  MemoryUsage of job (MB)
	735640  -  ResidentSetSize of job (KB)
...
006 (14472.002.000) 2024-12-07 10:29:57 Image size of job updated: 1761872
	719  -  MemoryUsage of job (MB)
	735640  -  ResidentSetSize of job (KB)
...
006 (14472.002.000) 2024-12-07 10:39:58 Image size of job updated: 1761872
	720  -  MemoryUsage of job (MB)
	736748  -  ResidentSetSize of job (KB)
...
006 (14472.002.000) 2024-12-07 10:44:59 Image size of job updated: 1762136
	720  -  MemoryUsage of job (MB)
	737012  -  ResidentSetSize of job (KB)
...
006 (14472.002.000) 2024-12-07 10:55:00 Image size of job updated: 1762136
	722  -  MemoryUsage of job (MB)
	738424  -  ResidentSetSize of job (KB)
...
006 (14472.002.000) 2024-12-07 11:00:01 Image size of job updated: 1764768
	722  -  MemoryUsage of job (MB)
	738556  -  ResidentSetSize of job (KB)
...
006 (14472.002.000) 2024-12-07 11:45:05 Image size of job updated: 1765296
	722  -  MemoryUsage of job (MB)
	738556  -  ResidentSetSize of job (KB)
...
006 (14472.002.000) 2024-12-07 12:00:07 Image size of job updated: 1765296
	722  -  MemoryUsage of job (MB)
	738912  -  ResidentSetSize of job (KB)
...
006 (14472.002.000) 2024-12-07 12:05:07 Image size of job updated: 1765296
	722  -  MemoryUsage of job (MB)
	739044  -  ResidentSetSize of job (KB)
...
006 (14472.002.000) 2024-12-07 12:20:09 Image size of job updated: 1767280
	722  -  MemoryUsage of job (MB)
	739044  -  ResidentSetSize of job (KB)
...
006 (14472.002.000) 2024-12-07 13:05:13 Image size of job updated: 1767280
	722  -  MemoryUsage of job (MB)
	739104  -  ResidentSetSize of job (KB)
...
006 (14472.002.000) 2024-12-07 13:20:14 Image size of job updated: 1767280
	730  -  MemoryUsage of job (MB)
	747368  -  ResidentSetSize of job (KB)
...
006 (14472.002.000) 2024-12-07 14:05:20 Image size of job updated: 1767412
	730  -  MemoryUsage of job (MB)
	747368  -  ResidentSetSize of job (KB)
...
006 (14472.002.000) 2024-12-07 14:30:21 Image size of job updated: 1768208
	730  -  MemoryUsage of job (MB)
	747368  -  ResidentSetSize of job (KB)
...
006 (14472.002.000) 2024-12-07 15:15:26 Image size of job updated: 1768208
	732  -  MemoryUsage of job (MB)
	749368  -  ResidentSetSize of job (KB)
...
006 (14472.002.000) 2024-12-07 15:25:27 Image size of job updated: 1770336
	732  -  MemoryUsage of job (MB)
	749368  -  ResidentSetSize of job (KB)
...
006 (14472.002.000) 2024-12-07 16:00:31 Image size of job updated: 1771260
	732  -  MemoryUsage of job (MB)
	749368  -  ResidentSetSize of job (KB)
...
006 (14472.002.000) 2024-12-07 16:35:35 Image size of job updated: 1773384
	732  -  MemoryUsage of job (MB)
	749368  -  ResidentSetSize of job (KB)
...
006 (14472.002.000) 2024-12-07 17:50:43 Image size of job updated: 1773384
	734  -  MemoryUsage of job (MB)
	751168  -  ResidentSetSize of job (KB)
...
006 (14472.002.000) 2024-12-07 17:55:44 Image size of job updated: 1773384
	736  -  MemoryUsage of job (MB)
	752956  -  ResidentSetSize of job (KB)
...
006 (14472.002.000) 2024-12-07 18:35:49 Image size of job updated: 1773384
	739  -  MemoryUsage of job (MB)
	756568  -  ResidentSetSize of job (KB)
...
006 (14472.002.000) 2024-12-07 19:15:52 Image size of job updated: 1774260
	739  -  MemoryUsage of job (MB)
	756568  -  ResidentSetSize of job (KB)
...
006 (14472.002.000) 2024-12-07 19:20:53 Image size of job updated: 1774524
	739  -  MemoryUsage of job (MB)
	756568  -  ResidentSetSize of job (KB)
...
006 (14472.002.000) 2024-12-07 19:25:54 Image size of job updated: 1775460
	739  -  MemoryUsage of job (MB)
	756568  -  ResidentSetSize of job (KB)
...
006 (14472.002.000) 2024-12-07 19:35:55 Image size of job updated: 1775460
	742  -  MemoryUsage of job (MB)
	759088  -  ResidentSetSize of job (KB)
...
006 (14472.002.000) 2024-12-07 19:40:56 Image size of job updated: 1775988
	742  -  MemoryUsage of job (MB)
	759088  -  ResidentSetSize of job (KB)
...
006 (14472.002.000) 2024-12-07 20:46:02 Image size of job updated: 1776312
	742  -  MemoryUsage of job (MB)
	759088  -  ResidentSetSize of job (KB)
...
006 (14472.002.000) 2024-12-07 20:51:03 Image size of job updated: 1776708
	742  -  MemoryUsage of job (MB)
	759088  -  ResidentSetSize of job (KB)
...
006 (14472.002.000) 2024-12-07 21:16:05 Image size of job updated: 1778564
	742  -  MemoryUsage of job (MB)
	759088  -  ResidentSetSize of job (KB)
...
006 (14472.002.000) 2024-12-07 21:46:07 Image size of job updated: 1778564
	744  -  MemoryUsage of job (MB)
	761804  -  ResidentSetSize of job (KB)
...
006 (14472.002.000) 2024-12-07 21:56:09 Image size of job updated: 1778960
	744  -  MemoryUsage of job (MB)
	761804  -  ResidentSetSize of job (KB)
...
006 (14472.002.000) 2024-12-07 22:31:12 Image size of job updated: 1778960
	747  -  MemoryUsage of job (MB)
	763924  -  ResidentSetSize of job (KB)
...
006 (14472.002.000) 2024-12-07 23:21:16 Image size of job updated: 1779884
	747  -  MemoryUsage of job (MB)
	763924  -  ResidentSetSize of job (KB)
...
006 (14472.002.000) 2024-12-07 23:56:21 Image size of job updated: 1779884
	747  -  MemoryUsage of job (MB)
	763952  -  ResidentSetSize of job (KB)
...
006 (14472.002.000) 2024-12-08 00:01:21 Image size of job updated: 1779884
	747  -  MemoryUsage of job (MB)
	764216  -  ResidentSetSize of job (KB)
...
006 (14472.002.000) 2024-12-08 00:11:22 Image size of job updated: 1779884
	747  -  MemoryUsage of job (MB)
	764620  -  ResidentSetSize of job (KB)
...
006 (14472.002.000) 2024-12-08 00:26:24 Image size of job updated: 1780148
	747  -  MemoryUsage of job (MB)
	764620  -  ResidentSetSize of job (KB)
...
006 (14472.002.000) 2024-12-08 01:31:30 Image size of job updated: 1780280
	749  -  MemoryUsage of job (MB)
	766504  -  ResidentSetSize of job (KB)
...
006 (14472.002.000) 2024-12-08 01:56:33 Image size of job updated: 1782928
	752  -  MemoryUsage of job (MB)
	769644  -  ResidentSetSize of job (KB)
...
006 (14472.002.000) 2024-12-08 02:41:37 Image size of job updated: 1782928
	757  -  MemoryUsage of job (MB)
	775060  -  ResidentSetSize of job (KB)
...
006 (14472.002.000) 2024-12-08 02:51:38 Image size of job updated: 1783060
	757  -  MemoryUsage of job (MB)
	775060  -  ResidentSetSize of job (KB)
...
006 (14472.002.000) 2024-12-08 04:11:47 Image size of job updated: 1783984
	757  -  MemoryUsage of job (MB)
	775060  -  ResidentSetSize of job (KB)
...
006 (14472.002.000) 2024-12-08 04:21:46 Image size of job updated: 1784116
	757  -  MemoryUsage of job (MB)
	775060  -  ResidentSetSize of job (KB)
...
006 (14472.002.000) 2024-12-08 04:41:49 Image size of job updated: 1784776
	757  -  MemoryUsage of job (MB)
	775060  -  ResidentSetSize of job (KB)
...
006 (14472.002.000) 2024-12-08 05:11:52 Image size of job updated: 1785008
	757  -  MemoryUsage of job (MB)
	775060  -  ResidentSetSize of job (KB)
...
006 (14472.002.000) 2024-12-08 06:21:59 Image size of job updated: 1786612
	757  -  MemoryUsage of job (MB)
	775060  -  ResidentSetSize of job (KB)
...
006 (14472.002.000) 2024-12-08 07:07:04 Image size of job updated: 1786612
	759  -  MemoryUsage of job (MB)
	776264  -  ResidentSetSize of job (KB)
...
006 (14472.002.000) 2024-12-08 07:32:06 Image size of job updated: 1786612
	766  -  MemoryUsage of job (MB)
	784184  -  ResidentSetSize of job (KB)
...
006 (14472.002.000) 2024-12-08 07:37:07 Image size of job updated: 1786612
	767  -  MemoryUsage of job (MB)
	784708  -  ResidentSetSize of job (KB)
...
006 (14472.002.000) 2024-12-08 07:47:08 Image size of job updated: 1786612
	767  -  MemoryUsage of job (MB)
	784764  -  ResidentSetSize of job (KB)
...
006 (14472.002.000) 2024-12-08 08:37:13 Image size of job updated: 1787012
	767  -  MemoryUsage of job (MB)
	784764  -  ResidentSetSize of job (KB)
...
006 (14472.002.000) 2024-12-08 08:42:14 Image size of job updated: 1789268
	767  -  MemoryUsage of job (MB)
	784764  -  ResidentSetSize of job (KB)
...
006 (14472.002.000) 2024-12-08 08:47:14 Image size of job updated: 1789664
	767  -  MemoryUsage of job (MB)
	784764  -  ResidentSetSize of job (KB)
...
006 (14472.002.000) 2024-12-08 10:02:22 Image size of job updated: 1790876
	767  -  MemoryUsage of job (MB)
	784764  -  ResidentSetSize of job (KB)
...
006 (14472.002.000) 2024-12-08 10:52:27 Image size of job updated: 1791140
	767  -  MemoryUsage of job (MB)
	784764  -  ResidentSetSize of job (KB)
...
006 (14472.002.000) 2024-12-08 12:07:34 Image size of job updated: 1791404
	767  -  MemoryUsage of job (MB)
	784764  -  ResidentSetSize of job (KB)
...
006 (14472.002.000) 2024-12-08 12:12:35 Image size of job updated: 1792544
	767  -  MemoryUsage of job (MB)
	784764  -  ResidentSetSize of job (KB)
...
006 (14472.002.000) 2024-12-08 12:17:35 Image size of job updated: 1792680
	767  -  MemoryUsage of job (MB)
	784764  -  ResidentSetSize of job (KB)
...
006 (14472.002.000) 2024-12-08 12:22:35 Image size of job updated: 1792680
	773  -  MemoryUsage of job (MB)
	791144  -  ResidentSetSize of job (KB)
...
006 (14472.002.000) 2024-12-08 13:32:43 Image size of job updated: 1793736
	773  -  MemoryUsage of job (MB)
	791144  -  ResidentSetSize of job (KB)
...
006 (14472.002.000) 2024-12-08 13:57:46 Image size of job updated: 1795584
	773  -  MemoryUsage of job (MB)
	791144  -  ResidentSetSize of job (KB)
...
006 (14472.002.000) 2024-12-08 15:12:53 Image size of job updated: 1795584
	775  -  MemoryUsage of job (MB)
	792780  -  ResidentSetSize of job (KB)
...
006 (14472.002.000) 2024-12-08 15:57:58 Image size of job updated: 1796252
	775  -  MemoryUsage of job (MB)
	792780  -  ResidentSetSize of job (KB)
...
006 (14472.002.000) 2024-12-08 16:48:02 Image size of job updated: 1796912
	775  -  MemoryUsage of job (MB)
	792780  -  ResidentSetSize of job (KB)
...
006 (14472.002.000) 2024-12-08 16:53:02 Image size of job updated: 1797308
	775  -  MemoryUsage of job (MB)
	792780  -  ResidentSetSize of job (KB)
...
006 (14472.002.000) 2024-12-08 17:13:03 Image size of job updated: 1797308
	775  -  MemoryUsage of job (MB)
	792832  -  ResidentSetSize of job (KB)
...
006 (14472.002.000) 2024-12-08 17:38:07 Image size of job updated: 1797308
	775  -  MemoryUsage of job (MB)
	793100  -  ResidentSetSize of job (KB)
...
006 (14472.002.000) 2024-12-08 18:13:11 Image size of job updated: 1797308
	775  -  MemoryUsage of job (MB)
	793272  -  ResidentSetSize of job (KB)
...
006 (14472.002.000) 2024-12-08 18:23:12 Image size of job updated: 1797308
	777  -  MemoryUsage of job (MB)
	795328  -  ResidentSetSize of job (KB)
...
006 (14472.002.000) 2024-12-08 18:28:13 Image size of job updated: 1797308
	777  -  MemoryUsage of job (MB)
	795460  -  ResidentSetSize of job (KB)
...
006 (14472.002.000) 2024-12-08 18:38:13 Image size of job updated: 1798760
	777  -  MemoryUsage of job (MB)
	795460  -  ResidentSetSize of job (KB)
...
006 (14472.002.000) 2024-12-08 19:48:20 Image size of job updated: 1798760
	785  -  MemoryUsage of job (MB)
	803612  -  ResidentSetSize of job (KB)
...
006 (14472.002.000) 2024-12-08 19:53:21 Image size of job updated: 1798760
	785  -  MemoryUsage of job (MB)
	803744  -  ResidentSetSize of job (KB)
...
006 (14472.002.000) 2024-12-08 20:43:26 Image size of job updated: 1798760
	787  -  MemoryUsage of job (MB)
	805220  -  ResidentSetSize of job (KB)
...
006 (14472.002.000) 2024-12-08 21:58:34 Image size of job updated: 1799288
	791  -  MemoryUsage of job (MB)
	809452  -  ResidentSetSize of job (KB)
...
006 (14472.002.000) 2024-12-08 22:03:35 Image size of job updated: 1799552
	791  -  MemoryUsage of job (MB)
	809584  -  ResidentSetSize of job (KB)
...
006 (14472.002.000) 2024-12-08 22:13:36 Image size of job updated: 1800484
	791  -  MemoryUsage of job (MB)
	809584  -  ResidentSetSize of job (KB)
...
006 (14472.002.000) 2024-12-08 22:18:37 Image size of job updated: 1801412
	791  -  MemoryUsage of job (MB)
	809584  -  ResidentSetSize of job (KB)
...
006 (14472.002.000) 2024-12-08 22:53:40 Image size of job updated: 1801676
	791  -  MemoryUsage of job (MB)
	809584  -  ResidentSetSize of job (KB)
...
006 (14472.002.000) 2024-12-08 23:13:43 Image size of job updated: 1803260
	791  -  MemoryUsage of job (MB)
	809584  -  ResidentSetSize of job (KB)
...
006 (14472.002.000) 2024-12-08 23:58:48 Image size of job updated: 1803260
	794  -  MemoryUsage of job (MB)
	812688  -  ResidentSetSize of job (KB)
...
006 (14472.002.000) 2024-12-09 01:03:53 Image size of job updated: 1803656
	794  -  MemoryUsage of job (MB)
	812688  -  ResidentSetSize of job (KB)
...
006 (14472.002.000) 2024-12-09 01:08:54 Image size of job updated: 1804184
	794  -  MemoryUsage of job (MB)
	812688  -  ResidentSetSize of job (KB)
...
006 (14472.002.000) 2024-12-09 02:04:01 Image size of job updated: 1804976
	794  -  MemoryUsage of job (MB)
	812688  -  ResidentSetSize of job (KB)
...
006 (14472.002.000) 2024-12-09 02:44:04 Image size of job updated: 1807352
	794  -  MemoryUsage of job (MB)
	812688  -  ResidentSetSize of job (KB)
...
006 (14472.002.000) 2024-12-09 03:14:08 Image size of job updated: 1870784
	794  -  MemoryUsage of job (MB)
	812688  -  ResidentSetSize of job (KB)
...
006 (14472.002.000) 2024-12-09 03:19:08 Image size of job updated: 1871312
	794  -  MemoryUsage of job (MB)
	812688  -  ResidentSetSize of job (KB)
...
006 (14472.002.000) 2024-12-09 03:24:09 Image size of job updated: 1871312
	808  -  MemoryUsage of job (MB)
	826640  -  ResidentSetSize of job (KB)
...
006 (14472.002.000) 2024-12-09 03:59:12 Image size of job updated: 1871576
	808  -  MemoryUsage of job (MB)
	826640  -  ResidentSetSize of job (KB)
...
006 (14472.002.000) 2024-12-09 04:04:12 Image size of job updated: 1872104
	808  -  MemoryUsage of job (MB)
	826640  -  ResidentSetSize of job (KB)
...
006 (14472.002.000) 2024-12-09 04:14:13 Image size of job updated: 1873424
	808  -  MemoryUsage of job (MB)
	826640  -  ResidentSetSize of job (KB)
...
006 (14472.002.000) 2024-12-09 04:29:14 Image size of job updated: 1873732
	808  -  MemoryUsage of job (MB)
	826640  -  ResidentSetSize of job (KB)
...
006 (14472.002.000) 2024-12-09 04:49:16 Image size of job updated: 1874656
	808  -  MemoryUsage of job (MB)
	826640  -  ResidentSetSize of job (KB)
...
006 (14472.002.000) 2024-12-09 06:49:29 Image size of job updated: 1874656
	810  -  MemoryUsage of job (MB)
	828504  -  ResidentSetSize of job (KB)
...
006 (14472.002.000) 2024-12-09 06:54:29 Image size of job updated: 1874656
	810  -  MemoryUsage of job (MB)
	828636  -  ResidentSetSize of job (KB)
...
006 (14472.002.000) 2024-12-09 07:04:30 Image size of job updated: 1874656
	811  -  MemoryUsage of job (MB)
	830152  -  ResidentSetSize of job (KB)
...
006 (14472.002.000) 2024-12-09 07:34:34 Image size of job updated: 1877164
	811  -  MemoryUsage of job (MB)
	830152  -  ResidentSetSize of job (KB)
...
006 (14472.002.000) 2024-12-09 07:44:35 Image size of job updated: 1877164
	817  -  MemoryUsage of job (MB)
	835600  -  ResidentSetSize of job (KB)
...
006 (14472.002.000) 2024-12-09 09:49:48 Image size of job updated: 1877700
	817  -  MemoryUsage of job (MB)
	835600  -  ResidentSetSize of job (KB)
...
006 (14472.002.000) 2024-12-09 09:54:48 Image size of job updated: 1878492
	817  -  MemoryUsage of job (MB)
	835600  -  ResidentSetSize of job (KB)
...
006 (14472.002.000) 2024-12-09 10:44:53 Image size of job updated: 1879644
	817  -  MemoryUsage of job (MB)
	835600  -  ResidentSetSize of job (KB)
...
006 (14472.002.000) 2024-12-09 11:39:58 Image size of job updated: 1879644
	818  -  MemoryUsage of job (MB)
	836636  -  ResidentSetSize of job (KB)
...
006 (14472.002.000) 2024-12-09 11:44:58 Image size of job updated: 1879776
	818  -  MemoryUsage of job (MB)
	836636  -  ResidentSetSize of job (KB)
...
006 (14472.002.000) 2024-12-09 11:49:59 Image size of job updated: 1879776
	818  -  MemoryUsage of job (MB)
	837216  -  ResidentSetSize of job (KB)
...
006 (14472.002.000) 2024-12-09 12:05:01 Image size of job updated: 1880568
	818  -  MemoryUsage of job (MB)
	837216  -  ResidentSetSize of job (KB)
...
006 (14472.002.000) 2024-12-09 12:15:02 Image size of job updated: 1881228
	818  -  MemoryUsage of job (MB)
	837216  -  ResidentSetSize of job (KB)
...
006 (14472.002.000) 2024-12-09 12:35:03 Image size of job updated: 1882416
	818  -  MemoryUsage of job (MB)
	837216  -  ResidentSetSize of job (KB)
...
006 (14472.002.000) 2024-12-09 13:45:12 Image size of job updated: 1885608
	818  -  MemoryUsage of job (MB)
	837216  -  ResidentSetSize of job (KB)
...
006 (14472.002.000) 2024-12-09 15:05:21 Image size of job updated: 1885608
	824  -  MemoryUsage of job (MB)
	843252  -  ResidentSetSize of job (KB)
...
006 (14472.002.000) 2024-12-09 15:50:26 Image size of job updated: 1886252
	824  -  MemoryUsage of job (MB)
	843252  -  ResidentSetSize of job (KB)
...
006 (14472.002.000) 2024-12-09 16:05:27 Image size of job updated: 1886252
	825  -  MemoryUsage of job (MB)
	844404  -  ResidentSetSize of job (KB)
...
006 (14472.002.000) 2024-12-09 17:50:38 Image size of job updated: 1887704
	825  -  MemoryUsage of job (MB)
	844404  -  ResidentSetSize of job (KB)
...
006 (14472.002.000) 2024-12-09 18:30:41 Image size of job updated: 1890480
	825  -  MemoryUsage of job (MB)
	844404  -  ResidentSetSize of job (KB)
...
006 (14472.002.000) 2024-12-09 19:10:46 Image size of job updated: 1890480
	831  -  MemoryUsage of job (MB)
	850372  -  ResidentSetSize of job (KB)
...
006 (14472.002.000) 2024-12-09 22:56:10 Image size of job updated: 1890480
	833  -  MemoryUsage of job (MB)
	852308  -  ResidentSetSize of job (KB)
...
006 (14472.002.000) 2024-12-09 23:31:13 Image size of job updated: 1890480
	838  -  MemoryUsage of job (MB)
	857968  -  ResidentSetSize of job (KB)
...
006 (14472.002.000) 2024-12-09 23:51:15 Image size of job updated: 1891708
	838  -  MemoryUsage of job (MB)
	857968  -  ResidentSetSize of job (KB)
...
006 (14472.002.000) 2024-12-10 01:01:22 Image size of job updated: 1895128
	838  -  MemoryUsage of job (MB)
	857968  -  ResidentSetSize of job (KB)
...
006 (14472.002.000) 2024-12-10 03:01:36 Image size of job updated: 1895228
	838  -  MemoryUsage of job (MB)
	857968  -  ResidentSetSize of job (KB)
...
006 (14472.002.000) 2024-12-10 04:31:47 Image size of job updated: 1896224
	838  -  MemoryUsage of job (MB)
	857968  -  ResidentSetSize of job (KB)
...
006 (14472.002.000) 2024-12-10 05:01:49 Image size of job updated: 1896224
	847  -  MemoryUsage of job (MB)
	867160  -  ResidentSetSize of job (KB)
...
006 (14472.002.000) 2024-12-10 05:06:50 Image size of job updated: 1897016
	847  -  MemoryUsage of job (MB)
	867160  -  ResidentSetSize of job (KB)
...
006 (14472.002.000) 2024-12-10 06:16:57 Image size of job updated: 1897676
	847  -  MemoryUsage of job (MB)
	867160  -  ResidentSetSize of job (KB)
...
006 (14472.002.000) 2024-12-10 06:57:01 Image size of job updated: 1897676
	850  -  MemoryUsage of job (MB)
	869540  -  ResidentSetSize of job (KB)
...
006 (14472.002.000) 2024-12-10 07:02:02 Image size of job updated: 1897676
	850  -  MemoryUsage of job (MB)
	869672  -  ResidentSetSize of job (KB)
...
006 (14472.002.000) 2024-12-10 07:47:07 Image size of job updated: 1898880
	850  -  MemoryUsage of job (MB)
	869672  -  ResidentSetSize of job (KB)
...
006 (14472.002.000) 2024-12-10 08:12:10 Image size of job updated: 1899540
	850  -  MemoryUsage of job (MB)
	869672  -  ResidentSetSize of job (KB)
...
006 (14472.002.000) 2024-12-10 08:42:14 Image size of job updated: 1899540
	851  -  MemoryUsage of job (MB)
	870444  -  ResidentSetSize of job (KB)
...
006 (14472.002.000) 2024-12-10 08:52:14 Image size of job updated: 1899936
	851  -  MemoryUsage of job (MB)
	870444  -  ResidentSetSize of job (KB)
...
006 (14472.002.000) 2024-12-10 09:12:16 Image size of job updated: 1901028
	851  -  MemoryUsage of job (MB)
	870444  -  ResidentSetSize of job (KB)
...
006 (14472.002.000) 2024-12-10 09:17:16 Image size of job updated: 1901820
	851  -  MemoryUsage of job (MB)
	870444  -  ResidentSetSize of job (KB)
...
006 (14472.002.000) 2024-12-10 09:27:19 Image size of job updated: 1902480
	851  -  MemoryUsage of job (MB)
	870444  -  ResidentSetSize of job (KB)
...
006 (14472.002.000) 2024-12-10 09:32:19 Image size of job updated: 1902744
	851  -  MemoryUsage of job (MB)
	870444  -  ResidentSetSize of job (KB)
...
006 (14472.002.000) 2024-12-10 09:47:20 Image size of job updated: 1903140
	851  -  MemoryUsage of job (MB)
	870444  -  ResidentSetSize of job (KB)
...
006 (14472.002.000) 2024-12-10 10:32:25 Image size of job updated: 1903140
	853  -  MemoryUsage of job (MB)
	872504  -  ResidentSetSize of job (KB)
...
006 (14472.002.000) 2024-12-10 11:37:32 Image size of job updated: 1903140
	855  -  MemoryUsage of job (MB)
	875304  -  ResidentSetSize of job (KB)
...
006 (14472.002.000) 2024-12-10 12:07:34 Image size of job updated: 1905124
	855  -  MemoryUsage of job (MB)
	875304  -  ResidentSetSize of job (KB)
...
006 (14472.002.000) 2024-12-10 12:12:34 Image size of job updated: 1905124
	856  -  MemoryUsage of job (MB)
	875564  -  ResidentSetSize of job (KB)
...
006 (14472.002.000) 2024-12-10 12:37:36 Image size of job updated: 1905124
	859  -  MemoryUsage of job (MB)
	879060  -  ResidentSetSize of job (KB)
...
006 (14472.002.000) 2024-12-10 12:52:38 Image size of job updated: 1905124
	860  -  MemoryUsage of job (MB)
	880224  -  ResidentSetSize of job (KB)
...
006 (14472.002.000) 2024-12-10 13:42:42 Image size of job updated: 1906724
	860  -  MemoryUsage of job (MB)
	880224  -  ResidentSetSize of job (KB)
...
006 (14472.002.000) 2024-12-10 13:57:44 Image size of job updated: 1906856
	860  -  MemoryUsage of job (MB)
	880224  -  ResidentSetSize of job (KB)
...
006 (14472.002.000) 2024-12-10 14:22:46 Image size of job updated: 1906988
	860  -  MemoryUsage of job (MB)
	880224  -  ResidentSetSize of job (KB)
...
006 (14472.002.000) 2024-12-10 14:27:47 Image size of job updated: 1908440
	860  -  MemoryUsage of job (MB)
	880224  -  ResidentSetSize of job (KB)
...
006 (14472.002.000) 2024-12-10 15:07:51 Image size of job updated: 1909128
	860  -  MemoryUsage of job (MB)
	880224  -  ResidentSetSize of job (KB)
...
006 (14472.002.000) 2024-12-10 16:12:58 Image size of job updated: 1910152
	860  -  MemoryUsage of job (MB)
	880224  -  ResidentSetSize of job (KB)
...
006 (14472.002.000) 2024-12-10 17:08:04 Image size of job updated: 1910548
	860  -  MemoryUsage of job (MB)
	880224  -  ResidentSetSize of job (KB)
...
006 (14472.002.000) 2024-12-10 17:53:08 Image size of job updated: 1911872
	860  -  MemoryUsage of job (MB)
	880224  -  ResidentSetSize of job (KB)
...
006 (14472.002.000) 2024-12-10 18:33:12 Image size of job updated: 1912004
	860  -  MemoryUsage of job (MB)
	880224  -  ResidentSetSize of job (KB)
...
006 (14472.002.000) 2024-12-10 18:38:13 Image size of job updated: 1912532
	860  -  MemoryUsage of job (MB)
	880224  -  ResidentSetSize of job (KB)
...
006 (14472.002.000) 2024-12-10 18:53:15 Image size of job updated: 1912532
	866  -  MemoryUsage of job (MB)
	885812  -  ResidentSetSize of job (KB)
...
006 (14472.002.000) 2024-12-10 19:03:15 Image size of job updated: 1914888
	866  -  MemoryUsage of job (MB)
	885812  -  ResidentSetSize of job (KB)
...
006 (14472.002.000) 2024-12-10 19:23:18 Image size of job updated: 1914888
	869  -  MemoryUsage of job (MB)
	889172  -  ResidentSetSize of job (KB)
...
006 (14472.002.000) 2024-12-10 19:28:19 Image size of job updated: 1914888
	869  -  MemoryUsage of job (MB)
	889304  -  ResidentSetSize of job (KB)
...
006 (14472.002.000) 2024-12-10 19:33:19 Image size of job updated: 1915952
	877  -  MemoryUsage of job (MB)
	897456  -  ResidentSetSize of job (KB)
...
006 (14472.002.000) 2024-12-10 21:28:32 Image size of job updated: 1916936
	877  -  MemoryUsage of job (MB)
	897456  -  ResidentSetSize of job (KB)
...
006 (14472.002.000) 2024-12-10 21:48:34 Image size of job updated: 1916936
	885  -  MemoryUsage of job (MB)
	905504  -  ResidentSetSize of job (KB)
...
006 (14472.002.000) 2024-12-10 23:18:44 Image size of job updated: 1917960
	885  -  MemoryUsage of job (MB)
	905504  -  ResidentSetSize of job (KB)
...
006 (14472.002.000) 2024-12-10 23:28:44 Image size of job updated: 1919288
	885  -  MemoryUsage of job (MB)
	905504  -  ResidentSetSize of job (KB)
...
006 (14472.002.000) 2024-12-11 00:53:54 Image size of job updated: 1920872
	889  -  MemoryUsage of job (MB)
	909508  -  ResidentSetSize of job (KB)
...
006 (14472.002.000) 2024-12-11 03:14:07 Image size of job updated: 1923080
	889  -  MemoryUsage of job (MB)
	909508  -  ResidentSetSize of job (KB)
...
006 (14472.002.000) 2024-12-11 04:29:15 Image size of job updated: 1926152
	894  -  MemoryUsage of job (MB)
	915004  -  ResidentSetSize of job (KB)
...
006 (14472.002.000) 2024-12-11 06:04:25 Image size of job updated: 1926416
	894  -  MemoryUsage of job (MB)
	915004  -  ResidentSetSize of job (KB)
...
006 (14472.002.000) 2024-12-11 06:14:26 Image size of job updated: 1929224
	894  -  MemoryUsage of job (MB)
	915004  -  ResidentSetSize of job (KB)
...
006 (14472.002.000) 2024-12-11 06:54:30 Image size of job updated: 1929224
	899  -  MemoryUsage of job (MB)
	920576  -  ResidentSetSize of job (KB)
...
006 (14472.002.000) 2024-12-11 07:19:33 Image size of job updated: 1929224
	904  -  MemoryUsage of job (MB)
	925532  -  ResidentSetSize of job (KB)
...
006 (14472.002.000) 2024-12-11 07:24:33 Image size of job updated: 1930888
	904  -  MemoryUsage of job (MB)
	925532  -  ResidentSetSize of job (KB)
...
006 (14472.002.000) 2024-12-11 08:09:38 Image size of job updated: 1933960
	904  -  MemoryUsage of job (MB)
	925532  -  ResidentSetSize of job (KB)
...
006 (14472.002.000) 2024-12-11 09:29:46 Image size of job updated: 1937036
	904  -  MemoryUsage of job (MB)
	925532  -  ResidentSetSize of job (KB)
...
006 (14472.002.000) 2024-12-11 11:14:56 Image size of job updated: 1940108
	904  -  MemoryUsage of job (MB)
	925532  -  ResidentSetSize of job (KB)
...
006 (14472.002.000) 2024-12-11 12:25:04 Image size of job updated: 1941132
	916  -  MemoryUsage of job (MB)
	937900  -  ResidentSetSize of job (KB)
...
006 (14472.002.000) 2024-12-11 14:20:17 Image size of job updated: 1942796
	916  -  MemoryUsage of job (MB)
	937900  -  ResidentSetSize of job (KB)
...
006 (14472.002.000) 2024-12-11 15:35:25 Image size of job updated: 1942796
	916  -  MemoryUsage of job (MB)
	937932  -  ResidentSetSize of job (KB)
...
006 (14472.002.000) 2024-12-11 15:55:27 Image size of job updated: 1943820
	916  -  MemoryUsage of job (MB)
	937932  -  ResidentSetSize of job (KB)
...
006 (14472.002.000) 2024-12-11 17:10:34 Image size of job updated: 1944844
	916  -  MemoryUsage of job (MB)
	937932  -  ResidentSetSize of job (KB)
...
006 (14472.002.000) 2024-12-11 18:20:41 Image size of job updated: 1947916
	916  -  MemoryUsage of job (MB)
	937932  -  ResidentSetSize of job (KB)
...
006 (14472.002.000) 2024-12-11 19:25:47 Image size of job updated: 1948940
	916  -  MemoryUsage of job (MB)
	937932  -  ResidentSetSize of job (KB)
...
006 (14472.002.000) 2024-12-11 19:50:50 Image size of job updated: 1948940
	925  -  MemoryUsage of job (MB)
	947088  -  ResidentSetSize of job (KB)
...
006 (14472.002.000) 2024-12-11 20:25:52 Image size of job updated: 1949964
	925  -  MemoryUsage of job (MB)
	947088  -  ResidentSetSize of job (KB)
...
006 (14472.002.000) 2024-12-11 21:30:58 Image size of job updated: 1950988
	925  -  MemoryUsage of job (MB)
	947088  -  ResidentSetSize of job (KB)
...
006 (14472.002.000) 2024-12-11 22:31:03 Image size of job updated: 1952012
	925  -  MemoryUsage of job (MB)
	947088  -  ResidentSetSize of job (KB)
...
006 (14472.002.000) 2024-12-11 23:26:08 Image size of job updated: 1952012
	933  -  MemoryUsage of job (MB)
	954376  -  ResidentSetSize of job (KB)
...
006 (14472.002.000) 2024-12-11 23:51:11 Image size of job updated: 1953036
	933  -  MemoryUsage of job (MB)
	954376  -  ResidentSetSize of job (KB)
...
006 (14472.002.000) 2024-12-12 01:26:21 Image size of job updated: 1954060
	933  -  MemoryUsage of job (MB)
	954376  -  ResidentSetSize of job (KB)
...
006 (14472.002.000) 2024-12-12 02:26:25 Image size of job updated: 1954060
	938  -  MemoryUsage of job (MB)
	960044  -  ResidentSetSize of job (KB)
...
006 (14472.002.000) 2024-12-12 02:56:28 Image size of job updated: 1955084
	938  -  MemoryUsage of job (MB)
	960044  -  ResidentSetSize of job (KB)
...
006 (14472.002.000) 2024-12-12 04:11:36 Image size of job updated: 1956108
	938  -  MemoryUsage of job (MB)
	960044  -  ResidentSetSize of job (KB)
...
006 (14472.002.000) 2024-12-12 05:11:42 Image size of job updated: 1957132
	938  -  MemoryUsage of job (MB)
	960044  -  ResidentSetSize of job (KB)
...
005 (14472.002.000) 2024-12-12 17:04:15 Job terminated.
	(1) Normal termination (return value 0)
		Usr 6 06:10:31, Sys 0 00:26:10  -  Run Remote Usage
		Usr 0 00:00:00, Sys 0 00:00:00  -  Run Local Usage
		Usr 6 06:10:31, Sys 0 00:26:10  -  Total Remote Usage
		Usr 0 00:00:00, Sys 0 00:00:00  -  Total Local Usage
	0  -  Run Bytes Sent By Job
	0  -  Run Bytes Received By Job
	0  -  Total Bytes Sent By Job
	0  -  Total Bytes Received By Job
	Partitionable Resources :    Usage  Request Allocated 
	   Cpus                 :     1.00        1         1 
	   Disk (KB)            :    15          15      2473 
	   Memory (MB)          :   938        2048      2048 

	Job terminated of its own accord at 2024-12-12T16:04:15Z with exit-code 0.
...
