000 (14472.003.000) 2024-12-06 10:22:23 Job submitted from host: <10.18.24.233:9618?addrs=10.18.24.233-9618&alias=bioclusts03.bioclust.biologie.ens.fr&noUDP&sock=schedd_910141_9a29>
...
001 (14472.003.000) 2024-12-06 10:22:24 Job executing on host: <10.18.24.110:9618?addrs=10.18.24.110-9618&alias=ecoclust15.bioclust.biologie.ens.fr&noUDP&sock=startd_1108_9306>
...
006 (14472.003.000) 2024-12-06 10:22:32 Image size of job updated: 506240
	437  -  MemoryUsage of job (MB)
	446576  -  ResidentSetSize of job (KB)
...
006 (14472.003.000) 2024-12-06 10:27:32 Image size of job updated: 1731360
	632  -  MemoryUsage of job (MB)
	646868  -  ResidentSetSize of job (KB)
...
006 (14472.003.000) 2024-12-06 10:32:33 Image size of job updated: 1731360
	632  -  MemoryUsage of job (MB)
	647168  -  ResidentSetSize of job (KB)
...
006 (14472.003.000) 2024-12-06 10:37:33 Image size of job updated: 1731360
	634  -  MemoryUsage of job (MB)
	648928  -  ResidentSetSize of job (KB)
...
006 (14472.003.000) 2024-12-06 10:42:33 Image size of job updated: 1732552
	641  -  MemoryUsage of job (MB)
	655940  -  ResidentSetSize of job (KB)
...
006 (14472.003.000) 2024-12-06 10:47:35 Image size of job updated: 1732552
	641  -  MemoryUsage of job (MB)
	656072  -  ResidentSetSize of job (KB)
...
006 (14472.003.000) 2024-12-06 10:52:34 Image size of job updated: 1732552
	642  -  MemoryUsage of job (MB)
	657288  -  ResidentSetSize of job (KB)
...
006 (14472.003.000) 2024-12-06 11:02:35 Image size of job updated: 1732552
	669  -  MemoryUsage of job (MB)
	684068  -  ResidentSetSize of job (KB)
...
006 (14472.003.000) 2024-12-06 11:12:36 Image size of job updated: 1734012
	669  -  MemoryUsage of job (MB)
	684068  -  ResidentSetSize of job (KB)
...
006 (14472.003.000) 2024-12-06 12:07:42 Image size of job updated: 1734012
	673  -  MemoryUsage of job (MB)
	689024  -  ResidentSetSize of job (KB)
...
006 (14472.003.000) 2024-12-06 13:27:51 Image size of job updated: 1736060
	673  -  MemoryUsage of job (MB)
	689024  -  ResidentSetSize of job (KB)
...
006 (14472.003.000) 2024-12-06 13:32:51 Image size of job updated: 1736852
	673  -  MemoryUsage of job (MB)
	689024  -  ResidentSetSize of job (KB)
...
006 (14472.003.000) 2024-12-06 13:47:53 Image size of job updated: 1739364
	673  -  MemoryUsage of job (MB)
	689024  -  ResidentSetSize of job (KB)
...
006 (14472.003.000) 2024-12-06 14:32:58 Image size of job updated: 1739364
	677  -  MemoryUsage of job (MB)
	692304  -  ResidentSetSize of job (KB)
...
006 (14472.003.000) 2024-12-06 14:37:58 Image size of job updated: 1739364
	677  -  MemoryUsage of job (MB)
	692436  -  ResidentSetSize of job (KB)
...
006 (14472.003.000) 2024-12-06 15:48:05 Image size of job updated: 1739364
	677  -  MemoryUsage of job (MB)
	693216  -  ResidentSetSize of job (KB)
...
006 (14472.003.000) 2024-12-06 15:53:05 Image size of job updated: 1739396
	677  -  MemoryUsage of job (MB)
	693216  -  ResidentSetSize of job (KB)
...
006 (14472.003.000) 2024-12-06 16:38:11 Image size of job updated: 1739528
	677  -  MemoryUsage of job (MB)
	693216  -  ResidentSetSize of job (KB)
...
006 (14472.003.000) 2024-12-06 17:33:16 Image size of job updated: 1739832
	677  -  MemoryUsage of job (MB)
	693216  -  ResidentSetSize of job (KB)
...
006 (14472.003.000) 2024-12-06 18:48:24 Image size of job updated: 1739832
	680  -  MemoryUsage of job (MB)
	696128  -  ResidentSetSize of job (KB)
...
006 (14472.003.000) 2024-12-06 19:23:28 Image size of job updated: 1743136
	680  -  MemoryUsage of job (MB)
	696128  -  ResidentSetSize of job (KB)
...
006 (14472.003.000) 2024-12-06 23:08:51 Image size of job updated: 1743136
	684  -  MemoryUsage of job (MB)
	699856  -  ResidentSetSize of job (KB)
...
006 (14472.003.000) 2024-12-06 23:58:56 Image size of job updated: 1743136
	684  -  MemoryUsage of job (MB)
	700360  -  ResidentSetSize of job (KB)
...
006 (14472.003.000) 2024-12-07 00:13:58 Image size of job updated: 1744056
	684  -  MemoryUsage of job (MB)
	700360  -  ResidentSetSize of job (KB)
...
006 (14472.003.000) 2024-12-07 00:39:00 Image size of job updated: 1744604
	684  -  MemoryUsage of job (MB)
	700360  -  ResidentSetSize of job (KB)
...
006 (14472.003.000) 2024-12-07 00:49:01 Image size of job updated: 1746204
	684  -  MemoryUsage of job (MB)
	700360  -  ResidentSetSize of job (KB)
...
006 (14472.003.000) 2024-12-07 01:29:05 Image size of job updated: 1746204
	685  -  MemoryUsage of job (MB)
	700916  -  ResidentSetSize of job (KB)
...
006 (14472.003.000) 2024-12-07 02:24:12 Image size of job updated: 1746204
	687  -  MemoryUsage of job (MB)
	702788  -  ResidentSetSize of job (KB)
...
006 (14472.003.000) 2024-12-07 02:29:12 Image size of job updated: 1746204
	687  -  MemoryUsage of job (MB)
	703184  -  ResidentSetSize of job (KB)
...
006 (14472.003.000) 2024-12-07 02:44:14 Image size of job updated: 1746864
	687  -  MemoryUsage of job (MB)
	703184  -  ResidentSetSize of job (KB)
...
006 (14472.003.000) 2024-12-07 02:54:15 Image size of job updated: 1747520
	687  -  MemoryUsage of job (MB)
	703184  -  ResidentSetSize of job (KB)
...
006 (14472.003.000) 2024-12-07 03:34:19 Image size of job updated: 1749504
	687  -  MemoryUsage of job (MB)
	703184  -  ResidentSetSize of job (KB)
...
006 (14472.003.000) 2024-12-07 05:24:30 Image size of job updated: 1749636
	687  -  MemoryUsage of job (MB)
	703184  -  ResidentSetSize of job (KB)
...
006 (14472.003.000) 2024-12-07 06:04:35 Image size of job updated: 1750164
	687  -  MemoryUsage of job (MB)
	703184  -  ResidentSetSize of job (KB)
...
006 (14472.003.000) 2024-12-07 06:19:36 Image size of job updated: 1750164
	691  -  MemoryUsage of job (MB)
	706656  -  ResidentSetSize of job (KB)
...
006 (14472.003.000) 2024-12-07 06:39:38 Image size of job updated: 1750164
	694  -  MemoryUsage of job (MB)
	710240  -  ResidentSetSize of job (KB)
...
006 (14472.003.000) 2024-12-07 06:44:39 Image size of job updated: 1750164
	694  -  MemoryUsage of job (MB)
	710372  -  ResidentSetSize of job (KB)
...
006 (14472.003.000) 2024-12-07 07:54:46 Image size of job updated: 1752288
	694  -  MemoryUsage of job (MB)
	710372  -  ResidentSetSize of job (KB)
...
006 (14472.003.000) 2024-12-07 08:09:47 Image size of job updated: 1752288
	697  -  MemoryUsage of job (MB)
	713556  -  ResidentSetSize of job (KB)
...
006 (14472.003.000) 2024-12-07 08:54:53 Image size of job updated: 1752948
	697  -  MemoryUsage of job (MB)
	713556  -  ResidentSetSize of job (KB)
...
006 (14472.003.000) 2024-12-07 09:14:54 Image size of job updated: 1753880
	697  -  MemoryUsage of job (MB)
	713556  -  ResidentSetSize of job (KB)
...
006 (14472.003.000) 2024-12-07 09:34:56 Image size of job updated: 1753880
	697  -  MemoryUsage of job (MB)
	713576  -  ResidentSetSize of job (KB)
...
006 (14472.003.000) 2024-12-07 10:35:01 Image size of job updated: 1753880
	698  -  MemoryUsage of job (MB)
	714432  -  ResidentSetSize of job (KB)
...
006 (14472.003.000) 2024-12-07 11:40:07 Image size of job updated: 1754956
	698  -  MemoryUsage of job (MB)
	714432  -  ResidentSetSize of job (KB)
...
006 (14472.003.000) 2024-12-07 11:45:08 Image size of job updated: 1755088
	698  -  MemoryUsage of job (MB)
	714432  -  ResidentSetSize of job (KB)
...
006 (14472.003.000) 2024-12-07 12:20:11 Image size of job updated: 1756016
	698  -  MemoryUsage of job (MB)
	714432  -  ResidentSetSize of job (KB)
...
006 (14472.003.000) 2024-12-07 12:25:11 Image size of job updated: 1756808
	698  -  MemoryUsage of job (MB)
	714432  -  ResidentSetSize of job (KB)
...
006 (14472.003.000) 2024-12-07 14:00:21 Image size of job updated: 1756940
	698  -  MemoryUsage of job (MB)
	714432  -  ResidentSetSize of job (KB)
...
006 (14472.003.000) 2024-12-07 14:05:21 Image size of job updated: 1757604
	706  -  MemoryUsage of job (MB)
	722652  -  ResidentSetSize of job (KB)
...
006 (14472.003.000) 2024-12-07 14:10:21 Image size of job updated: 1757604
	706  -  MemoryUsage of job (MB)
	722784  -  ResidentSetSize of job (KB)
...
006 (14472.003.000) 2024-12-07 15:40:31 Image size of job updated: 1757604
	707  -  MemoryUsage of job (MB)
	723488  -  ResidentSetSize of job (KB)
...
006 (14472.003.000) 2024-12-07 15:50:32 Image size of job updated: 1759584
	707  -  MemoryUsage of job (MB)
	723488  -  ResidentSetSize of job (KB)
...
006 (14472.003.000) 2024-12-07 17:50:47 Image size of job updated: 1761172
	707  -  MemoryUsage of job (MB)
	723488  -  ResidentSetSize of job (KB)
...
006 (14472.003.000) 2024-12-07 17:55:47 Image size of job updated: 1761172
	715  -  MemoryUsage of job (MB)
	732016  -  ResidentSetSize of job (KB)
...
006 (14472.003.000) 2024-12-07 18:20:49 Image size of job updated: 1761304
	715  -  MemoryUsage of job (MB)
	732016  -  ResidentSetSize of job (KB)
...
006 (14472.003.000) 2024-12-07 18:30:51 Image size of job updated: 1763156
	715  -  MemoryUsage of job (MB)
	732016  -  ResidentSetSize of job (KB)
...
006 (14472.003.000) 2024-12-07 20:51:06 Image size of job updated: 1763684
	715  -  MemoryUsage of job (MB)
	732016  -  ResidentSetSize of job (KB)
...
006 (14472.003.000) 2024-12-07 20:56:06 Image size of job updated: 1763684
	724  -  MemoryUsage of job (MB)
	740416  -  ResidentSetSize of job (KB)
...
006 (14472.003.000) 2024-12-07 22:01:12 Image size of job updated: 1764356
	724  -  MemoryUsage of job (MB)
	740416  -  ResidentSetSize of job (KB)
...
006 (14472.003.000) 2024-12-07 22:16:13 Image size of job updated: 1764488
	724  -  MemoryUsage of job (MB)
	740416  -  ResidentSetSize of job (KB)
...
006 (14472.003.000) 2024-12-07 22:56:17 Image size of job updated: 1765952
	724  -  MemoryUsage of job (MB)
	740416  -  ResidentSetSize of job (KB)
...
006 (14472.003.000) 2024-12-08 01:41:36 Image size of job updated: 1766084
	724  -  MemoryUsage of job (MB)
	740416  -  ResidentSetSize of job (KB)
...
006 (14472.003.000) 2024-12-08 02:36:43 Image size of job updated: 1768728
	724  -  MemoryUsage of job (MB)
	740416  -  ResidentSetSize of job (KB)
...
006 (14472.003.000) 2024-12-08 05:21:58 Image size of job updated: 1769672
	724  -  MemoryUsage of job (MB)
	740416  -  ResidentSetSize of job (KB)
...
006 (14472.003.000) 2024-12-08 06:47:08 Image size of job updated: 1769672
	725  -  MemoryUsage of job (MB)
	742168  -  ResidentSetSize of job (KB)
...
006 (14472.003.000) 2024-12-08 07:12:10 Image size of job updated: 1770864
	725  -  MemoryUsage of job (MB)
	742168  -  ResidentSetSize of job (KB)
...
006 (14472.003.000) 2024-12-08 07:32:12 Image size of job updated: 1770864
	726  -  MemoryUsage of job (MB)
	743036  -  ResidentSetSize of job (KB)
...
006 (14472.003.000) 2024-12-08 07:37:13 Image size of job updated: 1770864
	726  -  MemoryUsage of job (MB)
	743300  -  ResidentSetSize of job (KB)
...
006 (14472.003.000) 2024-12-08 09:02:23 Image size of job updated: 1770864
	727  -  MemoryUsage of job (MB)
	743780  -  ResidentSetSize of job (KB)
...
006 (14472.003.000) 2024-12-08 09:07:23 Image size of job updated: 1771468
	727  -  MemoryUsage of job (MB)
	743780  -  ResidentSetSize of job (KB)
...
006 (14472.003.000) 2024-12-08 09:17:25 Image size of job updated: 1773456
	727  -  MemoryUsage of job (MB)
	743780  -  ResidentSetSize of job (KB)
...
006 (14472.003.000) 2024-12-08 11:22:38 Image size of job updated: 1774384
	727  -  MemoryUsage of job (MB)
	743780  -  ResidentSetSize of job (KB)
...
006 (14472.003.000) 2024-12-08 11:47:40 Image size of job updated: 1774520
	727  -  MemoryUsage of job (MB)
	743780  -  ResidentSetSize of job (KB)
...
006 (14472.003.000) 2024-12-08 13:02:46 Image size of job updated: 1774652
	727  -  MemoryUsage of job (MB)
	743780  -  ResidentSetSize of job (KB)
...
006 (14472.003.000) 2024-12-08 13:07:47 Image size of job updated: 1776764
	727  -  MemoryUsage of job (MB)
	743780  -  ResidentSetSize of job (KB)
...
006 (14472.003.000) 2024-12-08 14:32:55 Image size of job updated: 1776764
	728  -  MemoryUsage of job (MB)
	744992  -  ResidentSetSize of job (KB)
...
006 (14472.003.000) 2024-12-08 16:13:06 Image size of job updated: 1776916
	728  -  MemoryUsage of job (MB)
	744992  -  ResidentSetSize of job (KB)
...
006 (14472.003.000) 2024-12-08 16:38:08 Image size of job updated: 1777048
	728  -  MemoryUsage of job (MB)
	744992  -  ResidentSetSize of job (KB)
...
006 (14472.003.000) 2024-12-08 16:43:08 Image size of job updated: 1777048
	734  -  MemoryUsage of job (MB)
	751612  -  ResidentSetSize of job (KB)
...
006 (14472.003.000) 2024-12-08 16:48:09 Image size of job updated: 1777396
	734  -  MemoryUsage of job (MB)
	751612  -  ResidentSetSize of job (KB)
...
006 (14472.003.000) 2024-12-08 17:23:12 Image size of job updated: 1777796
	734  -  MemoryUsage of job (MB)
	751612  -  ResidentSetSize of job (KB)
...
006 (14472.003.000) 2024-12-08 17:33:13 Image size of job updated: 1778720
	734  -  MemoryUsage of job (MB)
	751612  -  ResidentSetSize of job (KB)
...
006 (14472.003.000) 2024-12-08 17:38:13 Image size of job updated: 1780040
	734  -  MemoryUsage of job (MB)
	751612  -  ResidentSetSize of job (KB)
...
006 (14472.003.000) 2024-12-08 19:28:26 Image size of job updated: 1780040
	737  -  MemoryUsage of job (MB)
	753728  -  ResidentSetSize of job (KB)
...
006 (14472.003.000) 2024-12-08 19:33:26 Image size of job updated: 1780040
	737  -  MemoryUsage of job (MB)
	753860  -  ResidentSetSize of job (KB)
...
006 (14472.003.000) 2024-12-08 20:38:33 Image size of job updated: 1781888
	737  -  MemoryUsage of job (MB)
	753860  -  ResidentSetSize of job (KB)
...
006 (14472.003.000) 2024-12-08 21:03:35 Image size of job updated: 1781888
	742  -  MemoryUsage of job (MB)
	759036  -  ResidentSetSize of job (KB)
...
006 (14472.003.000) 2024-12-08 23:08:48 Image size of job updated: 1784796
	742  -  MemoryUsage of job (MB)
	759036  -  ResidentSetSize of job (KB)
...
006 (14472.003.000) 2024-12-09 03:29:15 Image size of job updated: 1785060
	742  -  MemoryUsage of job (MB)
	759036  -  ResidentSetSize of job (KB)
...
006 (14472.003.000) 2024-12-09 03:34:16 Image size of job updated: 1785456
	742  -  MemoryUsage of job (MB)
	759036  -  ResidentSetSize of job (KB)
...
006 (14472.003.000) 2024-12-09 04:34:23 Image size of job updated: 1787436
	742  -  MemoryUsage of job (MB)
	759036  -  ResidentSetSize of job (KB)
...
006 (14472.003.000) 2024-12-09 05:39:32 Image size of job updated: 1787436
	744  -  MemoryUsage of job (MB)
	761364  -  ResidentSetSize of job (KB)
...
006 (14472.003.000) 2024-12-09 07:09:42 Image size of job updated: 1788228
	744  -  MemoryUsage of job (MB)
	761364  -  ResidentSetSize of job (KB)
...
006 (14472.003.000) 2024-12-09 07:19:43 Image size of job updated: 1789020
	744  -  MemoryUsage of job (MB)
	761364  -  ResidentSetSize of job (KB)
...
006 (14472.003.000) 2024-12-09 07:44:45 Image size of job updated: 1790076
	744  -  MemoryUsage of job (MB)
	761364  -  ResidentSetSize of job (KB)
...
006 (14472.003.000) 2024-12-09 07:59:47 Image size of job updated: 1790076
	749  -  MemoryUsage of job (MB)
	766700  -  ResidentSetSize of job (KB)
...
006 (14472.003.000) 2024-12-09 09:24:55 Image size of job updated: 1791004
	749  -  MemoryUsage of job (MB)
	766700  -  ResidentSetSize of job (KB)
...
006 (14472.003.000) 2024-12-09 09:29:55 Image size of job updated: 1791004
	750  -  MemoryUsage of job (MB)
	767756  -  ResidentSetSize of job (KB)
...
006 (14472.003.000) 2024-12-09 09:44:57 Image size of job updated: 1791004
	751  -  MemoryUsage of job (MB)
	768680  -  ResidentSetSize of job (KB)
...
006 (14472.003.000) 2024-12-09 09:49:57 Image size of job updated: 1791004
	751  -  MemoryUsage of job (MB)
	768812  -  ResidentSetSize of job (KB)
...
006 (14472.003.000) 2024-12-09 09:59:59 Image size of job updated: 1791004
	752  -  MemoryUsage of job (MB)
	769624  -  ResidentSetSize of job (KB)
...
006 (14472.003.000) 2024-12-09 10:50:03 Image size of job updated: 1791004
	753  -  MemoryUsage of job (MB)
	770204  -  ResidentSetSize of job (KB)
...
006 (14472.003.000) 2024-12-09 10:55:04 Image size of job updated: 1791004
	753  -  MemoryUsage of job (MB)
	770908  -  ResidentSetSize of job (KB)
...
006 (14472.003.000) 2024-12-09 11:05:04 Image size of job updated: 1792196
	753  -  MemoryUsage of job (MB)
	770908  -  ResidentSetSize of job (KB)
...
006 (14472.003.000) 2024-12-09 11:20:05 Image size of job updated: 1792196
	757  -  MemoryUsage of job (MB)
	774172  -  ResidentSetSize of job (KB)
...
006 (14472.003.000) 2024-12-09 12:00:11 Image size of job updated: 1792196
	757  -  MemoryUsage of job (MB)
	774508  -  ResidentSetSize of job (KB)
...
006 (14472.003.000) 2024-12-09 12:55:17 Image size of job updated: 1792424
	757  -  MemoryUsage of job (MB)
	775092  -  ResidentSetSize of job (KB)
...
006 (14472.003.000) 2024-12-09 13:00:17 Image size of job updated: 1792956
	757  -  MemoryUsage of job (MB)
	775092  -  ResidentSetSize of job (KB)
...
006 (14472.003.000) 2024-12-09 13:30:20 Image size of job updated: 1794280
	757  -  MemoryUsage of job (MB)
	775092  -  ResidentSetSize of job (KB)
...
006 (14472.003.000) 2024-12-09 14:25:26 Image size of job updated: 1796136
	757  -  MemoryUsage of job (MB)
	775092  -  ResidentSetSize of job (KB)
...
006 (14472.003.000) 2024-12-09 16:45:41 Image size of job updated: 1797060
	757  -  MemoryUsage of job (MB)
	775092  -  ResidentSetSize of job (KB)
...
006 (14472.003.000) 2024-12-09 17:30:47 Image size of job updated: 1797060
	765  -  MemoryUsage of job (MB)
	783252  -  ResidentSetSize of job (KB)
...
006 (14472.003.000) 2024-12-09 18:00:49 Image size of job updated: 1797984
	765  -  MemoryUsage of job (MB)
	783252  -  ResidentSetSize of job (KB)
...
006 (14472.003.000) 2024-12-09 18:40:54 Image size of job updated: 1797984
	768  -  MemoryUsage of job (MB)
	786204  -  ResidentSetSize of job (KB)
...
006 (14472.003.000) 2024-12-09 18:45:54 Image size of job updated: 1798512
	768  -  MemoryUsage of job (MB)
	786336  -  ResidentSetSize of job (KB)
...
006 (14472.003.000) 2024-12-09 21:26:12 Image size of job updated: 1799700
	768  -  MemoryUsage of job (MB)
	786336  -  ResidentSetSize of job (KB)
...
006 (14472.003.000) 2024-12-09 21:36:14 Image size of job updated: 1800628
	768  -  MemoryUsage of job (MB)
	786336  -  ResidentSetSize of job (KB)
...
006 (14472.003.000) 2024-12-09 21:51:16 Image size of job updated: 1803140
	768  -  MemoryUsage of job (MB)
	786336  -  ResidentSetSize of job (KB)
...
006 (14472.003.000) 2024-12-09 23:11:23 Image size of job updated: 1803140
	772  -  MemoryUsage of job (MB)
	789596  -  ResidentSetSize of job (KB)
...
006 (14472.003.000) 2024-12-09 23:16:24 Image size of job updated: 1803140
	772  -  MemoryUsage of job (MB)
	789728  -  ResidentSetSize of job (KB)
...
006 (14472.003.000) 2024-12-09 23:31:26 Image size of job updated: 1803404
	772  -  MemoryUsage of job (MB)
	789728  -  ResidentSetSize of job (KB)
...
006 (14472.003.000) 2024-12-10 00:56:34 Image size of job updated: 1804988
	772  -  MemoryUsage of job (MB)
	789728  -  ResidentSetSize of job (KB)
...
006 (14472.003.000) 2024-12-10 01:31:37 Image size of job updated: 1804988
	773  -  MemoryUsage of job (MB)
	790892  -  ResidentSetSize of job (KB)
...
006 (14472.003.000) 2024-12-10 04:46:58 Image size of job updated: 1805356
	773  -  MemoryUsage of job (MB)
	790892  -  ResidentSetSize of job (KB)
...
006 (14472.003.000) 2024-12-10 05:22:02 Image size of job updated: 1806940
	773  -  MemoryUsage of job (MB)
	790892  -  ResidentSetSize of job (KB)
...
006 (14472.003.000) 2024-12-10 06:02:06 Image size of job updated: 1806940
	778  -  MemoryUsage of job (MB)
	795684  -  ResidentSetSize of job (KB)
...
006 (14472.003.000) 2024-12-10 06:47:11 Image size of job updated: 1807472
	778  -  MemoryUsage of job (MB)
	795684  -  ResidentSetSize of job (KB)
...
006 (14472.003.000) 2024-12-10 07:07:11 Image size of job updated: 1808004
	778  -  MemoryUsage of job (MB)
	795684  -  ResidentSetSize of job (KB)
...
006 (14472.003.000) 2024-12-10 07:37:14 Image size of job updated: 1808664
	778  -  MemoryUsage of job (MB)
	795684  -  ResidentSetSize of job (KB)
...
006 (14472.003.000) 2024-12-10 08:47:22 Image size of job updated: 1808664
	781  -  MemoryUsage of job (MB)
	799124  -  ResidentSetSize of job (KB)
...
006 (14472.003.000) 2024-12-10 08:52:22 Image size of job updated: 1808664
	783  -  MemoryUsage of job (MB)
	801292  -  ResidentSetSize of job (KB)
...
006 (14472.003.000) 2024-12-10 08:57:23 Image size of job updated: 1808664
	783  -  MemoryUsage of job (MB)
	801424  -  ResidentSetSize of job (KB)
...
006 (14472.003.000) 2024-12-10 09:42:26 Image size of job updated: 1810252
	783  -  MemoryUsage of job (MB)
	801424  -  ResidentSetSize of job (KB)
...
006 (14472.003.000) 2024-12-10 10:57:34 Image size of job updated: 1810648
	783  -  MemoryUsage of job (MB)
	801424  -  ResidentSetSize of job (KB)
...
006 (14472.003.000) 2024-12-10 11:37:38 Image size of job updated: 1810912
	783  -  MemoryUsage of job (MB)
	801424  -  ResidentSetSize of job (KB)
...
006 (14472.003.000) 2024-12-10 11:47:39 Image size of job updated: 1810912
	783  -  MemoryUsage of job (MB)
	801648  -  ResidentSetSize of job (KB)
...
006 (14472.003.000) 2024-12-10 11:57:40 Image size of job updated: 1811708
	783  -  MemoryUsage of job (MB)
	801648  -  ResidentSetSize of job (KB)
...
006 (14472.003.000) 2024-12-10 13:27:48 Image size of job updated: 1812104
	783  -  MemoryUsage of job (MB)
	801648  -  ResidentSetSize of job (KB)
...
006 (14472.003.000) 2024-12-10 15:02:58 Image size of job updated: 1812764
	783  -  MemoryUsage of job (MB)
	801648  -  ResidentSetSize of job (KB)
...
006 (14472.003.000) 2024-12-10 16:08:03 Image size of job updated: 1813160
	783  -  MemoryUsage of job (MB)
	801648  -  ResidentSetSize of job (KB)
...
006 (14472.003.000) 2024-12-10 17:03:09 Image size of job updated: 1813160
	786  -  MemoryUsage of job (MB)
	804344  -  ResidentSetSize of job (KB)
...
006 (14472.003.000) 2024-12-10 17:08:09 Image size of job updated: 1813160
	786  -  MemoryUsage of job (MB)
	804476  -  ResidentSetSize of job (KB)
...
006 (14472.003.000) 2024-12-10 17:33:12 Image size of job updated: 1814884
	786  -  MemoryUsage of job (MB)
	804476  -  ResidentSetSize of job (KB)
...
006 (14472.003.000) 2024-12-10 18:13:16 Image size of job updated: 1816468
	786  -  MemoryUsage of job (MB)
	804476  -  ResidentSetSize of job (KB)
...
006 (14472.003.000) 2024-12-10 18:33:18 Image size of job updated: 1816864
	786  -  MemoryUsage of job (MB)
	804476  -  ResidentSetSize of job (KB)
...
006 (14472.003.000) 2024-12-10 18:43:20 Image size of job updated: 1816864
	792  -  MemoryUsage of job (MB)
	810868  -  ResidentSetSize of job (KB)
...
006 (14472.003.000) 2024-12-10 20:23:30 Image size of job updated: 1817060
	792  -  MemoryUsage of job (MB)
	810868  -  ResidentSetSize of job (KB)
...
006 (14472.003.000) 2024-12-10 20:58:33 Image size of job updated: 1817856
	792  -  MemoryUsage of job (MB)
	810868  -  ResidentSetSize of job (KB)
...
006 (14472.003.000) 2024-12-10 21:18:35 Image size of job updated: 1818456
	792  -  MemoryUsage of job (MB)
	810868  -  ResidentSetSize of job (KB)
...
006 (14472.003.000) 2024-12-10 21:33:37 Image size of job updated: 1818592
	792  -  MemoryUsage of job (MB)
	810868  -  ResidentSetSize of job (KB)
...
006 (14472.003.000) 2024-12-11 00:38:55 Image size of job updated: 1818792
	792  -  MemoryUsage of job (MB)
	810868  -  ResidentSetSize of job (KB)
...
006 (14472.003.000) 2024-12-11 00:43:55 Image size of job updated: 1820772
	792  -  MemoryUsage of job (MB)
	810868  -  ResidentSetSize of job (KB)
...
006 (14472.003.000) 2024-12-11 00:48:56 Image size of job updated: 1823028
	792  -  MemoryUsage of job (MB)
	810868  -  ResidentSetSize of job (KB)
...
006 (14472.003.000) 2024-12-11 02:39:08 Image size of job updated: 1824004
	792  -  MemoryUsage of job (MB)
	810868  -  ResidentSetSize of job (KB)
...
006 (14472.003.000) 2024-12-11 04:04:18 Image size of job updated: 1824004
	798  -  MemoryUsage of job (MB)
	816300  -  ResidentSetSize of job (KB)
...
006 (14472.003.000) 2024-12-11 06:29:34 Image size of job updated: 1824004
	798  -  MemoryUsage of job (MB)
	816408  -  ResidentSetSize of job (KB)
...
006 (14472.003.000) 2024-12-11 07:14:39 Image size of job updated: 1826796
	798  -  MemoryUsage of job (MB)
	816408  -  ResidentSetSize of job (KB)
...
006 (14472.003.000) 2024-12-11 07:54:43 Image size of job updated: 1826796
	803  -  MemoryUsage of job (MB)
	821476  -  ResidentSetSize of job (KB)
...
006 (14472.003.000) 2024-12-11 09:59:56 Image size of job updated: 1827112
	803  -  MemoryUsage of job (MB)
	821476  -  ResidentSetSize of job (KB)
...
006 (14472.003.000) 2024-12-11 10:09:57 Image size of job updated: 1827244
	803  -  MemoryUsage of job (MB)
	821476  -  ResidentSetSize of job (KB)
...
006 (14472.003.000) 2024-12-11 10:50:01 Image size of job updated: 1827904
	804  -  MemoryUsage of job (MB)
	822576  -  ResidentSetSize of job (KB)
...
006 (14472.003.000) 2024-12-11 12:15:09 Image size of job updated: 1827904
	804  -  MemoryUsage of job (MB)
	822840  -  ResidentSetSize of job (KB)
...
006 (14472.003.000) 2024-12-11 12:20:10 Image size of job updated: 1828960
	804  -  MemoryUsage of job (MB)
	822840  -  ResidentSetSize of job (KB)
...
006 (14472.003.000) 2024-12-11 12:55:14 Image size of job updated: 1829620
	804  -  MemoryUsage of job (MB)
	822840  -  ResidentSetSize of job (KB)
...
006 (14472.003.000) 2024-12-11 14:10:22 Image size of job updated: 1829908
	807  -  MemoryUsage of job (MB)
	825792  -  ResidentSetSize of job (KB)
...
006 (14472.003.000) 2024-12-11 14:15:23 Image size of job updated: 1829908
	807  -  MemoryUsage of job (MB)
	825924  -  ResidentSetSize of job (KB)
...
006 (14472.003.000) 2024-12-11 14:55:28 Image size of job updated: 1830700
	807  -  MemoryUsage of job (MB)
	825924  -  ResidentSetSize of job (KB)
...
006 (14472.003.000) 2024-12-11 15:15:29 Image size of job updated: 1830700
	809  -  MemoryUsage of job (MB)
	828280  -  ResidentSetSize of job (KB)
...
006 (14472.003.000) 2024-12-11 15:30:31 Image size of job updated: 1831624
	818  -  MemoryUsage of job (MB)
	837320  -  ResidentSetSize of job (KB)
...
006 (14472.003.000) 2024-12-11 15:35:31 Image size of job updated: 1831624
	818  -  MemoryUsage of job (MB)
	837452  -  ResidentSetSize of job (KB)
...
006 (14472.003.000) 2024-12-11 15:55:34 Image size of job updated: 1831760
	818  -  MemoryUsage of job (MB)
	837452  -  ResidentSetSize of job (KB)
...
006 (14472.003.000) 2024-12-11 16:30:37 Image size of job updated: 1832424
	818  -  MemoryUsage of job (MB)
	837452  -  ResidentSetSize of job (KB)
...
006 (14472.003.000) 2024-12-11 16:50:40 Image size of job updated: 1833216
	818  -  MemoryUsage of job (MB)
	837452  -  ResidentSetSize of job (KB)
...
006 (14472.003.000) 2024-12-11 19:00:50 Image size of job updated: 1833648
	818  -  MemoryUsage of job (MB)
	837452  -  ResidentSetSize of job (KB)
...
006 (14472.003.000) 2024-12-11 19:15:52 Image size of job updated: 1834044
	818  -  MemoryUsage of job (MB)
	837452  -  ResidentSetSize of job (KB)
...
006 (14472.003.000) 2024-12-11 22:41:13 Image size of job updated: 1834704
	818  -  MemoryUsage of job (MB)
	837452  -  ResidentSetSize of job (KB)
...
006 (14472.003.000) 2024-12-11 22:56:14 Image size of job updated: 1834836
	818  -  MemoryUsage of job (MB)
	837452  -  ResidentSetSize of job (KB)
...
006 (14472.003.000) 2024-12-11 23:01:14 Image size of job updated: 1835232
	818  -  MemoryUsage of job (MB)
	837452  -  ResidentSetSize of job (KB)
...
006 (14472.003.000) 2024-12-11 23:26:17 Image size of job updated: 1835364
	818  -  MemoryUsage of job (MB)
	837452  -  ResidentSetSize of job (KB)
...
006 (14472.003.000) 2024-12-11 23:31:17 Image size of job updated: 1835760
	818  -  MemoryUsage of job (MB)
	837452  -  ResidentSetSize of job (KB)
...
006 (14472.003.000) 2024-12-11 23:46:19 Image size of job updated: 1837092
	818  -  MemoryUsage of job (MB)
	837452  -  ResidentSetSize of job (KB)
...
006 (14472.003.000) 2024-12-12 01:36:30 Image size of job updated: 1837356
	818  -  MemoryUsage of job (MB)
	837452  -  ResidentSetSize of job (KB)
...
006 (14472.003.000) 2024-12-12 01:41:30 Image size of job updated: 1837620
	818  -  MemoryUsage of job (MB)
	837452  -  ResidentSetSize of job (KB)
...
006 (14472.003.000) 2024-12-12 02:06:33 Image size of job updated: 1838676
	818  -  MemoryUsage of job (MB)
	837452  -  ResidentSetSize of job (KB)
...
006 (14472.003.000) 2024-12-12 03:01:37 Image size of job updated: 1838676
	826  -  MemoryUsage of job (MB)
	845668  -  ResidentSetSize of job (KB)
...
006 (14472.003.000) 2024-12-12 03:06:38 Image size of job updated: 1838676
	826  -  MemoryUsage of job (MB)
	845800  -  ResidentSetSize of job (KB)
...
006 (14472.003.000) 2024-12-12 04:31:48 Image size of job updated: 1842260
	826  -  MemoryUsage of job (MB)
	845800  -  ResidentSetSize of job (KB)
...
006 (14472.003.000) 2024-12-12 08:12:12 Image size of job updated: 1842632
	826  -  MemoryUsage of job (MB)
	845800  -  ResidentSetSize of job (KB)
...
006 (14472.003.000) 2024-12-12 08:17:12 Image size of job updated: 1843028
	826  -  MemoryUsage of job (MB)
	845800  -  ResidentSetSize of job (KB)
...
006 (14472.003.000) 2024-12-12 08:32:14 Image size of job updated: 1843292
	826  -  MemoryUsage of job (MB)
	845800  -  ResidentSetSize of job (KB)
...
006 (14472.003.000) 2024-12-12 10:02:24 Image size of job updated: 1843952
	826  -  MemoryUsage of job (MB)
	845800  -  ResidentSetSize of job (KB)
...
006 (14472.003.000) 2024-12-12 10:57:29 Image size of job updated: 1844084
	826  -  MemoryUsage of job (MB)
	845800  -  ResidentSetSize of job (KB)
...
006 (14472.003.000) 2024-12-12 11:12:30 Image size of job updated: 1844348
	826  -  MemoryUsage of job (MB)
	845800  -  ResidentSetSize of job (KB)
...
006 (14472.003.000) 2024-12-12 11:37:33 Image size of job updated: 1845132
	826  -  MemoryUsage of job (MB)
	845800  -  ResidentSetSize of job (KB)
...
006 (14472.003.000) 2024-12-12 11:42:33 Image size of job updated: 1846148
	826  -  MemoryUsage of job (MB)
	845800  -  ResidentSetSize of job (KB)
...
006 (14472.003.000) 2024-12-12 12:02:35 Image size of job updated: 1846148
	828  -  MemoryUsage of job (MB)
	847540  -  ResidentSetSize of job (KB)
...
006 (14472.003.000) 2024-12-12 13:52:46 Image size of job updated: 1847864
	828  -  MemoryUsage of job (MB)
	847540  -  ResidentSetSize of job (KB)
...
006 (14472.003.000) 2024-12-12 13:57:47 Image size of job updated: 1848112
	828  -  MemoryUsage of job (MB)
	847540  -  ResidentSetSize of job (KB)
...
006 (14472.003.000) 2024-12-12 16:02:59 Image size of job updated: 1848376
	828  -  MemoryUsage of job (MB)
	847540  -  ResidentSetSize of job (KB)
...
006 (14472.003.000) 2024-12-12 17:43:09 Image size of job updated: 1848376
	831  -  MemoryUsage of job (MB)
	850620  -  ResidentSetSize of job (KB)
...
006 (14472.003.000) 2024-12-12 18:08:11 Image size of job updated: 1848376
	833  -  MemoryUsage of job (MB)
	852732  -  ResidentSetSize of job (KB)
...
006 (14472.003.000) 2024-12-12 19:08:18 Image size of job updated: 1848376
	836  -  MemoryUsage of job (MB)
	855784  -  ResidentSetSize of job (KB)
...
006 (14472.003.000) 2024-12-12 19:18:18 Image size of job updated: 1848376
	838  -  MemoryUsage of job (MB)
	857576  -  ResidentSetSize of job (KB)
...
006 (14472.003.000) 2024-12-12 19:33:19 Image size of job updated: 1848904
	838  -  MemoryUsage of job (MB)
	857576  -  ResidentSetSize of job (KB)
...
006 (14472.003.000) 2024-12-12 19:38:20 Image size of job updated: 1851156
	838  -  MemoryUsage of job (MB)
	857576  -  ResidentSetSize of job (KB)
...
006 (14472.003.000) 2024-12-12 20:38:26 Image size of job updated: 1851888
	838  -  MemoryUsage of job (MB)
	857576  -  ResidentSetSize of job (KB)
...
006 (14472.003.000) 2024-12-12 20:53:28 Image size of job updated: 1852332
	838  -  MemoryUsage of job (MB)
	857576  -  ResidentSetSize of job (KB)
...
006 (14472.003.000) 2024-12-12 21:48:32 Image size of job updated: 1854472
	838  -  MemoryUsage of job (MB)
	857576  -  ResidentSetSize of job (KB)
...
006 (14472.003.000) 2024-12-12 22:38:38 Image size of job updated: 1854472
	840  -  MemoryUsage of job (MB)
	859352  -  ResidentSetSize of job (KB)
...
006 (14472.003.000) 2024-12-13 00:28:48 Image size of job updated: 1854472
	845  -  MemoryUsage of job (MB)
	864928  -  ResidentSetSize of job (KB)
...
006 (14472.003.000) 2024-12-13 00:33:49 Image size of job updated: 1855868
	845  -  MemoryUsage of job (MB)
	864928  -  ResidentSetSize of job (KB)
...
006 (14472.003.000) 2024-12-13 00:43:49 Image size of job updated: 1858716
	845  -  MemoryUsage of job (MB)
	864928  -  ResidentSetSize of job (KB)
...
006 (14472.003.000) 2024-12-13 01:58:57 Image size of job updated: 1858812
	845  -  MemoryUsage of job (MB)
	864928  -  ResidentSetSize of job (KB)
...
006 (14472.003.000) 2024-12-13 04:24:12 Image size of job updated: 1860268
	845  -  MemoryUsage of job (MB)
	864928  -  ResidentSetSize of job (KB)
...
006 (14472.003.000) 2024-12-13 04:49:15 Image size of job updated: 1860388
	845  -  MemoryUsage of job (MB)
	864928  -  ResidentSetSize of job (KB)
...
006 (14472.003.000) 2024-12-13 05:04:16 Image size of job updated: 1860388
	846  -  MemoryUsage of job (MB)
	865364  -  ResidentSetSize of job (KB)
...
006 (14472.003.000) 2024-12-13 05:09:16 Image size of job updated: 1860388
	846  -  MemoryUsage of job (MB)
	865980  -  ResidentSetSize of job (KB)
...
006 (14472.003.000) 2024-12-13 05:14:16 Image size of job updated: 1860388
	846  -  MemoryUsage of job (MB)
	866112  -  ResidentSetSize of job (KB)
...
006 (14472.003.000) 2024-12-13 05:34:18 Image size of job updated: 1860392
	846  -  MemoryUsage of job (MB)
	866112  -  ResidentSetSize of job (KB)
...
006 (14472.003.000) 2024-12-13 06:24:23 Image size of job updated: 1860392
	847  -  MemoryUsage of job (MB)
	867032  -  ResidentSetSize of job (KB)
...
006 (14472.003.000) 2024-12-13 08:09:34 Image size of job updated: 1860916
	847  -  MemoryUsage of job (MB)
	867032  -  ResidentSetSize of job (KB)
...
006 (14472.003.000) 2024-12-13 09:34:43 Image size of job updated: 1862716
	855  -  MemoryUsage of job (MB)
	874512  -  ResidentSetSize of job (KB)
...
006 (14472.003.000) 2024-12-13 12:14:59 Image size of job updated: 1864700
	855  -  MemoryUsage of job (MB)
	874512  -  ResidentSetSize of job (KB)
...
006 (14472.003.000) 2024-12-13 13:05:04 Image size of job updated: 1864700
	858  -  MemoryUsage of job (MB)
	877580  -  ResidentSetSize of job (KB)
...
006 (14472.003.000) 2024-12-13 13:10:04 Image size of job updated: 1864700
	858  -  MemoryUsage of job (MB)
	877712  -  ResidentSetSize of job (KB)
...
006 (14472.003.000) 2024-12-13 15:20:17 Image size of job updated: 1865496
	858  -  MemoryUsage of job (MB)
	877712  -  ResidentSetSize of job (KB)
...
006 (14472.003.000) 2024-12-13 16:00:20 Image size of job updated: 1865496
	859  -  MemoryUsage of job (MB)
	878820  -  ResidentSetSize of job (KB)
...
006 (14472.003.000) 2024-12-13 16:55:25 Image size of job updated: 1866948
	859  -  MemoryUsage of job (MB)
	878820  -  ResidentSetSize of job (KB)
...
006 (14472.003.000) 2024-12-13 17:50:31 Image size of job updated: 1867344
	859  -  MemoryUsage of job (MB)
	878820  -  ResidentSetSize of job (KB)
...
006 (14472.003.000) 2024-12-13 18:05:33 Image size of job updated: 1869588
	859  -  MemoryUsage of job (MB)
	878820  -  ResidentSetSize of job (KB)
...
006 (14472.003.000) 2024-12-13 18:35:36 Image size of job updated: 1869588
	870  -  MemoryUsage of job (MB)
	890268  -  ResidentSetSize of job (KB)
...
006 (14472.003.000) 2024-12-13 18:40:37 Image size of job updated: 1869588
	870  -  MemoryUsage of job (MB)
	890400  -  ResidentSetSize of job (KB)
...
006 (14472.003.000) 2024-12-13 22:10:58 Image size of job updated: 1869672
	870  -  MemoryUsage of job (MB)
	890400  -  ResidentSetSize of job (KB)
...
006 (14472.003.000) 2024-12-13 22:15:58 Image size of job updated: 1870860
	870  -  MemoryUsage of job (MB)
	890400  -  ResidentSetSize of job (KB)
...
006 (14472.003.000) 2024-12-13 23:46:09 Image size of job updated: 1871784
	870  -  MemoryUsage of job (MB)
	890400  -  ResidentSetSize of job (KB)
...
006 (14472.003.000) 2024-12-14 00:51:16 Image size of job updated: 1872576
	870  -  MemoryUsage of job (MB)
	890400  -  ResidentSetSize of job (KB)
...
006 (14472.003.000) 2024-12-14 01:16:18 Image size of job updated: 1872708
	870  -  MemoryUsage of job (MB)
	890400  -  ResidentSetSize of job (KB)
...
006 (14472.003.000) 2024-12-14 02:01:23 Image size of job updated: 1874556
	870  -  MemoryUsage of job (MB)
	890400  -  ResidentSetSize of job (KB)
...
006 (14472.003.000) 2024-12-14 03:16:30 Image size of job updated: 1875476
	870  -  MemoryUsage of job (MB)
	890400  -  ResidentSetSize of job (KB)
...
006 (14472.003.000) 2024-12-14 04:16:37 Image size of job updated: 1876472
	870  -  MemoryUsage of job (MB)
	890400  -  ResidentSetSize of job (KB)
...
006 (14472.003.000) 2024-12-14 06:46:51 Image size of job updated: 1877092
	870  -  MemoryUsage of job (MB)
	890400  -  ResidentSetSize of job (KB)
...
006 (14472.003.000) 2024-12-14 07:11:52 Image size of job updated: 1877604
	870  -  MemoryUsage of job (MB)
	890400  -  ResidentSetSize of job (KB)
...
006 (14472.003.000) 2024-12-14 07:41:54 Image size of job updated: 1877604
	876  -  MemoryUsage of job (MB)
	896748  -  ResidentSetSize of job (KB)
...
006 (14472.003.000) 2024-12-14 08:52:01 Image size of job updated: 1877604
	878  -  MemoryUsage of job (MB)
	898160  -  ResidentSetSize of job (KB)
...
006 (14472.003.000) 2024-12-14 09:52:06 Image size of job updated: 1877604
	879  -  MemoryUsage of job (MB)
	899844  -  ResidentSetSize of job (KB)
...
006 (14472.003.000) 2024-12-14 10:27:11 Image size of job updated: 1877856
	879  -  MemoryUsage of job (MB)
	899844  -  ResidentSetSize of job (KB)
...
006 (14472.003.000) 2024-12-14 10:32:12 Image size of job updated: 1878892
	879  -  MemoryUsage of job (MB)
	899844  -  ResidentSetSize of job (KB)
...
005 (14472.003.000) 2024-12-14 11:16:22 Job terminated.
	(1) Normal termination (return value 0)
		Usr 8 00:03:19, Sys 0 00:31:14  -  Run Remote Usage
		Usr 0 00:00:00, Sys 0 00:00:00  -  Run Local Usage
		Usr 8 00:03:19, Sys 0 00:31:14  -  Total Remote Usage
		Usr 0 00:00:00, Sys 0 00:00:00  -  Total Local Usage
	0  -  Run Bytes Sent By Job
	0  -  Run Bytes Received By Job
	0  -  Total Bytes Sent By Job
	0  -  Total Bytes Received By Job
	Partitionable Resources :    Usage  Request Allocated 
	   Cpus                 :     0.99        1         1 
	   Disk (KB)            :    15          15      2281 
	   Memory (MB)          :   879        2048      2048 

	Job terminated of its own accord at 2024-12-14T10:16:22Z with exit-code 0.
...
