000 (14464.000.000) 2024-12-05 14:47:32 Job submitted from host: <10.18.24.233:9618?addrs=10.18.24.233-9618&alias=bioclusts03.bioclust.biologie.ens.fr&noUDP&sock=schedd_910141_9a29>
...
001 (14464.000.000) 2024-12-05 14:47:32 Job executing on host: <10.18.24.110:9618?addrs=10.18.24.110-9618&alias=ecoclust15.bioclust.biologie.ens.fr&noUDP&sock=startd_1108_9306>
...
006 (14464.000.000) 2024-12-05 14:47:41 Image size of job updated: 329032
	227  -  MemoryUsage of job (MB)
	231572  -  ResidentSetSize of job (KB)
...
006 (14464.000.000) 2024-12-05 14:52:42 Image size of job updated: 1651280
	613  -  MemoryUsage of job (MB)
	627200  -  ResidentSetSize of job (KB)
...
006 (14464.000.000) 2024-12-05 14:57:42 Image size of job updated: 1651280
	613  -  MemoryUsage of job (MB)
	627464  -  ResidentSetSize of job (KB)
...
005 (14464.000.000) 2024-12-05 14:58:56 Job terminated.
	(1) Normal termination (return value 0)
		Usr 0 00:10:50, Sys 0 00:00:30  -  Run Remote Usage
		Usr 0 00:00:00, Sys 0 00:00:00  -  Run Local Usage
		Usr 0 00:10:50, Sys 0 00:00:30  -  Total Remote Usage
		Usr 0 00:00:00, Sys 0 00:00:00  -  Total Local Usage
	0  -  Run Bytes Sent By Job
	0  -  Run Bytes Received By Job
	0  -  Total Bytes Sent By Job
	0  -  Total Bytes Received By Job
	Partitionable Resources :    Usage  Request Allocated 
	   Cpus                 :     1.00        1         1 
	   Disk (KB)            :    15          15      2281 
	   Memory (MB)          :   613        1024      1024 

	Job terminated of its own accord at 2024-12-05T13:58:56Z with exit-code 0.
...
