000 (14464.002.000) 2024-12-05 14:47:32 Job submitted from host: <10.18.24.233:9618?addrs=10.18.24.233-9618&alias=bioclusts03.bioclust.biologie.ens.fr&noUDP&sock=schedd_910141_9a29>
...
001 (14464.002.000) 2024-12-05 14:47:32 Job executing on host: <10.18.24.12:9618?addrs=10.18.24.12-9618&alias=bioclust12.bioclust.biologie.ens.fr&noUDP&sock=startd_52665_6353>
...
006 (14464.002.000) 2024-12-05 14:47:41 Image size of job updated: 521612
	420  -  MemoryUsage of job (MB)
	430004  -  ResidentSetSize of job (KB)
...
006 (14464.002.000) 2024-12-05 14:52:42 Image size of job updated: 1700500
	577  -  MemoryUsage of job (MB)
	590740  -  ResidentSetSize of job (KB)
...
006 (14464.002.000) 2024-12-05 14:57:42 Image size of job updated: 1700500
	594  -  MemoryUsage of job (MB)
	607288  -  ResidentSetSize of job (KB)
...
006 (14464.002.000) 2024-12-05 15:02:42 Image size of job updated: 1700500
	650  -  MemoryUsage of job (MB)
	665252  -  ResidentSetSize of job (KB)
...
005 (14464.002.000) 2024-12-05 15:04:06 Job terminated.
	(1) Normal termination (return value 0)
		Usr 0 00:15:36, Sys 0 00:00:48  -  Run Remote Usage
		Usr 0 00:00:00, Sys 0 00:00:00  -  Run Local Usage
		Usr 0 00:15:36, Sys 0 00:00:48  -  Total Remote Usage
		Usr 0 00:00:00, Sys 0 00:00:00  -  Total Local Usage
	0  -  Run Bytes Sent By Job
	0  -  Run Bytes Received By Job
	0  -  Total Bytes Sent By Job
	0  -  Total Bytes Received By Job
	Partitionable Resources :    Usage  Request Allocated 
	   Cpus                 :     1.00        1         1 
	   Disk (KB)            :    15          15      2316 
	   Memory (MB)          :   650        1024      1024 

	Job terminated of its own accord at 2024-12-05T14:04:06Z with exit-code 0.
...
