000 (14462.002.000) 2024-12-05 11:56:09 Job submitted from host: <10.18.24.233:9618?addrs=10.18.24.233-9618&alias=bioclusts03.bioclust.biologie.ens.fr&noUDP&sock=schedd_910141_9a29>
...
001 (14462.002.000) 2024-12-05 11:56:09 Job executing on host: <10.18.24.6:9618?addrs=10.18.24.6-9618&alias=bioclust06.bioclust.biologie.ens.fr&noUDP&sock=startd_1466551_94fd>
...
006 (14462.002.000) 2024-12-05 11:56:18 Image size of job updated: 641664
	173  -  MemoryUsage of job (MB)
	176704  -  ResidentSetSize of job (KB)
...
006 (14462.002.000) 2024-12-05 12:01:19 Image size of job updated: 1637676
	636  -  MemoryUsage of job (MB)
	650988  -  ResidentSetSize of job (KB)
...
006 (14462.002.000) 2024-12-05 12:06:19 Image size of job updated: 1704636
	655  -  MemoryUsage of job (MB)
	670700  -  ResidentSetSize of job (KB)
...
006 (14462.002.000) 2024-12-05 12:11:20 Image size of job updated: 1704636
	656  -  MemoryUsage of job (MB)
	670964  -  ResidentSetSize of job (KB)
...
006 (14462.002.000) 2024-12-05 12:16:21 Image size of job updated: 1770188
	683  -  MemoryUsage of job (MB)
	698572  -  ResidentSetSize of job (KB)
...
006 (14462.002.000) 2024-12-05 12:21:21 Image size of job updated: 1835900
	824  -  MemoryUsage of job (MB)
	843216  -  ResidentSetSize of job (KB)
...
006 (14462.002.000) 2024-12-05 12:26:22 Image size of job updated: 1901772
	837  -  MemoryUsage of job (MB)
	856164  -  ResidentSetSize of job (KB)
...
006 (14462.002.000) 2024-12-05 12:31:23 Image size of job updated: 1901772
	837  -  MemoryUsage of job (MB)
	856560  -  ResidentSetSize of job (KB)
...
006 (14462.002.000) 2024-12-05 12:36:23 Image size of job updated: 1967324
	837  -  MemoryUsage of job (MB)
	856560  -  ResidentSetSize of job (KB)
...
006 (14462.002.000) 2024-12-05 12:41:23 Image size of job updated: 2033836
	844  -  MemoryUsage of job (MB)
	863992  -  ResidentSetSize of job (KB)
...
006 (14462.002.000) 2024-12-05 12:46:24 Image size of job updated: 2033836
	944  -  MemoryUsage of job (MB)
	966052  -  ResidentSetSize of job (KB)
...
006 (14462.002.000) 2024-12-05 12:51:24 Image size of job updated: 2099388
	944  -  MemoryUsage of job (MB)
	966316  -  ResidentSetSize of job (KB)
...
006 (14462.002.000) 2024-12-05 12:56:24 Image size of job updated: 2164940
	946  -  MemoryUsage of job (MB)
	967984  -  ResidentSetSize of job (KB)
...
006 (14462.002.000) 2024-12-05 13:01:25 Image size of job updated: 2230652
	1151  -  MemoryUsage of job (MB)
	1177736  -  ResidentSetSize of job (KB)
...
006 (14462.002.000) 2024-12-05 13:06:26 Image size of job updated: 2230652
	1151  -  MemoryUsage of job (MB)
	1178000  -  ResidentSetSize of job (KB)
...
006 (14462.002.000) 2024-12-05 13:11:26 Image size of job updated: 2296204
	1151  -  MemoryUsage of job (MB)
	1178000  -  ResidentSetSize of job (KB)
...
006 (14462.002.000) 2024-12-05 13:16:27 Image size of job updated: 2428316
	1151  -  MemoryUsage of job (MB)
	1178000  -  ResidentSetSize of job (KB)
...
006 (14462.002.000) 2024-12-05 13:21:28 Image size of job updated: 2428500
	1280  -  MemoryUsage of job (MB)
	1310324  -  ResidentSetSize of job (KB)
...
006 (14462.002.000) 2024-12-05 13:26:28 Image size of job updated: 2494472
	1280  -  MemoryUsage of job (MB)
	1310588  -  ResidentSetSize of job (KB)
...
006 (14462.002.000) 2024-12-05 13:31:28 Image size of job updated: 2560024
	1280  -  MemoryUsage of job (MB)
	1310588  -  ResidentSetSize of job (KB)
...
006 (14462.002.000) 2024-12-05 13:33:30 Image size of job updated: 3842768
	1280  -  MemoryUsage of job (MB)
	1310588  -  ResidentSetSize of job (KB)
...
005 (14462.002.000) 2024-12-05 13:33:30 Job terminated.
	(1) Normal termination (return value 1)
		Usr 0 01:29:29, Sys 0 00:07:40  -  Run Remote Usage
		Usr 0 00:00:00, Sys 0 00:00:00  -  Run Local Usage
		Usr 0 01:29:29, Sys 0 00:07:40  -  Total Remote Usage
		Usr 0 00:00:00, Sys 0 00:00:00  -  Total Local Usage
	0  -  Run Bytes Sent By Job
	0  -  Run Bytes Received By Job
	0  -  Total Bytes Sent By Job
	0  -  Total Bytes Received By Job
	Partitionable Resources :    Usage  Request Allocated 
	   Cpus                 :     1.00        1         1 
	   Disk (KB)            :    15          15      4094 
	   Memory (MB)          :  1280       10240     10240 

	Job terminated of its own accord at 2024-12-05T12:33:30Z with exit-code 1.
...
