000 (14463.000.000) 2024-12-05 13:29:25 Job submitted from host: <10.18.24.233:9618?addrs=10.18.24.233-9618&alias=bioclusts03.bioclust.biologie.ens.fr&noUDP&sock=schedd_910141_9a29>
...
001 (14463.000.000) 2024-12-05 13:29:35 Job executing on host: <10.18.24.6:9618?addrs=10.18.24.6-9618&alias=bioclust06.bioclust.biologie.ens.fr&noUDP&sock=startd_1466551_94fd>
...
006 (14463.000.000) 2024-12-05 13:29:44 Image size of job updated: 720552
	173  -  MemoryUsage of job (MB)
	176872  -  ResidentSetSize of job (KB)
...
006 (14463.000.000) 2024-12-05 13:34:45 Image size of job updated: 2115804
	1089  -  MemoryUsage of job (MB)
	1114368  -  ResidentSetSize of job (KB)
...
006 (14463.000.000) 2024-12-05 13:39:45 Image size of job updated: 2199832
	1089  -  MemoryUsage of job (MB)
	1114368  -  ResidentSetSize of job (KB)
...
006 (14463.000.000) 2024-12-05 13:44:45 Image size of job updated: 2251176
	1135  -  MemoryUsage of job (MB)
	1161364  -  ResidentSetSize of job (KB)
...
006 (14463.000.000) 2024-12-05 13:49:46 Image size of job updated: 2355204
	1298  -  MemoryUsage of job (MB)
	1328216  -  ResidentSetSize of job (KB)
...
006 (14463.000.000) 2024-12-05 14:04:47 Image size of job updated: 2440200
	1365  -  MemoryUsage of job (MB)
	1397712  -  ResidentSetSize of job (KB)
...
006 (14463.000.000) 2024-12-05 14:09:48 Image size of job updated: 2451796
	1404  -  MemoryUsage of job (MB)
	1436964  -  ResidentSetSize of job (KB)
...
006 (14463.000.000) 2024-12-05 14:14:48 Image size of job updated: 2597136
	1404  -  MemoryUsage of job (MB)
	1436964  -  ResidentSetSize of job (KB)
...
006 (14463.000.000) 2024-12-05 14:29:49 Image size of job updated: 2597136
	1431  -  MemoryUsage of job (MB)
	1465116  -  ResidentSetSize of job (KB)
...
006 (14463.000.000) 2024-12-05 14:34:49 Image size of job updated: 2597136
	1490  -  MemoryUsage of job (MB)
	1525572  -  ResidentSetSize of job (KB)
...
006 (14463.000.000) 2024-12-05 14:39:51 Image size of job updated: 2599784
	1536  -  MemoryUsage of job (MB)
	1572052  -  ResidentSetSize of job (KB)
...
006 (14463.000.000) 2024-12-05 14:44:51 Image size of job updated: 2667032
	1620  -  MemoryUsage of job (MB)
	1658480  -  ResidentSetSize of job (KB)
...
006 (14463.000.000) 2024-12-05 14:49:51 Image size of job updated: 2772648
	1740  -  MemoryUsage of job (MB)
	1781464  -  ResidentSetSize of job (KB)
...
006 (14463.000.000) 2024-12-05 14:54:52 Image size of job updated: 2812284
	1799  -  MemoryUsage of job (MB)
	1842084  -  ResidentSetSize of job (KB)
...
006 (14463.000.000) 2024-12-05 15:29:55 Image size of job updated: 2822844
	1799  -  MemoryUsage of job (MB)
	1842084  -  ResidentSetSize of job (KB)
...
006 (14463.000.000) 2024-12-05 15:39:55 Image size of job updated: 2851384
	1799  -  MemoryUsage of job (MB)
	1842084  -  ResidentSetSize of job (KB)
...
006 (14463.000.000) 2024-12-05 15:44:56 Image size of job updated: 2976872
	1866  -  MemoryUsage of job (MB)
	1910640  -  ResidentSetSize of job (KB)
...
006 (14463.000.000) 2024-12-05 15:49:57 Image size of job updated: 3000648
	1900  -  MemoryUsage of job (MB)
	1945048  -  ResidentSetSize of job (KB)
...
006 (14463.000.000) 2024-12-05 15:54:57 Image size of job updated: 3001364
	1906  -  MemoryUsage of job (MB)
	1951352  -  ResidentSetSize of job (KB)
...
006 (14463.000.000) 2024-12-05 15:59:58 Image size of job updated: 3051244
	1968  -  MemoryUsage of job (MB)
	2014336  -  ResidentSetSize of job (KB)
...
006 (14463.000.000) 2024-12-05 16:04:59 Image size of job updated: 3163108
	2084  -  MemoryUsage of job (MB)
	2133076  -  ResidentSetSize of job (KB)
...
006 (14463.000.000) 2024-12-05 16:09:59 Image size of job updated: 3163108
	2089  -  MemoryUsage of job (MB)
	2139096  -  ResidentSetSize of job (KB)
...
006 (14463.000.000) 2024-12-05 16:14:59 Image size of job updated: 3283136
	2217  -  MemoryUsage of job (MB)
	2269364  -  ResidentSetSize of job (KB)
...
006 (14463.000.000) 2024-12-05 16:20:00 Image size of job updated: 3283136
	2223  -  MemoryUsage of job (MB)
	2275360  -  ResidentSetSize of job (KB)
...
006 (14463.000.000) 2024-12-05 16:25:00 Image size of job updated: 3283136
	2229  -  MemoryUsage of job (MB)
	2281828  -  ResidentSetSize of job (KB)
...
006 (14463.000.000) 2024-12-05 17:05:04 Image size of job updated: 3332352
	2229  -  MemoryUsage of job (MB)
	2281828  -  ResidentSetSize of job (KB)
...
006 (14463.000.000) 2024-12-05 17:10:05 Image size of job updated: 3336184
	2229  -  MemoryUsage of job (MB)
	2281828  -  ResidentSetSize of job (KB)
...
006 (14463.000.000) 2024-12-05 17:20:05 Image size of job updated: 3411488
	2229  -  MemoryUsage of job (MB)
	2281828  -  ResidentSetSize of job (KB)
...
006 (14463.000.000) 2024-12-05 17:25:06 Image size of job updated: 3460384
	2258  -  MemoryUsage of job (MB)
	2311728  -  ResidentSetSize of job (KB)
...
006 (14463.000.000) 2024-12-05 17:30:07 Image size of job updated: 3471780
	2292  -  MemoryUsage of job (MB)
	2346380  -  ResidentSetSize of job (KB)
...
006 (14463.000.000) 2024-12-05 17:35:07 Image size of job updated: 3515980
	2339  -  MemoryUsage of job (MB)
	2394228  -  ResidentSetSize of job (KB)
...
006 (14463.000.000) 2024-12-05 17:40:08 Image size of job updated: 3515980
	2341  -  MemoryUsage of job (MB)
	2396868  -  ResidentSetSize of job (KB)
...
006 (14463.000.000) 2024-12-05 17:45:09 Image size of job updated: 3540780
	2377  -  MemoryUsage of job (MB)
	2433744  -  ResidentSetSize of job (KB)
...
006 (14463.000.000) 2024-12-05 17:50:09 Image size of job updated: 3579320
	2406  -  MemoryUsage of job (MB)
	2463200  -  ResidentSetSize of job (KB)
...
006 (14463.000.000) 2024-12-05 17:55:09 Image size of job updated: 3625388
	2461  -  MemoryUsage of job (MB)
	2519816  -  ResidentSetSize of job (KB)
...
006 (14463.000.000) 2024-12-05 18:00:11 Image size of job updated: 3725444
	2527  -  MemoryUsage of job (MB)
	2586768  -  ResidentSetSize of job (KB)
...
006 (14463.000.000) 2024-12-05 18:05:11 Image size of job updated: 3725444
	2528  -  MemoryUsage of job (MB)
	2588088  -  ResidentSetSize of job (KB)
...
006 (14463.000.000) 2024-12-05 18:10:11 Image size of job updated: 3729872
	2562  -  MemoryUsage of job (MB)
	2623448  -  ResidentSetSize of job (KB)
...
006 (14463.000.000) 2024-12-05 18:15:12 Image size of job updated: 3781868
	2615  -  MemoryUsage of job (MB)
	2677512  -  ResidentSetSize of job (KB)
...
006 (14463.000.000) 2024-12-05 18:20:13 Image size of job updated: 3842204
	2639  -  MemoryUsage of job (MB)
	2701800  -  ResidentSetSize of job (KB)
...
006 (14463.000.000) 2024-12-05 18:25:13 Image size of job updated: 3842204
	2643  -  MemoryUsage of job (MB)
	2705732  -  ResidentSetSize of job (KB)
...
006 (14463.000.000) 2024-12-05 18:30:13 Image size of job updated: 3880540
	2695  -  MemoryUsage of job (MB)
	2759380  -  ResidentSetSize of job (KB)
...
006 (14463.000.000) 2024-12-05 18:35:14 Image size of job updated: 3935000
	2758  -  MemoryUsage of job (MB)
	2823980  -  ResidentSetSize of job (KB)
...
006 (14463.000.000) 2024-12-05 18:40:14 Image size of job updated: 3967752
	2800  -  MemoryUsage of job (MB)
	2866776  -  ResidentSetSize of job (KB)
...
006 (14463.000.000) 2024-12-05 18:45:14 Image size of job updated: 3988508
	2829  -  MemoryUsage of job (MB)
	2896740  -  ResidentSetSize of job (KB)
...
006 (14463.000.000) 2024-12-05 18:55:15 Image size of job updated: 4100812
	2900  -  MemoryUsage of job (MB)
	2969052  -  ResidentSetSize of job (KB)
...
006 (14463.000.000) 2024-12-05 19:00:15 Image size of job updated: 4100812
	2937  -  MemoryUsage of job (MB)
	3006528  -  ResidentSetSize of job (KB)
...
006 (14463.000.000) 2024-12-05 19:05:16 Image size of job updated: 4217040
	3058  -  MemoryUsage of job (MB)
	3130648  -  ResidentSetSize of job (KB)
...
006 (14463.000.000) 2024-12-05 19:10:17 Image size of job updated: 4277688
	3127  -  MemoryUsage of job (MB)
	3201840  -  ResidentSetSize of job (KB)
...
006 (14463.000.000) 2024-12-05 19:15:17 Image size of job updated: 4277688
	3132  -  MemoryUsage of job (MB)
	3207120  -  ResidentSetSize of job (KB)
...
006 (14463.000.000) 2024-12-05 19:20:18 Image size of job updated: 4277688
	3133  -  MemoryUsage of job (MB)
	3207516  -  ResidentSetSize of job (KB)
...
006 (14463.000.000) 2024-12-05 19:25:19 Image size of job updated: 4290312
	3133  -  MemoryUsage of job (MB)
	3208048  -  ResidentSetSize of job (KB)
...
006 (14463.000.000) 2024-12-05 19:30:19 Image size of job updated: 4329176
	3170  -  MemoryUsage of job (MB)
	3245508  -  ResidentSetSize of job (KB)
...
006 (14463.000.000) 2024-12-05 19:35:20 Image size of job updated: 4369176
	3173  -  MemoryUsage of job (MB)
	3248488  -  ResidentSetSize of job (KB)
...
006 (14463.000.000) 2024-12-05 19:40:21 Image size of job updated: 4441052
	3246  -  MemoryUsage of job (MB)
	3323856  -  ResidentSetSize of job (KB)
...
006 (14463.000.000) 2024-12-05 19:45:21 Image size of job updated: 4441052
	3257  -  MemoryUsage of job (MB)
	3334356  -  ResidentSetSize of job (KB)
...
006 (14463.000.000) 2024-12-05 19:50:21 Image size of job updated: 4713508
	3555  -  MemoryUsage of job (MB)
	3639824  -  ResidentSetSize of job (KB)
...
006 (14463.000.000) 2024-12-05 19:55:22 Image size of job updated: 4762716
	3555  -  MemoryUsage of job (MB)
	3639824  -  ResidentSetSize of job (KB)
...
006 (14463.000.000) 2024-12-05 20:20:24 Image size of job updated: 4828760
	3555  -  MemoryUsage of job (MB)
	3639824  -  ResidentSetSize of job (KB)
...
006 (14463.000.000) 2024-12-05 20:25:25 Image size of job updated: 4855612
	3555  -  MemoryUsage of job (MB)
	3639824  -  ResidentSetSize of job (KB)
...
006 (14463.000.000) 2024-12-05 20:40:27 Image size of job updated: 4942344
	3588  -  MemoryUsage of job (MB)
	3673892  -  ResidentSetSize of job (KB)
...
006 (14463.000.000) 2024-12-05 20:45:28 Image size of job updated: 4942344
	3592  -  MemoryUsage of job (MB)
	3677428  -  ResidentSetSize of job (KB)
...
006 (14463.000.000) 2024-12-05 20:50:28 Image size of job updated: 5017516
	3681  -  MemoryUsage of job (MB)
	3769160  -  ResidentSetSize of job (KB)
...
006 (14463.000.000) 2024-12-05 20:55:28 Image size of job updated: 5052664
	3728  -  MemoryUsage of job (MB)
	3817124  -  ResidentSetSize of job (KB)
...
006 (14463.000.000) 2024-12-05 21:00:29 Image size of job updated: 5052664
	3729  -  MemoryUsage of job (MB)
	3817652  -  ResidentSetSize of job (KB)
...
006 (14463.000.000) 2024-12-05 21:05:29 Image size of job updated: 5115420
	3778  -  MemoryUsage of job (MB)
	3868588  -  ResidentSetSize of job (KB)
...
006 (14463.000.000) 2024-12-05 21:10:29 Image size of job updated: 5135448
	3780  -  MemoryUsage of job (MB)
	3870576  -  ResidentSetSize of job (KB)
...
006 (14463.000.000) 2024-12-05 21:15:31 Image size of job updated: 5135448
	3780  -  MemoryUsage of job (MB)
	3870644  -  ResidentSetSize of job (KB)
...
006 (14463.000.000) 2024-12-05 21:20:31 Image size of job updated: 5135448
	3801  -  MemoryUsage of job (MB)
	3891224  -  ResidentSetSize of job (KB)
...
006 (14463.000.000) 2024-12-05 21:25:31 Image size of job updated: 5137372
	3801  -  MemoryUsage of job (MB)
	3891224  -  ResidentSetSize of job (KB)
...
006 (14463.000.000) 2024-12-05 21:30:32 Image size of job updated: 5335108
	4042  -  MemoryUsage of job (MB)
	4138180  -  ResidentSetSize of job (KB)
...
006 (14463.000.000) 2024-12-05 21:35:33 Image size of job updated: 5355304
	4051  -  MemoryUsage of job (MB)
	4147388  -  ResidentSetSize of job (KB)
...
006 (14463.000.000) 2024-12-05 21:40:33 Image size of job updated: 5355304
	4051  -  MemoryUsage of job (MB)
	4147916  -  ResidentSetSize of job (KB)
...
006 (14463.000.000) 2024-12-05 21:45:34 Image size of job updated: 5355304
	4058  -  MemoryUsage of job (MB)
	4155176  -  ResidentSetSize of job (KB)
...
006 (14463.000.000) 2024-12-05 21:50:35 Image size of job updated: 5494684
	4172  -  MemoryUsage of job (MB)
	4271772  -  ResidentSetSize of job (KB)
...
006 (14463.000.000) 2024-12-05 21:55:35 Image size of job updated: 5514812
	4172  -  MemoryUsage of job (MB)
	4271772  -  ResidentSetSize of job (KB)
...
006 (14463.000.000) 2024-12-05 22:05:36 Image size of job updated: 5560176
	4233  -  MemoryUsage of job (MB)
	4333756  -  ResidentSetSize of job (KB)
...
006 (14463.000.000) 2024-12-05 22:10:37 Image size of job updated: 5560176
	4235  -  MemoryUsage of job (MB)
	4336500  -  ResidentSetSize of job (KB)
...
006 (14463.000.000) 2024-12-05 22:15:37 Image size of job updated: 5560176
	4239  -  MemoryUsage of job (MB)
	4340324  -  ResidentSetSize of job (KB)
...
006 (14463.000.000) 2024-12-05 22:20:37 Image size of job updated: 5669364
	4369  -  MemoryUsage of job (MB)
	4473220  -  ResidentSetSize of job (KB)
...
006 (14463.000.000) 2024-12-05 22:25:38 Image size of job updated: 5698736
	4439  -  MemoryUsage of job (MB)
	4545036  -  ResidentSetSize of job (KB)
...
006 (14463.000.000) 2024-12-05 22:30:39 Image size of job updated: 5811148
	4494  -  MemoryUsage of job (MB)
	4601632  -  ResidentSetSize of job (KB)
...
006 (14463.000.000) 2024-12-05 22:35:39 Image size of job updated: 5850688
	4546  -  MemoryUsage of job (MB)
	4654144  -  ResidentSetSize of job (KB)
...
006 (14463.000.000) 2024-12-05 22:40:40 Image size of job updated: 5850688
	4549  -  MemoryUsage of job (MB)
	4657968  -  ResidentSetSize of job (KB)
...
006 (14463.000.000) 2024-12-05 22:45:41 Image size of job updated: 5957564
	4658  -  MemoryUsage of job (MB)
	4769788  -  ResidentSetSize of job (KB)
...
006 (14463.000.000) 2024-12-05 22:50:41 Image size of job updated: 5957564
	4660  -  MemoryUsage of job (MB)
	4771040  -  ResidentSetSize of job (KB)
...
006 (14463.000.000) 2024-12-05 22:55:41 Image size of job updated: 5973308
	4703  -  MemoryUsage of job (MB)
	4815388  -  ResidentSetSize of job (KB)
...
006 (14463.000.000) 2024-12-05 23:00:42 Image size of job updated: 6023316
	4737  -  MemoryUsage of job (MB)
	4850472  -  ResidentSetSize of job (KB)
...
006 (14463.000.000) 2024-12-05 23:05:42 Image size of job updated: 6023316
	4738  -  MemoryUsage of job (MB)
	4851672  -  ResidentSetSize of job (KB)
...
006 (14463.000.000) 2024-12-05 23:10:42 Image size of job updated: 6023316
	4739  -  MemoryUsage of job (MB)
	4851792  -  ResidentSetSize of job (KB)
...
006 (14463.000.000) 2024-12-05 23:15:43 Image size of job updated: 6095208
	4831  -  MemoryUsage of job (MB)
	4946020  -  ResidentSetSize of job (KB)
...
006 (14463.000.000) 2024-12-05 23:20:43 Image size of job updated: 6119732
	4831  -  MemoryUsage of job (MB)
	4946640  -  ResidentSetSize of job (KB)
...
006 (14463.000.000) 2024-12-05 23:25:43 Image size of job updated: 6226884
	4972  -  MemoryUsage of job (MB)
	5090360  -  ResidentSetSize of job (KB)
...
006 (14463.000.000) 2024-12-05 23:30:44 Image size of job updated: 6226884
	4972  -  MemoryUsage of job (MB)
	5090624  -  ResidentSetSize of job (KB)
...
006 (14463.000.000) 2024-12-05 23:35:45 Image size of job updated: 6226884
	4973  -  MemoryUsage of job (MB)
	5091360  -  ResidentSetSize of job (KB)
...
006 (14463.000.000) 2024-12-05 23:40:45 Image size of job updated: 6229744
	4975  -  MemoryUsage of job (MB)
	5094364  -  ResidentSetSize of job (KB)
...
006 (14463.000.000) 2024-12-05 23:45:45 Image size of job updated: 6310620
	5054  -  MemoryUsage of job (MB)
	5175072  -  ResidentSetSize of job (KB)
...
006 (14463.000.000) 2024-12-05 23:50:46 Image size of job updated: 6320212
	5055  -  MemoryUsage of job (MB)
	5175408  -  ResidentSetSize of job (KB)
...
006 (14463.000.000) 2024-12-05 23:55:46 Image size of job updated: 6320212
	5056  -  MemoryUsage of job (MB)
	5177224  -  ResidentSetSize of job (KB)
...
006 (14463.000.000) 2024-12-06 00:05:47 Image size of job updated: 6451152
	5157  -  MemoryUsage of job (MB)
	5280072  -  ResidentSetSize of job (KB)
...
006 (14463.000.000) 2024-12-06 00:10:48 Image size of job updated: 6547052
	5229  -  MemoryUsage of job (MB)
	5354156  -  ResidentSetSize of job (KB)
...
006 (14463.000.000) 2024-12-06 00:15:48 Image size of job updated: 6547052
	5241  -  MemoryUsage of job (MB)
	5366124  -  ResidentSetSize of job (KB)
...
006 (14463.000.000) 2024-12-06 00:20:49 Image size of job updated: 6589960
	5334  -  MemoryUsage of job (MB)
	5461248  -  ResidentSetSize of job (KB)
...
006 (14463.000.000) 2024-12-06 00:25:50 Image size of job updated: 6589960
	5338  -  MemoryUsage of job (MB)
	5465092  -  ResidentSetSize of job (KB)
...
006 (14463.000.000) 2024-12-06 00:30:50 Image size of job updated: 6715180
	5430  -  MemoryUsage of job (MB)
	5560012  -  ResidentSetSize of job (KB)
...
006 (14463.000.000) 2024-12-06 00:35:50 Image size of job updated: 6760144
	5503  -  MemoryUsage of job (MB)
	5634924  -  ResidentSetSize of job (KB)
...
006 (14463.000.000) 2024-12-06 00:40:50 Image size of job updated: 6760144
	5504  -  MemoryUsage of job (MB)
	5635548  -  ResidentSetSize of job (KB)
...
006 (14463.000.000) 2024-12-06 00:45:51 Image size of job updated: 6796464
	5541  -  MemoryUsage of job (MB)
	5673956  -  ResidentSetSize of job (KB)
...
006 (14463.000.000) 2024-12-06 00:50:52 Image size of job updated: 6796464
	5542  -  MemoryUsage of job (MB)
	5675000  -  ResidentSetSize of job (KB)
...
006 (14463.000.000) 2024-12-06 00:55:52 Image size of job updated: 6796464
	5544  -  MemoryUsage of job (MB)
	5676260  -  ResidentSetSize of job (KB)
...
006 (14463.000.000) 2024-12-06 01:00:52 Image size of job updated: 6931308
	5678  -  MemoryUsage of job (MB)
	5814016  -  ResidentSetSize of job (KB)
...
006 (14463.000.000) 2024-12-06 01:05:53 Image size of job updated: 6931308
	5684  -  MemoryUsage of job (MB)
	5820388  -  ResidentSetSize of job (KB)
...
006 (14463.000.000) 2024-12-06 01:15:53 Image size of job updated: 6944976
	5684  -  MemoryUsage of job (MB)
	5820388  -  ResidentSetSize of job (KB)
...
006 (14463.000.000) 2024-12-06 01:20:54 Image size of job updated: 6944976
	5691  -  MemoryUsage of job (MB)
	5826624  -  ResidentSetSize of job (KB)
...
006 (14463.000.000) 2024-12-06 01:25:55 Image size of job updated: 7094136
	5820  -  MemoryUsage of job (MB)
	5959424  -  ResidentSetSize of job (KB)
...
006 (14463.000.000) 2024-12-06 01:45:57 Image size of job updated: 7141948
	5889  -  MemoryUsage of job (MB)
	6029492  -  ResidentSetSize of job (KB)
...
006 (14463.000.000) 2024-12-06 01:55:58 Image size of job updated: 7242176
	5991  -  MemoryUsage of job (MB)
	6133828  -  ResidentSetSize of job (KB)
...
006 (14463.000.000) 2024-12-06 02:00:59 Image size of job updated: 7400484
	6146  -  MemoryUsage of job (MB)
	6292632  -  ResidentSetSize of job (KB)
...
006 (14463.000.000) 2024-12-06 02:05:59 Image size of job updated: 7664860
	6404  -  MemoryUsage of job (MB)
	6557516  -  ResidentSetSize of job (KB)
...
006 (14463.000.000) 2024-12-06 03:01:04 Image size of job updated: 7852568
	6404  -  MemoryUsage of job (MB)
	6557516  -  ResidentSetSize of job (KB)
...
006 (14463.000.000) 2024-12-06 03:06:05 Image size of job updated: 7871580
	6484  -  MemoryUsage of job (MB)
	6639496  -  ResidentSetSize of job (KB)
...
006 (14463.000.000) 2024-12-06 03:11:05 Image size of job updated: 8008308
	6653  -  MemoryUsage of job (MB)
	6812500  -  ResidentSetSize of job (KB)
...
006 (14463.000.000) 2024-12-06 03:16:05 Image size of job updated: 8008308
	6654  -  MemoryUsage of job (MB)
	6812928  -  ResidentSetSize of job (KB)
...
006 (14463.000.000) 2024-12-06 03:21:07 Image size of job updated: 8062288
	6749  -  MemoryUsage of job (MB)
	6910064  -  ResidentSetSize of job (KB)
...
006 (14463.000.000) 2024-12-06 03:26:07 Image size of job updated: 8280936
	6965  -  MemoryUsage of job (MB)
	7131436  -  ResidentSetSize of job (KB)
...
006 (14463.000.000) 2024-12-06 03:36:08 Image size of job updated: 8280936
	6987  -  MemoryUsage of job (MB)
	7153940  -  ResidentSetSize of job (KB)
...
006 (14463.000.000) 2024-12-06 03:41:09 Image size of job updated: 8317252
	7041  -  MemoryUsage of job (MB)
	7209064  -  ResidentSetSize of job (KB)
...
006 (14463.000.000) 2024-12-06 03:46:09 Image size of job updated: 8322012
	7044  -  MemoryUsage of job (MB)
	7212768  -  ResidentSetSize of job (KB)
...
005 (14463.000.000) 2024-12-06 14:33:25 Job terminated.
	(1) Normal termination (return value 1)
		Usr 1 01:00:45, Sys 0 00:01:09  -  Run Remote Usage
		Usr 0 00:00:00, Sys 0 00:00:00  -  Run Local Usage
		Usr 1 01:00:45, Sys 0 00:01:09  -  Total Remote Usage
		Usr 0 00:00:00, Sys 0 00:00:00  -  Total Local Usage
	0  -  Run Bytes Sent By Job
	0  -  Run Bytes Received By Job
	0  -  Total Bytes Sent By Job
	0  -  Total Bytes Received By Job
	Partitionable Resources :    Usage  Request Allocated 
	   Cpus                 :     1.00        1         1 
	   Disk (KB)            :    15          15      4094 
	   Memory (MB)          :  7044       10240     10240 

	Job terminated of its own accord at 2024-12-06T13:33:25Z with exit-code 1.
...
