000 (14463.001.000) 2024-12-05 13:29:25 Job submitted from host: <10.18.24.233:9618?addrs=10.18.24.233-9618&alias=bioclusts03.bioclust.biologie.ens.fr&noUDP&sock=schedd_910141_9a29>
...
001 (14463.001.000) 2024-12-05 13:29:35 Job executing on host: <10.18.24.50:9618?addrs=10.18.24.50-9618&alias=bioclust50.bioclust.biologie.ens.fr&noUDP&sock=startd_1174_d846>
...
006 (14463.001.000) 2024-12-05 13:29:44 Image size of job updated: 182708
	179  -  MemoryUsage of job (MB)
	182708  -  ResidentSetSize of job (KB)
...
006 (14463.001.000) 2024-12-05 13:34:45 Image size of job updated: 1837596
	816  -  MemoryUsage of job (MB)
	835224  -  ResidentSetSize of job (KB)
...
006 (14463.001.000) 2024-12-05 13:39:45 Image size of job updated: 1951820
	973  -  MemoryUsage of job (MB)
	995944  -  ResidentSetSize of job (KB)
...
006 (14463.001.000) 2024-12-05 13:44:46 Image size of job updated: 2037100
	973  -  MemoryUsage of job (MB)
	995944  -  ResidentSetSize of job (KB)
...
006 (14463.001.000) 2024-12-05 13:49:47 Image size of job updated: 2046528
	973  -  MemoryUsage of job (MB)
	995944  -  ResidentSetSize of job (KB)
...
006 (14463.001.000) 2024-12-05 13:54:47 Image size of job updated: 2142484
	1061  -  MemoryUsage of job (MB)
	1086324  -  ResidentSetSize of job (KB)
...
006 (14463.001.000) 2024-12-05 13:59:47 Image size of job updated: 2147360
	1061  -  MemoryUsage of job (MB)
	1086324  -  ResidentSetSize of job (KB)
...
006 (14463.001.000) 2024-12-05 14:14:49 Image size of job updated: 2169280
	1061  -  MemoryUsage of job (MB)
	1086324  -  ResidentSetSize of job (KB)
...
006 (14463.001.000) 2024-12-05 14:19:50 Image size of job updated: 2202596
	1098  -  MemoryUsage of job (MB)
	1123600  -  ResidentSetSize of job (KB)
...
006 (14463.001.000) 2024-12-05 14:24:51 Image size of job updated: 2268408
	1187  -  MemoryUsage of job (MB)
	1214556  -  ResidentSetSize of job (KB)
...
006 (14463.001.000) 2024-12-05 14:29:51 Image size of job updated: 2313700
	1244  -  MemoryUsage of job (MB)
	1273124  -  ResidentSetSize of job (KB)
...
006 (14463.001.000) 2024-12-05 14:34:51 Image size of job updated: 2338428
	1244  -  MemoryUsage of job (MB)
	1273124  -  ResidentSetSize of job (KB)
...
006 (14463.001.000) 2024-12-05 14:49:53 Image size of job updated: 2442012
	1299  -  MemoryUsage of job (MB)
	1329484  -  ResidentSetSize of job (KB)
...
006 (14463.001.000) 2024-12-05 14:54:54 Image size of job updated: 2478768
	1339  -  MemoryUsage of job (MB)
	1370796  -  ResidentSetSize of job (KB)
...
006 (14463.001.000) 2024-12-05 14:59:55 Image size of job updated: 2526844
	1398  -  MemoryUsage of job (MB)
	1431068  -  ResidentSetSize of job (KB)
...
006 (14463.001.000) 2024-12-05 15:04:55 Image size of job updated: 2550076
	1412  -  MemoryUsage of job (MB)
	1444912  -  ResidentSetSize of job (KB)
...
006 (14463.001.000) 2024-12-05 15:09:56 Image size of job updated: 2554432
	1439  -  MemoryUsage of job (MB)
	1473108  -  ResidentSetSize of job (KB)
...
006 (14463.001.000) 2024-12-05 15:14:57 Image size of job updated: 2644112
	1535  -  MemoryUsage of job (MB)
	1571284  -  ResidentSetSize of job (KB)
...
006 (14463.001.000) 2024-12-05 15:19:57 Image size of job updated: 2756624
	1647  -  MemoryUsage of job (MB)
	1686300  -  ResidentSetSize of job (KB)
...
006 (14463.001.000) 2024-12-05 15:24:57 Image size of job updated: 2801716
	1697  -  MemoryUsage of job (MB)
	1736852  -  ResidentSetSize of job (KB)
...
006 (14463.001.000) 2024-12-05 15:29:58 Image size of job updated: 2835692
	1733  -  MemoryUsage of job (MB)
	1774024  -  ResidentSetSize of job (KB)
...
006 (14463.001.000) 2024-12-05 15:34:58 Image size of job updated: 2866644
	1773  -  MemoryUsage of job (MB)
	1814744  -  ResidentSetSize of job (KB)
...
006 (14463.001.000) 2024-12-05 15:39:58 Image size of job updated: 2908876
	1821  -  MemoryUsage of job (MB)
	1864264  -  ResidentSetSize of job (KB)
...
006 (14463.001.000) 2024-12-05 16:00:01 Image size of job updated: 2944836
	1821  -  MemoryUsage of job (MB)
	1864264  -  ResidentSetSize of job (KB)
...
006 (14463.001.000) 2024-12-05 16:05:02 Image size of job updated: 2974876
	1821  -  MemoryUsage of job (MB)
	1864264  -  ResidentSetSize of job (KB)
...
006 (14463.001.000) 2024-12-05 16:10:02 Image size of job updated: 3006516
	1821  -  MemoryUsage of job (MB)
	1864264  -  ResidentSetSize of job (KB)
...
006 (14463.001.000) 2024-12-05 16:15:03 Image size of job updated: 3080192
	1839  -  MemoryUsage of job (MB)
	1883128  -  ResidentSetSize of job (KB)
...
006 (14463.001.000) 2024-12-05 16:20:04 Image size of job updated: 3210492
	2018  -  MemoryUsage of job (MB)
	2066280  -  ResidentSetSize of job (KB)
...
006 (14463.001.000) 2024-12-05 16:25:04 Image size of job updated: 3290152
	2117  -  MemoryUsage of job (MB)
	2167172  -  ResidentSetSize of job (KB)
...
006 (14463.001.000) 2024-12-05 16:30:04 Image size of job updated: 3319260
	2136  -  MemoryUsage of job (MB)
	2186872  -  ResidentSetSize of job (KB)
...
006 (14463.001.000) 2024-12-05 16:35:06 Image size of job updated: 3352072
	2185  -  MemoryUsage of job (MB)
	2237312  -  ResidentSetSize of job (KB)
...
006 (14463.001.000) 2024-12-05 16:40:06 Image size of job updated: 3404416
	2231  -  MemoryUsage of job (MB)
	2283676  -  ResidentSetSize of job (KB)
...
006 (14463.001.000) 2024-12-05 16:45:06 Image size of job updated: 3404416
	2232  -  MemoryUsage of job (MB)
	2284976  -  ResidentSetSize of job (KB)
...
006 (14463.001.000) 2024-12-05 16:50:07 Image size of job updated: 3420936
	2263  -  MemoryUsage of job (MB)
	2317256  -  ResidentSetSize of job (KB)
...
006 (14463.001.000) 2024-12-05 16:55:08 Image size of job updated: 3430380
	2265  -  MemoryUsage of job (MB)
	2318384  -  ResidentSetSize of job (KB)
...
006 (14463.001.000) 2024-12-05 17:00:08 Image size of job updated: 3500836
	2306  -  MemoryUsage of job (MB)
	2361276  -  ResidentSetSize of job (KB)
...
006 (14463.001.000) 2024-12-05 17:05:08 Image size of job updated: 3539436
	2379  -  MemoryUsage of job (MB)
	2435384  -  ResidentSetSize of job (KB)
...
006 (14463.001.000) 2024-12-05 17:10:10 Image size of job updated: 3573800
	2392  -  MemoryUsage of job (MB)
	2449372  -  ResidentSetSize of job (KB)
...
006 (14463.001.000) 2024-12-05 17:15:10 Image size of job updated: 3595116
	2435  -  MemoryUsage of job (MB)
	2492800  -  ResidentSetSize of job (KB)
...
006 (14463.001.000) 2024-12-05 17:25:11 Image size of job updated: 3613704
	2455  -  MemoryUsage of job (MB)
	2513248  -  ResidentSetSize of job (KB)
...
006 (14463.001.000) 2024-12-05 17:30:12 Image size of job updated: 3756872
	2583  -  MemoryUsage of job (MB)
	2644884  -  ResidentSetSize of job (KB)
...
006 (14463.001.000) 2024-12-05 17:35:12 Image size of job updated: 3797428
	2603  -  MemoryUsage of job (MB)
	2664552  -  ResidentSetSize of job (KB)
...
006 (14463.001.000) 2024-12-05 17:40:12 Image size of job updated: 3857208
	2691  -  MemoryUsage of job (MB)
	2754712  -  ResidentSetSize of job (KB)
...
006 (14463.001.000) 2024-12-05 17:45:14 Image size of job updated: 3865040
	2717  -  MemoryUsage of job (MB)
	2781960  -  ResidentSetSize of job (KB)
...
006 (14463.001.000) 2024-12-05 17:50:14 Image size of job updated: 3941852
	2779  -  MemoryUsage of job (MB)
	2845180  -  ResidentSetSize of job (KB)
...
006 (14463.001.000) 2024-12-05 17:55:14 Image size of job updated: 4022512
	2837  -  MemoryUsage of job (MB)
	2904536  -  ResidentSetSize of job (KB)
...
006 (14463.001.000) 2024-12-05 18:00:15 Image size of job updated: 4036948
	2854  -  MemoryUsage of job (MB)
	2921744  -  ResidentSetSize of job (KB)
...
006 (14463.001.000) 2024-12-05 18:05:16 Image size of job updated: 4179064
	2992  -  MemoryUsage of job (MB)
	3063664  -  ResidentSetSize of job (KB)
...
006 (14463.001.000) 2024-12-05 18:10:16 Image size of job updated: 4195356
	3042  -  MemoryUsage of job (MB)
	3114324  -  ResidentSetSize of job (KB)
...
006 (14463.001.000) 2024-12-05 18:25:18 Image size of job updated: 4199832
	3042  -  MemoryUsage of job (MB)
	3114324  -  ResidentSetSize of job (KB)
...
006 (14463.001.000) 2024-12-05 18:30:18 Image size of job updated: 4244732
	3042  -  MemoryUsage of job (MB)
	3114324  -  ResidentSetSize of job (KB)
...
006 (14463.001.000) 2024-12-05 18:35:19 Image size of job updated: 4277240
	3042  -  MemoryUsage of job (MB)
	3114324  -  ResidentSetSize of job (KB)
...
006 (14463.001.000) 2024-12-05 18:40:20 Image size of job updated: 4312464
	3042  -  MemoryUsage of job (MB)
	3114324  -  ResidentSetSize of job (KB)
...
006 (14463.001.000) 2024-12-05 18:45:20 Image size of job updated: 4359896
	3042  -  MemoryUsage of job (MB)
	3114324  -  ResidentSetSize of job (KB)
...
006 (14463.001.000) 2024-12-05 18:50:20 Image size of job updated: 4360360
	3042  -  MemoryUsage of job (MB)
	3114324  -  ResidentSetSize of job (KB)
...
006 (14463.001.000) 2024-12-05 18:55:21 Image size of job updated: 4436216
	3042  -  MemoryUsage of job (MB)
	3114324  -  ResidentSetSize of job (KB)
...
006 (14463.001.000) 2024-12-05 19:00:21 Image size of job updated: 4437408
	3042  -  MemoryUsage of job (MB)
	3114324  -  ResidentSetSize of job (KB)
...
006 (14463.001.000) 2024-12-05 19:05:21 Image size of job updated: 4474192
	3074  -  MemoryUsage of job (MB)
	3147504  -  ResidentSetSize of job (KB)
...
006 (14463.001.000) 2024-12-05 19:10:22 Image size of job updated: 4521100
	3084  -  MemoryUsage of job (MB)
	3157356  -  ResidentSetSize of job (KB)
...
006 (14463.001.000) 2024-12-05 19:15:23 Image size of job updated: 4622236
	3199  -  MemoryUsage of job (MB)
	3275324  -  ResidentSetSize of job (KB)
...
006 (14463.001.000) 2024-12-05 19:20:23 Image size of job updated: 4702656
	3314  -  MemoryUsage of job (MB)
	3392596  -  ResidentSetSize of job (KB)
...
006 (14463.001.000) 2024-12-05 19:25:24 Image size of job updated: 4712664
	3314  -  MemoryUsage of job (MB)
	3392596  -  ResidentSetSize of job (KB)
...
006 (14463.001.000) 2024-12-05 19:30:25 Image size of job updated: 4773212
	3473  -  MemoryUsage of job (MB)
	3556328  -  ResidentSetSize of job (KB)
...
006 (14463.001.000) 2024-12-05 19:35:25 Image size of job updated: 4797272
	3499  -  MemoryUsage of job (MB)
	3582240  -  ResidentSetSize of job (KB)
...
006 (14463.001.000) 2024-12-05 19:40:26 Image size of job updated: 4877936
	3581  -  MemoryUsage of job (MB)
	3666484  -  ResidentSetSize of job (KB)
...
006 (14463.001.000) 2024-12-05 19:45:27 Image size of job updated: 4877936
	3583  -  MemoryUsage of job (MB)
	3668860  -  ResidentSetSize of job (KB)
...
006 (14463.001.000) 2024-12-05 19:50:27 Image size of job updated: 4925572
	3745  -  MemoryUsage of job (MB)
	3834156  -  ResidentSetSize of job (KB)
...
006 (14463.001.000) 2024-12-05 19:55:27 Image size of job updated: 4973440
	3769  -  MemoryUsage of job (MB)
	3859348  -  ResidentSetSize of job (KB)
...
006 (14463.001.000) 2024-12-05 20:00:28 Image size of job updated: 5055544
	3875  -  MemoryUsage of job (MB)
	3967192  -  ResidentSetSize of job (KB)
...
006 (14463.001.000) 2024-12-05 20:05:29 Image size of job updated: 5055544
	3875  -  MemoryUsage of job (MB)
	3967324  -  ResidentSetSize of job (KB)
...
006 (14463.001.000) 2024-12-05 20:10:29 Image size of job updated: 5055544
	3877  -  MemoryUsage of job (MB)
	3969164  -  ResidentSetSize of job (KB)
...
006 (14463.001.000) 2024-12-05 20:15:30 Image size of job updated: 5074260
	3877  -  MemoryUsage of job (MB)
	3969164  -  ResidentSetSize of job (KB)
...
006 (14463.001.000) 2024-12-05 20:20:31 Image size of job updated: 5157336
	3987  -  MemoryUsage of job (MB)
	4082576  -  ResidentSetSize of job (KB)
...
006 (14463.001.000) 2024-12-05 20:25:31 Image size of job updated: 5168516
	3989  -  MemoryUsage of job (MB)
	4083756  -  ResidentSetSize of job (KB)
...
006 (14463.001.000) 2024-12-05 20:35:32 Image size of job updated: 5190708
	4003  -  MemoryUsage of job (MB)
	4098116  -  ResidentSetSize of job (KB)
...
006 (14463.001.000) 2024-12-05 20:40:33 Image size of job updated: 5263992
	4083  -  MemoryUsage of job (MB)
	4180508  -  ResidentSetSize of job (KB)
...
006 (14463.001.000) 2024-12-05 20:45:33 Image size of job updated: 5277520
	4096  -  MemoryUsage of job (MB)
	4193724  -  ResidentSetSize of job (KB)
...
006 (14463.001.000) 2024-12-05 20:50:33 Image size of job updated: 5299296
	4120  -  MemoryUsage of job (MB)
	4218248  -  ResidentSetSize of job (KB)
...
006 (14463.001.000) 2024-12-05 20:55:34 Image size of job updated: 5383684
	4218  -  MemoryUsage of job (MB)
	4318356  -  ResidentSetSize of job (KB)
...
006 (14463.001.000) 2024-12-05 21:00:34 Image size of job updated: 5401916
	4218  -  MemoryUsage of job (MB)
	4318948  -  ResidentSetSize of job (KB)
...
006 (14463.001.000) 2024-12-05 21:05:34 Image size of job updated: 5403060
	4229  -  MemoryUsage of job (MB)
	4329860  -  ResidentSetSize of job (KB)
...
006 (14463.001.000) 2024-12-05 21:10:35 Image size of job updated: 5483872
	4286  -  MemoryUsage of job (MB)
	4387868  -  ResidentSetSize of job (KB)
...
006 (14463.001.000) 2024-12-05 21:15:36 Image size of job updated: 5619684
	4435  -  MemoryUsage of job (MB)
	4541200  -  ResidentSetSize of job (KB)
...
006 (14463.001.000) 2024-12-05 21:20:36 Image size of job updated: 5686052
	4462  -  MemoryUsage of job (MB)
	4568976  -  ResidentSetSize of job (KB)
...
006 (14463.001.000) 2024-12-05 21:25:36 Image size of job updated: 5715008
	4505  -  MemoryUsage of job (MB)
	4612648  -  ResidentSetSize of job (KB)
...
006 (14463.001.000) 2024-12-05 21:30:37 Image size of job updated: 5760340
	4505  -  MemoryUsage of job (MB)
	4612648  -  ResidentSetSize of job (KB)
...
006 (14463.001.000) 2024-12-05 21:35:37 Image size of job updated: 5760340
	4536  -  MemoryUsage of job (MB)
	4644152  -  ResidentSetSize of job (KB)
...
006 (14463.001.000) 2024-12-05 21:40:37 Image size of job updated: 5819360
	4598  -  MemoryUsage of job (MB)
	4708168  -  ResidentSetSize of job (KB)
...
006 (14463.001.000) 2024-12-05 21:45:38 Image size of job updated: 5819360
	4613  -  MemoryUsage of job (MB)
	4722932  -  ResidentSetSize of job (KB)
...
006 (14463.001.000) 2024-12-05 21:50:39 Image size of job updated: 5895292
	4704  -  MemoryUsage of job (MB)
	4816044  -  ResidentSetSize of job (KB)
...
006 (14463.001.000) 2024-12-05 21:55:39 Image size of job updated: 5941336
	4748  -  MemoryUsage of job (MB)
	4861856  -  ResidentSetSize of job (KB)
...
006 (14463.001.000) 2024-12-05 22:00:40 Image size of job updated: 6038940
	4791  -  MemoryUsage of job (MB)
	4905064  -  ResidentSetSize of job (KB)
...
006 (14463.001.000) 2024-12-05 22:05:41 Image size of job updated: 6038940
	4826  -  MemoryUsage of job (MB)
	4941460  -  ResidentSetSize of job (KB)
...
006 (14463.001.000) 2024-12-05 22:10:41 Image size of job updated: 6127692
	4921  -  MemoryUsage of job (MB)
	5038368  -  ResidentSetSize of job (KB)
...
006 (14463.001.000) 2024-12-05 22:15:41 Image size of job updated: 6153040
	4956  -  MemoryUsage of job (MB)
	5074856  -  ResidentSetSize of job (KB)
...
006 (14463.001.000) 2024-12-05 22:20:42 Image size of job updated: 6184060
	5019  -  MemoryUsage of job (MB)
	5139188  -  ResidentSetSize of job (KB)
...
006 (14463.001.000) 2024-12-05 22:25:43 Image size of job updated: 6441664
	5180  -  MemoryUsage of job (MB)
	5303792  -  ResidentSetSize of job (KB)
...
006 (14463.001.000) 2024-12-05 22:30:43 Image size of job updated: 6441664
	5202  -  MemoryUsage of job (MB)
	5325892  -  ResidentSetSize of job (KB)
...
006 (14463.001.000) 2024-12-05 22:35:44 Image size of job updated: 6455800
	5289  -  MemoryUsage of job (MB)
	5415892  -  ResidentSetSize of job (KB)
...
006 (14463.001.000) 2024-12-05 22:40:45 Image size of job updated: 6492368
	5289  -  MemoryUsage of job (MB)
	5415892  -  ResidentSetSize of job (KB)
...
006 (14463.001.000) 2024-12-05 22:45:45 Image size of job updated: 6539000
	5289  -  MemoryUsage of job (MB)
	5415892  -  ResidentSetSize of job (KB)
...
006 (14463.001.000) 2024-12-05 22:50:45 Image size of job updated: 6568120
	5350  -  MemoryUsage of job (MB)
	5478304  -  ResidentSetSize of job (KB)
...
006 (14463.001.000) 2024-12-05 22:55:46 Image size of job updated: 6581580
	5350  -  MemoryUsage of job (MB)
	5478304  -  ResidentSetSize of job (KB)
...
006 (14463.001.000) 2024-12-05 23:00:47 Image size of job updated: 6618272
	5412  -  MemoryUsage of job (MB)
	5540968  -  ResidentSetSize of job (KB)
...
006 (14463.001.000) 2024-12-05 23:05:47 Image size of job updated: 6660616
	5412  -  MemoryUsage of job (MB)
	5540968  -  ResidentSetSize of job (KB)
...
006 (14463.001.000) 2024-12-05 23:10:48 Image size of job updated: 6686964
	5464  -  MemoryUsage of job (MB)
	5594720  -  ResidentSetSize of job (KB)
...
006 (14463.001.000) 2024-12-05 23:15:49 Image size of job updated: 6686964
	5470  -  MemoryUsage of job (MB)
	5600584  -  ResidentSetSize of job (KB)
...
006 (14463.001.000) 2024-12-05 23:20:49 Image size of job updated: 6821320
	5470  -  MemoryUsage of job (MB)
	5600584  -  ResidentSetSize of job (KB)
...
006 (14463.001.000) 2024-12-05 23:25:49 Image size of job updated: 6843324
	5470  -  MemoryUsage of job (MB)
	5600584  -  ResidentSetSize of job (KB)
...
006 (14463.001.000) 2024-12-05 23:30:50 Image size of job updated: 6843324
	5514  -  MemoryUsage of job (MB)
	5645720  -  ResidentSetSize of job (KB)
...
006 (14463.001.000) 2024-12-05 23:35:51 Image size of job updated: 6843324
	5522  -  MemoryUsage of job (MB)
	5653944  -  ResidentSetSize of job (KB)
...
006 (14463.001.000) 2024-12-05 23:45:51 Image size of job updated: 6948516
	5636  -  MemoryUsage of job (MB)
	5770712  -  ResidentSetSize of job (KB)
...
006 (14463.001.000) 2024-12-05 23:50:52 Image size of job updated: 6948516
	5636  -  MemoryUsage of job (MB)
	5770844  -  ResidentSetSize of job (KB)
...
006 (14463.001.000) 2024-12-05 23:55:52 Image size of job updated: 6948516
	5708  -  MemoryUsage of job (MB)
	5844008  -  ResidentSetSize of job (KB)
...
006 (14463.001.000) 2024-12-06 00:00:52 Image size of job updated: 7125460
	5770  -  MemoryUsage of job (MB)
	5907784  -  ResidentSetSize of job (KB)
...
006 (14463.001.000) 2024-12-06 00:05:54 Image size of job updated: 7163764
	5925  -  MemoryUsage of job (MB)
	6066736  -  ResidentSetSize of job (KB)
...
006 (14463.001.000) 2024-12-06 00:15:54 Image size of job updated: 7202592
	5925  -  MemoryUsage of job (MB)
	6066736  -  ResidentSetSize of job (KB)
...
006 (14463.001.000) 2024-12-06 00:30:56 Image size of job updated: 7284072
	6055  -  MemoryUsage of job (MB)
	6200224  -  ResidentSetSize of job (KB)
...
006 (14463.001.000) 2024-12-06 00:50:57 Image size of job updated: 7395812
	6161  -  MemoryUsage of job (MB)
	6308588  -  ResidentSetSize of job (KB)
...
006 (14463.001.000) 2024-12-06 01:16:00 Image size of job updated: 7395812
	6185  -  MemoryUsage of job (MB)
	6332476  -  ResidentSetSize of job (KB)
...
006 (14463.001.000) 2024-12-06 01:21:00 Image size of job updated: 7578924
	6276  -  MemoryUsage of job (MB)
	6426288  -  ResidentSetSize of job (KB)
...
006 (14463.001.000) 2024-12-06 01:41:02 Image size of job updated: 7713996
	6482  -  MemoryUsage of job (MB)
	6637200  -  ResidentSetSize of job (KB)
...
006 (14463.001.000) 2024-12-06 01:46:02 Image size of job updated: 7747064
	6482  -  MemoryUsage of job (MB)
	6637200  -  ResidentSetSize of job (KB)
...
006 (14463.001.000) 2024-12-06 02:01:03 Image size of job updated: 7862120
	6620  -  MemoryUsage of job (MB)
	6778860  -  ResidentSetSize of job (KB)
...
006 (14463.001.000) 2024-12-06 02:06:04 Image size of job updated: 7891588
	6620  -  MemoryUsage of job (MB)
	6778860  -  ResidentSetSize of job (KB)
...
006 (14463.001.000) 2024-12-06 02:21:06 Image size of job updated: 8186144
	6941  -  MemoryUsage of job (MB)
	7106600  -  ResidentSetSize of job (KB)
...
006 (14463.001.000) 2024-12-06 02:26:07 Image size of job updated: 8241204
	6976  -  MemoryUsage of job (MB)
	7142956  -  ResidentSetSize of job (KB)
...
006 (14463.001.000) 2024-12-06 02:31:07 Image size of job updated: 8379256
	6976  -  MemoryUsage of job (MB)
	7143088  -  ResidentSetSize of job (KB)
...
005 (14463.001.000) 2024-12-06 09:21:37 Job terminated.
	(1) Normal termination (return value 1)
		Usr 0 19:47:55, Sys 0 00:02:45  -  Run Remote Usage
		Usr 0 00:00:00, Sys 0 00:00:00  -  Run Local Usage
		Usr 0 19:47:55, Sys 0 00:02:45  -  Total Remote Usage
		Usr 0 00:00:00, Sys 0 00:00:00  -  Total Local Usage
	0  -  Run Bytes Sent By Job
	0  -  Run Bytes Received By Job
	0  -  Total Bytes Sent By Job
	0  -  Total Bytes Received By Job
	Partitionable Resources :    Usage  Request Allocated 
	   Cpus                 :     1.00        1         1 
	   Disk (KB)            :    15          15      3332 
	   Memory (MB)          :  6976       10240     10240 

	Job terminated of its own accord at 2024-12-06T08:21:36Z with exit-code 1.
...
