000 (14463.004.000) 2024-12-05 13:29:25 Job submitted from host: <10.18.24.233:9618?addrs=10.18.24.233-9618&alias=bioclusts03.bioclust.biologie.ens.fr&noUDP&sock=schedd_910141_9a29>
...
001 (14463.004.000) 2024-12-05 13:29:35 Job executing on host: <10.18.24.5:9618?addrs=10.18.24.5-9618&alias=bioclust05.bioclust.biologie.ens.fr&noUDP&sock=startd_1116_0fc8>
...
006 (14463.004.000) 2024-12-05 13:29:44 Image size of job updated: 720588
	287  -  MemoryUsage of job (MB)
	293784  -  ResidentSetSize of job (KB)
...
006 (14463.004.000) 2024-12-05 13:34:45 Image size of job updated: 1765416
	804  -  MemoryUsage of job (MB)
	822556  -  ResidentSetSize of job (KB)
...
006 (14463.004.000) 2024-12-05 13:39:45 Image size of job updated: 1908792
	804  -  MemoryUsage of job (MB)
	822556  -  ResidentSetSize of job (KB)
...
006 (14463.004.000) 2024-12-05 13:44:45 Image size of job updated: 1908792
	839  -  MemoryUsage of job (MB)
	858316  -  ResidentSetSize of job (KB)
...
006 (14463.004.000) 2024-12-05 13:49:46 Image size of job updated: 1972380
	921  -  MemoryUsage of job (MB)
	942336  -  ResidentSetSize of job (KB)
...
006 (14463.004.000) 2024-12-05 13:54:46 Image size of job updated: 2034104
	996  -  MemoryUsage of job (MB)
	1019048  -  ResidentSetSize of job (KB)
...
006 (14463.004.000) 2024-12-05 14:04:47 Image size of job updated: 2100668
	1009  -  MemoryUsage of job (MB)
	1033128  -  ResidentSetSize of job (KB)
...
006 (14463.004.000) 2024-12-05 14:09:48 Image size of job updated: 2171044
	1051  -  MemoryUsage of job (MB)
	1075492  -  ResidentSetSize of job (KB)
...
006 (14463.004.000) 2024-12-05 14:14:48 Image size of job updated: 2206456
	1131  -  MemoryUsage of job (MB)
	1157872  -  ResidentSetSize of job (KB)
...
006 (14463.004.000) 2024-12-05 14:19:49 Image size of job updated: 2309000
	1265  -  MemoryUsage of job (MB)
	1294696  -  ResidentSetSize of job (KB)
...
006 (14463.004.000) 2024-12-05 14:24:50 Image size of job updated: 2400604
	1329  -  MemoryUsage of job (MB)
	1360496  -  ResidentSetSize of job (KB)
...
006 (14463.004.000) 2024-12-05 14:39:51 Image size of job updated: 2455864
	1351  -  MemoryUsage of job (MB)
	1383088  -  ResidentSetSize of job (KB)
...
006 (14463.004.000) 2024-12-05 14:44:51 Image size of job updated: 2510608
	1424  -  MemoryUsage of job (MB)
	1457360  -  ResidentSetSize of job (KB)
...
006 (14463.004.000) 2024-12-05 14:49:51 Image size of job updated: 2575168
	1467  -  MemoryUsage of job (MB)
	1501764  -  ResidentSetSize of job (KB)
...
006 (14463.004.000) 2024-12-05 14:54:52 Image size of job updated: 2647764
	1542  -  MemoryUsage of job (MB)
	1578032  -  ResidentSetSize of job (KB)
...
006 (14463.004.000) 2024-12-05 14:59:53 Image size of job updated: 2703764
	1572  -  MemoryUsage of job (MB)
	1609372  -  ResidentSetSize of job (KB)
...
006 (14463.004.000) 2024-12-05 15:04:53 Image size of job updated: 2808620
	1711  -  MemoryUsage of job (MB)
	1751704  -  ResidentSetSize of job (KB)
...
006 (14463.004.000) 2024-12-05 15:09:53 Image size of job updated: 2820540
	1722  -  MemoryUsage of job (MB)
	1762668  -  ResidentSetSize of job (KB)
...
006 (14463.004.000) 2024-12-05 15:14:54 Image size of job updated: 2953560
	1863  -  MemoryUsage of job (MB)
	1906748  -  ResidentSetSize of job (KB)
...
006 (14463.004.000) 2024-12-05 15:19:54 Image size of job updated: 3022192
	1930  -  MemoryUsage of job (MB)
	1975596  -  ResidentSetSize of job (KB)
...
006 (14463.004.000) 2024-12-05 15:24:54 Image size of job updated: 3033652
	1932  -  MemoryUsage of job (MB)
	1977812  -  ResidentSetSize of job (KB)
...
006 (14463.004.000) 2024-12-05 15:29:55 Image size of job updated: 3118384
	2015  -  MemoryUsage of job (MB)
	2062692  -  ResidentSetSize of job (KB)
...
006 (14463.004.000) 2024-12-05 15:34:56 Image size of job updated: 3240188
	2153  -  MemoryUsage of job (MB)
	2204252  -  ResidentSetSize of job (KB)
...
006 (14463.004.000) 2024-12-05 15:39:56 Image size of job updated: 3304412
	2174  -  MemoryUsage of job (MB)
	2225652  -  ResidentSetSize of job (KB)
...
006 (14463.004.000) 2024-12-05 15:44:56 Image size of job updated: 3324788
	2174  -  MemoryUsage of job (MB)
	2225652  -  ResidentSetSize of job (KB)
...
006 (14463.004.000) 2024-12-05 15:49:57 Image size of job updated: 3360876
	2174  -  MemoryUsage of job (MB)
	2225652  -  ResidentSetSize of job (KB)
...
006 (14463.004.000) 2024-12-05 15:54:57 Image size of job updated: 3421480
	2174  -  MemoryUsage of job (MB)
	2225652  -  ResidentSetSize of job (KB)
...
006 (14463.004.000) 2024-12-05 15:59:57 Image size of job updated: 3468904
	2194  -  MemoryUsage of job (MB)
	2246488  -  ResidentSetSize of job (KB)
...
006 (14463.004.000) 2024-12-05 16:04:58 Image size of job updated: 3626112
	2367  -  MemoryUsage of job (MB)
	2423272  -  ResidentSetSize of job (KB)
...
006 (14463.004.000) 2024-12-05 16:09:59 Image size of job updated: 3632688
	2408  -  MemoryUsage of job (MB)
	2464852  -  ResidentSetSize of job (KB)
...
006 (14463.004.000) 2024-12-05 16:14:59 Image size of job updated: 3653596
	2408  -  MemoryUsage of job (MB)
	2465164  -  ResidentSetSize of job (KB)
...
006 (14463.004.000) 2024-12-05 16:20:00 Image size of job updated: 3711724
	2473  -  MemoryUsage of job (MB)
	2532060  -  ResidentSetSize of job (KB)
...
006 (14463.004.000) 2024-12-05 16:25:01 Image size of job updated: 3798248
	2626  -  MemoryUsage of job (MB)
	2688688  -  ResidentSetSize of job (KB)
...
006 (14463.004.000) 2024-12-05 16:30:01 Image size of job updated: 3894092
	2728  -  MemoryUsage of job (MB)
	2793412  -  ResidentSetSize of job (KB)
...
006 (14463.004.000) 2024-12-05 16:35:01 Image size of job updated: 3894092
	2729  -  MemoryUsage of job (MB)
	2793828  -  ResidentSetSize of job (KB)
...
006 (14463.004.000) 2024-12-05 16:40:02 Image size of job updated: 3967948
	2804  -  MemoryUsage of job (MB)
	2870652  -  ResidentSetSize of job (KB)
...
006 (14463.004.000) 2024-12-05 16:45:02 Image size of job updated: 4034400
	2872  -  MemoryUsage of job (MB)
	2940724  -  ResidentSetSize of job (KB)
...
006 (14463.004.000) 2024-12-05 16:50:02 Image size of job updated: 4181520
	2964  -  MemoryUsage of job (MB)
	3034244  -  ResidentSetSize of job (KB)
...
006 (14463.004.000) 2024-12-05 16:55:03 Image size of job updated: 4181520
	3018  -  MemoryUsage of job (MB)
	3090104  -  ResidentSetSize of job (KB)
...
006 (14463.004.000) 2024-12-05 17:00:04 Image size of job updated: 4254944
	3091  -  MemoryUsage of job (MB)
	3164668  -  ResidentSetSize of job (KB)
...
006 (14463.004.000) 2024-12-05 17:05:04 Image size of job updated: 4286124
	3093  -  MemoryUsage of job (MB)
	3166424  -  ResidentSetSize of job (KB)
...
006 (14463.004.000) 2024-12-05 17:10:05 Image size of job updated: 4412776
	3217  -  MemoryUsage of job (MB)
	3293904  -  ResidentSetSize of job (KB)
...
006 (14463.004.000) 2024-12-05 17:15:06 Image size of job updated: 4475292
	3334  -  MemoryUsage of job (MB)
	3413648  -  ResidentSetSize of job (KB)
...
006 (14463.004.000) 2024-12-05 17:20:06 Image size of job updated: 4595192
	3450  -  MemoryUsage of job (MB)
	3532468  -  ResidentSetSize of job (KB)
...
006 (14463.004.000) 2024-12-05 17:25:06 Image size of job updated: 4598380
	3451  -  MemoryUsage of job (MB)
	3533508  -  ResidentSetSize of job (KB)
...
006 (14463.004.000) 2024-12-05 17:30:07 Image size of job updated: 4656600
	3554  -  MemoryUsage of job (MB)
	3638576  -  ResidentSetSize of job (KB)
...
006 (14463.004.000) 2024-12-05 17:35:07 Image size of job updated: 4726912
	3619  -  MemoryUsage of job (MB)
	3705556  -  ResidentSetSize of job (KB)
...
006 (14463.004.000) 2024-12-05 17:40:07 Image size of job updated: 4835288
	3713  -  MemoryUsage of job (MB)
	3801944  -  ResidentSetSize of job (KB)
...
006 (14463.004.000) 2024-12-05 17:45:08 Image size of job updated: 4952688
	3850  -  MemoryUsage of job (MB)
	3942356  -  ResidentSetSize of job (KB)
...
006 (14463.004.000) 2024-12-05 17:50:09 Image size of job updated: 4995032
	3877  -  MemoryUsage of job (MB)
	3969040  -  ResidentSetSize of job (KB)
...
006 (14463.004.000) 2024-12-05 17:55:09 Image size of job updated: 5064568
	3953  -  MemoryUsage of job (MB)
	4047672  -  ResidentSetSize of job (KB)
...
006 (14463.004.000) 2024-12-05 18:00:10 Image size of job updated: 5126800
	3989  -  MemoryUsage of job (MB)
	4083756  -  ResidentSetSize of job (KB)
...
006 (14463.004.000) 2024-12-05 18:05:11 Image size of job updated: 5170296
	4061  -  MemoryUsage of job (MB)
	4158376  -  ResidentSetSize of job (KB)
...
006 (14463.004.000) 2024-12-05 18:10:11 Image size of job updated: 5170296
	4063  -  MemoryUsage of job (MB)
	4159576  -  ResidentSetSize of job (KB)
...
006 (14463.004.000) 2024-12-05 18:15:12 Image size of job updated: 5284812
	4063  -  MemoryUsage of job (MB)
	4159576  -  ResidentSetSize of job (KB)
...
006 (14463.004.000) 2024-12-05 18:25:13 Image size of job updated: 5363264
	4063  -  MemoryUsage of job (MB)
	4159576  -  ResidentSetSize of job (KB)
...
006 (14463.004.000) 2024-12-05 18:30:13 Image size of job updated: 5376640
	4063  -  MemoryUsage of job (MB)
	4159576  -  ResidentSetSize of job (KB)
...
006 (14463.004.000) 2024-12-05 18:35:15 Image size of job updated: 5462128
	4063  -  MemoryUsage of job (MB)
	4159576  -  ResidentSetSize of job (KB)
...
006 (14463.004.000) 2024-12-05 18:40:15 Image size of job updated: 5652460
	4510  -  MemoryUsage of job (MB)
	4617648  -  ResidentSetSize of job (KB)
...
006 (14463.004.000) 2024-12-05 18:45:15 Image size of job updated: 5744920
	4628  -  MemoryUsage of job (MB)
	4738060  -  ResidentSetSize of job (KB)
...
006 (14463.004.000) 2024-12-05 18:50:16 Image size of job updated: 5809460
	4683  -  MemoryUsage of job (MB)
	4795280  -  ResidentSetSize of job (KB)
...
006 (14463.004.000) 2024-12-05 18:55:17 Image size of job updated: 5811160
	4683  -  MemoryUsage of job (MB)
	4795280  -  ResidentSetSize of job (KB)
...
006 (14463.004.000) 2024-12-05 19:00:17 Image size of job updated: 5855604
	4705  -  MemoryUsage of job (MB)
	4817048  -  ResidentSetSize of job (KB)
...
006 (14463.004.000) 2024-12-05 19:05:18 Image size of job updated: 6016656
	4768  -  MemoryUsage of job (MB)
	4881680  -  ResidentSetSize of job (KB)
...
006 (14463.004.000) 2024-12-05 19:10:19 Image size of job updated: 6060544
	4815  -  MemoryUsage of job (MB)
	4930180  -  ResidentSetSize of job (KB)
...
006 (14463.004.000) 2024-12-05 19:15:19 Image size of job updated: 6077700
	4866  -  MemoryUsage of job (MB)
	4982512  -  ResidentSetSize of job (KB)
...
006 (14463.004.000) 2024-12-05 19:20:19 Image size of job updated: 6156772
	4911  -  MemoryUsage of job (MB)
	5027968  -  ResidentSetSize of job (KB)
...
006 (14463.004.000) 2024-12-05 19:25:20 Image size of job updated: 6156772
	5000  -  MemoryUsage of job (MB)
	5119988  -  ResidentSetSize of job (KB)
...
006 (14463.004.000) 2024-12-05 19:30:20 Image size of job updated: 6311004
	5139  -  MemoryUsage of job (MB)
	5261408  -  ResidentSetSize of job (KB)
...
006 (14463.004.000) 2024-12-05 19:35:20 Image size of job updated: 6450264
	5186  -  MemoryUsage of job (MB)
	5309736  -  ResidentSetSize of job (KB)
...
006 (14463.004.000) 2024-12-05 19:40:21 Image size of job updated: 6450264
	5222  -  MemoryUsage of job (MB)
	5346668  -  ResidentSetSize of job (KB)
...
006 (14463.004.000) 2024-12-05 19:50:22 Image size of job updated: 6521280
	5342  -  MemoryUsage of job (MB)
	5469892  -  ResidentSetSize of job (KB)
...
006 (14463.004.000) 2024-12-05 19:55:22 Image size of job updated: 6561200
	5360  -  MemoryUsage of job (MB)
	5488376  -  ResidentSetSize of job (KB)
...
006 (14463.004.000) 2024-12-05 20:00:23 Image size of job updated: 6613864
	5408  -  MemoryUsage of job (MB)
	5537320  -  ResidentSetSize of job (KB)
...
006 (14463.004.000) 2024-12-05 20:05:23 Image size of job updated: 6681596
	5478  -  MemoryUsage of job (MB)
	5608724  -  ResidentSetSize of job (KB)
...
006 (14463.004.000) 2024-12-05 20:10:23 Image size of job updated: 6855588
	5619  -  MemoryUsage of job (MB)
	5753720  -  ResidentSetSize of job (KB)
...
006 (14463.004.000) 2024-12-05 20:15:24 Image size of job updated: 6874880
	5685  -  MemoryUsage of job (MB)
	5821144  -  ResidentSetSize of job (KB)
...
006 (14463.004.000) 2024-12-05 20:20:25 Image size of job updated: 6943976
	5743  -  MemoryUsage of job (MB)
	5880544  -  ResidentSetSize of job (KB)
...
006 (14463.004.000) 2024-12-05 20:25:25 Image size of job updated: 7080248
	5781  -  MemoryUsage of job (MB)
	5919184  -  ResidentSetSize of job (KB)
...
006 (14463.004.000) 2024-12-05 20:30:26 Image size of job updated: 7080248
	5815  -  MemoryUsage of job (MB)
	5954324  -  ResidentSetSize of job (KB)
...
006 (14463.004.000) 2024-12-05 20:35:27 Image size of job updated: 7080248
	5817  -  MemoryUsage of job (MB)
	5955968  -  ResidentSetSize of job (KB)
...
006 (14463.004.000) 2024-12-05 20:40:27 Image size of job updated: 7282588
	6088  -  MemoryUsage of job (MB)
	6233584  -  ResidentSetSize of job (KB)
...
006 (14463.004.000) 2024-12-05 20:45:27 Image size of job updated: 7353620
	6217  -  MemoryUsage of job (MB)
	6365328  -  ResidentSetSize of job (KB)
...
006 (14463.004.000) 2024-12-05 20:50:28 Image size of job updated: 7432236
	6249  -  MemoryUsage of job (MB)
	6398780  -  ResidentSetSize of job (KB)
...
006 (14463.004.000) 2024-12-05 20:55:28 Image size of job updated: 7463492
	6249  -  MemoryUsage of job (MB)
	6398780  -  ResidentSetSize of job (KB)
...
006 (14463.004.000) 2024-12-05 21:00:28 Image size of job updated: 7530928
	6306  -  MemoryUsage of job (MB)
	6457072  -  ResidentSetSize of job (KB)
...
006 (14463.004.000) 2024-12-05 21:05:29 Image size of job updated: 7589324
	6371  -  MemoryUsage of job (MB)
	6523136  -  ResidentSetSize of job (KB)
...
006 (14463.004.000) 2024-12-05 21:10:30 Image size of job updated: 7589324
	6371  -  MemoryUsage of job (MB)
	6523268  -  ResidentSetSize of job (KB)
...
006 (14463.004.000) 2024-12-05 21:15:30 Image size of job updated: 7618508
	6406  -  MemoryUsage of job (MB)
	6558928  -  ResidentSetSize of job (KB)
...
006 (14463.004.000) 2024-12-05 21:20:31 Image size of job updated: 7833184
	6541  -  MemoryUsage of job (MB)
	6697592  -  ResidentSetSize of job (KB)
...
006 (14463.004.000) 2024-12-05 21:25:32 Image size of job updated: 7924236
	6630  -  MemoryUsage of job (MB)
	6788692  -  ResidentSetSize of job (KB)
...
006 (14463.004.000) 2024-12-05 21:35:33 Image size of job updated: 7982868
	6686  -  MemoryUsage of job (MB)
	6846108  -  ResidentSetSize of job (KB)
...
006 (14463.004.000) 2024-12-05 21:40:34 Image size of job updated: 7982868
	6738  -  MemoryUsage of job (MB)
	6899300  -  ResidentSetSize of job (KB)
...
006 (14463.004.000) 2024-12-05 21:45:34 Image size of job updated: 7996208
	6763  -  MemoryUsage of job (MB)
	6925176  -  ResidentSetSize of job (KB)
...
006 (14463.004.000) 2024-12-05 21:50:34 Image size of job updated: 8232016
	6937  -  MemoryUsage of job (MB)
	7103308  -  ResidentSetSize of job (KB)
...
006 (14463.004.000) 2024-12-05 21:55:35 Image size of job updated: 8250076
	6937  -  MemoryUsage of job (MB)
	7103308  -  ResidentSetSize of job (KB)
...
006 (14463.004.000) 2024-12-05 22:00:35 Image size of job updated: 8286920
	6973  -  MemoryUsage of job (MB)
	7140300  -  ResidentSetSize of job (KB)
...
006 (14463.004.000) 2024-12-05 22:05:35 Image size of job updated: 8355552
	7042  -  MemoryUsage of job (MB)
	7210308  -  ResidentSetSize of job (KB)
...
006 (14463.004.000) 2024-12-05 22:10:36 Image size of job updated: 8449644
	7174  -  MemoryUsage of job (MB)
	7345824  -  ResidentSetSize of job (KB)
...
006 (14463.004.000) 2024-12-05 22:15:37 Image size of job updated: 8531508
	7216  -  MemoryUsage of job (MB)
	7388892  -  ResidentSetSize of job (KB)
...
006 (14463.004.000) 2024-12-05 22:20:37 Image size of job updated: 8710220
	7425  -  MemoryUsage of job (MB)
	7602776  -  ResidentSetSize of job (KB)
...
005 (14463.004.000) 2024-12-06 01:00:54 Job terminated.
	(1) Normal termination (return value 1)
		Usr 0 11:25:28, Sys 0 00:04:51  -  Run Remote Usage
		Usr 0 00:00:00, Sys 0 00:00:00  -  Run Local Usage
		Usr 0 11:25:28, Sys 0 00:04:51  -  Total Remote Usage
		Usr 0 00:00:00, Sys 0 00:00:00  -  Total Local Usage
	0  -  Run Bytes Sent By Job
	0  -  Run Bytes Received By Job
	0  -  Total Bytes Sent By Job
	0  -  Total Bytes Received By Job
	Partitionable Resources :    Usage  Request Allocated 
	   Cpus                 :     1.00        1         1 
	   Disk (KB)            :    15          15      2160 
	   Memory (MB)          :  7425       10240     10240 

	Job terminated of its own accord at 2024-12-06T00:00:54Z with exit-code 1.
...
