000 (14467.003.000) 2024-12-05 15:26:26 Job submitted from host: <10.18.24.233:9618?addrs=10.18.24.233-9618&alias=bioclusts03.bioclust.biologie.ens.fr&noUDP&sock=schedd_910141_9a29>
...
001 (14467.003.000) 2024-12-05 15:26:44 Job executing on host: <10.18.24.108:9618?addrs=10.18.24.108-9618&alias=ecoclust13.bioclust.biologie.ens.fr&noUDP&sock=startd_1066_c40c>
...
006 (14467.003.000) 2024-12-05 15:26:54 Image size of job updated: 87552
	3  -  MemoryUsage of job (MB)
	3036  -  ResidentSetSize of job (KB)
...
006 (14467.003.000) 2024-12-05 15:31:55 Image size of job updated: 639624
	89  -  MemoryUsage of job (MB)
	90684  -  ResidentSetSize of job (KB)
...
006 (14467.003.000) 2024-12-05 15:36:55 Image size of job updated: 1716080
	677  -  MemoryUsage of job (MB)
	692316  -  ResidentSetSize of job (KB)
...
006 (14467.003.000) 2024-12-05 15:41:56 Image size of job updated: 1716080
	688  -  MemoryUsage of job (MB)
	704424  -  ResidentSetSize of job (KB)
...
006 (14467.003.000) 2024-12-05 15:46:57 Image size of job updated: 1716080
	691  -  MemoryUsage of job (MB)
	706752  -  ResidentSetSize of job (KB)
...
006 (14467.003.000) 2024-12-05 15:51:57 Image size of job updated: 1716080
	693  -  MemoryUsage of job (MB)
	709272  -  ResidentSetSize of job (KB)
...
006 (14467.003.000) 2024-12-05 15:56:57 Image size of job updated: 1716080
	698  -  MemoryUsage of job (MB)
	713860  -  ResidentSetSize of job (KB)
...
006 (14467.003.000) 2024-12-05 16:01:58 Image size of job updated: 1716080
	700  -  MemoryUsage of job (MB)
	715972  -  ResidentSetSize of job (KB)
...
006 (14467.003.000) 2024-12-05 16:06:58 Image size of job updated: 1716080
	702  -  MemoryUsage of job (MB)
	717972  -  ResidentSetSize of job (KB)
...
006 (14467.003.000) 2024-12-05 16:11:58 Image size of job updated: 1716080
	704  -  MemoryUsage of job (MB)
	720268  -  ResidentSetSize of job (KB)
...
006 (14467.003.000) 2024-12-05 16:16:59 Image size of job updated: 1716080
	706  -  MemoryUsage of job (MB)
	722360  -  ResidentSetSize of job (KB)
...
006 (14467.003.000) 2024-12-05 16:22:00 Image size of job updated: 1716080
	707  -  MemoryUsage of job (MB)
	723696  -  ResidentSetSize of job (KB)
...
006 (14467.003.000) 2024-12-05 16:27:00 Image size of job updated: 1716080
	710  -  MemoryUsage of job (MB)
	726584  -  ResidentSetSize of job (KB)
...
006 (14467.003.000) 2024-12-05 16:32:01 Image size of job updated: 1716080
	712  -  MemoryUsage of job (MB)
	728484  -  ResidentSetSize of job (KB)
...
006 (14467.003.000) 2024-12-05 16:37:02 Image size of job updated: 1716080
	713  -  MemoryUsage of job (MB)
	729808  -  ResidentSetSize of job (KB)
...
006 (14467.003.000) 2024-12-05 16:42:02 Image size of job updated: 1716080
	715  -  MemoryUsage of job (MB)
	732064  -  ResidentSetSize of job (KB)
...
006 (14467.003.000) 2024-12-05 16:47:02 Image size of job updated: 1716080
	718  -  MemoryUsage of job (MB)
	734276  -  ResidentSetSize of job (KB)
...
006 (14467.003.000) 2024-12-05 16:52:03 Image size of job updated: 1716080
	719  -  MemoryUsage of job (MB)
	735524  -  ResidentSetSize of job (KB)
...
006 (14467.003.000) 2024-12-05 16:57:03 Image size of job updated: 1716080
	723  -  MemoryUsage of job (MB)
	739988  -  ResidentSetSize of job (KB)
...
006 (14467.003.000) 2024-12-05 17:07:04 Image size of job updated: 1716080
	728  -  MemoryUsage of job (MB)
	744480  -  ResidentSetSize of job (KB)
...
006 (14467.003.000) 2024-12-05 17:12:04 Image size of job updated: 1716080
	734  -  MemoryUsage of job (MB)
	750772  -  ResidentSetSize of job (KB)
...
006 (14467.003.000) 2024-12-05 17:17:05 Image size of job updated: 1716080
	741  -  MemoryUsage of job (MB)
	758284  -  ResidentSetSize of job (KB)
...
006 (14467.003.000) 2024-12-05 17:22:06 Image size of job updated: 1716080
	744  -  MemoryUsage of job (MB)
	761496  -  ResidentSetSize of job (KB)
...
006 (14467.003.000) 2024-12-05 17:27:06 Image size of job updated: 1716080
	747  -  MemoryUsage of job (MB)
	764528  -  ResidentSetSize of job (KB)
...
006 (14467.003.000) 2024-12-05 17:32:06 Image size of job updated: 1781632
	751  -  MemoryUsage of job (MB)
	768772  -  ResidentSetSize of job (KB)
...
006 (14467.003.000) 2024-12-05 17:37:07 Image size of job updated: 1781632
	756  -  MemoryUsage of job (MB)
	773896  -  ResidentSetSize of job (KB)
...
006 (14467.003.000) 2024-12-05 17:42:07 Image size of job updated: 1781632
	759  -  MemoryUsage of job (MB)
	776264  -  ResidentSetSize of job (KB)
...
006 (14467.003.000) 2024-12-05 17:47:07 Image size of job updated: 1781632
	763  -  MemoryUsage of job (MB)
	780876  -  ResidentSetSize of job (KB)
...
006 (14467.003.000) 2024-12-05 17:52:08 Image size of job updated: 1781632
	773  -  MemoryUsage of job (MB)
	791384  -  ResidentSetSize of job (KB)
...
006 (14467.003.000) 2024-12-05 18:12:10 Image size of job updated: 1781632
	776  -  MemoryUsage of job (MB)
	793724  -  ResidentSetSize of job (KB)
...
006 (14467.003.000) 2024-12-05 18:17:10 Image size of job updated: 1781632
	778  -  MemoryUsage of job (MB)
	796128  -  ResidentSetSize of job (KB)
...
006 (14467.003.000) 2024-12-05 18:22:10 Image size of job updated: 1781632
	780  -  MemoryUsage of job (MB)
	798124  -  ResidentSetSize of job (KB)
...
006 (14467.003.000) 2024-12-05 18:27:11 Image size of job updated: 1781632
	783  -  MemoryUsage of job (MB)
	801264  -  ResidentSetSize of job (KB)
...
006 (14467.003.000) 2024-12-05 18:32:12 Image size of job updated: 1781632
	784  -  MemoryUsage of job (MB)
	802672  -  ResidentSetSize of job (KB)
...
006 (14467.003.000) 2024-12-05 18:37:12 Image size of job updated: 1781632
	785  -  MemoryUsage of job (MB)
	803504  -  ResidentSetSize of job (KB)
...
006 (14467.003.000) 2024-12-05 18:42:13 Image size of job updated: 1781632
	787  -  MemoryUsage of job (MB)
	805816  -  ResidentSetSize of job (KB)
...
006 (14467.003.000) 2024-12-05 18:47:14 Image size of job updated: 1781632
	789  -  MemoryUsage of job (MB)
	807912  -  ResidentSetSize of job (KB)
...
006 (14467.003.000) 2024-12-05 18:52:14 Image size of job updated: 1781632
	790  -  MemoryUsage of job (MB)
	808944  -  ResidentSetSize of job (KB)
...
006 (14467.003.000) 2024-12-05 18:57:14 Image size of job updated: 1781632
	793  -  MemoryUsage of job (MB)
	811352  -  ResidentSetSize of job (KB)
...
006 (14467.003.000) 2024-12-05 19:02:16 Image size of job updated: 1781632
	795  -  MemoryUsage of job (MB)
	813736  -  ResidentSetSize of job (KB)
...
006 (14467.003.000) 2024-12-05 19:07:16 Image size of job updated: 1781632
	807  -  MemoryUsage of job (MB)
	825804  -  ResidentSetSize of job (KB)
...
006 (14467.003.000) 2024-12-05 19:42:19 Image size of job updated: 1847184
	808  -  MemoryUsage of job (MB)
	827344  -  ResidentSetSize of job (KB)
...
006 (14467.003.000) 2024-12-05 19:52:20 Image size of job updated: 1847184
	809  -  MemoryUsage of job (MB)
	827452  -  ResidentSetSize of job (KB)
...
006 (14467.003.000) 2024-12-05 19:57:21 Image size of job updated: 1847184
	809  -  MemoryUsage of job (MB)
	828252  -  ResidentSetSize of job (KB)
...
006 (14467.003.000) 2024-12-05 20:02:21 Image size of job updated: 1847184
	811  -  MemoryUsage of job (MB)
	829836  -  ResidentSetSize of job (KB)
...
006 (14467.003.000) 2024-12-05 20:07:21 Image size of job updated: 1847184
	828  -  MemoryUsage of job (MB)
	847140  -  ResidentSetSize of job (KB)
...
006 (14467.003.000) 2024-12-05 20:42:25 Image size of job updated: 1847184
	834  -  MemoryUsage of job (MB)
	853132  -  ResidentSetSize of job (KB)
...
006 (14467.003.000) 2024-12-05 21:02:27 Image size of job updated: 1847184
	847  -  MemoryUsage of job (MB)
	867228  -  ResidentSetSize of job (KB)
...
006 (14467.003.000) 2024-12-05 21:47:32 Image size of job updated: 1847184
	855  -  MemoryUsage of job (MB)
	874896  -  ResidentSetSize of job (KB)
...
006 (14467.003.000) 2024-12-05 22:27:37 Image size of job updated: 1847184
	855  -  MemoryUsage of job (MB)
	874908  -  ResidentSetSize of job (KB)
...
006 (14467.003.000) 2024-12-05 22:32:37 Image size of job updated: 1847184
	878  -  MemoryUsage of job (MB)
	898648  -  ResidentSetSize of job (KB)
...
006 (14467.003.000) 2024-12-05 22:42:38 Image size of job updated: 1912736
	878  -  MemoryUsage of job (MB)
	898648  -  ResidentSetSize of job (KB)
...
006 (14467.003.000) 2024-12-05 23:12:42 Image size of job updated: 1912736
	879  -  MemoryUsage of job (MB)
	899772  -  ResidentSetSize of job (KB)
...
006 (14467.003.000) 2024-12-05 23:32:43 Image size of job updated: 1912736
	879  -  MemoryUsage of job (MB)
	899800  -  ResidentSetSize of job (KB)
...
006 (14467.003.000) 2024-12-05 23:37:44 Image size of job updated: 1912736
	882  -  MemoryUsage of job (MB)
	902760  -  ResidentSetSize of job (KB)
...
006 (14467.003.000) 2024-12-05 23:42:45 Image size of job updated: 1912736
	888  -  MemoryUsage of job (MB)
	908888  -  ResidentSetSize of job (KB)
...
006 (14467.003.000) 2024-12-05 23:47:45 Image size of job updated: 1912736
	889  -  MemoryUsage of job (MB)
	910328  -  ResidentSetSize of job (KB)
...
006 (14467.003.000) 2024-12-06 07:18:31 Image size of job updated: 1912736
	904  -  MemoryUsage of job (MB)
	925328  -  ResidentSetSize of job (KB)
...
006 (14467.003.000) 2024-12-06 07:43:33 Image size of job updated: 1912736
	919  -  MemoryUsage of job (MB)
	940104  -  ResidentSetSize of job (KB)
...
006 (14467.003.000) 2024-12-06 07:53:35 Image size of job updated: 1912736
	927  -  MemoryUsage of job (MB)
	949204  -  ResidentSetSize of job (KB)
...
006 (14467.003.000) 2024-12-06 07:58:35 Image size of job updated: 1912736
	935  -  MemoryUsage of job (MB)
	957244  -  ResidentSetSize of job (KB)
...
006 (14467.003.000) 2024-12-06 08:18:37 Image size of job updated: 1978160
	935  -  MemoryUsage of job (MB)
	957244  -  ResidentSetSize of job (KB)
...
006 (14467.003.000) 2024-12-07 02:25:31 Image size of job updated: 1988532
	935  -  MemoryUsage of job (MB)
	957244  -  ResidentSetSize of job (KB)
...
006 (14467.003.000) 2024-12-07 02:35:32 Image size of job updated: 1988532
	937  -  MemoryUsage of job (MB)
	959128  -  ResidentSetSize of job (KB)
...
006 (14467.003.000) 2024-12-07 10:46:21 Image size of job updated: 1988532
	943  -  MemoryUsage of job (MB)
	964640  -  ResidentSetSize of job (KB)
...
006 (14467.003.000) 2024-12-07 10:51:21 Image size of job updated: 1988532
	943  -  MemoryUsage of job (MB)
	964772  -  ResidentSetSize of job (KB)
...
006 (14467.003.000) 2024-12-07 11:11:24 Image size of job updated: 1988532
	944  -  MemoryUsage of job (MB)
	966196  -  ResidentSetSize of job (KB)
...
006 (14467.003.000) 2024-12-07 11:21:25 Image size of job updated: 1988532
	954  -  MemoryUsage of job (MB)
	976204  -  ResidentSetSize of job (KB)
...
006 (14467.003.000) 2024-12-08 02:58:07 Image size of job updated: 1988532
	959  -  MemoryUsage of job (MB)
	981264  -  ResidentSetSize of job (KB)
...
006 (14467.003.000) 2024-12-12 00:37:42 Image size of job updated: 1996212
	959  -  MemoryUsage of job (MB)
	981264  -  ResidentSetSize of job (KB)
...
006 (14467.003.000) 2024-12-15 18:46:53 Image size of job updated: 1996212
	960  -  MemoryUsage of job (MB)
	982284  -  ResidentSetSize of job (KB)
...
006 (14467.003.000) 2024-12-17 18:01:49 Image size of job updated: 1996212
	966  -  MemoryUsage of job (MB)
	988548  -  ResidentSetSize of job (KB)
...
006 (14467.003.000) 2024-12-19 04:20:17 Image size of job updated: 1996212
	967  -  MemoryUsage of job (MB)
	989800  -  ResidentSetSize of job (KB)
...
006 (14467.003.000) 2024-12-23 13:31:09 Image size of job updated: 1996212
	968  -  MemoryUsage of job (MB)
	990440  -  ResidentSetSize of job (KB)
...
006 (14467.003.000) 2024-12-23 13:41:10 Image size of job updated: 1996212
	973  -  MemoryUsage of job (MB)
	995800  -  ResidentSetSize of job (KB)
...
022 (14467.003.000) 2025-01-07 15:33:17 Job disconnected, attempting to reconnect
    Local schedd and job shadow died, schedd now running again
    Trying to reconnect to slot1@ecoclust13.bioclust.biologie.ens.fr <10.18.24.108:9618?addrs=10.18.24.108-9618&alias=ecoclust13.bioclust.biologie.ens.fr&noUDP&sock=startd_1066_c40c>
...
023 (14467.003.000) 2025-01-07 15:33:22 Job reconnected to slot1@ecoclust13.bioclust.biologie.ens.fr
    startd address: <10.18.24.108:9618?addrs=10.18.24.108-9618&alias=ecoclust13.bioclust.biologie.ens.fr&noUDP&sock=startd_1066_c40c>
    starter address: <10.18.24.108:9618?addrs=10.18.24.108-9618&alias=ecoclust13.bioclust.biologie.ens.fr&noUDP&sock=slot1_3_2457890_9b26_3695>
...
006 (14467.003.000) 2025-02-17 05:11:42 Image size of job updated: 2061760
	977  -  MemoryUsage of job (MB)
	1000000  -  ResidentSetSize of job (KB)
...
006 (14467.003.000) 2025-03-22 20:59:45 Image size of job updated: 2061760
	977  -  MemoryUsage of job (MB)
	1000448  -  ResidentSetSize of job (KB)
...
009 (14467.003.000) 2025-05-27 12:13:39 Job was aborted.
	via condor_rm (by user andreole)

	Job terminated by itself at 2025-03-31T09:48:11Z (using method 0: OF_ITS_OWN_ACCORD).
...
