000 (14467.002.000) 2024-12-05 15:26:26 Job submitted from host: <10.18.24.233:9618?addrs=10.18.24.233-9618&alias=bioclusts03.bioclust.biologie.ens.fr&noUDP&sock=schedd_910141_9a29>
...
001 (14467.002.000) 2024-12-05 15:26:44 Job executing on host: <10.18.24.110:9618?addrs=10.18.24.110-9618&alias=ecoclust15.bioclust.biologie.ens.fr&noUDP&sock=startd_1108_9306>
...
006 (14467.002.000) 2024-12-05 15:26:52 Image size of job updated: 1073308
	263  -  MemoryUsage of job (MB)
	268584  -  ResidentSetSize of job (KB)
...
006 (14467.002.000) 2024-12-05 15:31:52 Image size of job updated: 1800816
	729  -  MemoryUsage of job (MB)
	745948  -  ResidentSetSize of job (KB)
...
006 (14467.002.000) 2024-12-05 15:36:53 Image size of job updated: 1800816
	744  -  MemoryUsage of job (MB)
	761632  -  ResidentSetSize of job (KB)
...
006 (14467.002.000) 2024-12-05 15:41:54 Image size of job updated: 1800816
	751  -  MemoryUsage of job (MB)
	768640  -  ResidentSetSize of job (KB)
...
006 (14467.002.000) 2024-12-05 15:46:54 Image size of job updated: 1800816
	761  -  MemoryUsage of job (MB)
	778524  -  ResidentSetSize of job (KB)
...
006 (14467.002.000) 2024-12-05 15:51:54 Image size of job updated: 1800816
	770  -  MemoryUsage of job (MB)
	787824  -  ResidentSetSize of job (KB)
...
006 (14467.002.000) 2024-12-05 15:56:55 Image size of job updated: 1800816
	801  -  MemoryUsage of job (MB)
	819756  -  ResidentSetSize of job (KB)
...
006 (14467.002.000) 2024-12-05 16:26:58 Image size of job updated: 1866368
	802  -  MemoryUsage of job (MB)
	820536  -  ResidentSetSize of job (KB)
...
006 (14467.002.000) 2024-12-05 16:31:59 Image size of job updated: 1866368
	807  -  MemoryUsage of job (MB)
	825424  -  ResidentSetSize of job (KB)
...
006 (14467.002.000) 2024-12-05 16:36:59 Image size of job updated: 1866368
	812  -  MemoryUsage of job (MB)
	831376  -  ResidentSetSize of job (KB)
...
006 (14467.002.000) 2024-12-05 16:41:59 Image size of job updated: 1866368
	817  -  MemoryUsage of job (MB)
	836356  -  ResidentSetSize of job (KB)
...
006 (14467.002.000) 2024-12-05 16:47:00 Image size of job updated: 1866368
	821  -  MemoryUsage of job (MB)
	839872  -  ResidentSetSize of job (KB)
...
006 (14467.002.000) 2024-12-05 16:52:00 Image size of job updated: 1866368
	824  -  MemoryUsage of job (MB)
	843140  -  ResidentSetSize of job (KB)
...
006 (14467.002.000) 2024-12-05 16:57:00 Image size of job updated: 1866368
	826  -  MemoryUsage of job (MB)
	845436  -  ResidentSetSize of job (KB)
...
006 (14467.002.000) 2024-12-05 17:02:01 Image size of job updated: 1866368
	830  -  MemoryUsage of job (MB)
	849108  -  ResidentSetSize of job (KB)
...
006 (14467.002.000) 2024-12-05 17:07:02 Image size of job updated: 1866368
	835  -  MemoryUsage of job (MB)
	854752  -  ResidentSetSize of job (KB)
...
006 (14467.002.000) 2024-12-05 17:12:02 Image size of job updated: 1866368
	853  -  MemoryUsage of job (MB)
	872500  -  ResidentSetSize of job (KB)
...
006 (14467.002.000) 2024-12-05 17:17:02 Image size of job updated: 1866368
	858  -  MemoryUsage of job (MB)
	878236  -  ResidentSetSize of job (KB)
...
006 (14467.002.000) 2024-12-05 17:22:03 Image size of job updated: 1866368
	866  -  MemoryUsage of job (MB)
	886508  -  ResidentSetSize of job (KB)
...
006 (14467.002.000) 2024-12-05 17:27:03 Image size of job updated: 1931920
	876  -  MemoryUsage of job (MB)
	896456  -  ResidentSetSize of job (KB)
...
006 (14467.002.000) 2024-12-05 17:32:03 Image size of job updated: 1931920
	884  -  MemoryUsage of job (MB)
	904276  -  ResidentSetSize of job (KB)
...
006 (14467.002.000) 2024-12-05 17:37:04 Image size of job updated: 1931920
	891  -  MemoryUsage of job (MB)
	911608  -  ResidentSetSize of job (KB)
...
006 (14467.002.000) 2024-12-05 17:42:05 Image size of job updated: 1931920
	894  -  MemoryUsage of job (MB)
	914884  -  ResidentSetSize of job (KB)
...
006 (14467.002.000) 2024-12-05 17:47:05 Image size of job updated: 1931920
	896  -  MemoryUsage of job (MB)
	917264  -  ResidentSetSize of job (KB)
...
006 (14467.002.000) 2024-12-05 17:52:05 Image size of job updated: 1931920
	922  -  MemoryUsage of job (MB)
	944028  -  ResidentSetSize of job (KB)
...
006 (14467.002.000) 2024-12-05 20:37:23 Image size of job updated: 1931920
	927  -  MemoryUsage of job (MB)
	948416  -  ResidentSetSize of job (KB)
...
006 (14467.002.000) 2024-12-05 20:42:23 Image size of job updated: 1931920
	927  -  MemoryUsage of job (MB)
	948548  -  ResidentSetSize of job (KB)
...
006 (14467.002.000) 2024-12-05 20:47:24 Image size of job updated: 1997344
	956  -  MemoryUsage of job (MB)
	978084  -  ResidentSetSize of job (KB)
...
006 (14467.002.000) 2024-12-05 20:52:24 Image size of job updated: 1997344
	956  -  MemoryUsage of job (MB)
	978348  -  ResidentSetSize of job (KB)
...
006 (14467.002.000) 2024-12-05 21:02:26 Image size of job updated: 1997344
	963  -  MemoryUsage of job (MB)
	985244  -  ResidentSetSize of job (KB)
...
006 (14467.002.000) 2024-12-05 21:07:26 Image size of job updated: 1997344
	963  -  MemoryUsage of job (MB)
	985376  -  ResidentSetSize of job (KB)
...
006 (14467.002.000) 2024-12-06 10:38:51 Image size of job updated: 2007716
	963  -  MemoryUsage of job (MB)
	985376  -  ResidentSetSize of job (KB)
...
006 (14467.002.000) 2024-12-06 22:50:07 Image size of job updated: 2009120
	963  -  MemoryUsage of job (MB)
	985376  -  ResidentSetSize of job (KB)
...
006 (14467.002.000) 2024-12-07 00:50:19 Image size of job updated: 2009120
	970  -  MemoryUsage of job (MB)
	992304  -  ResidentSetSize of job (KB)
...
006 (14467.002.000) 2024-12-07 22:07:31 Image size of job updated: 2019364
	970  -  MemoryUsage of job (MB)
	992304  -  ResidentSetSize of job (KB)
...
006 (14467.002.000) 2024-12-08 04:58:11 Image size of job updated: 2019364
	974  -  MemoryUsage of job (MB)
	997316  -  ResidentSetSize of job (KB)
...
006 (14467.002.000) 2024-12-10 09:43:36 Image size of job updated: 2019364
	980  -  MemoryUsage of job (MB)
	1003220  -  ResidentSetSize of job (KB)
...
006 (14467.002.000) 2024-12-13 18:06:58 Image size of job updated: 2019364
	982  -  MemoryUsage of job (MB)
	1004912  -  ResidentSetSize of job (KB)
...
006 (14467.002.000) 2024-12-17 08:30:54 Image size of job updated: 2019364
	990  -  MemoryUsage of job (MB)
	1013040  -  ResidentSetSize of job (KB)
...
006 (14467.002.000) 2024-12-30 02:52:33 Image size of job updated: 2080944
	990  -  MemoryUsage of job (MB)
	1013040  -  ResidentSetSize of job (KB)
...
022 (14467.002.000) 2025-01-07 15:33:17 Job disconnected, attempting to reconnect
    Local schedd and job shadow died, schedd now running again
    Trying to reconnect to slot1@ecoclust15.bioclust.biologie.ens.fr <10.18.24.110:9618?addrs=10.18.24.110-9618&alias=ecoclust15.bioclust.biologie.ens.fr&noUDP&sock=startd_1108_9306>
...
023 (14467.002.000) 2025-01-07 15:33:22 Job reconnected to slot1@ecoclust15.bioclust.biologie.ens.fr
    startd address: <10.18.24.110:9618?addrs=10.18.24.110-9618&alias=ecoclust15.bioclust.biologie.ens.fr&noUDP&sock=startd_1108_9306>
    starter address: <10.18.24.110:9618?addrs=10.18.24.110-9618&alias=ecoclust15.bioclust.biologie.ens.fr&noUDP&sock=slot1_10_2357249_eaca_5418>
...
006 (14467.002.000) 2025-01-31 09:52:47 Image size of job updated: 3613040
	2538  -  MemoryUsage of job (MB)
	2598504  -  ResidentSetSize of job (KB)
...
006 (14467.002.000) 2025-01-31 09:54:36 Image size of job updated: 6042776
	2539  -  MemoryUsage of job (MB)
	2599032  -  ResidentSetSize of job (KB)
...
005 (14467.002.000) 2025-01-31 09:54:36 Job terminated.
	(1) Normal termination (return value 1)
		Usr 56 13:08:35, Sys 0 03:28:30  -  Run Remote Usage
		Usr 0 00:00:00, Sys 0 00:00:00  -  Run Local Usage
		Usr 89 10:08:15, Sys 0 05:31:58  -  Total Remote Usage
		Usr 0 00:00:00, Sys 0 00:00:00  -  Total Local Usage
	0  -  Run Bytes Sent By Job
	0  -  Run Bytes Received By Job
	0  -  Total Bytes Sent By Job
	0  -  Total Bytes Received By Job
	Partitionable Resources :    Usage  Request Allocated 
	   Cpus                 :     0.11        1         1 
	   Disk (KB)            :    15          15      2281 
	   Memory (MB)          :  2539        2048      2048 

	Job terminated of its own accord at 2025-01-31T08:54:36Z with exit-code 1.
...
