000 (14467.001.000) 2024-12-05 15:26:26 Job submitted from host: <10.18.24.233:9618?addrs=10.18.24.233-9618&alias=bioclusts03.bioclust.biologie.ens.fr&noUDP&sock=schedd_910141_9a29>
...
001 (14467.001.000) 2024-12-05 15:26:44 Job executing on host: <10.18.24.13:9618?addrs=10.18.24.13-9618&alias=bioclust13.bioclust.biologie.ens.fr&noUDP&sock=startd_1738935_599d>
...
006 (14467.001.000) 2024-12-05 15:26:52 Image size of job updated: 651184
	354  -  MemoryUsage of job (MB)
	361980  -  ResidentSetSize of job (KB)
...
006 (14467.001.000) 2024-12-05 15:31:52 Image size of job updated: 1722428
	683  -  MemoryUsage of job (MB)
	698532  -  ResidentSetSize of job (KB)
...
006 (14467.001.000) 2024-12-05 15:36:53 Image size of job updated: 1722428
	690  -  MemoryUsage of job (MB)
	706072  -  ResidentSetSize of job (KB)
...
006 (14467.001.000) 2024-12-05 15:41:54 Image size of job updated: 1722428
	692  -  MemoryUsage of job (MB)
	707884  -  ResidentSetSize of job (KB)
...
006 (14467.001.000) 2024-12-05 15:46:54 Image size of job updated: 1722428
	694  -  MemoryUsage of job (MB)
	710424  -  ResidentSetSize of job (KB)
...
006 (14467.001.000) 2024-12-05 15:51:54 Image size of job updated: 1722428
	696  -  MemoryUsage of job (MB)
	712152  -  ResidentSetSize of job (KB)
...
006 (14467.001.000) 2024-12-05 15:56:55 Image size of job updated: 1722428
	698  -  MemoryUsage of job (MB)
	714540  -  ResidentSetSize of job (KB)
...
006 (14467.001.000) 2024-12-05 16:01:55 Image size of job updated: 1722428
	700  -  MemoryUsage of job (MB)
	716280  -  ResidentSetSize of job (KB)
...
006 (14467.001.000) 2024-12-05 16:06:55 Image size of job updated: 1722428
	706  -  MemoryUsage of job (MB)
	722712  -  ResidentSetSize of job (KB)
...
006 (14467.001.000) 2024-12-05 16:26:58 Image size of job updated: 1722428
	707  -  MemoryUsage of job (MB)
	723684  -  ResidentSetSize of job (KB)
...
006 (14467.001.000) 2024-12-05 16:31:59 Image size of job updated: 1722428
	708  -  MemoryUsage of job (MB)
	724652  -  ResidentSetSize of job (KB)
...
006 (14467.001.000) 2024-12-05 16:36:59 Image size of job updated: 1722428
	711  -  MemoryUsage of job (MB)
	727208  -  ResidentSetSize of job (KB)
...
006 (14467.001.000) 2024-12-05 16:41:59 Image size of job updated: 1722428
	712  -  MemoryUsage of job (MB)
	728512  -  ResidentSetSize of job (KB)
...
006 (14467.001.000) 2024-12-05 16:47:00 Image size of job updated: 1722428
	716  -  MemoryUsage of job (MB)
	732588  -  ResidentSetSize of job (KB)
...
006 (14467.001.000) 2024-12-05 16:52:00 Image size of job updated: 1722428
	719  -  MemoryUsage of job (MB)
	736148  -  ResidentSetSize of job (KB)
...
006 (14467.001.000) 2024-12-05 16:57:00 Image size of job updated: 1722428
	721  -  MemoryUsage of job (MB)
	737948  -  ResidentSetSize of job (KB)
...
006 (14467.001.000) 2024-12-05 17:02:01 Image size of job updated: 1722428
	723  -  MemoryUsage of job (MB)
	739504  -  ResidentSetSize of job (KB)
...
006 (14467.001.000) 2024-12-05 17:07:02 Image size of job updated: 1722428
	724  -  MemoryUsage of job (MB)
	740732  -  ResidentSetSize of job (KB)
...
006 (14467.001.000) 2024-12-05 17:12:02 Image size of job updated: 1722428
	724  -  MemoryUsage of job (MB)
	740788  -  ResidentSetSize of job (KB)
...
006 (14467.001.000) 2024-12-05 17:17:03 Image size of job updated: 1722428
	725  -  MemoryUsage of job (MB)
	742356  -  ResidentSetSize of job (KB)
...
006 (14467.001.000) 2024-12-05 17:22:04 Image size of job updated: 1722428
	728  -  MemoryUsage of job (MB)
	744840  -  ResidentSetSize of job (KB)
...
006 (14467.001.000) 2024-12-05 17:27:04 Image size of job updated: 1722428
	729  -  MemoryUsage of job (MB)
	745628  -  ResidentSetSize of job (KB)
...
006 (14467.001.000) 2024-12-05 17:32:04 Image size of job updated: 1722428
	729  -  MemoryUsage of job (MB)
	745844  -  ResidentSetSize of job (KB)
...
006 (14467.001.000) 2024-12-05 17:37:05 Image size of job updated: 1722428
	732  -  MemoryUsage of job (MB)
	748592  -  ResidentSetSize of job (KB)
...
006 (14467.001.000) 2024-12-05 17:42:06 Image size of job updated: 1722428
	734  -  MemoryUsage of job (MB)
	751168  -  ResidentSetSize of job (KB)
...
006 (14467.001.000) 2024-12-05 17:47:06 Image size of job updated: 1722428
	736  -  MemoryUsage of job (MB)
	753584  -  ResidentSetSize of job (KB)
...
006 (14467.001.000) 2024-12-05 17:57:07 Image size of job updated: 1722428
	738  -  MemoryUsage of job (MB)
	755176  -  ResidentSetSize of job (KB)
...
006 (14467.001.000) 2024-12-05 18:02:07 Image size of job updated: 1722428
	744  -  MemoryUsage of job (MB)
	760920  -  ResidentSetSize of job (KB)
...
006 (14467.001.000) 2024-12-05 18:17:09 Image size of job updated: 1722428
	744  -  MemoryUsage of job (MB)
	761840  -  ResidentSetSize of job (KB)
...
006 (14467.001.000) 2024-12-05 18:22:09 Image size of job updated: 1722428
	746  -  MemoryUsage of job (MB)
	763428  -  ResidentSetSize of job (KB)
...
006 (14467.001.000) 2024-12-05 18:27:09 Image size of job updated: 1722428
	747  -  MemoryUsage of job (MB)
	764020  -  ResidentSetSize of job (KB)
...
006 (14467.001.000) 2024-12-05 18:32:10 Image size of job updated: 1722428
	749  -  MemoryUsage of job (MB)
	766752  -  ResidentSetSize of job (KB)
...
006 (14467.001.000) 2024-12-05 18:37:10 Image size of job updated: 1722428
	751  -  MemoryUsage of job (MB)
	768220  -  ResidentSetSize of job (KB)
...
006 (14467.001.000) 2024-12-05 18:42:10 Image size of job updated: 1722428
	753  -  MemoryUsage of job (MB)
	770412  -  ResidentSetSize of job (KB)
...
006 (14467.001.000) 2024-12-05 18:47:11 Image size of job updated: 1722428
	755  -  MemoryUsage of job (MB)
	773024  -  ResidentSetSize of job (KB)
...
006 (14467.001.000) 2024-12-05 18:52:12 Image size of job updated: 1722428
	758  -  MemoryUsage of job (MB)
	775944  -  ResidentSetSize of job (KB)
...
006 (14467.001.000) 2024-12-05 18:57:12 Image size of job updated: 1722428
	759  -  MemoryUsage of job (MB)
	776788  -  ResidentSetSize of job (KB)
...
006 (14467.001.000) 2024-12-05 19:02:13 Image size of job updated: 1787980
	761  -  MemoryUsage of job (MB)
	778384  -  ResidentSetSize of job (KB)
...
006 (14467.001.000) 2024-12-05 19:07:14 Image size of job updated: 1787980
	764  -  MemoryUsage of job (MB)
	781900  -  ResidentSetSize of job (KB)
...
006 (14467.001.000) 2024-12-05 19:12:14 Image size of job updated: 1787980
	769  -  MemoryUsage of job (MB)
	787384  -  ResidentSetSize of job (KB)
...
006 (14467.001.000) 2024-12-05 19:17:15 Image size of job updated: 1787980
	777  -  MemoryUsage of job (MB)
	795236  -  ResidentSetSize of job (KB)
...
006 (14467.001.000) 2024-12-05 19:22:16 Image size of job updated: 1787980
	780  -  MemoryUsage of job (MB)
	798692  -  ResidentSetSize of job (KB)
...
006 (14467.001.000) 2024-12-05 19:27:16 Image size of job updated: 1787980
	786  -  MemoryUsage of job (MB)
	804372  -  ResidentSetSize of job (KB)
...
006 (14467.001.000) 2024-12-05 19:32:16 Image size of job updated: 1787980
	790  -  MemoryUsage of job (MB)
	808024  -  ResidentSetSize of job (KB)
...
006 (14467.001.000) 2024-12-05 19:37:17 Image size of job updated: 1787980
	799  -  MemoryUsage of job (MB)
	817548  -  ResidentSetSize of job (KB)
...
006 (14467.001.000) 2024-12-05 19:52:18 Image size of job updated: 1787980
	805  -  MemoryUsage of job (MB)
	823348  -  ResidentSetSize of job (KB)
...
006 (14467.001.000) 2024-12-05 19:57:18 Image size of job updated: 1787980
	808  -  MemoryUsage of job (MB)
	826824  -  ResidentSetSize of job (KB)
...
006 (14467.001.000) 2024-12-05 20:02:18 Image size of job updated: 1787980
	814  -  MemoryUsage of job (MB)
	833420  -  ResidentSetSize of job (KB)
...
006 (14467.001.000) 2024-12-05 20:07:19 Image size of job updated: 1853532
	818  -  MemoryUsage of job (MB)
	837184  -  ResidentSetSize of job (KB)
...
006 (14467.001.000) 2024-12-05 20:12:20 Image size of job updated: 1853532
	821  -  MemoryUsage of job (MB)
	839856  -  ResidentSetSize of job (KB)
...
006 (14467.001.000) 2024-12-05 20:17:20 Image size of job updated: 1853532
	825  -  MemoryUsage of job (MB)
	844800  -  ResidentSetSize of job (KB)
...
006 (14467.001.000) 2024-12-05 20:32:22 Image size of job updated: 1853532
	843  -  MemoryUsage of job (MB)
	862552  -  ResidentSetSize of job (KB)
...
006 (14467.001.000) 2024-12-05 21:02:25 Image size of job updated: 1853532
	843  -  MemoryUsage of job (MB)
	862732  -  ResidentSetSize of job (KB)
...
006 (14467.001.000) 2024-12-05 21:07:25 Image size of job updated: 1853532
	846  -  MemoryUsage of job (MB)
	865324  -  ResidentSetSize of job (KB)
...
006 (14467.001.000) 2024-12-05 21:12:27 Image size of job updated: 1853532
	848  -  MemoryUsage of job (MB)
	867832  -  ResidentSetSize of job (KB)
...
006 (14467.001.000) 2024-12-05 21:17:27 Image size of job updated: 1853532
	851  -  MemoryUsage of job (MB)
	871168  -  ResidentSetSize of job (KB)
...
006 (14467.001.000) 2024-12-05 21:22:27 Image size of job updated: 1853532
	870  -  MemoryUsage of job (MB)
	890568  -  ResidentSetSize of job (KB)
...
006 (14467.001.000) 2024-12-05 22:02:33 Image size of job updated: 1853532
	873  -  MemoryUsage of job (MB)
	893024  -  ResidentSetSize of job (KB)
...
006 (14467.001.000) 2024-12-05 22:07:33 Image size of job updated: 1853532
	885  -  MemoryUsage of job (MB)
	905312  -  ResidentSetSize of job (KB)
...
006 (14467.001.000) 2024-12-05 22:22:35 Image size of job updated: 1853532
	885  -  MemoryUsage of job (MB)
	905528  -  ResidentSetSize of job (KB)
...
006 (14467.001.000) 2024-12-05 22:32:36 Image size of job updated: 1919084
	885  -  MemoryUsage of job (MB)
	905528  -  ResidentSetSize of job (KB)
...
006 (14467.001.000) 2024-12-05 22:37:36 Image size of job updated: 1919084
	890  -  MemoryUsage of job (MB)
	910360  -  ResidentSetSize of job (KB)
...
006 (14467.001.000) 2024-12-05 22:42:37 Image size of job updated: 1919084
	891  -  MemoryUsage of job (MB)
	912072  -  ResidentSetSize of job (KB)
...
006 (14467.001.000) 2024-12-05 23:07:40 Image size of job updated: 1919084
	891  -  MemoryUsage of job (MB)
	912096  -  ResidentSetSize of job (KB)
...
006 (14467.001.000) 2024-12-05 23:22:41 Image size of job updated: 1919084
	892  -  MemoryUsage of job (MB)
	913020  -  ResidentSetSize of job (KB)
...
006 (14467.001.000) 2024-12-05 23:32:42 Image size of job updated: 1919084
	904  -  MemoryUsage of job (MB)
	924896  -  ResidentSetSize of job (KB)
...
006 (14467.001.000) 2024-12-06 03:03:05 Image size of job updated: 1919084
	912  -  MemoryUsage of job (MB)
	933320  -  ResidentSetSize of job (KB)
...
006 (14467.001.000) 2024-12-06 03:08:06 Image size of job updated: 1919084
	912  -  MemoryUsage of job (MB)
	933452  -  ResidentSetSize of job (KB)
...
006 (14467.001.000) 2024-12-06 03:18:06 Image size of job updated: 1919084
	918  -  MemoryUsage of job (MB)
	939712  -  ResidentSetSize of job (KB)
...
006 (14467.001.000) 2024-12-06 03:38:08 Image size of job updated: 1984508
	923  -  MemoryUsage of job (MB)
	944964  -  ResidentSetSize of job (KB)
...
006 (14467.001.000) 2024-12-06 09:48:48 Image size of job updated: 1984508
	927  -  MemoryUsage of job (MB)
	948368  -  ResidentSetSize of job (KB)
...
006 (14467.001.000) 2024-12-06 09:53:49 Image size of job updated: 1984508
	927  -  MemoryUsage of job (MB)
	948500  -  ResidentSetSize of job (KB)
...
006 (14467.001.000) 2024-12-06 10:08:51 Image size of job updated: 1984508
	928  -  MemoryUsage of job (MB)
	949412  -  ResidentSetSize of job (KB)
...
006 (14467.001.000) 2024-12-06 10:18:51 Image size of job updated: 1984508
	935  -  MemoryUsage of job (MB)
	956796  -  ResidentSetSize of job (KB)
...
006 (14467.001.000) 2024-12-07 02:30:28 Image size of job updated: 1984508
	935  -  MemoryUsage of job (MB)
	957432  -  ResidentSetSize of job (KB)
...
006 (14467.001.000) 2024-12-07 02:50:29 Image size of job updated: 1984508
	942  -  MemoryUsage of job (MB)
	964108  -  ResidentSetSize of job (KB)
...
006 (14467.001.000) 2024-12-07 07:36:00 Image size of job updated: 1994880
	942  -  MemoryUsage of job (MB)
	964108  -  ResidentSetSize of job (KB)
...
006 (14467.001.000) 2024-12-07 17:17:00 Image size of job updated: 1994880
	952  -  MemoryUsage of job (MB)
	974152  -  ResidentSetSize of job (KB)
...
006 (14467.001.000) 2024-12-07 17:47:03 Image size of job updated: 1994880
	955  -  MemoryUsage of job (MB)
	977308  -  ResidentSetSize of job (KB)
...
006 (14467.001.000) 2024-12-08 05:28:15 Image size of job updated: 2002560
	955  -  MemoryUsage of job (MB)
	977308  -  ResidentSetSize of job (KB)
...
006 (14467.001.000) 2024-12-08 18:14:35 Image size of job updated: 2002560
	959  -  MemoryUsage of job (MB)
	981700  -  ResidentSetSize of job (KB)
...
006 (14467.001.000) 2024-12-09 01:10:18 Image size of job updated: 2002560
	963  -  MemoryUsage of job (MB)
	985932  -  ResidentSetSize of job (KB)
...
006 (14467.001.000) 2024-12-09 01:40:19 Image size of job updated: 2002560
	967  -  MemoryUsage of job (MB)
	989940  -  ResidentSetSize of job (KB)
...
006 (14467.001.000) 2024-12-12 07:23:19 Image size of job updated: 2002560
	970  -  MemoryUsage of job (MB)
	992912  -  ResidentSetSize of job (KB)
...
006 (14467.001.000) 2024-12-13 15:21:36 Image size of job updated: 2002560
	974  -  MemoryUsage of job (MB)
	997368  -  ResidentSetSize of job (KB)
...
006 (14467.001.000) 2024-12-15 00:04:51 Image size of job updated: 2002560
	979  -  MemoryUsage of job (MB)
	1001588  -  ResidentSetSize of job (KB)
...
006 (14467.001.000) 2024-12-15 13:21:09 Image size of job updated: 2068108
	979  -  MemoryUsage of job (MB)
	1001588  -  ResidentSetSize of job (KB)
...
006 (14467.001.000) 2024-12-21 07:35:28 Image size of job updated: 2068108
	981  -  MemoryUsage of job (MB)
	1003796  -  ResidentSetSize of job (KB)
...
022 (14467.001.000) 2025-01-07 15:33:16 Job disconnected, attempting to reconnect
    Local schedd and job shadow died, schedd now running again
    Trying to reconnect to slot1@bioclust13.bioclust.biologie.ens.fr <10.18.24.13:9618?addrs=10.18.24.13-9618&alias=bioclust13.bioclust.biologie.ens.fr&noUDP&sock=startd_1738935_599d>
...
023 (14467.001.000) 2025-01-07 15:33:22 Job reconnected to slot1@bioclust13.bioclust.biologie.ens.fr
    startd address: <10.18.24.13:9618?addrs=10.18.24.13-9618&alias=bioclust13.bioclust.biologie.ens.fr&noUDP&sock=startd_1738935_599d>
    starter address: <10.18.24.13:9618?addrs=10.18.24.13-9618&alias=bioclust13.bioclust.biologie.ens.fr&noUDP&sock=slot1_8_1738986_b3f4_5953>
...
