000 (14460.000.000) 2024-12-04 16:34:49 Job submitted from host: <10.18.24.233:9618?addrs=10.18.24.233-9618&alias=bioclusts03.bioclust.biologie.ens.fr&noUDP&sock=schedd_910141_9a29>
...
001 (14460.000.000) 2024-12-04 16:34:49 Job executing on host: <10.18.24.5:9618?addrs=10.18.24.5-9618&alias=bioclust05.bioclust.biologie.ens.fr&noUDP&sock=startd_1116_0fc8>
...
006 (14460.000.000) 2024-12-04 16:34:58 Image size of job updated: 858140
	173  -  MemoryUsage of job (MB)
	177076  -  ResidentSetSize of job (KB)
...
006 (14460.000.000) 2024-12-04 16:39:59 Image size of job updated: 1793600
	694  -  MemoryUsage of job (MB)
	709660  -  ResidentSetSize of job (KB)
...
006 (14460.000.000) 2024-12-04 16:44:59 Image size of job updated: 1793600
	704  -  MemoryUsage of job (MB)
	720224  -  ResidentSetSize of job (KB)
...
006 (14460.000.000) 2024-12-04 16:49:59 Image size of job updated: 1795884
	705  -  MemoryUsage of job (MB)
	721560  -  ResidentSetSize of job (KB)
...
006 (14460.000.000) 2024-12-04 16:55:00 Image size of job updated: 1796832
	717  -  MemoryUsage of job (MB)
	734080  -  ResidentSetSize of job (KB)
...
006 (14460.000.000) 2024-12-04 17:00:00 Image size of job updated: 1798876
	724  -  MemoryUsage of job (MB)
	741200  -  ResidentSetSize of job (KB)
...
006 (14460.000.000) 2024-12-04 17:05:00 Image size of job updated: 1798876
	726  -  MemoryUsage of job (MB)
	742644  -  ResidentSetSize of job (KB)
...
006 (14460.000.000) 2024-12-04 17:10:01 Image size of job updated: 1800396
	734  -  MemoryUsage of job (MB)
	751280  -  ResidentSetSize of job (KB)
...
006 (14460.000.000) 2024-12-04 17:15:02 Image size of job updated: 1801272
	741  -  MemoryUsage of job (MB)
	758608  -  ResidentSetSize of job (KB)
...
006 (14460.000.000) 2024-12-04 17:20:02 Image size of job updated: 1803344
	751  -  MemoryUsage of job (MB)
	768532  -  ResidentSetSize of job (KB)
...
006 (14460.000.000) 2024-12-04 17:25:02 Image size of job updated: 1803644
	751  -  MemoryUsage of job (MB)
	768532  -  ResidentSetSize of job (KB)
...
006 (14460.000.000) 2024-12-04 17:35:03 Image size of job updated: 1803644
	755  -  MemoryUsage of job (MB)
	772840  -  ResidentSetSize of job (KB)
...
006 (14460.000.000) 2024-12-04 17:40:03 Image size of job updated: 1803644
	759  -  MemoryUsage of job (MB)
	776872  -  ResidentSetSize of job (KB)
...
006 (14460.000.000) 2024-12-04 17:45:04 Image size of job updated: 1803644
	761  -  MemoryUsage of job (MB)
	779180  -  ResidentSetSize of job (KB)
...
006 (14460.000.000) 2024-12-04 17:50:05 Image size of job updated: 1803644
	766  -  MemoryUsage of job (MB)
	783640  -  ResidentSetSize of job (KB)
...
006 (14460.000.000) 2024-12-04 17:55:05 Image size of job updated: 1803644
	769  -  MemoryUsage of job (MB)
	786776  -  ResidentSetSize of job (KB)
...
006 (14460.000.000) 2024-12-04 18:00:05 Image size of job updated: 1803644
	773  -  MemoryUsage of job (MB)
	790652  -  ResidentSetSize of job (KB)
...
006 (14460.000.000) 2024-12-04 18:15:06 Image size of job updated: 1804036
	778  -  MemoryUsage of job (MB)
	795888  -  ResidentSetSize of job (KB)
...
006 (14460.000.000) 2024-12-04 18:20:07 Image size of job updated: 1805896
	782  -  MemoryUsage of job (MB)
	800044  -  ResidentSetSize of job (KB)
...
006 (14460.000.000) 2024-12-04 18:25:08 Image size of job updated: 1805896
	782  -  MemoryUsage of job (MB)
	800600  -  ResidentSetSize of job (KB)
...
006 (14460.000.000) 2024-12-04 18:30:08 Image size of job updated: 1805896
	785  -  MemoryUsage of job (MB)
	803792  -  ResidentSetSize of job (KB)
...
006 (14460.000.000) 2024-12-04 18:35:08 Image size of job updated: 1805896
	791  -  MemoryUsage of job (MB)
	809048  -  ResidentSetSize of job (KB)
...
006 (14460.000.000) 2024-12-04 18:40:09 Image size of job updated: 1807240
	793  -  MemoryUsage of job (MB)
	811904  -  ResidentSetSize of job (KB)
...
006 (14460.000.000) 2024-12-04 18:45:09 Image size of job updated: 1807240
	795  -  MemoryUsage of job (MB)
	814052  -  ResidentSetSize of job (KB)
...
006 (14460.000.000) 2024-12-04 18:50:09 Image size of job updated: 1807240
	800  -  MemoryUsage of job (MB)
	818976  -  ResidentSetSize of job (KB)
...
006 (14460.000.000) 2024-12-04 18:55:10 Image size of job updated: 1807864
	805  -  MemoryUsage of job (MB)
	823544  -  ResidentSetSize of job (KB)
...
006 (14460.000.000) 2024-12-04 19:05:11 Image size of job updated: 1808284
	812  -  MemoryUsage of job (MB)
	831476  -  ResidentSetSize of job (KB)
...
006 (14460.000.000) 2024-12-04 19:10:12 Image size of job updated: 1808284
	814  -  MemoryUsage of job (MB)
	833040  -  ResidentSetSize of job (KB)
...
006 (14460.000.000) 2024-12-04 19:15:13 Image size of job updated: 1808284
	821  -  MemoryUsage of job (MB)
	839696  -  ResidentSetSize of job (KB)
...
006 (14460.000.000) 2024-12-04 19:20:13 Image size of job updated: 1809908
	821  -  MemoryUsage of job (MB)
	839696  -  ResidentSetSize of job (KB)
...
006 (14460.000.000) 2024-12-04 19:25:13 Image size of job updated: 1814816
	831  -  MemoryUsage of job (MB)
	850844  -  ResidentSetSize of job (KB)
...
006 (14460.000.000) 2024-12-04 19:30:14 Image size of job updated: 1816064
	834  -  MemoryUsage of job (MB)
	853528  -  ResidentSetSize of job (KB)
...
006 (14460.000.000) 2024-12-04 19:35:15 Image size of job updated: 1818464
	838  -  MemoryUsage of job (MB)
	857936  -  ResidentSetSize of job (KB)
...
006 (14460.000.000) 2024-12-04 19:40:15 Image size of job updated: 1818464
	855  -  MemoryUsage of job (MB)
	874524  -  ResidentSetSize of job (KB)
...
006 (14460.000.000) 2024-12-04 19:55:17 Image size of job updated: 1826448
	856  -  MemoryUsage of job (MB)
	876476  -  ResidentSetSize of job (KB)
...
006 (14460.000.000) 2024-12-04 20:00:18 Image size of job updated: 1886596
	856  -  MemoryUsage of job (MB)
	876476  -  ResidentSetSize of job (KB)
...
006 (14460.000.000) 2024-12-04 20:05:19 Image size of job updated: 1886596
	860  -  MemoryUsage of job (MB)
	879832  -  ResidentSetSize of job (KB)
...
006 (14460.000.000) 2024-12-04 20:10:19 Image size of job updated: 1886596
	866  -  MemoryUsage of job (MB)
	886088  -  ResidentSetSize of job (KB)
...
006 (14460.000.000) 2024-12-04 20:15:19 Image size of job updated: 1886596
	867  -  MemoryUsage of job (MB)
	887648  -  ResidentSetSize of job (KB)
...
006 (14460.000.000) 2024-12-04 20:20:20 Image size of job updated: 1886596
	871  -  MemoryUsage of job (MB)
	891356  -  ResidentSetSize of job (KB)
...
006 (14460.000.000) 2024-12-04 20:25:20 Image size of job updated: 1886860
	875  -  MemoryUsage of job (MB)
	895772  -  ResidentSetSize of job (KB)
...
006 (14460.000.000) 2024-12-04 20:30:20 Image size of job updated: 1889308
	884  -  MemoryUsage of job (MB)
	904488  -  ResidentSetSize of job (KB)
...
006 (14460.000.000) 2024-12-04 20:35:21 Image size of job updated: 1889308
	889  -  MemoryUsage of job (MB)
	909680  -  ResidentSetSize of job (KB)
...
006 (14460.000.000) 2024-12-04 20:40:22 Image size of job updated: 1889576
	892  -  MemoryUsage of job (MB)
	912568  -  ResidentSetSize of job (KB)
...
006 (14460.000.000) 2024-12-04 20:50:23 Image size of job updated: 1893608
	892  -  MemoryUsage of job (MB)
	912568  -  ResidentSetSize of job (KB)
...
006 (14460.000.000) 2024-12-04 21:55:30 Image size of job updated: 1898732
	892  -  MemoryUsage of job (MB)
	912568  -  ResidentSetSize of job (KB)
...
006 (14460.000.000) 2024-12-04 23:55:42 Image size of job updated: 1905392
	892  -  MemoryUsage of job (MB)
	912568  -  ResidentSetSize of job (KB)
...
006 (14460.000.000) 2024-12-05 00:20:45 Image size of job updated: 1908228
	892  -  MemoryUsage of job (MB)
	912568  -  ResidentSetSize of job (KB)
...
006 (14460.000.000) 2024-12-05 00:25:45 Image size of job updated: 1910532
	892  -  MemoryUsage of job (MB)
	912568  -  ResidentSetSize of job (KB)
...
006 (14460.000.000) 2024-12-05 00:30:46 Image size of job updated: 1912848
	892  -  MemoryUsage of job (MB)
	912568  -  ResidentSetSize of job (KB)
...
006 (14460.000.000) 2024-12-05 00:35:46 Image size of job updated: 1912848
	893  -  MemoryUsage of job (MB)
	913848  -  ResidentSetSize of job (KB)
...
006 (14460.000.000) 2024-12-05 00:40:46 Image size of job updated: 1912848
	900  -  MemoryUsage of job (MB)
	920704  -  ResidentSetSize of job (KB)
...
006 (14460.000.000) 2024-12-05 00:45:48 Image size of job updated: 1912848
	905  -  MemoryUsage of job (MB)
	926480  -  ResidentSetSize of job (KB)
...
006 (14460.000.000) 2024-12-05 00:50:48 Image size of job updated: 1915404
	915  -  MemoryUsage of job (MB)
	936524  -  ResidentSetSize of job (KB)
...
006 (14460.000.000) 2024-12-05 00:55:48 Image size of job updated: 1915404
	922  -  MemoryUsage of job (MB)
	943664  -  ResidentSetSize of job (KB)
...
006 (14460.000.000) 2024-12-05 01:00:49 Image size of job updated: 1993492
	955  -  MemoryUsage of job (MB)
	977064  -  ResidentSetSize of job (KB)
...
006 (14460.000.000) 2024-12-05 01:05:50 Image size of job updated: 1993492
	963  -  MemoryUsage of job (MB)
	985928  -  ResidentSetSize of job (KB)
...
006 (14460.000.000) 2024-12-05 05:01:14 Image size of job updated: 1993492
	983  -  MemoryUsage of job (MB)
	1005864  -  ResidentSetSize of job (KB)
...
006 (14460.000.000) 2024-12-05 05:06:15 Image size of job updated: 2067024
	999  -  MemoryUsage of job (MB)
	1022060  -  ResidentSetSize of job (KB)
...
006 (14460.000.000) 2024-12-05 11:11:53 Image size of job updated: 2067024
	999  -  MemoryUsage of job (MB)
	1022804  -  ResidentSetSize of job (KB)
...
006 (14460.000.000) 2024-12-05 11:16:53 Image size of job updated: 2067024
	1017  -  MemoryUsage of job (MB)
	1040972  -  ResidentSetSize of job (KB)
...
006 (14460.000.000) 2024-12-05 11:21:54 Image size of job updated: 2067024
	1017  -  MemoryUsage of job (MB)
	1041104  -  ResidentSetSize of job (KB)
...
006 (14460.000.000) 2024-12-05 18:12:34 Image size of job updated: 2067400
	1017  -  MemoryUsage of job (MB)
	1041104  -  ResidentSetSize of job (KB)
...
006 (14460.000.000) 2024-12-05 19:27:43 Image size of job updated: 2069816
	1017  -  MemoryUsage of job (MB)
	1041104  -  ResidentSetSize of job (KB)
...
006 (14460.000.000) 2024-12-05 19:37:44 Image size of job updated: 2080040
	1017  -  MemoryUsage of job (MB)
	1041104  -  ResidentSetSize of job (KB)
...
006 (14460.000.000) 2024-12-05 19:42:45 Image size of job updated: 2081532
	1017  -  MemoryUsage of job (MB)
	1041104  -  ResidentSetSize of job (KB)
...
006 (14460.000.000) 2024-12-05 19:47:45 Image size of job updated: 2082976
	1017  -  MemoryUsage of job (MB)
	1041104  -  ResidentSetSize of job (KB)
...
006 (14460.000.000) 2024-12-05 19:52:45 Image size of job updated: 2084844
	1023  -  MemoryUsage of job (MB)
	1046808  -  ResidentSetSize of job (KB)
...
006 (14460.000.000) 2024-12-05 19:57:46 Image size of job updated: 2085540
	1023  -  MemoryUsage of job (MB)
	1046808  -  ResidentSetSize of job (KB)
...
006 (14460.000.000) 2024-12-06 00:58:18 Image size of job updated: 2085540
	1027  -  MemoryUsage of job (MB)
	1050872  -  ResidentSetSize of job (KB)
...
006 (14460.000.000) 2024-12-06 01:23:21 Image size of job updated: 2085540
	1042  -  MemoryUsage of job (MB)
	1066040  -  ResidentSetSize of job (KB)
...
006 (14460.000.000) 2024-12-06 01:33:22 Image size of job updated: 2085540
	1050  -  MemoryUsage of job (MB)
	1075100  -  ResidentSetSize of job (KB)
...
006 (14460.000.000) 2024-12-06 07:23:56 Image size of job updated: 2085540
	1063  -  MemoryUsage of job (MB)
	1088484  -  ResidentSetSize of job (KB)
...
006 (14460.000.000) 2024-12-06 07:28:56 Image size of job updated: 2086756
	1064  -  MemoryUsage of job (MB)
	1088616  -  ResidentSetSize of job (KB)
...
006 (14460.000.000) 2024-12-06 08:24:02 Image size of job updated: 2100584
	1064  -  MemoryUsage of job (MB)
	1088616  -  ResidentSetSize of job (KB)
...
006 (14460.000.000) 2024-12-06 11:14:20 Image size of job updated: 2121068
	1064  -  MemoryUsage of job (MB)
	1088616  -  ResidentSetSize of job (KB)
...
006 (14460.000.000) 2024-12-06 12:19:28 Image size of job updated: 2121068
	1087  -  MemoryUsage of job (MB)
	1112108  -  ResidentSetSize of job (KB)
...
006 (14460.000.000) 2024-12-06 12:39:30 Image size of job updated: 2121068
	1102  -  MemoryUsage of job (MB)
	1127896  -  ResidentSetSize of job (KB)
...
006 (14460.000.000) 2024-12-06 12:49:31 Image size of job updated: 2121068
	1133  -  MemoryUsage of job (MB)
	1160004  -  ResidentSetSize of job (KB)
...
006 (14460.000.000) 2024-12-06 12:54:31 Image size of job updated: 2121068
	1133  -  MemoryUsage of job (MB)
	1160136  -  ResidentSetSize of job (KB)
...
006 (14460.000.000) 2024-12-06 16:24:52 Image size of job updated: 2178372
	1133  -  MemoryUsage of job (MB)
	1160136  -  ResidentSetSize of job (KB)
...
006 (14460.000.000) 2024-12-07 02:35:53 Image size of job updated: 2178372
	1146  -  MemoryUsage of job (MB)
	1173344  -  ResidentSetSize of job (KB)
...
006 (14460.000.000) 2024-12-07 03:35:59 Image size of job updated: 2178372
	1158  -  MemoryUsage of job (MB)
	1185644  -  ResidentSetSize of job (KB)
...
006 (14460.000.000) 2024-12-07 05:06:08 Image size of job updated: 2178372
	1164  -  MemoryUsage of job (MB)
	1191712  -  ResidentSetSize of job (KB)
...
006 (14460.000.000) 2024-12-07 14:37:05 Image size of job updated: 2313672
	1164  -  MemoryUsage of job (MB)
	1191712  -  ResidentSetSize of job (KB)
...
006 (14460.000.000) 2024-12-08 00:23:07 Image size of job updated: 2320844
	1164  -  MemoryUsage of job (MB)
	1191712  -  ResidentSetSize of job (KB)
...
006 (14460.000.000) 2024-12-08 00:58:09 Image size of job updated: 2321388
	1169  -  MemoryUsage of job (MB)
	1196656  -  ResidentSetSize of job (KB)
...
006 (14460.000.000) 2024-12-08 01:03:10 Image size of job updated: 2321388
	1172  -  MemoryUsage of job (MB)
	1199840  -  ResidentSetSize of job (KB)
...
006 (14460.000.000) 2024-12-08 01:08:11 Image size of job updated: 2323440
	1172  -  MemoryUsage of job (MB)
	1199840  -  ResidentSetSize of job (KB)
...
006 (14460.000.000) 2024-12-08 06:43:46 Image size of job updated: 2327052
	1172  -  MemoryUsage of job (MB)
	1199840  -  ResidentSetSize of job (KB)
...
006 (14460.000.000) 2024-12-08 07:28:51 Image size of job updated: 2327052
	1204  -  MemoryUsage of job (MB)
	1232420  -  ResidentSetSize of job (KB)
...
006 (14460.000.000) 2024-12-08 07:58:53 Image size of job updated: 2342016
	1212  -  MemoryUsage of job (MB)
	1240656  -  ResidentSetSize of job (KB)
...
006 (14460.000.000) 2024-12-08 11:29:15 Image size of job updated: 2342016
	1248  -  MemoryUsage of job (MB)
	1277388  -  ResidentSetSize of job (KB)
...
006 (14460.000.000) 2024-12-08 11:49:18 Image size of job updated: 2342016
	1272  -  MemoryUsage of job (MB)
	1302092  -  ResidentSetSize of job (KB)
...
006 (14460.000.000) 2024-12-08 11:54:19 Image size of job updated: 2342016
	1272  -  MemoryUsage of job (MB)
	1302224  -  ResidentSetSize of job (KB)
...
006 (14460.000.000) 2024-12-08 12:04:19 Image size of job updated: 2414104
	1272  -  MemoryUsage of job (MB)
	1302224  -  ResidentSetSize of job (KB)
...
006 (14460.000.000) 2024-12-08 19:00:04 Image size of job updated: 2417376
	1272  -  MemoryUsage of job (MB)
	1302224  -  ResidentSetSize of job (KB)
...
006 (14460.000.000) 2024-12-08 19:05:05 Image size of job updated: 2417376
	1292  -  MemoryUsage of job (MB)
	1322364  -  ResidentSetSize of job (KB)
...
006 (14460.000.000) 2024-12-08 20:55:15 Image size of job updated: 2417376
	1308  -  MemoryUsage of job (MB)
	1339092  -  ResidentSetSize of job (KB)
...
006 (14460.000.000) 2024-12-09 03:25:56 Image size of job updated: 2418660
	1308  -  MemoryUsage of job (MB)
	1339092  -  ResidentSetSize of job (KB)
...
006 (14460.000.000) 2024-12-09 04:06:00 Image size of job updated: 2418924
	1308  -  MemoryUsage of job (MB)
	1339092  -  ResidentSetSize of job (KB)
...
006 (14460.000.000) 2024-12-09 04:11:01 Image size of job updated: 2427064
	1308  -  MemoryUsage of job (MB)
	1339092  -  ResidentSetSize of job (KB)
...
006 (14460.000.000) 2024-12-09 04:21:02 Image size of job updated: 2429136
	1308  -  MemoryUsage of job (MB)
	1339092  -  ResidentSetSize of job (KB)
...
006 (14460.000.000) 2024-12-09 04:26:03 Image size of job updated: 2433264
	1308  -  MemoryUsage of job (MB)
	1339092  -  ResidentSetSize of job (KB)
...
006 (14460.000.000) 2024-12-09 04:31:03 Image size of job updated: 2439284
	1308  -  MemoryUsage of job (MB)
	1339092  -  ResidentSetSize of job (KB)
...
006 (14460.000.000) 2024-12-09 05:31:11 Image size of job updated: 2456308
	1308  -  MemoryUsage of job (MB)
	1339092  -  ResidentSetSize of job (KB)
...
006 (14460.000.000) 2024-12-09 06:36:18 Image size of job updated: 2460304
	1308  -  MemoryUsage of job (MB)
	1339092  -  ResidentSetSize of job (KB)
...
006 (14460.000.000) 2024-12-09 07:01:19 Image size of job updated: 2460304
	1318  -  MemoryUsage of job (MB)
	1349584  -  ResidentSetSize of job (KB)
...
006 (14460.000.000) 2024-12-09 11:21:46 Image size of job updated: 2464988
	1318  -  MemoryUsage of job (MB)
	1349584  -  ResidentSetSize of job (KB)
...
006 (14460.000.000) 2024-12-09 19:52:39 Image size of job updated: 2464988
	1323  -  MemoryUsage of job (MB)
	1354440  -  ResidentSetSize of job (KB)
...
006 (14460.000.000) 2024-12-09 20:02:41 Image size of job updated: 2464988
	1347  -  MemoryUsage of job (MB)
	1378516  -  ResidentSetSize of job (KB)
...
006 (14460.000.000) 2024-12-09 21:17:48 Image size of job updated: 2464988
	1377  -  MemoryUsage of job (MB)
	1409936  -  ResidentSetSize of job (KB)
...
006 (14460.000.000) 2024-12-09 21:47:51 Image size of job updated: 2464988
	1412  -  MemoryUsage of job (MB)
	1444880  -  ResidentSetSize of job (KB)
...
006 (14460.000.000) 2024-12-09 22:07:52 Image size of job updated: 2472720
	1412  -  MemoryUsage of job (MB)
	1444880  -  ResidentSetSize of job (KB)
...
006 (14460.000.000) 2024-12-09 22:42:56 Image size of job updated: 2472720
	1445  -  MemoryUsage of job (MB)
	1479000  -  ResidentSetSize of job (KB)
...
006 (14460.000.000) 2024-12-09 22:47:57 Image size of job updated: 2538272
	1445  -  MemoryUsage of job (MB)
	1479000  -  ResidentSetSize of job (KB)
...
006 (14460.000.000) 2024-12-10 12:24:21 Image size of job updated: 2540428
	1445  -  MemoryUsage of job (MB)
	1479000  -  ResidentSetSize of job (KB)
...
006 (14460.000.000) 2024-12-10 14:54:36 Image size of job updated: 2542840
	1445  -  MemoryUsage of job (MB)
	1479000  -  ResidentSetSize of job (KB)
...
006 (14460.000.000) 2024-12-10 14:59:37 Image size of job updated: 2545660
	1445  -  MemoryUsage of job (MB)
	1479000  -  ResidentSetSize of job (KB)
...
006 (14460.000.000) 2024-12-10 15:19:39 Image size of job updated: 2550140
	1445  -  MemoryUsage of job (MB)
	1479000  -  ResidentSetSize of job (KB)
...
006 (14460.000.000) 2024-12-10 15:29:41 Image size of job updated: 2551084
	1445  -  MemoryUsage of job (MB)
	1479000  -  ResidentSetSize of job (KB)
...
006 (14460.000.000) 2024-12-10 15:34:41 Image size of job updated: 2555716
	1445  -  MemoryUsage of job (MB)
	1479000  -  ResidentSetSize of job (KB)
...
006 (14460.000.000) 2024-12-10 15:44:41 Image size of job updated: 2557080
	1445  -  MemoryUsage of job (MB)
	1479000  -  ResidentSetSize of job (KB)
...
006 (14460.000.000) 2024-12-10 16:34:46 Image size of job updated: 2559240
	1445  -  MemoryUsage of job (MB)
	1479000  -  ResidentSetSize of job (KB)
...
006 (14460.000.000) 2024-12-10 16:39:47 Image size of job updated: 2565428
	1445  -  MemoryUsage of job (MB)
	1479000  -  ResidentSetSize of job (KB)
...
006 (14460.000.000) 2024-12-10 18:09:56 Image size of job updated: 2570088
	1445  -  MemoryUsage of job (MB)
	1479000  -  ResidentSetSize of job (KB)
...
006 (14460.000.000) 2024-12-11 09:36:28 Image size of job updated: 2570088
	1471  -  MemoryUsage of job (MB)
	1505464  -  ResidentSetSize of job (KB)
...
006 (14460.000.000) 2024-12-11 16:32:12 Image size of job updated: 2585220
	1471  -  MemoryUsage of job (MB)
	1505464  -  ResidentSetSize of job (KB)
...
006 (14460.000.000) 2024-12-11 17:37:19 Image size of job updated: 2595460
	1471  -  MemoryUsage of job (MB)
	1505464  -  ResidentSetSize of job (KB)
...
006 (14460.000.000) 2024-12-11 18:17:24 Image size of job updated: 2605700
	1471  -  MemoryUsage of job (MB)
	1505464  -  ResidentSetSize of job (KB)
...
006 (14460.000.000) 2024-12-11 18:47:26 Image size of job updated: 2605700
	1493  -  MemoryUsage of job (MB)
	1528624  -  ResidentSetSize of job (KB)
...
006 (14460.000.000) 2024-12-11 19:02:28 Image size of job updated: 2605700
	1534  -  MemoryUsage of job (MB)
	1570048  -  ResidentSetSize of job (KB)
...
006 (14460.000.000) 2024-12-11 19:07:29 Image size of job updated: 2605700
	1534  -  MemoryUsage of job (MB)
	1570180  -  ResidentSetSize of job (KB)
...
006 (14460.000.000) 2024-12-12 01:28:08 Image size of job updated: 2613004
	1534  -  MemoryUsage of job (MB)
	1570180  -  ResidentSetSize of job (KB)
...
006 (14460.000.000) 2024-12-12 02:28:15 Image size of job updated: 2623244
	1534  -  MemoryUsage of job (MB)
	1570180  -  ResidentSetSize of job (KB)
...
006 (14460.000.000) 2024-12-12 03:08:19 Image size of job updated: 2628308
	1534  -  MemoryUsage of job (MB)
	1570180  -  ResidentSetSize of job (KB)
...
006 (14460.000.000) 2024-12-12 03:18:20 Image size of job updated: 2632592
	1534  -  MemoryUsage of job (MB)
	1570180  -  ResidentSetSize of job (KB)
...
006 (14460.000.000) 2024-12-12 03:23:20 Image size of job updated: 2646888
	1534  -  MemoryUsage of job (MB)
	1570180  -  ResidentSetSize of job (KB)
...
006 (14460.000.000) 2024-12-12 03:33:22 Image size of job updated: 2650876
	1534  -  MemoryUsage of job (MB)
	1570180  -  ResidentSetSize of job (KB)
...
006 (14460.000.000) 2024-12-12 03:48:24 Image size of job updated: 2657384
	1534  -  MemoryUsage of job (MB)
	1570180  -  ResidentSetSize of job (KB)
...
006 (14460.000.000) 2024-12-12 03:58:25 Image size of job updated: 2660840
	1534  -  MemoryUsage of job (MB)
	1570180  -  ResidentSetSize of job (KB)
...
006 (14460.000.000) 2024-12-12 04:13:26 Image size of job updated: 2662324
	1534  -  MemoryUsage of job (MB)
	1570180  -  ResidentSetSize of job (KB)
...
006 (14460.000.000) 2024-12-12 04:28:27 Image size of job updated: 2662324
	1544  -  MemoryUsage of job (MB)
	1580304  -  ResidentSetSize of job (KB)
...
006 (14460.000.000) 2024-12-12 04:33:28 Image size of job updated: 2668444
	1544  -  MemoryUsage of job (MB)
	1580304  -  ResidentSetSize of job (KB)
...
006 (14460.000.000) 2024-12-12 04:48:30 Image size of job updated: 2668444
	1554  -  MemoryUsage of job (MB)
	1590704  -  ResidentSetSize of job (KB)
...
006 (14460.000.000) 2024-12-12 04:58:31 Image size of job updated: 2679708
	1575  -  MemoryUsage of job (MB)
	1612040  -  ResidentSetSize of job (KB)
...
006 (14460.000.000) 2024-12-12 22:20:19 Image size of job updated: 2679708
	1594  -  MemoryUsage of job (MB)
	1631276  -  ResidentSetSize of job (KB)
...
006 (14460.000.000) 2024-12-12 23:15:25 Image size of job updated: 2679708
	1603  -  MemoryUsage of job (MB)
	1640612  -  ResidentSetSize of job (KB)
...
006 (14460.000.000) 2024-12-13 00:35:33 Image size of job updated: 2679708
	1634  -  MemoryUsage of job (MB)
	1672808  -  ResidentSetSize of job (KB)
...
006 (14460.000.000) 2024-12-13 00:40:34 Image size of job updated: 2745260
	1634  -  MemoryUsage of job (MB)
	1672808  -  ResidentSetSize of job (KB)
...
006 (14460.000.000) 2024-12-13 01:35:38 Image size of job updated: 2745260
	1643  -  MemoryUsage of job (MB)
	1682388  -  ResidentSetSize of job (KB)
...
006 (14460.000.000) 2024-12-14 00:18:01 Image size of job updated: 2787604
	1643  -  MemoryUsage of job (MB)
	1682388  -  ResidentSetSize of job (KB)
...
006 (14460.000.000) 2024-12-14 00:33:03 Image size of job updated: 2787604
	1666  -  MemoryUsage of job (MB)
	1705080  -  ResidentSetSize of job (KB)
...
006 (14460.000.000) 2024-12-14 00:58:06 Image size of job updated: 2787604
	1672  -  MemoryUsage of job (MB)
	1711248  -  ResidentSetSize of job (KB)
...
006 (14460.000.000) 2024-12-15 10:21:27 Image size of job updated: 2787604
	1672  -  MemoryUsage of job (MB)
	1711364  -  ResidentSetSize of job (KB)
...
006 (14460.000.000) 2024-12-15 10:26:27 Image size of job updated: 2787604
	1672  -  MemoryUsage of job (MB)
	1711496  -  ResidentSetSize of job (KB)
...
006 (14460.000.000) 2024-12-15 13:56:48 Image size of job updated: 2787604
	1703  -  MemoryUsage of job (MB)
	1743404  -  ResidentSetSize of job (KB)
...
006 (14460.000.000) 2024-12-15 14:01:49 Image size of job updated: 2787604
	1736  -  MemoryUsage of job (MB)
	1777428  -  ResidentSetSize of job (KB)
...
006 (14460.000.000) 2024-12-15 15:06:55 Image size of job updated: 2853156
	1736  -  MemoryUsage of job (MB)
	1777428  -  ResidentSetSize of job (KB)
...
006 (14460.000.000) 2024-12-16 16:44:29 Image size of job updated: 2918708
	1736  -  MemoryUsage of job (MB)
	1777428  -  ResidentSetSize of job (KB)
...
006 (14460.000.000) 2024-12-16 17:04:32 Image size of job updated: 2918708
	1746  -  MemoryUsage of job (MB)
	1787448  -  ResidentSetSize of job (KB)
...
006 (14460.000.000) 2024-12-16 20:09:52 Image size of job updated: 2918708
	1748  -  MemoryUsage of job (MB)
	1789080  -  ResidentSetSize of job (KB)
...
006 (14460.000.000) 2024-12-16 20:14:52 Image size of job updated: 2984260
	1748  -  MemoryUsage of job (MB)
	1789344  -  ResidentSetSize of job (KB)
...
006 (14460.000.000) 2024-12-16 20:29:53 Image size of job updated: 2984260
	1865  -  MemoryUsage of job (MB)
	1908748  -  ResidentSetSize of job (KB)
...
006 (14460.000.000) 2024-12-16 20:34:53 Image size of job updated: 2984260
	1865  -  MemoryUsage of job (MB)
	1908880  -  ResidentSetSize of job (KB)
...
006 (14460.000.000) 2024-12-16 20:44:54 Image size of job updated: 2984260
	1876  -  MemoryUsage of job (MB)
	1920344  -  ResidentSetSize of job (KB)
...
006 (14460.000.000) 2024-12-16 21:50:00 Image size of job updated: 2984260
	1881  -  MemoryUsage of job (MB)
	1926004  -  ResidentSetSize of job (KB)
...
006 (14460.000.000) 2024-12-16 21:55:00 Image size of job updated: 2984260
	1881  -  MemoryUsage of job (MB)
	1926136  -  ResidentSetSize of job (KB)
...
006 (14460.000.000) 2024-12-16 22:00:01 Image size of job updated: 2984260
	1919  -  MemoryUsage of job (MB)
	1964520  -  ResidentSetSize of job (KB)
...
006 (14460.000.000) 2024-12-16 22:05:02 Image size of job updated: 2984260
	1919  -  MemoryUsage of job (MB)
	1964784  -  ResidentSetSize of job (KB)
...
006 (14460.000.000) 2024-12-16 22:20:04 Image size of job updated: 3049812
	1919  -  MemoryUsage of job (MB)
	1964784  -  ResidentSetSize of job (KB)
...
006 (14460.000.000) 2024-12-17 14:26:42 Image size of job updated: 3052108
	1919  -  MemoryUsage of job (MB)
	1964784  -  ResidentSetSize of job (KB)
...
006 (14460.000.000) 2024-12-17 16:01:52 Image size of job updated: 3067468
	1919  -  MemoryUsage of job (MB)
	1964784  -  ResidentSetSize of job (KB)
...
006 (14460.000.000) 2024-12-17 17:06:59 Image size of job updated: 3072588
	1919  -  MemoryUsage of job (MB)
	1964784  -  ResidentSetSize of job (KB)
...
006 (14460.000.000) 2024-12-17 18:07:04 Image size of job updated: 3077708
	1919  -  MemoryUsage of job (MB)
	1964784  -  ResidentSetSize of job (KB)
...
006 (14460.000.000) 2024-12-17 19:47:13 Image size of job updated: 3093068
	1919  -  MemoryUsage of job (MB)
	1964784  -  ResidentSetSize of job (KB)
...
006 (14460.000.000) 2024-12-19 14:21:34 Image size of job updated: 3093068
	1929  -  MemoryUsage of job (MB)
	1974476  -  ResidentSetSize of job (KB)
...
006 (14460.000.000) 2024-12-19 16:26:47 Image size of job updated: 3100492
	1974  -  MemoryUsage of job (MB)
	2020912  -  ResidentSetSize of job (KB)
...
006 (14460.000.000) 2024-12-19 17:21:53 Image size of job updated: 3166044
	2057  -  MemoryUsage of job (MB)
	2105768  -  ResidentSetSize of job (KB)
...
006 (14460.000.000) 2024-12-19 17:56:55 Image size of job updated: 3176416
	2057  -  MemoryUsage of job (MB)
	2105768  -  ResidentSetSize of job (KB)
...
006 (14460.000.000) 2024-12-20 02:22:46 Image size of job updated: 3176416
	2070  -  MemoryUsage of job (MB)
	2119148  -  ResidentSetSize of job (KB)
...
006 (14460.000.000) 2024-12-20 02:27:46 Image size of job updated: 3176416
	2070  -  MemoryUsage of job (MB)
	2119412  -  ResidentSetSize of job (KB)
...
006 (14460.000.000) 2024-12-20 02:57:50 Image size of job updated: 3176416
	2083  -  MemoryUsage of job (MB)
	2132836  -  ResidentSetSize of job (KB)
...
006 (14460.000.000) 2024-12-20 03:02:50 Image size of job updated: 3176416
	2083  -  MemoryUsage of job (MB)
	2132968  -  ResidentSetSize of job (KB)
...
006 (14460.000.000) 2024-12-20 03:17:52 Image size of job updated: 3241968
	2083  -  MemoryUsage of job (MB)
	2132968  -  ResidentSetSize of job (KB)
...
006 (14460.000.000) 2024-12-20 03:27:53 Image size of job updated: 3241968
	2136  -  MemoryUsage of job (MB)
	2186264  -  ResidentSetSize of job (KB)
...
006 (14460.000.000) 2024-12-20 03:32:54 Image size of job updated: 3241968
	2136  -  MemoryUsage of job (MB)
	2186792  -  ResidentSetSize of job (KB)
...
006 (14460.000.000) 2024-12-20 05:08:02 Image size of job updated: 3307520
	2136  -  MemoryUsage of job (MB)
	2186792  -  ResidentSetSize of job (KB)
...
006 (14460.000.000) 2024-12-20 05:23:04 Image size of job updated: 3307520
	2156  -  MemoryUsage of job (MB)
	2207024  -  ResidentSetSize of job (KB)
...
006 (14460.000.000) 2024-12-21 09:15:57 Image size of job updated: 3310032
	2156  -  MemoryUsage of job (MB)
	2207024  -  ResidentSetSize of job (KB)
...
006 (14460.000.000) 2024-12-21 11:51:13 Image size of job updated: 3320272
	2156  -  MemoryUsage of job (MB)
	2207024  -  ResidentSetSize of job (KB)
...
006 (14460.000.000) 2024-12-21 11:56:14 Image size of job updated: 3320272
	2158  -  MemoryUsage of job (MB)
	2209640  -  ResidentSetSize of job (KB)
...
006 (14460.000.000) 2024-12-21 13:21:22 Image size of job updated: 3320272
	2163  -  MemoryUsage of job (MB)
	2214240  -  ResidentSetSize of job (KB)
...
006 (14460.000.000) 2024-12-21 13:36:23 Image size of job updated: 3320272
	2193  -  MemoryUsage of job (MB)
	2245248  -  ResidentSetSize of job (KB)
...
006 (14460.000.000) 2024-12-21 14:16:28 Image size of job updated: 3330512
	2193  -  MemoryUsage of job (MB)
	2245248  -  ResidentSetSize of job (KB)
...
006 (14460.000.000) 2024-12-21 15:06:34 Image size of job updated: 3330512
	2225  -  MemoryUsage of job (MB)
	2278164  -  ResidentSetSize of job (KB)
...
006 (14460.000.000) 2024-12-21 17:11:46 Image size of job updated: 3330512
	2225  -  MemoryUsage of job (MB)
	2278292  -  ResidentSetSize of job (KB)
...
006 (14460.000.000) 2024-12-21 17:16:46 Image size of job updated: 3330512
	2226  -  MemoryUsage of job (MB)
	2278424  -  ResidentSetSize of job (KB)
...
006 (14460.000.000) 2024-12-21 17:41:49 Image size of job updated: 3330512
	2239  -  MemoryUsage of job (MB)
	2291988  -  ResidentSetSize of job (KB)
...
006 (14460.000.000) 2024-12-21 18:06:51 Image size of job updated: 3340752
	2239  -  MemoryUsage of job (MB)
	2291988  -  ResidentSetSize of job (KB)
...
006 (14460.000.000) 2024-12-21 18:26:53 Image size of job updated: 3406304
	2239  -  MemoryUsage of job (MB)
	2291988  -  ResidentSetSize of job (KB)
...
006 (14460.000.000) 2024-12-21 18:31:54 Image size of job updated: 3406304
	2302  -  MemoryUsage of job (MB)
	2356768  -  ResidentSetSize of job (KB)
...
006 (14460.000.000) 2024-12-21 19:37:00 Image size of job updated: 3410112
	2302  -  MemoryUsage of job (MB)
	2356768  -  ResidentSetSize of job (KB)
...
006 (14460.000.000) 2024-12-21 19:42:01 Image size of job updated: 3515344
	2302  -  MemoryUsage of job (MB)
	2356768  -  ResidentSetSize of job (KB)
...
006 (14460.000.000) 2024-12-23 23:42:19 Image size of job updated: 3549204
	2302  -  MemoryUsage of job (MB)
	2356768  -  ResidentSetSize of job (KB)
...
006 (14460.000.000) 2024-12-23 23:47:20 Image size of job updated: 3578760
	2302  -  MemoryUsage of job (MB)
	2356768  -  ResidentSetSize of job (KB)
...
006 (14460.000.000) 2024-12-24 05:02:53 Image size of job updated: 3578760
	2346  -  MemoryUsage of job (MB)
	2401604  -  ResidentSetSize of job (KB)
...
006 (14460.000.000) 2024-12-24 05:17:54 Image size of job updated: 3578760
	2392  -  MemoryUsage of job (MB)
	2448632  -  ResidentSetSize of job (KB)
...
006 (14460.000.000) 2024-12-24 05:37:56 Image size of job updated: 3578760
	2436  -  MemoryUsage of job (MB)
	2494092  -  ResidentSetSize of job (KB)
...
006 (14460.000.000) 2024-12-24 05:57:59 Image size of job updated: 3580212
	2436  -  MemoryUsage of job (MB)
	2494092  -  ResidentSetSize of job (KB)
...
006 (14460.000.000) 2024-12-24 07:23:06 Image size of job updated: 3580212
	2439  -  MemoryUsage of job (MB)
	2497048  -  ResidentSetSize of job (KB)
...
006 (14460.000.000) 2024-12-24 07:43:09 Image size of job updated: 3595572
	2439  -  MemoryUsage of job (MB)
	2497048  -  ResidentSetSize of job (KB)
...
006 (14460.000.000) 2024-12-24 07:48:10 Image size of job updated: 3595572
	2450  -  MemoryUsage of job (MB)
	2508184  -  ResidentSetSize of job (KB)
...
006 (14460.000.000) 2024-12-24 09:43:21 Image size of job updated: 3600692
	2450  -  MemoryUsage of job (MB)
	2508184  -  ResidentSetSize of job (KB)
...
006 (14460.000.000) 2024-12-24 10:33:26 Image size of job updated: 3600692
	2488  -  MemoryUsage of job (MB)
	2547236  -  ResidentSetSize of job (KB)
...
006 (14460.000.000) 2024-12-24 10:53:29 Image size of job updated: 3607604
	2488  -  MemoryUsage of job (MB)
	2547236  -  ResidentSetSize of job (KB)
...
006 (14460.000.000) 2024-12-24 11:18:32 Image size of job updated: 3607604
	2517  -  MemoryUsage of job (MB)
	2577088  -  ResidentSetSize of job (KB)
...
006 (14460.000.000) 2024-12-24 11:38:33 Image size of job updated: 3673156
	2517  -  MemoryUsage of job (MB)
	2577088  -  ResidentSetSize of job (KB)
...
006 (14460.000.000) 2024-12-24 11:48:35 Image size of job updated: 3673156
	2521  -  MemoryUsage of job (MB)
	2580692  -  ResidentSetSize of job (KB)
...
006 (14460.000.000) 2024-12-24 12:08:37 Image size of job updated: 3678276
	2521  -  MemoryUsage of job (MB)
	2580692  -  ResidentSetSize of job (KB)
...
006 (14460.000.000) 2024-12-24 13:53:47 Image size of job updated: 3683396
	2521  -  MemoryUsage of job (MB)
	2580692  -  ResidentSetSize of job (KB)
...
006 (14460.000.000) 2024-12-24 14:08:48 Image size of job updated: 3683396
	2573  -  MemoryUsage of job (MB)
	2634088  -  ResidentSetSize of job (KB)
...
006 (14460.000.000) 2024-12-26 17:14:06 Image size of job updated: 3683396
	2593  -  MemoryUsage of job (MB)
	2655016  -  ResidentSetSize of job (KB)
...
006 (14460.000.000) 2024-12-26 17:19:06 Image size of job updated: 3690004
	2593  -  MemoryUsage of job (MB)
	2655016  -  ResidentSetSize of job (KB)
...
006 (14460.000.000) 2024-12-26 17:34:08 Image size of job updated: 3755556
	2593  -  MemoryUsage of job (MB)
	2655016  -  ResidentSetSize of job (KB)
...
006 (14460.000.000) 2024-12-26 17:54:10 Image size of job updated: 3762724
	2593  -  MemoryUsage of job (MB)
	2655016  -  ResidentSetSize of job (KB)
...
006 (14460.000.000) 2024-12-26 18:04:11 Image size of job updated: 3836348
	2593  -  MemoryUsage of job (MB)
	2655016  -  ResidentSetSize of job (KB)
...
006 (14460.000.000) 2024-12-26 18:19:13 Image size of job updated: 3836348
	2594  -  MemoryUsage of job (MB)
	2655492  -  ResidentSetSize of job (KB)
...
006 (14460.000.000) 2024-12-26 18:24:13 Image size of job updated: 3836348
	2594  -  MemoryUsage of job (MB)
	2655624  -  ResidentSetSize of job (KB)
...
006 (14460.000.000) 2024-12-26 18:54:16 Image size of job updated: 3839156
	2594  -  MemoryUsage of job (MB)
	2655624  -  ResidentSetSize of job (KB)
...
006 (14460.000.000) 2024-12-26 18:59:16 Image size of job updated: 3855620
	2594  -  MemoryUsage of job (MB)
	2655624  -  ResidentSetSize of job (KB)
...
006 (14460.000.000) 2024-12-26 19:09:18 Image size of job updated: 3865276
	2594  -  MemoryUsage of job (MB)
	2655624  -  ResidentSetSize of job (KB)
...
006 (14460.000.000) 2024-12-26 19:24:20 Image size of job updated: 3871700
	2594  -  MemoryUsage of job (MB)
	2655624  -  ResidentSetSize of job (KB)
...
006 (14460.000.000) 2024-12-26 19:29:20 Image size of job updated: 3880860
	2752  -  MemoryUsage of job (MB)
	2817872  -  ResidentSetSize of job (KB)
...
006 (14460.000.000) 2024-12-26 19:34:20 Image size of job updated: 3882624
	2752  -  MemoryUsage of job (MB)
	2817872  -  ResidentSetSize of job (KB)
...
006 (14460.000.000) 2024-12-26 19:44:21 Image size of job updated: 3948176
	2752  -  MemoryUsage of job (MB)
	2817872  -  ResidentSetSize of job (KB)
...
006 (14460.000.000) 2024-12-26 19:59:23 Image size of job updated: 3962048
	2752  -  MemoryUsage of job (MB)
	2817872  -  ResidentSetSize of job (KB)
...
006 (14460.000.000) 2024-12-29 06:50:25 Image size of job updated: 3966452
	2752  -  MemoryUsage of job (MB)
	2817872  -  ResidentSetSize of job (KB)
...
006 (14460.000.000) 2024-12-29 07:30:28 Image size of job updated: 3966452
	2760  -  MemoryUsage of job (MB)
	2825904  -  ResidentSetSize of job (KB)
...
006 (14460.000.000) 2024-12-29 07:35:28 Image size of job updated: 3966452
	2760  -  MemoryUsage of job (MB)
	2826168  -  ResidentSetSize of job (KB)
...
006 (14460.000.000) 2024-12-29 08:35:34 Image size of job updated: 3971572
	2760  -  MemoryUsage of job (MB)
	2826168  -  ResidentSetSize of job (KB)
...
006 (14460.000.000) 2024-12-29 09:10:37 Image size of job updated: 3971572
	2761  -  MemoryUsage of job (MB)
	2826452  -  ResidentSetSize of job (KB)
...
006 (14460.000.000) 2024-12-29 09:40:40 Image size of job updated: 3971572
	2804  -  MemoryUsage of job (MB)
	2870612  -  ResidentSetSize of job (KB)
...
006 (14460.000.000) 2024-12-29 10:05:43 Image size of job updated: 3986932
	2804  -  MemoryUsage of job (MB)
	2870612  -  ResidentSetSize of job (KB)
...
006 (14460.000.000) 2024-12-29 11:00:49 Image size of job updated: 4002292
	2804  -  MemoryUsage of job (MB)
	2870612  -  ResidentSetSize of job (KB)
...
006 (14460.000.000) 2024-12-29 11:40:53 Image size of job updated: 4002292
	2814  -  MemoryUsage of job (MB)
	2880896  -  ResidentSetSize of job (KB)
...
006 (14460.000.000) 2024-12-29 12:10:56 Image size of job updated: 4007412
	2889  -  MemoryUsage of job (MB)
	2957320  -  ResidentSetSize of job (KB)
...
006 (14460.000.000) 2024-12-29 12:51:01 Image size of job updated: 4072964
	2889  -  MemoryUsage of job (MB)
	2957320  -  ResidentSetSize of job (KB)
...
006 (14460.000.000) 2024-12-29 13:16:03 Image size of job updated: 4079876
	2889  -  MemoryUsage of job (MB)
	2957320  -  ResidentSetSize of job (KB)
...
006 (14460.000.000) 2024-12-29 14:06:08 Image size of job updated: 4084996
	2889  -  MemoryUsage of job (MB)
	2957320  -  ResidentSetSize of job (KB)
...
006 (14460.000.000) 2024-12-29 15:01:14 Image size of job updated: 4091908
	2889  -  MemoryUsage of job (MB)
	2957320  -  ResidentSetSize of job (KB)
...
006 (14460.000.000) 2024-12-29 15:36:19 Image size of job updated: 4091908
	2917  -  MemoryUsage of job (MB)
	2986908  -  ResidentSetSize of job (KB)
...
006 (14460.000.000) 2024-12-29 16:06:22 Image size of job updated: 4098820
	2917  -  MemoryUsage of job (MB)
	2986908  -  ResidentSetSize of job (KB)
...
006 (14460.000.000) 2024-12-29 17:01:27 Image size of job updated: 4164372
	2917  -  MemoryUsage of job (MB)
	2986908  -  ResidentSetSize of job (KB)
...
006 (14460.000.000) 2024-12-29 18:01:33 Image size of job updated: 4164372
	2958  -  MemoryUsage of job (MB)
	3028904  -  ResidentSetSize of job (KB)
...
006 (14460.000.000) 2024-12-29 18:31:36 Image size of job updated: 4171284
	2958  -  MemoryUsage of job (MB)
	3028904  -  ResidentSetSize of job (KB)
...
006 (14460.000.000) 2025-01-01 11:58:18 Image size of job updated: 4186184
	2958  -  MemoryUsage of job (MB)
	3028904  -  ResidentSetSize of job (KB)
...
006 (14460.000.000) 2025-01-01 12:38:24 Image size of job updated: 4191304
	2958  -  MemoryUsage of job (MB)
	3028904  -  ResidentSetSize of job (KB)
...
006 (14460.000.000) 2025-01-01 13:53:31 Image size of job updated: 4198216
	2958  -  MemoryUsage of job (MB)
	3028904  -  ResidentSetSize of job (KB)
...
006 (14460.000.000) 2025-01-01 14:08:32 Image size of job updated: 4198216
	2969  -  MemoryUsage of job (MB)
	3039540  -  ResidentSetSize of job (KB)
...
006 (14460.000.000) 2025-01-01 15:48:42 Image size of job updated: 4203336
	2969  -  MemoryUsage of job (MB)
	3039540  -  ResidentSetSize of job (KB)
...
006 (14460.000.000) 2025-01-01 15:58:44 Image size of job updated: 4203336
	2976  -  MemoryUsage of job (MB)
	3046428  -  ResidentSetSize of job (KB)
...
006 (14460.000.000) 2025-01-01 17:03:52 Image size of job updated: 4203336
	3003  -  MemoryUsage of job (MB)
	3074620  -  ResidentSetSize of job (KB)
...
006 (14460.000.000) 2025-01-01 17:23:53 Image size of job updated: 4208456
	3003  -  MemoryUsage of job (MB)
	3074620  -  ResidentSetSize of job (KB)
...
006 (14460.000.000) 2025-01-01 19:09:03 Image size of job updated: 4208456
	3056  -  MemoryUsage of job (MB)
	3128768  -  ResidentSetSize of job (KB)
...
006 (14460.000.000) 2025-01-01 19:14:04 Image size of job updated: 4208456
	3060  -  MemoryUsage of job (MB)
	3133220  -  ResidentSetSize of job (KB)
...
006 (14460.000.000) 2025-01-01 19:19:05 Image size of job updated: 4208456
	3060  -  MemoryUsage of job (MB)
	3133352  -  ResidentSetSize of job (KB)
...
006 (14460.000.000) 2025-01-01 19:49:07 Image size of job updated: 4213576
	3060  -  MemoryUsage of job (MB)
	3133352  -  ResidentSetSize of job (KB)
...
006 (14460.000.000) 2025-01-01 21:29:18 Image size of job updated: 4218696
	3060  -  MemoryUsage of job (MB)
	3133352  -  ResidentSetSize of job (KB)
...
006 (14460.000.000) 2025-01-01 22:09:22 Image size of job updated: 4284248
	3060  -  MemoryUsage of job (MB)
	3133352  -  ResidentSetSize of job (KB)
...
006 (14460.000.000) 2025-01-01 22:59:27 Image size of job updated: 4289368
	3060  -  MemoryUsage of job (MB)
	3133352  -  ResidentSetSize of job (KB)
...
006 (14460.000.000) 2025-01-01 23:59:32 Image size of job updated: 4296024
	3060  -  MemoryUsage of job (MB)
	3133352  -  ResidentSetSize of job (KB)
...
006 (14460.000.000) 2025-01-02 01:54:43 Image size of job updated: 4303192
	3060  -  MemoryUsage of job (MB)
	3133352  -  ResidentSetSize of job (KB)
...
006 (14460.000.000) 2025-01-02 02:24:47 Image size of job updated: 4310360
	3060  -  MemoryUsage of job (MB)
	3133352  -  ResidentSetSize of job (KB)
...
006 (14460.000.000) 2025-01-02 02:34:48 Image size of job updated: 4310360
	3115  -  MemoryUsage of job (MB)
	3189268  -  ResidentSetSize of job (KB)
...
006 (14460.000.000) 2025-01-02 02:39:49 Image size of job updated: 4310360
	3115  -  MemoryUsage of job (MB)
	3189400  -  ResidentSetSize of job (KB)
...
006 (14460.000.000) 2025-01-02 03:49:56 Image size of job updated: 4315480
	3115  -  MemoryUsage of job (MB)
	3189400  -  ResidentSetSize of job (KB)
...
006 (14460.000.000) 2025-01-02 04:35:00 Image size of job updated: 4318432
	3115  -  MemoryUsage of job (MB)
	3189400  -  ResidentSetSize of job (KB)
...
006 (14460.000.000) 2025-01-02 04:40:00 Image size of job updated: 4333140
	3115  -  MemoryUsage of job (MB)
	3189400  -  ResidentSetSize of job (KB)
...
006 (14460.000.000) 2025-01-02 04:45:01 Image size of job updated: 4344836
	3115  -  MemoryUsage of job (MB)
	3189400  -  ResidentSetSize of job (KB)
...
006 (14460.000.000) 2025-01-02 05:10:04 Image size of job updated: 4410388
	3115  -  MemoryUsage of job (MB)
	3189400  -  ResidentSetSize of job (KB)
...
006 (14460.000.000) 2025-01-02 05:20:06 Image size of job updated: 4410388
	3116  -  MemoryUsage of job (MB)
	3190476  -  ResidentSetSize of job (KB)
...
006 (14460.000.000) 2025-01-02 06:20:11 Image size of job updated: 4410388
	3118  -  MemoryUsage of job (MB)
	3192560  -  ResidentSetSize of job (KB)
...
006 (14460.000.000) 2025-01-02 06:25:12 Image size of job updated: 4410388
	3119  -  MemoryUsage of job (MB)
	3192956  -  ResidentSetSize of job (KB)
...
006 (14460.000.000) 2025-01-02 06:35:13 Image size of job updated: 4410388
	3156  -  MemoryUsage of job (MB)
	3231728  -  ResidentSetSize of job (KB)
...
006 (14460.000.000) 2025-01-02 06:40:13 Image size of job updated: 4410388
	3157  -  MemoryUsage of job (MB)
	3231860  -  ResidentSetSize of job (KB)
...
006 (14460.000.000) 2025-01-02 07:15:18 Image size of job updated: 4418800
	3157  -  MemoryUsage of job (MB)
	3231860  -  ResidentSetSize of job (KB)
...
006 (14460.000.000) 2025-01-02 07:35:20 Image size of job updated: 4484352
	3157  -  MemoryUsage of job (MB)
	3231860  -  ResidentSetSize of job (KB)
...
006 (14460.000.000) 2025-01-02 08:00:22 Image size of job updated: 4488656
	3157  -  MemoryUsage of job (MB)
	3231860  -  ResidentSetSize of job (KB)
...
006 (14460.000.000) 2025-01-02 08:05:22 Image size of job updated: 4488656
	3206  -  MemoryUsage of job (MB)
	3282012  -  ResidentSetSize of job (KB)
...
006 (14460.000.000) 2025-01-02 08:40:26 Image size of job updated: 4488656
	3221  -  MemoryUsage of job (MB)
	3297448  -  ResidentSetSize of job (KB)
...
006 (14460.000.000) 2025-01-02 08:50:27 Image size of job updated: 4488656
	3247  -  MemoryUsage of job (MB)
	3324856  -  ResidentSetSize of job (KB)
...
006 (14460.000.000) 2025-01-02 09:00:28 Image size of job updated: 4495968
	3247  -  MemoryUsage of job (MB)
	3324856  -  ResidentSetSize of job (KB)
...
006 (14460.000.000) 2025-01-02 09:45:33 Image size of job updated: 4495968
	3328  -  MemoryUsage of job (MB)
	3407588  -  ResidentSetSize of job (KB)
...
006 (14460.000.000) 2025-01-02 11:30:43 Image size of job updated: 4506720
	3328  -  MemoryUsage of job (MB)
	3407588  -  ResidentSetSize of job (KB)
...
006 (14460.000.000) 2025-01-02 12:15:48 Image size of job updated: 4572272
	3328  -  MemoryUsage of job (MB)
	3407588  -  ResidentSetSize of job (KB)
...
006 (14460.000.000) 2025-01-02 13:00:53 Image size of job updated: 4575856
	3328  -  MemoryUsage of job (MB)
	3407588  -  ResidentSetSize of job (KB)
...
006 (14460.000.000) 2025-01-06 11:30:41 Image size of job updated: 4580620
	3328  -  MemoryUsage of job (MB)
	3407588  -  ResidentSetSize of job (KB)
...
006 (14460.000.000) 2025-01-06 12:40:48 Image size of job updated: 4587024
	3328  -  MemoryUsage of job (MB)
	3407588  -  ResidentSetSize of job (KB)
...
006 (14460.000.000) 2025-01-06 13:45:55 Image size of job updated: 4592144
	3328  -  MemoryUsage of job (MB)
	3407588  -  ResidentSetSize of job (KB)
...
006 (14460.000.000) 2025-01-06 18:31:23 Image size of job updated: 4597264
	3328  -  MemoryUsage of job (MB)
	3407588  -  ResidentSetSize of job (KB)
...
006 (14460.000.000) 2025-01-06 22:06:45 Image size of job updated: 4602384
	3328  -  MemoryUsage of job (MB)
	3407588  -  ResidentSetSize of job (KB)
...
006 (14460.000.000) 2025-01-06 23:51:57 Image size of job updated: 4607504
	3328  -  MemoryUsage of job (MB)
	3407588  -  ResidentSetSize of job (KB)
...
006 (14460.000.000) 2025-01-07 02:07:12 Image size of job updated: 4612624
	3328  -  MemoryUsage of job (MB)
	3407588  -  ResidentSetSize of job (KB)
...
006 (14460.000.000) 2025-01-07 04:17:24 Image size of job updated: 4619024
	3328  -  MemoryUsage of job (MB)
	3407588  -  ResidentSetSize of job (KB)
...
006 (14460.000.000) 2025-01-07 06:02:34 Image size of job updated: 4624144
	3328  -  MemoryUsage of job (MB)
	3407588  -  ResidentSetSize of job (KB)
...
006 (14460.000.000) 2025-01-07 07:17:41 Image size of job updated: 4629264
	3328  -  MemoryUsage of job (MB)
	3407588  -  ResidentSetSize of job (KB)
...
006 (14460.000.000) 2025-01-07 08:12:46 Image size of job updated: 4634384
	3328  -  MemoryUsage of job (MB)
	3407588  -  ResidentSetSize of job (KB)
...
006 (14460.000.000) 2025-01-07 09:07:52 Image size of job updated: 4639504
	3328  -  MemoryUsage of job (MB)
	3407588  -  ResidentSetSize of job (KB)
...
006 (14460.000.000) 2025-01-07 09:57:57 Image size of job updated: 4644624
	3328  -  MemoryUsage of job (MB)
	3407588  -  ResidentSetSize of job (KB)
...
006 (14460.000.000) 2025-01-07 10:58:04 Image size of job updated: 4649744
	3394  -  MemoryUsage of job (MB)
	3475140  -  ResidentSetSize of job (KB)
...
006 (14460.000.000) 2025-01-07 11:38:07 Image size of job updated: 4654864
	3395  -  MemoryUsage of job (MB)
	3476056  -  ResidentSetSize of job (KB)
...
006 (14460.000.000) 2025-01-07 12:23:12 Image size of job updated: 4659984
	3395  -  MemoryUsage of job (MB)
	3476056  -  ResidentSetSize of job (KB)
...
006 (14460.000.000) 2025-01-07 12:53:14 Image size of job updated: 4663368
	3395  -  MemoryUsage of job (MB)
	3476056  -  ResidentSetSize of job (KB)
...
006 (14460.000.000) 2025-01-07 12:58:15 Image size of job updated: 4673124
	3395  -  MemoryUsage of job (MB)
	3476056  -  ResidentSetSize of job (KB)
...
006 (14460.000.000) 2025-01-07 13:28:17 Image size of job updated: 4682696
	3426  -  MemoryUsage of job (MB)
	3508176  -  ResidentSetSize of job (KB)
...
006 (14460.000.000) 2025-01-07 13:33:18 Image size of job updated: 4682696
	3427  -  MemoryUsage of job (MB)
	3508308  -  ResidentSetSize of job (KB)
...
006 (14460.000.000) 2025-01-07 14:28:24 Image size of job updated: 4698056
	3427  -  MemoryUsage of job (MB)
	3508308  -  ResidentSetSize of job (KB)
...
006 (14460.000.000) 2025-01-07 14:33:24 Image size of job updated: 4698056
	3469  -  MemoryUsage of job (MB)
	3551584  -  ResidentSetSize of job (KB)
...
006 (14460.000.000) 2025-01-07 14:48:26 Image size of job updated: 4763608
	3469  -  MemoryUsage of job (MB)
	3551584  -  ResidentSetSize of job (KB)
...
006 (14460.000.000) 2025-01-07 15:18:30 Image size of job updated: 4763608
	3505  -  MemoryUsage of job (MB)
	3588752  -  ResidentSetSize of job (KB)
...
006 (14460.000.000) 2025-01-07 15:28:31 Image size of job updated: 4768728
	3505  -  MemoryUsage of job (MB)
	3588752  -  ResidentSetSize of job (KB)
...
022 (14460.000.000) 2025-01-07 15:33:20 Job disconnected, attempting to reconnect
    Local schedd and job shadow died, schedd now running again
    Trying to reconnect to slot1@bioclust05.bioclust.biologie.ens.fr <10.18.24.5:9618?addrs=10.18.24.5-9618&alias=bioclust05.bioclust.biologie.ens.fr&noUDP&sock=startd_1116_0fc8>
...
023 (14460.000.000) 2025-01-07 15:33:24 Job reconnected to slot1@bioclust05.bioclust.biologie.ens.fr
    startd address: <10.18.24.5:9618?addrs=10.18.24.5-9618&alias=bioclust05.bioclust.biologie.ens.fr&noUDP&sock=startd_1116_0fc8>
    starter address: <10.18.24.5:9618?addrs=10.18.24.5-9618&alias=bioclust05.bioclust.biologie.ens.fr&noUDP&sock=slot1_2_1421_f913_3867>
...
006 (14460.000.000) 2025-01-07 23:04:16 Image size of job updated: 5000000
	3665  -  MemoryUsage of job (MB)
	3752388  -  ResidentSetSize of job (KB)
...
006 (14460.000.000) 2025-01-07 23:24:18 Image size of job updated: 5000000
	3683  -  MemoryUsage of job (MB)
	3771104  -  ResidentSetSize of job (KB)
...
006 (14460.000.000) 2025-01-07 23:29:18 Image size of job updated: 5000000
	3683  -  MemoryUsage of job (MB)
	3771368  -  ResidentSetSize of job (KB)
...
006 (14460.000.000) 2025-01-08 02:04:32 Image size of job updated: 5000000
	3702  -  MemoryUsage of job (MB)
	3790012  -  ResidentSetSize of job (KB)
...
006 (14460.000.000) 2025-01-08 03:44:41 Image size of job updated: 5000000
	3762  -  MemoryUsage of job (MB)
	3851452  -  ResidentSetSize of job (KB)
...
006 (14460.000.000) 2025-01-14 05:19:45 Image size of job updated: 5000000
	3785  -  MemoryUsage of job (MB)
	3875096  -  ResidentSetSize of job (KB)
...
006 (14460.000.000) 2025-01-14 06:29:53 Image size of job updated: 5004268
	3785  -  MemoryUsage of job (MB)
	3875096  -  ResidentSetSize of job (KB)
...
006 (14460.000.000) 2025-01-14 10:25:17 Image size of job updated: 5010668
	3785  -  MemoryUsage of job (MB)
	3875096  -  ResidentSetSize of job (KB)
...
006 (14460.000.000) 2025-01-14 14:45:44 Image size of job updated: 5013868
	3785  -  MemoryUsage of job (MB)
	3875096  -  ResidentSetSize of job (KB)
...
006 (14460.000.000) 2025-01-14 15:45:50 Image size of job updated: 5021548
	3785  -  MemoryUsage of job (MB)
	3875096  -  ResidentSetSize of job (KB)
...
006 (14460.000.000) 2025-01-14 15:50:50 Image size of job updated: 5021548
	3852  -  MemoryUsage of job (MB)
	3944160  -  ResidentSetSize of job (KB)
...
006 (14460.000.000) 2025-01-14 16:25:53 Image size of job updated: 5027564
	3852  -  MemoryUsage of job (MB)
	3944160  -  ResidentSetSize of job (KB)
...
006 (14460.000.000) 2025-01-14 16:30:54 Image size of job updated: 5046732
	3852  -  MemoryUsage of job (MB)
	3944160  -  ResidentSetSize of job (KB)
...
006 (14460.000.000) 2025-01-14 16:40:55 Image size of job updated: 5057072
	3852  -  MemoryUsage of job (MB)
	3944160  -  ResidentSetSize of job (KB)
...
006 (14460.000.000) 2025-01-14 17:41:03 Image size of job updated: 5061768
	3852  -  MemoryUsage of job (MB)
	3944160  -  ResidentSetSize of job (KB)
...
006 (14460.000.000) 2025-01-14 18:36:08 Image size of job updated: 5061768
	3894  -  MemoryUsage of job (MB)
	3987092  -  ResidentSetSize of job (KB)
...
006 (14460.000.000) 2025-01-14 19:01:10 Image size of job updated: 5065796
	3894  -  MemoryUsage of job (MB)
	3987092  -  ResidentSetSize of job (KB)
...
006 (14460.000.000) 2025-01-14 19:26:14 Image size of job updated: 5065796
	3914  -  MemoryUsage of job (MB)
	4007788  -  ResidentSetSize of job (KB)
...
006 (14460.000.000) 2025-01-14 19:46:16 Image size of job updated: 5131348
	3914  -  MemoryUsage of job (MB)
	4007788  -  ResidentSetSize of job (KB)
...
006 (14460.000.000) 2025-01-14 20:11:17 Image size of job updated: 5131348
	3915  -  MemoryUsage of job (MB)
	4008828  -  ResidentSetSize of job (KB)
...
006 (14460.000.000) 2025-01-15 11:22:49 Image size of job updated: 5135616
	3915  -  MemoryUsage of job (MB)
	4008828  -  ResidentSetSize of job (KB)
...
006 (14460.000.000) 2025-01-15 13:48:05 Image size of job updated: 5143300
	3915  -  MemoryUsage of job (MB)
	4008828  -  ResidentSetSize of job (KB)
...
006 (14460.000.000) 2025-01-15 15:28:16 Image size of job updated: 5148020
	3915  -  MemoryUsage of job (MB)
	4008828  -  ResidentSetSize of job (KB)
...
006 (14460.000.000) 2025-01-15 15:33:16 Image size of job updated: 5161932
	3915  -  MemoryUsage of job (MB)
	4008828  -  ResidentSetSize of job (KB)
...
006 (14460.000.000) 2025-01-15 23:39:07 Image size of job updated: 5166704
	3915  -  MemoryUsage of job (MB)
	4008828  -  ResidentSetSize of job (KB)
...
006 (14460.000.000) 2025-01-16 00:04:09 Image size of job updated: 5166704
	3927  -  MemoryUsage of job (MB)
	4020812  -  ResidentSetSize of job (KB)
...
006 (14460.000.000) 2025-01-16 00:09:10 Image size of job updated: 5166704
	3927  -  MemoryUsage of job (MB)
	4020944  -  ResidentSetSize of job (KB)
...
006 (14460.000.000) 2025-01-16 01:59:21 Image size of job updated: 5166704
	3938  -  MemoryUsage of job (MB)
	4032388  -  ResidentSetSize of job (KB)
...
006 (14460.000.000) 2025-01-16 02:19:23 Image size of job updated: 5166704
	3940  -  MemoryUsage of job (MB)
	4034100  -  ResidentSetSize of job (KB)
...
006 (14460.000.000) 2025-01-16 02:54:27 Image size of job updated: 5171824
	3940  -  MemoryUsage of job (MB)
	4034100  -  ResidentSetSize of job (KB)
...
006 (14460.000.000) 2025-01-16 05:14:40 Image size of job updated: 5176948
	3940  -  MemoryUsage of job (MB)
	4034100  -  ResidentSetSize of job (KB)
...
006 (14460.000.000) 2025-01-16 07:29:53 Image size of job updated: 5183860
	3940  -  MemoryUsage of job (MB)
	4034100  -  ResidentSetSize of job (KB)
...
006 (14460.000.000) 2025-01-16 08:19:57 Image size of job updated: 5183860
	3982  -  MemoryUsage of job (MB)
	4077408  -  ResidentSetSize of job (KB)
...
006 (14460.000.000) 2025-01-16 09:15:02 Image size of job updated: 5249412
	3982  -  MemoryUsage of job (MB)
	4077408  -  ResidentSetSize of job (KB)
...
006 (14460.000.000) 2025-01-16 09:20:02 Image size of job updated: 5256704
	3982  -  MemoryUsage of job (MB)
	4077408  -  ResidentSetSize of job (KB)
...
006 (14460.000.000) 2025-01-16 09:45:06 Image size of job updated: 5257428
	3982  -  MemoryUsage of job (MB)
	4077408  -  ResidentSetSize of job (KB)
...
006 (14460.000.000) 2025-01-16 11:25:15 Image size of job updated: 5260564
	3982  -  MemoryUsage of job (MB)
	4077408  -  ResidentSetSize of job (KB)
...
006 (14460.000.000) 2025-01-16 11:30:16 Image size of job updated: 5260564
	3984  -  MemoryUsage of job (MB)
	4079008  -  ResidentSetSize of job (KB)
...
006 (14460.000.000) 2025-01-16 12:00:20 Image size of job updated: 5269020
	3984  -  MemoryUsage of job (MB)
	4079008  -  ResidentSetSize of job (KB)
...
006 (14460.000.000) 2025-01-16 13:00:26 Image size of job updated: 5269020
	3988  -  MemoryUsage of job (MB)
	4083472  -  ResidentSetSize of job (KB)
...
006 (14460.000.000) 2025-01-16 13:05:27 Image size of job updated: 5269020
	3988  -  MemoryUsage of job (MB)
	4083604  -  ResidentSetSize of job (KB)
...
006 (14460.000.000) 2025-01-16 13:50:31 Image size of job updated: 5269020
	4069  -  MemoryUsage of job (MB)
	4165688  -  ResidentSetSize of job (KB)
...
006 (14460.000.000) 2025-01-16 14:30:36 Image size of job updated: 5334572
	4069  -  MemoryUsage of job (MB)
	4165688  -  ResidentSetSize of job (KB)
...
006 (14460.000.000) 2025-01-16 15:15:40 Image size of job updated: 5341484
	4069  -  MemoryUsage of job (MB)
	4165688  -  ResidentSetSize of job (KB)
...
006 (14460.000.000) 2025-01-16 15:20:41 Image size of job updated: 5344652
	4079  -  MemoryUsage of job (MB)
	4176248  -  ResidentSetSize of job (KB)
...
006 (14460.000.000) 2025-01-16 15:25:41 Image size of job updated: 5357456
	4079  -  MemoryUsage of job (MB)
	4176248  -  ResidentSetSize of job (KB)
...
006 (14460.000.000) 2025-01-16 15:45:43 Image size of job updated: 5366388
	4079  -  MemoryUsage of job (MB)
	4176248  -  ResidentSetSize of job (KB)
...
006 (14460.000.000) 2025-01-16 17:25:54 Image size of job updated: 5431940
	4079  -  MemoryUsage of job (MB)
	4176248  -  ResidentSetSize of job (KB)
...
006 (14460.000.000) 2025-01-16 18:41:02 Image size of job updated: 5431940
	4144  -  MemoryUsage of job (MB)
	4243168  -  ResidentSetSize of job (KB)
...
006 (14460.000.000) 2025-01-16 21:11:17 Image size of job updated: 5431940
	4151  -  MemoryUsage of job (MB)
	4250484  -  ResidentSetSize of job (KB)
...
006 (14460.000.000) 2025-01-24 01:23:51 Image size of job updated: 5451308
	4151  -  MemoryUsage of job (MB)
	4250484  -  ResidentSetSize of job (KB)
...
006 (14460.000.000) 2025-01-24 02:08:55 Image size of job updated: 5461552
	4151  -  MemoryUsage of job (MB)
	4250484  -  ResidentSetSize of job (KB)
...
006 (14460.000.000) 2025-01-24 03:04:01 Image size of job updated: 5468720
	4151  -  MemoryUsage of job (MB)
	4250484  -  ResidentSetSize of job (KB)
...
006 (14460.000.000) 2025-01-24 03:34:03 Image size of job updated: 5478960
	4205  -  MemoryUsage of job (MB)
	4305084  -  ResidentSetSize of job (KB)
...
006 (14460.000.000) 2025-01-24 03:39:04 Image size of job updated: 5478960
	4205  -  MemoryUsage of job (MB)
	4305480  -  ResidentSetSize of job (KB)
...
006 (14460.000.000) 2025-01-24 03:44:04 Image size of job updated: 5478960
	4220  -  MemoryUsage of job (MB)
	4320652  -  ResidentSetSize of job (KB)
...
006 (14460.000.000) 2025-01-24 04:24:08 Image size of job updated: 5489200
	4220  -  MemoryUsage of job (MB)
	4320652  -  ResidentSetSize of job (KB)
...
006 (14460.000.000) 2025-01-24 04:44:11 Image size of job updated: 5499440
	4220  -  MemoryUsage of job (MB)
	4320652  -  ResidentSetSize of job (KB)
...
006 (14460.000.000) 2025-01-24 05:24:15 Image size of job updated: 5575232
	4220  -  MemoryUsage of job (MB)
	4320652  -  ResidentSetSize of job (KB)
...
006 (14460.000.000) 2025-01-24 05:44:17 Image size of job updated: 5575232
	4332  -  MemoryUsage of job (MB)
	4435900  -  ResidentSetSize of job (KB)
...
006 (14460.000.000) 2025-01-24 05:49:17 Image size of job updated: 5585472
	4332  -  MemoryUsage of job (MB)
	4435900  -  ResidentSetSize of job (KB)
...
006 (14460.000.000) 2025-01-24 06:24:21 Image size of job updated: 5600832
	4332  -  MemoryUsage of job (MB)
	4435900  -  ResidentSetSize of job (KB)
...
006 (14460.000.000) 2025-01-24 06:34:22 Image size of job updated: 5666384
	4338  -  MemoryUsage of job (MB)
	4441396  -  ResidentSetSize of job (KB)
...
006 (14460.000.000) 2025-01-24 06:39:23 Image size of job updated: 5666384
	4338  -  MemoryUsage of job (MB)
	4441660  -  ResidentSetSize of job (KB)
...
006 (14460.000.000) 2025-01-24 06:44:24 Image size of job updated: 5681744
	4338  -  MemoryUsage of job (MB)
	4441660  -  ResidentSetSize of job (KB)
...
006 (14460.000.000) 2025-01-24 06:49:24 Image size of job updated: 5687240
	4338  -  MemoryUsage of job (MB)
	4441660  -  ResidentSetSize of job (KB)
...
006 (14460.000.000) 2025-01-24 07:09:26 Image size of job updated: 5687240
	4395  -  MemoryUsage of job (MB)
	4499488  -  ResidentSetSize of job (KB)
...
006 (14460.000.000) 2025-01-24 07:14:27 Image size of job updated: 5702372
	4395  -  MemoryUsage of job (MB)
	4499620  -  ResidentSetSize of job (KB)
...
006 (14460.000.000) 2025-01-24 07:19:28 Image size of job updated: 5767924
	4395  -  MemoryUsage of job (MB)
	4499620  -  ResidentSetSize of job (KB)
...
006 (14460.000.000) 2025-01-24 07:39:30 Image size of job updated: 5782260
	4395  -  MemoryUsage of job (MB)
	4499620  -  ResidentSetSize of job (KB)
...
006 (14460.000.000) 2025-01-24 08:29:35 Image size of job updated: 5782260
	4489  -  MemoryUsage of job (MB)
	4595980  -  ResidentSetSize of job (KB)
...
006 (14460.000.000) 2025-01-24 08:49:36 Image size of job updated: 5793716
	4489  -  MemoryUsage of job (MB)
	4595980  -  ResidentSetSize of job (KB)
...
006 (14460.000.000) 2025-01-24 09:04:38 Image size of job updated: 5799088
	4489  -  MemoryUsage of job (MB)
	4595980  -  ResidentSetSize of job (KB)
...
006 (14460.000.000) 2025-01-24 09:09:39 Image size of job updated: 5799088
	4577  -  MemoryUsage of job (MB)
	4685944  -  ResidentSetSize of job (KB)
...
006 (14460.000.000) 2025-01-24 09:24:41 Image size of job updated: 5864640
	4577  -  MemoryUsage of job (MB)
	4685944  -  ResidentSetSize of job (KB)
...
006 (14460.000.000) 2025-01-24 10:04:45 Image size of job updated: 5874880
	4590  -  MemoryUsage of job (MB)
	4699540  -  ResidentSetSize of job (KB)
...
006 (14460.000.000) 2025-01-24 10:09:45 Image size of job updated: 5880072
	4590  -  MemoryUsage of job (MB)
	4699540  -  ResidentSetSize of job (KB)
...
006 (14460.000.000) 2025-01-24 10:14:46 Image size of job updated: 5903268
	4590  -  MemoryUsage of job (MB)
	4699540  -  ResidentSetSize of job (KB)
...
006 (14460.000.000) 2025-01-24 10:19:47 Image size of job updated: 5903424
	4590  -  MemoryUsage of job (MB)
	4699540  -  ResidentSetSize of job (KB)
...
006 (14460.000.000) 2025-01-24 10:44:49 Image size of job updated: 5918536
	4590  -  MemoryUsage of job (MB)
	4699540  -  ResidentSetSize of job (KB)
...
006 (14460.000.000) 2025-01-24 11:04:51 Image size of job updated: 5984088
	4590  -  MemoryUsage of job (MB)
	4699540  -  ResidentSetSize of job (KB)
...
006 (14460.000.000) 2025-01-24 11:14:52 Image size of job updated: 5984088
	4685  -  MemoryUsage of job (MB)
	4797212  -  ResidentSetSize of job (KB)
...
006 (14460.000.000) 2025-01-24 11:19:53 Image size of job updated: 5984088
	4685  -  MemoryUsage of job (MB)
	4797344  -  ResidentSetSize of job (KB)
...
006 (14460.000.000) 2025-01-24 11:24:54 Image size of job updated: 5984088
	4686  -  MemoryUsage of job (MB)
	4798384  -  ResidentSetSize of job (KB)
...
006 (14460.000.000) 2025-01-24 11:29:54 Image size of job updated: 5984088
	4687  -  MemoryUsage of job (MB)
	4798516  -  ResidentSetSize of job (KB)
...
006 (14460.000.000) 2025-01-24 13:55:09 Image size of job updated: 5999448
	4687  -  MemoryUsage of job (MB)
	4798516  -  ResidentSetSize of job (KB)
...
006 (14460.000.000) 2025-01-24 15:00:16 Image size of job updated: 6004568
	4687  -  MemoryUsage of job (MB)
	4798516  -  ResidentSetSize of job (KB)
...
006 (14460.000.000) 2025-01-24 16:00:22 Image size of job updated: 6019928
	4687  -  MemoryUsage of job (MB)
	4798516  -  ResidentSetSize of job (KB)
...
006 (14460.000.000) 2025-01-24 17:30:33 Image size of job updated: 6026584
	4687  -  MemoryUsage of job (MB)
	4798516  -  ResidentSetSize of job (KB)
...
006 (14460.000.000) 2025-01-24 17:40:35 Image size of job updated: 6026584
	4710  -  MemoryUsage of job (MB)
	4822768  -  ResidentSetSize of job (KB)
...
006 (14460.000.000) 2025-01-24 18:15:38 Image size of job updated: 6041944
	4710  -  MemoryUsage of job (MB)
	4822768  -  ResidentSetSize of job (KB)
...
006 (14460.000.000) 2025-01-24 18:45:42 Image size of job updated: 6057308
	4710  -  MemoryUsage of job (MB)
	4822768  -  ResidentSetSize of job (KB)
...
006 (14460.000.000) 2025-01-24 18:50:42 Image size of job updated: 6057308
	4739  -  MemoryUsage of job (MB)
	4851720  -  ResidentSetSize of job (KB)
...
006 (14460.000.000) 2025-01-24 18:55:42 Image size of job updated: 6122860
	4739  -  MemoryUsage of job (MB)
	4851852  -  ResidentSetSize of job (KB)
...
006 (14460.000.000) 2025-01-24 19:15:44 Image size of job updated: 6127980
	4739  -  MemoryUsage of job (MB)
	4851852  -  ResidentSetSize of job (KB)
...
006 (14460.000.000) 2025-02-01 03:28:46 Image size of job updated: 6136096
	4739  -  MemoryUsage of job (MB)
	4851852  -  ResidentSetSize of job (KB)
...
006 (14460.000.000) 2025-02-01 09:49:26 Image size of job updated: 6146336
	4739  -  MemoryUsage of job (MB)
	4851852  -  ResidentSetSize of job (KB)
...
006 (14460.000.000) 2025-02-01 15:55:03 Image size of job updated: 6167840
	4739  -  MemoryUsage of job (MB)
	4851852  -  ResidentSetSize of job (KB)
...
006 (14460.000.000) 2025-02-01 18:45:21 Image size of job updated: 6178080
	4739  -  MemoryUsage of job (MB)
	4851852  -  ResidentSetSize of job (KB)
...
006 (14460.000.000) 2025-02-01 20:25:31 Image size of job updated: 6188320
	4739  -  MemoryUsage of job (MB)
	4851852  -  ResidentSetSize of job (KB)
...
006 (14460.000.000) 2025-02-01 20:55:34 Image size of job updated: 6188320
	4780  -  MemoryUsage of job (MB)
	4893936  -  ResidentSetSize of job (KB)
...
006 (14460.000.000) 2025-02-01 21:00:35 Image size of job updated: 6198560
	4826  -  MemoryUsage of job (MB)
	4941024  -  ResidentSetSize of job (KB)
...
006 (14460.000.000) 2025-02-01 22:00:41 Image size of job updated: 6208800
	4826  -  MemoryUsage of job (MB)
	4941024  -  ResidentSetSize of job (KB)
...
006 (14460.000.000) 2025-02-01 23:10:48 Image size of job updated: 6219040
	4826  -  MemoryUsage of job (MB)
	4941024  -  ResidentSetSize of job (KB)
...
006 (14460.000.000) 2025-02-02 00:20:56 Image size of job updated: 6226208
	4826  -  MemoryUsage of job (MB)
	4941024  -  ResidentSetSize of job (KB)
...
006 (14460.000.000) 2025-02-02 01:41:04 Image size of job updated: 6226208
	4938  -  MemoryUsage of job (MB)
	5056152  -  ResidentSetSize of job (KB)
...
006 (14460.000.000) 2025-02-02 02:11:08 Image size of job updated: 6291760
	4938  -  MemoryUsage of job (MB)
	5056152  -  ResidentSetSize of job (KB)
...
006 (14460.000.000) 2025-02-02 02:21:08 Image size of job updated: 6302000
	4938  -  MemoryUsage of job (MB)
	5056152  -  ResidentSetSize of job (KB)
...
006 (14460.000.000) 2025-02-02 03:31:15 Image size of job updated: 6302000
	5011  -  MemoryUsage of job (MB)
	5130696  -  ResidentSetSize of job (KB)
...
006 (14460.000.000) 2025-02-02 04:51:22 Image size of job updated: 6308912
	5011  -  MemoryUsage of job (MB)
	5130696  -  ResidentSetSize of job (KB)
...
006 (14460.000.000) 2025-02-02 05:11:25 Image size of job updated: 6374464
	5011  -  MemoryUsage of job (MB)
	5130696  -  ResidentSetSize of job (KB)
...
006 (14460.000.000) 2025-02-02 05:56:29 Image size of job updated: 6379584
	5011  -  MemoryUsage of job (MB)
	5130696  -  ResidentSetSize of job (KB)
...
006 (14460.000.000) 2025-02-02 07:06:37 Image size of job updated: 6394944
	5011  -  MemoryUsage of job (MB)
	5130696  -  ResidentSetSize of job (KB)
...
006 (14460.000.000) 2025-02-02 08:51:47 Image size of job updated: 6401600
	5011  -  MemoryUsage of job (MB)
	5130696  -  ResidentSetSize of job (KB)
...
006 (14460.000.000) 2025-02-02 10:01:53 Image size of job updated: 6408256
	5011  -  MemoryUsage of job (MB)
	5130696  -  ResidentSetSize of job (KB)
...
006 (14460.000.000) 2025-02-02 10:21:55 Image size of job updated: 6408256
	5019  -  MemoryUsage of job (MB)
	5139372  -  ResidentSetSize of job (KB)
...
006 (14460.000.000) 2025-02-02 10:26:55 Image size of job updated: 6408256
	5074  -  MemoryUsage of job (MB)
	5195404  -  ResidentSetSize of job (KB)
...
006 (14460.000.000) 2025-02-02 11:32:02 Image size of job updated: 6414912
	5074  -  MemoryUsage of job (MB)
	5195404  -  ResidentSetSize of job (KB)
...
006 (14460.000.000) 2025-02-02 12:57:11 Image size of job updated: 6414912
	5090  -  MemoryUsage of job (MB)
	5211624  -  ResidentSetSize of job (KB)
...
006 (14460.000.000) 2025-02-02 15:32:27 Image size of job updated: 6420036
	5090  -  MemoryUsage of job (MB)
	5211624  -  ResidentSetSize of job (KB)
...
006 (14460.000.000) 2025-02-02 17:57:41 Image size of job updated: 6420036
	5118  -  MemoryUsage of job (MB)
	5240392  -  ResidentSetSize of job (KB)
...
006 (14460.000.000) 2025-02-02 18:27:45 Image size of job updated: 6426948
	5118  -  MemoryUsage of job (MB)
	5240392  -  ResidentSetSize of job (KB)
...
006 (14460.000.000) 2025-02-02 18:52:48 Image size of job updated: 6485760
	5118  -  MemoryUsage of job (MB)
	5240392  -  ResidentSetSize of job (KB)
...
006 (14460.000.000) 2025-02-02 20:07:55 Image size of job updated: 6506288
	5118  -  MemoryUsage of job (MB)
	5240392  -  ResidentSetSize of job (KB)
...
006 (14460.000.000) 2025-02-03 01:08:27 Image size of job updated: 6506288
	5119  -  MemoryUsage of job (MB)
	5241820  -  ResidentSetSize of job (KB)
...
006 (14460.000.000) 2025-02-03 01:48:32 Image size of job updated: 6506288
	5126  -  MemoryUsage of job (MB)
	5248360  -  ResidentSetSize of job (KB)
...
006 (14460.000.000) 2025-02-03 01:53:32 Image size of job updated: 6506288
	5126  -  MemoryUsage of job (MB)
	5248492  -  ResidentSetSize of job (KB)
...
006 (14460.000.000) 2025-02-03 08:29:13 Image size of job updated: 6506288
	5128  -  MemoryUsage of job (MB)
	5250880  -  ResidentSetSize of job (KB)
...
006 (14460.000.000) 2025-02-03 09:59:22 Image size of job updated: 6520204
	5128  -  MemoryUsage of job (MB)
	5250880  -  ResidentSetSize of job (KB)
...
006 (14460.000.000) 2025-02-03 10:04:24 Image size of job updated: 6553328
	5128  -  MemoryUsage of job (MB)
	5250880  -  ResidentSetSize of job (KB)
...
006 (14460.000.000) 2025-02-03 11:29:33 Image size of job updated: 6553328
	5146  -  MemoryUsage of job (MB)
	5269140  -  ResidentSetSize of job (KB)
...
006 (14460.000.000) 2025-02-03 12:04:35 Image size of job updated: 6553328
	5183  -  MemoryUsage of job (MB)
	5306968  -  ResidentSetSize of job (KB)
...
006 (14460.000.000) 2025-02-03 14:39:52 Image size of job updated: 6553328
	5193  -  MemoryUsage of job (MB)
	5316904  -  ResidentSetSize of job (KB)
...
006 (14460.000.000) 2025-02-03 15:44:58 Image size of job updated: 6553328
	5236  -  MemoryUsage of job (MB)
	5361500  -  ResidentSetSize of job (KB)
...
006 (14460.000.000) 2025-02-03 15:59:59 Image size of job updated: 6559984
	5236  -  MemoryUsage of job (MB)
	5361500  -  ResidentSetSize of job (KB)
...
006 (14460.000.000) 2025-02-03 17:15:07 Image size of job updated: 6559984
	5266  -  MemoryUsage of job (MB)
	5391524  -  ResidentSetSize of job (KB)
...
006 (14460.000.000) 2025-02-03 18:55:17 Image size of job updated: 6567176
	5266  -  MemoryUsage of job (MB)
	5391524  -  ResidentSetSize of job (KB)
...
006 (14460.000.000) 2025-02-03 19:00:17 Image size of job updated: 6578460
	5266  -  MemoryUsage of job (MB)
	5391524  -  ResidentSetSize of job (KB)
...
006 (14460.000.000) 2025-02-03 21:25:34 Image size of job updated: 6578460
	5358  -  MemoryUsage of job (MB)
	5485692  -  ResidentSetSize of job (KB)
...
006 (14460.000.000) 2025-02-03 21:30:35 Image size of job updated: 6644012
	5358  -  MemoryUsage of job (MB)
	5485692  -  ResidentSetSize of job (KB)
...
006 (14460.000.000) 2025-02-03 23:40:50 Image size of job updated: 6644012
	5423  -  MemoryUsage of job (MB)
	5552444  -  ResidentSetSize of job (KB)
...
006 (14460.000.000) 2025-02-03 23:45:50 Image size of job updated: 6709564
	5423  -  MemoryUsage of job (MB)
	5552444  -  ResidentSetSize of job (KB)
...
006 (14460.000.000) 2025-02-04 17:07:39 Image size of job updated: 6711572
	5423  -  MemoryUsage of job (MB)
	5552444  -  ResidentSetSize of job (KB)
...
006 (14460.000.000) 2025-02-05 06:54:09 Image size of job updated: 6718228
	5423  -  MemoryUsage of job (MB)
	5552444  -  ResidentSetSize of job (KB)
...
006 (14460.000.000) 2025-02-05 13:54:50 Image size of job updated: 6725396
	5423  -  MemoryUsage of job (MB)
	5552444  -  ResidentSetSize of job (KB)
...
006 (14460.000.000) 2025-02-05 14:24:53 Image size of job updated: 6725396
	5444  -  MemoryUsage of job (MB)
	5573956  -  ResidentSetSize of job (KB)
...
006 (14460.000.000) 2025-02-05 19:10:24 Image size of job updated: 6730516
	5444  -  MemoryUsage of job (MB)
	5573956  -  ResidentSetSize of job (KB)
...
006 (14460.000.000) 2025-02-05 20:05:30 Image size of job updated: 6730516
	5445  -  MemoryUsage of job (MB)
	5575204  -  ResidentSetSize of job (KB)
...
006 (14460.000.000) 2025-02-05 23:10:50 Image size of job updated: 6737172
	5445  -  MemoryUsage of job (MB)
	5575204  -  ResidentSetSize of job (KB)
...
006 (14460.000.000) 2025-02-06 00:05:55 Image size of job updated: 6742228
	5445  -  MemoryUsage of job (MB)
	5575204  -  ResidentSetSize of job (KB)
...
006 (14460.000.000) 2025-02-06 01:01:02 Image size of job updated: 6744084
	5445  -  MemoryUsage of job (MB)
	5575204  -  ResidentSetSize of job (KB)
...
006 (14460.000.000) 2025-02-06 02:11:09 Image size of job updated: 6758124
	5445  -  MemoryUsage of job (MB)
	5575204  -  ResidentSetSize of job (KB)
...
006 (14460.000.000) 2025-02-06 02:16:10 Image size of job updated: 6769248
	5445  -  MemoryUsage of job (MB)
	5575204  -  ResidentSetSize of job (KB)
...
006 (14460.000.000) 2025-02-06 02:21:10 Image size of job updated: 6788808
	5445  -  MemoryUsage of job (MB)
	5575204  -  ResidentSetSize of job (KB)
...
006 (14460.000.000) 2025-02-06 05:51:30 Image size of job updated: 6794140
	5445  -  MemoryUsage of job (MB)
	5575204  -  ResidentSetSize of job (KB)
...
006 (14460.000.000) 2025-02-06 06:11:33 Image size of job updated: 6823964
	5445  -  MemoryUsage of job (MB)
	5575204  -  ResidentSetSize of job (KB)
...
006 (14460.000.000) 2025-02-06 07:51:43 Image size of job updated: 6889516
	5445  -  MemoryUsage of job (MB)
	5575204  -  ResidentSetSize of job (KB)
...
006 (14460.000.000) 2025-02-06 08:01:43 Image size of job updated: 6889516
	5476  -  MemoryUsage of job (MB)
	5606424  -  ResidentSetSize of job (KB)
...
006 (14460.000.000) 2025-02-06 11:12:03 Image size of job updated: 9463652
	5476  -  MemoryUsage of job (MB)
	5606424  -  ResidentSetSize of job (KB)
...
006 (14460.000.000) 2025-02-06 11:16:31 Image size of job updated: 12337404
	5476  -  MemoryUsage of job (MB)
	5606424  -  ResidentSetSize of job (KB)
...
005 (14460.000.000) 2025-02-06 11:16:31 Job terminated.
	(1) Normal termination (return value 1)
		Usr 62 22:49:57, Sys 0 14:21:11  -  Run Remote Usage
		Usr 0 00:00:00, Sys 0 00:00:00  -  Run Local Usage
		Usr 96 13:35:54, Sys 0 20:14:57  -  Total Remote Usage
		Usr 0 00:00:00, Sys 0 00:00:00  -  Total Local Usage
	0  -  Run Bytes Sent By Job
	0  -  Run Bytes Received By Job
	0  -  Total Bytes Sent By Job
	0  -  Total Bytes Received By Job
	Partitionable Resources :    Usage  Request Allocated 
	   Cpus                 :     0.13        1         1 
	   Disk (KB)            :    15          15      2160 
	   Memory (MB)          :  5476       10240     10240 

	Job terminated of its own accord at 2025-02-06T10:16:31Z with exit-code 1.
...
