000 (14460.004.000) 2024-12-04 16:34:49 Job submitted from host: <10.18.24.233:9618?addrs=10.18.24.233-9618&alias=bioclusts03.bioclust.biologie.ens.fr&noUDP&sock=schedd_910141_9a29>
...
001 (14460.004.000) 2024-12-04 16:34:49 Job executing on host: <10.18.24.110:9618?addrs=10.18.24.110-9618&alias=ecoclust15.bioclust.biologie.ens.fr&noUDP&sock=startd_1108_9306>
...
006 (14460.004.000) 2024-12-04 16:34:58 Image size of job updated: 486396
	389  -  MemoryUsage of job (MB)
	397824  -  ResidentSetSize of job (KB)
...
006 (14460.004.000) 2024-12-04 16:39:58 Image size of job updated: 1741116
	687  -  MemoryUsage of job (MB)
	702716  -  ResidentSetSize of job (KB)
...
006 (14460.004.000) 2024-12-04 16:44:58 Image size of job updated: 1742448
	687  -  MemoryUsage of job (MB)
	702716  -  ResidentSetSize of job (KB)
...
006 (14460.004.000) 2024-12-04 16:49:59 Image size of job updated: 1743656
	693  -  MemoryUsage of job (MB)
	709040  -  ResidentSetSize of job (KB)
...
006 (14460.004.000) 2024-12-04 16:55:00 Image size of job updated: 1746172
	710  -  MemoryUsage of job (MB)
	726036  -  ResidentSetSize of job (KB)
...
006 (14460.004.000) 2024-12-04 17:00:00 Image size of job updated: 1747104
	713  -  MemoryUsage of job (MB)
	730108  -  ResidentSetSize of job (KB)
...
006 (14460.004.000) 2024-12-04 17:05:01 Image size of job updated: 1747104
	718  -  MemoryUsage of job (MB)
	735020  -  ResidentSetSize of job (KB)
...
006 (14460.004.000) 2024-12-04 17:10:02 Image size of job updated: 1747952
	721  -  MemoryUsage of job (MB)
	737492  -  ResidentSetSize of job (KB)
...
006 (14460.004.000) 2024-12-04 17:15:02 Image size of job updated: 1747952
	726  -  MemoryUsage of job (MB)
	742800  -  ResidentSetSize of job (KB)
...
006 (14460.004.000) 2024-12-04 17:20:02 Image size of job updated: 1749152
	729  -  MemoryUsage of job (MB)
	746472  -  ResidentSetSize of job (KB)
...
006 (14460.004.000) 2024-12-04 17:25:03 Image size of job updated: 1749152
	732  -  MemoryUsage of job (MB)
	748612  -  ResidentSetSize of job (KB)
...
006 (14460.004.000) 2024-12-04 17:30:04 Image size of job updated: 1749152
	741  -  MemoryUsage of job (MB)
	758444  -  ResidentSetSize of job (KB)
...
006 (14460.004.000) 2024-12-04 17:35:04 Image size of job updated: 1752948
	743  -  MemoryUsage of job (MB)
	759964  -  ResidentSetSize of job (KB)
...
006 (14460.004.000) 2024-12-04 17:40:05 Image size of job updated: 1752948
	747  -  MemoryUsage of job (MB)
	764460  -  ResidentSetSize of job (KB)
...
006 (14460.004.000) 2024-12-04 17:45:06 Image size of job updated: 1752948
	754  -  MemoryUsage of job (MB)
	771404  -  ResidentSetSize of job (KB)
...
006 (14460.004.000) 2024-12-04 17:50:06 Image size of job updated: 1754732
	761  -  MemoryUsage of job (MB)
	778476  -  ResidentSetSize of job (KB)
...
006 (14460.004.000) 2024-12-04 17:55:06 Image size of job updated: 1755528
	766  -  MemoryUsage of job (MB)
	783676  -  ResidentSetSize of job (KB)
...
006 (14460.004.000) 2024-12-04 18:00:07 Image size of job updated: 1755528
	770  -  MemoryUsage of job (MB)
	787720  -  ResidentSetSize of job (KB)
...
006 (14460.004.000) 2024-12-04 18:05:07 Image size of job updated: 1755528
	771  -  MemoryUsage of job (MB)
	789144  -  ResidentSetSize of job (KB)
...
006 (14460.004.000) 2024-12-04 18:10:07 Image size of job updated: 1757032
	776  -  MemoryUsage of job (MB)
	794452  -  ResidentSetSize of job (KB)
...
006 (14460.004.000) 2024-12-04 18:15:09 Image size of job updated: 1825572
	783  -  MemoryUsage of job (MB)
	801004  -  ResidentSetSize of job (KB)
...
006 (14460.004.000) 2024-12-04 18:20:09 Image size of job updated: 1825572
	788  -  MemoryUsage of job (MB)
	806500  -  ResidentSetSize of job (KB)
...
006 (14460.004.000) 2024-12-04 18:25:09 Image size of job updated: 1825572
	790  -  MemoryUsage of job (MB)
	808196  -  ResidentSetSize of job (KB)
...
006 (14460.004.000) 2024-12-04 18:30:10 Image size of job updated: 1825572
	791  -  MemoryUsage of job (MB)
	809068  -  ResidentSetSize of job (KB)
...
006 (14460.004.000) 2024-12-04 18:35:11 Image size of job updated: 1825572
	793  -  MemoryUsage of job (MB)
	811868  -  ResidentSetSize of job (KB)
...
006 (14460.004.000) 2024-12-04 18:40:11 Image size of job updated: 1825572
	794  -  MemoryUsage of job (MB)
	812460  -  ResidentSetSize of job (KB)
...
006 (14460.004.000) 2024-12-04 18:45:12 Image size of job updated: 1825572
	799  -  MemoryUsage of job (MB)
	817252  -  ResidentSetSize of job (KB)
...
006 (14460.004.000) 2024-12-04 18:50:13 Image size of job updated: 1825848
	803  -  MemoryUsage of job (MB)
	821712  -  ResidentSetSize of job (KB)
...
006 (14460.004.000) 2024-12-04 18:55:13 Image size of job updated: 1825848
	804  -  MemoryUsage of job (MB)
	823296  -  ResidentSetSize of job (KB)
...
006 (14460.004.000) 2024-12-04 19:00:13 Image size of job updated: 1828024
	811  -  MemoryUsage of job (MB)
	830088  -  ResidentSetSize of job (KB)
...
006 (14460.004.000) 2024-12-04 19:05:14 Image size of job updated: 1828024
	818  -  MemoryUsage of job (MB)
	837132  -  ResidentSetSize of job (KB)
...
006 (14460.004.000) 2024-12-04 19:10:14 Image size of job updated: 1828444
	820  -  MemoryUsage of job (MB)
	839144  -  ResidentSetSize of job (KB)
...
006 (14460.004.000) 2024-12-04 19:15:14 Image size of job updated: 1829148
	829  -  MemoryUsage of job (MB)
	848888  -  ResidentSetSize of job (KB)
...
006 (14460.004.000) 2024-12-04 19:20:15 Image size of job updated: 1834812
	850  -  MemoryUsage of job (MB)
	869576  -  ResidentSetSize of job (KB)
...
006 (14460.004.000) 2024-12-04 19:25:16 Image size of job updated: 1901320
	850  -  MemoryUsage of job (MB)
	869708  -  ResidentSetSize of job (KB)
...
006 (14460.004.000) 2024-12-04 19:30:16 Image size of job updated: 1901320
	853  -  MemoryUsage of job (MB)
	872920  -  ResidentSetSize of job (KB)
...
006 (14460.004.000) 2024-12-04 19:35:17 Image size of job updated: 1901320
	855  -  MemoryUsage of job (MB)
	875224  -  ResidentSetSize of job (KB)
...
006 (14460.004.000) 2024-12-04 19:40:18 Image size of job updated: 1901320
	857  -  MemoryUsage of job (MB)
	877424  -  ResidentSetSize of job (KB)
...
006 (14460.004.000) 2024-12-04 19:45:18 Image size of job updated: 1901320
	860  -  MemoryUsage of job (MB)
	880328  -  ResidentSetSize of job (KB)
...
006 (14460.004.000) 2024-12-04 19:50:18 Image size of job updated: 1902932
	867  -  MemoryUsage of job (MB)
	887004  -  ResidentSetSize of job (KB)
...
006 (14460.004.000) 2024-12-04 19:55:19 Image size of job updated: 1904708
	872  -  MemoryUsage of job (MB)
	892604  -  ResidentSetSize of job (KB)
...
006 (14460.004.000) 2024-12-04 20:00:19 Image size of job updated: 1906632
	879  -  MemoryUsage of job (MB)
	899172  -  ResidentSetSize of job (KB)
...
006 (14460.004.000) 2024-12-04 20:05:19 Image size of job updated: 1912180
	893  -  MemoryUsage of job (MB)
	913704  -  ResidentSetSize of job (KB)
...
006 (14460.004.000) 2024-12-04 20:10:21 Image size of job updated: 1915592
	901  -  MemoryUsage of job (MB)
	921896  -  ResidentSetSize of job (KB)
...
006 (14460.004.000) 2024-12-04 20:15:21 Image size of job updated: 1992076
	925  -  MemoryUsage of job (MB)
	946600  -  ResidentSetSize of job (KB)
...
006 (14460.004.000) 2024-12-04 20:20:21 Image size of job updated: 1993548
	925  -  MemoryUsage of job (MB)
	946600  -  ResidentSetSize of job (KB)
...
006 (14460.004.000) 2024-12-04 20:25:22 Image size of job updated: 1993548
	948  -  MemoryUsage of job (MB)
	970616  -  ResidentSetSize of job (KB)
...
006 (14460.004.000) 2024-12-04 22:25:35 Image size of job updated: 1996944
	948  -  MemoryUsage of job (MB)
	970616  -  ResidentSetSize of job (KB)
...
006 (14460.004.000) 2024-12-04 23:00:38 Image size of job updated: 2009040
	948  -  MemoryUsage of job (MB)
	970616  -  ResidentSetSize of job (KB)
...
006 (14460.004.000) 2024-12-04 23:25:41 Image size of job updated: 2009040
	951  -  MemoryUsage of job (MB)
	973016  -  ResidentSetSize of job (KB)
...
006 (14460.004.000) 2024-12-04 23:30:42 Image size of job updated: 2009040
	951  -  MemoryUsage of job (MB)
	973148  -  ResidentSetSize of job (KB)
...
006 (14460.004.000) 2024-12-04 23:40:42 Image size of job updated: 2009040
	959  -  MemoryUsage of job (MB)
	981576  -  ResidentSetSize of job (KB)
...
006 (14460.004.000) 2024-12-04 23:45:43 Image size of job updated: 2016720
	967  -  MemoryUsage of job (MB)
	989436  -  ResidentSetSize of job (KB)
...
006 (14460.004.000) 2024-12-04 23:50:43 Image size of job updated: 2016720
	972  -  MemoryUsage of job (MB)
	994592  -  ResidentSetSize of job (KB)
...
006 (14460.004.000) 2024-12-04 23:55:43 Image size of job updated: 2016720
	977  -  MemoryUsage of job (MB)
	1000136  -  ResidentSetSize of job (KB)
...
006 (14460.004.000) 2024-12-05 02:46:02 Image size of job updated: 2082824
	977  -  MemoryUsage of job (MB)
	1000136  -  ResidentSetSize of job (KB)
...
006 (14460.004.000) 2024-12-05 03:01:04 Image size of job updated: 2082824
	978  -  MemoryUsage of job (MB)
	1000896  -  ResidentSetSize of job (KB)
...
006 (14460.004.000) 2024-12-05 03:06:05 Image size of job updated: 2082824
	983  -  MemoryUsage of job (MB)
	1005936  -  ResidentSetSize of job (KB)
...
006 (14460.004.000) 2024-12-05 03:11:05 Image size of job updated: 2082824
	984  -  MemoryUsage of job (MB)
	1007256  -  ResidentSetSize of job (KB)
...
006 (14460.004.000) 2024-12-05 07:06:30 Image size of job updated: 2085272
	984  -  MemoryUsage of job (MB)
	1007256  -  ResidentSetSize of job (KB)
...
006 (14460.004.000) 2024-12-05 07:11:31 Image size of job updated: 2085272
	985  -  MemoryUsage of job (MB)
	1007992  -  ResidentSetSize of job (KB)
...
006 (14460.004.000) 2024-12-05 07:16:31 Image size of job updated: 2085272
	992  -  MemoryUsage of job (MB)
	1015516  -  ResidentSetSize of job (KB)
...
006 (14460.004.000) 2024-12-05 07:21:31 Image size of job updated: 2085272
	994  -  MemoryUsage of job (MB)
	1016880  -  ResidentSetSize of job (KB)
...
006 (14460.004.000) 2024-12-05 07:26:32 Image size of job updated: 2085272
	998  -  MemoryUsage of job (MB)
	1021552  -  ResidentSetSize of job (KB)
...
006 (14460.004.000) 2024-12-05 07:31:32 Image size of job updated: 2085272
	1003  -  MemoryUsage of job (MB)
	1026720  -  ResidentSetSize of job (KB)
...
006 (14460.004.000) 2024-12-05 07:36:32 Image size of job updated: 2085272
	1012  -  MemoryUsage of job (MB)
	1036028  -  ResidentSetSize of job (KB)
...
006 (14460.004.000) 2024-12-05 10:41:53 Image size of job updated: 2092768
	1012  -  MemoryUsage of job (MB)
	1036028  -  ResidentSetSize of job (KB)
...
006 (14460.004.000) 2024-12-05 12:12:02 Image size of job updated: 2092768
	1025  -  MemoryUsage of job (MB)
	1049368  -  ResidentSetSize of job (KB)
...
006 (14460.004.000) 2024-12-05 12:17:03 Image size of job updated: 2161392
	1040  -  MemoryUsage of job (MB)
	1064488  -  ResidentSetSize of job (KB)
...
006 (14460.004.000) 2024-12-05 14:37:17 Image size of job updated: 2161392
	1044  -  MemoryUsage of job (MB)
	1068724  -  ResidentSetSize of job (KB)
...
006 (14460.004.000) 2024-12-05 14:42:17 Image size of job updated: 2231048
	1069  -  MemoryUsage of job (MB)
	1094344  -  ResidentSetSize of job (KB)
...
006 (14460.004.000) 2024-12-05 17:07:33 Image size of job updated: 2231556
	1069  -  MemoryUsage of job (MB)
	1094344  -  ResidentSetSize of job (KB)
...
006 (14460.004.000) 2024-12-05 17:47:36 Image size of job updated: 2231556
	1073  -  MemoryUsage of job (MB)
	1097984  -  ResidentSetSize of job (KB)
...
006 (14460.004.000) 2024-12-05 17:52:37 Image size of job updated: 2231556
	1079  -  MemoryUsage of job (MB)
	1104708  -  ResidentSetSize of job (KB)
...
006 (14460.004.000) 2024-12-05 17:57:38 Image size of job updated: 2231556
	1136  -  MemoryUsage of job (MB)
	1163120  -  ResidentSetSize of job (KB)
...
006 (14460.004.000) 2024-12-05 18:02:38 Image size of job updated: 2231556
	1136  -  MemoryUsage of job (MB)
	1163252  -  ResidentSetSize of job (KB)
...
006 (14460.004.000) 2024-12-05 21:02:58 Image size of job updated: 2256644
	1136  -  MemoryUsage of job (MB)
	1163252  -  ResidentSetSize of job (KB)
...
006 (14460.004.000) 2024-12-05 23:38:16 Image size of job updated: 2256644
	1142  -  MemoryUsage of job (MB)
	1168668  -  ResidentSetSize of job (KB)
...
006 (14460.004.000) 2024-12-06 02:18:31 Image size of job updated: 2256644
	1145  -  MemoryUsage of job (MB)
	1172140  -  ResidentSetSize of job (KB)
...
006 (14460.004.000) 2024-12-06 02:28:31 Image size of job updated: 2268488
	1145  -  MemoryUsage of job (MB)
	1172140  -  ResidentSetSize of job (KB)
...
006 (14460.004.000) 2024-12-06 02:38:32 Image size of job updated: 2268488
	1171  -  MemoryUsage of job (MB)
	1198180  -  ResidentSetSize of job (KB)
...
006 (14460.004.000) 2024-12-06 02:48:33 Image size of job updated: 2268488
	1177  -  MemoryUsage of job (MB)
	1204420  -  ResidentSetSize of job (KB)
...
006 (14460.004.000) 2024-12-06 06:33:54 Image size of job updated: 2268488
	1184  -  MemoryUsage of job (MB)
	1211440  -  ResidentSetSize of job (KB)
...
006 (14460.004.000) 2024-12-06 06:38:54 Image size of job updated: 2333376
	1211  -  MemoryUsage of job (MB)
	1239824  -  ResidentSetSize of job (KB)
...
006 (14460.004.000) 2024-12-06 11:49:28 Image size of job updated: 2333376
	1251  -  MemoryUsage of job (MB)
	1280596  -  ResidentSetSize of job (KB)
...
006 (14460.004.000) 2024-12-06 13:14:35 Image size of job updated: 2333376
	1284  -  MemoryUsage of job (MB)
	1314048  -  ResidentSetSize of job (KB)
...
006 (14460.004.000) 2024-12-06 13:19:35 Image size of job updated: 2341304
	1284  -  MemoryUsage of job (MB)
	1314048  -  ResidentSetSize of job (KB)
...
006 (14460.004.000) 2024-12-06 19:25:12 Image size of job updated: 2345000
	1284  -  MemoryUsage of job (MB)
	1314048  -  ResidentSetSize of job (KB)
...
006 (14460.004.000) 2024-12-06 22:25:30 Image size of job updated: 2355240
	1284  -  MemoryUsage of job (MB)
	1314048  -  ResidentSetSize of job (KB)
...
006 (14460.004.000) 2024-12-06 23:25:36 Image size of job updated: 2357656
	1284  -  MemoryUsage of job (MB)
	1314048  -  ResidentSetSize of job (KB)
...
006 (14460.004.000) 2024-12-06 23:55:40 Image size of job updated: 2374652
	1284  -  MemoryUsage of job (MB)
	1314048  -  ResidentSetSize of job (KB)
...
006 (14460.004.000) 2024-12-07 00:45:45 Image size of job updated: 2374652
	1312  -  MemoryUsage of job (MB)
	1342928  -  ResidentSetSize of job (KB)
...
006 (14460.004.000) 2024-12-07 01:30:49 Image size of job updated: 2375896
	1312  -  MemoryUsage of job (MB)
	1342928  -  ResidentSetSize of job (KB)
...
006 (14460.004.000) 2024-12-07 01:35:50 Image size of job updated: 2380560
	1312  -  MemoryUsage of job (MB)
	1342928  -  ResidentSetSize of job (KB)
...
006 (14460.004.000) 2024-12-07 01:45:50 Image size of job updated: 2461184
	1312  -  MemoryUsage of job (MB)
	1342928  -  ResidentSetSize of job (KB)
...
006 (14460.004.000) 2024-12-07 04:36:09 Image size of job updated: 2461184
	1312  -  MemoryUsage of job (MB)
	1343116  -  ResidentSetSize of job (KB)
...
006 (14460.004.000) 2024-12-07 05:16:12 Image size of job updated: 2461184
	1354  -  MemoryUsage of job (MB)
	1385936  -  ResidentSetSize of job (KB)
...
006 (14460.004.000) 2024-12-07 05:26:14 Image size of job updated: 2461184
	1384  -  MemoryUsage of job (MB)
	1416748  -  ResidentSetSize of job (KB)
...
006 (14460.004.000) 2024-12-07 05:46:15 Image size of job updated: 2538276
	1384  -  MemoryUsage of job (MB)
	1416748  -  ResidentSetSize of job (KB)
...
006 (14460.004.000) 2024-12-07 09:16:37 Image size of job updated: 2538276
	1447  -  MemoryUsage of job (MB)
	1481168  -  ResidentSetSize of job (KB)
...
006 (14460.004.000) 2024-12-07 09:31:38 Image size of job updated: 2540192
	1447  -  MemoryUsage of job (MB)
	1481168  -  ResidentSetSize of job (KB)
...
006 (14460.004.000) 2024-12-07 16:42:23 Image size of job updated: 2541516
	1447  -  MemoryUsage of job (MB)
	1481168  -  ResidentSetSize of job (KB)
...
006 (14460.004.000) 2024-12-07 17:47:30 Image size of job updated: 2541516
	1497  -  MemoryUsage of job (MB)
	1532496  -  ResidentSetSize of job (KB)
...
006 (14460.004.000) 2024-12-07 17:57:31 Image size of job updated: 2551756
	1497  -  MemoryUsage of job (MB)
	1532496  -  ResidentSetSize of job (KB)
...
006 (14460.004.000) 2024-12-07 18:12:33 Image size of job updated: 2551756
	1507  -  MemoryUsage of job (MB)
	1542184  -  ResidentSetSize of job (KB)
...
006 (14460.004.000) 2024-12-07 18:17:34 Image size of job updated: 2551756
	1507  -  MemoryUsage of job (MB)
	1542580  -  ResidentSetSize of job (KB)
...
006 (14460.004.000) 2024-12-07 18:22:34 Image size of job updated: 2617308
	1507  -  MemoryUsage of job (MB)
	1542580  -  ResidentSetSize of job (KB)
...
006 (14460.004.000) 2024-12-08 00:43:12 Image size of job updated: 2617308
	1535  -  MemoryUsage of job (MB)
	1571560  -  ResidentSetSize of job (KB)
...
006 (14460.004.000) 2024-12-08 00:53:14 Image size of job updated: 2617768
	1535  -  MemoryUsage of job (MB)
	1571560  -  ResidentSetSize of job (KB)
...
006 (14460.004.000) 2024-12-08 01:33:18 Image size of job updated: 2617768
	1544  -  MemoryUsage of job (MB)
	1580292  -  ResidentSetSize of job (KB)
...
006 (14460.004.000) 2024-12-08 02:03:20 Image size of job updated: 2683320
	1544  -  MemoryUsage of job (MB)
	1580292  -  ResidentSetSize of job (KB)
...
006 (14460.004.000) 2024-12-08 02:08:21 Image size of job updated: 2693560
	1544  -  MemoryUsage of job (MB)
	1580292  -  ResidentSetSize of job (KB)
...
006 (14460.004.000) 2024-12-08 02:18:22 Image size of job updated: 2693560
	1564  -  MemoryUsage of job (MB)
	1601468  -  ResidentSetSize of job (KB)
...
006 (14460.004.000) 2024-12-08 02:28:24 Image size of job updated: 2693560
	1632  -  MemoryUsage of job (MB)
	1671084  -  ResidentSetSize of job (KB)
...
006 (14460.004.000) 2024-12-08 03:18:29 Image size of job updated: 2759112
	1632  -  MemoryUsage of job (MB)
	1671084  -  ResidentSetSize of job (KB)
...
006 (14460.004.000) 2024-12-08 03:28:29 Image size of job updated: 2759112
	1657  -  MemoryUsage of job (MB)
	1696768  -  ResidentSetSize of job (KB)
...
006 (14460.004.000) 2024-12-08 14:34:38 Image size of job updated: 2773176
	1657  -  MemoryUsage of job (MB)
	1696768  -  ResidentSetSize of job (KB)
...
006 (14460.004.000) 2024-12-08 14:54:40 Image size of job updated: 2777472
	1657  -  MemoryUsage of job (MB)
	1696768  -  ResidentSetSize of job (KB)
...
006 (14460.004.000) 2024-12-08 15:19:44 Image size of job updated: 2781292
	1657  -  MemoryUsage of job (MB)
	1696768  -  ResidentSetSize of job (KB)
...
006 (14460.004.000) 2024-12-08 15:24:44 Image size of job updated: 2783156
	1657  -  MemoryUsage of job (MB)
	1696768  -  ResidentSetSize of job (KB)
...
006 (14460.004.000) 2024-12-08 15:54:47 Image size of job updated: 2783156
	1679  -  MemoryUsage of job (MB)
	1718936  -  ResidentSetSize of job (KB)
...
006 (14460.004.000) 2024-12-08 16:24:50 Image size of job updated: 2809888
	1679  -  MemoryUsage of job (MB)
	1718936  -  ResidentSetSize of job (KB)
...
006 (14460.004.000) 2024-12-08 16:44:52 Image size of job updated: 2809888
	1711  -  MemoryUsage of job (MB)
	1751868  -  ResidentSetSize of job (KB)
...
006 (14460.004.000) 2024-12-08 16:49:53 Image size of job updated: 2809888
	1711  -  MemoryUsage of job (MB)
	1752000  -  ResidentSetSize of job (KB)
...
006 (14460.004.000) 2024-12-08 18:10:00 Image size of job updated: 2820128
	1789  -  MemoryUsage of job (MB)
	1830988  -  ResidentSetSize of job (KB)
...
006 (14460.004.000) 2024-12-08 18:15:01 Image size of job updated: 2885680
	1789  -  MemoryUsage of job (MB)
	1830988  -  ResidentSetSize of job (KB)
...
006 (14460.004.000) 2024-12-09 21:07:55 Image size of job updated: 2888240
	1789  -  MemoryUsage of job (MB)
	1830988  -  ResidentSetSize of job (KB)
...
006 (14460.004.000) 2024-12-09 23:03:05 Image size of job updated: 2895152
	1789  -  MemoryUsage of job (MB)
	1830988  -  ResidentSetSize of job (KB)
...
006 (14460.004.000) 2024-12-10 04:13:40 Image size of job updated: 2905476
	1789  -  MemoryUsage of job (MB)
	1830988  -  ResidentSetSize of job (KB)
...
006 (14460.004.000) 2024-12-10 04:23:42 Image size of job updated: 2914036
	1789  -  MemoryUsage of job (MB)
	1830988  -  ResidentSetSize of job (KB)
...
006 (14460.004.000) 2024-12-10 04:38:44 Image size of job updated: 2915344
	1789  -  MemoryUsage of job (MB)
	1830988  -  ResidentSetSize of job (KB)
...
006 (14460.004.000) 2024-12-10 04:43:44 Image size of job updated: 2915628
	1789  -  MemoryUsage of job (MB)
	1830988  -  ResidentSetSize of job (KB)
...
006 (14460.004.000) 2024-12-10 05:03:46 Image size of job updated: 2917132
	1789  -  MemoryUsage of job (MB)
	1830988  -  ResidentSetSize of job (KB)
...
006 (14460.004.000) 2024-12-10 05:08:47 Image size of job updated: 2917412
	1789  -  MemoryUsage of job (MB)
	1830988  -  ResidentSetSize of job (KB)
...
006 (14460.004.000) 2024-12-10 06:18:56 Image size of job updated: 2918092
	1805  -  MemoryUsage of job (MB)
	1847364  -  ResidentSetSize of job (KB)
...
006 (14460.004.000) 2024-12-10 06:33:57 Image size of job updated: 2928356
	1805  -  MemoryUsage of job (MB)
	1847364  -  ResidentSetSize of job (KB)
...
006 (14460.004.000) 2024-12-10 08:14:07 Image size of job updated: 2938340
	1805  -  MemoryUsage of job (MB)
	1847364  -  ResidentSetSize of job (KB)
...
006 (14460.004.000) 2024-12-10 08:54:10 Image size of job updated: 2939064
	1805  -  MemoryUsage of job (MB)
	1847364  -  ResidentSetSize of job (KB)
...
006 (14460.004.000) 2024-12-10 09:09:12 Image size of job updated: 2939064
	1827  -  MemoryUsage of job (MB)
	1869908  -  ResidentSetSize of job (KB)
...
006 (14460.004.000) 2024-12-10 09:39:16 Image size of job updated: 2948796
	1845  -  MemoryUsage of job (MB)
	1888752  -  ResidentSetSize of job (KB)
...
006 (14460.004.000) 2024-12-10 09:54:17 Image size of job updated: 2951816
	1845  -  MemoryUsage of job (MB)
	1888752  -  ResidentSetSize of job (KB)
...
006 (14460.004.000) 2024-12-10 09:59:17 Image size of job updated: 2954200
	1845  -  MemoryUsage of job (MB)
	1888752  -  ResidentSetSize of job (KB)
...
006 (14460.004.000) 2024-12-10 10:04:18 Image size of job updated: 2956492
	1845  -  MemoryUsage of job (MB)
	1888752  -  ResidentSetSize of job (KB)
...
006 (14460.004.000) 2024-12-10 10:09:19 Image size of job updated: 2959472
	1845  -  MemoryUsage of job (MB)
	1888752  -  ResidentSetSize of job (KB)
...
006 (14460.004.000) 2024-12-10 10:14:19 Image size of job updated: 2963596
	1845  -  MemoryUsage of job (MB)
	1888752  -  ResidentSetSize of job (KB)
...
006 (14460.004.000) 2024-12-11 06:01:18 Image size of job updated: 2963596
	1855  -  MemoryUsage of job (MB)
	1898540  -  ResidentSetSize of job (KB)
...
006 (14460.004.000) 2024-12-11 07:16:26 Image size of job updated: 2966700
	1855  -  MemoryUsage of job (MB)
	1898540  -  ResidentSetSize of job (KB)
...
006 (14460.004.000) 2024-12-11 07:46:29 Image size of job updated: 2966700
	1862  -  MemoryUsage of job (MB)
	1905740  -  ResidentSetSize of job (KB)
...
006 (14460.004.000) 2024-12-11 08:11:31 Image size of job updated: 2966700
	1896  -  MemoryUsage of job (MB)
	1941380  -  ResidentSetSize of job (KB)
...
006 (14460.004.000) 2024-12-11 08:16:32 Image size of job updated: 2966700
	1897  -  MemoryUsage of job (MB)
	1941644  -  ResidentSetSize of job (KB)
...
006 (14460.004.000) 2024-12-11 08:56:36 Image size of job updated: 3039164
	1897  -  MemoryUsage of job (MB)
	1941644  -  ResidentSetSize of job (KB)
...
006 (14460.004.000) 2024-12-11 09:16:37 Image size of job updated: 3039164
	1902  -  MemoryUsage of job (MB)
	1947400  -  ResidentSetSize of job (KB)
...
006 (14460.004.000) 2024-12-11 10:06:42 Image size of job updated: 3054524
	1902  -  MemoryUsage of job (MB)
	1947400  -  ResidentSetSize of job (KB)
...
006 (14460.004.000) 2024-12-12 02:33:22 Image size of job updated: 3089792
	1902  -  MemoryUsage of job (MB)
	1947400  -  ResidentSetSize of job (KB)
...
006 (14460.004.000) 2024-12-12 02:38:22 Image size of job updated: 3089792
	1969  -  MemoryUsage of job (MB)
	2016240  -  ResidentSetSize of job (KB)
...
006 (14460.004.000) 2024-12-12 03:43:29 Image size of job updated: 3155344
	1969  -  MemoryUsage of job (MB)
	2016240  -  ResidentSetSize of job (KB)
...
006 (14460.004.000) 2024-12-12 03:58:31 Image size of job updated: 3155344
	2004  -  MemoryUsage of job (MB)
	2051932  -  ResidentSetSize of job (KB)
...
006 (14460.004.000) 2024-12-12 05:23:41 Image size of job updated: 3155344
	2088  -  MemoryUsage of job (MB)
	2137616  -  ResidentSetSize of job (KB)
...
006 (14460.004.000) 2024-12-12 05:48:42 Image size of job updated: 3155344
	2092  -  MemoryUsage of job (MB)
	2141360  -  ResidentSetSize of job (KB)
...
006 (14460.004.000) 2024-12-12 05:53:44 Image size of job updated: 3155344
	2092  -  MemoryUsage of job (MB)
	2141492  -  ResidentSetSize of job (KB)
...
006 (14460.004.000) 2024-12-13 07:06:20 Image size of job updated: 3162040
	2092  -  MemoryUsage of job (MB)
	2141492  -  ResidentSetSize of job (KB)
...
006 (14460.004.000) 2024-12-13 09:56:35 Image size of job updated: 3227592
	2092  -  MemoryUsage of job (MB)
	2141492  -  ResidentSetSize of job (KB)
...
006 (14460.004.000) 2024-12-13 10:41:39 Image size of job updated: 3234504
	2092  -  MemoryUsage of job (MB)
	2141492  -  ResidentSetSize of job (KB)
...
006 (14460.004.000) 2024-12-13 11:11:41 Image size of job updated: 3247844
	2132  -  MemoryUsage of job (MB)
	2182284  -  ResidentSetSize of job (KB)
...
006 (14460.004.000) 2024-12-13 11:56:47 Image size of job updated: 3247844
	2138  -  MemoryUsage of job (MB)
	2188776  -  ResidentSetSize of job (KB)
...
006 (14460.004.000) 2024-12-13 12:26:50 Image size of job updated: 3247844
	2139  -  MemoryUsage of job (MB)
	2189948  -  ResidentSetSize of job (KB)
...
006 (14460.004.000) 2024-12-13 12:41:53 Image size of job updated: 3247844
	2152  -  MemoryUsage of job (MB)
	2202768  -  ResidentSetSize of job (KB)
...
006 (14460.004.000) 2024-12-13 13:26:56 Image size of job updated: 3250980
	2152  -  MemoryUsage of job (MB)
	2202768  -  ResidentSetSize of job (KB)
...
006 (14460.004.000) 2024-12-13 13:31:57 Image size of job updated: 3267208
	2152  -  MemoryUsage of job (MB)
	2202768  -  ResidentSetSize of job (KB)
...
006 (14460.004.000) 2024-12-13 14:12:01 Image size of job updated: 3334144
	2152  -  MemoryUsage of job (MB)
	2202768  -  ResidentSetSize of job (KB)
...
006 (14460.004.000) 2024-12-13 14:17:02 Image size of job updated: 3338096
	2220  -  MemoryUsage of job (MB)
	2272868  -  ResidentSetSize of job (KB)
...
006 (14460.004.000) 2024-12-13 14:22:02 Image size of job updated: 3344996
	2220  -  MemoryUsage of job (MB)
	2273000  -  ResidentSetSize of job (KB)
...
006 (14460.004.000) 2024-12-13 14:27:02 Image size of job updated: 3347388
	2220  -  MemoryUsage of job (MB)
	2273000  -  ResidentSetSize of job (KB)
...
006 (14460.004.000) 2024-12-15 00:30:36 Image size of job updated: 3360772
	2220  -  MemoryUsage of job (MB)
	2273000  -  ResidentSetSize of job (KB)
...
006 (14460.004.000) 2024-12-15 02:15:48 Image size of job updated: 3360772
	2263  -  MemoryUsage of job (MB)
	2316904  -  ResidentSetSize of job (KB)
...
006 (14460.004.000) 2024-12-15 02:35:50 Image size of job updated: 3426324
	2263  -  MemoryUsage of job (MB)
	2316904  -  ResidentSetSize of job (KB)
...
006 (14460.004.000) 2024-12-15 03:25:55 Image size of job updated: 3431444
	2263  -  MemoryUsage of job (MB)
	2316904  -  ResidentSetSize of job (KB)
...
006 (14460.004.000) 2024-12-15 03:35:56 Image size of job updated: 3431444
	2294  -  MemoryUsage of job (MB)
	2348048  -  ResidentSetSize of job (KB)
...
006 (14460.004.000) 2024-12-15 03:40:57 Image size of job updated: 3431444
	2294  -  MemoryUsage of job (MB)
	2348180  -  ResidentSetSize of job (KB)
...
006 (14460.004.000) 2024-12-15 05:31:08 Image size of job updated: 3431444
	2325  -  MemoryUsage of job (MB)
	2380224  -  ResidentSetSize of job (KB)
...
006 (14460.004.000) 2024-12-15 06:16:12 Image size of job updated: 3441432
	2325  -  MemoryUsage of job (MB)
	2380224  -  ResidentSetSize of job (KB)
...
006 (14460.004.000) 2024-12-15 07:16:19 Image size of job updated: 3441432
	2331  -  MemoryUsage of job (MB)
	2386308  -  ResidentSetSize of job (KB)
...
006 (14460.004.000) 2024-12-15 07:21:19 Image size of job updated: 3441432
	2363  -  MemoryUsage of job (MB)
	2419392  -  ResidentSetSize of job (KB)
...
006 (14460.004.000) 2024-12-15 08:26:26 Image size of job updated: 3506984
	2363  -  MemoryUsage of job (MB)
	2419392  -  ResidentSetSize of job (KB)
...
006 (14460.004.000) 2024-12-15 09:06:30 Image size of job updated: 3510440
	2363  -  MemoryUsage of job (MB)
	2419392  -  ResidentSetSize of job (KB)
...
006 (14460.004.000) 2024-12-15 11:01:42 Image size of job updated: 3513896
	2363  -  MemoryUsage of job (MB)
	2419392  -  ResidentSetSize of job (KB)
...
006 (14460.004.000) 2024-12-15 12:11:50 Image size of job updated: 3513896
	2375  -  MemoryUsage of job (MB)
	2431548  -  ResidentSetSize of job (KB)
...
006 (14460.004.000) 2024-12-15 12:36:53 Image size of job updated: 3524264
	2375  -  MemoryUsage of job (MB)
	2431548  -  ResidentSetSize of job (KB)
...
006 (14460.004.000) 2024-12-15 13:21:58 Image size of job updated: 3524264
	2383  -  MemoryUsage of job (MB)
	2440136  -  ResidentSetSize of job (KB)
...
006 (14460.004.000) 2024-12-15 13:26:58 Image size of job updated: 3524264
	2384  -  MemoryUsage of job (MB)
	2440268  -  ResidentSetSize of job (KB)
...
006 (14460.004.000) 2024-12-15 14:07:02 Image size of job updated: 3527848
	2384  -  MemoryUsage of job (MB)
	2440268  -  ResidentSetSize of job (KB)
...
006 (14460.004.000) 2024-12-15 15:02:09 Image size of job updated: 3527848
	2414  -  MemoryUsage of job (MB)
	2471492  -  ResidentSetSize of job (KB)
...
006 (14460.004.000) 2024-12-15 15:17:11 Image size of job updated: 3531304
	2414  -  MemoryUsage of job (MB)
	2471492  -  ResidentSetSize of job (KB)
...
006 (14460.004.000) 2024-12-15 16:12:16 Image size of job updated: 3531304
	2431  -  MemoryUsage of job (MB)
	2488992  -  ResidentSetSize of job (KB)
...
006 (14460.004.000) 2024-12-15 17:52:27 Image size of job updated: 3531304
	2462  -  MemoryUsage of job (MB)
	2520144  -  ResidentSetSize of job (KB)
...
006 (14460.004.000) 2024-12-15 17:57:28 Image size of job updated: 3531304
	2462  -  MemoryUsage of job (MB)
	2520276  -  ResidentSetSize of job (KB)
...
006 (14460.004.000) 2024-12-15 18:17:30 Image size of job updated: 3538984
	2462  -  MemoryUsage of job (MB)
	2520276  -  ResidentSetSize of job (KB)
...
006 (14460.004.000) 2024-12-17 22:52:50 Image size of job updated: 3540700
	2462  -  MemoryUsage of job (MB)
	2520276  -  ResidentSetSize of job (KB)
...
006 (14460.004.000) 2024-12-17 23:37:54 Image size of job updated: 3541824
	2462  -  MemoryUsage of job (MB)
	2520276  -  ResidentSetSize of job (KB)
...
006 (14460.004.000) 2024-12-17 23:42:54 Image size of job updated: 3552608
	2462  -  MemoryUsage of job (MB)
	2520276  -  ResidentSetSize of job (KB)
...
006 (14460.004.000) 2024-12-17 23:47:54 Image size of job updated: 3553340
	2462  -  MemoryUsage of job (MB)
	2520276  -  ResidentSetSize of job (KB)
...
006 (14460.004.000) 2024-12-17 23:52:55 Image size of job updated: 3561640
	2462  -  MemoryUsage of job (MB)
	2520276  -  ResidentSetSize of job (KB)
...
006 (14460.004.000) 2024-12-18 00:22:57 Image size of job updated: 3567420
	2462  -  MemoryUsage of job (MB)
	2520276  -  ResidentSetSize of job (KB)
...
006 (14460.004.000) 2024-12-18 02:18:09 Image size of job updated: 3570348
	2462  -  MemoryUsage of job (MB)
	2520276  -  ResidentSetSize of job (KB)
...
006 (14460.004.000) 2024-12-18 04:53:24 Image size of job updated: 3577004
	2462  -  MemoryUsage of job (MB)
	2520276  -  ResidentSetSize of job (KB)
...
006 (14460.004.000) 2024-12-18 06:08:32 Image size of job updated: 3577004
	2466  -  MemoryUsage of job (MB)
	2524232  -  ResidentSetSize of job (KB)
...
006 (14460.004.000) 2024-12-18 06:13:32 Image size of job updated: 3577004
	2466  -  MemoryUsage of job (MB)
	2524364  -  ResidentSetSize of job (KB)
...
006 (14460.004.000) 2024-12-18 06:53:37 Image size of job updated: 3577552
	2466  -  MemoryUsage of job (MB)
	2524364  -  ResidentSetSize of job (KB)
...
006 (14460.004.000) 2024-12-18 07:08:38 Image size of job updated: 3589596
	2466  -  MemoryUsage of job (MB)
	2524364  -  ResidentSetSize of job (KB)
...
006 (14460.004.000) 2024-12-18 07:28:40 Image size of job updated: 3599244
	2466  -  MemoryUsage of job (MB)
	2524364  -  ResidentSetSize of job (KB)
...
006 (14460.004.000) 2024-12-18 07:43:41 Image size of job updated: 3604948
	2466  -  MemoryUsage of job (MB)
	2524364  -  ResidentSetSize of job (KB)
...
006 (14460.004.000) 2024-12-18 08:13:45 Image size of job updated: 3614988
	2466  -  MemoryUsage of job (MB)
	2524364  -  ResidentSetSize of job (KB)
...
006 (14460.004.000) 2024-12-18 09:28:52 Image size of job updated: 3614988
	2510  -  MemoryUsage of job (MB)
	2569380  -  ResidentSetSize of job (KB)
...
006 (14460.004.000) 2024-12-18 11:24:03 Image size of job updated: 3614988
	2521  -  MemoryUsage of job (MB)
	2581152  -  ResidentSetSize of job (KB)
...
006 (14460.004.000) 2024-12-18 11:49:05 Image size of job updated: 3626464
	2521  -  MemoryUsage of job (MB)
	2581152  -  ResidentSetSize of job (KB)
...
006 (14460.004.000) 2024-12-18 13:39:15 Image size of job updated: 3626464
	2524  -  MemoryUsage of job (MB)
	2583876  -  ResidentSetSize of job (KB)
...
006 (14460.004.000) 2024-12-18 15:09:25 Image size of job updated: 3692016
	2524  -  MemoryUsage of job (MB)
	2583876  -  ResidentSetSize of job (KB)
...
006 (14460.004.000) 2024-12-18 16:04:32 Image size of job updated: 3692016
	2570  -  MemoryUsage of job (MB)
	2631496  -  ResidentSetSize of job (KB)
...
006 (14460.004.000) 2024-12-18 16:09:32 Image size of job updated: 3692016
	2570  -  MemoryUsage of job (MB)
	2631628  -  ResidentSetSize of job (KB)
...
006 (14460.004.000) 2024-12-18 16:14:32 Image size of job updated: 3695472
	2570  -  MemoryUsage of job (MB)
	2631628  -  ResidentSetSize of job (KB)
...
006 (14460.004.000) 2024-12-18 18:29:49 Image size of job updated: 3695472
	2589  -  MemoryUsage of job (MB)
	2650952  -  ResidentSetSize of job (KB)
...
006 (14460.004.000) 2024-12-18 19:59:59 Image size of job updated: 3761024
	2589  -  MemoryUsage of job (MB)
	2650952  -  ResidentSetSize of job (KB)
...
006 (14460.004.000) 2024-12-18 20:20:01 Image size of job updated: 3764608
	2589  -  MemoryUsage of job (MB)
	2650952  -  ResidentSetSize of job (KB)
...
006 (14460.004.000) 2024-12-18 21:00:05 Image size of job updated: 3767292
	2589  -  MemoryUsage of job (MB)
	2650952  -  ResidentSetSize of job (KB)
...
006 (14460.004.000) 2024-12-18 21:50:11 Image size of job updated: 3767936
	2589  -  MemoryUsage of job (MB)
	2650952  -  ResidentSetSize of job (KB)
...
006 (14460.004.000) 2024-12-18 23:55:24 Image size of job updated: 3767936
	2596  -  MemoryUsage of job (MB)
	2657952  -  ResidentSetSize of job (KB)
...
006 (14460.004.000) 2024-12-19 00:10:25 Image size of job updated: 3778304
	2596  -  MemoryUsage of job (MB)
	2657952  -  ResidentSetSize of job (KB)
...
006 (14460.004.000) 2024-12-19 01:25:33 Image size of job updated: 3783832
	2596  -  MemoryUsage of job (MB)
	2657952  -  ResidentSetSize of job (KB)
...
006 (14460.004.000) 2024-12-22 14:19:10 Image size of job updated: 3783832
	2612  -  MemoryUsage of job (MB)
	2674620  -  ResidentSetSize of job (KB)
...
006 (14460.004.000) 2024-12-22 14:39:11 Image size of job updated: 3783832
	2643  -  MemoryUsage of job (MB)
	2706416  -  ResidentSetSize of job (KB)
...
006 (14460.004.000) 2024-12-22 20:34:49 Image size of job updated: 3783832
	2684  -  MemoryUsage of job (MB)
	2748184  -  ResidentSetSize of job (KB)
...
006 (14460.004.000) 2024-12-22 21:54:57 Image size of job updated: 3784504
	2684  -  MemoryUsage of job (MB)
	2748184  -  ResidentSetSize of job (KB)
...
006 (14460.004.000) 2024-12-23 00:15:11 Image size of job updated: 3794492
	2684  -  MemoryUsage of job (MB)
	2748184  -  ResidentSetSize of job (KB)
...
006 (14460.004.000) 2024-12-23 00:45:15 Image size of job updated: 3794492
	2710  -  MemoryUsage of job (MB)
	2774292  -  ResidentSetSize of job (KB)
...
006 (14460.004.000) 2024-12-23 01:50:21 Image size of job updated: 3805244
	2710  -  MemoryUsage of job (MB)
	2774292  -  ResidentSetSize of job (KB)
...
006 (14460.004.000) 2024-12-23 02:55:28 Image size of job updated: 3810364
	2710  -  MemoryUsage of job (MB)
	2774292  -  ResidentSetSize of job (KB)
...
006 (14460.004.000) 2024-12-23 03:00:29 Image size of job updated: 3875916
	2710  -  MemoryUsage of job (MB)
	2774292  -  ResidentSetSize of job (KB)
...
006 (14460.004.000) 2024-12-23 03:15:30 Image size of job updated: 3875916
	2744  -  MemoryUsage of job (MB)
	2809820  -  ResidentSetSize of job (KB)
...
006 (14460.004.000) 2024-12-23 03:40:32 Image size of job updated: 3886668
	2744  -  MemoryUsage of job (MB)
	2809820  -  ResidentSetSize of job (KB)
...
006 (14460.004.000) 2024-12-23 03:45:33 Image size of job updated: 3886668
	2766  -  MemoryUsage of job (MB)
	2831996  -  ResidentSetSize of job (KB)
...
006 (14460.004.000) 2024-12-23 03:50:34 Image size of job updated: 3886668
	2766  -  MemoryUsage of job (MB)
	2832128  -  ResidentSetSize of job (KB)
...
006 (14460.004.000) 2024-12-23 04:35:38 Image size of job updated: 3893324
	2766  -  MemoryUsage of job (MB)
	2832128  -  ResidentSetSize of job (KB)
...
006 (14460.004.000) 2024-12-23 04:40:39 Image size of job updated: 3902824
	2766  -  MemoryUsage of job (MB)
	2832128  -  ResidentSetSize of job (KB)
...
006 (14460.004.000) 2024-12-24 16:44:27 Image size of job updated: 3968376
	2766  -  MemoryUsage of job (MB)
	2832128  -  ResidentSetSize of job (KB)
...
006 (14460.004.000) 2024-12-24 16:49:28 Image size of job updated: 3968376
	2833  -  MemoryUsage of job (MB)
	2900460  -  ResidentSetSize of job (KB)
...
006 (14460.004.000) 2024-12-24 19:19:44 Image size of job updated: 3968376
	2873  -  MemoryUsage of job (MB)
	2940932  -  ResidentSetSize of job (KB)
...
006 (14460.004.000) 2024-12-25 04:00:38 Image size of job updated: 3968376
	2876  -  MemoryUsage of job (MB)
	2944980  -  ResidentSetSize of job (KB)
...
006 (14460.004.000) 2024-12-25 04:45:43 Image size of job updated: 4033928
	2876  -  MemoryUsage of job (MB)
	2944980  -  ResidentSetSize of job (KB)
...
006 (14460.004.000) 2024-12-25 05:00:45 Image size of job updated: 4033928
	2902  -  MemoryUsage of job (MB)
	2970960  -  ResidentSetSize of job (KB)
...
006 (14460.004.000) 2024-12-25 05:45:49 Image size of job updated: 4033928
	2915  -  MemoryUsage of job (MB)
	2984056  -  ResidentSetSize of job (KB)
...
006 (14460.004.000) 2024-12-25 10:31:17 Image size of job updated: 4038356
	2915  -  MemoryUsage of job (MB)
	2984056  -  ResidentSetSize of job (KB)
...
006 (14460.004.000) 2024-12-25 10:36:18 Image size of job updated: 4103908
	2915  -  MemoryUsage of job (MB)
	2984056  -  ResidentSetSize of job (KB)
...
006 (14460.004.000) 2024-12-25 11:41:25 Image size of job updated: 4169460
	2915  -  MemoryUsage of job (MB)
	2984056  -  ResidentSetSize of job (KB)
...
006 (14460.004.000) 2024-12-25 12:46:31 Image size of job updated: 4169460
	2921  -  MemoryUsage of job (MB)
	2990272  -  ResidentSetSize of job (KB)
...
006 (14460.004.000) 2024-12-25 12:51:32 Image size of job updated: 4169460
	2921  -  MemoryUsage of job (MB)
	2990404  -  ResidentSetSize of job (KB)
...
006 (14460.004.000) 2024-12-25 15:31:49 Image size of job updated: 4172660
	2921  -  MemoryUsage of job (MB)
	2990404  -  ResidentSetSize of job (KB)
...
006 (14460.004.000) 2024-12-25 16:26:55 Image size of job updated: 4177780
	2921  -  MemoryUsage of job (MB)
	2990404  -  ResidentSetSize of job (KB)
...
006 (14460.004.000) 2024-12-25 16:46:56 Image size of job updated: 4177780
	2996  -  MemoryUsage of job (MB)
	3067756  -  ResidentSetSize of job (KB)
...
006 (14460.004.000) 2024-12-25 17:57:04 Image size of job updated: 4188152
	2996  -  MemoryUsage of job (MB)
	3067756  -  ResidentSetSize of job (KB)
...
006 (14460.004.000) 2024-12-25 19:07:11 Image size of job updated: 4188152
	3009  -  MemoryUsage of job (MB)
	3080848  -  ResidentSetSize of job (KB)
...
006 (14460.004.000) 2024-12-25 19:47:15 Image size of job updated: 4188824
	3009  -  MemoryUsage of job (MB)
	3080848  -  ResidentSetSize of job (KB)
...
006 (14460.004.000) 2024-12-25 20:02:17 Image size of job updated: 4193272
	3009  -  MemoryUsage of job (MB)
	3080848  -  ResidentSetSize of job (KB)
...
006 (14460.004.000) 2024-12-25 20:32:20 Image size of job updated: 4200572
	3009  -  MemoryUsage of job (MB)
	3080848  -  ResidentSetSize of job (KB)
...
006 (14460.004.000) 2024-12-25 20:42:21 Image size of job updated: 4201524
	3009  -  MemoryUsage of job (MB)
	3080848  -  ResidentSetSize of job (KB)
...
006 (14460.004.000) 2024-12-25 20:52:22 Image size of job updated: 4218084
	3009  -  MemoryUsage of job (MB)
	3080848  -  ResidentSetSize of job (KB)
...
006 (14460.004.000) 2024-12-28 10:43:38 Image size of job updated: 4224684
	3009  -  MemoryUsage of job (MB)
	3080848  -  ResidentSetSize of job (KB)
...
006 (14460.004.000) 2024-12-28 11:03:40 Image size of job updated: 4231576
	3009  -  MemoryUsage of job (MB)
	3080848  -  ResidentSetSize of job (KB)
...
006 (14460.004.000) 2024-12-28 11:23:43 Image size of job updated: 4237780
	3009  -  MemoryUsage of job (MB)
	3080848  -  ResidentSetSize of job (KB)
...
006 (14460.004.000) 2024-12-28 11:53:46 Image size of job updated: 4242900
	3009  -  MemoryUsage of job (MB)
	3080848  -  ResidentSetSize of job (KB)
...
006 (14460.004.000) 2024-12-28 12:28:49 Image size of job updated: 4248020
	3038  -  MemoryUsage of job (MB)
	3110864  -  ResidentSetSize of job (KB)
...
006 (14460.004.000) 2024-12-28 12:53:52 Image size of job updated: 4253140
	3038  -  MemoryUsage of job (MB)
	3110864  -  ResidentSetSize of job (KB)
...
006 (14460.004.000) 2024-12-28 12:58:52 Image size of job updated: 4253140
	3095  -  MemoryUsage of job (MB)
	3169220  -  ResidentSetSize of job (KB)
...
006 (14460.004.000) 2024-12-28 13:03:52 Image size of job updated: 4253140
	3096  -  MemoryUsage of job (MB)
	3169352  -  ResidentSetSize of job (KB)
...
006 (14460.004.000) 2024-12-28 13:23:55 Image size of job updated: 4258260
	3096  -  MemoryUsage of job (MB)
	3169352  -  ResidentSetSize of job (KB)
...
006 (14460.004.000) 2024-12-28 13:53:57 Image size of job updated: 4263380
	3096  -  MemoryUsage of job (MB)
	3169352  -  ResidentSetSize of job (KB)
...
006 (14460.004.000) 2024-12-28 14:19:00 Image size of job updated: 4268500
	3096  -  MemoryUsage of job (MB)
	3169352  -  ResidentSetSize of job (KB)
...
006 (14460.004.000) 2024-12-28 14:49:02 Image size of job updated: 4273620
	3096  -  MemoryUsage of job (MB)
	3169352  -  ResidentSetSize of job (KB)
...
006 (14460.004.000) 2024-12-28 15:19:05 Image size of job updated: 4278740
	3096  -  MemoryUsage of job (MB)
	3169352  -  ResidentSetSize of job (KB)
...
006 (14460.004.000) 2024-12-28 15:44:09 Image size of job updated: 4283864
	3096  -  MemoryUsage of job (MB)
	3169352  -  ResidentSetSize of job (KB)
...
022 (14460.004.000) 2025-01-07 15:33:20 Job disconnected, attempting to reconnect
    Local schedd and job shadow died, schedd now running again
    Trying to reconnect to slot1@ecoclust15.bioclust.biologie.ens.fr <10.18.24.110:9618?addrs=10.18.24.110-9618&alias=ecoclust15.bioclust.biologie.ens.fr&noUDP&sock=startd_1108_9306>
...
023 (14460.004.000) 2025-01-07 15:33:24 Job reconnected to slot1@ecoclust15.bioclust.biologie.ens.fr
    startd address: <10.18.24.110:9618?addrs=10.18.24.110-9618&alias=ecoclust15.bioclust.biologie.ens.fr&noUDP&sock=startd_1108_9306>
    starter address: <10.18.24.110:9618?addrs=10.18.24.110-9618&alias=ecoclust15.bioclust.biologie.ens.fr&noUDP&sock=slot1_1_2357249_eaca_5408>
...
006 (14460.004.000) 2025-01-28 11:29:57 Image size of job updated: 7920464
	4714  -  MemoryUsage of job (MB)
	4826732  -  ResidentSetSize of job (KB)
...
006 (14460.004.000) 2025-01-28 11:34:03 Image size of job updated: 9560500
	4714  -  MemoryUsage of job (MB)
	4826732  -  ResidentSetSize of job (KB)
...
005 (14460.004.000) 2025-01-28 11:34:03 Job terminated.
	(1) Normal termination (return value 1)
		Usr 54 05:51:38, Sys 0 11:13:23  -  Run Remote Usage
		Usr 0 00:00:00, Sys 0 00:00:00  -  Run Local Usage
		Usr 87 20:53:20, Sys 0 17:56:10  -  Total Remote Usage
		Usr 0 00:00:00, Sys 0 00:00:00  -  Total Local Usage
	0  -  Run Bytes Sent By Job
	0  -  Run Bytes Received By Job
	0  -  Total Bytes Sent By Job
	0  -  Total Bytes Received By Job
	Partitionable Resources :    Usage  Request Allocated 
	   Cpus                 :     0.99        1         1 
	   Disk (KB)            :    15          15      2281 
	   Memory (MB)          :  4714       10240     10240 

	Job terminated of its own accord at 2025-01-28T10:34:03Z with exit-code 1.
...
