000 (14466.003.000) 2024-12-05 15:26:22 Job submitted from host: <10.18.24.233:9618?addrs=10.18.24.233-9618&alias=bioclusts03.bioclust.biologie.ens.fr&noUDP&sock=schedd_910141_9a29>
...
001 (14466.003.000) 2024-12-05 15:26:23 Job executing on host: <10.18.24.108:9618?addrs=10.18.24.108-9618&alias=ecoclust13.bioclust.biologie.ens.fr&noUDP&sock=startd_1066_c40c>
...
006 (14466.003.000) 2024-12-05 15:26:34 Image size of job updated: 4620
	1  -  MemoryUsage of job (MB)
	264  -  ResidentSetSize of job (KB)
...
006 (14466.003.000) 2024-12-05 15:31:34 Image size of job updated: 349364
	85  -  MemoryUsage of job (MB)
	86460  -  ResidentSetSize of job (KB)
...
006 (14466.003.000) 2024-12-05 15:36:34 Image size of job updated: 1784192
	754  -  MemoryUsage of job (MB)
	771632  -  ResidentSetSize of job (KB)
...
006 (14466.003.000) 2024-12-05 15:41:34 Image size of job updated: 1796372
	765  -  MemoryUsage of job (MB)
	782448  -  ResidentSetSize of job (KB)
...
006 (14466.003.000) 2024-12-05 15:46:35 Image size of job updated: 1802420
	771  -  MemoryUsage of job (MB)
	788916  -  ResidentSetSize of job (KB)
...
006 (14466.003.000) 2024-12-05 15:51:35 Image size of job updated: 1810232
	779  -  MemoryUsage of job (MB)
	796968  -  ResidentSetSize of job (KB)
...
006 (14466.003.000) 2024-12-05 15:56:35 Image size of job updated: 1814408
	784  -  MemoryUsage of job (MB)
	802380  -  ResidentSetSize of job (KB)
...
006 (14466.003.000) 2024-12-05 16:01:36 Image size of job updated: 1818632
	793  -  MemoryUsage of job (MB)
	811304  -  ResidentSetSize of job (KB)
...
006 (14466.003.000) 2024-12-05 16:06:37 Image size of job updated: 1831544
	813  -  MemoryUsage of job (MB)
	831632  -  ResidentSetSize of job (KB)
...
006 (14466.003.000) 2024-12-05 16:11:37 Image size of job updated: 1834788
	822  -  MemoryUsage of job (MB)
	841136  -  ResidentSetSize of job (KB)
...
006 (14466.003.000) 2024-12-05 16:16:37 Image size of job updated: 1837160
	828  -  MemoryUsage of job (MB)
	847076  -  ResidentSetSize of job (KB)
...
006 (14466.003.000) 2024-12-05 16:21:38 Image size of job updated: 1840968
	835  -  MemoryUsage of job (MB)
	854204  -  ResidentSetSize of job (KB)
...
006 (14466.003.000) 2024-12-05 16:26:38 Image size of job updated: 1844732
	845  -  MemoryUsage of job (MB)
	864320  -  ResidentSetSize of job (KB)
...
006 (14466.003.000) 2024-12-05 16:31:38 Image size of job updated: 1850632
	856  -  MemoryUsage of job (MB)
	876268  -  ResidentSetSize of job (KB)
...
006 (14466.003.000) 2024-12-05 16:36:39 Image size of job updated: 1856372
	867  -  MemoryUsage of job (MB)
	887656  -  ResidentSetSize of job (KB)
...
006 (14466.003.000) 2024-12-05 16:41:40 Image size of job updated: 1856372
	872  -  MemoryUsage of job (MB)
	892372  -  ResidentSetSize of job (KB)
...
006 (14466.003.000) 2024-12-05 16:46:40 Image size of job updated: 1856372
	878  -  MemoryUsage of job (MB)
	898624  -  ResidentSetSize of job (KB)
...
006 (14466.003.000) 2024-12-05 16:51:40 Image size of job updated: 1861532
	883  -  MemoryUsage of job (MB)
	903596  -  ResidentSetSize of job (KB)
...
006 (14466.003.000) 2024-12-05 16:56:41 Image size of job updated: 1863500
	892  -  MemoryUsage of job (MB)
	912964  -  ResidentSetSize of job (KB)
...
006 (14466.003.000) 2024-12-05 17:01:41 Image size of job updated: 1863500
	896  -  MemoryUsage of job (MB)
	916640  -  ResidentSetSize of job (KB)
...
006 (14466.003.000) 2024-12-05 17:06:42 Image size of job updated: 1863500
	900  -  MemoryUsage of job (MB)
	921412  -  ResidentSetSize of job (KB)
...
006 (14466.003.000) 2024-12-05 17:11:42 Image size of job updated: 1864204
	906  -  MemoryUsage of job (MB)
	927372  -  ResidentSetSize of job (KB)
...
006 (14466.003.000) 2024-12-05 17:16:42 Image size of job updated: 1931604
	906  -  MemoryUsage of job (MB)
	927372  -  ResidentSetSize of job (KB)
...
006 (14466.003.000) 2024-12-05 17:21:43 Image size of job updated: 1932852
	907  -  MemoryUsage of job (MB)
	927768  -  ResidentSetSize of job (KB)
...
006 (14466.003.000) 2024-12-05 17:26:44 Image size of job updated: 1938324
	924  -  MemoryUsage of job (MB)
	945780  -  ResidentSetSize of job (KB)
...
006 (14466.003.000) 2024-12-05 17:31:44 Image size of job updated: 1938324
	927  -  MemoryUsage of job (MB)
	948420  -  ResidentSetSize of job (KB)
...
006 (14466.003.000) 2024-12-05 17:36:45 Image size of job updated: 1944848
	936  -  MemoryUsage of job (MB)
	957980  -  ResidentSetSize of job (KB)
...
006 (14466.003.000) 2024-12-05 19:31:56 Image size of job updated: 1946632
	936  -  MemoryUsage of job (MB)
	957980  -  ResidentSetSize of job (KB)
...
006 (14466.003.000) 2024-12-05 19:36:57 Image size of job updated: 1959924
	936  -  MemoryUsage of job (MB)
	957980  -  ResidentSetSize of job (KB)
...
006 (14466.003.000) 2024-12-05 19:41:58 Image size of job updated: 1972088
	938  -  MemoryUsage of job (MB)
	960236  -  ResidentSetSize of job (KB)
...
006 (14466.003.000) 2024-12-05 19:46:58 Image size of job updated: 1978832
	960  -  MemoryUsage of job (MB)
	982544  -  ResidentSetSize of job (KB)
...
006 (14466.003.000) 2024-12-05 19:51:58 Image size of job updated: 2011812
	999  -  MemoryUsage of job (MB)
	1022716  -  ResidentSetSize of job (KB)
...
006 (14466.003.000) 2024-12-05 19:57:00 Image size of job updated: 2011812
	1007  -  MemoryUsage of job (MB)
	1030768  -  ResidentSetSize of job (KB)
...
006 (14466.003.000) 2024-12-05 20:02:00 Image size of job updated: 2013288
	1014  -  MemoryUsage of job (MB)
	1038292  -  ResidentSetSize of job (KB)
...
006 (14466.003.000) 2024-12-05 20:07:00 Image size of job updated: 2013288
	1022  -  MemoryUsage of job (MB)
	1045948  -  ResidentSetSize of job (KB)
...
006 (14466.003.000) 2024-12-05 20:12:01 Image size of job updated: 2013288
	1029  -  MemoryUsage of job (MB)
	1053472  -  ResidentSetSize of job (KB)
...
006 (14466.003.000) 2024-12-05 20:17:02 Image size of job updated: 2013288
	1034  -  MemoryUsage of job (MB)
	1058752  -  ResidentSetSize of job (KB)
...
006 (14466.003.000) 2024-12-05 20:22:02 Image size of job updated: 2013288
	1043  -  MemoryUsage of job (MB)
	1067596  -  ResidentSetSize of job (KB)
...
006 (14466.003.000) 2024-12-05 20:27:03 Image size of job updated: 2019388
	1043  -  MemoryUsage of job (MB)
	1067596  -  ResidentSetSize of job (KB)
...
006 (14466.003.000) 2024-12-05 21:47:11 Image size of job updated: 2021976
	1043  -  MemoryUsage of job (MB)
	1067596  -  ResidentSetSize of job (KB)
...
006 (14466.003.000) 2024-12-05 21:52:12 Image size of job updated: 2041200
	1069  -  MemoryUsage of job (MB)
	1094256  -  ResidentSetSize of job (KB)
...
006 (14466.003.000) 2024-12-05 21:57:13 Image size of job updated: 2041200
	1076  -  MemoryUsage of job (MB)
	1101120  -  ResidentSetSize of job (KB)
...
006 (14466.003.000) 2024-12-05 22:02:13 Image size of job updated: 2106752
	1082  -  MemoryUsage of job (MB)
	1107192  -  ResidentSetSize of job (KB)
...
006 (14466.003.000) 2024-12-05 22:07:13 Image size of job updated: 2116472
	1097  -  MemoryUsage of job (MB)
	1122504  -  ResidentSetSize of job (KB)
...
006 (14466.003.000) 2024-12-05 22:12:14 Image size of job updated: 2126664
	1114  -  MemoryUsage of job (MB)
	1140060  -  ResidentSetSize of job (KB)
...
006 (14466.003.000) 2024-12-05 22:17:14 Image size of job updated: 2140220
	1126  -  MemoryUsage of job (MB)
	1152996  -  ResidentSetSize of job (KB)
...
006 (14466.003.000) 2024-12-05 22:22:14 Image size of job updated: 2149172
	1143  -  MemoryUsage of job (MB)
	1169760  -  ResidentSetSize of job (KB)
...
006 (14466.003.000) 2024-12-05 22:27:15 Image size of job updated: 2156488
	1158  -  MemoryUsage of job (MB)
	1185072  -  ResidentSetSize of job (KB)
...
006 (14466.003.000) 2024-12-05 22:32:16 Image size of job updated: 2175620
	1184  -  MemoryUsage of job (MB)
	1211604  -  ResidentSetSize of job (KB)
...
006 (14466.003.000) 2024-12-05 22:37:16 Image size of job updated: 2175620
	1191  -  MemoryUsage of job (MB)
	1219260  -  ResidentSetSize of job (KB)
...
006 (14466.003.000) 2024-12-06 02:22:39 Image size of job updated: 2192932
	1191  -  MemoryUsage of job (MB)
	1219260  -  ResidentSetSize of job (KB)
...
006 (14466.003.000) 2024-12-06 02:27:39 Image size of job updated: 2205268
	1191  -  MemoryUsage of job (MB)
	1219260  -  ResidentSetSize of job (KB)
...
006 (14466.003.000) 2024-12-06 02:37:40 Image size of job updated: 2217804
	1206  -  MemoryUsage of job (MB)
	1234808  -  ResidentSetSize of job (KB)
...
006 (14466.003.000) 2024-12-06 02:42:41 Image size of job updated: 2217804
	1211  -  MemoryUsage of job (MB)
	1239164  -  ResidentSetSize of job (KB)
...
006 (14466.003.000) 2024-12-06 02:47:41 Image size of job updated: 2217804
	1212  -  MemoryUsage of job (MB)
	1240616  -  ResidentSetSize of job (KB)
...
006 (14466.003.000) 2024-12-06 02:52:41 Image size of job updated: 2217804
	1213  -  MemoryUsage of job (MB)
	1242068  -  ResidentSetSize of job (KB)
...
006 (14466.003.000) 2024-12-06 02:57:42 Image size of job updated: 2217804
	1218  -  MemoryUsage of job (MB)
	1246292  -  ResidentSetSize of job (KB)
...
006 (14466.003.000) 2024-12-06 03:02:42 Image size of job updated: 2217804
	1221  -  MemoryUsage of job (MB)
	1250252  -  ResidentSetSize of job (KB)
...
006 (14466.003.000) 2024-12-06 03:07:42 Image size of job updated: 2217804
	1224  -  MemoryUsage of job (MB)
	1253024  -  ResidentSetSize of job (KB)
...
006 (14466.003.000) 2024-12-06 03:12:44 Image size of job updated: 2217804
	1232  -  MemoryUsage of job (MB)
	1261472  -  ResidentSetSize of job (KB)
...
006 (14466.003.000) 2024-12-06 03:17:44 Image size of job updated: 2217804
	1235  -  MemoryUsage of job (MB)
	1264244  -  ResidentSetSize of job (KB)
...
006 (14466.003.000) 2024-12-06 03:22:44 Image size of job updated: 2246176
	1265  -  MemoryUsage of job (MB)
	1294868  -  ResidentSetSize of job (KB)
...
006 (14466.003.000) 2024-12-06 03:27:45 Image size of job updated: 2255588
	1275  -  MemoryUsage of job (MB)
	1305032  -  ResidentSetSize of job (KB)
...
006 (14466.003.000) 2024-12-06 03:32:46 Image size of job updated: 2255588
	1282  -  MemoryUsage of job (MB)
	1311896  -  ResidentSetSize of job (KB)
...
006 (14466.003.000) 2024-12-06 03:37:46 Image size of job updated: 2261824
	1294  -  MemoryUsage of job (MB)
	1324436  -  ResidentSetSize of job (KB)
...
006 (14466.003.000) 2024-12-06 03:42:46 Image size of job updated: 2327376
	1299  -  MemoryUsage of job (MB)
	1329188  -  ResidentSetSize of job (KB)
...
006 (14466.003.000) 2024-12-06 03:47:47 Image size of job updated: 2327376
	1301  -  MemoryUsage of job (MB)
	1331640  -  ResidentSetSize of job (KB)
...
006 (14466.003.000) 2024-12-06 03:52:48 Image size of job updated: 2327376
	1303  -  MemoryUsage of job (MB)
	1333512  -  ResidentSetSize of job (KB)
...
006 (14466.003.000) 2024-12-06 03:57:48 Image size of job updated: 2333756
	1305  -  MemoryUsage of job (MB)
	1335384  -  ResidentSetSize of job (KB)
...
006 (14466.003.000) 2024-12-06 04:02:48 Image size of job updated: 2333756
	1309  -  MemoryUsage of job (MB)
	1339660  -  ResidentSetSize of job (KB)
...
006 (14466.003.000) 2024-12-06 04:07:49 Image size of job updated: 2333756
	1311  -  MemoryUsage of job (MB)
	1341508  -  ResidentSetSize of job (KB)
...
006 (14466.003.000) 2024-12-06 04:12:49 Image size of job updated: 2340792
	1325  -  MemoryUsage of job (MB)
	1356688  -  ResidentSetSize of job (KB)
...
006 (14466.003.000) 2024-12-06 04:22:50 Image size of job updated: 2360412
	1348  -  MemoryUsage of job (MB)
	1379580  -  ResidentSetSize of job (KB)
...
006 (14466.003.000) 2024-12-06 04:27:51 Image size of job updated: 2360412
	1355  -  MemoryUsage of job (MB)
	1386884  -  ResidentSetSize of job (KB)
...
006 (14466.003.000) 2024-12-06 04:32:51 Image size of job updated: 2360412
	1357  -  MemoryUsage of job (MB)
	1389544  -  ResidentSetSize of job (KB)
...
006 (14466.003.000) 2024-12-06 04:37:52 Image size of job updated: 2360412
	1360  -  MemoryUsage of job (MB)
	1392428  -  ResidentSetSize of job (KB)
...
006 (14466.003.000) 2024-12-06 04:42:53 Image size of job updated: 2360412
	1362  -  MemoryUsage of job (MB)
	1394348  -  ResidentSetSize of job (KB)
...
006 (14466.003.000) 2024-12-06 08:58:19 Image size of job updated: 2370716
	1362  -  MemoryUsage of job (MB)
	1394348  -  ResidentSetSize of job (KB)
...
006 (14466.003.000) 2024-12-06 09:03:19 Image size of job updated: 2372924
	1362  -  MemoryUsage of job (MB)
	1394348  -  ResidentSetSize of job (KB)
...
006 (14466.003.000) 2024-12-06 09:08:19 Image size of job updated: 2383396
	1362  -  MemoryUsage of job (MB)
	1394348  -  ResidentSetSize of job (KB)
...
006 (14466.003.000) 2024-12-06 09:13:20 Image size of job updated: 2390936
	1369  -  MemoryUsage of job (MB)
	1401384  -  ResidentSetSize of job (KB)
...
006 (14466.003.000) 2024-12-06 09:18:20 Image size of job updated: 2390936
	1372  -  MemoryUsage of job (MB)
	1403980  -  ResidentSetSize of job (KB)
...
006 (14466.003.000) 2024-12-06 09:23:20 Image size of job updated: 2390936
	1374  -  MemoryUsage of job (MB)
	1406088  -  ResidentSetSize of job (KB)
...
006 (14466.003.000) 2024-12-06 09:28:21 Image size of job updated: 2390936
	1379  -  MemoryUsage of job (MB)
	1411400  -  ResidentSetSize of job (KB)
...
006 (14466.003.000) 2024-12-06 09:33:22 Image size of job updated: 2390936
	1382  -  MemoryUsage of job (MB)
	1414932  -  ResidentSetSize of job (KB)
...
006 (14466.003.000) 2024-12-06 09:38:22 Image size of job updated: 2390936
	1390  -  MemoryUsage of job (MB)
	1422692  -  ResidentSetSize of job (KB)
...
006 (14466.003.000) 2024-12-06 09:43:23 Image size of job updated: 2390936
	1395  -  MemoryUsage of job (MB)
	1428472  -  ResidentSetSize of job (KB)
...
006 (14466.003.000) 2024-12-06 09:58:24 Image size of job updated: 2411336
	1398  -  MemoryUsage of job (MB)
	1431084  -  ResidentSetSize of job (KB)
...
006 (14466.003.000) 2024-12-06 10:03:25 Image size of job updated: 2411336
	1404  -  MemoryUsage of job (MB)
	1436708  -  ResidentSetSize of job (KB)
...
006 (14466.003.000) 2024-12-06 10:08:26 Image size of job updated: 2423728
	1446  -  MemoryUsage of job (MB)
	1480100  -  ResidentSetSize of job (KB)
...
006 (14466.003.000) 2024-12-06 10:13:26 Image size of job updated: 2489280
	1447  -  MemoryUsage of job (MB)
	1481004  -  ResidentSetSize of job (KB)
...
006 (14466.003.000) 2024-12-06 10:18:27 Image size of job updated: 2489280
	1450  -  MemoryUsage of job (MB)
	1484416  -  ResidentSetSize of job (KB)
...
006 (14466.003.000) 2024-12-06 10:23:28 Image size of job updated: 2489280
	1451  -  MemoryUsage of job (MB)
	1484804  -  ResidentSetSize of job (KB)
...
006 (14466.003.000) 2024-12-06 10:28:28 Image size of job updated: 2489280
	1452  -  MemoryUsage of job (MB)
	1486020  -  ResidentSetSize of job (KB)
...
006 (14466.003.000) 2024-12-06 10:33:28 Image size of job updated: 2489280
	1454  -  MemoryUsage of job (MB)
	1488528  -  ResidentSetSize of job (KB)
...
006 (14466.003.000) 2024-12-06 10:38:29 Image size of job updated: 2489280
	1457  -  MemoryUsage of job (MB)
	1491876  -  ResidentSetSize of job (KB)
...
006 (14466.003.000) 2024-12-06 10:43:30 Image size of job updated: 2489280
	1464  -  MemoryUsage of job (MB)
	1498868  -  ResidentSetSize of job (KB)
...
006 (14466.003.000) 2024-12-06 10:48:30 Image size of job updated: 2489280
	1467  -  MemoryUsage of job (MB)
	1501584  -  ResidentSetSize of job (KB)
...
006 (14466.003.000) 2024-12-06 10:53:31 Image size of job updated: 2489280
	1475  -  MemoryUsage of job (MB)
	1510020  -  ResidentSetSize of job (KB)
...
006 (14466.003.000) 2024-12-06 10:58:32 Image size of job updated: 2503924
	1475  -  MemoryUsage of job (MB)
	1510020  -  ResidentSetSize of job (KB)
...
006 (14466.003.000) 2024-12-06 11:03:32 Image size of job updated: 2503924
	1484  -  MemoryUsage of job (MB)
	1519476  -  ResidentSetSize of job (KB)
...
006 (14466.003.000) 2024-12-06 11:08:32 Image size of job updated: 2503924
	1500  -  MemoryUsage of job (MB)
	1535652  -  ResidentSetSize of job (KB)
...
006 (14466.003.000) 2024-12-06 19:39:24 Image size of job updated: 2505200
	1500  -  MemoryUsage of job (MB)
	1535652  -  ResidentSetSize of job (KB)
...
006 (14466.003.000) 2024-12-06 19:44:24 Image size of job updated: 2511396
	1500  -  MemoryUsage of job (MB)
	1535652  -  ResidentSetSize of job (KB)
...
006 (14466.003.000) 2024-12-06 20:04:25 Image size of job updated: 2522052
	1500  -  MemoryUsage of job (MB)
	1535652  -  ResidentSetSize of job (KB)
...
006 (14466.003.000) 2024-12-06 20:09:26 Image size of job updated: 2540884
	1500  -  MemoryUsage of job (MB)
	1535652  -  ResidentSetSize of job (KB)
...
006 (14466.003.000) 2024-12-06 20:14:27 Image size of job updated: 2543552
	1500  -  MemoryUsage of job (MB)
	1535652  -  ResidentSetSize of job (KB)
...
006 (14466.003.000) 2024-12-06 20:19:27 Image size of job updated: 2563048
	1513  -  MemoryUsage of job (MB)
	1548968  -  ResidentSetSize of job (KB)
...
006 (14466.003.000) 2024-12-06 20:24:28 Image size of job updated: 2563048
	1524  -  MemoryUsage of job (MB)
	1560320  -  ResidentSetSize of job (KB)
...
006 (14466.003.000) 2024-12-06 20:34:29 Image size of job updated: 2574368
	1538  -  MemoryUsage of job (MB)
	1574692  -  ResidentSetSize of job (KB)
...
006 (14466.003.000) 2024-12-06 20:39:29 Image size of job updated: 2574368
	1553  -  MemoryUsage of job (MB)
	1589280  -  ResidentSetSize of job (KB)
...
006 (14466.003.000) 2024-12-06 20:44:31 Image size of job updated: 2581716
	1553  -  MemoryUsage of job (MB)
	1589280  -  ResidentSetSize of job (KB)
...
006 (14466.003.000) 2024-12-06 20:49:31 Image size of job updated: 2581716
	1556  -  MemoryUsage of job (MB)
	1592332  -  ResidentSetSize of job (KB)
...
006 (14466.003.000) 2024-12-06 20:54:31 Image size of job updated: 2581716
	1565  -  MemoryUsage of job (MB)
	1602348  -  ResidentSetSize of job (KB)
...
006 (14466.003.000) 2024-12-06 20:59:32 Image size of job updated: 2605392
	1590  -  MemoryUsage of job (MB)
	1627696  -  ResidentSetSize of job (KB)
...
006 (14466.003.000) 2024-12-06 21:04:33 Image size of job updated: 2633984
	1590  -  MemoryUsage of job (MB)
	1627696  -  ResidentSetSize of job (KB)
...
006 (14466.003.000) 2024-12-06 21:19:35 Image size of job updated: 2633984
	1591  -  MemoryUsage of job (MB)
	1628524  -  ResidentSetSize of job (KB)
...
006 (14466.003.000) 2024-12-06 21:24:35 Image size of job updated: 2633984
	1607  -  MemoryUsage of job (MB)
	1644976  -  ResidentSetSize of job (KB)
...
006 (14466.003.000) 2024-12-06 21:34:36 Image size of job updated: 2633984
	1617  -  MemoryUsage of job (MB)
	1655136  -  ResidentSetSize of job (KB)
...
006 (14466.003.000) 2024-12-06 21:39:37 Image size of job updated: 2633984
	1617  -  MemoryUsage of job (MB)
	1655268  -  ResidentSetSize of job (KB)
...
006 (14466.003.000) 2024-12-06 21:49:38 Image size of job updated: 2636584
	1617  -  MemoryUsage of job (MB)
	1655268  -  ResidentSetSize of job (KB)
...
006 (14466.003.000) 2024-12-06 21:54:39 Image size of job updated: 2654736
	1617  -  MemoryUsage of job (MB)
	1655268  -  ResidentSetSize of job (KB)
...
006 (14466.003.000) 2024-12-06 21:59:39 Image size of job updated: 2654736
	1624  -  MemoryUsage of job (MB)
	1662180  -  ResidentSetSize of job (KB)
...
006 (14466.003.000) 2024-12-06 22:34:43 Image size of job updated: 2699892
	1641  -  MemoryUsage of job (MB)
	1679828  -  ResidentSetSize of job (KB)
...
006 (14466.003.000) 2024-12-06 22:39:43 Image size of job updated: 2703228
	1662  -  MemoryUsage of job (MB)
	1701032  -  ResidentSetSize of job (KB)
...
006 (14466.003.000) 2024-12-06 22:44:44 Image size of job updated: 2703228
	1669  -  MemoryUsage of job (MB)
	1708980  -  ResidentSetSize of job (KB)
...
006 (14466.003.000) 2024-12-06 22:49:44 Image size of job updated: 2703228
	1673  -  MemoryUsage of job (MB)
	1712740  -  ResidentSetSize of job (KB)
...
006 (14466.003.000) 2024-12-06 23:04:45 Image size of job updated: 2703228
	1707  -  MemoryUsage of job (MB)
	1747188  -  ResidentSetSize of job (KB)
...
006 (14466.003.000) 2024-12-06 23:09:45 Image size of job updated: 2757476
	1707  -  MemoryUsage of job (MB)
	1747188  -  ResidentSetSize of job (KB)
...
006 (14466.003.000) 2024-12-06 23:19:47 Image size of job updated: 2757476
	1719  -  MemoryUsage of job (MB)
	1760236  -  ResidentSetSize of job (KB)
...
006 (14466.003.000) 2024-12-06 23:39:48 Image size of job updated: 2766360
	1719  -  MemoryUsage of job (MB)
	1760236  -  ResidentSetSize of job (KB)
...
006 (14466.003.000) 2024-12-06 23:44:48 Image size of job updated: 2793956
	1719  -  MemoryUsage of job (MB)
	1760236  -  ResidentSetSize of job (KB)
...
006 (14466.003.000) 2024-12-06 23:54:50 Image size of job updated: 2807920
	1730  -  MemoryUsage of job (MB)
	1770968  -  ResidentSetSize of job (KB)
...
006 (14466.003.000) 2024-12-07 00:24:54 Image size of job updated: 2807920
	1740  -  MemoryUsage of job (MB)
	1781016  -  ResidentSetSize of job (KB)
...
006 (14466.003.000) 2024-12-07 16:51:32 Image size of job updated: 2809608
	1740  -  MemoryUsage of job (MB)
	1781016  -  ResidentSetSize of job (KB)
...
006 (14466.003.000) 2024-12-07 16:56:33 Image size of job updated: 2817756
	1740  -  MemoryUsage of job (MB)
	1781016  -  ResidentSetSize of job (KB)
...
006 (14466.003.000) 2024-12-07 17:31:36 Image size of job updated: 2842280
	1740  -  MemoryUsage of job (MB)
	1781016  -  ResidentSetSize of job (KB)
...
006 (14466.003.000) 2024-12-07 17:36:36 Image size of job updated: 2857384
	1740  -  MemoryUsage of job (MB)
	1781016  -  ResidentSetSize of job (KB)
...
006 (14466.003.000) 2024-12-07 17:46:38 Image size of job updated: 2859956
	1740  -  MemoryUsage of job (MB)
	1781016  -  ResidentSetSize of job (KB)
...
006 (14466.003.000) 2024-12-07 17:56:38 Image size of job updated: 2879444
	1740  -  MemoryUsage of job (MB)
	1781016  -  ResidentSetSize of job (KB)
...
006 (14466.003.000) 2024-12-07 19:06:46 Image size of job updated: 2879444
	1741  -  MemoryUsage of job (MB)
	1782476  -  ResidentSetSize of job (KB)
...
006 (14466.003.000) 2024-12-07 19:51:50 Image size of job updated: 2879444
	1749  -  MemoryUsage of job (MB)
	1790260  -  ResidentSetSize of job (KB)
...
006 (14466.003.000) 2024-12-07 20:36:55 Image size of job updated: 2891140
	1749  -  MemoryUsage of job (MB)
	1790260  -  ResidentSetSize of job (KB)
...
006 (14466.003.000) 2024-12-07 20:41:56 Image size of job updated: 2891140
	1763  -  MemoryUsage of job (MB)
	1805092  -  ResidentSetSize of job (KB)
...
006 (14466.003.000) 2024-12-07 20:56:58 Image size of job updated: 2905216
	1764  -  MemoryUsage of job (MB)
	1806088  -  ResidentSetSize of job (KB)
...
006 (14466.003.000) 2024-12-07 21:01:59 Image size of job updated: 2905216
	1789  -  MemoryUsage of job (MB)
	1831212  -  ResidentSetSize of job (KB)
...
006 (14466.003.000) 2024-12-07 21:17:00 Image size of job updated: 2929184
	1789  -  MemoryUsage of job (MB)
	1831212  -  ResidentSetSize of job (KB)
...
006 (14466.003.000) 2024-12-07 21:47:03 Image size of job updated: 2929184
	1794  -  MemoryUsage of job (MB)
	1836260  -  ResidentSetSize of job (KB)
...
006 (14466.003.000) 2024-12-07 22:32:06 Image size of job updated: 2929184
	1794  -  MemoryUsage of job (MB)
	1836352  -  ResidentSetSize of job (KB)
...
006 (14466.003.000) 2024-12-07 22:37:07 Image size of job updated: 2929184
	1795  -  MemoryUsage of job (MB)
	1837152  -  ResidentSetSize of job (KB)
...
006 (14466.003.000) 2024-12-07 22:47:08 Image size of job updated: 2929184
	1795  -  MemoryUsage of job (MB)
	1838080  -  ResidentSetSize of job (KB)
...
006 (14466.003.000) 2024-12-07 22:52:09 Image size of job updated: 2929184
	1806  -  MemoryUsage of job (MB)
	1848796  -  ResidentSetSize of job (KB)
...
006 (14466.003.000) 2024-12-07 23:02:10 Image size of job updated: 2929184
	1836  -  MemoryUsage of job (MB)
	1879412  -  ResidentSetSize of job (KB)
...
006 (14466.003.000) 2024-12-07 23:17:11 Image size of job updated: 2929184
	1853  -  MemoryUsage of job (MB)
	1896472  -  ResidentSetSize of job (KB)
...
006 (14466.003.000) 2024-12-07 23:27:12 Image size of job updated: 2929184
	1857  -  MemoryUsage of job (MB)
	1901376  -  ResidentSetSize of job (KB)
...
006 (14466.003.000) 2024-12-08 01:12:22 Image size of job updated: 2929184
	1866  -  MemoryUsage of job (MB)
	1910476  -  ResidentSetSize of job (KB)
...
006 (14466.003.000) 2024-12-08 01:52:25 Image size of job updated: 2929184
	1868  -  MemoryUsage of job (MB)
	1911812  -  ResidentSetSize of job (KB)
...
006 (14466.003.000) 2024-12-08 02:57:32 Image size of job updated: 2929184
	1903  -  MemoryUsage of job (MB)
	1948280  -  ResidentSetSize of job (KB)
...
006 (14466.003.000) 2024-12-08 03:07:33 Image size of job updated: 2951076
	1903  -  MemoryUsage of job (MB)
	1948280  -  ResidentSetSize of job (KB)
...
006 (14466.003.000) 2024-12-08 03:12:34 Image size of job updated: 2964644
	1903  -  MemoryUsage of job (MB)
	1948280  -  ResidentSetSize of job (KB)
...
006 (14466.003.000) 2024-12-08 03:32:37 Image size of job updated: 2992044
	1932  -  MemoryUsage of job (MB)
	1977452  -  ResidentSetSize of job (KB)
...
006 (14466.003.000) 2024-12-08 03:37:37 Image size of job updated: 3006952
	1937  -  MemoryUsage of job (MB)
	1982644  -  ResidentSetSize of job (KB)
...
006 (14466.003.000) 2024-12-08 03:42:37 Image size of job updated: 3012236
	1949  -  MemoryUsage of job (MB)
	1994820  -  ResidentSetSize of job (KB)
...
006 (14466.003.000) 2024-12-08 03:52:38 Image size of job updated: 3058132
	1961  -  MemoryUsage of job (MB)
	2007088  -  ResidentSetSize of job (KB)
...
006 (14466.003.000) 2024-12-08 04:07:40 Image size of job updated: 3058132
	1972  -  MemoryUsage of job (MB)
	2018608  -  ResidentSetSize of job (KB)
...
006 (14466.003.000) 2024-12-08 04:17:41 Image size of job updated: 3058132
	1996  -  MemoryUsage of job (MB)
	2043196  -  ResidentSetSize of job (KB)
...
006 (14466.003.000) 2024-12-08 04:57:45 Image size of job updated: 3058132
	2012  -  MemoryUsage of job (MB)
	2059372  -  ResidentSetSize of job (KB)
...
006 (14466.003.000) 2024-12-08 05:02:45 Image size of job updated: 3066828
	2012  -  MemoryUsage of job (MB)
	2059372  -  ResidentSetSize of job (KB)
...
006 (14466.003.000) 2024-12-08 05:07:46 Image size of job updated: 3090624
	2012  -  MemoryUsage of job (MB)
	2059372  -  ResidentSetSize of job (KB)
...
006 (14466.003.000) 2024-12-08 05:12:47 Image size of job updated: 3095508
	2045  -  MemoryUsage of job (MB)
	2093576  -  ResidentSetSize of job (KB)
...
006 (14466.003.000) 2024-12-08 05:37:50 Image size of job updated: 3100604
	2045  -  MemoryUsage of job (MB)
	2093576  -  ResidentSetSize of job (KB)
...
006 (14466.003.000) 2024-12-08 05:42:51 Image size of job updated: 3106648
	2045  -  MemoryUsage of job (MB)
	2093576  -  ResidentSetSize of job (KB)
...
006 (14466.003.000) 2024-12-08 05:52:51 Image size of job updated: 3118532
	2045  -  MemoryUsage of job (MB)
	2093576  -  ResidentSetSize of job (KB)
...
006 (14466.003.000) 2024-12-08 06:07:52 Image size of job updated: 3118532
	2069  -  MemoryUsage of job (MB)
	2117908  -  ResidentSetSize of job (KB)
...
006 (14466.003.000) 2024-12-08 06:47:57 Image size of job updated: 3118532
	2075  -  MemoryUsage of job (MB)
	2124008  -  ResidentSetSize of job (KB)
...
006 (14466.003.000) 2024-12-08 07:23:01 Image size of job updated: 3125292
	2075  -  MemoryUsage of job (MB)
	2124008  -  ResidentSetSize of job (KB)
...
006 (14466.003.000) 2024-12-08 07:38:03 Image size of job updated: 3148300
	2075  -  MemoryUsage of job (MB)
	2124008  -  ResidentSetSize of job (KB)
...
006 (14466.003.000) 2024-12-08 07:48:03 Image size of job updated: 3148300
	2104  -  MemoryUsage of job (MB)
	2154072  -  ResidentSetSize of job (KB)
...
006 (14466.003.000) 2024-12-08 07:53:04 Image size of job updated: 3148300
	2108  -  MemoryUsage of job (MB)
	2158056  -  ResidentSetSize of job (KB)
...
006 (14466.003.000) 2024-12-08 08:18:06 Image size of job updated: 3148300
	2111  -  MemoryUsage of job (MB)
	2160844  -  ResidentSetSize of job (KB)
...
006 (14466.003.000) 2024-12-08 08:58:10 Image size of job updated: 3170604
	2111  -  MemoryUsage of job (MB)
	2160844  -  ResidentSetSize of job (KB)
...
006 (14466.003.000) 2024-12-08 09:13:12 Image size of job updated: 3170604
	2127  -  MemoryUsage of job (MB)
	2177040  -  ResidentSetSize of job (KB)
...
006 (14466.003.000) 2024-12-08 09:28:13 Image size of job updated: 3170604
	2131  -  MemoryUsage of job (MB)
	2181728  -  ResidentSetSize of job (KB)
...
006 (14466.003.000) 2024-12-08 09:38:14 Image size of job updated: 3175260
	2147  -  MemoryUsage of job (MB)
	2198388  -  ResidentSetSize of job (KB)
...
006 (14466.003.000) 2024-12-08 09:43:14 Image size of job updated: 3175260
	2147  -  MemoryUsage of job (MB)
	2198520  -  ResidentSetSize of job (KB)
...
006 (14466.003.000) 2024-12-08 09:48:15 Image size of job updated: 3224920
	2147  -  MemoryUsage of job (MB)
	2198520  -  ResidentSetSize of job (KB)
...
006 (14466.003.000) 2024-12-08 10:08:17 Image size of job updated: 3252268
	2147  -  MemoryUsage of job (MB)
	2198520  -  ResidentSetSize of job (KB)
...
006 (14466.003.000) 2024-12-08 10:33:19 Image size of job updated: 3252268
	2196  -  MemoryUsage of job (MB)
	2247780  -  ResidentSetSize of job (KB)
...
006 (14466.003.000) 2024-12-08 10:53:21 Image size of job updated: 3252268
	2200  -  MemoryUsage of job (MB)
	2252076  -  ResidentSetSize of job (KB)
...
006 (14466.003.000) 2024-12-08 11:03:22 Image size of job updated: 3317588
	2200  -  MemoryUsage of job (MB)
	2252076  -  ResidentSetSize of job (KB)
...
006 (14466.003.000) 2024-12-08 11:13:24 Image size of job updated: 3317588
	2204  -  MemoryUsage of job (MB)
	2256348  -  ResidentSetSize of job (KB)
...
006 (14466.003.000) 2024-12-08 11:18:24 Image size of job updated: 3319000
	2204  -  MemoryUsage of job (MB)
	2256348  -  ResidentSetSize of job (KB)
...
006 (14466.003.000) 2024-12-08 11:38:26 Image size of job updated: 3319000
	2229  -  MemoryUsage of job (MB)
	2281688  -  ResidentSetSize of job (KB)
...
006 (14466.003.000) 2024-12-09 06:10:20 Image size of job updated: 3336428
	2229  -  MemoryUsage of job (MB)
	2281688  -  ResidentSetSize of job (KB)
...
006 (14466.003.000) 2024-12-09 06:15:21 Image size of job updated: 3352464
	2229  -  MemoryUsage of job (MB)
	2281688  -  ResidentSetSize of job (KB)
...
006 (14466.003.000) 2024-12-09 06:40:24 Image size of job updated: 3369356
	2229  -  MemoryUsage of job (MB)
	2281688  -  ResidentSetSize of job (KB)
...
006 (14466.003.000) 2024-12-09 07:40:31 Image size of job updated: 3371708
	2229  -  MemoryUsage of job (MB)
	2281688  -  ResidentSetSize of job (KB)
...
006 (14466.003.000) 2024-12-09 07:45:31 Image size of job updated: 3386840
	2229  -  MemoryUsage of job (MB)
	2281688  -  ResidentSetSize of job (KB)
...
006 (14466.003.000) 2024-12-09 07:50:32 Image size of job updated: 3413036
	2229  -  MemoryUsage of job (MB)
	2281688  -  ResidentSetSize of job (KB)
...
006 (14466.003.000) 2024-12-09 08:50:38 Image size of job updated: 3419684
	2229  -  MemoryUsage of job (MB)
	2281688  -  ResidentSetSize of job (KB)
...
006 (14466.003.000) 2024-12-09 12:05:57 Image size of job updated: 3419684
	2254  -  MemoryUsage of job (MB)
	2307648  -  ResidentSetSize of job (KB)
...
006 (14466.003.000) 2024-12-09 12:31:01 Image size of job updated: 3429328
	2254  -  MemoryUsage of job (MB)
	2307648  -  ResidentSetSize of job (KB)
...
006 (14466.003.000) 2024-12-09 12:41:01 Image size of job updated: 3444036
	2254  -  MemoryUsage of job (MB)
	2307648  -  ResidentSetSize of job (KB)
...
006 (14466.003.000) 2024-12-09 12:46:02 Image size of job updated: 3454236
	2266  -  MemoryUsage of job (MB)
	2319768  -  ResidentSetSize of job (KB)
...
006 (14466.003.000) 2024-12-09 12:56:02 Image size of job updated: 3458260
	2266  -  MemoryUsage of job (MB)
	2319768  -  ResidentSetSize of job (KB)
...
006 (14466.003.000) 2024-12-09 13:06:04 Image size of job updated: 3471084
	2283  -  MemoryUsage of job (MB)
	2337232  -  ResidentSetSize of job (KB)
...
006 (14466.003.000) 2024-12-09 13:56:09 Image size of job updated: 3471084
	2302  -  MemoryUsage of job (MB)
	2356464  -  ResidentSetSize of job (KB)
...
006 (14466.003.000) 2024-12-09 14:11:11 Image size of job updated: 3471084
	2312  -  MemoryUsage of job (MB)
	2366496  -  ResidentSetSize of job (KB)
...
006 (14466.003.000) 2024-12-09 14:46:14 Image size of job updated: 3471084
	2317  -  MemoryUsage of job (MB)
	2372508  -  ResidentSetSize of job (KB)
...
006 (14466.003.000) 2024-12-09 14:56:15 Image size of job updated: 3471084
	2333  -  MemoryUsage of job (MB)
	2388964  -  ResidentSetSize of job (KB)
...
006 (14466.003.000) 2024-12-09 15:26:19 Image size of job updated: 3471084
	2354  -  MemoryUsage of job (MB)
	2409772  -  ResidentSetSize of job (KB)
...
006 (14466.003.000) 2024-12-09 16:06:22 Image size of job updated: 3471084
	2383  -  MemoryUsage of job (MB)
	2439172  -  ResidentSetSize of job (KB)
...
006 (14466.003.000) 2024-12-09 16:41:26 Image size of job updated: 3493640
	2383  -  MemoryUsage of job (MB)
	2439172  -  ResidentSetSize of job (KB)
...
006 (14466.003.000) 2024-12-09 16:51:27 Image size of job updated: 3493640
	2383  -  MemoryUsage of job (MB)
	2439508  -  ResidentSetSize of job (KB)
...
006 (14466.003.000) 2024-12-09 18:01:35 Image size of job updated: 3493640
	2421  -  MemoryUsage of job (MB)
	2478488  -  ResidentSetSize of job (KB)
...
006 (14466.003.000) 2024-12-09 19:06:42 Image size of job updated: 3493640
	2472  -  MemoryUsage of job (MB)
	2531256  -  ResidentSetSize of job (KB)
...
006 (14466.003.000) 2024-12-09 19:11:42 Image size of job updated: 3493640
	2477  -  MemoryUsage of job (MB)
	2536408  -  ResidentSetSize of job (KB)
...
006 (14466.003.000) 2024-12-09 19:21:43 Image size of job updated: 3555812
	2477  -  MemoryUsage of job (MB)
	2536408  -  ResidentSetSize of job (KB)
...
006 (14466.003.000) 2024-12-09 19:31:43 Image size of job updated: 3571952
	2477  -  MemoryUsage of job (MB)
	2536408  -  ResidentSetSize of job (KB)
...
006 (14466.003.000) 2024-12-09 19:46:45 Image size of job updated: 3580224
	2477  -  MemoryUsage of job (MB)
	2536408  -  ResidentSetSize of job (KB)
...
006 (14466.003.000) 2024-12-09 19:51:46 Image size of job updated: 3609696
	2477  -  MemoryUsage of job (MB)
	2536408  -  ResidentSetSize of job (KB)
...
006 (14466.003.000) 2024-12-09 20:01:47 Image size of job updated: 3617196
	2477  -  MemoryUsage of job (MB)
	2536408  -  ResidentSetSize of job (KB)
...
006 (14466.003.000) 2024-12-09 20:21:49 Image size of job updated: 3617196
	2516  -  MemoryUsage of job (MB)
	2575876  -  ResidentSetSize of job (KB)
...
006 (14466.003.000) 2024-12-09 20:26:50 Image size of job updated: 3617196
	2516  -  MemoryUsage of job (MB)
	2576008  -  ResidentSetSize of job (KB)
...
006 (14466.003.000) 2024-12-09 21:01:54 Image size of job updated: 3620020
	2516  -  MemoryUsage of job (MB)
	2576008  -  ResidentSetSize of job (KB)
...
006 (14466.003.000) 2024-12-09 21:06:54 Image size of job updated: 3671224
	2516  -  MemoryUsage of job (MB)
	2576008  -  ResidentSetSize of job (KB)
...
006 (14466.003.000) 2024-12-09 21:11:54 Image size of job updated: 3671548
	2516  -  MemoryUsage of job (MB)
	2576008  -  ResidentSetSize of job (KB)
...
006 (14466.003.000) 2024-12-09 21:26:55 Image size of job updated: 3671548
	2518  -  MemoryUsage of job (MB)
	2578432  -  ResidentSetSize of job (KB)
...
006 (14466.003.000) 2024-12-09 21:51:58 Image size of job updated: 3671548
	2520  -  MemoryUsage of job (MB)
	2579548  -  ResidentSetSize of job (KB)
...
006 (14466.003.000) 2024-12-09 21:56:58 Image size of job updated: 3671548
	2577  -  MemoryUsage of job (MB)
	2638828  -  ResidentSetSize of job (KB)
...
006 (14466.003.000) 2024-12-09 23:07:05 Image size of job updated: 3677120
	2577  -  MemoryUsage of job (MB)
	2638828  -  ResidentSetSize of job (KB)
...
006 (14466.003.000) 2024-12-09 23:27:08 Image size of job updated: 3684280
	2590  -  MemoryUsage of job (MB)
	2651656  -  ResidentSetSize of job (KB)
...
006 (14466.003.000) 2024-12-09 23:32:08 Image size of job updated: 3702000
	2590  -  MemoryUsage of job (MB)
	2651656  -  ResidentSetSize of job (KB)
...
006 (14466.003.000) 2024-12-09 23:47:10 Image size of job updated: 3727212
	2619  -  MemoryUsage of job (MB)
	2681072  -  ResidentSetSize of job (KB)
...
006 (14466.003.000) 2024-12-09 23:52:10 Image size of job updated: 3727212
	2624  -  MemoryUsage of job (MB)
	2686472  -  ResidentSetSize of job (KB)
...
006 (14466.003.000) 2024-12-10 00:17:13 Image size of job updated: 3731372
	2653  -  MemoryUsage of job (MB)
	2716096  -  ResidentSetSize of job (KB)
...
006 (14466.003.000) 2024-12-10 01:02:16 Image size of job updated: 3774596
	2653  -  MemoryUsage of job (MB)
	2716096  -  ResidentSetSize of job (KB)
...
006 (14466.003.000) 2024-12-10 01:22:19 Image size of job updated: 3774596
	2684  -  MemoryUsage of job (MB)
	2748232  -  ResidentSetSize of job (KB)
...
006 (14466.003.000) 2024-12-10 01:37:20 Image size of job updated: 3780648
	2684  -  MemoryUsage of job (MB)
	2748232  -  ResidentSetSize of job (KB)
...
006 (14466.003.000) 2024-12-10 01:57:22 Image size of job updated: 3792604
	2684  -  MemoryUsage of job (MB)
	2748232  -  ResidentSetSize of job (KB)
...
006 (14466.003.000) 2024-12-10 02:07:23 Image size of job updated: 3792604
	2691  -  MemoryUsage of job (MB)
	2754644  -  ResidentSetSize of job (KB)
...
006 (14466.003.000) 2024-12-10 02:42:27 Image size of job updated: 3792604
	2702  -  MemoryUsage of job (MB)
	2766340  -  ResidentSetSize of job (KB)
...
006 (14466.003.000) 2024-12-10 03:02:29 Image size of job updated: 3792604
	2742  -  MemoryUsage of job (MB)
	2807100  -  ResidentSetSize of job (KB)
...
006 (14466.003.000) 2024-12-10 03:12:31 Image size of job updated: 3849188
	2742  -  MemoryUsage of job (MB)
	2807100  -  ResidentSetSize of job (KB)
...
006 (14466.003.000) 2024-12-10 04:27:37 Image size of job updated: 3849188
	2770  -  MemoryUsage of job (MB)
	2836352  -  ResidentSetSize of job (KB)
...
006 (14466.003.000) 2024-12-10 04:57:40 Image size of job updated: 3890724
	2770  -  MemoryUsage of job (MB)
	2836352  -  ResidentSetSize of job (KB)
...
006 (14466.003.000) 2024-12-10 05:02:41 Image size of job updated: 3906636
	2770  -  MemoryUsage of job (MB)
	2836352  -  ResidentSetSize of job (KB)
...
006 (14466.003.000) 2024-12-10 05:52:46 Image size of job updated: 3943164
	2770  -  MemoryUsage of job (MB)
	2836352  -  ResidentSetSize of job (KB)
...
006 (14466.003.000) 2024-12-10 05:57:46 Image size of job updated: 3955740
	2770  -  MemoryUsage of job (MB)
	2836352  -  ResidentSetSize of job (KB)
...
006 (14466.003.000) 2024-12-10 06:12:48 Image size of job updated: 3955740
	2798  -  MemoryUsage of job (MB)
	2864988  -  ResidentSetSize of job (KB)
...
006 (14466.003.000) 2024-12-10 06:17:48 Image size of job updated: 3955740
	2798  -  MemoryUsage of job (MB)
	2865120  -  ResidentSetSize of job (KB)
...
006 (14466.003.000) 2024-12-10 07:57:59 Image size of job updated: 3955740
	2815  -  MemoryUsage of job (MB)
	2882096  -  ResidentSetSize of job (KB)
...
006 (14466.003.000) 2024-12-10 08:03:00 Image size of job updated: 3955740
	2825  -  MemoryUsage of job (MB)
	2891848  -  ResidentSetSize of job (KB)
...
006 (14466.003.000) 2024-12-10 09:23:10 Image size of job updated: 3955740
	2825  -  MemoryUsage of job (MB)
	2892352  -  ResidentSetSize of job (KB)
...
006 (14466.003.000) 2024-12-10 09:43:12 Image size of job updated: 3960604
	2825  -  MemoryUsage of job (MB)
	2892352  -  ResidentSetSize of job (KB)
...
006 (14466.003.000) 2024-12-10 09:48:12 Image size of job updated: 4001028
	2825  -  MemoryUsage of job (MB)
	2892352  -  ResidentSetSize of job (KB)
...
006 (14466.003.000) 2024-12-10 09:53:13 Image size of job updated: 4004900
	2825  -  MemoryUsage of job (MB)
	2892352  -  ResidentSetSize of job (KB)
...
006 (14466.003.000) 2024-12-10 10:08:14 Image size of job updated: 4004900
	2874  -  MemoryUsage of job (MB)
	2942484  -  ResidentSetSize of job (KB)
...
006 (14466.003.000) 2024-12-11 05:10:18 Image size of job updated: 4005240
	2874  -  MemoryUsage of job (MB)
	2942484  -  ResidentSetSize of job (KB)
...
006 (14466.003.000) 2024-12-11 05:20:19 Image size of job updated: 4009912
	2874  -  MemoryUsage of job (MB)
	2942484  -  ResidentSetSize of job (KB)
...
006 (14466.003.000) 2024-12-11 05:40:21 Image size of job updated: 4013384
	2874  -  MemoryUsage of job (MB)
	2942484  -  ResidentSetSize of job (KB)
...
006 (14466.003.000) 2024-12-11 07:25:31 Image size of job updated: 4024124
	2874  -  MemoryUsage of job (MB)
	2942484  -  ResidentSetSize of job (KB)
...
006 (14466.003.000) 2024-12-11 07:30:32 Image size of job updated: 4024276
	2874  -  MemoryUsage of job (MB)
	2942484  -  ResidentSetSize of job (KB)
...
006 (14466.003.000) 2024-12-11 07:35:33 Image size of job updated: 4032236
	2874  -  MemoryUsage of job (MB)
	2942484  -  ResidentSetSize of job (KB)
...
006 (14466.003.000) 2024-12-11 13:21:07 Image size of job updated: 4042500
	2874  -  MemoryUsage of job (MB)
	2942484  -  ResidentSetSize of job (KB)
...
006 (14466.003.000) 2024-12-11 14:51:15 Image size of job updated: 4059800
	2874  -  MemoryUsage of job (MB)
	2942484  -  ResidentSetSize of job (KB)
...
006 (14466.003.000) 2024-12-11 14:56:16 Image size of job updated: 4074908
	2874  -  MemoryUsage of job (MB)
	2942484  -  ResidentSetSize of job (KB)
...
006 (14466.003.000) 2024-12-11 15:06:17 Image size of job updated: 4100444
	2874  -  MemoryUsage of job (MB)
	2942484  -  ResidentSetSize of job (KB)
...
006 (14466.003.000) 2024-12-11 15:21:18 Image size of job updated: 4150828
	2874  -  MemoryUsage of job (MB)
	2942484  -  ResidentSetSize of job (KB)
...
006 (14466.003.000) 2024-12-11 17:51:33 Image size of job updated: 4169316
	2874  -  MemoryUsage of job (MB)
	2942484  -  ResidentSetSize of job (KB)
...
006 (14466.003.000) 2024-12-11 18:01:35 Image size of job updated: 4169316
	2896  -  MemoryUsage of job (MB)
	2964544  -  ResidentSetSize of job (KB)
...
006 (14466.003.000) 2024-12-11 19:31:44 Image size of job updated: 4211544
	2896  -  MemoryUsage of job (MB)
	2964544  -  ResidentSetSize of job (KB)
...
006 (14466.003.000) 2024-12-11 19:36:45 Image size of job updated: 4211544
	2903  -  MemoryUsage of job (MB)
	2971996  -  ResidentSetSize of job (KB)
...
006 (14466.003.000) 2024-12-11 19:41:46 Image size of job updated: 4211544
	2903  -  MemoryUsage of job (MB)
	2972128  -  ResidentSetSize of job (KB)
...
006 (14466.003.000) 2024-12-11 20:06:49 Image size of job updated: 4211544
	2921  -  MemoryUsage of job (MB)
	2990280  -  ResidentSetSize of job (KB)
...
006 (14466.003.000) 2024-12-11 20:36:53 Image size of job updated: 4211544
	2956  -  MemoryUsage of job (MB)
	3026156  -  ResidentSetSize of job (KB)
...
006 (14466.003.000) 2024-12-11 23:02:08 Image size of job updated: 4211544
	2991  -  MemoryUsage of job (MB)
	3062380  -  ResidentSetSize of job (KB)
...
006 (14466.003.000) 2024-12-11 23:22:11 Image size of job updated: 4211544
	2993  -  MemoryUsage of job (MB)
	3063856  -  ResidentSetSize of job (KB)
...
006 (14466.003.000) 2024-12-12 01:07:21 Image size of job updated: 4211544
	3006  -  MemoryUsage of job (MB)
	3077504  -  ResidentSetSize of job (KB)
...
006 (14466.003.000) 2024-12-12 01:42:25 Image size of job updated: 4211544
	3046  -  MemoryUsage of job (MB)
	3118712  -  ResidentSetSize of job (KB)
...
006 (14466.003.000) 2024-12-12 07:03:00 Image size of job updated: 4237324
	3046  -  MemoryUsage of job (MB)
	3118712  -  ResidentSetSize of job (KB)
...
006 (14466.003.000) 2024-12-12 07:08:00 Image size of job updated: 4313720
	3093  -  MemoryUsage of job (MB)
	3166860  -  ResidentSetSize of job (KB)
...
006 (14466.003.000) 2024-12-12 07:13:01 Image size of job updated: 4341320
	3093  -  MemoryUsage of job (MB)
	3166992  -  ResidentSetSize of job (KB)
...
006 (14466.003.000) 2024-12-12 07:23:02 Image size of job updated: 4341320
	3132  -  MemoryUsage of job (MB)
	3206536  -  ResidentSetSize of job (KB)
...
006 (14466.003.000) 2024-12-12 08:03:06 Image size of job updated: 4349568
	3132  -  MemoryUsage of job (MB)
	3206536  -  ResidentSetSize of job (KB)
...
006 (14466.003.000) 2024-12-12 08:38:09 Image size of job updated: 4349568
	3140  -  MemoryUsage of job (MB)
	3214392  -  ResidentSetSize of job (KB)
...
006 (14466.003.000) 2024-12-12 08:53:11 Image size of job updated: 4349568
	3141  -  MemoryUsage of job (MB)
	3215652  -  ResidentSetSize of job (KB)
...
006 (14466.003.000) 2024-12-12 09:23:13 Image size of job updated: 4349912
	3141  -  MemoryUsage of job (MB)
	3215652  -  ResidentSetSize of job (KB)
...
006 (14466.003.000) 2024-12-12 09:28:14 Image size of job updated: 4367036
	3141  -  MemoryUsage of job (MB)
	3215652  -  ResidentSetSize of job (KB)
...
006 (14466.003.000) 2024-12-12 10:38:22 Image size of job updated: 4367036
	3167  -  MemoryUsage of job (MB)
	3242852  -  ResidentSetSize of job (KB)
...
006 (14466.003.000) 2024-12-12 11:03:23 Image size of job updated: 4367036
	3174  -  MemoryUsage of job (MB)
	3250168  -  ResidentSetSize of job (KB)
...
006 (14466.003.000) 2024-12-12 11:08:24 Image size of job updated: 4367036
	3182  -  MemoryUsage of job (MB)
	3257596  -  ResidentSetSize of job (KB)
...
006 (14466.003.000) 2024-12-12 12:13:30 Image size of job updated: 4367036
	3213  -  MemoryUsage of job (MB)
	3289788  -  ResidentSetSize of job (KB)
...
006 (14466.003.000) 2024-12-12 12:33:32 Image size of job updated: 4367036
	3214  -  MemoryUsage of job (MB)
	3290396  -  ResidentSetSize of job (KB)
...
006 (14466.003.000) 2024-12-12 13:08:35 Image size of job updated: 4367036
	3224  -  MemoryUsage of job (MB)
	3300752  -  ResidentSetSize of job (KB)
...
006 (14466.003.000) 2024-12-12 13:58:40 Image size of job updated: 4367036
	3226  -  MemoryUsage of job (MB)
	3302436  -  ResidentSetSize of job (KB)
...
006 (14466.003.000) 2024-12-12 15:03:47 Image size of job updated: 4367036
	3266  -  MemoryUsage of job (MB)
	3343508  -  ResidentSetSize of job (KB)
...
006 (14466.003.000) 2024-12-12 15:23:48 Image size of job updated: 4411724
	3266  -  MemoryUsage of job (MB)
	3343508  -  ResidentSetSize of job (KB)
...
006 (14466.003.000) 2024-12-12 16:18:54 Image size of job updated: 4431748
	3266  -  MemoryUsage of job (MB)
	3343508  -  ResidentSetSize of job (KB)
...
006 (14466.003.000) 2024-12-12 17:54:04 Image size of job updated: 4451196
	3266  -  MemoryUsage of job (MB)
	3343508  -  ResidentSetSize of job (KB)
...
006 (14466.003.000) 2024-12-12 17:59:04 Image size of job updated: 4524564
	3266  -  MemoryUsage of job (MB)
	3343508  -  ResidentSetSize of job (KB)
...
006 (14466.003.000) 2024-12-12 18:34:08 Image size of job updated: 4524564
	3272  -  MemoryUsage of job (MB)
	3349756  -  ResidentSetSize of job (KB)
...
006 (14466.003.000) 2024-12-12 18:39:08 Image size of job updated: 4524564
	3347  -  MemoryUsage of job (MB)
	3427260  -  ResidentSetSize of job (KB)
...
006 (14466.003.000) 2024-12-12 21:09:23 Image size of job updated: 4538260
	3347  -  MemoryUsage of job (MB)
	3427260  -  ResidentSetSize of job (KB)
...
006 (14466.003.000) 2024-12-12 21:59:28 Image size of job updated: 4553148
	3357  -  MemoryUsage of job (MB)
	3436656  -  ResidentSetSize of job (KB)
...
006 (14466.003.000) 2024-12-12 22:04:29 Image size of job updated: 4573992
	3408  -  MemoryUsage of job (MB)
	3489248  -  ResidentSetSize of job (KB)
...
006 (14466.003.000) 2024-12-12 22:14:29 Image size of job updated: 4573992
	3426  -  MemoryUsage of job (MB)
	3507552  -  ResidentSetSize of job (KB)
...
006 (14466.003.000) 2024-12-12 22:29:30 Image size of job updated: 4573992
	3439  -  MemoryUsage of job (MB)
	3520828  -  ResidentSetSize of job (KB)
...
006 (14466.003.000) 2024-12-13 00:59:47 Image size of job updated: 4597492
	3439  -  MemoryUsage of job (MB)
	3520828  -  ResidentSetSize of job (KB)
...
006 (14466.003.000) 2024-12-13 01:14:48 Image size of job updated: 4608780
	3439  -  MemoryUsage of job (MB)
	3520828  -  ResidentSetSize of job (KB)
...
006 (14466.003.000) 2024-12-13 02:24:54 Image size of job updated: 4648792
	3439  -  MemoryUsage of job (MB)
	3520828  -  ResidentSetSize of job (KB)
...
006 (14466.003.000) 2024-12-13 02:49:57 Image size of job updated: 4648792
	3450  -  MemoryUsage of job (MB)
	3531968  -  ResidentSetSize of job (KB)
...
006 (14466.003.000) 2024-12-13 03:04:59 Image size of job updated: 4648792
	3491  -  MemoryUsage of job (MB)
	3573904  -  ResidentSetSize of job (KB)
...
006 (14466.003.000) 2024-12-13 03:30:02 Image size of job updated: 4648792
	3497  -  MemoryUsage of job (MB)
	3580408  -  ResidentSetSize of job (KB)
...
006 (14466.003.000) 2024-12-13 03:55:05 Image size of job updated: 4675512
	3497  -  MemoryUsage of job (MB)
	3580408  -  ResidentSetSize of job (KB)
...
006 (14466.003.000) 2024-12-13 04:15:07 Image size of job updated: 4725096
	3497  -  MemoryUsage of job (MB)
	3580408  -  ResidentSetSize of job (KB)
...
006 (14466.003.000) 2024-12-13 05:20:14 Image size of job updated: 4737392
	3497  -  MemoryUsage of job (MB)
	3580408  -  ResidentSetSize of job (KB)
...
006 (14466.003.000) 2024-12-13 05:25:14 Image size of job updated: 4756156
	3497  -  MemoryUsage of job (MB)
	3580408  -  ResidentSetSize of job (KB)
...
006 (14466.003.000) 2024-12-13 05:30:15 Image size of job updated: 4756156
	3498  -  MemoryUsage of job (MB)
	3581216  -  ResidentSetSize of job (KB)
...
022 (14466.003.000) 2025-01-07 15:33:20 Job disconnected, attempting to reconnect
    Local schedd and job shadow died, schedd now running again
    Trying to reconnect to slot1@ecoclust13.bioclust.biologie.ens.fr <10.18.24.108:9618?addrs=10.18.24.108-9618&alias=ecoclust13.bioclust.biologie.ens.fr&noUDP&sock=startd_1066_c40c>
...
023 (14466.003.000) 2025-01-07 15:33:24 Job reconnected to slot1@ecoclust13.bioclust.biologie.ens.fr
    startd address: <10.18.24.108:9618?addrs=10.18.24.108-9618&alias=ecoclust13.bioclust.biologie.ens.fr&noUDP&sock=startd_1066_c40c>
    starter address: <10.18.24.108:9618?addrs=10.18.24.108-9618&alias=ecoclust13.bioclust.biologie.ens.fr&noUDP&sock=slot1_2_2457890_9b26_3694>
...
009 (14466.003.000) 2025-05-27 12:13:37 Job was aborted.
	via condor_rm (by user andreole)

	Job terminated by itself at 2025-03-31T09:49:15Z (using method 0: OF_ITS_OWN_ACCORD).
...
