000 (14460.001.000) 2024-12-04 16:34:49 Job submitted from host: <10.18.24.233:9618?addrs=10.18.24.233-9618&alias=bioclusts03.bioclust.biologie.ens.fr&noUDP&sock=schedd_910141_9a29>
...
001 (14460.001.000) 2024-12-04 16:34:49 Job executing on host: <10.18.24.13:9618?addrs=10.18.24.13-9618&alias=bioclust13.bioclust.biologie.ens.fr&noUDP&sock=startd_1738935_599d>
...
006 (14460.001.000) 2024-12-04 16:34:58 Image size of job updated: 512224
	208  -  MemoryUsage of job (MB)
	212032  -  ResidentSetSize of job (KB)
...
006 (14460.001.000) 2024-12-04 16:39:59 Image size of job updated: 1793132
	683  -  MemoryUsage of job (MB)
	698492  -  ResidentSetSize of job (KB)
...
006 (14460.001.000) 2024-12-04 16:44:59 Image size of job updated: 1794340
	699  -  MemoryUsage of job (MB)
	715760  -  ResidentSetSize of job (KB)
...
006 (14460.001.000) 2024-12-04 16:55:01 Image size of job updated: 1794744
	699  -  MemoryUsage of job (MB)
	715760  -  ResidentSetSize of job (KB)
...
006 (14460.001.000) 2024-12-04 17:00:01 Image size of job updated: 1796200
	704  -  MemoryUsage of job (MB)
	720044  -  ResidentSetSize of job (KB)
...
006 (14460.001.000) 2024-12-04 17:05:02 Image size of job updated: 1796656
	706  -  MemoryUsage of job (MB)
	721952  -  ResidentSetSize of job (KB)
...
006 (14460.001.000) 2024-12-04 17:10:03 Image size of job updated: 1796656
	706  -  MemoryUsage of job (MB)
	722672  -  ResidentSetSize of job (KB)
...
006 (14460.001.000) 2024-12-04 17:15:03 Image size of job updated: 1796656
	712  -  MemoryUsage of job (MB)
	728504  -  ResidentSetSize of job (KB)
...
006 (14460.001.000) 2024-12-04 17:20:03 Image size of job updated: 1796656
	716  -  MemoryUsage of job (MB)
	732520  -  ResidentSetSize of job (KB)
...
006 (14460.001.000) 2024-12-04 17:25:04 Image size of job updated: 1796656
	721  -  MemoryUsage of job (MB)
	737468  -  ResidentSetSize of job (KB)
...
006 (14460.001.000) 2024-12-04 17:30:04 Image size of job updated: 1796656
	723  -  MemoryUsage of job (MB)
	740116  -  ResidentSetSize of job (KB)
...
006 (14460.001.000) 2024-12-04 17:35:04 Image size of job updated: 1796656
	724  -  MemoryUsage of job (MB)
	741364  -  ResidentSetSize of job (KB)
...
006 (14460.001.000) 2024-12-04 17:40:05 Image size of job updated: 1796656
	726  -  MemoryUsage of job (MB)
	742520  -  ResidentSetSize of job (KB)
...
006 (14460.001.000) 2024-12-04 17:45:05 Image size of job updated: 1797712
	728  -  MemoryUsage of job (MB)
	745324  -  ResidentSetSize of job (KB)
...
006 (14460.001.000) 2024-12-04 17:50:05 Image size of job updated: 1797844
	730  -  MemoryUsage of job (MB)
	747228  -  ResidentSetSize of job (KB)
...
006 (14460.001.000) 2024-12-04 17:55:06 Image size of job updated: 1799196
	733  -  MemoryUsage of job (MB)
	750220  -  ResidentSetSize of job (KB)
...
006 (14460.001.000) 2024-12-04 18:00:06 Image size of job updated: 1803440
	742  -  MemoryUsage of job (MB)
	759224  -  ResidentSetSize of job (KB)
...
006 (14460.001.000) 2024-12-04 18:05:06 Image size of job updated: 1804060
	742  -  MemoryUsage of job (MB)
	759224  -  ResidentSetSize of job (KB)
...
006 (14460.001.000) 2024-12-04 18:10:07 Image size of job updated: 1804060
	742  -  MemoryUsage of job (MB)
	759668  -  ResidentSetSize of job (KB)
...
006 (14460.001.000) 2024-12-04 18:15:08 Image size of job updated: 1804060
	742  -  MemoryUsage of job (MB)
	759720  -  ResidentSetSize of job (KB)
...
006 (14460.001.000) 2024-12-04 18:20:08 Image size of job updated: 1804060
	751  -  MemoryUsage of job (MB)
	768012  -  ResidentSetSize of job (KB)
...
006 (14460.001.000) 2024-12-04 18:25:09 Image size of job updated: 1804060
	752  -  MemoryUsage of job (MB)
	769844  -  ResidentSetSize of job (KB)
...
006 (14460.001.000) 2024-12-04 18:30:10 Image size of job updated: 1804060
	753  -  MemoryUsage of job (MB)
	770308  -  ResidentSetSize of job (KB)
...
006 (14460.001.000) 2024-12-04 18:35:10 Image size of job updated: 1804368
	756  -  MemoryUsage of job (MB)
	773768  -  ResidentSetSize of job (KB)
...
006 (14460.001.000) 2024-12-04 18:45:11 Image size of job updated: 1804368
	758  -  MemoryUsage of job (MB)
	775428  -  ResidentSetSize of job (KB)
...
006 (14460.001.000) 2024-12-04 18:50:12 Image size of job updated: 1805756
	761  -  MemoryUsage of job (MB)
	779256  -  ResidentSetSize of job (KB)
...
006 (14460.001.000) 2024-12-04 18:55:12 Image size of job updated: 1805756
	762  -  MemoryUsage of job (MB)
	779388  -  ResidentSetSize of job (KB)
...
006 (14460.001.000) 2024-12-04 19:00:13 Image size of job updated: 1806196
	763  -  MemoryUsage of job (MB)
	781304  -  ResidentSetSize of job (KB)
...
006 (14460.001.000) 2024-12-04 19:05:14 Image size of job updated: 1806196
	765  -  MemoryUsage of job (MB)
	783360  -  ResidentSetSize of job (KB)
...
006 (14460.001.000) 2024-12-04 19:10:14 Image size of job updated: 1806292
	772  -  MemoryUsage of job (MB)
	790388  -  ResidentSetSize of job (KB)
...
006 (14460.001.000) 2024-12-04 19:15:14 Image size of job updated: 1806292
	775  -  MemoryUsage of job (MB)
	793156  -  ResidentSetSize of job (KB)
...
006 (14460.001.000) 2024-12-04 19:20:15 Image size of job updated: 1807896
	784  -  MemoryUsage of job (MB)
	801864  -  ResidentSetSize of job (KB)
...
006 (14460.001.000) 2024-12-04 19:25:15 Image size of job updated: 1810632
	792  -  MemoryUsage of job (MB)
	810048  -  ResidentSetSize of job (KB)
...
006 (14460.001.000) 2024-12-04 19:30:15 Image size of job updated: 1812804
	799  -  MemoryUsage of job (MB)
	817652  -  ResidentSetSize of job (KB)
...
006 (14460.001.000) 2024-12-04 19:35:16 Image size of job updated: 1812804
	800  -  MemoryUsage of job (MB)
	818964  -  ResidentSetSize of job (KB)
...
006 (14460.001.000) 2024-12-04 19:40:16 Image size of job updated: 1812804
	803  -  MemoryUsage of job (MB)
	822144  -  ResidentSetSize of job (KB)
...
006 (14460.001.000) 2024-12-04 19:45:16 Image size of job updated: 1812804
	806  -  MemoryUsage of job (MB)
	824672  -  ResidentSetSize of job (KB)
...
006 (14460.001.000) 2024-12-04 19:50:17 Image size of job updated: 1812804
	808  -  MemoryUsage of job (MB)
	826620  -  ResidentSetSize of job (KB)
...
006 (14460.001.000) 2024-12-04 19:55:18 Image size of job updated: 1815184
	818  -  MemoryUsage of job (MB)
	836740  -  ResidentSetSize of job (KB)
...
006 (14460.001.000) 2024-12-04 20:00:18 Image size of job updated: 1815184
	823  -  MemoryUsage of job (MB)
	842260  -  ResidentSetSize of job (KB)
...
006 (14460.001.000) 2024-12-04 20:05:19 Image size of job updated: 1815184
	824  -  MemoryUsage of job (MB)
	843348  -  ResidentSetSize of job (KB)
...
006 (14460.001.000) 2024-12-04 20:10:20 Image size of job updated: 1815184
	830  -  MemoryUsage of job (MB)
	849876  -  ResidentSetSize of job (KB)
...
006 (14460.001.000) 2024-12-04 20:15:20 Image size of job updated: 1880736
	834  -  MemoryUsage of job (MB)
	853920  -  ResidentSetSize of job (KB)
...
006 (14460.001.000) 2024-12-04 20:20:20 Image size of job updated: 1880736
	840  -  MemoryUsage of job (MB)
	860008  -  ResidentSetSize of job (KB)
...
006 (14460.001.000) 2024-12-04 20:25:21 Image size of job updated: 1888656
	843  -  MemoryUsage of job (MB)
	862680  -  ResidentSetSize of job (KB)
...
006 (14460.001.000) 2024-12-04 20:30:22 Image size of job updated: 1888656
	846  -  MemoryUsage of job (MB)
	865348  -  ResidentSetSize of job (KB)
...
006 (14460.001.000) 2024-12-04 20:35:22 Image size of job updated: 1888656
	857  -  MemoryUsage of job (MB)
	876780  -  ResidentSetSize of job (KB)
...
006 (14460.001.000) 2024-12-04 20:40:23 Image size of job updated: 1888656
	857  -  MemoryUsage of job (MB)
	877336  -  ResidentSetSize of job (KB)
...
006 (14460.001.000) 2024-12-04 20:45:24 Image size of job updated: 1890948
	862  -  MemoryUsage of job (MB)
	881688  -  ResidentSetSize of job (KB)
...
006 (14460.001.000) 2024-12-04 20:55:26 Image size of job updated: 1890948
	868  -  MemoryUsage of job (MB)
	888368  -  ResidentSetSize of job (KB)
...
006 (14460.001.000) 2024-12-04 21:00:26 Image size of job updated: 1890948
	873  -  MemoryUsage of job (MB)
	893324  -  ResidentSetSize of job (KB)
...
006 (14460.001.000) 2024-12-04 21:05:26 Image size of job updated: 1890948
	878  -  MemoryUsage of job (MB)
	898304  -  ResidentSetSize of job (KB)
...
006 (14460.001.000) 2024-12-04 21:10:27 Image size of job updated: 1890948
	880  -  MemoryUsage of job (MB)
	900188  -  ResidentSetSize of job (KB)
...
006 (14460.001.000) 2024-12-04 21:15:28 Image size of job updated: 1890948
	881  -  MemoryUsage of job (MB)
	901608  -  ResidentSetSize of job (KB)
...
006 (14460.001.000) 2024-12-04 21:20:28 Image size of job updated: 1894280
	893  -  MemoryUsage of job (MB)
	913580  -  ResidentSetSize of job (KB)
...
006 (14460.001.000) 2024-12-04 21:25:29 Image size of job updated: 1894280
	900  -  MemoryUsage of job (MB)
	921132  -  ResidentSetSize of job (KB)
...
006 (14460.001.000) 2024-12-04 21:35:30 Image size of job updated: 1894280
	911  -  MemoryUsage of job (MB)
	931920  -  ResidentSetSize of job (KB)
...
006 (14460.001.000) 2024-12-04 21:50:32 Image size of job updated: 1895268
	911  -  MemoryUsage of job (MB)
	931920  -  ResidentSetSize of job (KB)
...
006 (14460.001.000) 2024-12-04 21:55:32 Image size of job updated: 1900144
	911  -  MemoryUsage of job (MB)
	931920  -  ResidentSetSize of job (KB)
...
006 (14460.001.000) 2024-12-04 22:05:34 Image size of job updated: 1900144
	927  -  MemoryUsage of job (MB)
	948416  -  ResidentSetSize of job (KB)
...
006 (14460.001.000) 2024-12-04 22:15:35 Image size of job updated: 1900144
	930  -  MemoryUsage of job (MB)
	951648  -  ResidentSetSize of job (KB)
...
006 (14460.001.000) 2024-12-05 02:11:01 Image size of job updated: 1905516
	930  -  MemoryUsage of job (MB)
	951648  -  ResidentSetSize of job (KB)
...
006 (14460.001.000) 2024-12-05 03:51:11 Image size of job updated: 1907868
	930  -  MemoryUsage of job (MB)
	951648  -  ResidentSetSize of job (KB)
...
006 (14460.001.000) 2024-12-05 03:56:11 Image size of job updated: 1911708
	930  -  MemoryUsage of job (MB)
	951648  -  ResidentSetSize of job (KB)
...
006 (14460.001.000) 2024-12-05 04:01:12 Image size of job updated: 1916268
	930  -  MemoryUsage of job (MB)
	951956  -  ResidentSetSize of job (KB)
...
006 (14460.001.000) 2024-12-05 04:06:13 Image size of job updated: 1916268
	944  -  MemoryUsage of job (MB)
	966372  -  ResidentSetSize of job (KB)
...
006 (14460.001.000) 2024-12-05 04:11:13 Image size of job updated: 1981820
	944  -  MemoryUsage of job (MB)
	966372  -  ResidentSetSize of job (KB)
...
006 (14460.001.000) 2024-12-05 04:16:14 Image size of job updated: 1981820
	955  -  MemoryUsage of job (MB)
	977344  -  ResidentSetSize of job (KB)
...
006 (14460.001.000) 2024-12-05 04:26:15 Image size of job updated: 1981820
	957  -  MemoryUsage of job (MB)
	979704  -  ResidentSetSize of job (KB)
...
006 (14460.001.000) 2024-12-05 04:31:15 Image size of job updated: 1981820
	962  -  MemoryUsage of job (MB)
	984328  -  ResidentSetSize of job (KB)
...
006 (14460.001.000) 2024-12-05 04:36:16 Image size of job updated: 1981820
	970  -  MemoryUsage of job (MB)
	992424  -  ResidentSetSize of job (KB)
...
006 (14460.001.000) 2024-12-05 04:41:16 Image size of job updated: 1981820
	975  -  MemoryUsage of job (MB)
	997784  -  ResidentSetSize of job (KB)
...
006 (14460.001.000) 2024-12-05 04:46:16 Image size of job updated: 2052496
	975  -  MemoryUsage of job (MB)
	997784  -  ResidentSetSize of job (KB)
...
006 (14460.001.000) 2024-12-05 10:21:52 Image size of job updated: 2054236
	975  -  MemoryUsage of job (MB)
	997784  -  ResidentSetSize of job (KB)
...
006 (14460.001.000) 2024-12-05 10:26:53 Image size of job updated: 2056224
	975  -  MemoryUsage of job (MB)
	997784  -  ResidentSetSize of job (KB)
...
006 (14460.001.000) 2024-12-05 10:41:55 Image size of job updated: 2056224
	989  -  MemoryUsage of job (MB)
	1012480  -  ResidentSetSize of job (KB)
...
006 (14460.001.000) 2024-12-05 11:06:56 Image size of job updated: 2072696
	989  -  MemoryUsage of job (MB)
	1012480  -  ResidentSetSize of job (KB)
...
006 (14460.001.000) 2024-12-05 15:32:26 Image size of job updated: 2072696
	989  -  MemoryUsage of job (MB)
	1012668  -  ResidentSetSize of job (KB)
...
006 (14460.001.000) 2024-12-05 15:37:27 Image size of job updated: 2072696
	991  -  MemoryUsage of job (MB)
	1014348  -  ResidentSetSize of job (KB)
...
006 (14460.001.000) 2024-12-05 15:42:27 Image size of job updated: 2072696
	992  -  MemoryUsage of job (MB)
	1015564  -  ResidentSetSize of job (KB)
...
006 (14460.001.000) 2024-12-05 15:47:27 Image size of job updated: 2088932
	992  -  MemoryUsage of job (MB)
	1015564  -  ResidentSetSize of job (KB)
...
006 (14460.001.000) 2024-12-05 18:52:48 Image size of job updated: 2089396
	992  -  MemoryUsage of job (MB)
	1015564  -  ResidentSetSize of job (KB)
...
006 (14460.001.000) 2024-12-05 20:22:57 Image size of job updated: 2089396
	1002  -  MemoryUsage of job (MB)
	1025372  -  ResidentSetSize of job (KB)
...
006 (14460.001.000) 2024-12-05 20:27:58 Image size of job updated: 2089396
	1002  -  MemoryUsage of job (MB)
	1025636  -  ResidentSetSize of job (KB)
...
006 (14460.001.000) 2024-12-05 20:32:58 Image size of job updated: 2104756
	1002  -  MemoryUsage of job (MB)
	1025636  -  ResidentSetSize of job (KB)
...
006 (14460.001.000) 2024-12-05 20:43:00 Image size of job updated: 2104756
	1007  -  MemoryUsage of job (MB)
	1030164  -  ResidentSetSize of job (KB)
...
006 (14460.001.000) 2024-12-05 20:48:00 Image size of job updated: 2104756
	1011  -  MemoryUsage of job (MB)
	1034588  -  ResidentSetSize of job (KB)
...
006 (14460.001.000) 2024-12-05 20:53:00 Image size of job updated: 2104756
	1012  -  MemoryUsage of job (MB)
	1036280  -  ResidentSetSize of job (KB)
...
006 (14460.001.000) 2024-12-05 20:58:01 Image size of job updated: 2104756
	1020  -  MemoryUsage of job (MB)
	1043952  -  ResidentSetSize of job (KB)
...
006 (14460.001.000) 2024-12-05 21:03:02 Image size of job updated: 2104756
	1026  -  MemoryUsage of job (MB)
	1050108  -  ResidentSetSize of job (KB)
...
006 (14460.001.000) 2024-12-06 00:13:20 Image size of job updated: 2190792
	1044  -  MemoryUsage of job (MB)
	1068112  -  ResidentSetSize of job (KB)
...
006 (14460.001.000) 2024-12-06 00:18:21 Image size of job updated: 2190792
	1050  -  MemoryUsage of job (MB)
	1074496  -  ResidentSetSize of job (KB)
...
006 (14460.001.000) 2024-12-06 00:23:22 Image size of job updated: 2190792
	1056  -  MemoryUsage of job (MB)
	1080344  -  ResidentSetSize of job (KB)
...
006 (14460.001.000) 2024-12-06 02:48:36 Image size of job updated: 2190792
	1086  -  MemoryUsage of job (MB)
	1111320  -  ResidentSetSize of job (KB)
...
006 (14460.001.000) 2024-12-06 03:18:39 Image size of job updated: 2190792
	1114  -  MemoryUsage of job (MB)
	1139788  -  ResidentSetSize of job (KB)
...
006 (14460.001.000) 2024-12-06 03:38:42 Image size of job updated: 2190792
	1137  -  MemoryUsage of job (MB)
	1164056  -  ResidentSetSize of job (KB)
...
006 (14460.001.000) 2024-12-06 10:19:25 Image size of job updated: 2190792
	1138  -  MemoryUsage of job (MB)
	1165200  -  ResidentSetSize of job (KB)
...
006 (14460.001.000) 2024-12-06 21:20:33 Image size of job updated: 2190792
	1156  -  MemoryUsage of job (MB)
	1182904  -  ResidentSetSize of job (KB)
...
006 (14460.001.000) 2024-12-06 22:10:39 Image size of job updated: 2190792
	1200  -  MemoryUsage of job (MB)
	1227900  -  ResidentSetSize of job (KB)
...
006 (14460.001.000) 2024-12-07 14:42:18 Image size of job updated: 2191568
	1200  -  MemoryUsage of job (MB)
	1227900  -  ResidentSetSize of job (KB)
...
006 (14460.001.000) 2024-12-07 14:52:19 Image size of job updated: 2191568
	1213  -  MemoryUsage of job (MB)
	1241816  -  ResidentSetSize of job (KB)
...
006 (14460.001.000) 2024-12-07 14:57:20 Image size of job updated: 2192452
	1213  -  MemoryUsage of job (MB)
	1241816  -  ResidentSetSize of job (KB)
...
006 (14460.001.000) 2024-12-07 15:27:22 Image size of job updated: 2261540
	1213  -  MemoryUsage of job (MB)
	1241816  -  ResidentSetSize of job (KB)
...
006 (14460.001.000) 2024-12-07 15:32:23 Image size of job updated: 2265280
	1213  -  MemoryUsage of job (MB)
	1241816  -  ResidentSetSize of job (KB)
...
006 (14460.001.000) 2024-12-08 06:38:55 Image size of job updated: 2270908
	1213  -  MemoryUsage of job (MB)
	1241816  -  ResidentSetSize of job (KB)
...
006 (14460.001.000) 2024-12-08 07:18:58 Image size of job updated: 2270908
	1220  -  MemoryUsage of job (MB)
	1248704  -  ResidentSetSize of job (KB)
...
006 (14460.001.000) 2024-12-08 07:23:59 Image size of job updated: 2270908
	1224  -  MemoryUsage of job (MB)
	1253324  -  ResidentSetSize of job (KB)
...
006 (14460.001.000) 2024-12-08 07:29:00 Image size of job updated: 2270908
	1225  -  MemoryUsage of job (MB)
	1253588  -  ResidentSetSize of job (KB)
...
006 (14460.001.000) 2024-12-08 20:40:23 Image size of job updated: 2270908
	1235  -  MemoryUsage of job (MB)
	1263880  -  ResidentSetSize of job (KB)
...
006 (14460.001.000) 2024-12-08 20:55:25 Image size of job updated: 2270908
	1241  -  MemoryUsage of job (MB)
	1270704  -  ResidentSetSize of job (KB)
...
006 (14460.001.000) 2024-12-08 21:00:25 Image size of job updated: 2270908
	1242  -  MemoryUsage of job (MB)
	1270836  -  ResidentSetSize of job (KB)
...
006 (14460.001.000) 2024-12-08 21:45:30 Image size of job updated: 2270908
	1281  -  MemoryUsage of job (MB)
	1311644  -  ResidentSetSize of job (KB)
...
006 (14460.001.000) 2024-12-08 21:50:30 Image size of job updated: 2270908
	1282  -  MemoryUsage of job (MB)
	1311908  -  ResidentSetSize of job (KB)
...
006 (14460.001.000) 2024-12-08 22:00:32 Image size of job updated: 2336460
	1282  -  MemoryUsage of job (MB)
	1311908  -  ResidentSetSize of job (KB)
...
006 (14460.001.000) 2024-12-08 22:10:32 Image size of job updated: 2345164
	1282  -  MemoryUsage of job (MB)
	1311908  -  ResidentSetSize of job (KB)
...
006 (14460.001.000) 2024-12-09 14:52:16 Image size of job updated: 2350132
	1282  -  MemoryUsage of job (MB)
	1311908  -  ResidentSetSize of job (KB)
...
006 (14460.001.000) 2024-12-09 15:47:21 Image size of job updated: 2351608
	1283  -  MemoryUsage of job (MB)
	1313692  -  ResidentSetSize of job (KB)
...
006 (14460.001.000) 2024-12-09 15:52:21 Image size of job updated: 2354568
	1284  -  MemoryUsage of job (MB)
	1314220  -  ResidentSetSize of job (KB)
...
006 (14460.001.000) 2024-12-09 16:02:22 Image size of job updated: 2356884
	1284  -  MemoryUsage of job (MB)
	1314220  -  ResidentSetSize of job (KB)
...
006 (14460.001.000) 2024-12-09 16:07:22 Image size of job updated: 2370076
	1284  -  MemoryUsage of job (MB)
	1314220  -  ResidentSetSize of job (KB)
...
006 (14460.001.000) 2024-12-09 16:12:23 Image size of job updated: 2372260
	1284  -  MemoryUsage of job (MB)
	1314220  -  ResidentSetSize of job (KB)
...
006 (14460.001.000) 2024-12-09 20:22:49 Image size of job updated: 2382044
	1284  -  MemoryUsage of job (MB)
	1314220  -  ResidentSetSize of job (KB)
...
006 (14460.001.000) 2024-12-09 22:02:59 Image size of job updated: 2392284
	1284  -  MemoryUsage of job (MB)
	1314220  -  ResidentSetSize of job (KB)
...
006 (14460.001.000) 2024-12-09 22:38:03 Image size of job updated: 2392284
	1286  -  MemoryUsage of job (MB)
	1316792  -  ResidentSetSize of job (KB)
...
006 (14460.001.000) 2024-12-09 22:53:04 Image size of job updated: 2392284
	1288  -  MemoryUsage of job (MB)
	1318876  -  ResidentSetSize of job (KB)
...
006 (14460.001.000) 2024-12-09 23:03:05 Image size of job updated: 2392284
	1293  -  MemoryUsage of job (MB)
	1323260  -  ResidentSetSize of job (KB)
...
006 (14460.001.000) 2024-12-09 23:08:05 Image size of job updated: 2392284
	1319  -  MemoryUsage of job (MB)
	1350420  -  ResidentSetSize of job (KB)
...
006 (14460.001.000) 2024-12-09 23:33:08 Image size of job updated: 2392284
	1327  -  MemoryUsage of job (MB)
	1357960  -  ResidentSetSize of job (KB)
...
006 (14460.001.000) 2024-12-09 23:48:10 Image size of job updated: 2397020
	1327  -  MemoryUsage of job (MB)
	1357960  -  ResidentSetSize of job (KB)
...
006 (14460.001.000) 2024-12-09 23:53:11 Image size of job updated: 2401732
	1327  -  MemoryUsage of job (MB)
	1357960  -  ResidentSetSize of job (KB)
...
006 (14460.001.000) 2024-12-10 08:29:03 Image size of job updated: 2406140
	1327  -  MemoryUsage of job (MB)
	1357960  -  ResidentSetSize of job (KB)
...
006 (14460.001.000) 2024-12-10 16:34:56 Image size of job updated: 2406140
	1345  -  MemoryUsage of job (MB)
	1376728  -  ResidentSetSize of job (KB)
...
006 (14460.001.000) 2024-12-10 16:44:56 Image size of job updated: 2416380
	1345  -  MemoryUsage of job (MB)
	1376728  -  ResidentSetSize of job (KB)
...
006 (14460.001.000) 2024-12-10 16:54:57 Image size of job updated: 2416380
	1352  -  MemoryUsage of job (MB)
	1384236  -  ResidentSetSize of job (KB)
...
006 (14460.001.000) 2024-12-10 18:55:08 Image size of job updated: 2416380
	1375  -  MemoryUsage of job (MB)
	1407100  -  ResidentSetSize of job (KB)
...
006 (14460.001.000) 2024-12-10 20:15:18 Image size of job updated: 2416380
	1384  -  MemoryUsage of job (MB)
	1416692  -  ResidentSetSize of job (KB)
...
006 (14460.001.000) 2024-12-11 17:17:30 Image size of job updated: 2416380
	1385  -  MemoryUsage of job (MB)
	1418204  -  ResidentSetSize of job (KB)
...
006 (14460.001.000) 2024-12-11 20:27:50 Image size of job updated: 2416380
	1410  -  MemoryUsage of job (MB)
	1443692  -  ResidentSetSize of job (KB)
...
006 (14460.001.000) 2024-12-11 20:32:50 Image size of job updated: 2416380
	1410  -  MemoryUsage of job (MB)
	1443824  -  ResidentSetSize of job (KB)
...
006 (14460.001.000) 2024-12-11 20:57:53 Image size of job updated: 2416380
	1418  -  MemoryUsage of job (MB)
	1451276  -  ResidentSetSize of job (KB)
...
006 (14460.001.000) 2024-12-11 21:02:54 Image size of job updated: 2416380
	1418  -  MemoryUsage of job (MB)
	1451408  -  ResidentSetSize of job (KB)
...
006 (14460.001.000) 2024-12-11 23:33:09 Image size of job updated: 2420312
	1440  -  MemoryUsage of job (MB)
	1473584  -  ResidentSetSize of job (KB)
...
006 (14460.001.000) 2024-12-11 23:38:09 Image size of job updated: 2485864
	1440  -  MemoryUsage of job (MB)
	1473584  -  ResidentSetSize of job (KB)
...
006 (14460.001.000) 2024-12-13 05:26:16 Image size of job updated: 2485864
	1469  -  MemoryUsage of job (MB)
	1504112  -  ResidentSetSize of job (KB)
...
006 (14460.001.000) 2024-12-14 06:38:51 Image size of job updated: 2485864
	1479  -  MemoryUsage of job (MB)
	1513596  -  ResidentSetSize of job (KB)
...
006 (14460.001.000) 2024-12-14 06:48:57 Image size of job updated: 2546416
	1479  -  MemoryUsage of job (MB)
	1513596  -  ResidentSetSize of job (KB)
...
006 (14460.001.000) 2024-12-14 07:08:54 Image size of job updated: 2546416
	1485  -  MemoryUsage of job (MB)
	1520152  -  ResidentSetSize of job (KB)
...
006 (14460.001.000) 2024-12-14 07:13:55 Image size of job updated: 2546416
	1485  -  MemoryUsage of job (MB)
	1520284  -  ResidentSetSize of job (KB)
...
006 (14460.001.000) 2024-12-14 07:43:59 Image size of job updated: 2546416
	1504  -  MemoryUsage of job (MB)
	1539692  -  ResidentSetSize of job (KB)
...
006 (14460.001.000) 2024-12-14 08:34:05 Image size of job updated: 2546416
	1518  -  MemoryUsage of job (MB)
	1554212  -  ResidentSetSize of job (KB)
...
006 (14460.001.000) 2024-12-14 08:39:05 Image size of job updated: 2546416
	1518  -  MemoryUsage of job (MB)
	1554344  -  ResidentSetSize of job (KB)
...
006 (14460.001.000) 2024-12-14 10:09:13 Image size of job updated: 2546416
	1556  -  MemoryUsage of job (MB)
	1593076  -  ResidentSetSize of job (KB)
...
006 (14460.001.000) 2024-12-14 11:24:21 Image size of job updated: 2611968
	1556  -  MemoryUsage of job (MB)
	1593076  -  ResidentSetSize of job (KB)
...
006 (14460.001.000) 2024-12-16 03:58:30 Image size of job updated: 2618476
	1556  -  MemoryUsage of job (MB)
	1593076  -  ResidentSetSize of job (KB)
...
006 (14460.001.000) 2024-12-16 04:38:34 Image size of job updated: 2629612
	1556  -  MemoryUsage of job (MB)
	1593076  -  ResidentSetSize of job (KB)
...
006 (14460.001.000) 2024-12-16 05:38:40 Image size of job updated: 2634732
	1556  -  MemoryUsage of job (MB)
	1593076  -  ResidentSetSize of job (KB)
...
006 (14460.001.000) 2024-12-16 06:43:46 Image size of job updated: 2639856
	1556  -  MemoryUsage of job (MB)
	1593076  -  ResidentSetSize of job (KB)
...
006 (14460.001.000) 2024-12-16 08:49:00 Image size of job updated: 2639856
	1568  -  MemoryUsage of job (MB)
	1604656  -  ResidentSetSize of job (KB)
...
006 (14460.001.000) 2024-12-16 09:04:02 Image size of job updated: 2644976
	1568  -  MemoryUsage of job (MB)
	1604656  -  ResidentSetSize of job (KB)
...
006 (14460.001.000) 2024-12-16 11:44:18 Image size of job updated: 2651888
	1568  -  MemoryUsage of job (MB)
	1604656  -  ResidentSetSize of job (KB)
...
006 (14460.001.000) 2024-12-16 11:54:19 Image size of job updated: 2651888
	1578  -  MemoryUsage of job (MB)
	1615080  -  ResidentSetSize of job (KB)
...
006 (14460.001.000) 2024-12-16 12:29:22 Image size of job updated: 2651888
	1585  -  MemoryUsage of job (MB)
	1622836  -  ResidentSetSize of job (KB)
...
006 (14460.001.000) 2024-12-16 12:34:23 Image size of job updated: 2651888
	1585  -  MemoryUsage of job (MB)
	1622968  -  ResidentSetSize of job (KB)
...
006 (14460.001.000) 2024-12-16 13:19:27 Image size of job updated: 2651888
	1590  -  MemoryUsage of job (MB)
	1627992  -  ResidentSetSize of job (KB)
...
006 (14460.001.000) 2024-12-16 15:39:42 Image size of job updated: 2658544
	1590  -  MemoryUsage of job (MB)
	1627992  -  ResidentSetSize of job (KB)
...
006 (14460.001.000) 2024-12-18 13:14:22 Image size of job updated: 2658544
	1598  -  MemoryUsage of job (MB)
	1635928  -  ResidentSetSize of job (KB)
...
006 (14460.001.000) 2024-12-18 13:49:25 Image size of job updated: 2658544
	1621  -  MemoryUsage of job (MB)
	1659436  -  ResidentSetSize of job (KB)
...
006 (14460.001.000) 2024-12-19 13:51:54 Image size of job updated: 2658544
	1634  -  MemoryUsage of job (MB)
	1672376  -  ResidentSetSize of job (KB)
...
006 (14460.001.000) 2024-12-19 15:07:03 Image size of job updated: 2658544
	1650  -  MemoryUsage of job (MB)
	1688712  -  ResidentSetSize of job (KB)
...
006 (14460.001.000) 2024-12-19 15:47:07 Image size of job updated: 2658544
	1654  -  MemoryUsage of job (MB)
	1693104  -  ResidentSetSize of job (KB)
...
006 (14460.001.000) 2024-12-19 16:07:09 Image size of job updated: 2709624
	1654  -  MemoryUsage of job (MB)
	1693104  -  ResidentSetSize of job (KB)
...
006 (14460.001.000) 2024-12-21 07:06:10 Image size of job updated: 2723660
	1654  -  MemoryUsage of job (MB)
	1693104  -  ResidentSetSize of job (KB)
...
006 (14460.001.000) 2024-12-21 08:21:17 Image size of job updated: 2730572
	1654  -  MemoryUsage of job (MB)
	1693104  -  ResidentSetSize of job (KB)
...
006 (14460.001.000) 2024-12-21 10:51:32 Image size of job updated: 2750540
	1654  -  MemoryUsage of job (MB)
	1693104  -  ResidentSetSize of job (KB)
...
006 (14460.001.000) 2024-12-21 11:06:34 Image size of job updated: 2750540
	1719  -  MemoryUsage of job (MB)
	1759752  -  ResidentSetSize of job (KB)
...
006 (14460.001.000) 2024-12-21 12:26:42 Image size of job updated: 2750540
	1742  -  MemoryUsage of job (MB)
	1783780  -  ResidentSetSize of job (KB)
...
006 (14460.001.000) 2024-12-21 12:31:42 Image size of job updated: 2750540
	1743  -  MemoryUsage of job (MB)
	1783912  -  ResidentSetSize of job (KB)
...
006 (14460.001.000) 2024-12-21 12:46:43 Image size of job updated: 2757708
	1743  -  MemoryUsage of job (MB)
	1783912  -  ResidentSetSize of job (KB)
...
006 (14460.001.000) 2024-12-21 13:21:46 Image size of job updated: 2823260
	1743  -  MemoryUsage of job (MB)
	1783912  -  ResidentSetSize of job (KB)
...
006 (14460.001.000) 2024-12-21 13:26:46 Image size of job updated: 2823260
	1755  -  MemoryUsage of job (MB)
	1796396  -  ResidentSetSize of job (KB)
...
006 (14460.001.000) 2024-12-21 15:37:00 Image size of job updated: 2823260
	1768  -  MemoryUsage of job (MB)
	1810392  -  ResidentSetSize of job (KB)
...
006 (14460.001.000) 2024-12-23 08:51:18 Image size of job updated: 2827672
	1768  -  MemoryUsage of job (MB)
	1810392  -  ResidentSetSize of job (KB)
...
006 (14460.001.000) 2024-12-23 08:56:19 Image size of job updated: 2847452
	1768  -  MemoryUsage of job (MB)
	1810392  -  ResidentSetSize of job (KB)
...
006 (14460.001.000) 2024-12-23 09:41:23 Image size of job updated: 2852892
	1768  -  MemoryUsage of job (MB)
	1810392  -  ResidentSetSize of job (KB)
...
006 (14460.001.000) 2024-12-23 09:56:25 Image size of job updated: 2857640
	1768  -  MemoryUsage of job (MB)
	1810392  -  ResidentSetSize of job (KB)
...
006 (14460.001.000) 2024-12-23 10:21:27 Image size of job updated: 2857640
	1788  -  MemoryUsage of job (MB)
	1829968  -  ResidentSetSize of job (KB)
...
006 (14460.001.000) 2024-12-23 10:26:28 Image size of job updated: 2857640
	1807  -  MemoryUsage of job (MB)
	1850272  -  ResidentSetSize of job (KB)
...
006 (14460.001.000) 2024-12-23 11:21:34 Image size of job updated: 2857640
	1830  -  MemoryUsage of job (MB)
	1873396  -  ResidentSetSize of job (KB)
...
006 (14460.001.000) 2024-12-23 12:46:42 Image size of job updated: 2864552
	1830  -  MemoryUsage of job (MB)
	1873396  -  ResidentSetSize of job (KB)
...
006 (14460.001.000) 2024-12-23 13:01:44 Image size of job updated: 2864552
	1848  -  MemoryUsage of job (MB)
	1891752  -  ResidentSetSize of job (KB)
...
006 (14460.001.000) 2024-12-23 13:21:45 Image size of job updated: 2930104
	1848  -  MemoryUsage of job (MB)
	1891752  -  ResidentSetSize of job (KB)
...
006 (14460.001.000) 2024-12-23 14:06:50 Image size of job updated: 2930104
	1853  -  MemoryUsage of job (MB)
	1897096  -  ResidentSetSize of job (KB)
...
006 (14460.001.000) 2024-12-25 08:36:05 Image size of job updated: 2935384
	1853  -  MemoryUsage of job (MB)
	1897096  -  ResidentSetSize of job (KB)
...
006 (14460.001.000) 2024-12-25 14:06:40 Image size of job updated: 2935384
	1869  -  MemoryUsage of job (MB)
	1912920  -  ResidentSetSize of job (KB)
...
006 (14460.001.000) 2024-12-25 16:06:52 Image size of job updated: 2935384
	1893  -  MemoryUsage of job (MB)
	1937812  -  ResidentSetSize of job (KB)
...
006 (14460.001.000) 2024-12-25 16:46:57 Image size of job updated: 3000936
	1893  -  MemoryUsage of job (MB)
	1937812  -  ResidentSetSize of job (KB)
...
006 (14460.001.000) 2024-12-25 17:22:01 Image size of job updated: 3000936
	1907  -  MemoryUsage of job (MB)
	1952156  -  ResidentSetSize of job (KB)
...
006 (14460.001.000) 2024-12-25 17:27:01 Image size of job updated: 3000936
	1907  -  MemoryUsage of job (MB)
	1952288  -  ResidentSetSize of job (KB)
...
006 (14460.001.000) 2024-12-25 19:32:14 Image size of job updated: 3007848
	1907  -  MemoryUsage of job (MB)
	1952288  -  ResidentSetSize of job (KB)
...
006 (14460.001.000) 2024-12-25 19:47:14 Image size of job updated: 3007848
	1924  -  MemoryUsage of job (MB)
	1970060  -  ResidentSetSize of job (KB)
...
006 (14460.001.000) 2024-12-25 20:42:20 Image size of job updated: 3007848
	1929  -  MemoryUsage of job (MB)
	1975072  -  ResidentSetSize of job (KB)
...
006 (14460.001.000) 2024-12-25 22:42:33 Image size of job updated: 3016108
	1929  -  MemoryUsage of job (MB)
	1975072  -  ResidentSetSize of job (KB)
...
006 (14460.001.000) 2024-12-25 22:52:34 Image size of job updated: 3016108
	1964  -  MemoryUsage of job (MB)
	2010308  -  ResidentSetSize of job (KB)
...
006 (14460.001.000) 2024-12-26 00:52:48 Image size of job updated: 3087872
	1964  -  MemoryUsage of job (MB)
	2010308  -  ResidentSetSize of job (KB)
...
006 (14460.001.000) 2024-12-26 01:47:54 Image size of job updated: 3091892
	1964  -  MemoryUsage of job (MB)
	2010308  -  ResidentSetSize of job (KB)
...
006 (14460.001.000) 2024-12-26 01:52:54 Image size of job updated: 3093040
	1964  -  MemoryUsage of job (MB)
	2010308  -  ResidentSetSize of job (KB)
...
006 (14460.001.000) 2024-12-26 01:57:55 Image size of job updated: 3093436
	1964  -  MemoryUsage of job (MB)
	2010308  -  ResidentSetSize of job (KB)
...
006 (14460.001.000) 2024-12-26 02:07:56 Image size of job updated: 3097632
	1964  -  MemoryUsage of job (MB)
	2010308  -  ResidentSetSize of job (KB)
...
006 (14460.001.000) 2024-12-26 02:37:59 Image size of job updated: 3097632
	1996  -  MemoryUsage of job (MB)
	2042964  -  ResidentSetSize of job (KB)
...
006 (14460.001.000) 2024-12-28 06:18:18 Image size of job updated: 3102096
	1996  -  MemoryUsage of job (MB)
	2042964  -  ResidentSetSize of job (KB)
...
006 (14460.001.000) 2024-12-28 09:48:41 Image size of job updated: 3107216
	1996  -  MemoryUsage of job (MB)
	2042964  -  ResidentSetSize of job (KB)
...
006 (14460.001.000) 2024-12-28 11:43:53 Image size of job updated: 3122576
	1996  -  MemoryUsage of job (MB)
	2042964  -  ResidentSetSize of job (KB)
...
006 (14460.001.000) 2024-12-28 14:09:06 Image size of job updated: 3129232
	1996  -  MemoryUsage of job (MB)
	2042964  -  ResidentSetSize of job (KB)
...
006 (14460.001.000) 2024-12-28 15:24:14 Image size of job updated: 3142872
	1996  -  MemoryUsage of job (MB)
	2042964  -  ResidentSetSize of job (KB)
...
006 (14460.001.000) 2024-12-28 16:39:21 Image size of job updated: 3149528
	2013  -  MemoryUsage of job (MB)
	2060372  -  ResidentSetSize of job (KB)
...
006 (14460.001.000) 2024-12-28 16:49:22 Image size of job updated: 3149528
	2029  -  MemoryUsage of job (MB)
	2077624  -  ResidentSetSize of job (KB)
...
006 (14460.001.000) 2024-12-31 03:30:28 Image size of job updated: 3211488
	2029  -  MemoryUsage of job (MB)
	2077624  -  ResidentSetSize of job (KB)
...
006 (14460.001.000) 2024-12-31 03:35:28 Image size of job updated: 3218480
	2034  -  MemoryUsage of job (MB)
	2082372  -  ResidentSetSize of job (KB)
...
006 (14460.001.000) 2024-12-31 03:50:30 Image size of job updated: 3218480
	2100  -  MemoryUsage of job (MB)
	2150396  -  ResidentSetSize of job (KB)
...
006 (14460.001.000) 2024-12-31 04:40:34 Image size of job updated: 3218480
	2123  -  MemoryUsage of job (MB)
	2173196  -  ResidentSetSize of job (KB)
...
006 (14460.001.000) 2024-12-31 05:35:40 Image size of job updated: 3218480
	2136  -  MemoryUsage of job (MB)
	2187224  -  ResidentSetSize of job (KB)
...
006 (14460.001.000) 2024-12-31 06:55:49 Image size of job updated: 3284032
	2136  -  MemoryUsage of job (MB)
	2187224  -  ResidentSetSize of job (KB)
...
006 (14460.001.000) 2024-12-31 07:05:49 Image size of job updated: 3294016
	2159  -  MemoryUsage of job (MB)
	2210112  -  ResidentSetSize of job (KB)
...
006 (14460.001.000) 2024-12-31 08:00:56 Image size of job updated: 3294016
	2187  -  MemoryUsage of job (MB)
	2239372  -  ResidentSetSize of job (KB)
...
006 (14460.001.000) 2024-12-31 09:01:02 Image size of job updated: 3309376
	2187  -  MemoryUsage of job (MB)
	2239372  -  ResidentSetSize of job (KB)
...
006 (14460.001.000) 2024-12-31 09:31:05 Image size of job updated: 3316616
	2226  -  MemoryUsage of job (MB)
	2279136  -  ResidentSetSize of job (KB)
...
006 (14460.001.000) 2024-12-31 09:36:05 Image size of job updated: 3316616
	2226  -  MemoryUsage of job (MB)
	2279268  -  ResidentSetSize of job (KB)
...
006 (14460.001.000) 2024-12-31 09:41:06 Image size of job updated: 3318436
	2226  -  MemoryUsage of job (MB)
	2279268  -  ResidentSetSize of job (KB)
...
006 (14460.001.000) 2024-12-31 09:51:07 Image size of job updated: 3383988
	2226  -  MemoryUsage of job (MB)
	2279268  -  ResidentSetSize of job (KB)
...
006 (14460.001.000) 2024-12-31 10:06:09 Image size of job updated: 3399224
	2226  -  MemoryUsage of job (MB)
	2279268  -  ResidentSetSize of job (KB)
...
006 (14460.001.000) 2025-01-01 13:13:57 Image size of job updated: 3399224
	2228  -  MemoryUsage of job (MB)
	2280688  -  ResidentSetSize of job (KB)
...
006 (14460.001.000) 2025-01-01 14:49:07 Image size of job updated: 3399224
	2254  -  MemoryUsage of job (MB)
	2307608  -  ResidentSetSize of job (KB)
...
006 (14460.001.000) 2025-01-01 15:19:10 Image size of job updated: 3399224
	2268  -  MemoryUsage of job (MB)
	2322080  -  ResidentSetSize of job (KB)
...
006 (14460.001.000) 2025-01-01 17:39:23 Image size of job updated: 3399224
	2298  -  MemoryUsage of job (MB)
	2353132  -  ResidentSetSize of job (KB)
...
006 (14460.001.000) 2025-01-01 18:44:29 Image size of job updated: 3464648
	2298  -  MemoryUsage of job (MB)
	2353132  -  ResidentSetSize of job (KB)
...
006 (14460.001.000) 2025-01-01 18:54:31 Image size of job updated: 3464648
	2329  -  MemoryUsage of job (MB)
	2384260  -  ResidentSetSize of job (KB)
...
006 (14460.001.000) 2025-01-01 21:44:47 Image size of job updated: 3464648
	2356  -  MemoryUsage of job (MB)
	2412368  -  ResidentSetSize of job (KB)
...
006 (14460.001.000) 2025-01-02 02:40:17 Image size of job updated: 3467216
	2356  -  MemoryUsage of job (MB)
	2412368  -  ResidentSetSize of job (KB)
...
006 (14460.001.000) 2025-01-02 04:15:27 Image size of job updated: 3467216
	2403  -  MemoryUsage of job (MB)
	2459744  -  ResidentSetSize of job (KB)
...
006 (14460.001.000) 2025-01-02 04:50:30 Image size of job updated: 3474384
	2403  -  MemoryUsage of job (MB)
	2459744  -  ResidentSetSize of job (KB)
...
006 (14460.001.000) 2025-01-02 05:35:34 Image size of job updated: 3539936
	2403  -  MemoryUsage of job (MB)
	2459744  -  ResidentSetSize of job (KB)
...
006 (14460.001.000) 2025-01-02 06:10:38 Image size of job updated: 3545056
	2403  -  MemoryUsage of job (MB)
	2459744  -  ResidentSetSize of job (KB)
...
006 (14460.001.000) 2025-01-02 07:10:45 Image size of job updated: 3545056
	2419  -  MemoryUsage of job (MB)
	2477024  -  ResidentSetSize of job (KB)
...
006 (14460.001.000) 2025-01-02 08:10:52 Image size of job updated: 3560416
	2419  -  MemoryUsage of job (MB)
	2477024  -  ResidentSetSize of job (KB)
...
006 (14460.001.000) 2025-01-02 09:36:00 Image size of job updated: 3560416
	2480  -  MemoryUsage of job (MB)
	2539464  -  ResidentSetSize of job (KB)
...
006 (14460.001.000) 2025-01-04 16:36:32 Image size of job updated: 3609284
	2480  -  MemoryUsage of job (MB)
	2539464  -  ResidentSetSize of job (KB)
...
006 (14460.001.000) 2025-01-04 17:01:35 Image size of job updated: 3624644
	2480  -  MemoryUsage of job (MB)
	2539464  -  ResidentSetSize of job (KB)
...
006 (14460.001.000) 2025-01-04 17:41:39 Image size of job updated: 3624644
	2522  -  MemoryUsage of job (MB)
	2581736  -  ResidentSetSize of job (KB)
...
006 (14460.001.000) 2025-01-04 17:46:40 Image size of job updated: 3624644
	2536  -  MemoryUsage of job (MB)
	2596432  -  ResidentSetSize of job (KB)
...
006 (14460.001.000) 2025-01-04 20:21:55 Image size of job updated: 3624644
	2540  -  MemoryUsage of job (MB)
	2599980  -  ResidentSetSize of job (KB)
...
006 (14460.001.000) 2025-01-04 20:26:56 Image size of job updated: 3690196
	2577  -  MemoryUsage of job (MB)
	2638488  -  ResidentSetSize of job (KB)
...
006 (14460.001.000) 2025-01-04 20:46:57 Image size of job updated: 3705560
	2577  -  MemoryUsage of job (MB)
	2638488  -  ResidentSetSize of job (KB)
...
006 (14460.001.000) 2025-01-04 21:27:00 Image size of job updated: 3705560
	2601  -  MemoryUsage of job (MB)
	2662640  -  ResidentSetSize of job (KB)
...
006 (14460.001.000) 2025-01-04 23:07:11 Image size of job updated: 3720920
	2601  -  MemoryUsage of job (MB)
	2662640  -  ResidentSetSize of job (KB)
...
006 (14460.001.000) 2025-01-04 23:52:15 Image size of job updated: 3786472
	2601  -  MemoryUsage of job (MB)
	2662640  -  ResidentSetSize of job (KB)
...
022 (14460.001.000) 2025-01-07 15:33:20 Job disconnected, attempting to reconnect
    Local schedd and job shadow died, schedd now running again
    Trying to reconnect to slot1@bioclust13.bioclust.biologie.ens.fr <10.18.24.13:9618?addrs=10.18.24.13-9618&alias=bioclust13.bioclust.biologie.ens.fr&noUDP&sock=startd_1738935_599d>
...
023 (14460.001.000) 2025-01-07 15:33:24 Job reconnected to slot1@bioclust13.bioclust.biologie.ens.fr
    startd address: <10.18.24.13:9618?addrs=10.18.24.13-9618&alias=bioclust13.bioclust.biologie.ens.fr&noUDP&sock=startd_1738935_599d>
    starter address: <10.18.24.13:9618?addrs=10.18.24.13-9618&alias=bioclust13.bioclust.biologie.ens.fr&noUDP&sock=slot1_1_1738986_b3f4_5935>
...
006 (14460.001.000) 2025-01-08 20:21:33 Image size of job updated: 4000000
	2700  -  MemoryUsage of job (MB)
	2764696  -  ResidentSetSize of job (KB)
...
006 (14460.001.000) 2025-01-09 03:37:21 Image size of job updated: 4000000
	2701  -  MemoryUsage of job (MB)
	2765624  -  ResidentSetSize of job (KB)
...
006 (14460.001.000) 2025-01-09 03:57:22 Image size of job updated: 4000000
	2727  -  MemoryUsage of job (MB)
	2791436  -  ResidentSetSize of job (KB)
...
006 (14460.001.000) 2025-01-09 04:07:24 Image size of job updated: 4000000
	2730  -  MemoryUsage of job (MB)
	2794804  -  ResidentSetSize of job (KB)
...
006 (14460.001.000) 2025-01-09 05:22:31 Image size of job updated: 4000000
	2775  -  MemoryUsage of job (MB)
	2841364  -  ResidentSetSize of job (KB)
...
006 (14460.001.000) 2025-01-09 17:48:48 Image size of job updated: 4000000
	2789  -  MemoryUsage of job (MB)
	2855924  -  ResidentSetSize of job (KB)
...
006 (14460.001.000) 2025-01-09 18:18:52 Image size of job updated: 4000000
	2797  -  MemoryUsage of job (MB)
	2863464  -  ResidentSetSize of job (KB)
...
006 (14460.001.000) 2025-01-10 00:24:32 Image size of job updated: 4000000
	2812  -  MemoryUsage of job (MB)
	2879212  -  ResidentSetSize of job (KB)
...
006 (14460.001.000) 2025-01-10 00:29:33 Image size of job updated: 4000000
	2812  -  MemoryUsage of job (MB)
	2879344  -  ResidentSetSize of job (KB)
...
006 (14460.001.000) 2025-01-10 06:45:11 Image size of job updated: 4000000
	2831  -  MemoryUsage of job (MB)
	2898528  -  ResidentSetSize of job (KB)
...
006 (14460.001.000) 2025-01-10 10:30:34 Image size of job updated: 4000000
	2851  -  MemoryUsage of job (MB)
	2919264  -  ResidentSetSize of job (KB)
...
006 (14460.001.000) 2025-01-10 13:35:51 Image size of job updated: 4000000
	2903  -  MemoryUsage of job (MB)
	2972516  -  ResidentSetSize of job (KB)
...
006 (14460.001.000) 2025-01-10 15:01:00 Image size of job updated: 4000000
	2919  -  MemoryUsage of job (MB)
	2988632  -  ResidentSetSize of job (KB)
...
006 (14460.001.000) 2025-01-10 16:11:07 Image size of job updated: 4055700
	2919  -  MemoryUsage of job (MB)
	2988632  -  ResidentSetSize of job (KB)
...
006 (14460.001.000) 2025-01-10 16:16:07 Image size of job updated: 4055700
	2936  -  MemoryUsage of job (MB)
	3005840  -  ResidentSetSize of job (KB)
...
006 (14460.001.000) 2025-01-10 16:21:08 Image size of job updated: 4055700
	2990  -  MemoryUsage of job (MB)
	3061340  -  ResidentSetSize of job (KB)
...
006 (14460.001.000) 2025-01-16 21:21:22 Image size of job updated: 4058480
	2990  -  MemoryUsage of job (MB)
	3061340  -  ResidentSetSize of job (KB)
...
006 (14460.001.000) 2025-01-16 23:16:34 Image size of job updated: 4075036
	2990  -  MemoryUsage of job (MB)
	3061340  -  ResidentSetSize of job (KB)
...
006 (14460.001.000) 2025-01-17 00:51:43 Image size of job updated: 4075480
	2990  -  MemoryUsage of job (MB)
	3061340  -  ResidentSetSize of job (KB)
...
006 (14460.001.000) 2025-01-17 03:52:02 Image size of job updated: 4094192
	2990  -  MemoryUsage of job (MB)
	3061340  -  ResidentSetSize of job (KB)
...
006 (14460.001.000) 2025-01-17 04:52:08 Image size of job updated: 4100888
	2990  -  MemoryUsage of job (MB)
	3061340  -  ResidentSetSize of job (KB)
...
006 (14460.001.000) 2025-01-17 09:47:36 Image size of job updated: 4104436
	2990  -  MemoryUsage of job (MB)
	3061340  -  ResidentSetSize of job (KB)
...
006 (14460.001.000) 2025-01-17 14:43:06 Image size of job updated: 4104436
	2997  -  MemoryUsage of job (MB)
	3068712  -  ResidentSetSize of job (KB)
...
006 (14460.001.000) 2025-01-17 15:48:15 Image size of job updated: 4104436
	3004  -  MemoryUsage of job (MB)
	3075440  -  ResidentSetSize of job (KB)
...
006 (14460.001.000) 2025-01-17 15:53:15 Image size of job updated: 4104436
	3004  -  MemoryUsage of job (MB)
	3075836  -  ResidentSetSize of job (KB)
...
006 (14460.001.000) 2025-01-17 16:08:17 Image size of job updated: 4111604
	3004  -  MemoryUsage of job (MB)
	3075836  -  ResidentSetSize of job (KB)
...
006 (14460.001.000) 2025-01-17 18:28:32 Image size of job updated: 4116724
	3004  -  MemoryUsage of job (MB)
	3075836  -  ResidentSetSize of job (KB)
...
006 (14460.001.000) 2025-01-17 18:43:33 Image size of job updated: 4182276
	3004  -  MemoryUsage of job (MB)
	3075836  -  ResidentSetSize of job (KB)
...
006 (14460.001.000) 2025-01-17 19:38:38 Image size of job updated: 4187396
	3004  -  MemoryUsage of job (MB)
	3075836  -  ResidentSetSize of job (KB)
...
006 (14460.001.000) 2025-01-17 20:28:41 Image size of job updated: 4187544
	3004  -  MemoryUsage of job (MB)
	3075836  -  ResidentSetSize of job (KB)
...
006 (14460.001.000) 2025-01-17 20:33:42 Image size of job updated: 4195324
	3004  -  MemoryUsage of job (MB)
	3075836  -  ResidentSetSize of job (KB)
...
006 (14460.001.000) 2025-01-17 20:48:44 Image size of job updated: 4201212
	3004  -  MemoryUsage of job (MB)
	3075836  -  ResidentSetSize of job (KB)
...
006 (14460.001.000) 2025-01-17 20:53:45 Image size of job updated: 4202600
	3004  -  MemoryUsage of job (MB)
	3075836  -  ResidentSetSize of job (KB)
...
006 (14460.001.000) 2025-01-17 21:08:46 Image size of job updated: 4211836
	3020  -  MemoryUsage of job (MB)
	3092196  -  ResidentSetSize of job (KB)
...
006 (14460.001.000) 2025-01-17 21:13:47 Image size of job updated: 4215636
	3020  -  MemoryUsage of job (MB)
	3092196  -  ResidentSetSize of job (KB)
...
006 (14460.001.000) 2025-01-17 21:48:51 Image size of job updated: 4222360
	3044  -  MemoryUsage of job (MB)
	3116732  -  ResidentSetSize of job (KB)
...
006 (14460.001.000) 2025-01-17 21:53:52 Image size of job updated: 4222360
	3049  -  MemoryUsage of job (MB)
	3121160  -  ResidentSetSize of job (KB)
...
006 (14460.001.000) 2025-01-17 22:38:55 Image size of job updated: 4287912
	3049  -  MemoryUsage of job (MB)
	3121160  -  ResidentSetSize of job (KB)
...
006 (14460.001.000) 2025-01-17 22:58:58 Image size of job updated: 4287912
	3110  -  MemoryUsage of job (MB)
	3183732  -  ResidentSetSize of job (KB)
...
006 (14460.001.000) 2025-01-17 23:59:02 Image size of job updated: 4295080
	3110  -  MemoryUsage of job (MB)
	3183732  -  ResidentSetSize of job (KB)
...
006 (14460.001.000) 2025-01-18 00:09:04 Image size of job updated: 4295080
	3147  -  MemoryUsage of job (MB)
	3222204  -  ResidentSetSize of job (KB)
...
006 (14460.001.000) 2025-01-18 02:14:18 Image size of job updated: 4295080
	3153  -  MemoryUsage of job (MB)
	3228188  -  ResidentSetSize of job (KB)
...
006 (14460.001.000) 2025-01-18 02:44:22 Image size of job updated: 4305324
	3153  -  MemoryUsage of job (MB)
	3228188  -  ResidentSetSize of job (KB)
...
006 (14460.001.000) 2025-01-18 04:04:30 Image size of job updated: 4305324
	3190  -  MemoryUsage of job (MB)
	3265564  -  ResidentSetSize of job (KB)
...
006 (14460.001.000) 2025-01-18 04:14:30 Image size of job updated: 4305324
	3224  -  MemoryUsage of job (MB)
	3300360  -  ResidentSetSize of job (KB)
...
006 (14460.001.000) 2025-01-18 08:14:57 Image size of job updated: 4310444
	3224  -  MemoryUsage of job (MB)
	3300360  -  ResidentSetSize of job (KB)
...
006 (14460.001.000) 2025-01-18 08:30:00 Image size of job updated: 4375996
	3224  -  MemoryUsage of job (MB)
	3300360  -  ResidentSetSize of job (KB)
...
006 (14460.001.000) 2025-01-18 10:20:13 Image size of job updated: 4381116
	3224  -  MemoryUsage of job (MB)
	3300360  -  ResidentSetSize of job (KB)
...
006 (14460.001.000) 2025-01-18 12:45:26 Image size of job updated: 4386236
	3224  -  MemoryUsage of job (MB)
	3300360  -  ResidentSetSize of job (KB)
...
006 (14460.001.000) 2025-01-18 13:10:29 Image size of job updated: 4386236
	3257  -  MemoryUsage of job (MB)
	3334304  -  ResidentSetSize of job (KB)
...
006 (14460.001.000) 2025-01-24 18:15:47 Image size of job updated: 4389044
	3257  -  MemoryUsage of job (MB)
	3334304  -  ResidentSetSize of job (KB)
...
006 (14460.001.000) 2025-01-24 20:05:58 Image size of job updated: 4395444
	3257  -  MemoryUsage of job (MB)
	3334304  -  ResidentSetSize of job (KB)
...
006 (14460.001.000) 2025-01-24 23:21:17 Image size of job updated: 4400564
	3257  -  MemoryUsage of job (MB)
	3334304  -  ResidentSetSize of job (KB)
...
006 (14460.001.000) 2025-01-24 23:41:19 Image size of job updated: 4466116
	3257  -  MemoryUsage of job (MB)
	3334304  -  ResidentSetSize of job (KB)
...
006 (14460.001.000) 2025-01-25 00:46:25 Image size of job updated: 4466116
	3277  -  MemoryUsage of job (MB)
	3355576  -  ResidentSetSize of job (KB)
...
006 (14460.001.000) 2025-01-25 01:46:32 Image size of job updated: 4476484
	3277  -  MemoryUsage of job (MB)
	3355576  -  ResidentSetSize of job (KB)
...
006 (14460.001.000) 2025-01-25 02:56:39 Image size of job updated: 4487236
	3277  -  MemoryUsage of job (MB)
	3355576  -  ResidentSetSize of job (KB)
...
006 (14460.001.000) 2025-01-25 03:06:39 Image size of job updated: 4487236
	3320  -  MemoryUsage of job (MB)
	3399236  -  ResidentSetSize of job (KB)
...
006 (14460.001.000) 2025-01-25 04:06:45 Image size of job updated: 4497988
	3320  -  MemoryUsage of job (MB)
	3399236  -  ResidentSetSize of job (KB)
...
006 (14460.001.000) 2025-01-25 04:26:46 Image size of job updated: 4563540
	3353  -  MemoryUsage of job (MB)
	3432684  -  ResidentSetSize of job (KB)
...
006 (14460.001.000) 2025-01-25 06:22:00 Image size of job updated: 4567124
	3353  -  MemoryUsage of job (MB)
	3432684  -  ResidentSetSize of job (KB)
...
006 (14460.001.000) 2025-01-25 08:07:10 Image size of job updated: 4572244
	3353  -  MemoryUsage of job (MB)
	3432684  -  ResidentSetSize of job (KB)
...
006 (14460.001.000) 2025-01-25 10:02:23 Image size of job updated: 4577364
	3353  -  MemoryUsage of job (MB)
	3432684  -  ResidentSetSize of job (KB)
...
006 (14460.001.000) 2025-01-25 12:07:35 Image size of job updated: 4582484
	3353  -  MemoryUsage of job (MB)
	3432684  -  ResidentSetSize of job (KB)
...
006 (14460.001.000) 2025-01-25 16:28:03 Image size of job updated: 4582484
	3399  -  MemoryUsage of job (MB)
	3480340  -  ResidentSetSize of job (KB)
...
006 (14460.001.000) 2025-01-25 16:33:04 Image size of job updated: 4582484
	3427  -  MemoryUsage of job (MB)
	3508436  -  ResidentSetSize of job (KB)
...
006 (14460.001.000) 2025-01-25 16:38:05 Image size of job updated: 4582484
	3427  -  MemoryUsage of job (MB)
	3508568  -  ResidentSetSize of job (KB)
...
006 (14460.001.000) 2025-01-25 18:08:15 Image size of job updated: 4592852
	3427  -  MemoryUsage of job (MB)
	3508568  -  ResidentSetSize of job (KB)
...
006 (14460.001.000) 2025-01-25 21:18:34 Image size of job updated: 4608212
	3427  -  MemoryUsage of job (MB)
	3508568  -  ResidentSetSize of job (KB)
...
006 (14460.001.000) 2025-01-26 00:03:52 Image size of job updated: 4614612
	3427  -  MemoryUsage of job (MB)
	3508568  -  ResidentSetSize of job (KB)
...
006 (14460.001.000) 2025-01-26 01:44:04 Image size of job updated: 4614612
	3428  -  MemoryUsage of job (MB)
	3509624  -  ResidentSetSize of job (KB)
...
006 (14460.001.000) 2025-01-26 01:54:06 Image size of job updated: 4614612
	3477  -  MemoryUsage of job (MB)
	3559916  -  ResidentSetSize of job (KB)
...
006 (14460.001.000) 2025-01-26 01:59:06 Image size of job updated: 4614612
	3477  -  MemoryUsage of job (MB)
	3560048  -  ResidentSetSize of job (KB)
...
006 (14460.001.000) 2025-01-26 03:39:17 Image size of job updated: 4680164
	3477  -  MemoryUsage of job (MB)
	3560048  -  ResidentSetSize of job (KB)
...
006 (14460.001.000) 2025-01-26 06:14:34 Image size of job updated: 4721320
	3477  -  MemoryUsage of job (MB)
	3560048  -  ResidentSetSize of job (KB)
...
006 (14460.001.000) 2025-01-26 08:34:48 Image size of job updated: 4753288
	3477  -  MemoryUsage of job (MB)
	3560048  -  ResidentSetSize of job (KB)
...
006 (14460.001.000) 2025-01-26 09:09:52 Image size of job updated: 4788548
	3477  -  MemoryUsage of job (MB)
	3560048  -  ResidentSetSize of job (KB)
...
006 (14460.001.000) 2025-01-26 11:25:07 Image size of job updated: 4788548
	3553  -  MemoryUsage of job (MB)
	3637496  -  ResidentSetSize of job (KB)
...
006 (14460.001.000) 2025-01-26 13:40:21 Image size of job updated: 4798080
	3553  -  MemoryUsage of job (MB)
	3637496  -  ResidentSetSize of job (KB)
...
006 (14460.001.000) 2025-02-01 02:24:05 Image size of job updated: 4798796
	3553  -  MemoryUsage of job (MB)
	3637496  -  ResidentSetSize of job (KB)
...
006 (14460.001.000) 2025-02-01 03:34:13 Image size of job updated: 4805884
	3553  -  MemoryUsage of job (MB)
	3637496  -  ResidentSetSize of job (KB)
...
006 (14460.001.000) 2025-02-01 04:34:20 Image size of job updated: 4817996
	3553  -  MemoryUsage of job (MB)
	3637496  -  ResidentSetSize of job (KB)
...
006 (14460.001.000) 2025-02-01 05:09:24 Image size of job updated: 4821620
	3553  -  MemoryUsage of job (MB)
	3637496  -  ResidentSetSize of job (KB)
...
006 (14460.001.000) 2025-02-01 06:04:29 Image size of job updated: 4825164
	3553  -  MemoryUsage of job (MB)
	3637496  -  ResidentSetSize of job (KB)
...
006 (14460.001.000) 2025-02-01 08:24:44 Image size of job updated: 4830284
	3553  -  MemoryUsage of job (MB)
	3637496  -  ResidentSetSize of job (KB)
...
006 (14460.001.000) 2025-02-01 09:44:52 Image size of job updated: 4837452
	3553  -  MemoryUsage of job (MB)
	3637496  -  ResidentSetSize of job (KB)
...
006 (14460.001.000) 2025-02-01 10:45:00 Image size of job updated: 4844364
	3553  -  MemoryUsage of job (MB)
	3637496  -  ResidentSetSize of job (KB)
...
006 (14460.001.000) 2025-02-01 12:20:09 Image size of job updated: 4851276
	3553  -  MemoryUsage of job (MB)
	3637496  -  ResidentSetSize of job (KB)
...
006 (14460.001.000) 2025-02-01 13:25:15 Image size of job updated: 4858188
	3553  -  MemoryUsage of job (MB)
	3637496  -  ResidentSetSize of job (KB)
...
006 (14460.001.000) 2025-02-01 16:05:31 Image size of job updated: 4863308
	3553  -  MemoryUsage of job (MB)
	3637496  -  ResidentSetSize of job (KB)
...
006 (14460.001.000) 2025-02-01 19:35:50 Image size of job updated: 4878668
	3553  -  MemoryUsage of job (MB)
	3637496  -  ResidentSetSize of job (KB)
...
006 (14460.001.000) 2025-02-01 22:41:10 Image size of job updated: 4885836
	3553  -  MemoryUsage of job (MB)
	3637496  -  ResidentSetSize of job (KB)
...
006 (14460.001.000) 2025-02-02 00:11:19 Image size of job updated: 4901200
	3553  -  MemoryUsage of job (MB)
	3637496  -  ResidentSetSize of job (KB)
...
006 (14460.001.000) 2025-02-02 03:41:41 Image size of job updated: 4916560
	3553  -  MemoryUsage of job (MB)
	3637496  -  ResidentSetSize of job (KB)
...
006 (14460.001.000) 2025-02-02 06:41:59 Image size of job updated: 4937296
	3553  -  MemoryUsage of job (MB)
	3637496  -  ResidentSetSize of job (KB)
...
006 (14460.001.000) 2025-02-02 10:52:23 Image size of job updated: 4947536
	3553  -  MemoryUsage of job (MB)
	3637496  -  ResidentSetSize of job (KB)
...
006 (14460.001.000) 2025-02-02 12:27:34 Image size of job updated: 4957776
	3553  -  MemoryUsage of job (MB)
	3637496  -  ResidentSetSize of job (KB)
...
006 (14460.001.000) 2025-02-02 13:17:38 Image size of job updated: 4968016
	3553  -  MemoryUsage of job (MB)
	3637496  -  ResidentSetSize of job (KB)
...
006 (14460.001.000) 2025-02-02 18:28:10 Image size of job updated: 4974928
	3553  -  MemoryUsage of job (MB)
	3637496  -  ResidentSetSize of job (KB)
...
006 (14460.001.000) 2025-02-02 21:48:33 Image size of job updated: 4990288
	3553  -  MemoryUsage of job (MB)
	3637496  -  ResidentSetSize of job (KB)
...
006 (14460.001.000) 2025-02-03 02:19:01 Image size of job updated: 4990288
	3558  -  MemoryUsage of job (MB)
	3642580  -  ResidentSetSize of job (KB)
...
006 (14460.001.000) 2025-02-03 02:29:02 Image size of job updated: 4990288
	3625  -  MemoryUsage of job (MB)
	3711220  -  ResidentSetSize of job (KB)
...
006 (14460.001.000) 2025-02-03 02:59:06 Image size of job updated: 5005648
	3625  -  MemoryUsage of job (MB)
	3711220  -  ResidentSetSize of job (KB)
...
006 (14460.001.000) 2025-02-03 04:59:17 Image size of job updated: 5007264
	3625  -  MemoryUsage of job (MB)
	3711220  -  ResidentSetSize of job (KB)
...
006 (14460.001.000) 2025-02-03 05:04:18 Image size of job updated: 5012668
	3625  -  MemoryUsage of job (MB)
	3711220  -  ResidentSetSize of job (KB)
...
006 (14460.001.000) 2025-02-03 05:29:20 Image size of job updated: 5013240
	3625  -  MemoryUsage of job (MB)
	3711220  -  ResidentSetSize of job (KB)
...
006 (14460.001.000) 2025-02-03 05:34:21 Image size of job updated: 5044880
	3625  -  MemoryUsage of job (MB)
	3711220  -  ResidentSetSize of job (KB)
...
006 (14460.001.000) 2025-02-03 05:49:23 Image size of job updated: 5056648
	3625  -  MemoryUsage of job (MB)
	3711220  -  ResidentSetSize of job (KB)
...
006 (14460.001.000) 2025-02-03 08:19:38 Image size of job updated: 5056648
	3670  -  MemoryUsage of job (MB)
	3757168  -  ResidentSetSize of job (KB)
...
006 (14460.001.000) 2025-02-03 10:59:54 Image size of job updated: 5056648
	3673  -  MemoryUsage of job (MB)
	3760260  -  ResidentSetSize of job (KB)
...
006 (14460.001.000) 2025-02-03 11:24:58 Image size of job updated: 5056648
	3684  -  MemoryUsage of job (MB)
	3771592  -  ResidentSetSize of job (KB)
...
006 (14460.001.000) 2025-02-03 14:05:15 Image size of job updated: 5060788
	3684  -  MemoryUsage of job (MB)
	3771592  -  ResidentSetSize of job (KB)
...
006 (14460.001.000) 2025-02-03 17:10:35 Image size of job updated: 5060788
	3689  -  MemoryUsage of job (MB)
	3776864  -  ResidentSetSize of job (KB)
...
006 (14460.001.000) 2025-02-03 17:15:36 Image size of job updated: 5071028
	3689  -  MemoryUsage of job (MB)
	3776864  -  ResidentSetSize of job (KB)
...
006 (14460.001.000) 2025-02-03 20:25:54 Image size of job updated: 5071028
	3715  -  MemoryUsage of job (MB)
	3803908  -  ResidentSetSize of job (KB)
...
006 (14460.001.000) 2025-02-03 20:30:55 Image size of job updated: 5071028
	3715  -  MemoryUsage of job (MB)
	3804040  -  ResidentSetSize of job (KB)
...
006 (14460.001.000) 2025-02-03 20:45:57 Image size of job updated: 5071028
	3731  -  MemoryUsage of job (MB)
	3819524  -  ResidentSetSize of job (KB)
...
006 (14460.001.000) 2025-02-03 23:26:12 Image size of job updated: 5071028
	3732  -  MemoryUsage of job (MB)
	3820700  -  ResidentSetSize of job (KB)
...
006 (14460.001.000) 2025-02-04 01:06:22 Image size of job updated: 5094016
	3732  -  MemoryUsage of job (MB)
	3820700  -  ResidentSetSize of job (KB)
...
006 (14460.001.000) 2025-02-04 01:46:27 Image size of job updated: 5094016
	3762  -  MemoryUsage of job (MB)
	3852024  -  ResidentSetSize of job (KB)
...
006 (14460.001.000) 2025-02-04 04:16:41 Image size of job updated: 5094016
	3782  -  MemoryUsage of job (MB)
	3872016  -  ResidentSetSize of job (KB)
...
006 (14460.001.000) 2025-02-04 05:51:50 Image size of job updated: 5102920
	3782  -  MemoryUsage of job (MB)
	3872016  -  ResidentSetSize of job (KB)
...
006 (14460.001.000) 2025-02-04 06:46:54 Image size of job updated: 5102920
	3803  -  MemoryUsage of job (MB)
	3893288  -  ResidentSetSize of job (KB)
...
006 (14460.001.000) 2025-02-04 06:51:54 Image size of job updated: 5102920
	3803  -  MemoryUsage of job (MB)
	3893420  -  ResidentSetSize of job (KB)
...
006 (14460.001.000) 2025-02-04 07:57:01 Image size of job updated: 5102920
	3866  -  MemoryUsage of job (MB)
	3958056  -  ResidentSetSize of job (KB)
...
006 (14460.001.000) 2025-02-04 08:02:02 Image size of job updated: 5102920
	3866  -  MemoryUsage of job (MB)
	3958188  -  ResidentSetSize of job (KB)
...
006 (14460.001.000) 2025-02-04 11:07:20 Image size of job updated: 5111112
	3866  -  MemoryUsage of job (MB)
	3958188  -  ResidentSetSize of job (KB)
...
006 (14460.001.000) 2025-02-04 11:32:24 Image size of job updated: 5123948
	3866  -  MemoryUsage of job (MB)
	3958188  -  ResidentSetSize of job (KB)
...
006 (14460.001.000) 2025-02-04 12:47:32 Image size of job updated: 5134112
	3881  -  MemoryUsage of job (MB)
	3973764  -  ResidentSetSize of job (KB)
...
006 (14460.001.000) 2025-02-04 13:17:36 Image size of job updated: 5141996
	3881  -  MemoryUsage of job (MB)
	3973764  -  ResidentSetSize of job (KB)
...
006 (14460.001.000) 2025-02-04 13:22:37 Image size of job updated: 5149264
	3881  -  MemoryUsage of job (MB)
	3973764  -  ResidentSetSize of job (KB)
...
006 (14460.001.000) 2025-02-04 13:32:38 Image size of job updated: 5149264
	3934  -  MemoryUsage of job (MB)
	4027584  -  ResidentSetSize of job (KB)
...
006 (14460.001.000) 2025-02-04 13:57:40 Image size of job updated: 5165004
	3934  -  MemoryUsage of job (MB)
	4027584  -  ResidentSetSize of job (KB)
...
006 (14460.001.000) 2025-02-04 17:58:06 Image size of job updated: 5174012
	3934  -  MemoryUsage of job (MB)
	4027584  -  ResidentSetSize of job (KB)
...
006 (14460.001.000) 2025-02-04 18:28:08 Image size of job updated: 5201680
	3934  -  MemoryUsage of job (MB)
	4027584  -  ResidentSetSize of job (KB)
...
006 (14460.001.000) 2025-02-04 18:33:08 Image size of job updated: 5201680
	3935  -  MemoryUsage of job (MB)
	4029072  -  ResidentSetSize of job (KB)
...
006 (14460.001.000) 2025-02-04 20:28:19 Image size of job updated: 5209572
	3935  -  MemoryUsage of job (MB)
	4029072  -  ResidentSetSize of job (KB)
...
006 (14460.001.000) 2025-02-04 20:33:19 Image size of job updated: 5219968
	3935  -  MemoryUsage of job (MB)
	4029072  -  ResidentSetSize of job (KB)
...
006 (14460.001.000) 2025-02-04 20:38:19 Image size of job updated: 5221036
	3935  -  MemoryUsage of job (MB)
	4029072  -  ResidentSetSize of job (KB)
...
006 (14460.001.000) 2025-02-04 22:03:28 Image size of job updated: 5232204
	3935  -  MemoryUsage of job (MB)
	4029072  -  ResidentSetSize of job (KB)
...
006 (14460.001.000) 2025-02-11 17:30:13 Image size of job updated: 5232204
	3942  -  MemoryUsage of job (MB)
	4035660  -  ResidentSetSize of job (KB)
...
006 (14460.001.000) 2025-02-11 20:35:33 Image size of job updated: 5232204
	3955  -  MemoryUsage of job (MB)
	4049824  -  ResidentSetSize of job (KB)
...
006 (14460.001.000) 2025-02-12 02:36:10 Image size of job updated: 5232204
	3993  -  MemoryUsage of job (MB)
	4088832  -  ResidentSetSize of job (KB)
...
006 (14460.001.000) 2025-02-12 02:41:10 Image size of job updated: 5232204
	3994  -  MemoryUsage of job (MB)
	4088964  -  ResidentSetSize of job (KB)
...
006 (14460.001.000) 2025-02-12 04:01:17 Image size of job updated: 5232204
	4000  -  MemoryUsage of job (MB)
	4095152  -  ResidentSetSize of job (KB)
...
006 (14460.001.000) 2025-02-12 08:36:44 Image size of job updated: 5232204
	4017  -  MemoryUsage of job (MB)
	4112480  -  ResidentSetSize of job (KB)
...
006 (14460.001.000) 2025-02-12 09:46:50 Image size of job updated: 5232204
	4024  -  MemoryUsage of job (MB)
	4120432  -  ResidentSetSize of job (KB)
...
006 (14460.001.000) 2025-02-12 14:17:19 Image size of job updated: 5232204
	4041  -  MemoryUsage of job (MB)
	4137220  -  ResidentSetSize of job (KB)
...
006 (14460.001.000) 2025-02-12 14:22:19 Image size of job updated: 5232204
	4041  -  MemoryUsage of job (MB)
	4137484  -  ResidentSetSize of job (KB)
...
006 (14460.001.000) 2025-02-12 22:48:13 Image size of job updated: 5232204
	4048  -  MemoryUsage of job (MB)
	4145084  -  ResidentSetSize of job (KB)
...
006 (14460.001.000) 2025-02-13 01:53:33 Image size of job updated: 5232204
	4081  -  MemoryUsage of job (MB)
	4178648  -  ResidentSetSize of job (KB)
...
006 (14460.001.000) 2025-02-13 01:58:33 Image size of job updated: 5232204
	4081  -  MemoryUsage of job (MB)
	4178912  -  ResidentSetSize of job (KB)
...
006 (14460.001.000) 2025-02-14 01:41:02 Image size of job updated: 5297740
	4081  -  MemoryUsage of job (MB)
	4178912  -  ResidentSetSize of job (KB)
...
006 (14460.001.000) 2025-02-14 06:21:32 Image size of job updated: 5297740
	4108  -  MemoryUsage of job (MB)
	4206508  -  ResidentSetSize of job (KB)
...
006 (14460.001.000) 2025-02-14 12:42:12 Image size of job updated: 5297740
	4121  -  MemoryUsage of job (MB)
	4219652  -  ResidentSetSize of job (KB)
...
006 (14460.001.000) 2025-02-14 12:47:13 Image size of job updated: 5297740
	4121  -  MemoryUsage of job (MB)
	4219784  -  ResidentSetSize of job (KB)
...
006 (14460.001.000) 2025-02-14 16:37:34 Image size of job updated: 5297740
	4138  -  MemoryUsage of job (MB)
	4236696  -  ResidentSetSize of job (KB)
...
006 (14460.001.000) 2025-02-14 22:13:10 Image size of job updated: 5363292
	4138  -  MemoryUsage of job (MB)
	4236696  -  ResidentSetSize of job (KB)
...
006 (14460.001.000) 2025-02-14 22:23:11 Image size of job updated: 5363292
	4186  -  MemoryUsage of job (MB)
	4285564  -  ResidentSetSize of job (KB)
...
006 (14460.001.000) 2025-02-15 02:28:38 Image size of job updated: 5428844
	4186  -  MemoryUsage of job (MB)
	4285564  -  ResidentSetSize of job (KB)
...
006 (14460.001.000) 2025-02-15 03:08:42 Image size of job updated: 5428844
	4208  -  MemoryUsage of job (MB)
	4308356  -  ResidentSetSize of job (KB)
...
006 (14460.001.000) 2025-02-15 03:13:42 Image size of job updated: 5428844
	4208  -  MemoryUsage of job (MB)
	4308488  -  ResidentSetSize of job (KB)
...
006 (14460.001.000) 2025-02-15 15:14:59 Image size of job updated: 5428844
	4244  -  MemoryUsage of job (MB)
	4345508  -  ResidentSetSize of job (KB)
...
006 (14460.001.000) 2025-02-15 21:10:33 Image size of job updated: 5428844
	4281  -  MemoryUsage of job (MB)
	4383608  -  ResidentSetSize of job (KB)
...
006 (14460.001.000) 2025-02-16 04:21:16 Image size of job updated: 5494396
	4281  -  MemoryUsage of job (MB)
	4383608  -  ResidentSetSize of job (KB)
...
006 (14460.001.000) 2025-02-16 04:46:19 Image size of job updated: 5494396
	4291  -  MemoryUsage of job (MB)
	4393408  -  ResidentSetSize of job (KB)
...
006 (14460.001.000) 2025-02-17 02:03:25 Image size of job updated: 5500856
	4291  -  MemoryUsage of job (MB)
	4393408  -  ResidentSetSize of job (KB)
...
006 (14460.001.000) 2025-02-17 03:23:33 Image size of job updated: 5508024
	4291  -  MemoryUsage of job (MB)
	4393408  -  ResidentSetSize of job (KB)
...
006 (14460.001.000) 2025-02-17 05:13:44 Image size of job updated: 5515192
	4291  -  MemoryUsage of job (MB)
	4393408  -  ResidentSetSize of job (KB)
...
006 (14460.001.000) 2025-02-17 07:53:59 Image size of job updated: 5530552
	4347  -  MemoryUsage of job (MB)
	4451180  -  ResidentSetSize of job (KB)
...
006 (14460.001.000) 2025-02-17 09:29:09 Image size of job updated: 5537208
	4347  -  MemoryUsage of job (MB)
	4451180  -  ResidentSetSize of job (KB)
...
006 (14460.001.000) 2025-02-17 12:49:28 Image size of job updated: 5543864
	4347  -  MemoryUsage of job (MB)
	4451180  -  ResidentSetSize of job (KB)
...
006 (14460.001.000) 2025-02-17 13:29:34 Image size of job updated: 5543864
	4378  -  MemoryUsage of job (MB)
	4482660  -  ResidentSetSize of job (KB)
...
006 (14460.001.000) 2025-02-17 14:14:38 Image size of job updated: 5559224
	4378  -  MemoryUsage of job (MB)
	4482660  -  ResidentSetSize of job (KB)
...
006 (14460.001.000) 2025-02-17 14:39:41 Image size of job updated: 5559224
	4396  -  MemoryUsage of job (MB)
	4501352  -  ResidentSetSize of job (KB)
...
006 (14460.001.000) 2025-02-17 16:39:53 Image size of job updated: 5564344
	4396  -  MemoryUsage of job (MB)
	4501352  -  ResidentSetSize of job (KB)
...
006 (14460.001.000) 2025-02-17 17:50:01 Image size of job updated: 5629896
	4396  -  MemoryUsage of job (MB)
	4501352  -  ResidentSetSize of job (KB)
...
006 (14460.001.000) 2025-02-17 18:15:03 Image size of job updated: 5636296
	4396  -  MemoryUsage of job (MB)
	4501352  -  ResidentSetSize of job (KB)
...
006 (14460.001.000) 2025-02-17 19:25:11 Image size of job updated: 5636296
	4409  -  MemoryUsage of job (MB)
	4514688  -  ResidentSetSize of job (KB)
...
006 (14460.001.000) 2025-02-17 19:30:12 Image size of job updated: 5636296
	4410  -  MemoryUsage of job (MB)
	4514820  -  ResidentSetSize of job (KB)
...
006 (14460.001.000) 2025-02-17 21:55:25 Image size of job updated: 5636296
	4449  -  MemoryUsage of job (MB)
	4555548  -  ResidentSetSize of job (KB)
...
006 (14460.001.000) 2025-02-17 22:20:28 Image size of job updated: 5701848
	4449  -  MemoryUsage of job (MB)
	4555548  -  ResidentSetSize of job (KB)
...
006 (14460.001.000) 2025-02-17 22:40:31 Image size of job updated: 5701848
	4454  -  MemoryUsage of job (MB)
	4559904  -  ResidentSetSize of job (KB)
...
006 (14460.001.000) 2025-02-17 23:35:36 Image size of job updated: 5706968
	4454  -  MemoryUsage of job (MB)
	4559904  -  ResidentSetSize of job (KB)
...
006 (14460.001.000) 2025-02-18 00:05:40 Image size of job updated: 5706968
	4527  -  MemoryUsage of job (MB)
	4635000  -  ResidentSetSize of job (KB)
...
006 (14460.001.000) 2025-03-01 07:33:51 Image size of job updated: 5726636
	4527  -  MemoryUsage of job (MB)
	4635000  -  ResidentSetSize of job (KB)
...
006 (14460.001.000) 2025-03-01 10:59:11 Image size of job updated: 5731756
	4527  -  MemoryUsage of job (MB)
	4635000  -  ResidentSetSize of job (KB)
...
006 (14460.001.000) 2025-03-01 13:19:24 Image size of job updated: 5736876
	4527  -  MemoryUsage of job (MB)
	4635000  -  ResidentSetSize of job (KB)
...
006 (14460.001.000) 2025-03-01 15:59:40 Image size of job updated: 5752236
	4527  -  MemoryUsage of job (MB)
	4635000  -  ResidentSetSize of job (KB)
...
006 (14460.001.000) 2025-03-01 18:14:54 Image size of job updated: 5767596
	4527  -  MemoryUsage of job (MB)
	4635000  -  ResidentSetSize of job (KB)
...
006 (14460.001.000) 2025-03-01 18:29:56 Image size of job updated: 5833148
	4527  -  MemoryUsage of job (MB)
	4635000  -  ResidentSetSize of job (KB)
...
006 (14460.001.000) 2025-03-01 20:10:07 Image size of job updated: 5833148
	4613  -  MemoryUsage of job (MB)
	4722748  -  ResidentSetSize of job (KB)
...
006 (14460.001.000) 2025-03-01 20:25:08 Image size of job updated: 5839804
	4613  -  MemoryUsage of job (MB)
	4722748  -  ResidentSetSize of job (KB)
...
006 (14460.001.000) 2025-03-01 22:45:24 Image size of job updated: 5839804
	4636  -  MemoryUsage of job (MB)
	4746440  -  ResidentSetSize of job (KB)
...
006 (14460.001.000) 2025-03-01 22:55:25 Image size of job updated: 5846460
	4636  -  MemoryUsage of job (MB)
	4746440  -  ResidentSetSize of job (KB)
...
006 (14460.001.000) 2025-03-02 00:15:33 Image size of job updated: 5846460
	4666  -  MemoryUsage of job (MB)
	4777416  -  ResidentSetSize of job (KB)
...
006 (14460.001.000) 2025-03-02 01:20:40 Image size of job updated: 5853372
	4666  -  MemoryUsage of job (MB)
	4777416  -  ResidentSetSize of job (KB)
...
006 (14460.001.000) 2025-03-02 02:45:50 Image size of job updated: 5858492
	4666  -  MemoryUsage of job (MB)
	4777416  -  ResidentSetSize of job (KB)
...
006 (14460.001.000) 2025-03-02 05:16:06 Image size of job updated: 5865660
	4666  -  MemoryUsage of job (MB)
	4777416  -  ResidentSetSize of job (KB)
...
006 (14460.001.000) 2025-03-02 07:41:23 Image size of job updated: 5881020
	4666  -  MemoryUsage of job (MB)
	4777416  -  ResidentSetSize of job (KB)
...
006 (14460.001.000) 2025-03-02 07:56:25 Image size of job updated: 5946572
	4666  -  MemoryUsage of job (MB)
	4777416  -  ResidentSetSize of job (KB)
...
006 (14460.001.000) 2025-03-02 10:51:42 Image size of job updated: 5953228
	4666  -  MemoryUsage of job (MB)
	4777416  -  ResidentSetSize of job (KB)
...
006 (14460.001.000) 2025-03-02 12:31:50 Image size of job updated: 5953228
	4685  -  MemoryUsage of job (MB)
	4796472  -  ResidentSetSize of job (KB)
...
006 (14460.001.000) 2025-03-02 14:42:04 Image size of job updated: 5958348
	4685  -  MemoryUsage of job (MB)
	4796472  -  ResidentSetSize of job (KB)
...
006 (14460.001.000) 2025-03-02 16:42:16 Image size of job updated: 5958348
	4701  -  MemoryUsage of job (MB)
	4813620  -  ResidentSetSize of job (KB)
...
006 (14460.001.000) 2025-03-02 16:47:17 Image size of job updated: 5963468
	4701  -  MemoryUsage of job (MB)
	4813620  -  ResidentSetSize of job (KB)
...
006 (14460.001.000) 2025-03-02 20:27:39 Image size of job updated: 5968588
	4701  -  MemoryUsage of job (MB)
	4813620  -  ResidentSetSize of job (KB)
...
006 (14460.001.000) 2025-03-02 21:57:48 Image size of job updated: 5973708
	4701  -  MemoryUsage of job (MB)
	4813620  -  ResidentSetSize of job (KB)
...
006 (14460.001.000) 2025-03-02 22:37:52 Image size of job updated: 5973708
	4788  -  MemoryUsage of job (MB)
	4902008  -  ResidentSetSize of job (KB)
...
006 (14460.001.000) 2025-03-02 23:32:57 Image size of job updated: 6039260
	4788  -  MemoryUsage of job (MB)
	4902008  -  ResidentSetSize of job (KB)
...
006 (14460.001.000) 2025-03-03 00:23:02 Image size of job updated: 6044380
	4788  -  MemoryUsage of job (MB)
	4902008  -  ResidentSetSize of job (KB)
...
006 (14460.001.000) 2025-03-03 02:03:13 Image size of job updated: 6051292
	4788  -  MemoryUsage of job (MB)
	4902008  -  ResidentSetSize of job (KB)
...
006 (14460.001.000) 2025-03-15 12:59:34 Image size of job updated: 10361448
	5800  -  MemoryUsage of job (MB)
	5938676  -  ResidentSetSize of job (KB)
...
006 (14460.001.000) 2025-03-15 13:04:34 Image size of job updated: 10369608
	7958  -  MemoryUsage of job (MB)
	8148120  -  ResidentSetSize of job (KB)
...
006 (14460.001.000) 2025-03-15 13:05:24 Image size of job updated: 10371992
	7958  -  MemoryUsage of job (MB)
	8148120  -  ResidentSetSize of job (KB)
...
005 (14460.001.000) 2025-03-15 13:05:24 Job terminated.
	(1) Normal termination (return value 1)
		Usr 97 16:51:57, Sys 1 04:00:15  -  Run Remote Usage
		Usr 0 00:00:00, Sys 0 00:00:00  -  Run Local Usage
		Usr 131 05:58:19, Sys 1 07:30:04  -  Total Remote Usage
		Usr 0 00:00:00, Sys 0 00:00:00  -  Total Local Usage
	0  -  Run Bytes Sent By Job
	0  -  Run Bytes Received By Job
	0  -  Total Bytes Sent By Job
	0  -  Total Bytes Received By Job
	Partitionable Resources :    Usage  Request Allocated 
	   Cpus                 :     1.00        1         1 
	   Disk (KB)            :    15          15      3344 
	   Memory (MB)          :  7958       10240     10240 

	Job terminated of its own accord at 2025-03-15T12:05:24Z with exit-code 1.
...
