000 (14466.004.000) 2024-12-05 15:26:23 Job submitted from host: <10.18.24.233:9618?addrs=10.18.24.233-9618&alias=bioclusts03.bioclust.biologie.ens.fr&noUDP&sock=schedd_910141_9a29>
...
001 (14466.004.000) 2024-12-05 15:26:23 Job executing on host: <10.18.24.50:9618?addrs=10.18.24.50-9618&alias=bioclust50.bioclust.biologie.ens.fr&noUDP&sock=startd_1174_d846>
...
006 (14466.004.000) 2024-12-05 15:26:32 Image size of job updated: 786020
	175  -  MemoryUsage of job (MB)
	178496  -  ResidentSetSize of job (KB)
...
006 (14466.004.000) 2024-12-05 15:31:33 Image size of job updated: 1788728
	752  -  MemoryUsage of job (MB)
	769872  -  ResidentSetSize of job (KB)
...
006 (14466.004.000) 2024-12-05 15:36:34 Image size of job updated: 1798772
	763  -  MemoryUsage of job (MB)
	780432  -  ResidentSetSize of job (KB)
...
006 (14466.004.000) 2024-12-05 15:41:34 Image size of job updated: 1803024
	768  -  MemoryUsage of job (MB)
	786240  -  ResidentSetSize of job (KB)
...
006 (14466.004.000) 2024-12-05 15:46:34 Image size of job updated: 1809940
	777  -  MemoryUsage of job (MB)
	794820  -  ResidentSetSize of job (KB)
...
006 (14466.004.000) 2024-12-05 15:51:35 Image size of job updated: 1814412
	779  -  MemoryUsage of job (MB)
	796828  -  ResidentSetSize of job (KB)
...
006 (14466.004.000) 2024-12-05 15:56:36 Image size of job updated: 1814412
	784  -  MemoryUsage of job (MB)
	802108  -  ResidentSetSize of job (KB)
...
006 (14466.004.000) 2024-12-05 16:01:36 Image size of job updated: 1815736
	789  -  MemoryUsage of job (MB)
	807520  -  ResidentSetSize of job (KB)
...
006 (14466.004.000) 2024-12-05 16:06:36 Image size of job updated: 1815736
	791  -  MemoryUsage of job (MB)
	809104  -  ResidentSetSize of job (KB)
...
006 (14466.004.000) 2024-12-05 16:11:37 Image size of job updated: 1819416
	793  -  MemoryUsage of job (MB)
	811600  -  ResidentSetSize of job (KB)
...
006 (14466.004.000) 2024-12-05 16:16:37 Image size of job updated: 1821728
	799  -  MemoryUsage of job (MB)
	817672  -  ResidentSetSize of job (KB)
...
006 (14466.004.000) 2024-12-05 16:21:37 Image size of job updated: 1823576
	802  -  MemoryUsage of job (MB)
	820444  -  ResidentSetSize of job (KB)
...
006 (14466.004.000) 2024-12-05 16:26:38 Image size of job updated: 1827508
	805  -  MemoryUsage of job (MB)
	823564  -  ResidentSetSize of job (KB)
...
006 (14466.004.000) 2024-12-05 16:31:39 Image size of job updated: 1827508
	809  -  MemoryUsage of job (MB)
	827632  -  ResidentSetSize of job (KB)
...
006 (14466.004.000) 2024-12-05 16:36:39 Image size of job updated: 1829756
	816  -  MemoryUsage of job (MB)
	835552  -  ResidentSetSize of job (KB)
...
006 (14466.004.000) 2024-12-05 16:41:39 Image size of job updated: 1832584
	818  -  MemoryUsage of job (MB)
	837320  -  ResidentSetSize of job (KB)
...
006 (14466.004.000) 2024-12-05 16:46:40 Image size of job updated: 1835676
	826  -  MemoryUsage of job (MB)
	845636  -  ResidentSetSize of job (KB)
...
006 (14466.004.000) 2024-12-05 16:51:40 Image size of job updated: 1839308
	833  -  MemoryUsage of job (MB)
	852104  -  ResidentSetSize of job (KB)
...
006 (14466.004.000) 2024-12-05 16:56:40 Image size of job updated: 1846964
	845  -  MemoryUsage of job (MB)
	864380  -  ResidentSetSize of job (KB)
...
006 (14466.004.000) 2024-12-05 17:01:41 Image size of job updated: 1846964
	848  -  MemoryUsage of job (MB)
	867944  -  ResidentSetSize of job (KB)
...
006 (14466.004.000) 2024-12-05 17:06:42 Image size of job updated: 1848476
	852  -  MemoryUsage of job (MB)
	871932  -  ResidentSetSize of job (KB)
...
006 (14466.004.000) 2024-12-05 17:11:42 Image size of job updated: 1850140
	853  -  MemoryUsage of job (MB)
	873288  -  ResidentSetSize of job (KB)
...
006 (14466.004.000) 2024-12-05 17:16:43 Image size of job updated: 1850140
	856  -  MemoryUsage of job (MB)
	876068  -  ResidentSetSize of job (KB)
...
006 (14466.004.000) 2024-12-05 17:21:44 Image size of job updated: 1850140
	864  -  MemoryUsage of job (MB)
	884560  -  ResidentSetSize of job (KB)
...
006 (14466.004.000) 2024-12-05 17:26:44 Image size of job updated: 1854532
	873  -  MemoryUsage of job (MB)
	893536  -  ResidentSetSize of job (KB)
...
006 (14466.004.000) 2024-12-05 17:31:44 Image size of job updated: 1857480
	878  -  MemoryUsage of job (MB)
	898288  -  ResidentSetSize of job (KB)
...
006 (14466.004.000) 2024-12-05 17:41:46 Image size of job updated: 1857480
	881  -  MemoryUsage of job (MB)
	901304  -  ResidentSetSize of job (KB)
...
006 (14466.004.000) 2024-12-05 17:46:46 Image size of job updated: 1858500
	882  -  MemoryUsage of job (MB)
	902716  -  ResidentSetSize of job (KB)
...
006 (14466.004.000) 2024-12-05 17:51:47 Image size of job updated: 1858500
	884  -  MemoryUsage of job (MB)
	905024  -  ResidentSetSize of job (KB)
...
006 (14466.004.000) 2024-12-05 17:56:48 Image size of job updated: 1859972
	891  -  MemoryUsage of job (MB)
	912020  -  ResidentSetSize of job (KB)
...
006 (14466.004.000) 2024-12-05 18:01:48 Image size of job updated: 1861168
	894  -  MemoryUsage of job (MB)
	914952  -  ResidentSetSize of job (KB)
...
006 (14466.004.000) 2024-12-05 18:06:48 Image size of job updated: 1862276
	897  -  MemoryUsage of job (MB)
	918120  -  ResidentSetSize of job (KB)
...
006 (14466.004.000) 2024-12-05 18:11:50 Image size of job updated: 1863356
	901  -  MemoryUsage of job (MB)
	921684  -  ResidentSetSize of job (KB)
...
006 (14466.004.000) 2024-12-05 18:16:50 Image size of job updated: 1863356
	901  -  MemoryUsage of job (MB)
	922476  -  ResidentSetSize of job (KB)
...
006 (14466.004.000) 2024-12-05 18:21:50 Image size of job updated: 1865256
	905  -  MemoryUsage of job (MB)
	926304  -  ResidentSetSize of job (KB)
...
006 (14466.004.000) 2024-12-05 18:26:51 Image size of job updated: 1930956
	908  -  MemoryUsage of job (MB)
	929736  -  ResidentSetSize of job (KB)
...
006 (14466.004.000) 2024-12-05 22:07:15 Image size of job updated: 1931632
	908  -  MemoryUsage of job (MB)
	929736  -  ResidentSetSize of job (KB)
...
006 (14466.004.000) 2024-12-05 22:12:16 Image size of job updated: 1932312
	908  -  MemoryUsage of job (MB)
	929736  -  ResidentSetSize of job (KB)
...
006 (14466.004.000) 2024-12-05 22:17:16 Image size of job updated: 1933092
	908  -  MemoryUsage of job (MB)
	929736  -  ResidentSetSize of job (KB)
...
006 (14466.004.000) 2024-12-05 22:22:16 Image size of job updated: 1934424
	908  -  MemoryUsage of job (MB)
	929736  -  ResidentSetSize of job (KB)
...
006 (14466.004.000) 2024-12-05 22:27:17 Image size of job updated: 1937120
	908  -  MemoryUsage of job (MB)
	929736  -  ResidentSetSize of job (KB)
...
006 (14466.004.000) 2024-12-05 22:32:17 Image size of job updated: 1950976
	908  -  MemoryUsage of job (MB)
	929736  -  ResidentSetSize of job (KB)
...
006 (14466.004.000) 2024-12-05 22:37:17 Image size of job updated: 1957864
	912  -  MemoryUsage of job (MB)
	933176  -  ResidentSetSize of job (KB)
...
006 (14466.004.000) 2024-12-05 22:42:19 Image size of job updated: 1959764
	916  -  MemoryUsage of job (MB)
	937928  -  ResidentSetSize of job (KB)
...
006 (14466.004.000) 2024-12-05 22:47:19 Image size of job updated: 1960332
	920  -  MemoryUsage of job (MB)
	941096  -  ResidentSetSize of job (KB)
...
006 (14466.004.000) 2024-12-05 22:52:19 Image size of job updated: 1977252
	938  -  MemoryUsage of job (MB)
	959708  -  ResidentSetSize of job (KB)
...
006 (14466.004.000) 2024-12-05 22:57:20 Image size of job updated: 1977252
	940  -  MemoryUsage of job (MB)
	961820  -  ResidentSetSize of job (KB)
...
006 (14466.004.000) 2024-12-05 23:02:21 Image size of job updated: 1990116
	953  -  MemoryUsage of job (MB)
	975020  -  ResidentSetSize of job (KB)
...
006 (14466.004.000) 2024-12-05 23:07:21 Image size of job updated: 1990116
	956  -  MemoryUsage of job (MB)
	978056  -  ResidentSetSize of job (KB)
...
006 (14466.004.000) 2024-12-05 23:12:22 Image size of job updated: 1990116
	957  -  MemoryUsage of job (MB)
	979244  -  ResidentSetSize of job (KB)
...
006 (14466.004.000) 2024-12-05 23:17:23 Image size of job updated: 2004232
	972  -  MemoryUsage of job (MB)
	994820  -  ResidentSetSize of job (KB)
...
006 (14466.004.000) 2024-12-05 23:22:23 Image size of job updated: 2004232
	974  -  MemoryUsage of job (MB)
	997064  -  ResidentSetSize of job (KB)
...
006 (14466.004.000) 2024-12-05 23:27:23 Image size of job updated: 2010472
	982  -  MemoryUsage of job (MB)
	1005380  -  ResidentSetSize of job (KB)
...
006 (14466.004.000) 2024-12-05 23:32:24 Image size of job updated: 2010472
	984  -  MemoryUsage of job (MB)
	1007360  -  ResidentSetSize of job (KB)
...
006 (14466.004.000) 2024-12-05 23:37:25 Image size of job updated: 2019952
	995  -  MemoryUsage of job (MB)
	1018184  -  ResidentSetSize of job (KB)
...
006 (14466.004.000) 2024-12-05 23:42:25 Image size of job updated: 2019952
	997  -  MemoryUsage of job (MB)
	1020428  -  ResidentSetSize of job (KB)
...
006 (14466.004.000) 2024-12-05 23:47:26 Image size of job updated: 2027628
	1005  -  MemoryUsage of job (MB)
	1028612  -  ResidentSetSize of job (KB)
...
006 (14466.004.000) 2024-12-05 23:52:27 Image size of job updated: 2027628
	1008  -  MemoryUsage of job (MB)
	1031912  -  ResidentSetSize of job (KB)
...
006 (14466.004.000) 2024-12-05 23:57:27 Image size of job updated: 2027628
	1013  -  MemoryUsage of job (MB)
	1036796  -  ResidentSetSize of job (KB)
...
006 (14466.004.000) 2024-12-06 00:02:28 Image size of job updated: 2027628
	1014  -  MemoryUsage of job (MB)
	1037456  -  ResidentSetSize of job (KB)
...
006 (14466.004.000) 2024-12-06 00:07:29 Image size of job updated: 2027628
	1017  -  MemoryUsage of job (MB)
	1041284  -  ResidentSetSize of job (KB)
...
006 (14466.004.000) 2024-12-06 00:12:29 Image size of job updated: 2034840
	1026  -  MemoryUsage of job (MB)
	1049864  -  ResidentSetSize of job (KB)
...
006 (14466.004.000) 2024-12-06 00:17:29 Image size of job updated: 2034840
	1030  -  MemoryUsage of job (MB)
	1053824  -  ResidentSetSize of job (KB)
...
006 (14466.004.000) 2024-12-06 00:22:31 Image size of job updated: 2034840
	1032  -  MemoryUsage of job (MB)
	1056596  -  ResidentSetSize of job (KB)
...
006 (14466.004.000) 2024-12-06 00:27:31 Image size of job updated: 2034840
	1040  -  MemoryUsage of job (MB)
	1064516  -  ResidentSetSize of job (KB)
...
006 (14466.004.000) 2024-12-06 00:32:31 Image size of job updated: 2045068
	1057  -  MemoryUsage of job (MB)
	1081808  -  ResidentSetSize of job (KB)
...
006 (14466.004.000) 2024-12-06 00:37:32 Image size of job updated: 2045068
	1061  -  MemoryUsage of job (MB)
	1086296  -  ResidentSetSize of job (KB)
...
006 (14466.004.000) 2024-12-06 00:42:33 Image size of job updated: 2054328
	1072  -  MemoryUsage of job (MB)
	1097516  -  ResidentSetSize of job (KB)
...
006 (14466.004.000) 2024-12-06 00:47:33 Image size of job updated: 2054328
	1074  -  MemoryUsage of job (MB)
	1099364  -  ResidentSetSize of job (KB)
...
006 (14466.004.000) 2024-12-06 00:52:33 Image size of job updated: 2054328
	1077  -  MemoryUsage of job (MB)
	1101872  -  ResidentSetSize of job (KB)
...
006 (14466.004.000) 2024-12-06 00:57:34 Image size of job updated: 2088944
	1112  -  MemoryUsage of job (MB)
	1138172  -  ResidentSetSize of job (KB)
...
006 (14466.004.000) 2024-12-06 01:02:34 Image size of job updated: 2096304
	1122  -  MemoryUsage of job (MB)
	1148072  -  ResidentSetSize of job (KB)
...
006 (14466.004.000) 2024-12-06 01:17:36 Image size of job updated: 2111040
	1134  -  MemoryUsage of job (MB)
	1160760  -  ResidentSetSize of job (KB)
...
006 (14466.004.000) 2024-12-06 05:43:03 Image size of job updated: 2112988
	1144  -  MemoryUsage of job (MB)
	1171104  -  ResidentSetSize of job (KB)
...
006 (14466.004.000) 2024-12-06 05:48:03 Image size of job updated: 2120084
	1152  -  MemoryUsage of job (MB)
	1179420  -  ResidentSetSize of job (KB)
...
006 (14466.004.000) 2024-12-06 05:53:03 Image size of job updated: 2120788
	1156  -  MemoryUsage of job (MB)
	1183644  -  ResidentSetSize of job (KB)
...
006 (14466.004.000) 2024-12-06 05:58:04 Image size of job updated: 2124176
	1167  -  MemoryUsage of job (MB)
	1194468  -  ResidentSetSize of job (KB)
...
006 (14466.004.000) 2024-12-06 06:03:04 Image size of job updated: 2204796
	1178  -  MemoryUsage of job (MB)
	1206084  -  ResidentSetSize of job (KB)
...
006 (14466.004.000) 2024-12-06 06:08:04 Image size of job updated: 2205828
	1181  -  MemoryUsage of job (MB)
	1208328  -  ResidentSetSize of job (KB)
...
006 (14466.004.000) 2024-12-06 06:13:05 Image size of job updated: 2205828
	1183  -  MemoryUsage of job (MB)
	1211232  -  ResidentSetSize of job (KB)
...
006 (14466.004.000) 2024-12-06 06:18:06 Image size of job updated: 2223536
	1202  -  MemoryUsage of job (MB)
	1230372  -  ResidentSetSize of job (KB)
...
006 (14466.004.000) 2024-12-06 06:23:06 Image size of job updated: 2231816
	1212  -  MemoryUsage of job (MB)
	1240800  -  ResidentSetSize of job (KB)
...
006 (14466.004.000) 2024-12-06 06:28:07 Image size of job updated: 2231816
	1216  -  MemoryUsage of job (MB)
	1245156  -  ResidentSetSize of job (KB)
...
006 (14466.004.000) 2024-12-06 06:33:08 Image size of job updated: 2233624
	1222  -  MemoryUsage of job (MB)
	1250568  -  ResidentSetSize of job (KB)
...
006 (14466.004.000) 2024-12-06 06:38:08 Image size of job updated: 2233624
	1225  -  MemoryUsage of job (MB)
	1254396  -  ResidentSetSize of job (KB)
...
006 (14466.004.000) 2024-12-06 06:43:08 Image size of job updated: 2254988
	1249  -  MemoryUsage of job (MB)
	1278948  -  ResidentSetSize of job (KB)
...
006 (14466.004.000) 2024-12-06 06:48:10 Image size of job updated: 2254988
	1253  -  MemoryUsage of job (MB)
	1282776  -  ResidentSetSize of job (KB)
...
006 (14466.004.000) 2024-12-06 06:53:10 Image size of job updated: 2254988
	1256  -  MemoryUsage of job (MB)
	1285812  -  ResidentSetSize of job (KB)
...
006 (14466.004.000) 2024-12-06 06:58:10 Image size of job updated: 2255572
	1259  -  MemoryUsage of job (MB)
	1288980  -  ResidentSetSize of job (KB)
...
006 (14466.004.000) 2024-12-06 07:03:11 Image size of job updated: 2264852
	1275  -  MemoryUsage of job (MB)
	1305084  -  ResidentSetSize of job (KB)
...
006 (14466.004.000) 2024-12-06 07:08:12 Image size of job updated: 2266568
	1275  -  MemoryUsage of job (MB)
	1305084  -  ResidentSetSize of job (KB)
...
006 (14466.004.000) 2024-12-06 11:33:41 Image size of job updated: 2280164
	1286  -  MemoryUsage of job (MB)
	1316056  -  ResidentSetSize of job (KB)
...
006 (14466.004.000) 2024-12-06 11:38:41 Image size of job updated: 2280164
	1288  -  MemoryUsage of job (MB)
	1317904  -  ResidentSetSize of job (KB)
...
006 (14466.004.000) 2024-12-06 11:43:41 Image size of job updated: 2286096
	1294  -  MemoryUsage of job (MB)
	1324900  -  ResidentSetSize of job (KB)
...
006 (14466.004.000) 2024-12-06 11:48:42 Image size of job updated: 2290904
	1315  -  MemoryUsage of job (MB)
	1345624  -  ResidentSetSize of job (KB)
...
006 (14466.004.000) 2024-12-06 11:53:43 Image size of job updated: 2313140
	1330  -  MemoryUsage of job (MB)
	1361860  -  ResidentSetSize of job (KB)
...
006 (14466.004.000) 2024-12-06 11:58:43 Image size of job updated: 2313140
	1335  -  MemoryUsage of job (MB)
	1366480  -  ResidentSetSize of job (KB)
...
006 (14466.004.000) 2024-12-06 12:03:43 Image size of job updated: 2313140
	1338  -  MemoryUsage of job (MB)
	1369912  -  ResidentSetSize of job (KB)
...
006 (14466.004.000) 2024-12-06 12:08:44 Image size of job updated: 2313140
	1340  -  MemoryUsage of job (MB)
	1372024  -  ResidentSetSize of job (KB)
...
006 (14466.004.000) 2024-12-06 12:13:45 Image size of job updated: 2313140
	1345  -  MemoryUsage of job (MB)
	1377172  -  ResidentSetSize of job (KB)
...
006 (14466.004.000) 2024-12-06 12:18:45 Image size of job updated: 2378692
	1348  -  MemoryUsage of job (MB)
	1379548  -  ResidentSetSize of job (KB)
...
006 (14466.004.000) 2024-12-06 12:23:45 Image size of job updated: 2384692
	1361  -  MemoryUsage of job (MB)
	1393012  -  ResidentSetSize of job (KB)
...
006 (14466.004.000) 2024-12-06 12:28:46 Image size of job updated: 2400616
	1380  -  MemoryUsage of job (MB)
	1412404  -  ResidentSetSize of job (KB)
...
006 (14466.004.000) 2024-12-06 12:33:47 Image size of job updated: 2400616
	1382  -  MemoryUsage of job (MB)
	1414912  -  ResidentSetSize of job (KB)
...
006 (14466.004.000) 2024-12-06 12:38:47 Image size of job updated: 2400616
	1384  -  MemoryUsage of job (MB)
	1416496  -  ResidentSetSize of job (KB)
...
006 (14466.004.000) 2024-12-06 12:43:47 Image size of job updated: 2400616
	1385  -  MemoryUsage of job (MB)
	1418080  -  ResidentSetSize of job (KB)
...
006 (14466.004.000) 2024-12-06 12:48:48 Image size of job updated: 2411340
	1396  -  MemoryUsage of job (MB)
	1429432  -  ResidentSetSize of job (KB)
...
006 (14466.004.000) 2024-12-06 12:53:48 Image size of job updated: 2411340
	1399  -  MemoryUsage of job (MB)
	1432148  -  ResidentSetSize of job (KB)
...
006 (14466.004.000) 2024-12-06 12:58:48 Image size of job updated: 2411340
	1401  -  MemoryUsage of job (MB)
	1434480  -  ResidentSetSize of job (KB)
...
006 (14466.004.000) 2024-12-06 13:03:49 Image size of job updated: 2411340
	1406  -  MemoryUsage of job (MB)
	1438836  -  ResidentSetSize of job (KB)
...
006 (14466.004.000) 2024-12-06 13:08:50 Image size of job updated: 2411340
	1408  -  MemoryUsage of job (MB)
	1441292  -  ResidentSetSize of job (KB)
...
006 (14466.004.000) 2024-12-06 13:18:51 Image size of job updated: 2411340
	1409  -  MemoryUsage of job (MB)
	1442060  -  ResidentSetSize of job (KB)
...
006 (14466.004.000) 2024-12-06 13:23:52 Image size of job updated: 2411340
	1410  -  MemoryUsage of job (MB)
	1443548  -  ResidentSetSize of job (KB)
...
006 (14466.004.000) 2024-12-06 13:28:52 Image size of job updated: 2411340
	1412  -  MemoryUsage of job (MB)
	1444948  -  ResidentSetSize of job (KB)
...
006 (14466.004.000) 2024-12-06 13:33:52 Image size of job updated: 2411340
	1414  -  MemoryUsage of job (MB)
	1447712  -  ResidentSetSize of job (KB)
...
006 (14466.004.000) 2024-12-06 13:38:53 Image size of job updated: 2411340
	1417  -  MemoryUsage of job (MB)
	1450584  -  ResidentSetSize of job (KB)
...
006 (14466.004.000) 2024-12-06 13:43:54 Image size of job updated: 2411340
	1420  -  MemoryUsage of job (MB)
	1453340  -  ResidentSetSize of job (KB)
...
006 (14466.004.000) 2024-12-06 13:48:54 Image size of job updated: 2411340
	1422  -  MemoryUsage of job (MB)
	1455608  -  ResidentSetSize of job (KB)
...
006 (14466.004.000) 2024-12-06 13:53:54 Image size of job updated: 2411340
	1422  -  MemoryUsage of job (MB)
	1455712  -  ResidentSetSize of job (KB)
...
006 (14466.004.000) 2024-12-06 14:03:56 Image size of job updated: 2411340
	1424  -  MemoryUsage of job (MB)
	1457252  -  ResidentSetSize of job (KB)
...
006 (14466.004.000) 2024-12-06 14:08:56 Image size of job updated: 2411340
	1426  -  MemoryUsage of job (MB)
	1459224  -  ResidentSetSize of job (KB)
...
006 (14466.004.000) 2024-12-06 14:13:57 Image size of job updated: 2411340
	1427  -  MemoryUsage of job (MB)
	1460964  -  ResidentSetSize of job (KB)
...
006 (14466.004.000) 2024-12-06 14:18:58 Image size of job updated: 2411340
	1428  -  MemoryUsage of job (MB)
	1462240  -  ResidentSetSize of job (KB)
...
006 (14466.004.000) 2024-12-06 14:23:58 Image size of job updated: 2411340
	1434  -  MemoryUsage of job (MB)
	1467680  -  ResidentSetSize of job (KB)
...
006 (14466.004.000) 2024-12-06 23:29:53 Image size of job updated: 2413136
	1434  -  MemoryUsage of job (MB)
	1467680  -  ResidentSetSize of job (KB)
...
006 (14466.004.000) 2024-12-06 23:34:54 Image size of job updated: 2417708
	1434  -  MemoryUsage of job (MB)
	1467680  -  ResidentSetSize of job (KB)
...
006 (14466.004.000) 2024-12-06 23:44:55 Image size of job updated: 2427820
	1434  -  MemoryUsage of job (MB)
	1467680  -  ResidentSetSize of job (KB)
...
006 (14466.004.000) 2024-12-06 23:49:55 Image size of job updated: 2433332
	1434  -  MemoryUsage of job (MB)
	1467680  -  ResidentSetSize of job (KB)
...
006 (14466.004.000) 2024-12-06 23:54:56 Image size of job updated: 2442016
	1434  -  MemoryUsage of job (MB)
	1468284  -  ResidentSetSize of job (KB)
...
006 (14466.004.000) 2024-12-06 23:59:57 Image size of job updated: 2442016
	1439  -  MemoryUsage of job (MB)
	1473140  -  ResidentSetSize of job (KB)
...
006 (14466.004.000) 2024-12-07 00:04:57 Image size of job updated: 2442016
	1442  -  MemoryUsage of job (MB)
	1475896  -  ResidentSetSize of job (KB)
...
006 (14466.004.000) 2024-12-07 00:09:57 Image size of job updated: 2442016
	1447  -  MemoryUsage of job (MB)
	1480816  -  ResidentSetSize of job (KB)
...
006 (14466.004.000) 2024-12-07 00:14:59 Image size of job updated: 2442016
	1448  -  MemoryUsage of job (MB)
	1482232  -  ResidentSetSize of job (KB)
...
006 (14466.004.000) 2024-12-07 00:19:59 Image size of job updated: 2442016
	1452  -  MemoryUsage of job (MB)
	1485864  -  ResidentSetSize of job (KB)
...
006 (14466.004.000) 2024-12-07 00:24:59 Image size of job updated: 2442016
	1453  -  MemoryUsage of job (MB)
	1487636  -  ResidentSetSize of job (KB)
...
006 (14466.004.000) 2024-12-07 00:30:00 Image size of job updated: 2442016
	1454  -  MemoryUsage of job (MB)
	1488200  -  ResidentSetSize of job (KB)
...
006 (14466.004.000) 2024-12-07 00:35:01 Image size of job updated: 2442016
	1455  -  MemoryUsage of job (MB)
	1489240  -  ResidentSetSize of job (KB)
...
006 (14466.004.000) 2024-12-07 00:40:01 Image size of job updated: 2442016
	1466  -  MemoryUsage of job (MB)
	1500480  -  ResidentSetSize of job (KB)
...
006 (14466.004.000) 2024-12-07 00:45:02 Image size of job updated: 2507568
	1466  -  MemoryUsage of job (MB)
	1500480  -  ResidentSetSize of job (KB)
...
006 (14466.004.000) 2024-12-07 01:10:05 Image size of job updated: 2507568
	1471  -  MemoryUsage of job (MB)
	1505960  -  ResidentSetSize of job (KB)
...
006 (14466.004.000) 2024-12-07 02:05:10 Image size of job updated: 2507568
	1479  -  MemoryUsage of job (MB)
	1514260  -  ResidentSetSize of job (KB)
...
006 (14466.004.000) 2024-12-07 02:45:13 Image size of job updated: 2507568
	1480  -  MemoryUsage of job (MB)
	1514708  -  ResidentSetSize of job (KB)
...
006 (14466.004.000) 2024-12-07 02:50:13 Image size of job updated: 2507568
	1482  -  MemoryUsage of job (MB)
	1516856  -  ResidentSetSize of job (KB)
...
006 (14466.004.000) 2024-12-07 03:00:14 Image size of job updated: 2507568
	1482  -  MemoryUsage of job (MB)
	1517304  -  ResidentSetSize of job (KB)
...
006 (14466.004.000) 2024-12-07 03:10:15 Image size of job updated: 2507568
	1483  -  MemoryUsage of job (MB)
	1518260  -  ResidentSetSize of job (KB)
...
006 (14466.004.000) 2024-12-07 03:30:17 Image size of job updated: 2507568
	1484  -  MemoryUsage of job (MB)
	1519032  -  ResidentSetSize of job (KB)
...
006 (14466.004.000) 2024-12-07 03:35:17 Image size of job updated: 2507568
	1485  -  MemoryUsage of job (MB)
	1520132  -  ResidentSetSize of job (KB)
...
006 (14466.004.000) 2024-12-07 03:40:17 Image size of job updated: 2507568
	1487  -  MemoryUsage of job (MB)
	1522316  -  ResidentSetSize of job (KB)
...
006 (14466.004.000) 2024-12-07 03:55:18 Image size of job updated: 2507568
	1488  -  MemoryUsage of job (MB)
	1523688  -  ResidentSetSize of job (KB)
...
006 (14466.004.000) 2024-12-07 04:00:19 Image size of job updated: 2507568
	1490  -  MemoryUsage of job (MB)
	1525096  -  ResidentSetSize of job (KB)
...
006 (14466.004.000) 2024-12-07 04:05:20 Image size of job updated: 2507568
	1491  -  MemoryUsage of job (MB)
	1525816  -  ResidentSetSize of job (KB)
...
006 (14466.004.000) 2024-12-07 04:15:21 Image size of job updated: 2507568
	1494  -  MemoryUsage of job (MB)
	1529116  -  ResidentSetSize of job (KB)
...
006 (14466.004.000) 2024-12-07 04:25:22 Image size of job updated: 2507568
	1497  -  MemoryUsage of job (MB)
	1532692  -  ResidentSetSize of job (KB)
...
006 (14466.004.000) 2024-12-07 04:30:22 Image size of job updated: 2507568
	1505  -  MemoryUsage of job (MB)
	1540116  -  ResidentSetSize of job (KB)
...
006 (14466.004.000) 2024-12-07 05:10:27 Image size of job updated: 2507568
	1506  -  MemoryUsage of job (MB)
	1541560  -  ResidentSetSize of job (KB)
...
006 (14466.004.000) 2024-12-07 05:15:27 Image size of job updated: 2507568
	1511  -  MemoryUsage of job (MB)
	1546256  -  ResidentSetSize of job (KB)
...
006 (14466.004.000) 2024-12-07 05:20:27 Image size of job updated: 2527896
	1531  -  MemoryUsage of job (MB)
	1567688  -  ResidentSetSize of job (KB)
...
006 (14466.004.000) 2024-12-07 05:30:28 Image size of job updated: 2556056
	1566  -  MemoryUsage of job (MB)
	1602772  -  ResidentSetSize of job (KB)
...
006 (14466.004.000) 2024-12-07 05:40:29 Image size of job updated: 2569680
	1583  -  MemoryUsage of job (MB)
	1620092  -  ResidentSetSize of job (KB)
...
006 (14466.004.000) 2024-12-07 20:57:07 Image size of job updated: 2574976
	1583  -  MemoryUsage of job (MB)
	1620092  -  ResidentSetSize of job (KB)
...
006 (14466.004.000) 2024-12-07 21:12:09 Image size of job updated: 2576348
	1583  -  MemoryUsage of job (MB)
	1620092  -  ResidentSetSize of job (KB)
...
006 (14466.004.000) 2024-12-07 21:17:10 Image size of job updated: 2586884
	1583  -  MemoryUsage of job (MB)
	1620092  -  ResidentSetSize of job (KB)
...
006 (14466.004.000) 2024-12-08 01:22:35 Image size of job updated: 2599236
	1589  -  MemoryUsage of job (MB)
	1626276  -  ResidentSetSize of job (KB)
...
006 (14466.004.000) 2024-12-08 02:42:43 Image size of job updated: 2641768
	1589  -  MemoryUsage of job (MB)
	1626276  -  ResidentSetSize of job (KB)
...
006 (14466.004.000) 2024-12-08 03:17:46 Image size of job updated: 2641768
	1599  -  MemoryUsage of job (MB)
	1636592  -  ResidentSetSize of job (KB)
...
006 (14466.004.000) 2024-12-08 03:57:51 Image size of job updated: 2641768
	1603  -  MemoryUsage of job (MB)
	1640544  -  ResidentSetSize of job (KB)
...
006 (14466.004.000) 2024-12-08 04:02:51 Image size of job updated: 2641768
	1624  -  MemoryUsage of job (MB)
	1662344  -  ResidentSetSize of job (KB)
...
006 (14466.004.000) 2024-12-08 05:28:01 Image size of job updated: 2641768
	1632  -  MemoryUsage of job (MB)
	1670464  -  ResidentSetSize of job (KB)
...
006 (14466.004.000) 2024-12-08 05:48:03 Image size of job updated: 2641768
	1634  -  MemoryUsage of job (MB)
	1672308  -  ResidentSetSize of job (KB)
...
006 (14466.004.000) 2024-12-08 06:08:06 Image size of job updated: 2641768
	1637  -  MemoryUsage of job (MB)
	1676096  -  ResidentSetSize of job (KB)
...
006 (14466.004.000) 2024-12-08 06:23:07 Image size of job updated: 2682996
	1637  -  MemoryUsage of job (MB)
	1676096  -  ResidentSetSize of job (KB)
...
006 (14466.004.000) 2024-12-08 06:28:08 Image size of job updated: 2682996
	1656  -  MemoryUsage of job (MB)
	1695288  -  ResidentSetSize of job (KB)
...
006 (14466.004.000) 2024-12-08 06:38:08 Image size of job updated: 2728720
	1695  -  MemoryUsage of job (MB)
	1734892  -  ResidentSetSize of job (KB)
...
006 (14466.004.000) 2024-12-08 06:48:10 Image size of job updated: 2734952
	1716  -  MemoryUsage of job (MB)
	1756176  -  ResidentSetSize of job (KB)
...
006 (14466.004.000) 2024-12-08 06:53:10 Image size of job updated: 2775568
	1729  -  MemoryUsage of job (MB)
	1770164  -  ResidentSetSize of job (KB)
...
006 (14466.004.000) 2024-12-08 07:03:12 Image size of job updated: 2775568
	1734  -  MemoryUsage of job (MB)
	1775032  -  ResidentSetSize of job (KB)
...
006 (14466.004.000) 2024-12-08 07:08:12 Image size of job updated: 2775580
	1767  -  MemoryUsage of job (MB)
	1808452  -  ResidentSetSize of job (KB)
...
006 (14466.004.000) 2024-12-08 07:13:13 Image size of job updated: 2779196
	1775  -  MemoryUsage of job (MB)
	1817104  -  ResidentSetSize of job (KB)
...
006 (14466.004.000) 2024-12-08 07:18:14 Image size of job updated: 2793696
	1777  -  MemoryUsage of job (MB)
	1818676  -  ResidentSetSize of job (KB)
...
006 (14466.004.000) 2024-12-08 07:23:14 Image size of job updated: 2793696
	1780  -  MemoryUsage of job (MB)
	1822212  -  ResidentSetSize of job (KB)
...
006 (14466.004.000) 2024-12-08 07:28:14 Image size of job updated: 2793696
	1785  -  MemoryUsage of job (MB)
	1827156  -  ResidentSetSize of job (KB)
...
006 (14466.004.000) 2024-12-08 07:33:16 Image size of job updated: 2859248
	1796  -  MemoryUsage of job (MB)
	1838312  -  ResidentSetSize of job (KB)
...
006 (14466.004.000) 2024-12-08 07:43:16 Image size of job updated: 2882852
	1807  -  MemoryUsage of job (MB)
	1849604  -  ResidentSetSize of job (KB)
...
006 (14466.004.000) 2024-12-08 07:48:17 Image size of job updated: 2882852
	1811  -  MemoryUsage of job (MB)
	1854188  -  ResidentSetSize of job (KB)
...
006 (14466.004.000) 2024-12-08 07:53:18 Image size of job updated: 2882852
	1813  -  MemoryUsage of job (MB)
	1855716  -  ResidentSetSize of job (KB)
...
006 (14466.004.000) 2024-12-08 07:58:18 Image size of job updated: 2882852
	1814  -  MemoryUsage of job (MB)
	1856836  -  ResidentSetSize of job (KB)
...
006 (14466.004.000) 2024-12-08 08:03:19 Image size of job updated: 2882852
	1831  -  MemoryUsage of job (MB)
	1874152  -  ResidentSetSize of job (KB)
...
006 (14466.004.000) 2024-12-08 08:13:20 Image size of job updated: 2882852
	1834  -  MemoryUsage of job (MB)
	1877112  -  ResidentSetSize of job (KB)
...
006 (14466.004.000) 2024-12-08 08:38:22 Image size of job updated: 2882852
	1838  -  MemoryUsage of job (MB)
	1881176  -  ResidentSetSize of job (KB)
...
006 (14466.004.000) 2024-12-08 08:43:23 Image size of job updated: 2899072
	1846  -  MemoryUsage of job (MB)
	1889316  -  ResidentSetSize of job (KB)
...
006 (14466.004.000) 2024-12-08 08:48:23 Image size of job updated: 2908872
	1850  -  MemoryUsage of job (MB)
	1893508  -  ResidentSetSize of job (KB)
...
006 (14466.004.000) 2024-12-08 08:53:24 Image size of job updated: 2921484
	1861  -  MemoryUsage of job (MB)
	1905484  -  ResidentSetSize of job (KB)
...
006 (14466.004.000) 2024-12-08 09:18:27 Image size of job updated: 2921484
	1875  -  MemoryUsage of job (MB)
	1919260  -  ResidentSetSize of job (KB)
...
006 (14466.004.000) 2024-12-08 09:23:27 Image size of job updated: 2921484
	1877  -  MemoryUsage of job (MB)
	1921732  -  ResidentSetSize of job (KB)
...
006 (14466.004.000) 2024-12-08 09:28:29 Image size of job updated: 2921484
	1901  -  MemoryUsage of job (MB)
	1945932  -  ResidentSetSize of job (KB)
...
006 (14466.004.000) 2024-12-08 10:28:34 Image size of job updated: 2972236
	1901  -  MemoryUsage of job (MB)
	1945932  -  ResidentSetSize of job (KB)
...
006 (14466.004.000) 2024-12-08 10:33:35 Image size of job updated: 2972236
	1902  -  MemoryUsage of job (MB)
	1947008  -  ResidentSetSize of job (KB)
...
006 (14466.004.000) 2024-12-08 10:58:37 Image size of job updated: 2982572
	1902  -  MemoryUsage of job (MB)
	1947008  -  ResidentSetSize of job (KB)
...
006 (14466.004.000) 2024-12-08 11:08:39 Image size of job updated: 2982572
	1910  -  MemoryUsage of job (MB)
	1955784  -  ResidentSetSize of job (KB)
...
006 (14466.004.000) 2024-12-09 13:46:24 Image size of job updated: 3007260
	1910  -  MemoryUsage of job (MB)
	1955784  -  ResidentSetSize of job (KB)
...
006 (14466.004.000) 2024-12-09 14:01:25 Image size of job updated: 3037584
	1910  -  MemoryUsage of job (MB)
	1955784  -  ResidentSetSize of job (KB)
...
006 (14466.004.000) 2024-12-09 14:06:25 Image size of job updated: 3047716
	1910  -  MemoryUsage of job (MB)
	1955784  -  ResidentSetSize of job (KB)
...
006 (14466.004.000) 2024-12-09 14:56:30 Image size of job updated: 3064320
	1910  -  MemoryUsage of job (MB)
	1955784  -  ResidentSetSize of job (KB)
...
006 (14466.004.000) 2024-12-09 15:01:31 Image size of job updated: 3068672
	1910  -  MemoryUsage of job (MB)
	1955784  -  ResidentSetSize of job (KB)
...
006 (14466.004.000) 2024-12-09 15:16:33 Image size of job updated: 3068672
	1942  -  MemoryUsage of job (MB)
	1988600  -  ResidentSetSize of job (KB)
...
006 (14466.004.000) 2024-12-09 15:26:34 Image size of job updated: 3068672
	1945  -  MemoryUsage of job (MB)
	1990728  -  ResidentSetSize of job (KB)
...
006 (14466.004.000) 2024-12-09 15:36:35 Image size of job updated: 3068672
	1949  -  MemoryUsage of job (MB)
	1995728  -  ResidentSetSize of job (KB)
...
006 (14466.004.000) 2024-12-09 15:46:35 Image size of job updated: 3068672
	1953  -  MemoryUsage of job (MB)
	1999540  -  ResidentSetSize of job (KB)
...
006 (14466.004.000) 2024-12-09 15:51:36 Image size of job updated: 3068672
	1955  -  MemoryUsage of job (MB)
	2001080  -  ResidentSetSize of job (KB)
...
006 (14466.004.000) 2024-12-09 16:31:40 Image size of job updated: 3068672
	1975  -  MemoryUsage of job (MB)
	2021640  -  ResidentSetSize of job (KB)
...
006 (14466.004.000) 2024-12-09 16:51:42 Image size of job updated: 3068672
	1982  -  MemoryUsage of job (MB)
	2029516  -  ResidentSetSize of job (KB)
...
006 (14466.004.000) 2024-12-09 17:41:47 Image size of job updated: 3068672
	1992  -  MemoryUsage of job (MB)
	2039336  -  ResidentSetSize of job (KB)
...
006 (14466.004.000) 2024-12-09 18:31:51 Image size of job updated: 3068672
	1998  -  MemoryUsage of job (MB)
	2045236  -  ResidentSetSize of job (KB)
...
006 (14466.004.000) 2024-12-09 18:36:52 Image size of job updated: 3068672
	2022  -  MemoryUsage of job (MB)
	2070376  -  ResidentSetSize of job (KB)
...
006 (14466.004.000) 2024-12-09 18:41:52 Image size of job updated: 3068672
	2022  -  MemoryUsage of job (MB)
	2070508  -  ResidentSetSize of job (KB)
...
006 (14466.004.000) 2024-12-09 18:46:52 Image size of job updated: 3083956
	2022  -  MemoryUsage of job (MB)
	2070508  -  ResidentSetSize of job (KB)
...
006 (14466.004.000) 2024-12-09 18:51:54 Image size of job updated: 3095700
	2022  -  MemoryUsage of job (MB)
	2070508  -  ResidentSetSize of job (KB)
...
006 (14466.004.000) 2024-12-09 19:11:56 Image size of job updated: 3100008
	2022  -  MemoryUsage of job (MB)
	2070508  -  ResidentSetSize of job (KB)
...
006 (14466.004.000) 2024-12-09 19:16:56 Image size of job updated: 3109572
	2022  -  MemoryUsage of job (MB)
	2070508  -  ResidentSetSize of job (KB)
...
006 (14466.004.000) 2024-12-09 19:31:58 Image size of job updated: 3112184
	2022  -  MemoryUsage of job (MB)
	2070508  -  ResidentSetSize of job (KB)
...
006 (14466.004.000) 2024-12-09 19:36:58 Image size of job updated: 3113844
	2022  -  MemoryUsage of job (MB)
	2070508  -  ResidentSetSize of job (KB)
...
006 (14466.004.000) 2024-12-09 19:46:59 Image size of job updated: 3134248
	2022  -  MemoryUsage of job (MB)
	2070508  -  ResidentSetSize of job (KB)
...
006 (14466.004.000) 2024-12-09 20:12:02 Image size of job updated: 3134248
	2030  -  MemoryUsage of job (MB)
	2078280  -  ResidentSetSize of job (KB)
...
006 (14466.004.000) 2024-12-09 20:27:03 Image size of job updated: 3137004
	2030  -  MemoryUsage of job (MB)
	2078280  -  ResidentSetSize of job (KB)
...
006 (14466.004.000) 2024-12-09 20:37:04 Image size of job updated: 3137004
	2045  -  MemoryUsage of job (MB)
	2093120  -  ResidentSetSize of job (KB)
...
006 (14466.004.000) 2024-12-09 20:42:04 Image size of job updated: 3137004
	2053  -  MemoryUsage of job (MB)
	2101696  -  ResidentSetSize of job (KB)
...
006 (14466.004.000) 2024-12-09 20:47:05 Image size of job updated: 3137004
	2053  -  MemoryUsage of job (MB)
	2101828  -  ResidentSetSize of job (KB)
...
006 (14466.004.000) 2024-12-09 21:17:08 Image size of job updated: 3147996
	2053  -  MemoryUsage of job (MB)
	2101828  -  ResidentSetSize of job (KB)
...
006 (14466.004.000) 2024-12-09 21:27:09 Image size of job updated: 3147996
	2072  -  MemoryUsage of job (MB)
	2121036  -  ResidentSetSize of job (KB)
...
006 (14466.004.000) 2024-12-09 21:32:09 Image size of job updated: 3147996
	2103  -  MemoryUsage of job (MB)
	2152856  -  ResidentSetSize of job (KB)
...
006 (14466.004.000) 2024-12-09 21:42:10 Image size of job updated: 3159208
	2103  -  MemoryUsage of job (MB)
	2152856  -  ResidentSetSize of job (KB)
...
006 (14466.004.000) 2024-12-09 21:47:10 Image size of job updated: 3165804
	2103  -  MemoryUsage of job (MB)
	2152856  -  ResidentSetSize of job (KB)
...
006 (14466.004.000) 2024-12-09 21:57:12 Image size of job updated: 3165804
	2139  -  MemoryUsage of job (MB)
	2190164  -  ResidentSetSize of job (KB)
...
006 (14466.004.000) 2024-12-09 22:37:16 Image size of job updated: 3177656
	2139  -  MemoryUsage of job (MB)
	2190164  -  ResidentSetSize of job (KB)
...
006 (14466.004.000) 2024-12-09 23:12:19 Image size of job updated: 3184676
	2139  -  MemoryUsage of job (MB)
	2190164  -  ResidentSetSize of job (KB)
...
006 (14466.004.000) 2024-12-09 23:22:20 Image size of job updated: 3250228
	2139  -  MemoryUsage of job (MB)
	2190164  -  ResidentSetSize of job (KB)
...
006 (14466.004.000) 2024-12-09 23:42:22 Image size of job updated: 3263840
	2139  -  MemoryUsage of job (MB)
	2190164  -  ResidentSetSize of job (KB)
...
006 (14466.004.000) 2024-12-09 23:47:23 Image size of job updated: 3275448
	2139  -  MemoryUsage of job (MB)
	2190164  -  ResidentSetSize of job (KB)
...
006 (14466.004.000) 2024-12-10 00:02:24 Image size of job updated: 3289236
	2172  -  MemoryUsage of job (MB)
	2223692  -  ResidentSetSize of job (KB)
...
006 (14466.004.000) 2024-12-10 00:07:25 Image size of job updated: 3302212
	2172  -  MemoryUsage of job (MB)
	2223692  -  ResidentSetSize of job (KB)
...
006 (14466.004.000) 2024-12-10 00:12:25 Image size of job updated: 3307872
	2191  -  MemoryUsage of job (MB)
	2243496  -  ResidentSetSize of job (KB)
...
006 (14466.004.000) 2024-12-10 00:17:25 Image size of job updated: 3312720
	2191  -  MemoryUsage of job (MB)
	2243496  -  ResidentSetSize of job (KB)
...
006 (14466.004.000) 2024-12-10 00:47:29 Image size of job updated: 3312720
	2193  -  MemoryUsage of job (MB)
	2244784  -  ResidentSetSize of job (KB)
...
006 (14466.004.000) 2024-12-10 00:57:30 Image size of job updated: 3312720
	2226  -  MemoryUsage of job (MB)
	2278908  -  ResidentSetSize of job (KB)
...
006 (14466.004.000) 2024-12-10 01:27:33 Image size of job updated: 3312720
	2230  -  MemoryUsage of job (MB)
	2283496  -  ResidentSetSize of job (KB)
...
006 (14466.004.000) 2024-12-10 02:07:36 Image size of job updated: 3312720
	2243  -  MemoryUsage of job (MB)
	2296668  -  ResidentSetSize of job (KB)
...
006 (14466.004.000) 2024-12-10 03:22:43 Image size of job updated: 3312720
	2251  -  MemoryUsage of job (MB)
	2304276  -  ResidentSetSize of job (KB)
...
006 (14466.004.000) 2024-12-10 03:32:44 Image size of job updated: 3329588
	2251  -  MemoryUsage of job (MB)
	2304276  -  ResidentSetSize of job (KB)
...
006 (14466.004.000) 2024-12-10 03:37:44 Image size of job updated: 3332852
	2251  -  MemoryUsage of job (MB)
	2304276  -  ResidentSetSize of job (KB)
...
006 (14466.004.000) 2024-12-10 03:42:45 Image size of job updated: 3342140
	2251  -  MemoryUsage of job (MB)
	2304276  -  ResidentSetSize of job (KB)
...
006 (14466.004.000) 2024-12-10 03:47:45 Image size of job updated: 3342140
	2273  -  MemoryUsage of job (MB)
	2327188  -  ResidentSetSize of job (KB)
...
006 (14466.004.000) 2024-12-10 03:52:45 Image size of job updated: 3362108
	2273  -  MemoryUsage of job (MB)
	2327188  -  ResidentSetSize of job (KB)
...
006 (14466.004.000) 2024-12-10 04:02:47 Image size of job updated: 3362108
	2308  -  MemoryUsage of job (MB)
	2362416  -  ResidentSetSize of job (KB)
...
006 (14466.004.000) 2024-12-10 04:17:49 Image size of job updated: 3362108
	2312  -  MemoryUsage of job (MB)
	2366812  -  ResidentSetSize of job (KB)
...
006 (14466.004.000) 2024-12-10 05:12:55 Image size of job updated: 3362108
	2328  -  MemoryUsage of job (MB)
	2383828  -  ResidentSetSize of job (KB)
...
006 (14466.004.000) 2024-12-10 05:17:56 Image size of job updated: 3372564
	2328  -  MemoryUsage of job (MB)
	2383828  -  ResidentSetSize of job (KB)
...
006 (14466.004.000) 2024-12-10 05:22:57 Image size of job updated: 3372564
	2355  -  MemoryUsage of job (MB)
	2411160  -  ResidentSetSize of job (KB)
...
006 (14466.004.000) 2024-12-11 16:51:38 Image size of job updated: 3374000
	2355  -  MemoryUsage of job (MB)
	2411160  -  ResidentSetSize of job (KB)
...
006 (14466.004.000) 2024-12-11 17:11:40 Image size of job updated: 3387784
	2355  -  MemoryUsage of job (MB)
	2411160  -  ResidentSetSize of job (KB)
...
006 (14466.004.000) 2024-12-11 17:56:44 Image size of job updated: 3400980
	2355  -  MemoryUsage of job (MB)
	2411160  -  ResidentSetSize of job (KB)
...
006 (14466.004.000) 2024-12-11 18:06:45 Image size of job updated: 3402176
	2355  -  MemoryUsage of job (MB)
	2411160  -  ResidentSetSize of job (KB)
...
006 (14466.004.000) 2024-12-11 18:56:50 Image size of job updated: 3407560
	2355  -  MemoryUsage of job (MB)
	2411160  -  ResidentSetSize of job (KB)
...
006 (14466.004.000) 2024-12-11 19:01:51 Image size of job updated: 3434156
	2355  -  MemoryUsage of job (MB)
	2411160  -  ResidentSetSize of job (KB)
...
006 (14466.004.000) 2024-12-12 01:02:30 Image size of job updated: 3434156
	2359  -  MemoryUsage of job (MB)
	2415348  -  ResidentSetSize of job (KB)
...
006 (14466.004.000) 2024-12-12 02:42:40 Image size of job updated: 3457400
	2359  -  MemoryUsage of job (MB)
	2415348  -  ResidentSetSize of job (KB)
...
006 (14466.004.000) 2024-12-12 02:47:41 Image size of job updated: 3457992
	2359  -  MemoryUsage of job (MB)
	2415348  -  ResidentSetSize of job (KB)
...
006 (14466.004.000) 2024-12-12 02:57:42 Image size of job updated: 3462400
	2359  -  MemoryUsage of job (MB)
	2415348  -  ResidentSetSize of job (KB)
...
006 (14466.004.000) 2024-12-12 04:12:49 Image size of job updated: 3472656
	2359  -  MemoryUsage of job (MB)
	2415348  -  ResidentSetSize of job (KB)
...
006 (14466.004.000) 2024-12-12 05:12:54 Image size of job updated: 3472656
	2368  -  MemoryUsage of job (MB)
	2424368  -  ResidentSetSize of job (KB)
...
006 (14466.004.000) 2024-12-12 05:27:56 Image size of job updated: 3512556
	2368  -  MemoryUsage of job (MB)
	2424368  -  ResidentSetSize of job (KB)
...
006 (14466.004.000) 2024-12-12 05:42:57 Image size of job updated: 3512556
	2400  -  MemoryUsage of job (MB)
	2456848  -  ResidentSetSize of job (KB)
...
006 (14466.004.000) 2024-12-12 06:03:00 Image size of job updated: 3568288
	2403  -  MemoryUsage of job (MB)
	2460500  -  ResidentSetSize of job (KB)
...
006 (14466.004.000) 2024-12-12 06:08:01 Image size of job updated: 3580712
	2403  -  MemoryUsage of job (MB)
	2460500  -  ResidentSetSize of job (KB)
...
006 (14466.004.000) 2024-12-12 06:13:01 Image size of job updated: 3611180
	2403  -  MemoryUsage of job (MB)
	2460500  -  ResidentSetSize of job (KB)
...
006 (14466.004.000) 2024-12-12 06:18:01 Image size of job updated: 3611180
	2416  -  MemoryUsage of job (MB)
	2473796  -  ResidentSetSize of job (KB)
...
006 (14466.004.000) 2024-12-12 06:23:02 Image size of job updated: 3611180
	2441  -  MemoryUsage of job (MB)
	2498824  -  ResidentSetSize of job (KB)
...
006 (14466.004.000) 2024-12-12 06:28:03 Image size of job updated: 3611180
	2444  -  MemoryUsage of job (MB)
	2502052  -  ResidentSetSize of job (KB)
...
006 (14466.004.000) 2024-12-12 06:53:05 Image size of job updated: 3611180
	2490  -  MemoryUsage of job (MB)
	2549164  -  ResidentSetSize of job (KB)
...
006 (14466.004.000) 2024-12-12 07:38:11 Image size of job updated: 3611180
	2505  -  MemoryUsage of job (MB)
	2565096  -  ResidentSetSize of job (KB)
...
006 (14466.004.000) 2024-12-12 08:43:18 Image size of job updated: 3644996
	2505  -  MemoryUsage of job (MB)
	2565096  -  ResidentSetSize of job (KB)
...
006 (14466.004.000) 2024-12-12 11:03:34 Image size of job updated: 3644996
	2527  -  MemoryUsage of job (MB)
	2586748  -  ResidentSetSize of job (KB)
...
006 (14466.004.000) 2024-12-12 11:23:36 Image size of job updated: 3644996
	2551  -  MemoryUsage of job (MB)
	2611412  -  ResidentSetSize of job (KB)
...
006 (14466.004.000) 2024-12-12 12:53:44 Image size of job updated: 3665364
	2551  -  MemoryUsage of job (MB)
	2611412  -  ResidentSetSize of job (KB)
...
006 (14466.004.000) 2024-12-12 14:23:53 Image size of job updated: 3665364
	2573  -  MemoryUsage of job (MB)
	2634336  -  ResidentSetSize of job (KB)
...
006 (14466.004.000) 2024-12-12 14:28:54 Image size of job updated: 3665364
	2604  -  MemoryUsage of job (MB)
	2665848  -  ResidentSetSize of job (KB)
...
006 (14466.004.000) 2024-12-12 16:29:07 Image size of job updated: 3730916
	2604  -  MemoryUsage of job (MB)
	2665848  -  ResidentSetSize of job (KB)
...
006 (14466.004.000) 2024-12-12 18:19:19 Image size of job updated: 3730916
	2605  -  MemoryUsage of job (MB)
	2667492  -  ResidentSetSize of job (KB)
...
006 (14466.004.000) 2024-12-12 19:09:24 Image size of job updated: 3745012
	2605  -  MemoryUsage of job (MB)
	2667492  -  ResidentSetSize of job (KB)
...
006 (14466.004.000) 2024-12-12 19:29:26 Image size of job updated: 3795224
	2605  -  MemoryUsage of job (MB)
	2667492  -  ResidentSetSize of job (KB)
...
006 (14466.004.000) 2024-12-12 19:44:27 Image size of job updated: 3795224
	2648  -  MemoryUsage of job (MB)
	2710780  -  ResidentSetSize of job (KB)
...
006 (14466.004.000) 2024-12-12 21:24:37 Image size of job updated: 3795224
	2679  -  MemoryUsage of job (MB)
	2742700  -  ResidentSetSize of job (KB)
...
006 (14466.004.000) 2024-12-12 21:34:38 Image size of job updated: 3795224
	2685  -  MemoryUsage of job (MB)
	2748948  -  ResidentSetSize of job (KB)
...
006 (14466.004.000) 2024-12-12 23:29:50 Image size of job updated: 3808644
	2685  -  MemoryUsage of job (MB)
	2748948  -  ResidentSetSize of job (KB)
...
006 (14466.004.000) 2024-12-12 23:49:51 Image size of job updated: 3808644
	2691  -  MemoryUsage of job (MB)
	2755220  -  ResidentSetSize of job (KB)
...
006 (14466.004.000) 2024-12-13 02:10:07 Image size of job updated: 3834900
	2691  -  MemoryUsage of job (MB)
	2755220  -  ResidentSetSize of job (KB)
...
006 (14466.004.000) 2024-12-13 02:40:11 Image size of job updated: 3835988
	2691  -  MemoryUsage of job (MB)
	2755220  -  ResidentSetSize of job (KB)
...
006 (14466.004.000) 2024-12-13 02:45:11 Image size of job updated: 3837708
	2691  -  MemoryUsage of job (MB)
	2755220  -  ResidentSetSize of job (KB)
...
006 (14466.004.000) 2024-12-13 04:05:20 Image size of job updated: 3841024
	2691  -  MemoryUsage of job (MB)
	2755220  -  ResidentSetSize of job (KB)
...
006 (14466.004.000) 2024-12-13 04:10:20 Image size of job updated: 3866248
	2691  -  MemoryUsage of job (MB)
	2755220  -  ResidentSetSize of job (KB)
...
006 (14466.004.000) 2024-12-13 04:25:22 Image size of job updated: 3866460
	2696  -  MemoryUsage of job (MB)
	2760136  -  ResidentSetSize of job (KB)
...
006 (14466.004.000) 2024-12-13 04:30:22 Image size of job updated: 3866460
	2748  -  MemoryUsage of job (MB)
	2813648  -  ResidentSetSize of job (KB)
...
006 (14466.004.000) 2024-12-13 04:35:23 Image size of job updated: 3866460
	2748  -  MemoryUsage of job (MB)
	2813780  -  ResidentSetSize of job (KB)
...
006 (14466.004.000) 2024-12-13 06:25:34 Image size of job updated: 3885568
	2748  -  MemoryUsage of job (MB)
	2813780  -  ResidentSetSize of job (KB)
...
006 (14466.004.000) 2024-12-13 06:30:34 Image size of job updated: 3888568
	2748  -  MemoryUsage of job (MB)
	2813780  -  ResidentSetSize of job (KB)
...
006 (14466.004.000) 2024-12-13 07:15:39 Image size of job updated: 3918632
	2748  -  MemoryUsage of job (MB)
	2813780  -  ResidentSetSize of job (KB)
...
006 (14466.004.000) 2024-12-13 08:00:44 Image size of job updated: 3918632
	2774  -  MemoryUsage of job (MB)
	2840252  -  ResidentSetSize of job (KB)
...
006 (14466.004.000) 2024-12-13 09:05:51 Image size of job updated: 3929152
	2774  -  MemoryUsage of job (MB)
	2840252  -  ResidentSetSize of job (KB)
...
006 (14466.004.000) 2024-12-13 09:30:55 Image size of job updated: 3929152
	2829  -  MemoryUsage of job (MB)
	2896716  -  ResidentSetSize of job (KB)
...
006 (14466.004.000) 2024-12-13 09:35:55 Image size of job updated: 3929152
	2830  -  MemoryUsage of job (MB)
	2896980  -  ResidentSetSize of job (KB)
...
006 (14466.004.000) 2024-12-13 10:56:03 Image size of job updated: 3958092
	2830  -  MemoryUsage of job (MB)
	2896980  -  ResidentSetSize of job (KB)
...
006 (14466.004.000) 2024-12-13 11:11:05 Image size of job updated: 3967860
	2830  -  MemoryUsage of job (MB)
	2896980  -  ResidentSetSize of job (KB)
...
006 (14466.004.000) 2024-12-13 12:26:13 Image size of job updated: 3967860
	2849  -  MemoryUsage of job (MB)
	2916976  -  ResidentSetSize of job (KB)
...
006 (14466.004.000) 2024-12-13 13:41:22 Image size of job updated: 3969472
	2849  -  MemoryUsage of job (MB)
	2916976  -  ResidentSetSize of job (KB)
...
006 (14466.004.000) 2024-12-13 13:46:23 Image size of job updated: 3978724
	2849  -  MemoryUsage of job (MB)
	2916976  -  ResidentSetSize of job (KB)
...
006 (14466.004.000) 2024-12-13 14:11:25 Image size of job updated: 4044276
	2849  -  MemoryUsage of job (MB)
	2916976  -  ResidentSetSize of job (KB)
...
006 (14466.004.000) 2024-12-13 14:26:27 Image size of job updated: 4055668
	2849  -  MemoryUsage of job (MB)
	2916976  -  ResidentSetSize of job (KB)
...
006 (14466.004.000) 2024-12-13 14:31:28 Image size of job updated: 4055668
	2930  -  MemoryUsage of job (MB)
	3000144  -  ResidentSetSize of job (KB)
...
006 (14466.004.000) 2024-12-13 14:41:29 Image size of job updated: 4068724
	2930  -  MemoryUsage of job (MB)
	3000144  -  ResidentSetSize of job (KB)
...
006 (14466.004.000) 2024-12-13 14:46:29 Image size of job updated: 4077684
	2930  -  MemoryUsage of job (MB)
	3000144  -  ResidentSetSize of job (KB)
...
006 (14466.004.000) 2024-12-13 14:51:30 Image size of job updated: 4100648
	2930  -  MemoryUsage of job (MB)
	3000144  -  ResidentSetSize of job (KB)
...
006 (14466.004.000) 2024-12-13 15:51:36 Image size of job updated: 4100648
	2937  -  MemoryUsage of job (MB)
	3006880  -  ResidentSetSize of job (KB)
...
006 (14466.004.000) 2024-12-13 17:21:44 Image size of job updated: 4100648
	2960  -  MemoryUsage of job (MB)
	3030664  -  ResidentSetSize of job (KB)
...
006 (14466.004.000) 2024-12-13 18:16:50 Image size of job updated: 4100648
	2964  -  MemoryUsage of job (MB)
	3034260  -  ResidentSetSize of job (KB)
...
006 (14466.004.000) 2024-12-13 18:26:51 Image size of job updated: 4124240
	2964  -  MemoryUsage of job (MB)
	3034260  -  ResidentSetSize of job (KB)
...
006 (14466.004.000) 2024-12-13 18:31:52 Image size of job updated: 4124240
	2973  -  MemoryUsage of job (MB)
	3043920  -  ResidentSetSize of job (KB)
...
006 (14466.004.000) 2024-12-13 18:56:54 Image size of job updated: 4124240
	2976  -  MemoryUsage of job (MB)
	3047420  -  ResidentSetSize of job (KB)
...
006 (14466.004.000) 2024-12-13 19:21:57 Image size of job updated: 4124240
	2989  -  MemoryUsage of job (MB)
	3060732  -  ResidentSetSize of job (KB)
...
006 (14466.004.000) 2024-12-13 19:31:57 Image size of job updated: 4124240
	3016  -  MemoryUsage of job (MB)
	3087368  -  ResidentSetSize of job (KB)
...
006 (14466.004.000) 2024-12-13 20:07:00 Image size of job updated: 4124240
	3035  -  MemoryUsage of job (MB)
	3107088  -  ResidentSetSize of job (KB)
...
006 (14466.004.000) 2024-12-13 20:12:01 Image size of job updated: 4183160
	3035  -  MemoryUsage of job (MB)
	3107088  -  ResidentSetSize of job (KB)
...
006 (14466.004.000) 2024-12-16 09:33:20 Image size of job updated: 4207892
	3035  -  MemoryUsage of job (MB)
	3107088  -  ResidentSetSize of job (KB)
...
006 (14466.004.000) 2024-12-16 10:23:26 Image size of job updated: 4243640
	3035  -  MemoryUsage of job (MB)
	3107088  -  ResidentSetSize of job (KB)
...
006 (14466.004.000) 2024-12-16 10:33:27 Image size of job updated: 4253400
	3035  -  MemoryUsage of job (MB)
	3107088  -  ResidentSetSize of job (KB)
...
006 (14466.004.000) 2024-12-16 10:38:27 Image size of job updated: 4275108
	3035  -  MemoryUsage of job (MB)
	3107088  -  ResidentSetSize of job (KB)
...
006 (14466.004.000) 2024-12-16 10:43:28 Image size of job updated: 4275380
	3035  -  MemoryUsage of job (MB)
	3107088  -  ResidentSetSize of job (KB)
...
006 (14466.004.000) 2024-12-16 10:53:28 Image size of job updated: 4286960
	3035  -  MemoryUsage of job (MB)
	3107088  -  ResidentSetSize of job (KB)
...
006 (14466.004.000) 2024-12-16 20:39:30 Image size of job updated: 4313452
	3035  -  MemoryUsage of job (MB)
	3107088  -  ResidentSetSize of job (KB)
...
006 (14466.004.000) 2024-12-17 00:09:49 Image size of job updated: 4316440
	3035  -  MemoryUsage of job (MB)
	3107088  -  ResidentSetSize of job (KB)
...
006 (14466.004.000) 2024-12-17 00:19:50 Image size of job updated: 4343776
	3035  -  MemoryUsage of job (MB)
	3107088  -  ResidentSetSize of job (KB)
...
006 (14466.004.000) 2024-12-17 02:35:03 Image size of job updated: 4343776
	3038  -  MemoryUsage of job (MB)
	3110060  -  ResidentSetSize of job (KB)
...
006 (14466.004.000) 2024-12-17 03:10:06 Image size of job updated: 4343776
	3086  -  MemoryUsage of job (MB)
	3159268  -  ResidentSetSize of job (KB)
...
006 (14466.004.000) 2024-12-17 03:55:11 Image size of job updated: 4343776
	3095  -  MemoryUsage of job (MB)
	3168272  -  ResidentSetSize of job (KB)
...
006 (14466.004.000) 2024-12-17 04:00:11 Image size of job updated: 4343776
	3095  -  MemoryUsage of job (MB)
	3168404  -  ResidentSetSize of job (KB)
...
006 (14466.004.000) 2024-12-17 05:40:23 Image size of job updated: 4363048
	3095  -  MemoryUsage of job (MB)
	3168404  -  ResidentSetSize of job (KB)
...
006 (14466.004.000) 2024-12-17 09:40:48 Image size of job updated: 4363048
	3107  -  MemoryUsage of job (MB)
	3180832  -  ResidentSetSize of job (KB)
...
006 (14466.004.000) 2024-12-17 11:00:57 Image size of job updated: 4363048
	3108  -  MemoryUsage of job (MB)
	3182048  -  ResidentSetSize of job (KB)
...
006 (14466.004.000) 2024-12-17 11:25:59 Image size of job updated: 4400592
	3108  -  MemoryUsage of job (MB)
	3182048  -  ResidentSetSize of job (KB)
...
006 (14466.004.000) 2024-12-17 12:36:07 Image size of job updated: 4429940
	3108  -  MemoryUsage of job (MB)
	3182048  -  ResidentSetSize of job (KB)
...
006 (14466.004.000) 2024-12-17 12:41:08 Image size of job updated: 4455764
	3108  -  MemoryUsage of job (MB)
	3182048  -  ResidentSetSize of job (KB)
...
006 (14466.004.000) 2024-12-17 13:11:10 Image size of job updated: 4455764
	3124  -  MemoryUsage of job (MB)
	3197984  -  ResidentSetSize of job (KB)
...
006 (14466.004.000) 2024-12-17 13:46:14 Image size of job updated: 4455764
	3129  -  MemoryUsage of job (MB)
	3203836  -  ResidentSetSize of job (KB)
...
006 (14466.004.000) 2024-12-17 14:51:22 Image size of job updated: 4455764
	3187  -  MemoryUsage of job (MB)
	3263384  -  ResidentSetSize of job (KB)
...
006 (14466.004.000) 2024-12-17 15:26:26 Image size of job updated: 4455764
	3191  -  MemoryUsage of job (MB)
	3266868  -  ResidentSetSize of job (KB)
...
006 (14466.004.000) 2024-12-17 16:16:30 Image size of job updated: 4478736
	3191  -  MemoryUsage of job (MB)
	3266868  -  ResidentSetSize of job (KB)
...
006 (14466.004.000) 2024-12-17 16:21:31 Image size of job updated: 4489308
	3191  -  MemoryUsage of job (MB)
	3266868  -  ResidentSetSize of job (KB)
...
006 (14466.004.000) 2024-12-17 17:26:37 Image size of job updated: 4489308
	3193  -  MemoryUsage of job (MB)
	3268832  -  ResidentSetSize of job (KB)
...
006 (14466.004.000) 2024-12-17 18:06:42 Image size of job updated: 4489308
	3195  -  MemoryUsage of job (MB)
	3270792  -  ResidentSetSize of job (KB)
...
006 (14466.004.000) 2024-12-17 18:41:45 Image size of job updated: 4489308
	3263  -  MemoryUsage of job (MB)
	3341104  -  ResidentSetSize of job (KB)
...
006 (14466.004.000) 2024-12-17 19:01:47 Image size of job updated: 4489308
	3330  -  MemoryUsage of job (MB)
	3409640  -  ResidentSetSize of job (KB)
...
006 (14466.004.000) 2024-12-17 21:47:02 Image size of job updated: 4489308
	3337  -  MemoryUsage of job (MB)
	3416848  -  ResidentSetSize of job (KB)
...
006 (14466.004.000) 2024-12-18 00:57:23 Image size of job updated: 4497204
	3337  -  MemoryUsage of job (MB)
	3416848  -  ResidentSetSize of job (KB)
...
006 (14466.004.000) 2024-12-18 09:33:14 Image size of job updated: 4497204
	3348  -  MemoryUsage of job (MB)
	3428332  -  ResidentSetSize of job (KB)
...
006 (14466.004.000) 2024-12-18 09:48:16 Image size of job updated: 4497204
	3381  -  MemoryUsage of job (MB)
	3461908  -  ResidentSetSize of job (KB)
...
006 (14466.004.000) 2024-12-18 11:03:23 Image size of job updated: 4497204
	3395  -  MemoryUsage of job (MB)
	3476124  -  ResidentSetSize of job (KB)
...
006 (14466.004.000) 2024-12-18 11:28:27 Image size of job updated: 4562756
	3395  -  MemoryUsage of job (MB)
	3476124  -  ResidentSetSize of job (KB)
...
006 (14466.004.000) 2024-12-18 12:03:29 Image size of job updated: 4562756
	3418  -  MemoryUsage of job (MB)
	3499196  -  ResidentSetSize of job (KB)
...
022 (14466.004.000) 2024-12-18 17:52:51 Job disconnected, attempting to reconnect
    Socket between submit and execute hosts closed unexpectedly
    Trying to reconnect to slot1@bioclust50.bioclust.biologie.ens.fr <10.18.24.50:9618?addrs=10.18.24.50-9618&alias=bioclust50.bioclust.biologie.ens.fr&noUDP&sock=startd_1174_d846>
...
024 (14466.004.000) 2024-12-18 18:32:51 Job reconnection failed
    Job disconnected too long: JobLeaseDuration (2400 seconds) expired
    Can not reconnect to slot1@bioclust50.bioclust.biologie.ens.fr, rescheduling job
...
001 (14466.004.000) 2024-12-18 18:37:03 Job executing on host: <10.18.24.108:9618?addrs=10.18.24.108-9618&alias=ecoclust13.bioclust.biologie.ens.fr&noUDP&sock=startd_1066_c40c>
...
006 (14466.004.000) 2024-12-30 17:41:44 Image size of job updated: 4750000
	3440  -  MemoryUsage of job (MB)
	3521892  -  ResidentSetSize of job (KB)
...
022 (14466.004.000) 2025-01-07 15:33:20 Job disconnected, attempting to reconnect
    Local schedd and job shadow died, schedd now running again
    Trying to reconnect to slot1@ecoclust13.bioclust.biologie.ens.fr <10.18.24.108:9618?addrs=10.18.24.108-9618&alias=ecoclust13.bioclust.biologie.ens.fr&noUDP&sock=startd_1066_c40c>
...
023 (14466.004.000) 2025-01-07 15:33:24 Job reconnected to slot1@ecoclust13.bioclust.biologie.ens.fr
    startd address: <10.18.24.108:9618?addrs=10.18.24.108-9618&alias=ecoclust13.bioclust.biologie.ens.fr&noUDP&sock=startd_1066_c40c>
    starter address: <10.18.24.108:9618?addrs=10.18.24.108-9618&alias=ecoclust13.bioclust.biologie.ens.fr&noUDP&sock=slot1_12_2457890_9b26_3954>
...
009 (14466.004.000) 2025-05-27 12:13:37 Job was aborted.
	via condor_rm (by user andreole)

	Job terminated by itself at 2025-03-31T09:49:26Z (using method 0: OF_ITS_OWN_ACCORD).
...
