000 (14466.000.000) 2024-12-05 15:26:22 Job submitted from host: <10.18.24.233:9618?addrs=10.18.24.233-9618&alias=bioclusts03.bioclust.biologie.ens.fr&noUDP&sock=schedd_910141_9a29>
...
001 (14466.000.000) 2024-12-05 15:26:23 Job executing on host: <10.18.24.6:9618?addrs=10.18.24.6-9618&alias=bioclust06.bioclust.biologie.ens.fr&noUDP&sock=startd_1466551_94fd>
...
006 (14466.000.000) 2024-12-05 15:26:32 Image size of job updated: 654368
	174  -  MemoryUsage of job (MB)
	177160  -  ResidentSetSize of job (KB)
...
006 (14466.000.000) 2024-12-05 15:31:33 Image size of job updated: 1865316
	774  -  MemoryUsage of job (MB)
	792204  -  ResidentSetSize of job (KB)
...
006 (14466.000.000) 2024-12-05 15:36:34 Image size of job updated: 1876628
	789  -  MemoryUsage of job (MB)
	807912  -  ResidentSetSize of job (KB)
...
006 (14466.000.000) 2024-12-05 15:41:34 Image size of job updated: 1879484
	795  -  MemoryUsage of job (MB)
	813652  -  ResidentSetSize of job (KB)
...
006 (14466.000.000) 2024-12-05 15:46:34 Image size of job updated: 1886908
	805  -  MemoryUsage of job (MB)
	823684  -  ResidentSetSize of job (KB)
...
006 (14466.000.000) 2024-12-05 15:51:35 Image size of job updated: 1902320
	826  -  MemoryUsage of job (MB)
	845200  -  ResidentSetSize of job (KB)
...
006 (14466.000.000) 2024-12-05 15:56:35 Image size of job updated: 1904944
	829  -  MemoryUsage of job (MB)
	848492  -  ResidentSetSize of job (KB)
...
006 (14466.000.000) 2024-12-05 16:01:35 Image size of job updated: 1911264
	841  -  MemoryUsage of job (MB)
	861044  -  ResidentSetSize of job (KB)
...
006 (14466.000.000) 2024-12-05 16:06:36 Image size of job updated: 1913364
	847  -  MemoryUsage of job (MB)
	867248  -  ResidentSetSize of job (KB)
...
006 (14466.000.000) 2024-12-05 16:11:37 Image size of job updated: 1916504
	856  -  MemoryUsage of job (MB)
	876256  -  ResidentSetSize of job (KB)
...
006 (14466.000.000) 2024-12-05 16:16:37 Image size of job updated: 1918320
	865  -  MemoryUsage of job (MB)
	884800  -  ResidentSetSize of job (KB)
...
006 (14466.000.000) 2024-12-05 16:21:38 Image size of job updated: 1922704
	876  -  MemoryUsage of job (MB)
	896812  -  ResidentSetSize of job (KB)
...
006 (14466.000.000) 2024-12-05 16:26:39 Image size of job updated: 1929384
	885  -  MemoryUsage of job (MB)
	905284  -  ResidentSetSize of job (KB)
...
006 (14466.000.000) 2024-12-05 16:31:39 Image size of job updated: 1932212
	896  -  MemoryUsage of job (MB)
	917428  -  ResidentSetSize of job (KB)
...
006 (14466.000.000) 2024-12-05 16:36:39 Image size of job updated: 1936592
	905  -  MemoryUsage of job (MB)
	926140  -  ResidentSetSize of job (KB)
...
006 (14466.000.000) 2024-12-05 16:41:40 Image size of job updated: 1940824
	914  -  MemoryUsage of job (MB)
	935512  -  ResidentSetSize of job (KB)
...
006 (14466.000.000) 2024-12-05 16:46:40 Image size of job updated: 2011932
	922  -  MemoryUsage of job (MB)
	943232  -  ResidentSetSize of job (KB)
...
006 (14466.000.000) 2024-12-05 16:51:40 Image size of job updated: 2015428
	922  -  MemoryUsage of job (MB)
	943364  -  ResidentSetSize of job (KB)
...
006 (14466.000.000) 2024-12-05 17:36:46 Image size of job updated: 2022648
	922  -  MemoryUsage of job (MB)
	943364  -  ResidentSetSize of job (KB)
...
006 (14466.000.000) 2024-12-05 17:41:46 Image size of job updated: 2058232
	969  -  MemoryUsage of job (MB)
	991236  -  ResidentSetSize of job (KB)
...
006 (14466.000.000) 2024-12-05 17:46:47 Image size of job updated: 2097232
	1048  -  MemoryUsage of job (MB)
	1072548  -  ResidentSetSize of job (KB)
...
006 (14466.000.000) 2024-12-05 17:51:48 Image size of job updated: 2119488
	1059  -  MemoryUsage of job (MB)
	1084296  -  ResidentSetSize of job (KB)
...
006 (14466.000.000) 2024-12-05 17:56:48 Image size of job updated: 2119488
	1065  -  MemoryUsage of job (MB)
	1089972  -  ResidentSetSize of job (KB)
...
006 (14466.000.000) 2024-12-05 18:01:48 Image size of job updated: 2128968
	1084  -  MemoryUsage of job (MB)
	1109376  -  ResidentSetSize of job (KB)
...
006 (14466.000.000) 2024-12-05 18:06:50 Image size of job updated: 2131256
	1084  -  MemoryUsage of job (MB)
	1109376  -  ResidentSetSize of job (KB)
...
006 (14466.000.000) 2024-12-05 19:41:59 Image size of job updated: 2138028
	1084  -  MemoryUsage of job (MB)
	1109376  -  ResidentSetSize of job (KB)
...
006 (14466.000.000) 2024-12-05 19:47:00 Image size of job updated: 2151288
	1097  -  MemoryUsage of job (MB)
	1122568  -  ResidentSetSize of job (KB)
...
006 (14466.000.000) 2024-12-05 19:52:01 Image size of job updated: 2203084
	1166  -  MemoryUsage of job (MB)
	1192972  -  ResidentSetSize of job (KB)
...
006 (14466.000.000) 2024-12-05 19:57:01 Image size of job updated: 2239808
	1202  -  MemoryUsage of job (MB)
	1230460  -  ResidentSetSize of job (KB)
...
006 (14466.000.000) 2024-12-05 20:02:02 Image size of job updated: 2251044
	1223  -  MemoryUsage of job (MB)
	1251448  -  ResidentSetSize of job (KB)
...
006 (14466.000.000) 2024-12-05 20:07:03 Image size of job updated: 2316596
	1235  -  MemoryUsage of job (MB)
	1263724  -  ResidentSetSize of job (KB)
...
006 (14466.000.000) 2024-12-05 20:12:03 Image size of job updated: 2316596
	1243  -  MemoryUsage of job (MB)
	1271908  -  ResidentSetSize of job (KB)
...
006 (14466.000.000) 2024-12-05 20:17:03 Image size of job updated: 2351828
	1243  -  MemoryUsage of job (MB)
	1271908  -  ResidentSetSize of job (KB)
...
006 (14466.000.000) 2024-12-05 21:47:13 Image size of job updated: 2351828
	1251  -  MemoryUsage of job (MB)
	1280660  -  ResidentSetSize of job (KB)
...
006 (14466.000.000) 2024-12-05 21:52:13 Image size of job updated: 2358600
	1272  -  MemoryUsage of job (MB)
	1302440  -  ResidentSetSize of job (KB)
...
006 (14466.000.000) 2024-12-05 21:57:14 Image size of job updated: 2398432
	1328  -  MemoryUsage of job (MB)
	1359464  -  ResidentSetSize of job (KB)
...
006 (14466.000.000) 2024-12-05 22:02:15 Image size of job updated: 2450012
	1395  -  MemoryUsage of job (MB)
	1427840  -  ResidentSetSize of job (KB)
...
006 (14466.000.000) 2024-12-05 22:07:15 Image size of job updated: 2450012
	1415  -  MemoryUsage of job (MB)
	1448564  -  ResidentSetSize of job (KB)
...
006 (14466.000.000) 2024-12-05 22:12:15 Image size of job updated: 2549824
	1456  -  MemoryUsage of job (MB)
	1490540  -  ResidentSetSize of job (KB)
...
006 (14466.000.000) 2024-12-05 22:17:16 Image size of job updated: 2549824
	1462  -  MemoryUsage of job (MB)
	1496480  -  ResidentSetSize of job (KB)
...
006 (14466.000.000) 2024-12-05 22:22:16 Image size of job updated: 2573068
	1489  -  MemoryUsage of job (MB)
	1523804  -  ResidentSetSize of job (KB)
...
006 (14466.000.000) 2024-12-05 22:27:16 Image size of job updated: 2600572
	1489  -  MemoryUsage of job (MB)
	1523804  -  ResidentSetSize of job (KB)
...
006 (14466.000.000) 2024-12-06 00:47:31 Image size of job updated: 2600572
	1498  -  MemoryUsage of job (MB)
	1533504  -  ResidentSetSize of job (KB)
...
006 (14466.000.000) 2024-12-06 00:52:32 Image size of job updated: 2600572
	1516  -  MemoryUsage of job (MB)
	1552248  -  ResidentSetSize of job (KB)
...
006 (14466.000.000) 2024-12-06 00:57:32 Image size of job updated: 2600572
	1529  -  MemoryUsage of job (MB)
	1565316  -  ResidentSetSize of job (KB)
...
006 (14466.000.000) 2024-12-06 01:02:33 Image size of job updated: 2600572
	1536  -  MemoryUsage of job (MB)
	1572840  -  ResidentSetSize of job (KB)
...
006 (14466.000.000) 2024-12-06 01:07:34 Image size of job updated: 2600572
	1549  -  MemoryUsage of job (MB)
	1585776  -  ResidentSetSize of job (KB)
...
006 (14466.000.000) 2024-12-06 01:12:34 Image size of job updated: 2666124
	1568  -  MemoryUsage of job (MB)
	1605576  -  ResidentSetSize of job (KB)
...
006 (14466.000.000) 2024-12-06 01:17:34 Image size of job updated: 2702384
	1616  -  MemoryUsage of job (MB)
	1654152  -  ResidentSetSize of job (KB)
...
006 (14466.000.000) 2024-12-06 04:47:55 Image size of job updated: 2724700
	1621  -  MemoryUsage of job (MB)
	1659700  -  ResidentSetSize of job (KB)
...
006 (14466.000.000) 2024-12-06 04:52:55 Image size of job updated: 2788528
	1692  -  MemoryUsage of job (MB)
	1732168  -  ResidentSetSize of job (KB)
...
006 (14466.000.000) 2024-12-06 04:57:56 Image size of job updated: 2788528
	1705  -  MemoryUsage of job (MB)
	1745104  -  ResidentSetSize of job (KB)
...
006 (14466.000.000) 2024-12-06 05:02:57 Image size of job updated: 2788528
	1721  -  MemoryUsage of job (MB)
	1761340  -  ResidentSetSize of job (KB)
...
006 (14466.000.000) 2024-12-06 05:07:57 Image size of job updated: 2788528
	1726  -  MemoryUsage of job (MB)
	1766752  -  ResidentSetSize of job (KB)
...
006 (14466.000.000) 2024-12-06 05:12:58 Image size of job updated: 2883836
	1834  -  MemoryUsage of job (MB)
	1877104  -  ResidentSetSize of job (KB)
...
006 (14466.000.000) 2024-12-06 05:17:59 Image size of job updated: 2949388
	1849  -  MemoryUsage of job (MB)
	1893208  -  ResidentSetSize of job (KB)
...
006 (14466.000.000) 2024-12-06 05:22:59 Image size of job updated: 2949388
	1868  -  MemoryUsage of job (MB)
	1911932  -  ResidentSetSize of job (KB)
...
006 (14466.000.000) 2024-12-06 09:13:23 Image size of job updated: 3005268
	1869  -  MemoryUsage of job (MB)
	1913756  -  ResidentSetSize of job (KB)
...
006 (14466.000.000) 2024-12-06 09:18:24 Image size of job updated: 3005268
	1876  -  MemoryUsage of job (MB)
	1921020  -  ResidentSetSize of job (KB)
...
006 (14466.000.000) 2024-12-06 09:23:24 Image size of job updated: 3005268
	1879  -  MemoryUsage of job (MB)
	1923876  -  ResidentSetSize of job (KB)
...
006 (14466.000.000) 2024-12-06 09:28:24 Image size of job updated: 3005268
	1889  -  MemoryUsage of job (MB)
	1934056  -  ResidentSetSize of job (KB)
...
006 (14466.000.000) 2024-12-06 09:33:25 Image size of job updated: 3005268
	1898  -  MemoryUsage of job (MB)
	1942896  -  ResidentSetSize of job (KB)
...
006 (14466.000.000) 2024-12-06 09:38:25 Image size of job updated: 3005268
	1909  -  MemoryUsage of job (MB)
	1954372  -  ResidentSetSize of job (KB)
...
006 (14466.000.000) 2024-12-06 14:53:59 Image size of job updated: 3057660
	1923  -  MemoryUsage of job (MB)
	1968616  -  ResidentSetSize of job (KB)
...
006 (14466.000.000) 2024-12-06 14:59:00 Image size of job updated: 3057660
	1924  -  MemoryUsage of job (MB)
	1969292  -  ResidentSetSize of job (KB)
...
006 (14466.000.000) 2024-12-06 15:04:00 Image size of job updated: 3057660
	1940  -  MemoryUsage of job (MB)
	1985632  -  ResidentSetSize of job (KB)
...
006 (14466.000.000) 2024-12-06 15:09:00 Image size of job updated: 3081080
	1952  -  MemoryUsage of job (MB)
	1998620  -  ResidentSetSize of job (KB)
...
006 (14466.000.000) 2024-12-06 15:14:01 Image size of job updated: 3081080
	1978  -  MemoryUsage of job (MB)
	2025452  -  ResidentSetSize of job (KB)
...
006 (14466.000.000) 2024-12-06 15:24:01 Image size of job updated: 3153872
	2063  -  MemoryUsage of job (MB)
	2111540  -  ResidentSetSize of job (KB)
...
006 (14466.000.000) 2024-12-06 15:29:02 Image size of job updated: 3156932
	2086  -  MemoryUsage of job (MB)
	2135712  -  ResidentSetSize of job (KB)
...
006 (14466.000.000) 2024-12-06 15:34:02 Image size of job updated: 3261680
	2129  -  MemoryUsage of job (MB)
	2179336  -  ResidentSetSize of job (KB)
...
006 (14466.000.000) 2024-12-06 15:39:02 Image size of job updated: 3282572
	2162  -  MemoryUsage of job (MB)
	2213768  -  ResidentSetSize of job (KB)
...
006 (14466.000.000) 2024-12-06 15:54:04 Image size of job updated: 3282572
	2193  -  MemoryUsage of job (MB)
	2245584  -  ResidentSetSize of job (KB)
...
006 (14466.000.000) 2024-12-06 15:59:05 Image size of job updated: 3282572
	2194  -  MemoryUsage of job (MB)
	2245716  -  ResidentSetSize of job (KB)
...
006 (14466.000.000) 2024-12-06 16:14:06 Image size of job updated: 3305916
	2215  -  MemoryUsage of job (MB)
	2267532  -  ResidentSetSize of job (KB)
...
006 (14466.000.000) 2024-12-06 16:19:07 Image size of job updated: 3305916
	2219  -  MemoryUsage of job (MB)
	2271764  -  ResidentSetSize of job (KB)
...
006 (14466.000.000) 2024-12-06 16:24:07 Image size of job updated: 3305916
	2236  -  MemoryUsage of job (MB)
	2288940  -  ResidentSetSize of job (KB)
...
006 (14466.000.000) 2024-12-06 16:29:07 Image size of job updated: 3371468
	2236  -  MemoryUsage of job (MB)
	2288940  -  ResidentSetSize of job (KB)
...
006 (14466.000.000) 2024-12-06 16:39:09 Image size of job updated: 3371468
	2259  -  MemoryUsage of job (MB)
	2312788  -  ResidentSetSize of job (KB)
...
006 (14466.000.000) 2024-12-07 02:05:07 Image size of job updated: 3402488
	2259  -  MemoryUsage of job (MB)
	2312788  -  ResidentSetSize of job (KB)
...
006 (14466.000.000) 2024-12-07 02:20:08 Image size of job updated: 3425180
	2259  -  MemoryUsage of job (MB)
	2312788  -  ResidentSetSize of job (KB)
...
006 (14466.000.000) 2024-12-07 02:30:09 Image size of job updated: 3448948
	2277  -  MemoryUsage of job (MB)
	2331092  -  ResidentSetSize of job (KB)
...
006 (14466.000.000) 2024-12-07 02:35:09 Image size of job updated: 3473164
	2306  -  MemoryUsage of job (MB)
	2361300  -  ResidentSetSize of job (KB)
...
006 (14466.000.000) 2024-12-07 02:40:10 Image size of job updated: 3473608
	2311  -  MemoryUsage of job (MB)
	2366248  -  ResidentSetSize of job (KB)
...
006 (14466.000.000) 2024-12-07 02:45:11 Image size of job updated: 3473608
	2315  -  MemoryUsage of job (MB)
	2369708  -  ResidentSetSize of job (KB)
...
006 (14466.000.000) 2024-12-07 02:50:11 Image size of job updated: 3501568
	2344  -  MemoryUsage of job (MB)
	2399400  -  ResidentSetSize of job (KB)
...
006 (14466.000.000) 2024-12-07 02:55:12 Image size of job updated: 3501568
	2346  -  MemoryUsage of job (MB)
	2402088  -  ResidentSetSize of job (KB)
...
006 (14466.000.000) 2024-12-07 03:05:13 Image size of job updated: 3523240
	2379  -  MemoryUsage of job (MB)
	2435588  -  ResidentSetSize of job (KB)
...
006 (14466.000.000) 2024-12-07 03:10:13 Image size of job updated: 3531152
	2381  -  MemoryUsage of job (MB)
	2438072  -  ResidentSetSize of job (KB)
...
006 (14466.000.000) 2024-12-07 03:15:14 Image size of job updated: 3552492
	2423  -  MemoryUsage of job (MB)
	2480176  -  ResidentSetSize of job (KB)
...
006 (14466.000.000) 2024-12-07 03:30:15 Image size of job updated: 3577280
	2446  -  MemoryUsage of job (MB)
	2504396  -  ResidentSetSize of job (KB)
...
006 (14466.000.000) 2024-12-07 03:35:15 Image size of job updated: 3598896
	2459  -  MemoryUsage of job (MB)
	2517136  -  ResidentSetSize of job (KB)
...
006 (14466.000.000) 2024-12-07 03:40:15 Image size of job updated: 3603200
	2464  -  MemoryUsage of job (MB)
	2522340  -  ResidentSetSize of job (KB)
...
006 (14466.000.000) 2024-12-07 03:45:16 Image size of job updated: 3612640
	2487  -  MemoryUsage of job (MB)
	2546636  -  ResidentSetSize of job (KB)
...
006 (14466.000.000) 2024-12-07 03:55:17 Image size of job updated: 3635544
	2512  -  MemoryUsage of job (MB)
	2571268  -  ResidentSetSize of job (KB)
...
006 (14466.000.000) 2024-12-07 04:00:18 Image size of job updated: 3667856
	2557  -  MemoryUsage of job (MB)
	2618016  -  ResidentSetSize of job (KB)
...
006 (14466.000.000) 2024-12-07 04:05:19 Image size of job updated: 3733092
	2623  -  MemoryUsage of job (MB)
	2685556  -  ResidentSetSize of job (KB)
...
006 (14466.000.000) 2024-12-07 04:15:19 Image size of job updated: 3951044
	2664  -  MemoryUsage of job (MB)
	2727400  -  ResidentSetSize of job (KB)
...
006 (14466.000.000) 2024-12-07 04:20:20 Image size of job updated: 3951044
	2725  -  MemoryUsage of job (MB)
	2790368  -  ResidentSetSize of job (KB)
...
006 (14466.000.000) 2024-12-07 04:25:20 Image size of job updated: 3951044
	2726  -  MemoryUsage of job (MB)
	2790632  -  ResidentSetSize of job (KB)
...
006 (14466.000.000) 2024-12-07 04:40:21 Image size of job updated: 3951044
	2726  -  MemoryUsage of job (MB)
	2791304  -  ResidentSetSize of job (KB)
...
006 (14466.000.000) 2024-12-07 04:45:21 Image size of job updated: 3951044
	2728  -  MemoryUsage of job (MB)
	2792912  -  ResidentSetSize of job (KB)
...
006 (14466.000.000) 2024-12-07 04:50:22 Image size of job updated: 3951044
	2786  -  MemoryUsage of job (MB)
	2852464  -  ResidentSetSize of job (KB)
...
006 (14466.000.000) 2024-12-07 05:10:25 Image size of job updated: 3956444
	2786  -  MemoryUsage of job (MB)
	2852464  -  ResidentSetSize of job (KB)
...
006 (14466.000.000) 2024-12-07 05:15:25 Image size of job updated: 3979228
	2786  -  MemoryUsage of job (MB)
	2852464  -  ResidentSetSize of job (KB)
...
006 (14466.000.000) 2024-12-07 05:20:25 Image size of job updated: 3979228
	2786  -  MemoryUsage of job (MB)
	2852524  -  ResidentSetSize of job (KB)
...
006 (14466.000.000) 2024-12-07 05:25:26 Image size of job updated: 3988652
	2787  -  MemoryUsage of job (MB)
	2853440  -  ResidentSetSize of job (KB)
...
006 (14466.000.000) 2024-12-07 05:30:26 Image size of job updated: 3998704
	2825  -  MemoryUsage of job (MB)
	2892668  -  ResidentSetSize of job (KB)
...
006 (14466.000.000) 2024-12-07 13:41:18 Image size of job updated: 4028004
	2825  -  MemoryUsage of job (MB)
	2892668  -  ResidentSetSize of job (KB)
...
006 (14466.000.000) 2024-12-07 13:46:18 Image size of job updated: 4031464
	2825  -  MemoryUsage of job (MB)
	2892668  -  ResidentSetSize of job (KB)
...
006 (14466.000.000) 2024-12-07 14:21:22 Image size of job updated: 4046356
	2825  -  MemoryUsage of job (MB)
	2892668  -  ResidentSetSize of job (KB)
...
006 (14466.000.000) 2024-12-07 14:41:25 Image size of job updated: 4084996
	2825  -  MemoryUsage of job (MB)
	2892668  -  ResidentSetSize of job (KB)
...
006 (14466.000.000) 2024-12-07 14:46:25 Image size of job updated: 4117488
	2825  -  MemoryUsage of job (MB)
	2892668  -  ResidentSetSize of job (KB)
...
006 (14466.000.000) 2024-12-07 14:51:25 Image size of job updated: 4120584
	2850  -  MemoryUsage of job (MB)
	2918084  -  ResidentSetSize of job (KB)
...
006 (14466.000.000) 2024-12-07 15:16:28 Image size of job updated: 4124876
	2850  -  MemoryUsage of job (MB)
	2918252  -  ResidentSetSize of job (KB)
...
006 (14466.000.000) 2024-12-07 15:21:28 Image size of job updated: 4184676
	2936  -  MemoryUsage of job (MB)
	3005908  -  ResidentSetSize of job (KB)
...
006 (14466.000.000) 2024-12-07 15:36:30 Image size of job updated: 4187496
	2936  -  MemoryUsage of job (MB)
	3005908  -  ResidentSetSize of job (KB)
...
006 (14466.000.000) 2024-12-07 15:41:30 Image size of job updated: 4207456
	2996  -  MemoryUsage of job (MB)
	3067084  -  ResidentSetSize of job (KB)
...
006 (14466.000.000) 2024-12-07 16:11:33 Image size of job updated: 4207456
	3000  -  MemoryUsage of job (MB)
	3071560  -  ResidentSetSize of job (KB)
...
006 (14466.000.000) 2024-12-07 16:26:35 Image size of job updated: 4227764
	3013  -  MemoryUsage of job (MB)
	3084836  -  ResidentSetSize of job (KB)
...
006 (14466.000.000) 2024-12-07 16:31:36 Image size of job updated: 4227764
	3034  -  MemoryUsage of job (MB)
	3105960  -  ResidentSetSize of job (KB)
...
006 (14466.000.000) 2024-12-07 16:51:38 Image size of job updated: 4288368
	3091  -  MemoryUsage of job (MB)
	3164360  -  ResidentSetSize of job (KB)
...
006 (14466.000.000) 2024-12-07 17:16:40 Image size of job updated: 4320860
	3091  -  MemoryUsage of job (MB)
	3164360  -  ResidentSetSize of job (KB)
...
006 (14466.000.000) 2024-12-07 17:21:41 Image size of job updated: 4362004
	3105  -  MemoryUsage of job (MB)
	3178604  -  ResidentSetSize of job (KB)
...
006 (14466.000.000) 2024-12-07 17:26:42 Image size of job updated: 4362004
	3173  -  MemoryUsage of job (MB)
	3248576  -  ResidentSetSize of job (KB)
...
006 (14466.000.000) 2024-12-07 17:31:42 Image size of job updated: 4393952
	3173  -  MemoryUsage of job (MB)
	3248708  -  ResidentSetSize of job (KB)
...
006 (14466.000.000) 2024-12-07 18:41:50 Image size of job updated: 4393952
	3205  -  MemoryUsage of job (MB)
	3281764  -  ResidentSetSize of job (KB)
...
006 (14466.000.000) 2024-12-07 18:46:51 Image size of job updated: 4503064
	3225  -  MemoryUsage of job (MB)
	3301580  -  ResidentSetSize of job (KB)
...
006 (14466.000.000) 2024-12-07 19:11:52 Image size of job updated: 4505672
	3269  -  MemoryUsage of job (MB)
	3347164  -  ResidentSetSize of job (KB)
...
006 (14466.000.000) 2024-12-07 19:16:53 Image size of job updated: 4560088
	3327  -  MemoryUsage of job (MB)
	3406496  -  ResidentSetSize of job (KB)
...
006 (14466.000.000) 2024-12-07 19:21:54 Image size of job updated: 4562552
	3366  -  MemoryUsage of job (MB)
	3446488  -  ResidentSetSize of job (KB)
...
006 (14466.000.000) 2024-12-07 19:31:55 Image size of job updated: 4628104
	3366  -  MemoryUsage of job (MB)
	3446488  -  ResidentSetSize of job (KB)
...
006 (14466.000.000) 2024-12-07 19:41:56 Image size of job updated: 4628104
	3405  -  MemoryUsage of job (MB)
	3486192  -  ResidentSetSize of job (KB)
...
006 (14466.000.000) 2024-12-07 19:51:57 Image size of job updated: 4628104
	3413  -  MemoryUsage of job (MB)
	3494860  -  ResidentSetSize of job (KB)
...
006 (14466.000.000) 2024-12-07 19:56:58 Image size of job updated: 4628104
	3447  -  MemoryUsage of job (MB)
	3529032  -  ResidentSetSize of job (KB)
...
006 (14466.000.000) 2024-12-07 20:01:58 Image size of job updated: 4628104
	3447  -  MemoryUsage of job (MB)
	3529164  -  ResidentSetSize of job (KB)
...
006 (14466.000.000) 2024-12-07 20:32:02 Image size of job updated: 4628104
	3464  -  MemoryUsage of job (MB)
	3546244  -  ResidentSetSize of job (KB)
...
006 (14466.000.000) 2024-12-07 20:52:04 Image size of job updated: 4693656
	3464  -  MemoryUsage of job (MB)
	3546244  -  ResidentSetSize of job (KB)
...
006 (14466.000.000) 2024-12-07 20:57:04 Image size of job updated: 4759208
	3464  -  MemoryUsage of job (MB)
	3546244  -  ResidentSetSize of job (KB)
...
006 (14466.000.000) 2024-12-07 21:52:10 Image size of job updated: 4799508
	3464  -  MemoryUsage of job (MB)
	3546244  -  ResidentSetSize of job (KB)
...
006 (14466.000.000) 2024-12-07 22:02:11 Image size of job updated: 4802688
	3474  -  MemoryUsage of job (MB)
	3556636  -  ResidentSetSize of job (KB)
...
006 (14466.000.000) 2024-12-07 22:07:12 Image size of job updated: 4818344
	3479  -  MemoryUsage of job (MB)
	3561532  -  ResidentSetSize of job (KB)
...
006 (14466.000.000) 2024-12-08 17:59:15 Image size of job updated: 4848084
	3479  -  MemoryUsage of job (MB)
	3561532  -  ResidentSetSize of job (KB)
...
006 (14466.000.000) 2024-12-08 18:09:16 Image size of job updated: 4862756
	3479  -  MemoryUsage of job (MB)
	3561532  -  ResidentSetSize of job (KB)
...
006 (14466.000.000) 2024-12-08 19:29:24 Image size of job updated: 4885680
	3479  -  MemoryUsage of job (MB)
	3561532  -  ResidentSetSize of job (KB)
...
006 (14466.000.000) 2024-12-08 19:39:25 Image size of job updated: 4885680
	3491  -  MemoryUsage of job (MB)
	3574372  -  ResidentSetSize of job (KB)
...
006 (14466.000.000) 2024-12-08 19:59:27 Image size of job updated: 4954536
	3491  -  MemoryUsage of job (MB)
	3574372  -  ResidentSetSize of job (KB)
...
006 (14466.000.000) 2024-12-08 20:09:29 Image size of job updated: 4963104
	3520  -  MemoryUsage of job (MB)
	3603564  -  ResidentSetSize of job (KB)
...
006 (14466.000.000) 2024-12-08 20:14:29 Image size of job updated: 4969160
	3520  -  MemoryUsage of job (MB)
	3603564  -  ResidentSetSize of job (KB)
...
006 (14466.000.000) 2024-12-08 20:19:30 Image size of job updated: 4986032
	3520  -  MemoryUsage of job (MB)
	3603564  -  ResidentSetSize of job (KB)
...
006 (14466.000.000) 2024-12-08 20:34:31 Image size of job updated: 4986032
	3528  -  MemoryUsage of job (MB)
	3611836  -  ResidentSetSize of job (KB)
...
006 (14466.000.000) 2024-12-08 20:49:32 Image size of job updated: 4986032
	3528  -  MemoryUsage of job (MB)
	3612436  -  ResidentSetSize of job (KB)
...
006 (14466.000.000) 2024-12-08 20:54:33 Image size of job updated: 4994864
	3587  -  MemoryUsage of job (MB)
	3672136  -  ResidentSetSize of job (KB)
...
006 (14466.000.000) 2024-12-08 20:59:34 Image size of job updated: 4994864
	3629  -  MemoryUsage of job (MB)
	3715504  -  ResidentSetSize of job (KB)
...
006 (14466.000.000) 2024-12-08 21:14:36 Image size of job updated: 4994864
	3678  -  MemoryUsage of job (MB)
	3765296  -  ResidentSetSize of job (KB)
...
006 (14466.000.000) 2024-12-08 21:39:38 Image size of job updated: 4994864
	3679  -  MemoryUsage of job (MB)
	3767192  -  ResidentSetSize of job (KB)
...
006 (14466.000.000) 2024-12-08 21:44:39 Image size of job updated: 4994864
	3680  -  MemoryUsage of job (MB)
	3767324  -  ResidentSetSize of job (KB)
...
006 (14466.000.000) 2024-12-08 21:59:40 Image size of job updated: 5093868
	3680  -  MemoryUsage of job (MB)
	3767324  -  ResidentSetSize of job (KB)
...
006 (14466.000.000) 2024-12-08 22:04:41 Image size of job updated: 5098944
	3680  -  MemoryUsage of job (MB)
	3767324  -  ResidentSetSize of job (KB)
...
006 (14466.000.000) 2024-12-08 22:09:41 Image size of job updated: 5131732
	3734  -  MemoryUsage of job (MB)
	3822752  -  ResidentSetSize of job (KB)
...
006 (14466.000.000) 2024-12-08 22:19:43 Image size of job updated: 5131732
	3744  -  MemoryUsage of job (MB)
	3833036  -  ResidentSetSize of job (KB)
...
006 (14466.000.000) 2024-12-08 22:24:43 Image size of job updated: 5131732
	3790  -  MemoryUsage of job (MB)
	3880644  -  ResidentSetSize of job (KB)
...
006 (14466.000.000) 2024-12-08 22:34:45 Image size of job updated: 5145892
	3790  -  MemoryUsage of job (MB)
	3880644  -  ResidentSetSize of job (KB)
...
006 (14466.000.000) 2024-12-08 22:39:45 Image size of job updated: 5155696
	3796  -  MemoryUsage of job (MB)
	3886516  -  ResidentSetSize of job (KB)
...
006 (14466.000.000) 2024-12-08 22:44:45 Image size of job updated: 5155696
	3830  -  MemoryUsage of job (MB)
	3921008  -  ResidentSetSize of job (KB)
...
006 (14466.000.000) 2024-12-08 22:59:47 Image size of job updated: 5155696
	3858  -  MemoryUsage of job (MB)
	3949864  -  ResidentSetSize of job (KB)
...
006 (14466.000.000) 2024-12-08 23:54:55 Image size of job updated: 5155696
	3866  -  MemoryUsage of job (MB)
	3957924  -  ResidentSetSize of job (KB)
...
006 (14466.000.000) 2024-12-08 23:59:55 Image size of job updated: 5155696
	3886  -  MemoryUsage of job (MB)
	3979024  -  ResidentSetSize of job (KB)
...
006 (14466.000.000) 2024-12-09 01:05:02 Image size of job updated: 5225736
	3967  -  MemoryUsage of job (MB)
	4061496  -  ResidentSetSize of job (KB)
...
006 (14466.000.000) 2024-12-09 01:15:03 Image size of job updated: 5266184
	3967  -  MemoryUsage of job (MB)
	4061496  -  ResidentSetSize of job (KB)
...
006 (14466.000.000) 2024-12-09 01:20:04 Image size of job updated: 5282600
	3974  -  MemoryUsage of job (MB)
	4068628  -  ResidentSetSize of job (KB)
...
006 (14466.000.000) 2024-12-09 01:25:05 Image size of job updated: 5284328
	3974  -  MemoryUsage of job (MB)
	4068628  -  ResidentSetSize of job (KB)
...
006 (14466.000.000) 2024-12-09 01:30:05 Image size of job updated: 5287060
	3974  -  MemoryUsage of job (MB)
	4068628  -  ResidentSetSize of job (KB)
...
006 (14466.000.000) 2024-12-09 01:35:05 Image size of job updated: 5294528
	3974  -  MemoryUsage of job (MB)
	4068628  -  ResidentSetSize of job (KB)
...
006 (14466.000.000) 2024-12-09 01:40:06 Image size of job updated: 5303856
	3974  -  MemoryUsage of job (MB)
	4068628  -  ResidentSetSize of job (KB)
...
006 (14466.000.000) 2024-12-09 01:45:06 Image size of job updated: 5337716
	3994  -  MemoryUsage of job (MB)
	4089248  -  ResidentSetSize of job (KB)
...
006 (14466.000.000) 2024-12-09 01:50:06 Image size of job updated: 5346820
	4116  -  MemoryUsage of job (MB)
	4214536  -  ResidentSetSize of job (KB)
...
006 (14466.000.000) 2024-12-09 01:55:07 Image size of job updated: 5346820
	4116  -  MemoryUsage of job (MB)
	4214668  -  ResidentSetSize of job (KB)
...
006 (14466.000.000) 2024-12-09 02:15:10 Image size of job updated: 5412372
	4116  -  MemoryUsage of job (MB)
	4214668  -  ResidentSetSize of job (KB)
...
006 (14466.000.000) 2024-12-09 02:25:11 Image size of job updated: 5412372
	4209  -  MemoryUsage of job (MB)
	4310016  -  ResidentSetSize of job (KB)
...
006 (14466.000.000) 2024-12-09 02:30:12 Image size of job updated: 5412372
	4210  -  MemoryUsage of job (MB)
	4310148  -  ResidentSetSize of job (KB)
...
006 (14466.000.000) 2024-12-09 03:40:20 Image size of job updated: 5477924
	4210  -  MemoryUsage of job (MB)
	4310148  -  ResidentSetSize of job (KB)
...
006 (14466.000.000) 2024-12-09 05:20:29 Image size of job updated: 5477924
	4235  -  MemoryUsage of job (MB)
	4336496  -  ResidentSetSize of job (KB)
...
006 (14466.000.000) 2024-12-09 06:10:34 Image size of job updated: 5510112
	4235  -  MemoryUsage of job (MB)
	4336496  -  ResidentSetSize of job (KB)
...
006 (14466.000.000) 2024-12-09 06:25:36 Image size of job updated: 5525188
	4235  -  MemoryUsage of job (MB)
	4336496  -  ResidentSetSize of job (KB)
...
006 (14466.000.000) 2024-12-09 07:00:39 Image size of job updated: 5550296
	4235  -  MemoryUsage of job (MB)
	4336496  -  ResidentSetSize of job (KB)
...
006 (14466.000.000) 2024-12-09 07:05:39 Image size of job updated: 5570132
	4235  -  MemoryUsage of job (MB)
	4336496  -  ResidentSetSize of job (KB)
...
006 (14466.000.000) 2024-12-09 07:10:40 Image size of job updated: 5570132
	4336  -  MemoryUsage of job (MB)
	4439524  -  ResidentSetSize of job (KB)
...
006 (14466.000.000) 2024-12-09 08:35:49 Image size of job updated: 5570132
	4339  -  MemoryUsage of job (MB)
	4443024  -  ResidentSetSize of job (KB)
...
006 (14466.000.000) 2024-12-09 10:46:01 Image size of job updated: 5621976
	4342  -  MemoryUsage of job (MB)
	4445988  -  ResidentSetSize of job (KB)
...
006 (14466.000.000) 2024-12-09 10:51:01 Image size of job updated: 5669684
	4429  -  MemoryUsage of job (MB)
	4534552  -  ResidentSetSize of job (KB)
...
006 (14466.000.000) 2024-12-09 11:36:06 Image size of job updated: 5669684
	4443  -  MemoryUsage of job (MB)
	4548896  -  ResidentSetSize of job (KB)
...
006 (14466.000.000) 2024-12-09 11:41:06 Image size of job updated: 5669684
	4459  -  MemoryUsage of job (MB)
	4565688  -  ResidentSetSize of job (KB)
...
006 (14466.000.000) 2024-12-09 11:46:06 Image size of job updated: 5669684
	4462  -  MemoryUsage of job (MB)
	4568096  -  ResidentSetSize of job (KB)
...
006 (14466.000.000) 2024-12-09 12:16:10 Image size of job updated: 5669684
	4512  -  MemoryUsage of job (MB)
	4619772  -  ResidentSetSize of job (KB)
...
006 (14466.000.000) 2024-12-09 12:31:11 Image size of job updated: 5735236
	4512  -  MemoryUsage of job (MB)
	4619772  -  ResidentSetSize of job (KB)
...
006 (14466.000.000) 2024-12-10 14:48:49 Image size of job updated: 5779148
	4512  -  MemoryUsage of job (MB)
	4619772  -  ResidentSetSize of job (KB)
...
006 (14466.000.000) 2024-12-10 14:53:50 Image size of job updated: 5833272
	4512  -  MemoryUsage of job (MB)
	4619772  -  ResidentSetSize of job (KB)
...
006 (14466.000.000) 2024-12-10 17:29:06 Image size of job updated: 5883528
	4512  -  MemoryUsage of job (MB)
	4619772  -  ResidentSetSize of job (KB)
...
006 (14466.000.000) 2024-12-10 17:44:07 Image size of job updated: 5897096
	4512  -  MemoryUsage of job (MB)
	4619772  -  ResidentSetSize of job (KB)
...
006 (14466.000.000) 2024-12-10 21:34:29 Image size of job updated: 5971772
	4512  -  MemoryUsage of job (MB)
	4619772  -  ResidentSetSize of job (KB)
...
006 (14466.000.000) 2024-12-10 22:54:37 Image size of job updated: 5972512
	4512  -  MemoryUsage of job (MB)
	4619772  -  ResidentSetSize of job (KB)
...
006 (14466.000.000) 2024-12-10 23:09:38 Image size of job updated: 5985656
	4512  -  MemoryUsage of job (MB)
	4619772  -  ResidentSetSize of job (KB)
...
006 (14466.000.000) 2024-12-10 23:14:38 Image size of job updated: 6009572
	4512  -  MemoryUsage of job (MB)
	4619772  -  ResidentSetSize of job (KB)
...
006 (14466.000.000) 2024-12-10 23:19:39 Image size of job updated: 6079128
	4512  -  MemoryUsage of job (MB)
	4619772  -  ResidentSetSize of job (KB)
...
006 (14466.000.000) 2024-12-10 23:24:40 Image size of job updated: 6081556
	4512  -  MemoryUsage of job (MB)
	4619772  -  ResidentSetSize of job (KB)
...
006 (14466.000.000) 2024-12-10 23:34:41 Image size of job updated: 6081556
	4517  -  MemoryUsage of job (MB)
	4624896  -  ResidentSetSize of job (KB)
...
006 (14466.000.000) 2024-12-10 23:59:44 Image size of job updated: 6085132
	4517  -  MemoryUsage of job (MB)
	4624896  -  ResidentSetSize of job (KB)
...
006 (14466.000.000) 2024-12-11 00:04:44 Image size of job updated: 6103648
	4517  -  MemoryUsage of job (MB)
	4624896  -  ResidentSetSize of job (KB)
...
006 (14466.000.000) 2024-12-11 00:09:45 Image size of job updated: 6158548
	4527  -  MemoryUsage of job (MB)
	4635624  -  ResidentSetSize of job (KB)
...
006 (14466.000.000) 2024-12-11 00:14:46 Image size of job updated: 6158548
	4563  -  MemoryUsage of job (MB)
	4671584  -  ResidentSetSize of job (KB)
...
006 (14466.000.000) 2024-12-11 00:19:46 Image size of job updated: 6158548
	4563  -  MemoryUsage of job (MB)
	4671716  -  ResidentSetSize of job (KB)
...
006 (14466.000.000) 2024-12-11 00:24:47 Image size of job updated: 6158548
	4595  -  MemoryUsage of job (MB)
	4704648  -  ResidentSetSize of job (KB)
...
006 (14466.000.000) 2024-12-11 00:34:48 Image size of job updated: 6170704
	4595  -  MemoryUsage of job (MB)
	4704648  -  ResidentSetSize of job (KB)
...
006 (14466.000.000) 2024-12-11 01:14:53 Image size of job updated: 6170704
	4632  -  MemoryUsage of job (MB)
	4742924  -  ResidentSetSize of job (KB)
...
006 (14466.000.000) 2024-12-11 01:49:56 Image size of job updated: 6170704
	4671  -  MemoryUsage of job (MB)
	4782760  -  ResidentSetSize of job (KB)
...
006 (14466.000.000) 2024-12-11 02:40:01 Image size of job updated: 6170704
	4676  -  MemoryUsage of job (MB)
	4788224  -  ResidentSetSize of job (KB)
...
006 (14466.000.000) 2024-12-11 02:45:01 Image size of job updated: 6170704
	4677  -  MemoryUsage of job (MB)
	4788356  -  ResidentSetSize of job (KB)
...
006 (14466.000.000) 2024-12-11 03:25:05 Image size of job updated: 6170704
	4712  -  MemoryUsage of job (MB)
	4824764  -  ResidentSetSize of job (KB)
...
006 (14466.000.000) 2024-12-11 03:45:07 Image size of job updated: 6185500
	4712  -  MemoryUsage of job (MB)
	4824764  -  ResidentSetSize of job (KB)
...
006 (14466.000.000) 2024-12-11 03:55:08 Image size of job updated: 6237744
	4712  -  MemoryUsage of job (MB)
	4824764  -  ResidentSetSize of job (KB)
...
006 (14466.000.000) 2024-12-11 04:00:08 Image size of job updated: 6237744
	4724  -  MemoryUsage of job (MB)
	4836992  -  ResidentSetSize of job (KB)
...
006 (14466.000.000) 2024-12-11 04:25:11 Image size of job updated: 6287728
	4724  -  MemoryUsage of job (MB)
	4836992  -  ResidentSetSize of job (KB)
...
006 (14466.000.000) 2024-12-11 04:35:12 Image size of job updated: 6287728
	4773  -  MemoryUsage of job (MB)
	4886892  -  ResidentSetSize of job (KB)
...
006 (14466.000.000) 2024-12-11 05:45:21 Image size of job updated: 6287728
	4808  -  MemoryUsage of job (MB)
	4922476  -  ResidentSetSize of job (KB)
...
006 (14466.000.000) 2024-12-11 05:50:21 Image size of job updated: 6287728
	4808  -  MemoryUsage of job (MB)
	4922608  -  ResidentSetSize of job (KB)
...
006 (14466.000.000) 2024-12-11 07:00:29 Image size of job updated: 6287728
	4840  -  MemoryUsage of job (MB)
	4955232  -  ResidentSetSize of job (KB)
...
006 (14466.000.000) 2024-12-11 07:05:29 Image size of job updated: 6287728
	4840  -  MemoryUsage of job (MB)
	4955364  -  ResidentSetSize of job (KB)
...
006 (14466.000.000) 2024-12-11 07:40:33 Image size of job updated: 6287728
	4894  -  MemoryUsage of job (MB)
	5010992  -  ResidentSetSize of job (KB)
...
006 (14466.000.000) 2024-12-11 08:00:36 Image size of job updated: 6287728
	4911  -  MemoryUsage of job (MB)
	5028796  -  ResidentSetSize of job (KB)
...
006 (14466.000.000) 2024-12-11 10:05:47 Image size of job updated: 6335748
	4911  -  MemoryUsage of job (MB)
	5028796  -  ResidentSetSize of job (KB)
...
006 (14466.000.000) 2024-12-11 10:10:48 Image size of job updated: 6342988
	4913  -  MemoryUsage of job (MB)
	5030908  -  ResidentSetSize of job (KB)
...
006 (14466.000.000) 2024-12-11 10:20:49 Image size of job updated: 6380040
	4913  -  MemoryUsage of job (MB)
	5030908  -  ResidentSetSize of job (KB)
...
006 (14466.000.000) 2024-12-11 10:25:49 Image size of job updated: 6431096
	4913  -  MemoryUsage of job (MB)
	5030908  -  ResidentSetSize of job (KB)
...
006 (14466.000.000) 2024-12-11 10:35:50 Image size of job updated: 6431096
	5000  -  MemoryUsage of job (MB)
	5119608  -  ResidentSetSize of job (KB)
...
006 (14466.000.000) 2024-12-11 10:55:52 Image size of job updated: 6449228
	5000  -  MemoryUsage of job (MB)
	5119608  -  ResidentSetSize of job (KB)
...
006 (14466.000.000) 2024-12-11 11:30:55 Image size of job updated: 6449228
	5024  -  MemoryUsage of job (MB)
	5144196  -  ResidentSetSize of job (KB)
...
006 (14466.000.000) 2024-12-11 13:36:08 Image size of job updated: 6449228
	5062  -  MemoryUsage of job (MB)
	5182492  -  ResidentSetSize of job (KB)
...
006 (14466.000.000) 2024-12-11 13:41:08 Image size of job updated: 6449228
	5062  -  MemoryUsage of job (MB)
	5182624  -  ResidentSetSize of job (KB)
...
006 (14466.000.000) 2024-12-11 14:06:12 Image size of job updated: 6449468
	5062  -  MemoryUsage of job (MB)
	5182624  -  ResidentSetSize of job (KB)
...
006 (14466.000.000) 2024-12-11 14:16:12 Image size of job updated: 6457000
	5062  -  MemoryUsage of job (MB)
	5182624  -  ResidentSetSize of job (KB)
...
006 (14466.000.000) 2024-12-11 14:21:13 Image size of job updated: 6497300
	5062  -  MemoryUsage of job (MB)
	5182624  -  ResidentSetSize of job (KB)
...
006 (14466.000.000) 2024-12-11 14:26:14 Image size of job updated: 6562052
	5171  -  MemoryUsage of job (MB)
	5294644  -  ResidentSetSize of job (KB)
...
006 (14466.000.000) 2024-12-11 15:11:19 Image size of job updated: 6587576
	5171  -  MemoryUsage of job (MB)
	5294644  -  ResidentSetSize of job (KB)
...
006 (14466.000.000) 2024-12-11 15:16:20 Image size of job updated: 6600816
	5171  -  MemoryUsage of job (MB)
	5294644  -  ResidentSetSize of job (KB)
...
006 (14466.000.000) 2024-12-11 15:21:20 Image size of job updated: 6619592
	5183  -  MemoryUsage of job (MB)
	5306752  -  ResidentSetSize of job (KB)
...
006 (14466.000.000) 2024-12-11 15:26:21 Image size of job updated: 6620040
	5183  -  MemoryUsage of job (MB)
	5306884  -  ResidentSetSize of job (KB)
...
006 (14466.000.000) 2024-12-11 15:31:22 Image size of job updated: 6676012
	5216  -  MemoryUsage of job (MB)
	5340484  -  ResidentSetSize of job (KB)
...
006 (14466.000.000) 2024-12-11 15:36:22 Image size of job updated: 6676012
	5230  -  MemoryUsage of job (MB)
	5355096  -  ResidentSetSize of job (KB)
...
006 (14466.000.000) 2024-12-11 15:41:22 Image size of job updated: 6676012
	5266  -  MemoryUsage of job (MB)
	5391368  -  ResidentSetSize of job (KB)
...
006 (14466.000.000) 2024-12-11 16:06:26 Image size of job updated: 6680192
	5266  -  MemoryUsage of job (MB)
	5391368  -  ResidentSetSize of job (KB)
...
006 (14466.000.000) 2024-12-11 16:16:26 Image size of job updated: 6694352
	5289  -  MemoryUsage of job (MB)
	5415524  -  ResidentSetSize of job (KB)
...
006 (14466.000.000) 2024-12-11 16:21:27 Image size of job updated: 6709492
	5289  -  MemoryUsage of job (MB)
	5415656  -  ResidentSetSize of job (KB)
...
006 (14466.000.000) 2024-12-11 16:31:27 Image size of job updated: 6717688
	5289  -  MemoryUsage of job (MB)
	5415656  -  ResidentSetSize of job (KB)
...
006 (14466.000.000) 2024-12-11 16:36:28 Image size of job updated: 6718068
	5331  -  MemoryUsage of job (MB)
	5458016  -  ResidentSetSize of job (KB)
...
006 (14466.000.000) 2024-12-11 16:46:28 Image size of job updated: 6718068
	5340  -  MemoryUsage of job (MB)
	5467404  -  ResidentSetSize of job (KB)
...
006 (14466.000.000) 2024-12-11 16:56:30 Image size of job updated: 6751876
	5340  -  MemoryUsage of job (MB)
	5467404  -  ResidentSetSize of job (KB)
...
006 (14466.000.000) 2024-12-11 17:01:30 Image size of job updated: 6756284
	5356  -  MemoryUsage of job (MB)
	5483676  -  ResidentSetSize of job (KB)
...
006 (14466.000.000) 2024-12-11 17:06:31 Image size of job updated: 6809060
	5356  -  MemoryUsage of job (MB)
	5483676  -  ResidentSetSize of job (KB)
...
006 (14466.000.000) 2024-12-11 17:46:36 Image size of job updated: 6809060
	5391  -  MemoryUsage of job (MB)
	5520096  -  ResidentSetSize of job (KB)
...
006 (14466.000.000) 2024-12-11 18:01:37 Image size of job updated: 6809060
	5416  -  MemoryUsage of job (MB)
	5545884  -  ResidentSetSize of job (KB)
...
006 (14466.000.000) 2024-12-11 18:46:42 Image size of job updated: 6809060
	5471  -  MemoryUsage of job (MB)
	5601420  -  ResidentSetSize of job (KB)
...
006 (14466.000.000) 2024-12-11 19:26:46 Image size of job updated: 6809060
	5510  -  MemoryUsage of job (MB)
	5642072  -  ResidentSetSize of job (KB)
...
006 (14466.000.000) 2024-12-11 19:31:46 Image size of job updated: 6870704
	5573  -  MemoryUsage of job (MB)
	5706256  -  ResidentSetSize of job (KB)
...
006 (14466.000.000) 2024-12-11 21:46:59 Image size of job updated: 6870704
	5604  -  MemoryUsage of job (MB)
	5738288  -  ResidentSetSize of job (KB)
...
006 (14466.000.000) 2024-12-11 22:17:03 Image size of job updated: 6918588
	5604  -  MemoryUsage of job (MB)
	5738288  -  ResidentSetSize of job (KB)
...
006 (14466.000.000) 2024-12-11 23:02:09 Image size of job updated: 6918588
	5642  -  MemoryUsage of job (MB)
	5776960  -  ResidentSetSize of job (KB)
...
006 (14466.000.000) 2024-12-11 23:47:13 Image size of job updated: 6984140
	5662  -  MemoryUsage of job (MB)
	5797436  -  ResidentSetSize of job (KB)
...
006 (14466.000.000) 2024-12-12 00:17:16 Image size of job updated: 6984140
	5730  -  MemoryUsage of job (MB)
	5867264  -  ResidentSetSize of job (KB)
...
006 (14466.000.000) 2024-12-12 00:22:16 Image size of job updated: 6984140
	5730  -  MemoryUsage of job (MB)
	5867396  -  ResidentSetSize of job (KB)
...
006 (14466.000.000) 2024-12-12 01:17:21 Image size of job updated: 7039360
	5730  -  MemoryUsage of job (MB)
	5867396  -  ResidentSetSize of job (KB)
...
006 (14466.000.000) 2024-12-12 03:02:31 Image size of job updated: 7066792
	5730  -  MemoryUsage of job (MB)
	5867396  -  ResidentSetSize of job (KB)
...
006 (14466.000.000) 2024-12-12 03:12:33 Image size of job updated: 7070680
	5730  -  MemoryUsage of job (MB)
	5867396  -  ResidentSetSize of job (KB)
...
006 (14466.000.000) 2024-12-12 03:42:36 Image size of job updated: 7097540
	5782  -  MemoryUsage of job (MB)
	5919768  -  ResidentSetSize of job (KB)
...
006 (14466.000.000) 2024-12-12 03:47:36 Image size of job updated: 7097540
	5782  -  MemoryUsage of job (MB)
	5919900  -  ResidentSetSize of job (KB)
...
006 (14466.000.000) 2024-12-12 03:52:36 Image size of job updated: 7206268
	5782  -  MemoryUsage of job (MB)
	5919900  -  ResidentSetSize of job (KB)
...
006 (14466.000.000) 2024-12-12 03:57:37 Image size of job updated: 7227172
	5881  -  MemoryUsage of job (MB)
	6021948  -  ResidentSetSize of job (KB)
...
006 (14466.000.000) 2024-12-12 04:32:40 Image size of job updated: 7227172
	5923  -  MemoryUsage of job (MB)
	6064532  -  ResidentSetSize of job (KB)
...
006 (14466.000.000) 2024-12-12 06:07:50 Image size of job updated: 7276452
	5923  -  MemoryUsage of job (MB)
	6064532  -  ResidentSetSize of job (KB)
...
006 (14466.000.000) 2024-12-12 06:22:52 Image size of job updated: 7342004
	6059  -  MemoryUsage of job (MB)
	6204188  -  ResidentSetSize of job (KB)
...
006 (14466.000.000) 2024-12-12 06:27:53 Image size of job updated: 7342004
	6059  -  MemoryUsage of job (MB)
	6204320  -  ResidentSetSize of job (KB)
...
006 (14466.000.000) 2024-12-12 07:17:59 Image size of job updated: 7447604
	6059  -  MemoryUsage of job (MB)
	6204320  -  ResidentSetSize of job (KB)
...
006 (14466.000.000) 2024-12-12 07:58:03 Image size of job updated: 7486628
	6059  -  MemoryUsage of job (MB)
	6204320  -  ResidentSetSize of job (KB)
...
006 (14466.000.000) 2024-12-12 09:08:11 Image size of job updated: 7486628
	6107  -  MemoryUsage of job (MB)
	6253472  -  ResidentSetSize of job (KB)
...
006 (14466.000.000) 2024-12-12 09:13:11 Image size of job updated: 7486628
	6108  -  MemoryUsage of job (MB)
	6253604  -  ResidentSetSize of job (KB)
...
006 (14466.000.000) 2024-12-12 12:38:34 Image size of job updated: 7505556
	6108  -  MemoryUsage of job (MB)
	6253604  -  ResidentSetSize of job (KB)
...
006 (14466.000.000) 2024-12-12 13:43:39 Image size of job updated: 7505556
	6114  -  MemoryUsage of job (MB)
	6260152  -  ResidentSetSize of job (KB)
...
006 (14466.000.000) 2024-12-12 13:53:41 Image size of job updated: 7538412
	6114  -  MemoryUsage of job (MB)
	6260152  -  ResidentSetSize of job (KB)
...
006 (14466.000.000) 2024-12-12 14:28:45 Image size of job updated: 7620508
	6114  -  MemoryUsage of job (MB)
	6260152  -  ResidentSetSize of job (KB)
...
006 (14466.000.000) 2024-12-12 14:33:45 Image size of job updated: 7620508
	6196  -  MemoryUsage of job (MB)
	6344448  -  ResidentSetSize of job (KB)
...
006 (14466.000.000) 2024-12-12 14:38:46 Image size of job updated: 7654016
	6196  -  MemoryUsage of job (MB)
	6344580  -  ResidentSetSize of job (KB)
...
006 (14466.000.000) 2024-12-12 14:43:47 Image size of job updated: 7691956
	6196  -  MemoryUsage of job (MB)
	6344580  -  ResidentSetSize of job (KB)
...
006 (14466.000.000) 2024-12-12 14:53:47 Image size of job updated: 7737672
	6196  -  MemoryUsage of job (MB)
	6344580  -  ResidentSetSize of job (KB)
...
006 (14466.000.000) 2024-12-12 14:58:48 Image size of job updated: 7737672
	6204  -  MemoryUsage of job (MB)
	6352104  -  ResidentSetSize of job (KB)
...
006 (14466.000.000) 2024-12-12 15:03:48 Image size of job updated: 7737672
	6204  -  MemoryUsage of job (MB)
	6352236  -  ResidentSetSize of job (KB)
...
006 (14466.000.000) 2024-12-12 15:38:52 Image size of job updated: 7737672
	6278  -  MemoryUsage of job (MB)
	6428020  -  ResidentSetSize of job (KB)
...
006 (14466.000.000) 2024-12-12 15:58:54 Image size of job updated: 7783036
	6278  -  MemoryUsage of job (MB)
	6428020  -  ResidentSetSize of job (KB)
...
006 (14466.000.000) 2024-12-12 16:03:55 Image size of job updated: 7783036
	6308  -  MemoryUsage of job (MB)
	6458528  -  ResidentSetSize of job (KB)
...
006 (14466.000.000) 2024-12-12 16:08:56 Image size of job updated: 7814784
	6308  -  MemoryUsage of job (MB)
	6458528  -  ResidentSetSize of job (KB)
...
006 (14466.000.000) 2024-12-12 18:09:08 Image size of job updated: 7814784
	6413  -  MemoryUsage of job (MB)
	6566044  -  ResidentSetSize of job (KB)
...
006 (14466.000.000) 2024-12-12 18:54:12 Image size of job updated: 7814784
	6426  -  MemoryUsage of job (MB)
	6579612  -  ResidentSetSize of job (KB)
...
006 (14466.000.000) 2024-12-16 01:07:22 Image size of job updated: 7896240
	6426  -  MemoryUsage of job (MB)
	6579612  -  ResidentSetSize of job (KB)
...
006 (14466.000.000) 2024-12-16 09:43:17 Image size of job updated: 7997432
	6426  -  MemoryUsage of job (MB)
	6579612  -  ResidentSetSize of job (KB)
...
006 (14466.000.000) 2024-12-16 12:13:33 Image size of job updated: 8037192
	6426  -  MemoryUsage of job (MB)
	6579612  -  ResidentSetSize of job (KB)
...
006 (14466.000.000) 2024-12-16 13:43:40 Image size of job updated: 8090504
	6426  -  MemoryUsage of job (MB)
	6579612  -  ResidentSetSize of job (KB)
...
006 (14466.000.000) 2024-12-16 14:03:43 Image size of job updated: 8092764
	6426  -  MemoryUsage of job (MB)
	6579612  -  ResidentSetSize of job (KB)
...
006 (14466.000.000) 2024-12-16 17:04:01 Image size of job updated: 8092764
	6511  -  MemoryUsage of job (MB)
	6667156  -  ResidentSetSize of job (KB)
...
006 (14466.000.000) 2024-12-16 18:59:13 Image size of job updated: 8170668
	6511  -  MemoryUsage of job (MB)
	6667156  -  ResidentSetSize of job (KB)
...
006 (14466.000.000) 2024-12-16 20:04:20 Image size of job updated: 8170668
	6516  -  MemoryUsage of job (MB)
	6672040  -  ResidentSetSize of job (KB)
...
006 (14466.000.000) 2024-12-16 20:24:23 Image size of job updated: 8170668
	6636  -  MemoryUsage of job (MB)
	6794796  -  ResidentSetSize of job (KB)
...
006 (14466.000.000) 2024-12-16 21:59:30 Image size of job updated: 8182680
	6636  -  MemoryUsage of job (MB)
	6794796  -  ResidentSetSize of job (KB)
...
006 (14466.000.000) 2024-12-16 22:14:32 Image size of job updated: 8182680
	6644  -  MemoryUsage of job (MB)
	6802520  -  ResidentSetSize of job (KB)
...
006 (14466.000.000) 2024-12-16 22:29:33 Image size of job updated: 8182680
	6670  -  MemoryUsage of job (MB)
	6829100  -  ResidentSetSize of job (KB)
...
006 (14466.000.000) 2024-12-16 22:54:36 Image size of job updated: 8182680
	6686  -  MemoryUsage of job (MB)
	6845572  -  ResidentSetSize of job (KB)
...
006 (14466.000.000) 2024-12-17 03:35:07 Image size of job updated: 8236152
	6686  -  MemoryUsage of job (MB)
	6845572  -  ResidentSetSize of job (KB)
...
006 (14466.000.000) 2024-12-17 03:50:08 Image size of job updated: 8315812
	6686  -  MemoryUsage of job (MB)
	6845572  -  ResidentSetSize of job (KB)
...
006 (14466.000.000) 2024-12-17 04:15:11 Image size of job updated: 8336408
	6686  -  MemoryUsage of job (MB)
	6845572  -  ResidentSetSize of job (KB)
...
006 (14466.000.000) 2024-12-17 04:20:12 Image size of job updated: 8440964
	6790  -  MemoryUsage of job (MB)
	6952440  -  ResidentSetSize of job (KB)
...
006 (14466.000.000) 2024-12-17 04:25:12 Image size of job updated: 8440964
	6790  -  MemoryUsage of job (MB)
	6952704  -  ResidentSetSize of job (KB)
...
006 (14466.000.000) 2024-12-17 04:30:12 Image size of job updated: 8475600
	6790  -  MemoryUsage of job (MB)
	6952704  -  ResidentSetSize of job (KB)
...
006 (14466.000.000) 2024-12-17 04:45:15 Image size of job updated: 8475752
	6790  -  MemoryUsage of job (MB)
	6952704  -  ResidentSetSize of job (KB)
...
006 (14466.000.000) 2024-12-17 04:55:15 Image size of job updated: 8475752
	6839  -  MemoryUsage of job (MB)
	7002752  -  ResidentSetSize of job (KB)
...
006 (14466.000.000) 2024-12-17 05:55:20 Image size of job updated: 8475752
	6928  -  MemoryUsage of job (MB)
	7094084  -  ResidentSetSize of job (KB)
...
006 (14466.000.000) 2024-12-17 07:15:29 Image size of job updated: 8570072
	6928  -  MemoryUsage of job (MB)
	7094084  -  ResidentSetSize of job (KB)
...
006 (14466.000.000) 2024-12-17 07:20:29 Image size of job updated: 8627076
	6928  -  MemoryUsage of job (MB)
	7094084  -  ResidentSetSize of job (KB)
...
006 (14466.000.000) 2024-12-17 07:25:30 Image size of job updated: 8640700
	6928  -  MemoryUsage of job (MB)
	7094084  -  ResidentSetSize of job (KB)
...
006 (14466.000.000) 2024-12-17 07:30:31 Image size of job updated: 8649612
	6928  -  MemoryUsage of job (MB)
	7094084  -  ResidentSetSize of job (KB)
...
006 (14466.000.000) 2024-12-17 07:50:33 Image size of job updated: 8717972
	6928  -  MemoryUsage of job (MB)
	7094084  -  ResidentSetSize of job (KB)
...
006 (14466.000.000) 2024-12-17 08:35:38 Image size of job updated: 8717972
	6935  -  MemoryUsage of job (MB)
	7101032  -  ResidentSetSize of job (KB)
...
006 (14466.000.000) 2024-12-17 08:40:38 Image size of job updated: 8717972
	6935  -  MemoryUsage of job (MB)
	7101164  -  ResidentSetSize of job (KB)
...
006 (14466.000.000) 2024-12-17 08:45:38 Image size of job updated: 8717972
	7122  -  MemoryUsage of job (MB)
	7292348  -  ResidentSetSize of job (KB)
...
006 (14466.000.000) 2024-12-17 09:20:41 Image size of job updated: 8733664
	7122  -  MemoryUsage of job (MB)
	7292348  -  ResidentSetSize of job (KB)
...
006 (14466.000.000) 2024-12-17 10:10:45 Image size of job updated: 8751856
	7122  -  MemoryUsage of job (MB)
	7292348  -  ResidentSetSize of job (KB)
...
006 (14466.000.000) 2024-12-17 10:15:45 Image size of job updated: 8798728
	7122  -  MemoryUsage of job (MB)
	7292348  -  ResidentSetSize of job (KB)
...
006 (14466.000.000) 2024-12-17 10:20:45 Image size of job updated: 8825300
	7122  -  MemoryUsage of job (MB)
	7292348  -  ResidentSetSize of job (KB)
...
006 (14466.000.000) 2024-12-17 10:30:47 Image size of job updated: 8825300
	7183  -  MemoryUsage of job (MB)
	7355316  -  ResidentSetSize of job (KB)
...
006 (14466.000.000) 2024-12-17 10:35:47 Image size of job updated: 8825300
	7259  -  MemoryUsage of job (MB)
	7432288  -  ResidentSetSize of job (KB)
...
006 (14466.000.000) 2024-12-17 12:10:56 Image size of job updated: 8881400
	7259  -  MemoryUsage of job (MB)
	7432288  -  ResidentSetSize of job (KB)
...
006 (14466.000.000) 2024-12-17 12:15:56 Image size of job updated: 8914656
	7259  -  MemoryUsage of job (MB)
	7432288  -  ResidentSetSize of job (KB)
...
006 (14466.000.000) 2024-12-17 12:40:59 Image size of job updated: 8914656
	7285  -  MemoryUsage of job (MB)
	7459144  -  ResidentSetSize of job (KB)
...
006 (14466.000.000) 2024-12-17 13:16:02 Image size of job updated: 8914656
	7311  -  MemoryUsage of job (MB)
	7486304  -  ResidentSetSize of job (KB)
...
006 (14466.000.000) 2024-12-17 13:26:02 Image size of job updated: 8930528
	7311  -  MemoryUsage of job (MB)
	7486304  -  ResidentSetSize of job (KB)
...
006 (14466.000.000) 2024-12-17 13:31:03 Image size of job updated: 8930528
	7375  -  MemoryUsage of job (MB)
	7551104  -  ResidentSetSize of job (KB)
...
006 (14466.000.000) 2024-12-17 13:46:04 Image size of job updated: 8930528
	7381  -  MemoryUsage of job (MB)
	7558072  -  ResidentSetSize of job (KB)
...
006 (14466.000.000) 2024-12-17 13:51:06 Image size of job updated: 8930528
	7446  -  MemoryUsage of job (MB)
	7624596  -  ResidentSetSize of job (KB)
...
006 (14466.000.000) 2024-12-17 14:21:09 Image size of job updated: 8930528
	7505  -  MemoryUsage of job (MB)
	7684136  -  ResidentSetSize of job (KB)
...
006 (14466.000.000) 2024-12-17 14:26:09 Image size of job updated: 8930528
	7534  -  MemoryUsage of job (MB)
	7713824  -  ResidentSetSize of job (KB)
...
006 (14466.000.000) 2024-12-17 16:21:24 Image size of job updated: 8954044
	7534  -  MemoryUsage of job (MB)
	7713824  -  ResidentSetSize of job (KB)
...
006 (14466.000.000) 2024-12-17 16:31:26 Image size of job updated: 9114748
	7534  -  MemoryUsage of job (MB)
	7713824  -  ResidentSetSize of job (KB)
...
006 (14466.000.000) 2024-12-17 16:51:28 Image size of job updated: 9189396
	7534  -  MemoryUsage of job (MB)
	7713824  -  ResidentSetSize of job (KB)
...
006 (14466.000.000) 2024-12-17 17:11:30 Image size of job updated: 9189396
	7702  -  MemoryUsage of job (MB)
	7886648  -  ResidentSetSize of job (KB)
...
006 (14466.000.000) 2024-12-17 18:36:39 Image size of job updated: 9189396
	7782  -  MemoryUsage of job (MB)
	7968188  -  ResidentSetSize of job (KB)
...
006 (14466.000.000) 2024-12-17 18:41:40 Image size of job updated: 9189396
	7782  -  MemoryUsage of job (MB)
	7968320  -  ResidentSetSize of job (KB)
...
006 (14466.000.000) 2024-12-17 19:41:45 Image size of job updated: 9226576
	7782  -  MemoryUsage of job (MB)
	7968320  -  ResidentSetSize of job (KB)
...
006 (14466.000.000) 2024-12-17 19:46:46 Image size of job updated: 9226576
	7847  -  MemoryUsage of job (MB)
	8035160  -  ResidentSetSize of job (KB)
...
006 (14466.000.000) 2024-12-17 20:01:47 Image size of job updated: 9292128
	7847  -  MemoryUsage of job (MB)
	8035160  -  ResidentSetSize of job (KB)
...
006 (14466.000.000) 2024-12-17 20:16:48 Image size of job updated: 9357680
	7847  -  MemoryUsage of job (MB)
	8035160  -  ResidentSetSize of job (KB)
...
006 (14466.000.000) 2024-12-17 20:26:50 Image size of job updated: 9423232
	7847  -  MemoryUsage of job (MB)
	8035160  -  ResidentSetSize of job (KB)
...
006 (14466.000.000) 2024-12-17 22:12:01 Image size of job updated: 9423232
	7953  -  MemoryUsage of job (MB)
	8142888  -  ResidentSetSize of job (KB)
...
006 (14466.000.000) 2024-12-18 05:52:49 Image size of job updated: 9423232
	8043  -  MemoryUsage of job (MB)
	8235524  -  ResidentSetSize of job (KB)
...
006 (14466.000.000) 2024-12-18 05:57:50 Image size of job updated: 9423232
	8043  -  MemoryUsage of job (MB)
	8235656  -  ResidentSetSize of job (KB)
...
006 (14466.000.000) 2024-12-18 09:48:11 Image size of job updated: 9448528
	8043  -  MemoryUsage of job (MB)
	8235656  -  ResidentSetSize of job (KB)
...
006 (14466.000.000) 2024-12-18 11:33:22 Image size of job updated: 9514080
	8043  -  MemoryUsage of job (MB)
	8235656  -  ResidentSetSize of job (KB)
...
006 (14466.000.000) 2024-12-18 11:38:22 Image size of job updated: 9579632
	8043  -  MemoryUsage of job (MB)
	8235656  -  ResidentSetSize of job (KB)
...
006 (14466.000.000) 2024-12-18 11:43:23 Image size of job updated: 9579632
	8090  -  MemoryUsage of job (MB)
	8283236  -  ResidentSetSize of job (KB)
...
022 (14466.000.000) 2024-12-19 21:34:17 Job disconnected, attempting to reconnect
    Socket between submit and execute hosts closed unexpectedly
    Trying to reconnect to slot1@bioclust06.bioclust.biologie.ens.fr <10.18.24.6:9618?addrs=10.18.24.6-9618&alias=bioclust06.bioclust.biologie.ens.fr&noUDP&sock=startd_1466551_94fd>
...
024 (14466.000.000) 2024-12-19 22:14:20 Job reconnection failed
    Job disconnected too long: JobLeaseDuration (2400 seconds) expired
    Can not reconnect to slot1@bioclust06.bioclust.biologie.ens.fr, rescheduling job
...
001 (14466.000.000) 2024-12-19 22:14:52 Job executing on host: <10.18.24.49:9618?addrs=10.18.24.49-9618&alias=bioclust49.bioclust.biologie.ens.fr&noUDP&sock=startd_3009896_e1cf>
...
022 (14466.000.000) 2025-01-07 15:33:20 Job disconnected, attempting to reconnect
    Local schedd and job shadow died, schedd now running again
    Trying to reconnect to slot1@bioclust49.bioclust.biologie.ens.fr <10.18.24.49:9618?addrs=10.18.24.49-9618&alias=bioclust49.bioclust.biologie.ens.fr&noUDP&sock=startd_3009896_e1cf>
...
023 (14466.000.000) 2025-01-07 15:33:24 Job reconnected to slot1@bioclust49.bioclust.biologie.ens.fr
    startd address: <10.18.24.49:9618?addrs=10.18.24.49-9618&alias=bioclust49.bioclust.biologie.ens.fr&noUDP&sock=startd_3009896_e1cf>
    starter address: <10.18.24.49:9618?addrs=10.18.24.49-9618&alias=bioclust49.bioclust.biologie.ens.fr&noUDP&sock=slot1_10_3009950_d158_134>
...
