000 (14466.001.000) 2024-12-05 15:26:22 Job submitted from host: <10.18.24.233:9618?addrs=10.18.24.233-9618&alias=bioclusts03.bioclust.biologie.ens.fr&noUDP&sock=schedd_910141_9a29>
...
001 (14466.001.000) 2024-12-05 15:26:23 Job executing on host: <10.18.24.13:9618?addrs=10.18.24.13-9618&alias=bioclust13.bioclust.biologie.ens.fr&noUDP&sock=startd_1738935_599d>
...
006 (14466.001.000) 2024-12-05 15:26:32 Image size of job updated: 920072
	392  -  MemoryUsage of job (MB)
	400992  -  ResidentSetSize of job (KB)
...
006 (14466.001.000) 2024-12-05 15:31:33 Image size of job updated: 1714860
	740  -  MemoryUsage of job (MB)
	757192  -  ResidentSetSize of job (KB)
...
006 (14466.001.000) 2024-12-05 15:36:33 Image size of job updated: 1725352
	753  -  MemoryUsage of job (MB)
	770448  -  ResidentSetSize of job (KB)
...
006 (14466.001.000) 2024-12-05 15:41:33 Image size of job updated: 1730344
	762  -  MemoryUsage of job (MB)
	779424  -  ResidentSetSize of job (KB)
...
006 (14466.001.000) 2024-12-05 15:46:34 Image size of job updated: 1735432
	768  -  MemoryUsage of job (MB)
	786156  -  ResidentSetSize of job (KB)
...
006 (14466.001.000) 2024-12-05 15:51:35 Image size of job updated: 1741148
	775  -  MemoryUsage of job (MB)
	793464  -  ResidentSetSize of job (KB)
...
006 (14466.001.000) 2024-12-05 15:56:35 Image size of job updated: 1743316
	786  -  MemoryUsage of job (MB)
	804236  -  ResidentSetSize of job (KB)
...
006 (14466.001.000) 2024-12-05 16:01:36 Image size of job updated: 1817680
	798  -  MemoryUsage of job (MB)
	816792  -  ResidentSetSize of job (KB)
...
006 (14466.001.000) 2024-12-05 16:06:37 Image size of job updated: 1827120
	813  -  MemoryUsage of job (MB)
	831540  -  ResidentSetSize of job (KB)
...
006 (14466.001.000) 2024-12-05 16:11:37 Image size of job updated: 1839008
	838  -  MemoryUsage of job (MB)
	857660  -  ResidentSetSize of job (KB)
...
006 (14466.001.000) 2024-12-05 16:16:38 Image size of job updated: 1846308
	838  -  MemoryUsage of job (MB)
	857660  -  ResidentSetSize of job (KB)
...
006 (14466.001.000) 2024-12-05 16:21:39 Image size of job updated: 1850104
	874  -  MemoryUsage of job (MB)
	894744  -  ResidentSetSize of job (KB)
...
006 (14466.001.000) 2024-12-05 16:26:39 Image size of job updated: 1862960
	896  -  MemoryUsage of job (MB)
	917192  -  ResidentSetSize of job (KB)
...
006 (14466.001.000) 2024-12-05 16:31:39 Image size of job updated: 1935832
	896  -  MemoryUsage of job (MB)
	917192  -  ResidentSetSize of job (KB)
...
006 (14466.001.000) 2024-12-05 17:31:45 Image size of job updated: 1937512
	896  -  MemoryUsage of job (MB)
	917192  -  ResidentSetSize of job (KB)
...
006 (14466.001.000) 2024-12-05 17:36:45 Image size of job updated: 1944452
	920  -  MemoryUsage of job (MB)
	941312  -  ResidentSetSize of job (KB)
...
006 (14466.001.000) 2024-12-05 17:41:46 Image size of job updated: 1995376
	981  -  MemoryUsage of job (MB)
	1004540  -  ResidentSetSize of job (KB)
...
006 (14466.001.000) 2024-12-05 17:46:46 Image size of job updated: 2047516
	1055  -  MemoryUsage of job (MB)
	1080180  -  ResidentSetSize of job (KB)
...
006 (14466.001.000) 2024-12-05 17:51:46 Image size of job updated: 2114844
	1137  -  MemoryUsage of job (MB)
	1163868  -  ResidentSetSize of job (KB)
...
006 (14466.001.000) 2024-12-05 17:56:47 Image size of job updated: 2114976
	1137  -  MemoryUsage of job (MB)
	1163868  -  ResidentSetSize of job (KB)
...
006 (14466.001.000) 2024-12-05 19:11:55 Image size of job updated: 2114976
	1146  -  MemoryUsage of job (MB)
	1173104  -  ResidentSetSize of job (KB)
...
006 (14466.001.000) 2024-12-05 19:16:55 Image size of job updated: 2180528
	1162  -  MemoryUsage of job (MB)
	1189208  -  ResidentSetSize of job (KB)
...
006 (14466.001.000) 2024-12-05 19:21:56 Image size of job updated: 2180528
	1177  -  MemoryUsage of job (MB)
	1204388  -  ResidentSetSize of job (KB)
...
006 (14466.001.000) 2024-12-05 19:26:57 Image size of job updated: 2180528
	1191  -  MemoryUsage of job (MB)
	1219172  -  ResidentSetSize of job (KB)
...
006 (14466.001.000) 2024-12-05 19:31:57 Image size of job updated: 2180528
	1196  -  MemoryUsage of job (MB)
	1224188  -  ResidentSetSize of job (KB)
...
006 (14466.001.000) 2024-12-05 23:37:23 Image size of job updated: 2183176
	1196  -  MemoryUsage of job (MB)
	1224188  -  ResidentSetSize of job (KB)
...
006 (14466.001.000) 2024-12-05 23:47:23 Image size of job updated: 2189840
	1196  -  MemoryUsage of job (MB)
	1224188  -  ResidentSetSize of job (KB)
...
006 (14466.001.000) 2024-12-05 23:57:25 Image size of job updated: 2196356
	1196  -  MemoryUsage of job (MB)
	1224188  -  ResidentSetSize of job (KB)
...
006 (14466.001.000) 2024-12-06 00:02:25 Image size of job updated: 2219828
	1226  -  MemoryUsage of job (MB)
	1254472  -  ResidentSetSize of job (KB)
...
006 (14466.001.000) 2024-12-06 00:07:26 Image size of job updated: 2239084
	1249  -  MemoryUsage of job (MB)
	1277968  -  ResidentSetSize of job (KB)
...
006 (14466.001.000) 2024-12-06 00:12:27 Image size of job updated: 2245780
	1259  -  MemoryUsage of job (MB)
	1288264  -  ResidentSetSize of job (KB)
...
006 (14466.001.000) 2024-12-06 00:17:27 Image size of job updated: 2245780
	1265  -  MemoryUsage of job (MB)
	1294600  -  ResidentSetSize of job (KB)
...
006 (14466.001.000) 2024-12-06 00:22:28 Image size of job updated: 2245780
	1267  -  MemoryUsage of job (MB)
	1297372  -  ResidentSetSize of job (KB)
...
006 (14466.001.000) 2024-12-06 00:27:29 Image size of job updated: 2260592
	1286  -  MemoryUsage of job (MB)
	1316644  -  ResidentSetSize of job (KB)
...
006 (14466.001.000) 2024-12-06 00:32:29 Image size of job updated: 2267168
	1300  -  MemoryUsage of job (MB)
	1331164  -  ResidentSetSize of job (KB)
...
006 (14466.001.000) 2024-12-06 00:37:29 Image size of job updated: 2360280
	1336  -  MemoryUsage of job (MB)
	1367464  -  ResidentSetSize of job (KB)
...
006 (14466.001.000) 2024-12-06 00:42:30 Image size of job updated: 2384288
	1363  -  MemoryUsage of job (MB)
	1395184  -  ResidentSetSize of job (KB)
...
006 (14466.001.000) 2024-12-06 00:47:31 Image size of job updated: 2384288
	1366  -  MemoryUsage of job (MB)
	1398748  -  ResidentSetSize of job (KB)
...
006 (14466.001.000) 2024-12-06 00:52:31 Image size of job updated: 2384288
	1373  -  MemoryUsage of job (MB)
	1405480  -  ResidentSetSize of job (KB)
...
006 (14466.001.000) 2024-12-06 00:57:32 Image size of job updated: 2384288
	1381  -  MemoryUsage of job (MB)
	1414028  -  ResidentSetSize of job (KB)
...
006 (14466.001.000) 2024-12-06 01:02:33 Image size of job updated: 2417144
	1381  -  MemoryUsage of job (MB)
	1414028  -  ResidentSetSize of job (KB)
...
006 (14466.001.000) 2024-12-06 04:32:56 Image size of job updated: 2417144
	1389  -  MemoryUsage of job (MB)
	1421796  -  ResidentSetSize of job (KB)
...
006 (14466.001.000) 2024-12-06 04:37:56 Image size of job updated: 2417144
	1398  -  MemoryUsage of job (MB)
	1431168  -  ResidentSetSize of job (KB)
...
006 (14466.001.000) 2024-12-06 04:42:56 Image size of job updated: 2417144
	1409  -  MemoryUsage of job (MB)
	1442652  -  ResidentSetSize of job (KB)
...
006 (14466.001.000) 2024-12-06 04:47:57 Image size of job updated: 2419244
	1417  -  MemoryUsage of job (MB)
	1450440  -  ResidentSetSize of job (KB)
...
006 (14466.001.000) 2024-12-06 04:52:58 Image size of job updated: 2424704
	1428  -  MemoryUsage of job (MB)
	1462056  -  ResidentSetSize of job (KB)
...
006 (14466.001.000) 2024-12-06 04:57:58 Image size of job updated: 2426108
	1442  -  MemoryUsage of job (MB)
	1476036  -  ResidentSetSize of job (KB)
...
006 (14466.001.000) 2024-12-06 05:02:59 Image size of job updated: 2426108
	1449  -  MemoryUsage of job (MB)
	1482856  -  ResidentSetSize of job (KB)
...
006 (14466.001.000) 2024-12-06 05:08:00 Image size of job updated: 2426108
	1454  -  MemoryUsage of job (MB)
	1488116  -  ResidentSetSize of job (KB)
...
006 (14466.001.000) 2024-12-06 05:13:00 Image size of job updated: 2426108
	1454  -  MemoryUsage of job (MB)
	1488616  -  ResidentSetSize of job (KB)
...
006 (14466.001.000) 2024-12-06 05:18:00 Image size of job updated: 2491660
	1458  -  MemoryUsage of job (MB)
	1492436  -  ResidentSetSize of job (KB)
...
006 (14466.001.000) 2024-12-06 05:28:01 Image size of job updated: 2491660
	1459  -  MemoryUsage of job (MB)
	1493116  -  ResidentSetSize of job (KB)
...
006 (14466.001.000) 2024-12-06 05:33:01 Image size of job updated: 2491660
	1466  -  MemoryUsage of job (MB)
	1501172  -  ResidentSetSize of job (KB)
...
006 (14466.001.000) 2024-12-06 05:48:03 Image size of job updated: 2522776
	1498  -  MemoryUsage of job (MB)
	1533464  -  ResidentSetSize of job (KB)
...
006 (14466.001.000) 2024-12-06 05:53:04 Image size of job updated: 2544764
	1524  -  MemoryUsage of job (MB)
	1559728  -  ResidentSetSize of job (KB)
...
006 (14466.001.000) 2024-12-06 05:58:05 Image size of job updated: 2544764
	1530  -  MemoryUsage of job (MB)
	1565884  -  ResidentSetSize of job (KB)
...
006 (14466.001.000) 2024-12-06 06:03:05 Image size of job updated: 2544764
	1537  -  MemoryUsage of job (MB)
	1573800  -  ResidentSetSize of job (KB)
...
006 (14466.001.000) 2024-12-06 06:08:06 Image size of job updated: 2544764
	1539  -  MemoryUsage of job (MB)
	1575796  -  ResidentSetSize of job (KB)
...
006 (14466.001.000) 2024-12-06 06:13:07 Image size of job updated: 2558272
	1543  -  MemoryUsage of job (MB)
	1579716  -  ResidentSetSize of job (KB)
...
006 (14466.001.000) 2024-12-06 06:18:07 Image size of job updated: 2558272
	1551  -  MemoryUsage of job (MB)
	1587372  -  ResidentSetSize of job (KB)
...
006 (14466.001.000) 2024-12-06 13:13:51 Image size of job updated: 2569136
	1551  -  MemoryUsage of job (MB)
	1587372  -  ResidentSetSize of job (KB)
...
006 (14466.001.000) 2024-12-06 13:33:53 Image size of job updated: 2569136
	1554  -  MemoryUsage of job (MB)
	1591180  -  ResidentSetSize of job (KB)
...
006 (14466.001.000) 2024-12-06 13:38:53 Image size of job updated: 2569136
	1561  -  MemoryUsage of job (MB)
	1597840  -  ResidentSetSize of job (KB)
...
006 (14466.001.000) 2024-12-06 13:43:54 Image size of job updated: 2569136
	1562  -  MemoryUsage of job (MB)
	1598964  -  ResidentSetSize of job (KB)
...
006 (14466.001.000) 2024-12-06 13:48:55 Image size of job updated: 2569136
	1565  -  MemoryUsage of job (MB)
	1602244  -  ResidentSetSize of job (KB)
...
006 (14466.001.000) 2024-12-06 13:53:55 Image size of job updated: 2569136
	1571  -  MemoryUsage of job (MB)
	1607868  -  ResidentSetSize of job (KB)
...
006 (14466.001.000) 2024-12-06 13:58:56 Image size of job updated: 2569136
	1572  -  MemoryUsage of job (MB)
	1609544  -  ResidentSetSize of job (KB)
...
006 (14466.001.000) 2024-12-06 14:03:57 Image size of job updated: 2608348
	1613  -  MemoryUsage of job (MB)
	1651088  -  ResidentSetSize of job (KB)
...
006 (14466.001.000) 2024-12-06 14:08:57 Image size of job updated: 2614456
	1622  -  MemoryUsage of job (MB)
	1660476  -  ResidentSetSize of job (KB)
...
006 (14466.001.000) 2024-12-06 14:13:57 Image size of job updated: 2621328
	1637  -  MemoryUsage of job (MB)
	1676220  -  ResidentSetSize of job (KB)
...
006 (14466.001.000) 2024-12-06 14:18:58 Image size of job updated: 2686880
	1641  -  MemoryUsage of job (MB)
	1680044  -  ResidentSetSize of job (KB)
...
006 (14466.001.000) 2024-12-06 14:23:58 Image size of job updated: 2686880
	1642  -  MemoryUsage of job (MB)
	1680992  -  ResidentSetSize of job (KB)
...
006 (14466.001.000) 2024-12-06 14:28:59 Image size of job updated: 2686880
	1643  -  MemoryUsage of job (MB)
	1682236  -  ResidentSetSize of job (KB)
...
006 (14466.001.000) 2024-12-06 14:34:00 Image size of job updated: 2686880
	1646  -  MemoryUsage of job (MB)
	1685204  -  ResidentSetSize of job (KB)
...
006 (14466.001.000) 2024-12-06 14:39:00 Image size of job updated: 2686880
	1649  -  MemoryUsage of job (MB)
	1688376  -  ResidentSetSize of job (KB)
...
006 (14466.001.000) 2024-12-06 14:44:00 Image size of job updated: 2686880
	1654  -  MemoryUsage of job (MB)
	1693576  -  ResidentSetSize of job (KB)
...
006 (14466.001.000) 2024-12-06 14:49:01 Image size of job updated: 2686880
	1663  -  MemoryUsage of job (MB)
	1702056  -  ResidentSetSize of job (KB)
...
006 (14466.001.000) 2024-12-06 14:59:01 Image size of job updated: 2696768
	1671  -  MemoryUsage of job (MB)
	1710204  -  ResidentSetSize of job (KB)
...
006 (14466.001.000) 2024-12-06 15:04:02 Image size of job updated: 2696768
	1671  -  MemoryUsage of job (MB)
	1710592  -  ResidentSetSize of job (KB)
...
006 (14466.001.000) 2024-12-06 15:09:03 Image size of job updated: 2734892
	1711  -  MemoryUsage of job (MB)
	1751344  -  ResidentSetSize of job (KB)
...
006 (14466.001.000) 2024-12-06 15:14:03 Image size of job updated: 2746432
	1723  -  MemoryUsage of job (MB)
	1763780  -  ResidentSetSize of job (KB)
...
006 (14466.001.000) 2024-12-06 15:19:04 Image size of job updated: 2746588
	1729  -  MemoryUsage of job (MB)
	1769576  -  ResidentSetSize of job (KB)
...
006 (14466.001.000) 2024-12-06 15:24:05 Image size of job updated: 2751312
	1736  -  MemoryUsage of job (MB)
	1776976  -  ResidentSetSize of job (KB)
...
006 (14466.001.000) 2024-12-06 15:29:05 Image size of job updated: 2752104
	1737  -  MemoryUsage of job (MB)
	1778372  -  ResidentSetSize of job (KB)
...
006 (14466.001.000) 2024-12-06 15:34:06 Image size of job updated: 2752104
	1738  -  MemoryUsage of job (MB)
	1779692  -  ResidentSetSize of job (KB)
...
006 (14466.001.000) 2024-12-06 15:39:07 Image size of job updated: 2772456
	1760  -  MemoryUsage of job (MB)
	1802128  -  ResidentSetSize of job (KB)
...
006 (14466.001.000) 2024-12-06 15:44:07 Image size of job updated: 2775592
	1764  -  MemoryUsage of job (MB)
	1805752  -  ResidentSetSize of job (KB)
...
006 (14466.001.000) 2024-12-06 15:49:07 Image size of job updated: 2775592
	1766  -  MemoryUsage of job (MB)
	1807852  -  ResidentSetSize of job (KB)
...
006 (14466.001.000) 2024-12-06 15:54:08 Image size of job updated: 2775592
	1773  -  MemoryUsage of job (MB)
	1815076  -  ResidentSetSize of job (KB)
...
006 (14466.001.000) 2024-12-06 16:04:08 Image size of job updated: 2792788
	1789  -  MemoryUsage of job (MB)
	1831252  -  ResidentSetSize of job (KB)
...
006 (14466.001.000) 2024-12-06 16:09:09 Image size of job updated: 2792788
	1793  -  MemoryUsage of job (MB)
	1835272  -  ResidentSetSize of job (KB)
...
006 (14466.001.000) 2024-12-06 16:14:09 Image size of job updated: 2797992
	1798  -  MemoryUsage of job (MB)
	1841088  -  ResidentSetSize of job (KB)
...
006 (14466.001.000) 2024-12-06 16:19:09 Image size of job updated: 2805600
	1808  -  MemoryUsage of job (MB)
	1850456  -  ResidentSetSize of job (KB)
...
006 (14466.001.000) 2024-12-06 16:24:10 Image size of job updated: 2805600
	1815  -  MemoryUsage of job (MB)
	1858508  -  ResidentSetSize of job (KB)
...
006 (14466.001.000) 2024-12-06 16:34:11 Image size of job updated: 2871152
	1815  -  MemoryUsage of job (MB)
	1858508  -  ResidentSetSize of job (KB)
...
006 (14466.001.000) 2024-12-06 16:39:12 Image size of job updated: 2871152
	1817  -  MemoryUsage of job (MB)
	1860548  -  ResidentSetSize of job (KB)
...
006 (14466.001.000) 2024-12-06 22:49:49 Image size of job updated: 2887292
	1817  -  MemoryUsage of job (MB)
	1860548  -  ResidentSetSize of job (KB)
...
006 (14466.001.000) 2024-12-06 22:54:50 Image size of job updated: 2897676
	1817  -  MemoryUsage of job (MB)
	1860548  -  ResidentSetSize of job (KB)
...
006 (14466.001.000) 2024-12-06 22:59:50 Image size of job updated: 2917596
	1817  -  MemoryUsage of job (MB)
	1860548  -  ResidentSetSize of job (KB)
...
006 (14466.001.000) 2024-12-06 23:09:52 Image size of job updated: 2982352
	1850  -  MemoryUsage of job (MB)
	1893900  -  ResidentSetSize of job (KB)
...
006 (14466.001.000) 2024-12-06 23:14:52 Image size of job updated: 2988292
	1862  -  MemoryUsage of job (MB)
	1906624  -  ResidentSetSize of job (KB)
...
006 (14466.001.000) 2024-12-06 23:19:52 Image size of job updated: 2988292
	1869  -  MemoryUsage of job (MB)
	1913248  -  ResidentSetSize of job (KB)
...
006 (14466.001.000) 2024-12-06 23:24:52 Image size of job updated: 2988292
	1871  -  MemoryUsage of job (MB)
	1915088  -  ResidentSetSize of job (KB)
...
006 (14466.001.000) 2024-12-06 23:29:53 Image size of job updated: 3016288
	1901  -  MemoryUsage of job (MB)
	1946360  -  ResidentSetSize of job (KB)
...
006 (14466.001.000) 2024-12-06 23:34:54 Image size of job updated: 3037820
	1930  -  MemoryUsage of job (MB)
	1976196  -  ResidentSetSize of job (KB)
...
006 (14466.001.000) 2024-12-06 23:39:54 Image size of job updated: 3090504
	1987  -  MemoryUsage of job (MB)
	2034672  -  ResidentSetSize of job (KB)
...
006 (14466.001.000) 2024-12-06 23:44:54 Image size of job updated: 3090504
	2000  -  MemoryUsage of job (MB)
	2047360  -  ResidentSetSize of job (KB)
...
006 (14466.001.000) 2024-12-06 23:49:55 Image size of job updated: 3109700
	2033  -  MemoryUsage of job (MB)
	2081512  -  ResidentSetSize of job (KB)
...
006 (14466.001.000) 2024-12-06 23:54:56 Image size of job updated: 3109700
	2037  -  MemoryUsage of job (MB)
	2084880  -  ResidentSetSize of job (KB)
...
006 (14466.001.000) 2024-12-06 23:59:56 Image size of job updated: 3109700
	2041  -  MemoryUsage of job (MB)
	2089284  -  ResidentSetSize of job (KB)
...
006 (14466.001.000) 2024-12-07 00:04:56 Image size of job updated: 3109700
	2044  -  MemoryUsage of job (MB)
	2092600  -  ResidentSetSize of job (KB)
...
006 (14466.001.000) 2024-12-07 00:09:57 Image size of job updated: 3110916
	2052  -  MemoryUsage of job (MB)
	2101128  -  ResidentSetSize of job (KB)
...
006 (14466.001.000) 2024-12-07 00:14:58 Image size of job updated: 3131208
	2060  -  MemoryUsage of job (MB)
	2108892  -  ResidentSetSize of job (KB)
...
006 (14466.001.000) 2024-12-07 00:19:58 Image size of job updated: 3131208
	2065  -  MemoryUsage of job (MB)
	2113848  -  ResidentSetSize of job (KB)
...
006 (14466.001.000) 2024-12-07 00:24:58 Image size of job updated: 3131208
	2068  -  MemoryUsage of job (MB)
	2117192  -  ResidentSetSize of job (KB)
...
006 (14466.001.000) 2024-12-07 00:29:59 Image size of job updated: 3185116
	2144  -  MemoryUsage of job (MB)
	2195300  -  ResidentSetSize of job (KB)
...
006 (14466.001.000) 2024-12-07 00:34:59 Image size of job updated: 3192856
	2158  -  MemoryUsage of job (MB)
	2209308  -  ResidentSetSize of job (KB)
...
006 (14466.001.000) 2024-12-07 00:39:59 Image size of job updated: 3193940
	2162  -  MemoryUsage of job (MB)
	2213276  -  ResidentSetSize of job (KB)
...
006 (14466.001.000) 2024-12-07 00:45:00 Image size of job updated: 3213144
	2164  -  MemoryUsage of job (MB)
	2215608  -  ResidentSetSize of job (KB)
...
006 (14466.001.000) 2024-12-07 00:50:01 Image size of job updated: 3214156
	2186  -  MemoryUsage of job (MB)
	2238152  -  ResidentSetSize of job (KB)
...
006 (14466.001.000) 2024-12-07 01:30:05 Image size of job updated: 3214156
	2187  -  MemoryUsage of job (MB)
	2239076  -  ResidentSetSize of job (KB)
...
006 (14466.001.000) 2024-12-07 01:35:05 Image size of job updated: 3214156
	2188  -  MemoryUsage of job (MB)
	2240116  -  ResidentSetSize of job (KB)
...
006 (14466.001.000) 2024-12-07 01:40:05 Image size of job updated: 3259164
	2193  -  MemoryUsage of job (MB)
	2244868  -  ResidentSetSize of job (KB)
...
006 (14466.001.000) 2024-12-07 01:45:06 Image size of job updated: 3259164
	2193  -  MemoryUsage of job (MB)
	2244912  -  ResidentSetSize of job (KB)
...
006 (14466.001.000) 2024-12-07 01:50:06 Image size of job updated: 3259164
	2196  -  MemoryUsage of job (MB)
	2247924  -  ResidentSetSize of job (KB)
...
006 (14466.001.000) 2024-12-07 01:55:06 Image size of job updated: 3259164
	2202  -  MemoryUsage of job (MB)
	2254536  -  ResidentSetSize of job (KB)
...
006 (14466.001.000) 2024-12-07 02:10:08 Image size of job updated: 3259164
	2212  -  MemoryUsage of job (MB)
	2264480  -  ResidentSetSize of job (KB)
...
006 (14466.001.000) 2024-12-07 02:25:10 Image size of job updated: 3273504
	2221  -  MemoryUsage of job (MB)
	2273852  -  ResidentSetSize of job (KB)
...
006 (14466.001.000) 2024-12-07 02:30:10 Image size of job updated: 3331536
	2282  -  MemoryUsage of job (MB)
	2336516  -  ResidentSetSize of job (KB)
...
006 (14466.001.000) 2024-12-07 02:50:13 Image size of job updated: 3389548
	2353  -  MemoryUsage of job (MB)
	2409156  -  ResidentSetSize of job (KB)
...
006 (14466.001.000) 2024-12-07 02:55:14 Image size of job updated: 3389548
	2357  -  MemoryUsage of job (MB)
	2413088  -  ResidentSetSize of job (KB)
...
006 (14466.001.000) 2024-12-07 03:00:15 Image size of job updated: 3389548
	2359  -  MemoryUsage of job (MB)
	2415024  -  ResidentSetSize of job (KB)
...
006 (14466.001.000) 2024-12-07 03:05:15 Image size of job updated: 3399632
	2369  -  MemoryUsage of job (MB)
	2425816  -  ResidentSetSize of job (KB)
...
006 (14466.001.000) 2024-12-07 03:10:15 Image size of job updated: 3437424
	2397  -  MemoryUsage of job (MB)
	2454260  -  ResidentSetSize of job (KB)
...
006 (14466.001.000) 2024-12-07 03:15:16 Image size of job updated: 3480632
	2401  -  MemoryUsage of job (MB)
	2458168  -  ResidentSetSize of job (KB)
...
006 (14466.001.000) 2024-12-07 03:20:17 Image size of job updated: 3480632
	2404  -  MemoryUsage of job (MB)
	2461212  -  ResidentSetSize of job (KB)
...
006 (14466.001.000) 2024-12-07 09:00:51 Image size of job updated: 3535072
	2404  -  MemoryUsage of job (MB)
	2461212  -  ResidentSetSize of job (KB)
...
006 (14466.001.000) 2024-12-07 09:25:53 Image size of job updated: 3591280
	2415  -  MemoryUsage of job (MB)
	2472404  -  ResidentSetSize of job (KB)
...
006 (14466.001.000) 2024-12-07 09:35:55 Image size of job updated: 3631000
	2465  -  MemoryUsage of job (MB)
	2523796  -  ResidentSetSize of job (KB)
...
006 (14466.001.000) 2024-12-07 09:40:55 Image size of job updated: 3631000
	2475  -  MemoryUsage of job (MB)
	2533660  -  ResidentSetSize of job (KB)
...
006 (14466.001.000) 2024-12-07 09:50:56 Image size of job updated: 3631000
	2505  -  MemoryUsage of job (MB)
	2564632  -  ResidentSetSize of job (KB)
...
006 (14466.001.000) 2024-12-07 10:05:57 Image size of job updated: 3631000
	2517  -  MemoryUsage of job (MB)
	2577112  -  ResidentSetSize of job (KB)
...
006 (14466.001.000) 2024-12-07 10:15:58 Image size of job updated: 3631000
	2525  -  MemoryUsage of job (MB)
	2585072  -  ResidentSetSize of job (KB)
...
006 (14466.001.000) 2024-12-07 10:20:59 Image size of job updated: 3672340
	2562  -  MemoryUsage of job (MB)
	2623168  -  ResidentSetSize of job (KB)
...
006 (14466.001.000) 2024-12-07 10:26:00 Image size of job updated: 3756936
	2659  -  MemoryUsage of job (MB)
	2722160  -  ResidentSetSize of job (KB)
...
006 (14466.001.000) 2024-12-07 10:31:00 Image size of job updated: 3756936
	2665  -  MemoryUsage of job (MB)
	2728320  -  ResidentSetSize of job (KB)
...
006 (14466.001.000) 2024-12-07 10:36:00 Image size of job updated: 3756936
	2672  -  MemoryUsage of job (MB)
	2735936  -  ResidentSetSize of job (KB)
...
006 (14466.001.000) 2024-12-07 10:41:01 Image size of job updated: 3888040
	2689  -  MemoryUsage of job (MB)
	2752720  -  ResidentSetSize of job (KB)
...
006 (14466.001.000) 2024-12-07 10:46:01 Image size of job updated: 3888040
	2742  -  MemoryUsage of job (MB)
	2807172  -  ResidentSetSize of job (KB)
...
006 (14466.001.000) 2024-12-07 10:56:02 Image size of job updated: 3888040
	2751  -  MemoryUsage of job (MB)
	2816360  -  ResidentSetSize of job (KB)
...
006 (14466.001.000) 2024-12-07 11:11:04 Image size of job updated: 3888040
	2763  -  MemoryUsage of job (MB)
	2829092  -  ResidentSetSize of job (KB)
...
006 (14466.001.000) 2024-12-07 11:26:06 Image size of job updated: 3888040
	2767  -  MemoryUsage of job (MB)
	2833136  -  ResidentSetSize of job (KB)
...
006 (14466.001.000) 2024-12-07 11:31:06 Image size of job updated: 3888040
	2789  -  MemoryUsage of job (MB)
	2855532  -  ResidentSetSize of job (KB)
...
006 (14466.001.000) 2024-12-07 11:51:08 Image size of job updated: 3888040
	2800  -  MemoryUsage of job (MB)
	2866984  -  ResidentSetSize of job (KB)
...
006 (14466.001.000) 2024-12-07 11:56:09 Image size of job updated: 3888040
	2816  -  MemoryUsage of job (MB)
	2883212  -  ResidentSetSize of job (KB)
...
006 (14466.001.000) 2024-12-07 12:01:10 Image size of job updated: 3888040
	2816  -  MemoryUsage of job (MB)
	2883344  -  ResidentSetSize of job (KB)
...
006 (14466.001.000) 2024-12-07 12:26:12 Image size of job updated: 3947288
	2850  -  MemoryUsage of job (MB)
	2918056  -  ResidentSetSize of job (KB)
...
006 (14466.001.000) 2024-12-07 12:31:13 Image size of job updated: 3975140
	2850  -  MemoryUsage of job (MB)
	2918056  -  ResidentSetSize of job (KB)
...
006 (14466.001.000) 2024-12-07 13:11:16 Image size of job updated: 4050064
	2924  -  MemoryUsage of job (MB)
	2993584  -  ResidentSetSize of job (KB)
...
006 (14466.001.000) 2024-12-07 13:16:16 Image size of job updated: 4050064
	2935  -  MemoryUsage of job (MB)
	3004464  -  ResidentSetSize of job (KB)
...
006 (14466.001.000) 2024-12-07 13:21:17 Image size of job updated: 4050064
	2938  -  MemoryUsage of job (MB)
	3008076  -  ResidentSetSize of job (KB)
...
006 (14466.001.000) 2024-12-08 14:38:56 Image size of job updated: 4050064
	2951  -  MemoryUsage of job (MB)
	3021560  -  ResidentSetSize of job (KB)
...
006 (14466.001.000) 2024-12-08 14:53:57 Image size of job updated: 4050064
	2962  -  MemoryUsage of job (MB)
	3033076  -  ResidentSetSize of job (KB)
...
006 (14466.001.000) 2024-12-08 15:08:59 Image size of job updated: 4050064
	2975  -  MemoryUsage of job (MB)
	3046004  -  ResidentSetSize of job (KB)
...
006 (14466.001.000) 2024-12-08 15:14:00 Image size of job updated: 4176920
	3012  -  MemoryUsage of job (MB)
	3083436  -  ResidentSetSize of job (KB)
...
006 (14466.001.000) 2024-12-08 16:44:08 Image size of job updated: 4176920
	3030  -  MemoryUsage of job (MB)
	3101744  -  ResidentSetSize of job (KB)
...
006 (14466.001.000) 2024-12-08 17:59:16 Image size of job updated: 4176920
	3046  -  MemoryUsage of job (MB)
	3119072  -  ResidentSetSize of job (KB)
...
006 (14466.001.000) 2024-12-08 18:44:20 Image size of job updated: 4227524
	3088  -  MemoryUsage of job (MB)
	3161108  -  ResidentSetSize of job (KB)
...
006 (14466.001.000) 2024-12-08 19:29:25 Image size of job updated: 4242324
	3088  -  MemoryUsage of job (MB)
	3161108  -  ResidentSetSize of job (KB)
...
006 (14466.001.000) 2024-12-08 19:44:27 Image size of job updated: 4255028
	3102  -  MemoryUsage of job (MB)
	3176204  -  ResidentSetSize of job (KB)
...
006 (14466.001.000) 2024-12-08 19:49:27 Image size of job updated: 4265104
	3102  -  MemoryUsage of job (MB)
	3176204  -  ResidentSetSize of job (KB)
...
006 (14466.001.000) 2024-12-08 19:54:28 Image size of job updated: 4265104
	3150  -  MemoryUsage of job (MB)
	3224692  -  ResidentSetSize of job (KB)
...
006 (14466.001.000) 2024-12-09 18:26:45 Image size of job updated: 4268008
	3150  -  MemoryUsage of job (MB)
	3224692  -  ResidentSetSize of job (KB)
...
006 (14466.001.000) 2024-12-09 20:51:59 Image size of job updated: 4322204
	3150  -  MemoryUsage of job (MB)
	3224692  -  ResidentSetSize of job (KB)
...
006 (14466.001.000) 2024-12-10 00:42:25 Image size of job updated: 4390792
	3150  -  MemoryUsage of job (MB)
	3224692  -  ResidentSetSize of job (KB)
...
006 (14466.001.000) 2024-12-10 01:07:27 Image size of job updated: 4399996
	3150  -  MemoryUsage of job (MB)
	3224692  -  ResidentSetSize of job (KB)
...
006 (14466.001.000) 2024-12-10 01:12:27 Image size of job updated: 4410576
	3150  -  MemoryUsage of job (MB)
	3224692  -  ResidentSetSize of job (KB)
...
006 (14466.001.000) 2024-12-10 01:22:29 Image size of job updated: 4410576
	3175  -  MemoryUsage of job (MB)
	3250556  -  ResidentSetSize of job (KB)
...
006 (14466.001.000) 2024-12-10 01:47:30 Image size of job updated: 4410576
	3183  -  MemoryUsage of job (MB)
	3259084  -  ResidentSetSize of job (KB)
...
006 (14466.001.000) 2024-12-10 01:52:31 Image size of job updated: 4410576
	3224  -  MemoryUsage of job (MB)
	3301076  -  ResidentSetSize of job (KB)
...
006 (14466.001.000) 2024-12-10 02:22:33 Image size of job updated: 4410576
	3270  -  MemoryUsage of job (MB)
	3348436  -  ResidentSetSize of job (KB)
...
006 (14466.001.000) 2024-12-10 03:02:38 Image size of job updated: 4410576
	3292  -  MemoryUsage of job (MB)
	3370140  -  ResidentSetSize of job (KB)
...
006 (14466.001.000) 2024-12-10 03:17:39 Image size of job updated: 4410576
	3312  -  MemoryUsage of job (MB)
	3390672  -  ResidentSetSize of job (KB)
...
006 (14466.001.000) 2024-12-10 05:07:49 Image size of job updated: 4410576
	3313  -  MemoryUsage of job (MB)
	3391856  -  ResidentSetSize of job (KB)
...
006 (14466.001.000) 2024-12-10 07:23:03 Image size of job updated: 4474064
	3313  -  MemoryUsage of job (MB)
	3391856  -  ResidentSetSize of job (KB)
...
006 (14466.001.000) 2024-12-10 08:03:08 Image size of job updated: 4474064
	3322  -  MemoryUsage of job (MB)
	3401264  -  ResidentSetSize of job (KB)
...
006 (14466.001.000) 2024-12-10 08:23:10 Image size of job updated: 4474064
	3395  -  MemoryUsage of job (MB)
	3475548  -  ResidentSetSize of job (KB)
...
006 (14466.001.000) 2024-12-10 09:48:19 Image size of job updated: 4495932
	3395  -  MemoryUsage of job (MB)
	3475548  -  ResidentSetSize of job (KB)
...
006 (14466.001.000) 2024-12-10 10:03:21 Image size of job updated: 4554544
	3395  -  MemoryUsage of job (MB)
	3475548  -  ResidentSetSize of job (KB)
...
006 (14466.001.000) 2024-12-10 10:08:21 Image size of job updated: 4578428
	3395  -  MemoryUsage of job (MB)
	3475548  -  ResidentSetSize of job (KB)
...
006 (14466.001.000) 2024-12-10 10:13:21 Image size of job updated: 4625328
	3395  -  MemoryUsage of job (MB)
	3475548  -  ResidentSetSize of job (KB)
...
006 (14466.001.000) 2024-12-10 10:48:25 Image size of job updated: 4625328
	3451  -  MemoryUsage of job (MB)
	3533140  -  ResidentSetSize of job (KB)
...
006 (14466.001.000) 2024-12-10 10:53:26 Image size of job updated: 4644400
	3451  -  MemoryUsage of job (MB)
	3533140  -  ResidentSetSize of job (KB)
...
006 (14466.001.000) 2024-12-10 10:58:26 Image size of job updated: 4647764
	3451  -  MemoryUsage of job (MB)
	3533140  -  ResidentSetSize of job (KB)
...
006 (14466.001.000) 2024-12-10 12:58:39 Image size of job updated: 4647764
	3457  -  MemoryUsage of job (MB)
	3539176  -  ResidentSetSize of job (KB)
...
006 (14466.001.000) 2024-12-10 13:03:39 Image size of job updated: 4647764
	3457  -  MemoryUsage of job (MB)
	3539308  -  ResidentSetSize of job (KB)
...
006 (14466.001.000) 2024-12-10 13:38:43 Image size of job updated: 4647764
	3474  -  MemoryUsage of job (MB)
	3556648  -  ResidentSetSize of job (KB)
...
006 (14466.001.000) 2024-12-10 14:58:51 Image size of job updated: 4649548
	3525  -  MemoryUsage of job (MB)
	3608964  -  ResidentSetSize of job (KB)
...
006 (14466.001.000) 2024-12-10 15:48:57 Image size of job updated: 4777008
	3595  -  MemoryUsage of job (MB)
	3680932  -  ResidentSetSize of job (KB)
...
006 (14466.001.000) 2024-12-10 15:53:58 Image size of job updated: 4779456
	3595  -  MemoryUsage of job (MB)
	3680932  -  ResidentSetSize of job (KB)
...
006 (14466.001.000) 2024-12-10 16:14:00 Image size of job updated: 4779852
	3614  -  MemoryUsage of job (MB)
	3700648  -  ResidentSetSize of job (KB)
...
006 (14466.001.000) 2024-12-10 16:24:01 Image size of job updated: 4779852
	3628  -  MemoryUsage of job (MB)
	3714104  -  ResidentSetSize of job (KB)
...
006 (14466.001.000) 2024-12-10 16:29:02 Image size of job updated: 4811596
	3628  -  MemoryUsage of job (MB)
	3714104  -  ResidentSetSize of job (KB)
...
006 (14466.001.000) 2024-12-10 17:04:05 Image size of job updated: 4811596
	3653  -  MemoryUsage of job (MB)
	3740532  -  ResidentSetSize of job (KB)
...
006 (14466.001.000) 2024-12-10 17:09:05 Image size of job updated: 4811596
	3653  -  MemoryUsage of job (MB)
	3740664  -  ResidentSetSize of job (KB)
...
006 (14466.001.000) 2024-12-10 17:14:07 Image size of job updated: 4818628
	3653  -  MemoryUsage of job (MB)
	3740664  -  ResidentSetSize of job (KB)
...
006 (14466.001.000) 2024-12-10 17:19:07 Image size of job updated: 4822892
	3653  -  MemoryUsage of job (MB)
	3740664  -  ResidentSetSize of job (KB)
...
006 (14466.001.000) 2024-12-10 18:59:18 Image size of job updated: 4834596
	3661  -  MemoryUsage of job (MB)
	3748852  -  ResidentSetSize of job (KB)
...
006 (14466.001.000) 2024-12-10 19:04:19 Image size of job updated: 4834596
	3722  -  MemoryUsage of job (MB)
	3811276  -  ResidentSetSize of job (KB)
...
006 (14466.001.000) 2024-12-10 19:59:25 Image size of job updated: 4834596
	3741  -  MemoryUsage of job (MB)
	3830044  -  ResidentSetSize of job (KB)
...
006 (14466.001.000) 2024-12-10 20:49:31 Image size of job updated: 4893916
	3741  -  MemoryUsage of job (MB)
	3830044  -  ResidentSetSize of job (KB)
...
006 (14466.001.000) 2024-12-10 21:44:35 Image size of job updated: 4898580
	3741  -  MemoryUsage of job (MB)
	3830044  -  ResidentSetSize of job (KB)
...
006 (14466.001.000) 2024-12-10 23:04:45 Image size of job updated: 4898580
	3761  -  MemoryUsage of job (MB)
	3850372  -  ResidentSetSize of job (KB)
...
006 (14466.001.000) 2024-12-10 23:14:46 Image size of job updated: 5047460
	3761  -  MemoryUsage of job (MB)
	3850372  -  ResidentSetSize of job (KB)
...
006 (14466.001.000) 2024-12-10 23:29:47 Image size of job updated: 5047460
	3856  -  MemoryUsage of job (MB)
	3947932  -  ResidentSetSize of job (KB)
...
006 (14466.001.000) 2024-12-11 02:15:03 Image size of job updated: 5047460
	3866  -  MemoryUsage of job (MB)
	3957964  -  ResidentSetSize of job (KB)
...
006 (14466.001.000) 2024-12-11 03:25:10 Image size of job updated: 5047460
	3908  -  MemoryUsage of job (MB)
	4001036  -  ResidentSetSize of job (KB)
...
006 (14466.001.000) 2024-12-12 19:04:18 Image size of job updated: 5047680
	3908  -  MemoryUsage of job (MB)
	4001036  -  ResidentSetSize of job (KB)
...
006 (14466.001.000) 2024-12-12 19:09:20 Image size of job updated: 5054792
	3908  -  MemoryUsage of job (MB)
	4001036  -  ResidentSetSize of job (KB)
...
006 (14466.001.000) 2024-12-12 19:29:22 Image size of job updated: 5074368
	3908  -  MemoryUsage of job (MB)
	4001036  -  ResidentSetSize of job (KB)
...
006 (14466.001.000) 2024-12-12 19:34:22 Image size of job updated: 5090092
	3908  -  MemoryUsage of job (MB)
	4001036  -  ResidentSetSize of job (KB)
...
006 (14466.001.000) 2024-12-12 19:44:24 Image size of job updated: 5104072
	3908  -  MemoryUsage of job (MB)
	4001036  -  ResidentSetSize of job (KB)
...
006 (14466.001.000) 2024-12-12 19:49:24 Image size of job updated: 5125492
	3908  -  MemoryUsage of job (MB)
	4001036  -  ResidentSetSize of job (KB)
...
006 (14466.001.000) 2024-12-12 22:19:37 Image size of job updated: 5150972
	3908  -  MemoryUsage of job (MB)
	4001036  -  ResidentSetSize of job (KB)
...
006 (14466.001.000) 2024-12-12 23:14:43 Image size of job updated: 5161744
	3908  -  MemoryUsage of job (MB)
	4001036  -  ResidentSetSize of job (KB)
...
006 (14466.001.000) 2024-12-12 23:34:45 Image size of job updated: 5204296
	3908  -  MemoryUsage of job (MB)
	4001036  -  ResidentSetSize of job (KB)
...
006 (14466.001.000) 2024-12-12 23:39:45 Image size of job updated: 5227124
	3908  -  MemoryUsage of job (MB)
	4001036  -  ResidentSetSize of job (KB)
...
006 (14466.001.000) 2024-12-13 00:39:52 Image size of job updated: 5241932
	3908  -  MemoryUsage of job (MB)
	4001036  -  ResidentSetSize of job (KB)
...
006 (14466.001.000) 2024-12-13 00:44:52 Image size of job updated: 5301888
	3908  -  MemoryUsage of job (MB)
	4001036  -  ResidentSetSize of job (KB)
...
006 (14466.001.000) 2024-12-13 00:49:52 Image size of job updated: 5331292
	3908  -  MemoryUsage of job (MB)
	4001036  -  ResidentSetSize of job (KB)
...
006 (14466.001.000) 2024-12-13 02:10:02 Image size of job updated: 5337476
	3908  -  MemoryUsage of job (MB)
	4001036  -  ResidentSetSize of job (KB)
...
006 (14466.001.000) 2024-12-13 02:20:03 Image size of job updated: 5343940
	3908  -  MemoryUsage of job (MB)
	4001036  -  ResidentSetSize of job (KB)
...
006 (14466.001.000) 2024-12-13 03:20:08 Image size of job updated: 5389724
	3908  -  MemoryUsage of job (MB)
	4001036  -  ResidentSetSize of job (KB)
...
006 (14466.001.000) 2024-12-13 03:25:09 Image size of job updated: 5391620
	3908  -  MemoryUsage of job (MB)
	4001036  -  ResidentSetSize of job (KB)
...
006 (14466.001.000) 2024-12-13 04:00:13 Image size of job updated: 5391620
	3922  -  MemoryUsage of job (MB)
	4015612  -  ResidentSetSize of job (KB)
...
006 (14466.001.000) 2024-12-13 04:05:14 Image size of job updated: 5391620
	3922  -  MemoryUsage of job (MB)
	4015744  -  ResidentSetSize of job (KB)
...
006 (14466.001.000) 2024-12-13 04:20:15 Image size of job updated: 5391620
	3933  -  MemoryUsage of job (MB)
	4026732  -  ResidentSetSize of job (KB)
...
006 (14466.001.000) 2024-12-13 04:25:16 Image size of job updated: 5391620
	4022  -  MemoryUsage of job (MB)
	4118148  -  ResidentSetSize of job (KB)
...
022 (14466.001.000) 2025-01-07 15:33:20 Job disconnected, attempting to reconnect
    Local schedd and job shadow died, schedd now running again
    Trying to reconnect to slot1@bioclust13.bioclust.biologie.ens.fr <10.18.24.13:9618?addrs=10.18.24.13-9618&alias=bioclust13.bioclust.biologie.ens.fr&noUDP&sock=startd_1738935_599d>
...
023 (14466.001.000) 2025-01-07 15:33:24 Job reconnected to slot1@bioclust13.bioclust.biologie.ens.fr
    startd address: <10.18.24.13:9618?addrs=10.18.24.13-9618&alias=bioclust13.bioclust.biologie.ens.fr&noUDP&sock=startd_1738935_599d>
    starter address: <10.18.24.13:9618?addrs=10.18.24.13-9618&alias=bioclust13.bioclust.biologie.ens.fr&noUDP&sock=slot1_7_1738986_b3f4_5952>
...
