000 (14460.002.000) 2024-12-04 16:34:49 Job submitted from host: <10.18.24.233:9618?addrs=10.18.24.233-9618&alias=bioclusts03.bioclust.biologie.ens.fr&noUDP&sock=schedd_910141_9a29>
...
001 (14460.002.000) 2024-12-04 16:34:49 Job executing on host: <10.18.24.50:9618?addrs=10.18.24.50-9618&alias=bioclust50.bioclust.biologie.ens.fr&noUDP&sock=startd_1174_d846>
...
006 (14460.002.000) 2024-12-04 16:34:58 Image size of job updated: 408424
	399  -  MemoryUsage of job (MB)
	408424  -  ResidentSetSize of job (KB)
...
006 (14460.002.000) 2024-12-04 16:39:59 Image size of job updated: 1789984
	678  -  MemoryUsage of job (MB)
	693540  -  ResidentSetSize of job (KB)
...
006 (14460.002.000) 2024-12-04 16:44:59 Image size of job updated: 1796720
	690  -  MemoryUsage of job (MB)
	706408  -  ResidentSetSize of job (KB)
...
006 (14460.002.000) 2024-12-04 16:50:00 Image size of job updated: 1797968
	698  -  MemoryUsage of job (MB)
	714416  -  ResidentSetSize of job (KB)
...
006 (14460.002.000) 2024-12-04 16:55:01 Image size of job updated: 1799808
	707  -  MemoryUsage of job (MB)
	723480  -  ResidentSetSize of job (KB)
...
006 (14460.002.000) 2024-12-04 17:00:01 Image size of job updated: 1800612
	708  -  MemoryUsage of job (MB)
	724624  -  ResidentSetSize of job (KB)
...
006 (14460.002.000) 2024-12-04 17:05:01 Image size of job updated: 1800612
	715  -  MemoryUsage of job (MB)
	731860  -  ResidentSetSize of job (KB)
...
006 (14460.002.000) 2024-12-04 17:10:03 Image size of job updated: 1800612
	718  -  MemoryUsage of job (MB)
	734720  -  ResidentSetSize of job (KB)
...
006 (14460.002.000) 2024-12-04 17:15:03 Image size of job updated: 1800612
	720  -  MemoryUsage of job (MB)
	736824  -  ResidentSetSize of job (KB)
...
006 (14460.002.000) 2024-12-04 17:20:03 Image size of job updated: 1802212
	725  -  MemoryUsage of job (MB)
	741628  -  ResidentSetSize of job (KB)
...
006 (14460.002.000) 2024-12-04 17:25:04 Image size of job updated: 1802212
	727  -  MemoryUsage of job (MB)
	744232  -  ResidentSetSize of job (KB)
...
006 (14460.002.000) 2024-12-04 17:30:05 Image size of job updated: 1802212
	739  -  MemoryUsage of job (MB)
	756220  -  ResidentSetSize of job (KB)
...
006 (14460.002.000) 2024-12-04 17:35:05 Image size of job updated: 1809272
	739  -  MemoryUsage of job (MB)
	756464  -  ResidentSetSize of job (KB)
...
006 (14460.002.000) 2024-12-04 17:45:06 Image size of job updated: 1809272
	743  -  MemoryUsage of job (MB)
	760056  -  ResidentSetSize of job (KB)
...
006 (14460.002.000) 2024-12-04 17:50:07 Image size of job updated: 1809272
	746  -  MemoryUsage of job (MB)
	763500  -  ResidentSetSize of job (KB)
...
006 (14460.002.000) 2024-12-04 17:55:07 Image size of job updated: 1809272
	750  -  MemoryUsage of job (MB)
	767420  -  ResidentSetSize of job (KB)
...
006 (14460.002.000) 2024-12-04 18:00:07 Image size of job updated: 1809272
	753  -  MemoryUsage of job (MB)
	770368  -  ResidentSetSize of job (KB)
...
006 (14460.002.000) 2024-12-04 18:05:08 Image size of job updated: 1809272
	754  -  MemoryUsage of job (MB)
	771972  -  ResidentSetSize of job (KB)
...
006 (14460.002.000) 2024-12-04 18:10:09 Image size of job updated: 1809272
	762  -  MemoryUsage of job (MB)
	779688  -  ResidentSetSize of job (KB)
...
006 (14460.002.000) 2024-12-04 18:15:09 Image size of job updated: 1874720
	774  -  MemoryUsage of job (MB)
	792044  -  ResidentSetSize of job (KB)
...
006 (14460.002.000) 2024-12-04 18:20:10 Image size of job updated: 1878136
	786  -  MemoryUsage of job (MB)
	804104  -  ResidentSetSize of job (KB)
...
006 (14460.002.000) 2024-12-04 18:25:11 Image size of job updated: 1878464
	797  -  MemoryUsage of job (MB)
	815160  -  ResidentSetSize of job (KB)
...
006 (14460.002.000) 2024-12-04 18:30:11 Image size of job updated: 1880352
	802  -  MemoryUsage of job (MB)
	821148  -  ResidentSetSize of job (KB)
...
006 (14460.002.000) 2024-12-04 18:35:11 Image size of job updated: 1880928
	810  -  MemoryUsage of job (MB)
	828736  -  ResidentSetSize of job (KB)
...
006 (14460.002.000) 2024-12-04 18:40:13 Image size of job updated: 1884112
	812  -  MemoryUsage of job (MB)
	830812  -  ResidentSetSize of job (KB)
...
006 (14460.002.000) 2024-12-04 18:45:13 Image size of job updated: 1884112
	817  -  MemoryUsage of job (MB)
	835904  -  ResidentSetSize of job (KB)
...
006 (14460.002.000) 2024-12-04 18:50:13 Image size of job updated: 1886872
	829  -  MemoryUsage of job (MB)
	848452  -  ResidentSetSize of job (KB)
...
006 (14460.002.000) 2024-12-04 18:55:14 Image size of job updated: 1886872
	834  -  MemoryUsage of job (MB)
	853680  -  ResidentSetSize of job (KB)
...
006 (14460.002.000) 2024-12-04 19:00:15 Image size of job updated: 1889392
	842  -  MemoryUsage of job (MB)
	861640  -  ResidentSetSize of job (KB)
...
006 (14460.002.000) 2024-12-04 19:05:15 Image size of job updated: 1957772
	856  -  MemoryUsage of job (MB)
	875708  -  ResidentSetSize of job (KB)
...
006 (14460.002.000) 2024-12-04 19:10:15 Image size of job updated: 1957772
	859  -  MemoryUsage of job (MB)
	878924  -  ResidentSetSize of job (KB)
...
006 (14460.002.000) 2024-12-04 19:15:16 Image size of job updated: 1960008
	866  -  MemoryUsage of job (MB)
	886016  -  ResidentSetSize of job (KB)
...
006 (14460.002.000) 2024-12-04 19:20:16 Image size of job updated: 1960008
	870  -  MemoryUsage of job (MB)
	890064  -  ResidentSetSize of job (KB)
...
006 (14460.002.000) 2024-12-04 19:25:16 Image size of job updated: 1960008
	878  -  MemoryUsage of job (MB)
	898312  -  ResidentSetSize of job (KB)
...
006 (14460.002.000) 2024-12-04 19:35:18 Image size of job updated: 1960008
	883  -  MemoryUsage of job (MB)
	903628  -  ResidentSetSize of job (KB)
...
006 (14460.002.000) 2024-12-04 19:40:18 Image size of job updated: 1960008
	903  -  MemoryUsage of job (MB)
	924256  -  ResidentSetSize of job (KB)
...
006 (14460.002.000) 2024-12-04 19:45:19 Image size of job updated: 1967084
	908  -  MemoryUsage of job (MB)
	929084  -  ResidentSetSize of job (KB)
...
006 (14460.002.000) 2024-12-04 19:50:20 Image size of job updated: 1967084
	917  -  MemoryUsage of job (MB)
	938868  -  ResidentSetSize of job (KB)
...
006 (14460.002.000) 2024-12-04 19:55:20 Image size of job updated: 2032636
	924  -  MemoryUsage of job (MB)
	946048  -  ResidentSetSize of job (KB)
...
006 (14460.002.000) 2024-12-04 22:15:34 Image size of job updated: 2032636
	948  -  MemoryUsage of job (MB)
	970636  -  ResidentSetSize of job (KB)
...
006 (14460.002.000) 2024-12-04 22:40:37 Image size of job updated: 2032636
	950  -  MemoryUsage of job (MB)
	972328  -  ResidentSetSize of job (KB)
...
006 (14460.002.000) 2024-12-04 22:45:37 Image size of job updated: 2037808
	971  -  MemoryUsage of job (MB)
	993452  -  ResidentSetSize of job (KB)
...
006 (14460.002.000) 2024-12-04 22:50:39 Image size of job updated: 2037808
	979  -  MemoryUsage of job (MB)
	1002108  -  ResidentSetSize of job (KB)
...
006 (14460.002.000) 2024-12-04 23:00:39 Image size of job updated: 2046004
	979  -  MemoryUsage of job (MB)
	1002108  -  ResidentSetSize of job (KB)
...
006 (14460.002.000) 2024-12-04 23:45:44 Image size of job updated: 2056248
	979  -  MemoryUsage of job (MB)
	1002108  -  ResidentSetSize of job (KB)
...
006 (14460.002.000) 2024-12-05 00:45:52 Image size of job updated: 2068152
	979  -  MemoryUsage of job (MB)
	1002108  -  ResidentSetSize of job (KB)
...
006 (14460.002.000) 2024-12-05 01:15:55 Image size of job updated: 2068152
	996  -  MemoryUsage of job (MB)
	1019504  -  ResidentSetSize of job (KB)
...
006 (14460.002.000) 2024-12-05 01:35:57 Image size of job updated: 2068152
	1019  -  MemoryUsage of job (MB)
	1042448  -  ResidentSetSize of job (KB)
...
006 (14460.002.000) 2024-12-05 04:36:14 Image size of job updated: 2130644
	1019  -  MemoryUsage of job (MB)
	1042448  -  ResidentSetSize of job (KB)
...
006 (14460.002.000) 2024-12-05 06:01:23 Image size of job updated: 2130644
	1030  -  MemoryUsage of job (MB)
	1053904  -  ResidentSetSize of job (KB)
...
006 (14460.002.000) 2024-12-05 06:06:24 Image size of job updated: 2130644
	1030  -  MemoryUsage of job (MB)
	1054036  -  ResidentSetSize of job (KB)
...
006 (14460.002.000) 2024-12-05 06:36:27 Image size of job updated: 2130644
	1048  -  MemoryUsage of job (MB)
	1072592  -  ResidentSetSize of job (KB)
...
006 (14460.002.000) 2024-12-05 10:56:56 Image size of job updated: 2130644
	1051  -  MemoryUsage of job (MB)
	1075632  -  ResidentSetSize of job (KB)
...
006 (14460.002.000) 2024-12-05 16:17:28 Image size of job updated: 2138316
	1051  -  MemoryUsage of job (MB)
	1075632  -  ResidentSetSize of job (KB)
...
006 (14460.002.000) 2024-12-05 18:57:43 Image size of job updated: 2214108
	1051  -  MemoryUsage of job (MB)
	1075632  -  ResidentSetSize of job (KB)
...
006 (14460.002.000) 2024-12-05 19:07:44 Image size of job updated: 2214108
	1086  -  MemoryUsage of job (MB)
	1111496  -  ResidentSetSize of job (KB)
...
006 (14460.002.000) 2024-12-05 23:18:12 Image size of job updated: 2214108
	1100  -  MemoryUsage of job (MB)
	1126360  -  ResidentSetSize of job (KB)
...
006 (14460.002.000) 2024-12-06 03:58:39 Image size of job updated: 2293136
	1118  -  MemoryUsage of job (MB)
	1144040  -  ResidentSetSize of job (KB)
...
006 (14460.002.000) 2024-12-06 04:08:40 Image size of job updated: 2293136
	1121  -  MemoryUsage of job (MB)
	1147520  -  ResidentSetSize of job (KB)
...
006 (14460.002.000) 2024-12-06 04:23:41 Image size of job updated: 2293136
	1130  -  MemoryUsage of job (MB)
	1156804  -  ResidentSetSize of job (KB)
...
006 (14460.002.000) 2024-12-06 04:28:42 Image size of job updated: 2293136
	1130  -  MemoryUsage of job (MB)
	1156936  -  ResidentSetSize of job (KB)
...
006 (14460.002.000) 2024-12-06 08:24:05 Image size of job updated: 2312248
	1130  -  MemoryUsage of job (MB)
	1156936  -  ResidentSetSize of job (KB)
...
006 (14460.002.000) 2024-12-06 08:39:07 Image size of job updated: 2312248
	1135  -  MemoryUsage of job (MB)
	1161252  -  ResidentSetSize of job (KB)
...
006 (14460.002.000) 2024-12-06 14:59:47 Image size of job updated: 2312248
	1136  -  MemoryUsage of job (MB)
	1162672  -  ResidentSetSize of job (KB)
...
006 (14460.002.000) 2024-12-06 17:15:03 Image size of job updated: 2312248
	1149  -  MemoryUsage of job (MB)
	1176076  -  ResidentSetSize of job (KB)
...
006 (14460.002.000) 2024-12-06 17:40:04 Image size of job updated: 2315856
	1154  -  MemoryUsage of job (MB)
	1181472  -  ResidentSetSize of job (KB)
...
006 (14460.002.000) 2024-12-06 18:05:07 Image size of job updated: 2315856
	1181  -  MemoryUsage of job (MB)
	1208720  -  ResidentSetSize of job (KB)
...
006 (14460.002.000) 2024-12-06 20:15:19 Image size of job updated: 2315856
	1181  -  MemoryUsage of job (MB)
	1209140  -  ResidentSetSize of job (KB)
...
006 (14460.002.000) 2024-12-06 20:55:23 Image size of job updated: 2320976
	1181  -  MemoryUsage of job (MB)
	1209140  -  ResidentSetSize of job (KB)
...
006 (14460.002.000) 2024-12-06 21:35:28 Image size of job updated: 2320976
	1209  -  MemoryUsage of job (MB)
	1237896  -  ResidentSetSize of job (KB)
...
006 (14460.002.000) 2024-12-06 21:40:28 Image size of job updated: 2321952
	1209  -  MemoryUsage of job (MB)
	1237896  -  ResidentSetSize of job (KB)
...
006 (14460.002.000) 2024-12-06 21:45:28 Image size of job updated: 2324024
	1209  -  MemoryUsage of job (MB)
	1237896  -  ResidentSetSize of job (KB)
...
006 (14460.002.000) 2024-12-06 21:50:29 Image size of job updated: 2324024
	1230  -  MemoryUsage of job (MB)
	1259132  -  ResidentSetSize of job (KB)
...
006 (14460.002.000) 2024-12-06 21:55:30 Image size of job updated: 2326368
	1230  -  MemoryUsage of job (MB)
	1259132  -  ResidentSetSize of job (KB)
...
006 (14460.002.000) 2024-12-06 22:05:31 Image size of job updated: 2327080
	1230  -  MemoryUsage of job (MB)
	1259132  -  ResidentSetSize of job (KB)
...
006 (14460.002.000) 2024-12-07 09:21:43 Image size of job updated: 2392632
	1230  -  MemoryUsage of job (MB)
	1259132  -  ResidentSetSize of job (KB)
...
006 (14460.002.000) 2024-12-07 09:31:44 Image size of job updated: 2392632
	1232  -  MemoryUsage of job (MB)
	1260788  -  ResidentSetSize of job (KB)
...
006 (14460.002.000) 2024-12-07 09:36:44 Image size of job updated: 2392632
	1251  -  MemoryUsage of job (MB)
	1280104  -  ResidentSetSize of job (KB)
...
006 (14460.002.000) 2024-12-07 17:27:33 Image size of job updated: 2398408
	1251  -  MemoryUsage of job (MB)
	1280104  -  ResidentSetSize of job (KB)
...
006 (14460.002.000) 2024-12-07 17:32:34 Image size of job updated: 2398408
	1256  -  MemoryUsage of job (MB)
	1285732  -  ResidentSetSize of job (KB)
...
006 (14460.002.000) 2024-12-07 18:02:37 Image size of job updated: 2398408
	1271  -  MemoryUsage of job (MB)
	1301504  -  ResidentSetSize of job (KB)
...
006 (14460.002.000) 2024-12-07 18:12:38 Image size of job updated: 2398408
	1277  -  MemoryUsage of job (MB)
	1307332  -  ResidentSetSize of job (KB)
...
006 (14460.002.000) 2024-12-07 18:17:38 Image size of job updated: 2398408
	1302  -  MemoryUsage of job (MB)
	1333152  -  ResidentSetSize of job (KB)
...
006 (14460.002.000) 2024-12-08 10:59:24 Image size of job updated: 2405472
	1302  -  MemoryUsage of job (MB)
	1333152  -  ResidentSetSize of job (KB)
...
006 (14460.002.000) 2024-12-08 12:49:35 Image size of job updated: 2416224
	1302  -  MemoryUsage of job (MB)
	1333152  -  ResidentSetSize of job (KB)
...
006 (14460.002.000) 2024-12-08 12:54:35 Image size of job updated: 2417016
	1302  -  MemoryUsage of job (MB)
	1333152  -  ResidentSetSize of job (KB)
...
006 (14460.002.000) 2024-12-08 13:04:36 Image size of job updated: 2417016
	1333  -  MemoryUsage of job (MB)
	1364976  -  ResidentSetSize of job (KB)
...
006 (14460.002.000) 2024-12-08 13:39:40 Image size of job updated: 2422128
	1333  -  MemoryUsage of job (MB)
	1364976  -  ResidentSetSize of job (KB)
...
006 (14460.002.000) 2024-12-08 13:49:41 Image size of job updated: 2425920
	1333  -  MemoryUsage of job (MB)
	1364976  -  ResidentSetSize of job (KB)
...
006 (14460.002.000) 2024-12-08 14:09:43 Image size of job updated: 2425920
	1377  -  MemoryUsage of job (MB)
	1410020  -  ResidentSetSize of job (KB)
...
006 (14460.002.000) 2024-12-08 14:29:45 Image size of job updated: 2425920
	1381  -  MemoryUsage of job (MB)
	1413600  -  ResidentSetSize of job (KB)
...
006 (14460.002.000) 2024-12-08 14:34:46 Image size of job updated: 2428124
	1381  -  MemoryUsage of job (MB)
	1413600  -  ResidentSetSize of job (KB)
...
006 (14460.002.000) 2024-12-08 14:39:47 Image size of job updated: 2516052
	1381  -  MemoryUsage of job (MB)
	1413600  -  ResidentSetSize of job (KB)
...
006 (14460.002.000) 2024-12-09 08:31:36 Image size of job updated: 2516052
	1392  -  MemoryUsage of job (MB)
	1425076  -  ResidentSetSize of job (KB)
...
006 (14460.002.000) 2024-12-09 09:56:45 Image size of job updated: 2520632
	1392  -  MemoryUsage of job (MB)
	1425076  -  ResidentSetSize of job (KB)
...
006 (14460.002.000) 2024-12-09 10:21:47 Image size of job updated: 2520632
	1403  -  MemoryUsage of job (MB)
	1435992  -  ResidentSetSize of job (KB)
...
006 (14460.002.000) 2024-12-09 10:46:50 Image size of job updated: 2520632
	1424  -  MemoryUsage of job (MB)
	1458132  -  ResidentSetSize of job (KB)
...
006 (14460.002.000) 2024-12-09 11:21:53 Image size of job updated: 2520632
	1439  -  MemoryUsage of job (MB)
	1473000  -  ResidentSetSize of job (KB)
...
006 (14460.002.000) 2024-12-10 17:09:52 Image size of job updated: 2520632
	1457  -  MemoryUsage of job (MB)
	1491036  -  ResidentSetSize of job (KB)
...
006 (14460.002.000) 2024-12-10 17:39:54 Image size of job updated: 2593096
	1457  -  MemoryUsage of job (MB)
	1491036  -  ResidentSetSize of job (KB)
...
006 (14460.002.000) 2024-12-10 17:44:55 Image size of job updated: 2593500
	1457  -  MemoryUsage of job (MB)
	1491036  -  ResidentSetSize of job (KB)
...
006 (14460.002.000) 2024-12-10 18:50:02 Image size of job updated: 2593500
	1527  -  MemoryUsage of job (MB)
	1563472  -  ResidentSetSize of job (KB)
...
006 (14460.002.000) 2024-12-11 05:31:06 Image size of job updated: 2613984
	1527  -  MemoryUsage of job (MB)
	1563472  -  ResidentSetSize of job (KB)
...
006 (14460.002.000) 2024-12-11 12:41:49 Image size of job updated: 2613984
	1533  -  MemoryUsage of job (MB)
	1568916  -  ResidentSetSize of job (KB)
...
006 (14460.002.000) 2024-12-11 13:16:52 Image size of job updated: 2679536
	1533  -  MemoryUsage of job (MB)
	1568916  -  ResidentSetSize of job (KB)
...
006 (14460.002.000) 2024-12-11 13:51:56 Image size of job updated: 2679536
	1580  -  MemoryUsage of job (MB)
	1617308  -  ResidentSetSize of job (KB)
...
006 (14460.002.000) 2024-12-11 14:06:58 Image size of job updated: 2679536
	1584  -  MemoryUsage of job (MB)
	1621840  -  ResidentSetSize of job (KB)
...
006 (14460.002.000) 2024-12-11 14:16:59 Image size of job updated: 2679536
	1586  -  MemoryUsage of job (MB)
	1624064  -  ResidentSetSize of job (KB)
...
006 (14460.002.000) 2024-12-11 14:22:00 Image size of job updated: 2751340
	1586  -  MemoryUsage of job (MB)
	1624064  -  ResidentSetSize of job (KB)
...
006 (14460.002.000) 2024-12-12 17:49:48 Image size of job updated: 2751340
	1587  -  MemoryUsage of job (MB)
	1624148  -  ResidentSetSize of job (KB)
...
006 (14460.002.000) 2024-12-12 19:14:58 Image size of job updated: 2751340
	1610  -  MemoryUsage of job (MB)
	1647620  -  ResidentSetSize of job (KB)
...
006 (14460.002.000) 2024-12-12 19:19:59 Image size of job updated: 2751340
	1631  -  MemoryUsage of job (MB)
	1669776  -  ResidentSetSize of job (KB)
...
006 (14460.002.000) 2024-12-12 19:24:59 Image size of job updated: 2751340
	1641  -  MemoryUsage of job (MB)
	1679380  -  ResidentSetSize of job (KB)
...
006 (14460.002.000) 2024-12-12 19:40:01 Image size of job updated: 2752360
	1641  -  MemoryUsage of job (MB)
	1679380  -  ResidentSetSize of job (KB)
...
006 (14460.002.000) 2024-12-13 17:37:16 Image size of job updated: 2755172
	1641  -  MemoryUsage of job (MB)
	1679380  -  ResidentSetSize of job (KB)
...
006 (14460.002.000) 2024-12-13 17:42:16 Image size of job updated: 2757460
	1641  -  MemoryUsage of job (MB)
	1679380  -  ResidentSetSize of job (KB)
...
006 (14460.002.000) 2024-12-13 18:12:20 Image size of job updated: 2757460
	1673  -  MemoryUsage of job (MB)
	1712452  -  ResidentSetSize of job (KB)
...
006 (14460.002.000) 2024-12-13 18:52:25 Image size of job updated: 2757608
	1673  -  MemoryUsage of job (MB)
	1712452  -  ResidentSetSize of job (KB)
...
006 (14460.002.000) 2024-12-13 18:57:26 Image size of job updated: 2842240
	1673  -  MemoryUsage of job (MB)
	1712452  -  ResidentSetSize of job (KB)
...
006 (14460.002.000) 2024-12-14 06:08:34 Image size of job updated: 2846496
	1673  -  MemoryUsage of job (MB)
	1712452  -  ResidentSetSize of job (KB)
...
006 (14460.002.000) 2024-12-14 06:48:39 Image size of job updated: 2846496
	1677  -  MemoryUsage of job (MB)
	1716792  -  ResidentSetSize of job (KB)
...
006 (14460.002.000) 2024-12-14 06:53:40 Image size of job updated: 2846496
	1677  -  MemoryUsage of job (MB)
	1717056  -  ResidentSetSize of job (KB)
...
006 (14460.002.000) 2024-12-14 07:33:44 Image size of job updated: 2861856
	1677  -  MemoryUsage of job (MB)
	1717056  -  ResidentSetSize of job (KB)
...
006 (14460.002.000) 2024-12-14 07:43:44 Image size of job updated: 2861856
	1695  -  MemoryUsage of job (MB)
	1734772  -  ResidentSetSize of job (KB)
...
006 (14460.002.000) 2024-12-14 08:08:48 Image size of job updated: 2861856
	1743  -  MemoryUsage of job (MB)
	1784460  -  ResidentSetSize of job (KB)
...
006 (14460.002.000) 2024-12-14 08:38:51 Image size of job updated: 2866976
	1743  -  MemoryUsage of job (MB)
	1784460  -  ResidentSetSize of job (KB)
...
006 (14460.002.000) 2024-12-14 08:43:52 Image size of job updated: 2866976
	1766  -  MemoryUsage of job (MB)
	1808216  -  ResidentSetSize of job (KB)
...
006 (14460.002.000) 2024-12-14 08:48:52 Image size of job updated: 2866976
	1776  -  MemoryUsage of job (MB)
	1817968  -  ResidentSetSize of job (KB)
...
006 (14460.002.000) 2024-12-14 09:53:58 Image size of job updated: 2932528
	1776  -  MemoryUsage of job (MB)
	1817968  -  ResidentSetSize of job (KB)
...
006 (14460.002.000) 2024-12-14 10:03:59 Image size of job updated: 2947888
	1776  -  MemoryUsage of job (MB)
	1817968  -  ResidentSetSize of job (KB)
...
006 (14460.002.000) 2024-12-14 10:49:04 Image size of job updated: 2947888
	1821  -  MemoryUsage of job (MB)
	1864512  -  ResidentSetSize of job (KB)
...
006 (14460.002.000) 2024-12-14 12:59:18 Image size of job updated: 2947888
	1862  -  MemoryUsage of job (MB)
	1906508  -  ResidentSetSize of job (KB)
...
006 (14460.002.000) 2024-12-14 13:09:18 Image size of job updated: 3028800
	1862  -  MemoryUsage of job (MB)
	1906508  -  ResidentSetSize of job (KB)
...
006 (14460.002.000) 2024-12-14 13:24:20 Image size of job updated: 3028800
	1905  -  MemoryUsage of job (MB)
	1950240  -  ResidentSetSize of job (KB)
...
006 (14460.002.000) 2024-12-15 12:46:44 Image size of job updated: 3057232
	1905  -  MemoryUsage of job (MB)
	1950240  -  ResidentSetSize of job (KB)
...
006 (14460.002.000) 2024-12-15 13:11:46 Image size of job updated: 3057232
	1907  -  MemoryUsage of job (MB)
	1952284  -  ResidentSetSize of job (KB)
...
006 (14460.002.000) 2024-12-15 13:16:47 Image size of job updated: 3057232
	1907  -  MemoryUsage of job (MB)
	1952548  -  ResidentSetSize of job (KB)
...
006 (14460.002.000) 2024-12-15 13:26:47 Image size of job updated: 3067472
	1907  -  MemoryUsage of job (MB)
	1952548  -  ResidentSetSize of job (KB)
...
006 (14460.002.000) 2024-12-15 13:36:49 Image size of job updated: 3067472
	1965  -  MemoryUsage of job (MB)
	2011584  -  ResidentSetSize of job (KB)
...
006 (14460.002.000) 2024-12-15 13:46:49 Image size of job updated: 3133024
	1965  -  MemoryUsage of job (MB)
	2011584  -  ResidentSetSize of job (KB)
...
006 (14460.002.000) 2024-12-15 14:06:51 Image size of job updated: 3133024
	1972  -  MemoryUsage of job (MB)
	2018672  -  ResidentSetSize of job (KB)
...
006 (14460.002.000) 2024-12-15 14:36:55 Image size of job updated: 3133024
	1982  -  MemoryUsage of job (MB)
	2029524  -  ResidentSetSize of job (KB)
...
006 (14460.002.000) 2024-12-15 15:06:58 Image size of job updated: 3133024
	1995  -  MemoryUsage of job (MB)
	2041884  -  ResidentSetSize of job (KB)
...
006 (14460.002.000) 2024-12-15 15:11:59 Image size of job updated: 3143264
	2036  -  MemoryUsage of job (MB)
	2084696  -  ResidentSetSize of job (KB)
...
006 (14460.002.000) 2024-12-17 07:11:05 Image size of job updated: 3144736
	2036  -  MemoryUsage of job (MB)
	2084696  -  ResidentSetSize of job (KB)
...
006 (14460.002.000) 2024-12-17 09:36:20 Image size of job updated: 3151392
	2036  -  MemoryUsage of job (MB)
	2084696  -  ResidentSetSize of job (KB)
...
006 (14460.002.000) 2024-12-17 10:06:23 Image size of job updated: 3157204
	2036  -  MemoryUsage of job (MB)
	2084696  -  ResidentSetSize of job (KB)
...
006 (14460.002.000) 2024-12-17 10:16:24 Image size of job updated: 3160092
	2036  -  MemoryUsage of job (MB)
	2084696  -  ResidentSetSize of job (KB)
...
006 (14460.002.000) 2024-12-17 11:41:33 Image size of job updated: 3175920
	2036  -  MemoryUsage of job (MB)
	2084696  -  ResidentSetSize of job (KB)
...
006 (14460.002.000) 2024-12-17 12:41:38 Image size of job updated: 3241472
	2036  -  MemoryUsage of job (MB)
	2084696  -  ResidentSetSize of job (KB)
...
006 (14460.002.000) 2024-12-17 13:21:42 Image size of job updated: 3256832
	2036  -  MemoryUsage of job (MB)
	2084696  -  ResidentSetSize of job (KB)
...
022 (14460.002.000) 2024-12-18 17:52:51 Job disconnected, attempting to reconnect
    Socket between submit and execute hosts closed unexpectedly
    Trying to reconnect to slot1@bioclust50.bioclust.biologie.ens.fr <10.18.24.50:9618?addrs=10.18.24.50-9618&alias=bioclust50.bioclust.biologie.ens.fr&noUDP&sock=startd_1174_d846>
...
024 (14460.002.000) 2024-12-18 18:32:51 Job reconnection failed
    Job disconnected too long: JobLeaseDuration (2400 seconds) expired
    Can not reconnect to slot1@bioclust50.bioclust.biologie.ens.fr, rescheduling job
...
001 (14460.002.000) 2024-12-18 18:37:03 Job executing on host: <10.18.24.5:9618?addrs=10.18.24.5-9618&alias=bioclust05.bioclust.biologie.ens.fr&noUDP&sock=startd_1116_0fc8>
...
006 (14460.002.000) 2024-12-31 03:22:24 Image size of job updated: 3500000
	2201  -  MemoryUsage of job (MB)
	2253320  -  ResidentSetSize of job (KB)
...
006 (14460.002.000) 2025-01-01 13:30:50 Image size of job updated: 3500000
	2208  -  MemoryUsage of job (MB)
	2260320  -  ResidentSetSize of job (KB)
...
006 (14460.002.000) 2025-01-01 13:35:51 Image size of job updated: 3500000
	2296  -  MemoryUsage of job (MB)
	2350648  -  ResidentSetSize of job (KB)
...
006 (14460.002.000) 2025-01-01 13:40:51 Image size of job updated: 3500000
	2296  -  MemoryUsage of job (MB)
	2350780  -  ResidentSetSize of job (KB)
...
006 (14460.002.000) 2025-01-03 04:29:53 Image size of job updated: 3500000
	2317  -  MemoryUsage of job (MB)
	2372568  -  ResidentSetSize of job (KB)
...
006 (14460.002.000) 2025-01-03 07:05:09 Image size of job updated: 3500000
	2318  -  MemoryUsage of job (MB)
	2373452  -  ResidentSetSize of job (KB)
...
006 (14460.002.000) 2025-01-03 08:25:16 Image size of job updated: 3500000
	2373  -  MemoryUsage of job (MB)
	2429752  -  ResidentSetSize of job (KB)
...
006 (14460.002.000) 2025-01-03 08:35:17 Image size of job updated: 3500000
	2449  -  MemoryUsage of job (MB)
	2507172  -  ResidentSetSize of job (KB)
...
006 (14460.002.000) 2025-01-03 14:25:52 Image size of job updated: 3500980
	2449  -  MemoryUsage of job (MB)
	2507172  -  ResidentSetSize of job (KB)
...
006 (14460.002.000) 2025-01-03 16:46:07 Image size of job updated: 3507384
	2449  -  MemoryUsage of job (MB)
	2507172  -  ResidentSetSize of job (KB)
...
006 (14460.002.000) 2025-01-03 17:31:12 Image size of job updated: 3507384
	2477  -  MemoryUsage of job (MB)
	2535988  -  ResidentSetSize of job (KB)
...
006 (14460.002.000) 2025-01-03 19:21:23 Image size of job updated: 3507384
	2486  -  MemoryUsage of job (MB)
	2545004  -  ResidentSetSize of job (KB)
...
006 (14460.002.000) 2025-01-03 21:11:34 Image size of job updated: 3512504
	2486  -  MemoryUsage of job (MB)
	2545004  -  ResidentSetSize of job (KB)
...
006 (14460.002.000) 2025-01-06 04:52:16 Image size of job updated: 3525672
	2486  -  MemoryUsage of job (MB)
	2545004  -  ResidentSetSize of job (KB)
...
006 (14460.002.000) 2025-01-06 06:17:26 Image size of job updated: 3541032
	2486  -  MemoryUsage of job (MB)
	2545004  -  ResidentSetSize of job (KB)
...
006 (14460.002.000) 2025-01-06 07:57:36 Image size of job updated: 3546152
	2486  -  MemoryUsage of job (MB)
	2545004  -  ResidentSetSize of job (KB)
...
006 (14460.002.000) 2025-01-06 08:07:36 Image size of job updated: 3546152
	2519  -  MemoryUsage of job (MB)
	2578636  -  ResidentSetSize of job (KB)
...
006 (14460.002.000) 2025-01-06 08:32:39 Image size of job updated: 3546152
	2570  -  MemoryUsage of job (MB)
	2630832  -  ResidentSetSize of job (KB)
...
006 (14460.002.000) 2025-01-06 08:47:41 Image size of job updated: 3553320
	2570  -  MemoryUsage of job (MB)
	2630832  -  ResidentSetSize of job (KB)
...
006 (14460.002.000) 2025-01-06 10:17:50 Image size of job updated: 3558440
	2570  -  MemoryUsage of job (MB)
	2630832  -  ResidentSetSize of job (KB)
...
006 (14460.002.000) 2025-01-06 11:47:58 Image size of job updated: 3578408
	2598  -  MemoryUsage of job (MB)
	2659828  -  ResidentSetSize of job (KB)
...
006 (14460.002.000) 2025-01-06 12:08:00 Image size of job updated: 3643960
	2598  -  MemoryUsage of job (MB)
	2659828  -  ResidentSetSize of job (KB)
...
006 (14460.002.000) 2025-01-06 12:38:03 Image size of job updated: 3645148
	2598  -  MemoryUsage of job (MB)
	2659828  -  ResidentSetSize of job (KB)
...
006 (14460.002.000) 2025-01-06 12:43:04 Image size of job updated: 3647420
	2598  -  MemoryUsage of job (MB)
	2659828  -  ResidentSetSize of job (KB)
...
006 (14460.002.000) 2025-01-06 12:48:04 Image size of job updated: 3650380
	2598  -  MemoryUsage of job (MB)
	2659828  -  ResidentSetSize of job (KB)
...
006 (14460.002.000) 2025-01-06 13:08:06 Image size of job updated: 3664592
	2598  -  MemoryUsage of job (MB)
	2659828  -  ResidentSetSize of job (KB)
...
006 (14460.002.000) 2025-01-06 13:53:11 Image size of job updated: 3671504
	2598  -  MemoryUsage of job (MB)
	2659828  -  ResidentSetSize of job (KB)
...
006 (14460.002.000) 2025-01-06 14:13:13 Image size of job updated: 3671504
	2609  -  MemoryUsage of job (MB)
	2670912  -  ResidentSetSize of job (KB)
...
006 (14460.002.000) 2025-01-06 14:18:13 Image size of job updated: 3671504
	2630  -  MemoryUsage of job (MB)
	2693068  -  ResidentSetSize of job (KB)
...
006 (14460.002.000) 2025-01-06 14:23:14 Image size of job updated: 3671504
	2631  -  MemoryUsage of job (MB)
	2693332  -  ResidentSetSize of job (KB)
...
006 (14460.002.000) 2025-01-06 14:43:17 Image size of job updated: 3737056
	2669  -  MemoryUsage of job (MB)
	2732260  -  ResidentSetSize of job (KB)
...
006 (14460.002.000) 2025-01-06 14:58:18 Image size of job updated: 3737056
	2719  -  MemoryUsage of job (MB)
	2783652  -  ResidentSetSize of job (KB)
...
006 (14460.002.000) 2025-01-06 15:13:19 Image size of job updated: 3737056
	2740  -  MemoryUsage of job (MB)
	2805252  -  ResidentSetSize of job (KB)
...
006 (14460.002.000) 2025-01-06 15:18:20 Image size of job updated: 3737056
	2740  -  MemoryUsage of job (MB)
	2805516  -  ResidentSetSize of job (KB)
...
006 (14460.002.000) 2025-01-06 15:33:22 Image size of job updated: 3752416
	2740  -  MemoryUsage of job (MB)
	2805516  -  ResidentSetSize of job (KB)
...
006 (14460.002.000) 2025-01-06 16:18:25 Image size of job updated: 3752416
	2750  -  MemoryUsage of job (MB)
	2815068  -  ResidentSetSize of job (KB)
...
006 (14460.002.000) 2025-01-06 17:28:32 Image size of job updated: 3755164
	2750  -  MemoryUsage of job (MB)
	2815068  -  ResidentSetSize of job (KB)
...
006 (14460.002.000) 2025-01-06 18:18:38 Image size of job updated: 3759328
	2788  -  MemoryUsage of job (MB)
	2854824  -  ResidentSetSize of job (KB)
...
006 (14460.002.000) 2025-01-06 19:23:46 Image size of job updated: 3767508
	2788  -  MemoryUsage of job (MB)
	2854824  -  ResidentSetSize of job (KB)
...
022 (14460.002.000) 2025-01-07 15:33:20 Job disconnected, attempting to reconnect
    Local schedd and job shadow died, schedd now running again
    Trying to reconnect to slot1@bioclust05.bioclust.biologie.ens.fr <10.18.24.5:9618?addrs=10.18.24.5-9618&alias=bioclust05.bioclust.biologie.ens.fr&noUDP&sock=startd_1116_0fc8>
...
023 (14460.002.000) 2025-01-07 15:33:24 Job reconnected to slot1@bioclust05.bioclust.biologie.ens.fr
    startd address: <10.18.24.5:9618?addrs=10.18.24.5-9618&alias=bioclust05.bioclust.biologie.ens.fr&noUDP&sock=startd_1116_0fc8>
    starter address: <10.18.24.5:9618?addrs=10.18.24.5-9618&alias=bioclust05.bioclust.biologie.ens.fr&noUDP&sock=slot1_5_1421_f913_4270>
...
006 (14460.002.000) 2025-01-12 10:48:00 Image size of job updated: 4000000
	2933  -  MemoryUsage of job (MB)
	3003344  -  ResidentSetSize of job (KB)
...
006 (14460.002.000) 2025-01-12 10:53:00 Image size of job updated: 4000000
	2934  -  MemoryUsage of job (MB)
	3003476  -  ResidentSetSize of job (KB)
...
006 (14460.002.000) 2025-01-12 12:03:07 Image size of job updated: 4000000
	2938  -  MemoryUsage of job (MB)
	3008304  -  ResidentSetSize of job (KB)
...
006 (14460.002.000) 2025-01-12 12:18:09 Image size of job updated: 4000424
	2938  -  MemoryUsage of job (MB)
	3008304  -  ResidentSetSize of job (KB)
...
006 (14460.002.000) 2025-01-12 13:28:15 Image size of job updated: 4000424
	2955  -  MemoryUsage of job (MB)
	3025460  -  ResidentSetSize of job (KB)
...
006 (14460.002.000) 2025-01-12 18:53:49 Image size of job updated: 4018344
	2955  -  MemoryUsage of job (MB)
	3025460  -  ResidentSetSize of job (KB)
...
006 (14460.002.000) 2025-01-12 19:08:51 Image size of job updated: 4018344
	3019  -  MemoryUsage of job (MB)
	3090660  -  ResidentSetSize of job (KB)
...
006 (14460.002.000) 2025-01-12 19:13:51 Image size of job updated: 4018344
	3019  -  MemoryUsage of job (MB)
	3091056  -  ResidentSetSize of job (KB)
...
006 (14460.002.000) 2025-01-12 20:44:00 Image size of job updated: 4033708
	3019  -  MemoryUsage of job (MB)
	3091056  -  ResidentSetSize of job (KB)
...
006 (14460.002.000) 2025-01-12 21:19:04 Image size of job updated: 4033708
	3068  -  MemoryUsage of job (MB)
	3140932  -  ResidentSetSize of job (KB)
...
006 (14460.002.000) 2025-01-12 21:49:06 Image size of job updated: 4099260
	3068  -  MemoryUsage of job (MB)
	3140932  -  ResidentSetSize of job (KB)
...
006 (14460.002.000) 2025-01-17 01:54:32 Image size of job updated: 4099596
	3068  -  MemoryUsage of job (MB)
	3140932  -  ResidentSetSize of job (KB)
...
006 (14460.002.000) 2025-01-17 02:29:35 Image size of job updated: 4109836
	3068  -  MemoryUsage of job (MB)
	3140932  -  ResidentSetSize of job (KB)
...
006 (14460.002.000) 2025-01-17 02:44:37 Image size of job updated: 4175388
	3068  -  MemoryUsage of job (MB)
	3140932  -  ResidentSetSize of job (KB)
...
006 (14460.002.000) 2025-01-17 03:09:40 Image size of job updated: 4185628
	3068  -  MemoryUsage of job (MB)
	3140932  -  ResidentSetSize of job (KB)
...
006 (14460.002.000) 2025-01-17 03:29:42 Image size of job updated: 4185628
	3098  -  MemoryUsage of job (MB)
	3171488  -  ResidentSetSize of job (KB)
...
006 (14460.002.000) 2025-01-17 03:34:43 Image size of job updated: 4195868
	3098  -  MemoryUsage of job (MB)
	3171752  -  ResidentSetSize of job (KB)
...
006 (14460.002.000) 2025-01-17 03:39:43 Image size of job updated: 4261420
	3098  -  MemoryUsage of job (MB)
	3171752  -  ResidentSetSize of job (KB)
...
006 (14460.002.000) 2025-01-17 03:49:45 Image size of job updated: 4271664
	3098  -  MemoryUsage of job (MB)
	3171752  -  ResidentSetSize of job (KB)
...
006 (14460.002.000) 2025-01-17 04:14:46 Image size of job updated: 4281904
	3098  -  MemoryUsage of job (MB)
	3171752  -  ResidentSetSize of job (KB)
...
006 (14460.002.000) 2025-01-17 04:29:48 Image size of job updated: 4347456
	3098  -  MemoryUsage of job (MB)
	3171752  -  ResidentSetSize of job (KB)
...
006 (14460.002.000) 2025-01-17 04:49:50 Image size of job updated: 4357696
	3098  -  MemoryUsage of job (MB)
	3171752  -  ResidentSetSize of job (KB)
...
006 (14460.002.000) 2025-01-17 05:19:54 Image size of job updated: 4367936
	3098  -  MemoryUsage of job (MB)
	3171752  -  ResidentSetSize of job (KB)
...
006 (14460.002.000) 2025-01-17 05:34:55 Image size of job updated: 4433488
	3239  -  MemoryUsage of job (MB)
	3315768  -  ResidentSetSize of job (KB)
...
006 (14460.002.000) 2025-01-22 01:16:57 Image size of job updated: 4439120
	3239  -  MemoryUsage of job (MB)
	3315768  -  ResidentSetSize of job (KB)
...
006 (14460.002.000) 2025-01-22 05:27:23 Image size of job updated: 4459088
	3239  -  MemoryUsage of job (MB)
	3315768  -  ResidentSetSize of job (KB)
...
006 (14460.002.000) 2025-01-22 09:52:47 Image size of job updated: 4466000
	3239  -  MemoryUsage of job (MB)
	3315768  -  ResidentSetSize of job (KB)
...
006 (14460.002.000) 2025-01-22 10:22:49 Image size of job updated: 4466000
	3298  -  MemoryUsage of job (MB)
	3376888  -  ResidentSetSize of job (KB)
...
006 (14460.002.000) 2025-01-22 21:59:01 Image size of job updated: 4466000
	3299  -  MemoryUsage of job (MB)
	3377524  -  ResidentSetSize of job (KB)
...
006 (14460.002.000) 2025-01-22 22:24:02 Image size of job updated: 4466000
	3309  -  MemoryUsage of job (MB)
	3388220  -  ResidentSetSize of job (KB)
...
006 (14460.002.000) 2025-01-22 22:44:05 Image size of job updated: 4466000
	3311  -  MemoryUsage of job (MB)
	3389488  -  ResidentSetSize of job (KB)
...
006 (14460.002.000) 2025-01-22 23:14:09 Image size of job updated: 4481360
	3311  -  MemoryUsage of job (MB)
	3389488  -  ResidentSetSize of job (KB)
...
006 (14460.002.000) 2025-01-23 02:04:27 Image size of job updated: 4481360
	3340  -  MemoryUsage of job (MB)
	3419860  -  ResidentSetSize of job (KB)
...
006 (14460.002.000) 2025-01-23 07:20:01 Image size of job updated: 4481360
	3350  -  MemoryUsage of job (MB)
	3429644  -  ResidentSetSize of job (KB)
...
006 (14460.002.000) 2025-01-23 09:40:17 Image size of job updated: 4481360
	3370  -  MemoryUsage of job (MB)
	3449944  -  ResidentSetSize of job (KB)
...
006 (14460.002.000) 2025-01-23 09:55:18 Image size of job updated: 4488528
	3370  -  MemoryUsage of job (MB)
	3449944  -  ResidentSetSize of job (KB)
...
006 (14460.002.000) 2025-01-23 10:30:22 Image size of job updated: 4488528
	3395  -  MemoryUsage of job (MB)
	3476112  -  ResidentSetSize of job (KB)
...
006 (14460.002.000) 2025-01-23 12:05:32 Image size of job updated: 4488528
	3402  -  MemoryUsage of job (MB)
	3483400  -  ResidentSetSize of job (KB)
...
006 (14460.002.000) 2025-01-23 14:05:43 Image size of job updated: 4488528
	3405  -  MemoryUsage of job (MB)
	3485856  -  ResidentSetSize of job (KB)
...
006 (14460.002.000) 2025-01-23 18:51:11 Image size of job updated: 4488528
	3476  -  MemoryUsage of job (MB)
	3559356  -  ResidentSetSize of job (KB)
...
006 (14460.002.000) 2025-01-23 18:56:11 Image size of job updated: 4503892
	3476  -  MemoryUsage of job (MB)
	3559356  -  ResidentSetSize of job (KB)
...
006 (14460.002.000) 2025-01-23 22:31:33 Image size of job updated: 4523860
	3476  -  MemoryUsage of job (MB)
	3559356  -  ResidentSetSize of job (KB)
...
006 (14460.002.000) 2025-01-23 23:06:36 Image size of job updated: 4523860
	3522  -  MemoryUsage of job (MB)
	3606400  -  ResidentSetSize of job (KB)
...
006 (14460.002.000) 2025-01-24 02:11:54 Image size of job updated: 4528980
	3522  -  MemoryUsage of job (MB)
	3606400  -  ResidentSetSize of job (KB)
...
006 (14460.002.000) 2025-01-24 03:32:03 Image size of job updated: 4536148
	3522  -  MemoryUsage of job (MB)
	3606400  -  ResidentSetSize of job (KB)
...
006 (14460.002.000) 2025-01-24 04:17:07 Image size of job updated: 4601700
	3522  -  MemoryUsage of job (MB)
	3606400  -  ResidentSetSize of job (KB)
...
006 (14460.002.000) 2025-01-24 05:02:11 Image size of job updated: 4601700
	3591  -  MemoryUsage of job (MB)
	3676188  -  ResidentSetSize of job (KB)
...
006 (14460.002.000) 2025-01-24 05:07:12 Image size of job updated: 4601700
	3591  -  MemoryUsage of job (MB)
	3676320  -  ResidentSetSize of job (KB)
...
006 (14460.002.000) 2025-01-24 05:32:14 Image size of job updated: 4606820
	3591  -  MemoryUsage of job (MB)
	3676320  -  ResidentSetSize of job (KB)
...
006 (14460.002.000) 2025-01-24 07:47:27 Image size of job updated: 4611940
	3591  -  MemoryUsage of job (MB)
	3676320  -  ResidentSetSize of job (KB)
...
006 (14460.002.000) 2025-01-24 08:22:31 Image size of job updated: 4611940
	3627  -  MemoryUsage of job (MB)
	3713460  -  ResidentSetSize of job (KB)
...
006 (14460.002.000) 2025-01-24 10:07:43 Image size of job updated: 4677492
	3627  -  MemoryUsage of job (MB)
	3713460  -  ResidentSetSize of job (KB)
...
006 (14460.002.000) 2025-01-24 10:47:46 Image size of job updated: 4692852
	3627  -  MemoryUsage of job (MB)
	3713460  -  ResidentSetSize of job (KB)
...
006 (14460.002.000) 2025-01-24 11:07:49 Image size of job updated: 4692852
	3677  -  MemoryUsage of job (MB)
	3765244  -  ResidentSetSize of job (KB)
...
006 (14460.002.000) 2025-01-24 12:57:59 Image size of job updated: 4699508
	3677  -  MemoryUsage of job (MB)
	3765244  -  ResidentSetSize of job (KB)
...
006 (14460.002.000) 2025-01-24 14:03:06 Image size of job updated: 4704628
	3677  -  MemoryUsage of job (MB)
	3765244  -  ResidentSetSize of job (KB)
...
006 (14460.002.000) 2025-01-24 15:13:14 Image size of job updated: 4709748
	3677  -  MemoryUsage of job (MB)
	3765244  -  ResidentSetSize of job (KB)
...
006 (14460.002.000) 2025-01-24 17:08:27 Image size of job updated: 4716916
	3677  -  MemoryUsage of job (MB)
	3765244  -  ResidentSetSize of job (KB)
...
006 (14460.002.000) 2025-01-24 18:13:34 Image size of job updated: 4716916
	3679  -  MemoryUsage of job (MB)
	3766700  -  ResidentSetSize of job (KB)
...
006 (14460.002.000) 2025-01-24 18:48:38 Image size of job updated: 4716916
	3724  -  MemoryUsage of job (MB)
	3812888  -  ResidentSetSize of job (KB)
...
006 (14460.002.000) 2025-01-24 18:53:38 Image size of job updated: 4722036
	3724  -  MemoryUsage of job (MB)
	3813020  -  ResidentSetSize of job (KB)
...
006 (14460.002.000) 2025-01-24 20:28:49 Image size of job updated: 4727156
	3724  -  MemoryUsage of job (MB)
	3813020  -  ResidentSetSize of job (KB)
...
006 (14460.002.000) 2025-01-24 21:03:52 Image size of job updated: 4792708
	3724  -  MemoryUsage of job (MB)
	3813020  -  ResidentSetSize of job (KB)
...
006 (14460.002.000) 2025-01-24 21:28:55 Image size of job updated: 4873620
	3724  -  MemoryUsage of job (MB)
	3813020  -  ResidentSetSize of job (KB)
...
006 (14460.002.000) 2025-01-24 22:24:02 Image size of job updated: 4878740
	3724  -  MemoryUsage of job (MB)
	3813020  -  ResidentSetSize of job (KB)
...
006 (14460.002.000) 2025-01-24 22:54:04 Image size of job updated: 4878740
	3757  -  MemoryUsage of job (MB)
	3846776  -  ResidentSetSize of job (KB)
...
006 (14460.002.000) 2025-01-25 01:04:18 Image size of job updated: 4894100
	3802  -  MemoryUsage of job (MB)
	3892356  -  ResidentSetSize of job (KB)
...
006 (14460.002.000) 2025-01-25 02:54:30 Image size of job updated: 4914836
	3802  -  MemoryUsage of job (MB)
	3892356  -  ResidentSetSize of job (KB)
...
006 (14460.002.000) 2025-01-31 13:25:04 Image size of job updated: 4918944
	3802  -  MemoryUsage of job (MB)
	3892356  -  ResidentSetSize of job (KB)
...
006 (14460.002.000) 2025-01-31 13:30:05 Image size of job updated: 4928704
	3802  -  MemoryUsage of job (MB)
	3892356  -  ResidentSetSize of job (KB)
...
006 (14460.002.000) 2025-01-31 13:35:05 Image size of job updated: 4949280
	3802  -  MemoryUsage of job (MB)
	3892356  -  ResidentSetSize of job (KB)
...
006 (14460.002.000) 2025-01-31 14:40:12 Image size of job updated: 4949280
	3894  -  MemoryUsage of job (MB)
	3986748  -  ResidentSetSize of job (KB)
...
006 (14460.002.000) 2025-01-31 14:50:14 Image size of job updated: 5014832
	3894  -  MemoryUsage of job (MB)
	3986748  -  ResidentSetSize of job (KB)
...
006 (14460.002.000) 2025-01-31 16:15:22 Image size of job updated: 5025072
	3894  -  MemoryUsage of job (MB)
	3986748  -  ResidentSetSize of job (KB)
...
006 (14460.002.000) 2025-01-31 17:45:31 Image size of job updated: 5035312
	3894  -  MemoryUsage of job (MB)
	3986748  -  ResidentSetSize of job (KB)
...
006 (14460.002.000) 2025-01-31 18:15:33 Image size of job updated: 5100864
	3894  -  MemoryUsage of job (MB)
	3986748  -  ResidentSetSize of job (KB)
...
006 (14460.002.000) 2025-01-31 18:50:37 Image size of job updated: 5108032
	3894  -  MemoryUsage of job (MB)
	3986748  -  ResidentSetSize of job (KB)
...
006 (14460.002.000) 2025-01-31 19:20:40 Image size of job updated: 5114688
	3894  -  MemoryUsage of job (MB)
	3986748  -  ResidentSetSize of job (KB)
...
006 (14460.002.000) 2025-01-31 19:55:44 Image size of job updated: 5124928
	3894  -  MemoryUsage of job (MB)
	3986748  -  ResidentSetSize of job (KB)
...
006 (14460.002.000) 2025-01-31 20:10:46 Image size of job updated: 5126376
	3894  -  MemoryUsage of job (MB)
	3986748  -  ResidentSetSize of job (KB)
...
006 (14460.002.000) 2025-01-31 20:15:47 Image size of job updated: 5131036
	3894  -  MemoryUsage of job (MB)
	3986748  -  ResidentSetSize of job (KB)
...
006 (14460.002.000) 2025-01-31 20:25:47 Image size of job updated: 5139700
	3894  -  MemoryUsage of job (MB)
	3986748  -  ResidentSetSize of job (KB)
...
006 (14460.002.000) 2025-01-31 20:45:49 Image size of job updated: 5205252
	3894  -  MemoryUsage of job (MB)
	3986748  -  ResidentSetSize of job (KB)
...
006 (14460.002.000) 2025-01-31 21:00:51 Image size of job updated: 5206172
	3894  -  MemoryUsage of job (MB)
	3986748  -  ResidentSetSize of job (KB)
...
006 (14460.002.000) 2025-01-31 21:15:52 Image size of job updated: 5206172
	3965  -  MemoryUsage of job (MB)
	4059304  -  ResidentSetSize of job (KB)
...
006 (14460.002.000) 2025-01-31 21:25:54 Image size of job updated: 5215188
	3965  -  MemoryUsage of job (MB)
	4059304  -  ResidentSetSize of job (KB)
...
006 (14460.002.000) 2025-01-31 22:05:58 Image size of job updated: 5215188
	4014  -  MemoryUsage of job (MB)
	4109960  -  ResidentSetSize of job (KB)
...
006 (14460.002.000) 2025-01-31 22:10:59 Image size of job updated: 5280740
	4015  -  MemoryUsage of job (MB)
	4110356  -  ResidentSetSize of job (KB)
...
006 (14460.002.000) 2025-01-31 22:16:00 Image size of job updated: 5290980
	4015  -  MemoryUsage of job (MB)
	4110356  -  ResidentSetSize of job (KB)
...
006 (14460.002.000) 2025-01-31 22:51:04 Image size of job updated: 5301220
	4015  -  MemoryUsage of job (MB)
	4110356  -  ResidentSetSize of job (KB)
...
006 (14460.002.000) 2025-01-31 23:36:09 Image size of job updated: 5311460
	4015  -  MemoryUsage of job (MB)
	4110356  -  ResidentSetSize of job (KB)
...
006 (14460.002.000) 2025-01-31 23:46:10 Image size of job updated: 5311460
	4064  -  MemoryUsage of job (MB)
	4161376  -  ResidentSetSize of job (KB)
...
006 (14460.002.000) 2025-02-01 00:21:14 Image size of job updated: 5311460
	4162  -  MemoryUsage of job (MB)
	4261188  -  ResidentSetSize of job (KB)
...
006 (14460.002.000) 2025-02-01 00:26:15 Image size of job updated: 5318116
	4162  -  MemoryUsage of job (MB)
	4261188  -  ResidentSetSize of job (KB)
...
006 (14460.002.000) 2025-02-01 01:06:18 Image size of job updated: 5325028
	4162  -  MemoryUsage of job (MB)
	4261188  -  ResidentSetSize of job (KB)
...
006 (14460.002.000) 2025-02-01 01:56:24 Image size of job updated: 5332196
	4162  -  MemoryUsage of job (MB)
	4261188  -  ResidentSetSize of job (KB)
...
006 (14460.002.000) 2025-02-08 16:10:21 Image size of job updated: 5342500
	4162  -  MemoryUsage of job (MB)
	4261188  -  ResidentSetSize of job (KB)
...
006 (14460.002.000) 2025-02-08 18:05:32 Image size of job updated: 5349156
	4162  -  MemoryUsage of job (MB)
	4261188  -  ResidentSetSize of job (KB)
...
006 (14460.002.000) 2025-02-08 19:55:42 Image size of job updated: 5356328
	4162  -  MemoryUsage of job (MB)
	4261188  -  ResidentSetSize of job (KB)
...
006 (14460.002.000) 2025-02-08 21:15:49 Image size of job updated: 5361448
	4162  -  MemoryUsage of job (MB)
	4261188  -  ResidentSetSize of job (KB)
...
006 (14460.002.000) 2025-02-09 00:01:06 Image size of job updated: 5376808
	4162  -  MemoryUsage of job (MB)
	4261188  -  ResidentSetSize of job (KB)
...
006 (14460.002.000) 2025-02-09 02:41:22 Image size of job updated: 5383976
	4162  -  MemoryUsage of job (MB)
	4261188  -  ResidentSetSize of job (KB)
...
006 (14460.002.000) 2025-02-09 05:06:38 Image size of job updated: 5399336
	4162  -  MemoryUsage of job (MB)
	4261188  -  ResidentSetSize of job (KB)
...
006 (14460.002.000) 2025-02-09 07:16:52 Image size of job updated: 5414696
	4162  -  MemoryUsage of job (MB)
	4261188  -  ResidentSetSize of job (KB)
...
006 (14460.002.000) 2025-02-09 08:37:00 Image size of job updated: 5430056
	4162  -  MemoryUsage of job (MB)
	4261188  -  ResidentSetSize of job (KB)
...
006 (14460.002.000) 2025-02-09 10:07:11 Image size of job updated: 5465896
	4162  -  MemoryUsage of job (MB)
	4261188  -  ResidentSetSize of job (KB)
...
006 (14460.002.000) 2025-02-09 11:12:17 Image size of job updated: 5465896
	4187  -  MemoryUsage of job (MB)
	4286584  -  ResidentSetSize of job (KB)
...
006 (14460.002.000) 2025-02-09 11:57:22 Image size of job updated: 5465896
	4193  -  MemoryUsage of job (MB)
	4293060  -  ResidentSetSize of job (KB)
...
006 (14460.002.000) 2025-02-09 12:02:23 Image size of job updated: 5465896
	4193  -  MemoryUsage of job (MB)
	4293192  -  ResidentSetSize of job (KB)
...
006 (14460.002.000) 2025-02-09 12:47:27 Image size of job updated: 5465896
	4210  -  MemoryUsage of job (MB)
	4310560  -  ResidentSetSize of job (KB)
...
006 (14460.002.000) 2025-02-09 12:57:28 Image size of job updated: 5465896
	4267  -  MemoryUsage of job (MB)
	4368492  -  ResidentSetSize of job (KB)
...
006 (14460.002.000) 2025-02-09 16:32:52 Image size of job updated: 5479720
	4267  -  MemoryUsage of job (MB)
	4368492  -  ResidentSetSize of job (KB)
...
006 (14460.002.000) 2025-02-09 17:37:57 Image size of job updated: 5489960
	4267  -  MemoryUsage of job (MB)
	4368492  -  ResidentSetSize of job (KB)
...
006 (14460.002.000) 2025-02-09 18:28:02 Image size of job updated: 5489960
	4278  -  MemoryUsage of job (MB)
	4379836  -  ResidentSetSize of job (KB)
...
006 (14460.002.000) 2025-02-09 18:33:04 Image size of job updated: 5489960
	4278  -  MemoryUsage of job (MB)
	4379968  -  ResidentSetSize of job (KB)
...
006 (14460.002.000) 2025-02-09 18:38:04 Image size of job updated: 5500200
	4278  -  MemoryUsage of job (MB)
	4379968  -  ResidentSetSize of job (KB)
...
006 (14460.002.000) 2025-02-09 19:23:08 Image size of job updated: 5510440
	4278  -  MemoryUsage of job (MB)
	4379968  -  ResidentSetSize of job (KB)
...
006 (14460.002.000) 2025-02-09 19:33:09 Image size of job updated: 5510440
	4412  -  MemoryUsage of job (MB)
	4517744  -  ResidentSetSize of job (KB)
...
006 (14460.002.000) 2025-02-09 19:38:09 Image size of job updated: 5510440
	4412  -  MemoryUsage of job (MB)
	4517876  -  ResidentSetSize of job (KB)
...
006 (14460.002.000) 2025-02-09 20:28:14 Image size of job updated: 5575992
	4412  -  MemoryUsage of job (MB)
	4517876  -  ResidentSetSize of job (KB)
...
006 (14460.002.000) 2025-02-09 20:38:15 Image size of job updated: 5581112
	4412  -  MemoryUsage of job (MB)
	4517876  -  ResidentSetSize of job (KB)
...
006 (14460.002.000) 2025-02-09 21:23:19 Image size of job updated: 5581112
	4427  -  MemoryUsage of job (MB)
	4532964  -  ResidentSetSize of job (KB)
...
006 (14460.002.000) 2025-02-09 21:48:21 Image size of job updated: 5588280
	4427  -  MemoryUsage of job (MB)
	4532964  -  ResidentSetSize of job (KB)
...
006 (14460.002.000) 2025-02-10 00:18:37 Image size of job updated: 5595192
	4427  -  MemoryUsage of job (MB)
	4532964  -  ResidentSetSize of job (KB)
...
006 (14460.002.000) 2025-02-10 01:08:42 Image size of job updated: 5595192
	4500  -  MemoryUsage of job (MB)
	4607520  -  ResidentSetSize of job (KB)
...
006 (14460.002.000) 2025-02-10 01:13:43 Image size of job updated: 5595192
	4500  -  MemoryUsage of job (MB)
	4607784  -  ResidentSetSize of job (KB)
...
006 (14460.002.000) 2025-02-10 01:48:46 Image size of job updated: 5602104
	4500  -  MemoryUsage of job (MB)
	4607784  -  ResidentSetSize of job (KB)
...
006 (14460.002.000) 2025-02-10 01:53:47 Image size of job updated: 5667656
	4500  -  MemoryUsage of job (MB)
	4607784  -  ResidentSetSize of job (KB)
...
006 (14460.002.000) 2025-02-10 02:23:50 Image size of job updated: 5667656
	4513  -  MemoryUsage of job (MB)
	4620936  -  ResidentSetSize of job (KB)
...
006 (14460.002.000) 2025-02-10 03:18:56 Image size of job updated: 5672780
	4513  -  MemoryUsage of job (MB)
	4620936  -  ResidentSetSize of job (KB)
...
006 (14460.002.000) 2025-02-10 04:09:01 Image size of job updated: 5677900
	4513  -  MemoryUsage of job (MB)
	4620936  -  ResidentSetSize of job (KB)
...
006 (14460.002.000) 2025-02-10 04:34:03 Image size of job updated: 5685068
	4513  -  MemoryUsage of job (MB)
	4620936  -  ResidentSetSize of job (KB)
...
006 (14460.002.000) 2025-02-10 06:04:13 Image size of job updated: 5690188
	4513  -  MemoryUsage of job (MB)
	4620936  -  ResidentSetSize of job (KB)
...
006 (14460.002.000) 2025-02-10 07:09:19 Image size of job updated: 5695308
	4513  -  MemoryUsage of job (MB)
	4620936  -  ResidentSetSize of job (KB)
...
006 (14460.002.000) 2025-02-10 08:09:26 Image size of job updated: 5700428
	4602  -  MemoryUsage of job (MB)
	4711584  -  ResidentSetSize of job (KB)
...
006 (14460.002.000) 2025-02-10 08:14:27 Image size of job updated: 5765980
	4602  -  MemoryUsage of job (MB)
	4711584  -  ResidentSetSize of job (KB)
...
006 (14460.002.000) 2025-02-10 09:09:32 Image size of job updated: 5771100
	4602  -  MemoryUsage of job (MB)
	4711584  -  ResidentSetSize of job (KB)
...
006 (14460.002.000) 2025-02-10 10:04:38 Image size of job updated: 5786460
	4602  -  MemoryUsage of job (MB)
	4711584  -  ResidentSetSize of job (KB)
...
006 (14460.002.000) 2025-02-10 10:49:44 Image size of job updated: 5801820
	4602  -  MemoryUsage of job (MB)
	4711584  -  ResidentSetSize of job (KB)
...
006 (14460.002.000) 2025-02-10 11:29:47 Image size of job updated: 5822556
	4602  -  MemoryUsage of job (MB)
	4711584  -  ResidentSetSize of job (KB)
...
006 (14460.002.000) 2025-02-10 12:44:55 Image size of job updated: 5827676
	4602  -  MemoryUsage of job (MB)
	4711584  -  ResidentSetSize of job (KB)
...
006 (14460.002.000) 2025-02-10 12:54:57 Image size of job updated: 5827676
	4654  -  MemoryUsage of job (MB)
	4765560  -  ResidentSetSize of job (KB)
...
006 (14460.002.000) 2025-02-10 12:59:57 Image size of job updated: 5827676
	4655  -  MemoryUsage of job (MB)
	4766220  -  ResidentSetSize of job (KB)
...
006 (14460.002.000) 2025-02-10 13:25:00 Image size of job updated: 5835132
	4659  -  MemoryUsage of job (MB)
	4769944  -  ResidentSetSize of job (KB)
...
006 (14460.002.000) 2025-02-10 13:45:02 Image size of job updated: 5850040
	4659  -  MemoryUsage of job (MB)
	4769944  -  ResidentSetSize of job (KB)
...
006 (14460.002.000) 2025-02-10 13:50:03 Image size of job updated: 5854148
	4659  -  MemoryUsage of job (MB)
	4769944  -  ResidentSetSize of job (KB)
...
006 (14460.002.000) 2025-02-10 14:00:04 Image size of job updated: 5862912
	4659  -  MemoryUsage of job (MB)
	4769944  -  ResidentSetSize of job (KB)
...
006 (14460.002.000) 2025-02-10 14:10:05 Image size of job updated: 5862912
	4722  -  MemoryUsage of job (MB)
	4834456  -  ResidentSetSize of job (KB)
...
006 (14460.002.000) 2025-02-10 14:20:07 Image size of job updated: 5865720
	4722  -  MemoryUsage of job (MB)
	4834456  -  ResidentSetSize of job (KB)
...
006 (14460.002.000) 2025-02-10 15:20:13 Image size of job updated: 5931272
	4722  -  MemoryUsage of job (MB)
	4834456  -  ResidentSetSize of job (KB)
...
006 (14460.002.000) 2025-02-10 17:40:28 Image size of job updated: 5935472
	4722  -  MemoryUsage of job (MB)
	4834456  -  ResidentSetSize of job (KB)
...
006 (14460.002.000) 2025-02-10 18:25:33 Image size of job updated: 5935472
	4761  -  MemoryUsage of job (MB)
	4875036  -  ResidentSetSize of job (KB)
...
006 (14460.002.000) 2025-02-10 18:45:36 Image size of job updated: 5935472
	4777  -  MemoryUsage of job (MB)
	4891008  -  ResidentSetSize of job (KB)
...
006 (14460.002.000) 2025-02-10 21:10:50 Image size of job updated: 5935472
	4808  -  MemoryUsage of job (MB)
	4922908  -  ResidentSetSize of job (KB)
...
006 (14460.002.000) 2025-02-10 21:15:50 Image size of job updated: 5935472
	4808  -  MemoryUsage of job (MB)
	4923040  -  ResidentSetSize of job (KB)
...
006 (14460.002.000) 2025-02-10 22:35:59 Image size of job updated: 6001024
	4808  -  MemoryUsage of job (MB)
	4923040  -  ResidentSetSize of job (KB)
...
006 (14460.002.000) 2025-02-10 23:01:01 Image size of job updated: 6001024
	4856  -  MemoryUsage of job (MB)
	4972188  -  ResidentSetSize of job (KB)
...
006 (14460.002.000) 2025-02-10 23:06:01 Image size of job updated: 6001024
	4857  -  MemoryUsage of job (MB)
	4972716  -  ResidentSetSize of job (KB)
...
006 (14460.002.000) 2025-02-11 01:01:12 Image size of job updated: 6001184
	4857  -  MemoryUsage of job (MB)
	4972716  -  ResidentSetSize of job (KB)
...
006 (14460.002.000) 2025-02-11 04:41:33 Image size of job updated: 6001184
	4859  -  MemoryUsage of job (MB)
	4974764  -  ResidentSetSize of job (KB)
...
006 (14460.002.000) 2025-02-11 06:06:43 Image size of job updated: 6001184
	4889  -  MemoryUsage of job (MB)
	5005816  -  ResidentSetSize of job (KB)
...
006 (14460.002.000) 2025-02-11 07:11:49 Image size of job updated: 6006304
	4889  -  MemoryUsage of job (MB)
	5005816  -  ResidentSetSize of job (KB)
...
006 (14460.002.000) 2025-02-11 12:17:18 Image size of job updated: 6013472
	4889  -  MemoryUsage of job (MB)
	5005816  -  ResidentSetSize of job (KB)
...
006 (14460.002.000) 2025-02-11 14:37:34 Image size of job updated: 6028832
	4889  -  MemoryUsage of job (MB)
	5005816  -  ResidentSetSize of job (KB)
...
006 (14460.002.000) 2025-02-20 07:59:04 Image size of job updated: 6028832
	4892  -  MemoryUsage of job (MB)
	5008480  -  ResidentSetSize of job (KB)
...
006 (14460.002.000) 2025-02-20 08:59:10 Image size of job updated: 6036828
	4892  -  MemoryUsage of job (MB)
	5008480  -  ResidentSetSize of job (KB)
...
006 (14460.002.000) 2025-02-20 10:09:18 Image size of job updated: 6047068
	4892  -  MemoryUsage of job (MB)
	5008480  -  ResidentSetSize of job (KB)
...
006 (14460.002.000) 2025-02-20 10:54:22 Image size of job updated: 6057308
	4892  -  MemoryUsage of job (MB)
	5008480  -  ResidentSetSize of job (KB)
...
006 (14460.002.000) 2025-02-20 11:39:27 Image size of job updated: 6067548
	4892  -  MemoryUsage of job (MB)
	5008480  -  ResidentSetSize of job (KB)
...
006 (14460.002.000) 2025-02-20 11:59:30 Image size of job updated: 6133100
	4892  -  MemoryUsage of job (MB)
	5008480  -  ResidentSetSize of job (KB)
...
006 (14460.002.000) 2025-02-20 12:09:30 Image size of job updated: 6143340
	4892  -  MemoryUsage of job (MB)
	5008480  -  ResidentSetSize of job (KB)
...
006 (14460.002.000) 2025-02-20 12:39:34 Image size of job updated: 6153580
	4892  -  MemoryUsage of job (MB)
	5008480  -  ResidentSetSize of job (KB)
...
006 (14460.002.000) 2025-02-20 13:19:37 Image size of job updated: 6153580
	5025  -  MemoryUsage of job (MB)
	5145548  -  ResidentSetSize of job (KB)
...
006 (14460.002.000) 2025-02-20 13:24:38 Image size of job updated: 6153580
	5026  -  MemoryUsage of job (MB)
	5145812  -  ResidentSetSize of job (KB)
...
006 (14460.002.000) 2025-02-20 14:24:45 Image size of job updated: 6158700
	5026  -  MemoryUsage of job (MB)
	5145812  -  ResidentSetSize of job (KB)
...
006 (14460.002.000) 2025-02-20 15:04:49 Image size of job updated: 6229372
	5026  -  MemoryUsage of job (MB)
	5145812  -  ResidentSetSize of job (KB)
...
006 (14460.002.000) 2025-02-20 15:59:55 Image size of job updated: 6234492
	5026  -  MemoryUsage of job (MB)
	5145812  -  ResidentSetSize of job (KB)
...
006 (14460.002.000) 2025-02-20 16:45:00 Image size of job updated: 6249852
	5026  -  MemoryUsage of job (MB)
	5145812  -  ResidentSetSize of job (KB)
...
006 (14460.002.000) 2025-02-20 17:25:05 Image size of job updated: 6256764
	5026  -  MemoryUsage of job (MB)
	5145812  -  ResidentSetSize of job (KB)
...
006 (14460.002.000) 2025-02-20 18:20:11 Image size of job updated: 6263676
	5026  -  MemoryUsage of job (MB)
	5145812  -  ResidentSetSize of job (KB)
...
006 (14460.002.000) 2025-02-20 19:20:17 Image size of job updated: 6268796
	5026  -  MemoryUsage of job (MB)
	5145812  -  ResidentSetSize of job (KB)
...
006 (14460.002.000) 2025-02-20 20:20:22 Image size of job updated: 6275964
	5026  -  MemoryUsage of job (MB)
	5145812  -  ResidentSetSize of job (KB)
...
006 (14460.002.000) 2025-02-20 20:40:25 Image size of job updated: 6275964
	5150  -  MemoryUsage of job (MB)
	5273288  -  ResidentSetSize of job (KB)
...
006 (14460.002.000) 2025-02-20 21:40:31 Image size of job updated: 6291328
	5150  -  MemoryUsage of job (MB)
	5273288  -  ResidentSetSize of job (KB)
...
006 (14460.002.000) 2025-02-20 22:10:35 Image size of job updated: 6356880
	5150  -  MemoryUsage of job (MB)
	5273288  -  ResidentSetSize of job (KB)
...
006 (14460.002.000) 2025-02-20 22:20:36 Image size of job updated: 6422432
	5150  -  MemoryUsage of job (MB)
	5273288  -  ResidentSetSize of job (KB)
...
006 (14460.002.000) 2025-02-21 00:00:47 Image size of job updated: 6437792
	5150  -  MemoryUsage of job (MB)
	5273288  -  ResidentSetSize of job (KB)
...
006 (14460.002.000) 2025-02-21 00:25:48 Image size of job updated: 6437792
	5190  -  MemoryUsage of job (MB)
	5314188  -  ResidentSetSize of job (KB)
...
006 (14460.002.000) 2025-02-21 02:05:59 Image size of job updated: 6437792
	5232  -  MemoryUsage of job (MB)
	5357516  -  ResidentSetSize of job (KB)
...
006 (14460.002.000) 2025-02-21 02:10:59 Image size of job updated: 6437792
	5233  -  MemoryUsage of job (MB)
	5357648  -  ResidentSetSize of job (KB)
...
006 (14460.002.000) 2025-02-21 03:36:08 Image size of job updated: 6456992
	5233  -  MemoryUsage of job (MB)
	5357648  -  ResidentSetSize of job (KB)
...
006 (14460.002.000) 2025-02-21 05:11:18 Image size of job updated: 6464160
	5339  -  MemoryUsage of job (MB)
	5467068  -  ResidentSetSize of job (KB)
...
006 (14460.002.000) 2025-02-21 05:36:20 Image size of job updated: 6529712
	5339  -  MemoryUsage of job (MB)
	5467068  -  ResidentSetSize of job (KB)
...
006 (14460.002.000) 2025-02-21 06:41:27 Image size of job updated: 6539952
	5339  -  MemoryUsage of job (MB)
	5467068  -  ResidentSetSize of job (KB)
...
006 (14460.002.000) 2025-02-21 07:21:31 Image size of job updated: 6550192
	5339  -  MemoryUsage of job (MB)
	5467068  -  ResidentSetSize of job (KB)
...
006 (14460.002.000) 2025-02-21 07:41:32 Image size of job updated: 6615744
	5339  -  MemoryUsage of job (MB)
	5467068  -  ResidentSetSize of job (KB)
...
006 (14460.002.000) 2025-02-21 08:16:36 Image size of job updated: 6615744
	5413  -  MemoryUsage of job (MB)
	5542068  -  ResidentSetSize of job (KB)
...
006 (14460.002.000) 2025-02-21 08:21:37 Image size of job updated: 6615744
	5413  -  MemoryUsage of job (MB)
	5542200  -  ResidentSetSize of job (KB)
...
006 (14460.002.000) 2025-02-21 08:26:37 Image size of job updated: 6625984
	5413  -  MemoryUsage of job (MB)
	5542200  -  ResidentSetSize of job (KB)
...
006 (14460.002.000) 2025-02-21 09:56:46 Image size of job updated: 6625984
	5417  -  MemoryUsage of job (MB)
	5546024  -  ResidentSetSize of job (KB)
...
006 (14460.002.000) 2025-02-21 10:06:47 Image size of job updated: 6636224
	5417  -  MemoryUsage of job (MB)
	5546024  -  ResidentSetSize of job (KB)
...
006 (14460.002.000) 2025-02-21 10:56:53 Image size of job updated: 6646464
	5417  -  MemoryUsage of job (MB)
	5546024  -  ResidentSetSize of job (KB)
...
006 (14460.002.000) 2025-02-21 11:41:58 Image size of job updated: 6646464
	5464  -  MemoryUsage of job (MB)
	5594308  -  ResidentSetSize of job (KB)
...
006 (14460.002.000) 2025-02-21 11:46:58 Image size of job updated: 6646464
	5464  -  MemoryUsage of job (MB)
	5594836  -  ResidentSetSize of job (KB)
...
006 (14460.002.000) 2025-02-21 11:56:59 Image size of job updated: 6651584
	5480  -  MemoryUsage of job (MB)
	5611052  -  ResidentSetSize of job (KB)
...
006 (14460.002.000) 2025-02-21 12:01:59 Image size of job updated: 6717136
	5480  -  MemoryUsage of job (MB)
	5611052  -  ResidentSetSize of job (KB)
...
006 (14460.002.000) 2025-02-21 12:37:03 Image size of job updated: 6724048
	5480  -  MemoryUsage of job (MB)
	5611052  -  ResidentSetSize of job (KB)
...
006 (14460.002.000) 2025-02-21 13:07:06 Image size of job updated: 6724048
	5544  -  MemoryUsage of job (MB)
	5676868  -  ResidentSetSize of job (KB)
...
006 (14460.002.000) 2025-02-21 13:12:06 Image size of job updated: 6729168
	5544  -  MemoryUsage of job (MB)
	5676868  -  ResidentSetSize of job (KB)
...
006 (14460.002.000) 2025-02-21 14:47:17 Image size of job updated: 6736336
	5544  -  MemoryUsage of job (MB)
	5676868  -  ResidentSetSize of job (KB)
...
006 (14460.002.000) 2025-02-21 15:52:25 Image size of job updated: 6741456
	5544  -  MemoryUsage of job (MB)
	5676868  -  ResidentSetSize of job (KB)
...
006 (14460.002.000) 2025-02-21 17:02:32 Image size of job updated: 6748112
	5544  -  MemoryUsage of job (MB)
	5676868  -  ResidentSetSize of job (KB)
...
006 (14460.002.000) 2025-02-21 18:12:40 Image size of job updated: 6753232
	5544  -  MemoryUsage of job (MB)
	5676868  -  ResidentSetSize of job (KB)
...
006 (14460.002.000) 2025-02-21 19:47:50 Image size of job updated: 6758352
	5544  -  MemoryUsage of job (MB)
	5676868  -  ResidentSetSize of job (KB)
...
006 (14460.002.000) 2025-02-21 21:12:59 Image size of job updated: 6763472
	5544  -  MemoryUsage of job (MB)
	5676868  -  ResidentSetSize of job (KB)
...
006 (14460.002.000) 2025-02-21 22:48:08 Image size of job updated: 6778836
	5544  -  MemoryUsage of job (MB)
	5676868  -  ResidentSetSize of job (KB)
...
006 (14460.002.000) 2025-02-22 03:48:41 Image size of job updated: 6783956
	5544  -  MemoryUsage of job (MB)
	5676868  -  ResidentSetSize of job (KB)
...
006 (14460.002.000) 2025-02-22 05:23:48 Image size of job updated: 6784220
	5544  -  MemoryUsage of job (MB)
	5676868  -  ResidentSetSize of job (KB)
...
006 (14460.002.000) 2025-02-22 05:33:49 Image size of job updated: 6804880
	5544  -  MemoryUsage of job (MB)
	5676868  -  ResidentSetSize of job (KB)
...
006 (14460.002.000) 2025-02-22 05:43:50 Image size of job updated: 6818312
	5544  -  MemoryUsage of job (MB)
	5676868  -  ResidentSetSize of job (KB)
...
006 (14460.002.000) 2025-02-22 06:23:54 Image size of job updated: 6881612
	5544  -  MemoryUsage of job (MB)
	5676868  -  ResidentSetSize of job (KB)
...
006 (14460.002.000) 2025-02-22 07:54:05 Image size of job updated: 6881612
	5548  -  MemoryUsage of job (MB)
	5680992  -  ResidentSetSize of job (KB)
...
006 (14460.002.000) 2025-02-22 07:59:05 Image size of job updated: 6881612
	5548  -  MemoryUsage of job (MB)
	5681124  -  ResidentSetSize of job (KB)
...
006 (14460.002.000) 2025-02-22 08:54:11 Image size of job updated: 6881612
	5555  -  MemoryUsage of job (MB)
	5688072  -  ResidentSetSize of job (KB)
...
006 (14460.002.000) 2025-03-10 15:29:22 Image size of job updated: 6883888
	5555  -  MemoryUsage of job (MB)
	5688072  -  ResidentSetSize of job (KB)
...
006 (14460.002.000) 2025-03-10 17:19:34 Image size of job updated: 6899248
	5555  -  MemoryUsage of job (MB)
	5688072  -  ResidentSetSize of job (KB)
...
006 (14460.002.000) 2025-03-10 18:04:38 Image size of job updated: 6899248
	5562  -  MemoryUsage of job (MB)
	5695032  -  ResidentSetSize of job (KB)
...
006 (14460.002.000) 2025-03-10 18:09:39 Image size of job updated: 6899248
	5562  -  MemoryUsage of job (MB)
	5695428  -  ResidentSetSize of job (KB)
...
006 (14460.002.000) 2025-03-10 18:54:44 Image size of job updated: 6904368
	5562  -  MemoryUsage of job (MB)
	5695428  -  ResidentSetSize of job (KB)
...
006 (14460.002.000) 2025-03-10 21:14:57 Image size of job updated: 6904368
	5565  -  MemoryUsage of job (MB)
	5698492  -  ResidentSetSize of job (KB)
...
006 (14460.002.000) 2025-03-10 21:19:58 Image size of job updated: 6904368
	5566  -  MemoryUsage of job (MB)
	5698624  -  ResidentSetSize of job (KB)
...
006 (14460.002.000) 2025-03-10 21:55:02 Image size of job updated: 6919732
	5566  -  MemoryUsage of job (MB)
	5698624  -  ResidentSetSize of job (KB)
...
006 (14460.002.000) 2025-03-10 22:40:07 Image size of job updated: 6925932
	5566  -  MemoryUsage of job (MB)
	5698624  -  ResidentSetSize of job (KB)
...
006 (14460.002.000) 2025-03-10 22:50:08 Image size of job updated: 6932684
	5566  -  MemoryUsage of job (MB)
	5698624  -  ResidentSetSize of job (KB)
...
006 (14460.002.000) 2025-03-10 22:55:08 Image size of job updated: 6940464
	5566  -  MemoryUsage of job (MB)
	5698624  -  ResidentSetSize of job (KB)
...
006 (14460.002.000) 2025-03-10 23:20:12 Image size of job updated: 6940464
	5636  -  MemoryUsage of job (MB)
	5771260  -  ResidentSetSize of job (KB)
...
006 (14460.002.000) 2025-03-11 00:40:20 Image size of job updated: 6950512
	5636  -  MemoryUsage of job (MB)
	5771260  -  ResidentSetSize of job (KB)
...
006 (14460.002.000) 2025-03-11 00:50:22 Image size of job updated: 6962032
	5636  -  MemoryUsage of job (MB)
	5771260  -  ResidentSetSize of job (KB)
...
006 (14460.002.000) 2025-03-11 01:05:24 Image size of job updated: 6965432
	5636  -  MemoryUsage of job (MB)
	5771260  -  ResidentSetSize of job (KB)
...
006 (14460.002.000) 2025-03-11 02:55:34 Image size of job updated: 6978328
	5636  -  MemoryUsage of job (MB)
	5771260  -  ResidentSetSize of job (KB)
...
006 (14460.002.000) 2025-03-11 03:00:35 Image size of job updated: 6978328
	5667  -  MemoryUsage of job (MB)
	5802088  -  ResidentSetSize of job (KB)
...
006 (14460.002.000) 2025-03-11 03:10:36 Image size of job updated: 6978328
	5719  -  MemoryUsage of job (MB)
	5855916  -  ResidentSetSize of job (KB)
...
006 (14460.002.000) 2025-03-11 03:15:37 Image size of job updated: 6978328
	5719  -  MemoryUsage of job (MB)
	5856048  -  ResidentSetSize of job (KB)
...
006 (14460.002.000) 2025-03-11 03:35:39 Image size of job updated: 6985204
	5719  -  MemoryUsage of job (MB)
	5856048  -  ResidentSetSize of job (KB)
...
006 (14460.002.000) 2025-03-11 05:00:47 Image size of job updated: 6987368
	5719  -  MemoryUsage of job (MB)
	5856048  -  ResidentSetSize of job (KB)
...
006 (14460.002.000) 2025-03-11 08:56:09 Image size of job updated: 6987368
	5735  -  MemoryUsage of job (MB)
	5872280  -  ResidentSetSize of job (KB)
...
006 (14460.002.000) 2025-03-11 10:46:19 Image size of job updated: 6987368
	5765  -  MemoryUsage of job (MB)
	5902656  -  ResidentSetSize of job (KB)
...
006 (14460.002.000) 2025-03-11 11:06:20 Image size of job updated: 6987368
	5776  -  MemoryUsage of job (MB)
	5914524  -  ResidentSetSize of job (KB)
...
006 (14460.002.000) 2025-03-11 11:21:22 Image size of job updated: 6994024
	5776  -  MemoryUsage of job (MB)
	5914524  -  ResidentSetSize of job (KB)
...
006 (14460.002.000) 2025-03-11 13:26:35 Image size of job updated: 7000936
	5776  -  MemoryUsage of job (MB)
	5914524  -  ResidentSetSize of job (KB)
...
006 (14460.002.000) 2025-03-11 16:01:51 Image size of job updated: 7000936
	5787  -  MemoryUsage of job (MB)
	5925760  -  ResidentSetSize of job (KB)
...
006 (14460.002.000) 2025-03-11 17:16:58 Image size of job updated: 7000936
	5858  -  MemoryUsage of job (MB)
	5998452  -  ResidentSetSize of job (KB)
...
006 (14460.002.000) 2025-03-11 17:21:59 Image size of job updated: 7000936
	5858  -  MemoryUsage of job (MB)
	5998584  -  ResidentSetSize of job (KB)
...
006 (14460.002.000) 2025-03-11 23:32:39 Image size of job updated: 7007848
	5858  -  MemoryUsage of job (MB)
	5998584  -  ResidentSetSize of job (KB)
...
006 (14460.002.000) 2025-03-12 02:37:58 Image size of job updated: 7012968
	5858  -  MemoryUsage of job (MB)
	5998584  -  ResidentSetSize of job (KB)
...
006 (14460.002.000) 2025-03-12 04:48:11 Image size of job updated: 7018088
	5858  -  MemoryUsage of job (MB)
	5998584  -  ResidentSetSize of job (KB)
...
006 (14460.002.000) 2025-03-12 06:08:20 Image size of job updated: 7025000
	5858  -  MemoryUsage of job (MB)
	5998584  -  ResidentSetSize of job (KB)
...
006 (14460.002.000) 2025-03-12 06:58:25 Image size of job updated: 7090552
	5858  -  MemoryUsage of job (MB)
	5998584  -  ResidentSetSize of job (KB)
...
006 (14460.002.000) 2025-03-12 07:08:26 Image size of job updated: 7090552
	5908  -  MemoryUsage of job (MB)
	6049076  -  ResidentSetSize of job (KB)
...
006 (14460.002.000) 2025-03-12 08:43:35 Image size of job updated: 7105912
	5908  -  MemoryUsage of job (MB)
	6049076  -  ResidentSetSize of job (KB)
...
006 (14460.002.000) 2025-03-12 11:28:50 Image size of job updated: 7107600
	5908  -  MemoryUsage of job (MB)
	6049076  -  ResidentSetSize of job (KB)
...
006 (14460.002.000) 2025-03-12 11:38:51 Image size of job updated: 7123060
	5908  -  MemoryUsage of job (MB)
	6049076  -  ResidentSetSize of job (KB)
...
006 (14460.002.000) 2025-03-12 13:39:03 Image size of job updated: 7133300
	5908  -  MemoryUsage of job (MB)
	6049076  -  ResidentSetSize of job (KB)
...
006 (14460.002.000) 2025-03-12 15:49:16 Image size of job updated: 7140472
	5908  -  MemoryUsage of job (MB)
	6049076  -  ResidentSetSize of job (KB)
...
006 (14460.002.000) 2025-03-12 17:39:28 Image size of job updated: 7150712
	5908  -  MemoryUsage of job (MB)
	6049076  -  ResidentSetSize of job (KB)
...
006 (14460.002.000) 2025-03-12 20:34:44 Image size of job updated: 7157880
	5908  -  MemoryUsage of job (MB)
	6049076  -  ResidentSetSize of job (KB)
...
006 (14460.002.000) 2025-03-12 21:54:54 Image size of job updated: 7157880
	5940  -  MemoryUsage of job (MB)
	6081760  -  ResidentSetSize of job (KB)
...
006 (14460.002.000) 2025-03-12 23:45:06 Image size of job updated: 7157880
	6033  -  MemoryUsage of job (MB)
	6176808  -  ResidentSetSize of job (KB)
...
006 (14460.002.000) 2025-03-12 23:50:06 Image size of job updated: 7223432
	6033  -  MemoryUsage of job (MB)
	6176808  -  ResidentSetSize of job (KB)
...
006 (14460.002.000) 2025-03-13 00:10:09 Image size of job updated: 7230600
	6033  -  MemoryUsage of job (MB)
	6176808  -  ResidentSetSize of job (KB)
...
006 (14460.002.000) 2025-03-13 04:30:38 Image size of job updated: 7243912
	6033  -  MemoryUsage of job (MB)
	6176808  -  ResidentSetSize of job (KB)
...
006 (14460.002.000) 2025-03-13 06:30:49 Image size of job updated: 7243912
	6100  -  MemoryUsage of job (MB)
	6245796  -  ResidentSetSize of job (KB)
...
006 (14460.002.000) 2025-03-13 07:30:55 Image size of job updated: 7256712
	6100  -  MemoryUsage of job (MB)
	6245796  -  ResidentSetSize of job (KB)
...
006 (14460.002.000) 2025-03-13 09:01:05 Image size of job updated: 7322264
	6100  -  MemoryUsage of job (MB)
	6245796  -  ResidentSetSize of job (KB)
...
006 (14460.002.000) 2025-03-13 09:31:08 Image size of job updated: 7335064
	6100  -  MemoryUsage of job (MB)
	6245796  -  ResidentSetSize of job (KB)
...
006 (14460.002.000) 2025-03-13 11:36:22 Image size of job updated: 7347864
	6100  -  MemoryUsage of job (MB)
	6245796  -  ResidentSetSize of job (KB)
...
006 (14460.002.000) 2025-03-13 12:01:24 Image size of job updated: 7359776
	6100  -  MemoryUsage of job (MB)
	6245796  -  ResidentSetSize of job (KB)
...
006 (14460.002.000) 2025-03-13 13:41:34 Image size of job updated: 7371160
	6100  -  MemoryUsage of job (MB)
	6245796  -  ResidentSetSize of job (KB)
...
006 (14460.002.000) 2025-03-13 13:51:34 Image size of job updated: 7371160
	6141  -  MemoryUsage of job (MB)
	6287556  -  ResidentSetSize of job (KB)
...
006 (14460.002.000) 2025-03-13 14:36:39 Image size of job updated: 7373540
	6141  -  MemoryUsage of job (MB)
	6287556  -  ResidentSetSize of job (KB)
...
006 (14460.002.000) 2025-03-13 15:06:42 Image size of job updated: 7383848
	6141  -  MemoryUsage of job (MB)
	6287556  -  ResidentSetSize of job (KB)
...
006 (14460.002.000) 2025-03-13 15:11:42 Image size of job updated: 7399312
	6141  -  MemoryUsage of job (MB)
	6287556  -  ResidentSetSize of job (KB)
...
006 (14460.002.000) 2025-03-13 15:31:44 Image size of job updated: 7399312
	6163  -  MemoryUsage of job (MB)
	6310116  -  ResidentSetSize of job (KB)
...
006 (14460.002.000) 2025-03-13 15:36:44 Image size of job updated: 7399312
	6163  -  MemoryUsage of job (MB)
	6310248  -  ResidentSetSize of job (KB)
...
006 (14460.002.000) 2025-03-13 15:41:45 Image size of job updated: 7399312
	6215  -  MemoryUsage of job (MB)
	6363828  -  ResidentSetSize of job (KB)
...
006 (14460.002.000) 2025-03-13 15:46:45 Image size of job updated: 7399312
	6215  -  MemoryUsage of job (MB)
	6363960  -  ResidentSetSize of job (KB)
...
006 (14460.002.000) 2025-03-13 16:51:51 Image size of job updated: 7403916
	6215  -  MemoryUsage of job (MB)
	6363960  -  ResidentSetSize of job (KB)
...
006 (14460.002.000) 2025-03-13 17:41:55 Image size of job updated: 7469468
	6215  -  MemoryUsage of job (MB)
	6363960  -  ResidentSetSize of job (KB)
...
006 (14460.002.000) 2025-03-13 18:32:00 Image size of job updated: 7469468
	6222  -  MemoryUsage of job (MB)
	6371224  -  ResidentSetSize of job (KB)
...
006 (14460.002.000) 2025-03-13 20:57:17 Image size of job updated: 7480224
	6222  -  MemoryUsage of job (MB)
	6371224  -  ResidentSetSize of job (KB)
...
006 (14460.002.000) 2025-03-13 21:22:19 Image size of job updated: 7545776
	6222  -  MemoryUsage of job (MB)
	6371224  -  ResidentSetSize of job (KB)
...
006 (14460.002.000) 2025-03-13 21:32:20 Image size of job updated: 7545776
	6239  -  MemoryUsage of job (MB)
	6387740  -  ResidentSetSize of job (KB)
...
006 (14460.002.000) 2025-03-13 21:47:22 Image size of job updated: 7545776
	6276  -  MemoryUsage of job (MB)
	6426160  -  ResidentSetSize of job (KB)
...
006 (14460.002.000) 2025-03-14 00:12:38 Image size of job updated: 7552688
	6276  -  MemoryUsage of job (MB)
	6426160  -  ResidentSetSize of job (KB)
...
006 (14460.002.000) 2025-03-14 02:02:50 Image size of job updated: 7559600
	6276  -  MemoryUsage of job (MB)
	6426160  -  ResidentSetSize of job (KB)
...
006 (14460.002.000) 2025-03-14 03:27:59 Image size of job updated: 7559600
	6294  -  MemoryUsage of job (MB)
	6444144  -  ResidentSetSize of job (KB)
...
006 (14460.002.000) 2025-03-14 03:32:59 Image size of job updated: 7559600
	6295  -  MemoryUsage of job (MB)
	6445068  -  ResidentSetSize of job (KB)
...
006 (14460.002.000) 2025-03-14 05:13:10 Image size of job updated: 7625152
	6295  -  MemoryUsage of job (MB)
	6445068  -  ResidentSetSize of job (KB)
...
006 (14460.002.000) 2025-03-14 05:18:10 Image size of job updated: 7640516
	6295  -  MemoryUsage of job (MB)
	6445068  -  ResidentSetSize of job (KB)
...
006 (14460.002.000) 2025-03-14 09:48:38 Image size of job updated: 12828208
	9560  -  MemoryUsage of job (MB)
	9789188  -  ResidentSetSize of job (KB)
...
006 (14460.002.000) 2025-03-14 09:53:39 Image size of job updated: 15125324
	11126  -  MemoryUsage of job (MB)
	11392732  -  ResidentSetSize of job (KB)
...
006 (14460.002.000) 2025-03-14 09:57:45 Image size of job updated: 15170536
	11126  -  MemoryUsage of job (MB)
	11392732  -  ResidentSetSize of job (KB)
...
005 (14460.002.000) 2025-03-14 09:57:45 Job terminated.
	(1) Normal termination (return value 1)
		Usr 84 01:16:50, Sys 1 05:16:59  -  Run Remote Usage
		Usr 0 00:00:00, Sys 0 00:00:00  -  Run Local Usage
		Usr 117 17:43:14, Sys 1 09:04:32  -  Total Remote Usage
		Usr 0 00:00:00, Sys 0 00:00:00  -  Total Local Usage
	0  -  Run Bytes Sent By Job
	0  -  Run Bytes Received By Job
	0  -  Total Bytes Sent By Job
	0  -  Total Bytes Received By Job
	Partitionable Resources :    Usage  Request Allocated 
	   Cpus                 :     1.00        1         1 
	   Disk (KB)            :    15          15      2160 
	   Memory (MB)          : 11126       10240     10240 

	Job terminated of its own accord at 2025-03-14T08:57:45Z with exit-code 1.
...
