000 (14460.003.000) 2024-12-04 16:34:49 Job submitted from host: <10.18.24.233:9618?addrs=10.18.24.233-9618&alias=bioclusts03.bioclust.biologie.ens.fr&noUDP&sock=schedd_910141_9a29>
...
001 (14460.003.000) 2024-12-04 16:34:49 Job executing on host: <10.18.24.6:9618?addrs=10.18.24.6-9618&alias=bioclust06.bioclust.biologie.ens.fr&noUDP&sock=startd_1466551_94fd>
...
006 (14460.003.000) 2024-12-04 16:34:58 Image size of job updated: 651196
	173  -  MemoryUsage of job (MB)
	176212  -  ResidentSetSize of job (KB)
...
006 (14460.003.000) 2024-12-04 16:39:59 Image size of job updated: 1720704
	679  -  MemoryUsage of job (MB)
	695060  -  ResidentSetSize of job (KB)
...
006 (14460.003.000) 2024-12-04 16:44:59 Image size of job updated: 1724432
	686  -  MemoryUsage of job (MB)
	702028  -  ResidentSetSize of job (KB)
...
006 (14460.003.000) 2024-12-04 16:50:00 Image size of job updated: 1728048
	693  -  MemoryUsage of job (MB)
	709444  -  ResidentSetSize of job (KB)
...
006 (14460.003.000) 2024-12-04 16:55:01 Image size of job updated: 1728316
	696  -  MemoryUsage of job (MB)
	711912  -  ResidentSetSize of job (KB)
...
006 (14460.003.000) 2024-12-04 17:00:01 Image size of job updated: 1728316
	735  -  MemoryUsage of job (MB)
	751804  -  ResidentSetSize of job (KB)
...
006 (14460.003.000) 2024-12-04 17:20:02 Image size of job updated: 1734996
	735  -  MemoryUsage of job (MB)
	751804  -  ResidentSetSize of job (KB)
...
006 (14460.003.000) 2024-12-04 17:25:04 Image size of job updated: 1803212
	740  -  MemoryUsage of job (MB)
	757372  -  ResidentSetSize of job (KB)
...
006 (14460.003.000) 2024-12-04 17:30:04 Image size of job updated: 1807468
	747  -  MemoryUsage of job (MB)
	764556  -  ResidentSetSize of job (KB)
...
006 (14460.003.000) 2024-12-04 17:35:04 Image size of job updated: 1807748
	749  -  MemoryUsage of job (MB)
	766168  -  ResidentSetSize of job (KB)
...
006 (14460.003.000) 2024-12-04 17:40:05 Image size of job updated: 1807748
	751  -  MemoryUsage of job (MB)
	768772  -  ResidentSetSize of job (KB)
...
006 (14460.003.000) 2024-12-04 17:45:06 Image size of job updated: 1807748
	753  -  MemoryUsage of job (MB)
	770588  -  ResidentSetSize of job (KB)
...
006 (14460.003.000) 2024-12-04 17:50:06 Image size of job updated: 1811236
	765  -  MemoryUsage of job (MB)
	782980  -  ResidentSetSize of job (KB)
...
006 (14460.003.000) 2024-12-04 17:55:07 Image size of job updated: 1813392
	775  -  MemoryUsage of job (MB)
	793004  -  ResidentSetSize of job (KB)
...
006 (14460.003.000) 2024-12-04 18:00:08 Image size of job updated: 1814992
	778  -  MemoryUsage of job (MB)
	796444  -  ResidentSetSize of job (KB)
...
006 (14460.003.000) 2024-12-04 18:05:08 Image size of job updated: 1816728
	783  -  MemoryUsage of job (MB)
	801572  -  ResidentSetSize of job (KB)
...
006 (14460.003.000) 2024-12-04 18:10:08 Image size of job updated: 1816728
	791  -  MemoryUsage of job (MB)
	809880  -  ResidentSetSize of job (KB)
...
006 (14460.003.000) 2024-12-04 18:15:09 Image size of job updated: 1816728
	796  -  MemoryUsage of job (MB)
	814920  -  ResidentSetSize of job (KB)
...
006 (14460.003.000) 2024-12-04 18:20:09 Image size of job updated: 1817784
	803  -  MemoryUsage of job (MB)
	821636  -  ResidentSetSize of job (KB)
...
006 (14460.003.000) 2024-12-04 18:25:09 Image size of job updated: 1817784
	807  -  MemoryUsage of job (MB)
	825484  -  ResidentSetSize of job (KB)
...
006 (14460.003.000) 2024-12-04 18:30:10 Image size of job updated: 1823284
	815  -  MemoryUsage of job (MB)
	833704  -  ResidentSetSize of job (KB)
...
006 (14460.003.000) 2024-12-04 18:35:11 Image size of job updated: 1888968
	819  -  MemoryUsage of job (MB)
	838624  -  ResidentSetSize of job (KB)
...
006 (14460.003.000) 2024-12-04 18:40:11 Image size of job updated: 1888968
	822  -  MemoryUsage of job (MB)
	841184  -  ResidentSetSize of job (KB)
...
006 (14460.003.000) 2024-12-04 18:45:11 Image size of job updated: 1888968
	827  -  MemoryUsage of job (MB)
	845888  -  ResidentSetSize of job (KB)
...
006 (14460.003.000) 2024-12-04 18:50:12 Image size of job updated: 1888968
	832  -  MemoryUsage of job (MB)
	850972  -  ResidentSetSize of job (KB)
...
006 (14460.003.000) 2024-12-04 19:10:14 Image size of job updated: 1888968
	836  -  MemoryUsage of job (MB)
	855452  -  ResidentSetSize of job (KB)
...
006 (14460.003.000) 2024-12-04 19:15:14 Image size of job updated: 1888968
	837  -  MemoryUsage of job (MB)
	856548  -  ResidentSetSize of job (KB)
...
006 (14460.003.000) 2024-12-04 19:20:14 Image size of job updated: 1888968
	844  -  MemoryUsage of job (MB)
	863720  -  ResidentSetSize of job (KB)
...
006 (14460.003.000) 2024-12-04 19:35:16 Image size of job updated: 1893740
	844  -  MemoryUsage of job (MB)
	863720  -  ResidentSetSize of job (KB)
...
006 (14460.003.000) 2024-12-04 19:40:17 Image size of job updated: 1893740
	856  -  MemoryUsage of job (MB)
	876188  -  ResidentSetSize of job (KB)
...
006 (14460.003.000) 2024-12-04 19:45:18 Image size of job updated: 1893740
	860  -  MemoryUsage of job (MB)
	880308  -  ResidentSetSize of job (KB)
...
006 (14460.003.000) 2024-12-04 19:50:18 Image size of job updated: 1894572
	864  -  MemoryUsage of job (MB)
	884124  -  ResidentSetSize of job (KB)
...
006 (14460.003.000) 2024-12-04 20:00:19 Image size of job updated: 1894572
	871  -  MemoryUsage of job (MB)
	891012  -  ResidentSetSize of job (KB)
...
006 (14460.003.000) 2024-12-04 20:05:19 Image size of job updated: 1974908
	871  -  MemoryUsage of job (MB)
	891012  -  ResidentSetSize of job (KB)
...
006 (14460.003.000) 2024-12-04 21:05:24 Image size of job updated: 1980088
	871  -  MemoryUsage of job (MB)
	891012  -  ResidentSetSize of job (KB)
...
006 (14460.003.000) 2024-12-04 21:35:27 Image size of job updated: 1980088
	880  -  MemoryUsage of job (MB)
	900532  -  ResidentSetSize of job (KB)
...
006 (14460.003.000) 2024-12-04 21:40:28 Image size of job updated: 1980088
	891  -  MemoryUsage of job (MB)
	911980  -  ResidentSetSize of job (KB)
...
006 (14460.003.000) 2024-12-04 21:45:28 Image size of job updated: 1980088
	899  -  MemoryUsage of job (MB)
	919860  -  ResidentSetSize of job (KB)
...
006 (14460.003.000) 2024-12-04 21:50:28 Image size of job updated: 1980088
	914  -  MemoryUsage of job (MB)
	935264  -  ResidentSetSize of job (KB)
...
006 (14460.003.000) 2024-12-04 21:55:29 Image size of job updated: 1980088
	925  -  MemoryUsage of job (MB)
	946728  -  ResidentSetSize of job (KB)
...
006 (14460.003.000) 2024-12-04 22:00:30 Image size of job updated: 2127040
	976  -  MemoryUsage of job (MB)
	999168  -  ResidentSetSize of job (KB)
...
006 (14460.003.000) 2024-12-05 00:15:43 Image size of job updated: 2127040
	979  -  MemoryUsage of job (MB)
	1001728  -  ResidentSetSize of job (KB)
...
006 (14460.003.000) 2024-12-05 00:20:44 Image size of job updated: 2127040
	989  -  MemoryUsage of job (MB)
	1012504  -  ResidentSetSize of job (KB)
...
006 (14460.003.000) 2024-12-05 00:25:44 Image size of job updated: 2127040
	1001  -  MemoryUsage of job (MB)
	1024088  -  ResidentSetSize of job (KB)
...
006 (14460.003.000) 2024-12-05 00:30:45 Image size of job updated: 2127040
	1008  -  MemoryUsage of job (MB)
	1031204  -  ResidentSetSize of job (KB)
...
006 (14460.003.000) 2024-12-05 00:35:46 Image size of job updated: 2127040
	1014  -  MemoryUsage of job (MB)
	1037844  -  ResidentSetSize of job (KB)
...
006 (14460.003.000) 2024-12-05 03:01:00 Image size of job updated: 2129740
	1014  -  MemoryUsage of job (MB)
	1037844  -  ResidentSetSize of job (KB)
...
006 (14460.003.000) 2024-12-05 06:11:19 Image size of job updated: 2129740
	1029  -  MemoryUsage of job (MB)
	1053516  -  ResidentSetSize of job (KB)
...
006 (14460.003.000) 2024-12-05 06:26:21 Image size of job updated: 2129740
	1039  -  MemoryUsage of job (MB)
	1063640  -  ResidentSetSize of job (KB)
...
006 (14460.003.000) 2024-12-05 06:31:21 Image size of job updated: 2137064
	1040  -  MemoryUsage of job (MB)
	1064300  -  ResidentSetSize of job (KB)
...
006 (14460.003.000) 2024-12-05 11:11:50 Image size of job updated: 2139296
	1040  -  MemoryUsage of job (MB)
	1064300  -  ResidentSetSize of job (KB)
...
006 (14460.003.000) 2024-12-05 12:47:01 Image size of job updated: 2144416
	1040  -  MemoryUsage of job (MB)
	1064300  -  ResidentSetSize of job (KB)
...
006 (14460.003.000) 2024-12-05 13:02:03 Image size of job updated: 2144416
	1080  -  MemoryUsage of job (MB)
	1105428  -  ResidentSetSize of job (KB)
...
006 (14460.003.000) 2024-12-05 13:32:06 Image size of job updated: 2144416
	1089  -  MemoryUsage of job (MB)
	1114224  -  ResidentSetSize of job (KB)
...
006 (14460.003.000) 2024-12-05 16:12:21 Image size of job updated: 2144988
	1089  -  MemoryUsage of job (MB)
	1114224  -  ResidentSetSize of job (KB)
...
006 (14460.003.000) 2024-12-05 16:52:25 Image size of job updated: 2148948
	1089  -  MemoryUsage of job (MB)
	1114224  -  ResidentSetSize of job (KB)
...
006 (14460.003.000) 2024-12-05 16:57:25 Image size of job updated: 2153584
	1089  -  MemoryUsage of job (MB)
	1114224  -  ResidentSetSize of job (KB)
...
006 (14460.003.000) 2024-12-05 17:02:25 Image size of job updated: 2159192
	1089  -  MemoryUsage of job (MB)
	1114224  -  ResidentSetSize of job (KB)
...
006 (14460.003.000) 2024-12-05 17:07:26 Image size of job updated: 2159796
	1089  -  MemoryUsage of job (MB)
	1114224  -  ResidentSetSize of job (KB)
...
006 (14460.003.000) 2024-12-05 19:22:41 Image size of job updated: 2169916
	1089  -  MemoryUsage of job (MB)
	1114224  -  ResidentSetSize of job (KB)
...
006 (14460.003.000) 2024-12-05 19:42:43 Image size of job updated: 2169916
	1090  -  MemoryUsage of job (MB)
	1116132  -  ResidentSetSize of job (KB)
...
006 (14460.003.000) 2024-12-05 19:47:43 Image size of job updated: 2169916
	1097  -  MemoryUsage of job (MB)
	1122472  -  ResidentSetSize of job (KB)
...
006 (14460.003.000) 2024-12-05 19:52:44 Image size of job updated: 2169916
	1105  -  MemoryUsage of job (MB)
	1130516  -  ResidentSetSize of job (KB)
...
006 (14460.003.000) 2024-12-05 19:57:45 Image size of job updated: 2169916
	1107  -  MemoryUsage of job (MB)
	1133124  -  ResidentSetSize of job (KB)
...
006 (14460.003.000) 2024-12-05 20:02:45 Image size of job updated: 2169916
	1109  -  MemoryUsage of job (MB)
	1134748  -  ResidentSetSize of job (KB)
...
006 (14460.003.000) 2024-12-05 20:07:45 Image size of job updated: 2169916
	1126  -  MemoryUsage of job (MB)
	1153008  -  ResidentSetSize of job (KB)
...
006 (14460.003.000) 2024-12-05 20:12:46 Image size of job updated: 2169916
	1149  -  MemoryUsage of job (MB)
	1175960  -  ResidentSetSize of job (KB)
...
006 (14460.003.000) 2024-12-05 20:17:46 Image size of job updated: 2235468
	1149  -  MemoryUsage of job (MB)
	1175960  -  ResidentSetSize of job (KB)
...
006 (14460.003.000) 2024-12-05 22:48:03 Image size of job updated: 2235468
	1151  -  MemoryUsage of job (MB)
	1177740  -  ResidentSetSize of job (KB)
...
006 (14460.003.000) 2024-12-06 06:53:53 Image size of job updated: 2235468
	1155  -  MemoryUsage of job (MB)
	1182520  -  ResidentSetSize of job (KB)
...
006 (14460.003.000) 2024-12-06 07:13:55 Image size of job updated: 2240708
	1155  -  MemoryUsage of job (MB)
	1182520  -  ResidentSetSize of job (KB)
...
006 (14460.003.000) 2024-12-06 08:09:00 Image size of job updated: 2240984
	1155  -  MemoryUsage of job (MB)
	1182520  -  ResidentSetSize of job (KB)
...
006 (14460.003.000) 2024-12-06 11:14:18 Image size of job updated: 2241368
	1155  -  MemoryUsage of job (MB)
	1182520  -  ResidentSetSize of job (KB)
...
006 (14460.003.000) 2024-12-06 14:24:36 Image size of job updated: 2255196
	1155  -  MemoryUsage of job (MB)
	1182520  -  ResidentSetSize of job (KB)
...
006 (14460.003.000) 2024-12-06 15:09:41 Image size of job updated: 2271816
	1155  -  MemoryUsage of job (MB)
	1182520  -  ResidentSetSize of job (KB)
...
006 (14460.003.000) 2024-12-06 15:14:41 Image size of job updated: 2271816
	1161  -  MemoryUsage of job (MB)
	1188784  -  ResidentSetSize of job (KB)
...
006 (14460.003.000) 2024-12-06 15:24:43 Image size of job updated: 2271816
	1164  -  MemoryUsage of job (MB)
	1191600  -  ResidentSetSize of job (KB)
...
006 (14460.003.000) 2024-12-06 15:34:43 Image size of job updated: 2271816
	1177  -  MemoryUsage of job (MB)
	1204316  -  ResidentSetSize of job (KB)
...
006 (14460.003.000) 2024-12-06 22:45:26 Image size of job updated: 2280096
	1177  -  MemoryUsage of job (MB)
	1204316  -  ResidentSetSize of job (KB)
...
006 (14460.003.000) 2024-12-06 22:50:26 Image size of job updated: 2288788
	1177  -  MemoryUsage of job (MB)
	1204316  -  ResidentSetSize of job (KB)
...
006 (14460.003.000) 2024-12-06 23:00:27 Image size of job updated: 2297452
	1177  -  MemoryUsage of job (MB)
	1204316  -  ResidentSetSize of job (KB)
...
006 (14460.003.000) 2024-12-06 23:10:29 Image size of job updated: 2298916
	1177  -  MemoryUsage of job (MB)
	1204588  -  ResidentSetSize of job (KB)
...
006 (14460.003.000) 2024-12-06 23:15:29 Image size of job updated: 2301568
	1177  -  MemoryUsage of job (MB)
	1204588  -  ResidentSetSize of job (KB)
...
006 (14460.003.000) 2024-12-06 23:20:29 Image size of job updated: 2301700
	1177  -  MemoryUsage of job (MB)
	1204588  -  ResidentSetSize of job (KB)
...
006 (14460.003.000) 2024-12-06 23:25:30 Image size of job updated: 2312664
	1177  -  MemoryUsage of job (MB)
	1204588  -  ResidentSetSize of job (KB)
...
006 (14460.003.000) 2024-12-07 06:06:10 Image size of job updated: 2312664
	1188  -  MemoryUsage of job (MB)
	1216092  -  ResidentSetSize of job (KB)
...
006 (14460.003.000) 2024-12-07 06:31:14 Image size of job updated: 2312664
	1198  -  MemoryUsage of job (MB)
	1226456  -  ResidentSetSize of job (KB)
...
006 (14460.003.000) 2024-12-07 06:51:15 Image size of job updated: 2312664
	1201  -  MemoryUsage of job (MB)
	1229744  -  ResidentSetSize of job (KB)
...
006 (14460.003.000) 2024-12-07 07:16:18 Image size of job updated: 2312664
	1209  -  MemoryUsage of job (MB)
	1237344  -  ResidentSetSize of job (KB)
...
006 (14460.003.000) 2024-12-07 08:21:24 Image size of job updated: 2312664
	1234  -  MemoryUsage of job (MB)
	1263444  -  ResidentSetSize of job (KB)
...
006 (14460.003.000) 2024-12-07 08:31:26 Image size of job updated: 2312664
	1238  -  MemoryUsage of job (MB)
	1266852  -  ResidentSetSize of job (KB)
...
006 (14460.003.000) 2024-12-07 08:36:26 Image size of job updated: 2312664
	1238  -  MemoryUsage of job (MB)
	1266984  -  ResidentSetSize of job (KB)
...
006 (14460.003.000) 2024-12-07 19:42:35 Image size of job updated: 2312664
	1272  -  MemoryUsage of job (MB)
	1302196  -  ResidentSetSize of job (KB)
...
006 (14460.003.000) 2024-12-07 19:47:36 Image size of job updated: 2312664
	1272  -  MemoryUsage of job (MB)
	1302328  -  ResidentSetSize of job (KB)
...
006 (14460.003.000) 2024-12-07 20:22:38 Image size of job updated: 2376312
	1272  -  MemoryUsage of job (MB)
	1302328  -  ResidentSetSize of job (KB)
...
006 (14460.003.000) 2024-12-07 20:32:39 Image size of job updated: 2376312
	1296  -  MemoryUsage of job (MB)
	1326192  -  ResidentSetSize of job (KB)
...
006 (14460.003.000) 2024-12-07 20:37:40 Image size of job updated: 2376312
	1296  -  MemoryUsage of job (MB)
	1326324  -  ResidentSetSize of job (KB)
...
006 (14460.003.000) 2024-12-07 20:42:40 Image size of job updated: 2381496
	1296  -  MemoryUsage of job (MB)
	1326324  -  ResidentSetSize of job (KB)
...
006 (14460.003.000) 2024-12-07 21:37:46 Image size of job updated: 2388152
	1296  -  MemoryUsage of job (MB)
	1326324  -  ResidentSetSize of job (KB)
...
006 (14460.003.000) 2024-12-08 05:13:32 Image size of job updated: 2388152
	1296  -  MemoryUsage of job (MB)
	1326660  -  ResidentSetSize of job (KB)
...
006 (14460.003.000) 2024-12-08 05:58:36 Image size of job updated: 2388152
	1338  -  MemoryUsage of job (MB)
	1369344  -  ResidentSetSize of job (KB)
...
006 (14460.003.000) 2024-12-08 06:13:37 Image size of job updated: 2388152
	1355  -  MemoryUsage of job (MB)
	1386712  -  ResidentSetSize of job (KB)
...
006 (14460.003.000) 2024-12-08 09:38:59 Image size of job updated: 2389580
	1355  -  MemoryUsage of job (MB)
	1386712  -  ResidentSetSize of job (KB)
...
006 (14460.003.000) 2024-12-08 10:19:02 Image size of job updated: 2455132
	1355  -  MemoryUsage of job (MB)
	1386712  -  ResidentSetSize of job (KB)
...
006 (14460.003.000) 2024-12-08 22:05:16 Image size of job updated: 2463836
	1355  -  MemoryUsage of job (MB)
	1386712  -  ResidentSetSize of job (KB)
...
006 (14460.003.000) 2024-12-08 22:45:21 Image size of job updated: 2463836
	1361  -  MemoryUsage of job (MB)
	1392980  -  ResidentSetSize of job (KB)
...
006 (14460.003.000) 2024-12-08 23:35:26 Image size of job updated: 2468956
	1361  -  MemoryUsage of job (MB)
	1392980  -  ResidentSetSize of job (KB)
...
006 (14460.003.000) 2024-12-08 23:40:26 Image size of job updated: 2468956
	1401  -  MemoryUsage of job (MB)
	1433904  -  ResidentSetSize of job (KB)
...
006 (14460.003.000) 2024-12-09 13:21:52 Image size of job updated: 2534508
	1401  -  MemoryUsage of job (MB)
	1433904  -  ResidentSetSize of job (KB)
...
006 (14460.003.000) 2024-12-09 13:46:55 Image size of job updated: 2534508
	1420  -  MemoryUsage of job (MB)
	1453288  -  ResidentSetSize of job (KB)
...
006 (14460.003.000) 2024-12-09 17:42:18 Image size of job updated: 2534508
	1448  -  MemoryUsage of job (MB)
	1481908  -  ResidentSetSize of job (KB)
...
006 (14460.003.000) 2024-12-09 18:12:21 Image size of job updated: 2534508
	1457  -  MemoryUsage of job (MB)
	1491396  -  ResidentSetSize of job (KB)
...
006 (14460.003.000) 2024-12-09 18:22:22 Image size of job updated: 2534508
	1485  -  MemoryUsage of job (MB)
	1520180  -  ResidentSetSize of job (KB)
...
006 (14460.003.000) 2024-12-09 18:27:23 Image size of job updated: 2600060
	1485  -  MemoryUsage of job (MB)
	1520180  -  ResidentSetSize of job (KB)
...
006 (14460.003.000) 2024-12-10 07:33:45 Image size of job updated: 2603644
	1485  -  MemoryUsage of job (MB)
	1520180  -  ResidentSetSize of job (KB)
...
006 (14460.003.000) 2024-12-10 07:38:46 Image size of job updated: 2605124
	1485  -  MemoryUsage of job (MB)
	1520180  -  ResidentSetSize of job (KB)
...
006 (14460.003.000) 2024-12-10 08:03:47 Image size of job updated: 2620436
	1485  -  MemoryUsage of job (MB)
	1520180  -  ResidentSetSize of job (KB)
...
006 (14460.003.000) 2024-12-10 08:43:52 Image size of job updated: 2635796
	1485  -  MemoryUsage of job (MB)
	1520180  -  ResidentSetSize of job (KB)
...
006 (14460.003.000) 2024-12-10 09:48:59 Image size of job updated: 2635796
	1495  -  MemoryUsage of job (MB)
	1530184  -  ResidentSetSize of job (KB)
...
006 (14460.003.000) 2024-12-10 09:53:59 Image size of job updated: 2635796
	1495  -  MemoryUsage of job (MB)
	1530316  -  ResidentSetSize of job (KB)
...
006 (14460.003.000) 2024-12-10 10:04:00 Image size of job updated: 2635796
	1523  -  MemoryUsage of job (MB)
	1558772  -  ResidentSetSize of job (KB)
...
006 (14460.003.000) 2024-12-10 10:09:01 Image size of job updated: 2635796
	1523  -  MemoryUsage of job (MB)
	1558904  -  ResidentSetSize of job (KB)
...
006 (14460.003.000) 2024-12-10 10:59:06 Image size of job updated: 2646164
	1523  -  MemoryUsage of job (MB)
	1558904  -  ResidentSetSize of job (KB)
...
006 (14460.003.000) 2024-12-10 11:14:08 Image size of job updated: 2646164
	1544  -  MemoryUsage of job (MB)
	1580080  -  ResidentSetSize of job (KB)
...
006 (14460.003.000) 2024-12-10 11:29:09 Image size of job updated: 2647908
	1544  -  MemoryUsage of job (MB)
	1580080  -  ResidentSetSize of job (KB)
...
006 (14460.003.000) 2024-12-11 13:36:52 Image size of job updated: 2647908
	1566  -  MemoryUsage of job (MB)
	1603568  -  ResidentSetSize of job (KB)
...
006 (14460.003.000) 2024-12-11 14:01:56 Image size of job updated: 2647908
	1602  -  MemoryUsage of job (MB)
	1640336  -  ResidentSetSize of job (KB)
...
006 (14460.003.000) 2024-12-11 14:06:56 Image size of job updated: 2650108
	1602  -  MemoryUsage of job (MB)
	1640336  -  ResidentSetSize of job (KB)
...
006 (14460.003.000) 2024-12-11 14:11:56 Image size of job updated: 2659776
	1602  -  MemoryUsage of job (MB)
	1640336  -  ResidentSetSize of job (KB)
...
006 (14460.003.000) 2024-12-11 15:07:03 Image size of job updated: 2660936
	1602  -  MemoryUsage of job (MB)
	1640336  -  ResidentSetSize of job (KB)
...
006 (14460.003.000) 2024-12-12 07:03:44 Image size of job updated: 2726488
	1602  -  MemoryUsage of job (MB)
	1640336  -  ResidentSetSize of job (KB)
...
006 (14460.003.000) 2024-12-12 07:13:45 Image size of job updated: 2726488
	1634  -  MemoryUsage of job (MB)
	1672696  -  ResidentSetSize of job (KB)
...
006 (14460.003.000) 2024-12-12 07:23:45 Image size of job updated: 2741328
	1634  -  MemoryUsage of job (MB)
	1672696  -  ResidentSetSize of job (KB)
...
006 (14460.003.000) 2024-12-12 08:23:52 Image size of job updated: 2822112
	1634  -  MemoryUsage of job (MB)
	1672696  -  ResidentSetSize of job (KB)
...
006 (14460.003.000) 2024-12-12 13:59:23 Image size of job updated: 2822112
	1636  -  MemoryUsage of job (MB)
	1674392  -  ResidentSetSize of job (KB)
...
006 (14460.003.000) 2024-12-12 14:04:24 Image size of job updated: 2822112
	1651  -  MemoryUsage of job (MB)
	1689724  -  ResidentSetSize of job (KB)
...
006 (14460.003.000) 2024-12-12 14:24:25 Image size of job updated: 2877552
	1651  -  MemoryUsage of job (MB)
	1689724  -  ResidentSetSize of job (KB)
...
006 (14460.003.000) 2024-12-12 14:44:27 Image size of job updated: 2877552
	1692  -  MemoryUsage of job (MB)
	1732060  -  ResidentSetSize of job (KB)
...
006 (14460.003.000) 2024-12-12 14:49:28 Image size of job updated: 2877552
	1692  -  MemoryUsage of job (MB)
	1732192  -  ResidentSetSize of job (KB)
...
006 (14460.003.000) 2024-12-13 00:30:28 Image size of job updated: 2877552
	1711  -  MemoryUsage of job (MB)
	1751532  -  ResidentSetSize of job (KB)
...
006 (14460.003.000) 2024-12-13 00:50:30 Image size of job updated: 2877552
	1803  -  MemoryUsage of job (MB)
	1845716  -  ResidentSetSize of job (KB)
...
006 (14460.003.000) 2024-12-13 00:55:30 Image size of job updated: 2932864
	1803  -  MemoryUsage of job (MB)
	1845848  -  ResidentSetSize of job (KB)
...
006 (14460.003.000) 2024-12-13 01:00:31 Image size of job updated: 2943104
	1803  -  MemoryUsage of job (MB)
	1845848  -  ResidentSetSize of job (KB)
...
006 (14460.003.000) 2024-12-13 04:15:51 Image size of job updated: 2943104
	1847  -  MemoryUsage of job (MB)
	1890912  -  ResidentSetSize of job (KB)
...
006 (14460.003.000) 2024-12-13 05:30:59 Image size of job updated: 3002516
	1847  -  MemoryUsage of job (MB)
	1890912  -  ResidentSetSize of job (KB)
...
006 (14460.003.000) 2024-12-13 06:06:03 Image size of job updated: 3002516
	1889  -  MemoryUsage of job (MB)
	1934048  -  ResidentSetSize of job (KB)
...
006 (14460.003.000) 2024-12-13 06:11:03 Image size of job updated: 3002516
	1890  -  MemoryUsage of job (MB)
	1934444  -  ResidentSetSize of job (KB)
...
006 (14460.003.000) 2024-12-13 07:46:15 Image size of job updated: 3068068
	1920  -  MemoryUsage of job (MB)
	1965168  -  ResidentSetSize of job (KB)
...
006 (14460.003.000) 2024-12-13 07:51:15 Image size of job updated: 3068068
	1920  -  MemoryUsage of job (MB)
	1965300  -  ResidentSetSize of job (KB)
...
006 (14460.003.000) 2024-12-13 08:06:16 Image size of job updated: 3078308
	1920  -  MemoryUsage of job (MB)
	1965300  -  ResidentSetSize of job (KB)
...
006 (14460.003.000) 2024-12-14 00:27:55 Image size of job updated: 3089568
	1920  -  MemoryUsage of job (MB)
	1965300  -  ResidentSetSize of job (KB)
...
006 (14460.003.000) 2024-12-14 01:33:02 Image size of job updated: 3094692
	1920  -  MemoryUsage of job (MB)
	1965300  -  ResidentSetSize of job (KB)
...
006 (14460.003.000) 2024-12-14 02:03:05 Image size of job updated: 3094692
	1936  -  MemoryUsage of job (MB)
	1981688  -  ResidentSetSize of job (KB)
...
006 (14460.003.000) 2024-12-14 02:08:05 Image size of job updated: 3094692
	1936  -  MemoryUsage of job (MB)
	1981820  -  ResidentSetSize of job (KB)
...
006 (14460.003.000) 2024-12-14 02:33:08 Image size of job updated: 3094692
	1950  -  MemoryUsage of job (MB)
	1996652  -  ResidentSetSize of job (KB)
...
006 (14460.003.000) 2024-12-14 02:38:09 Image size of job updated: 3110052
	1950  -  MemoryUsage of job (MB)
	1996652  -  ResidentSetSize of job (KB)
...
006 (14460.003.000) 2024-12-14 03:43:15 Image size of job updated: 3110052
	1979  -  MemoryUsage of job (MB)
	2025776  -  ResidentSetSize of job (KB)
...
006 (14460.003.000) 2024-12-14 04:08:19 Image size of job updated: 3110052
	2007  -  MemoryUsage of job (MB)
	2054248  -  ResidentSetSize of job (KB)
...
006 (14460.003.000) 2024-12-14 04:13:19 Image size of job updated: 3110052
	2007  -  MemoryUsage of job (MB)
	2054380  -  ResidentSetSize of job (KB)
...
006 (14460.003.000) 2024-12-14 05:33:27 Image size of job updated: 3125412
	2007  -  MemoryUsage of job (MB)
	2054380  -  ResidentSetSize of job (KB)
...
006 (14460.003.000) 2024-12-14 07:18:37 Image size of job updated: 3125412
	2054  -  MemoryUsage of job (MB)
	2103076  -  ResidentSetSize of job (KB)
...
006 (14460.003.000) 2024-12-14 07:23:38 Image size of job updated: 3125412
	2055  -  MemoryUsage of job (MB)
	2103340  -  ResidentSetSize of job (KB)
...
006 (14460.003.000) 2024-12-16 12:58:59 Image size of job updated: 3125656
	2055  -  MemoryUsage of job (MB)
	2103340  -  ResidentSetSize of job (KB)
...
006 (14460.003.000) 2024-12-16 13:14:00 Image size of job updated: 3138660
	2055  -  MemoryUsage of job (MB)
	2103340  -  ResidentSetSize of job (KB)
...
006 (14460.003.000) 2024-12-16 13:29:02 Image size of job updated: 3141688
	2055  -  MemoryUsage of job (MB)
	2103340  -  ResidentSetSize of job (KB)
...
006 (14460.003.000) 2024-12-16 13:34:02 Image size of job updated: 3143016
	2055  -  MemoryUsage of job (MB)
	2103340  -  ResidentSetSize of job (KB)
...
006 (14460.003.000) 2024-12-16 13:39:02 Image size of job updated: 3173656
	2055  -  MemoryUsage of job (MB)
	2103340  -  ResidentSetSize of job (KB)
...
006 (14460.003.000) 2024-12-16 15:04:11 Image size of job updated: 3190984
	2055  -  MemoryUsage of job (MB)
	2103340  -  ResidentSetSize of job (KB)
...
006 (14460.003.000) 2024-12-16 15:19:13 Image size of job updated: 3207424
	2055  -  MemoryUsage of job (MB)
	2103340  -  ResidentSetSize of job (KB)
...
006 (14460.003.000) 2024-12-16 15:39:16 Image size of job updated: 3211844
	2055  -  MemoryUsage of job (MB)
	2103340  -  ResidentSetSize of job (KB)
...
006 (14460.003.000) 2024-12-16 15:44:16 Image size of job updated: 3218848
	2055  -  MemoryUsage of job (MB)
	2103340  -  ResidentSetSize of job (KB)
...
006 (14460.003.000) 2024-12-16 18:39:35 Image size of job updated: 3234676
	2100  -  MemoryUsage of job (MB)
	2149872  -  ResidentSetSize of job (KB)
...
006 (14460.003.000) 2024-12-16 18:44:35 Image size of job updated: 3247892
	2100  -  MemoryUsage of job (MB)
	2149872  -  ResidentSetSize of job (KB)
...
006 (14460.003.000) 2024-12-16 19:04:37 Image size of job updated: 3249392
	2134  -  MemoryUsage of job (MB)
	2185216  -  ResidentSetSize of job (KB)
...
006 (14460.003.000) 2024-12-16 19:19:38 Image size of job updated: 3252048
	2134  -  MemoryUsage of job (MB)
	2185216  -  ResidentSetSize of job (KB)
...
006 (14460.003.000) 2024-12-16 20:04:44 Image size of job updated: 3264428
	2134  -  MemoryUsage of job (MB)
	2185216  -  ResidentSetSize of job (KB)
...
006 (14460.003.000) 2024-12-16 20:24:45 Image size of job updated: 3264712
	2134  -  MemoryUsage of job (MB)
	2185216  -  ResidentSetSize of job (KB)
...
006 (14460.003.000) 2024-12-16 20:44:48 Image size of job updated: 3286012
	2134  -  MemoryUsage of job (MB)
	2185216  -  ResidentSetSize of job (KB)
...
006 (14460.003.000) 2024-12-18 03:02:53 Image size of job updated: 3286012
	2165  -  MemoryUsage of job (MB)
	2216428  -  ResidentSetSize of job (KB)
...
006 (14460.003.000) 2024-12-18 03:07:54 Image size of job updated: 3330952
	2165  -  MemoryUsage of job (MB)
	2216428  -  ResidentSetSize of job (KB)
...
006 (14460.003.000) 2024-12-18 03:22:56 Image size of job updated: 3335896
	2234  -  MemoryUsage of job (MB)
	2287176  -  ResidentSetSize of job (KB)
...
006 (14460.003.000) 2024-12-18 03:42:58 Image size of job updated: 3335896
	2246  -  MemoryUsage of job (MB)
	2299744  -  ResidentSetSize of job (KB)
...
006 (14460.003.000) 2024-12-18 03:47:58 Image size of job updated: 3335896
	2247  -  MemoryUsage of job (MB)
	2300140  -  ResidentSetSize of job (KB)
...
006 (14460.003.000) 2024-12-18 04:13:01 Image size of job updated: 3335896
	2257  -  MemoryUsage of job (MB)
	2310352  -  ResidentSetSize of job (KB)
...
006 (14460.003.000) 2024-12-18 04:28:03 Image size of job updated: 3335896
	2264  -  MemoryUsage of job (MB)
	2317700  -  ResidentSetSize of job (KB)
...
006 (14460.003.000) 2024-12-18 04:48:05 Image size of job updated: 3401448
	2264  -  MemoryUsage of job (MB)
	2317700  -  ResidentSetSize of job (KB)
...
006 (14460.003.000) 2024-12-18 05:43:12 Image size of job updated: 3432168
	2264  -  MemoryUsage of job (MB)
	2317700  -  ResidentSetSize of job (KB)
...
006 (14460.003.000) 2024-12-18 05:48:12 Image size of job updated: 3497720
	2264  -  MemoryUsage of job (MB)
	2317700  -  ResidentSetSize of job (KB)
...
006 (14460.003.000) 2024-12-18 06:13:15 Image size of job updated: 3497720
	2421  -  MemoryUsage of job (MB)
	2478420  -  ResidentSetSize of job (KB)
...
006 (14460.003.000) 2024-12-18 06:43:17 Image size of job updated: 3563272
	2421  -  MemoryUsage of job (MB)
	2478420  -  ResidentSetSize of job (KB)
...
006 (14460.003.000) 2024-12-18 07:08:19 Image size of job updated: 3628824
	2421  -  MemoryUsage of job (MB)
	2478420  -  ResidentSetSize of job (KB)
...
006 (14460.003.000) 2024-12-18 22:29:57 Image size of job updated: 3628824
	2451  -  MemoryUsage of job (MB)
	2509628  -  ResidentSetSize of job (KB)
...
006 (14460.003.000) 2024-12-18 22:39:59 Image size of job updated: 3628824
	2495  -  MemoryUsage of job (MB)
	2554452  -  ResidentSetSize of job (KB)
...
006 (14460.003.000) 2024-12-18 23:20:03 Image size of job updated: 3694128
	2495  -  MemoryUsage of job (MB)
	2554452  -  ResidentSetSize of job (KB)
...
006 (14460.003.000) 2024-12-18 23:30:03 Image size of job updated: 3704368
	2495  -  MemoryUsage of job (MB)
	2554452  -  ResidentSetSize of job (KB)
...
006 (14460.003.000) 2024-12-19 00:25:08 Image size of job updated: 3704368
	2525  -  MemoryUsage of job (MB)
	2584992  -  ResidentSetSize of job (KB)
...
006 (14460.003.000) 2024-12-19 00:35:09 Image size of job updated: 3769920
	2525  -  MemoryUsage of job (MB)
	2584992  -  ResidentSetSize of job (KB)
...
006 (14460.003.000) 2024-12-19 00:45:10 Image size of job updated: 3769920
	2649  -  MemoryUsage of job (MB)
	2712540  -  ResidentSetSize of job (KB)
...
022 (14460.003.000) 2024-12-19 21:34:50 Job disconnected, attempting to reconnect
    Socket between submit and execute hosts closed unexpectedly
    Trying to reconnect to slot1@bioclust06.bioclust.biologie.ens.fr <10.18.24.6:9618?addrs=10.18.24.6-9618&alias=bioclust06.bioclust.biologie.ens.fr&noUDP&sock=startd_1466551_94fd>
...
024 (14460.003.000) 2024-12-19 22:14:54 Job reconnection failed
    Job disconnected too long: JobLeaseDuration (2400 seconds) expired
    Can not reconnect to slot1@bioclust06.bioclust.biologie.ens.fr, rescheduling job
...
001 (14460.003.000) 2024-12-19 22:15:53 Job executing on host: <10.18.24.49:9618?addrs=10.18.24.49-9618&alias=bioclust49.bioclust.biologie.ens.fr&noUDP&sock=startd_3009896_e1cf>
...
006 (14460.003.000) 2025-01-06 00:02:48 Image size of job updated: 4000000
	2726  -  MemoryUsage of job (MB)
	2791096  -  ResidentSetSize of job (KB)
...
022 (14460.003.000) 2025-01-07 15:33:20 Job disconnected, attempting to reconnect
    Local schedd and job shadow died, schedd now running again
    Trying to reconnect to slot1@bioclust49.bioclust.biologie.ens.fr <10.18.24.49:9618?addrs=10.18.24.49-9618&alias=bioclust49.bioclust.biologie.ens.fr&noUDP&sock=startd_3009896_e1cf>
...
023 (14460.003.000) 2025-01-07 15:33:24 Job reconnected to slot1@bioclust49.bioclust.biologie.ens.fr
    startd address: <10.18.24.49:9618?addrs=10.18.24.49-9618&alias=bioclust49.bioclust.biologie.ens.fr&noUDP&sock=startd_3009896_e1cf>
    starter address: <10.18.24.49:9618?addrs=10.18.24.49-9618&alias=bioclust49.bioclust.biologie.ens.fr&noUDP&sock=slot1_11_3009950_d158_135>
...
006 (14460.003.000) 2025-01-08 21:24:52 Image size of job updated: 4006716
	2930  -  MemoryUsage of job (MB)
	3000000  -  ResidentSetSize of job (KB)
...
006 (14460.003.000) 2025-01-08 21:39:53 Image size of job updated: 4007708
	2930  -  MemoryUsage of job (MB)
	3000000  -  ResidentSetSize of job (KB)
...
006 (14460.003.000) 2025-01-12 06:08:07 Image size of job updated: 4017784
	2930  -  MemoryUsage of job (MB)
	3000000  -  ResidentSetSize of job (KB)
...
006 (14460.003.000) 2025-01-12 07:33:16 Image size of job updated: 4024440
	2930  -  MemoryUsage of job (MB)
	3000000  -  ResidentSetSize of job (KB)
...
006 (14460.003.000) 2025-01-12 09:08:26 Image size of job updated: 4034680
	2930  -  MemoryUsage of job (MB)
	3000000  -  ResidentSetSize of job (KB)
...
006 (14460.003.000) 2025-01-12 10:48:37 Image size of job updated: 4038904
	2930  -  MemoryUsage of job (MB)
	3000000  -  ResidentSetSize of job (KB)
...
006 (14460.003.000) 2025-01-12 10:53:38 Image size of job updated: 4049824
	2930  -  MemoryUsage of job (MB)
	3000000  -  ResidentSetSize of job (KB)
...
006 (14460.003.000) 2025-01-12 11:23:40 Image size of job updated: 4056496
	2930  -  MemoryUsage of job (MB)
	3000000  -  ResidentSetSize of job (KB)
...
006 (14460.003.000) 2025-01-12 11:28:41 Image size of job updated: 4061284
	2930  -  MemoryUsage of job (MB)
	3000000  -  ResidentSetSize of job (KB)
...
006 (14460.003.000) 2025-01-12 12:23:46 Image size of job updated: 4063996
	2930  -  MemoryUsage of job (MB)
	3000000  -  ResidentSetSize of job (KB)
...
006 (14460.003.000) 2025-01-12 13:03:50 Image size of job updated: 4069116
	2930  -  MemoryUsage of job (MB)
	3000000  -  ResidentSetSize of job (KB)
...
006 (14460.003.000) 2025-01-12 13:58:56 Image size of job updated: 4069116
	2942  -  MemoryUsage of job (MB)
	3012280  -  ResidentSetSize of job (KB)
...
006 (14460.003.000) 2025-01-12 14:08:56 Image size of job updated: 4075772
	2942  -  MemoryUsage of job (MB)
	3012280  -  ResidentSetSize of job (KB)
...
006 (14460.003.000) 2025-01-12 14:54:01 Image size of job updated: 4075772
	2988  -  MemoryUsage of job (MB)
	3058736  -  ResidentSetSize of job (KB)
...
006 (14460.003.000) 2025-01-12 15:04:02 Image size of job updated: 4075772
	3000  -  MemoryUsage of job (MB)
	3071216  -  ResidentSetSize of job (KB)
...
006 (14460.003.000) 2025-01-12 15:44:06 Image size of job updated: 4080892
	3063  -  MemoryUsage of job (MB)
	3136112  -  ResidentSetSize of job (KB)
...
006 (14460.003.000) 2025-01-12 15:59:07 Image size of job updated: 4080892
	3075  -  MemoryUsage of job (MB)
	3147788  -  ResidentSetSize of job (KB)
...
006 (14460.003.000) 2025-01-12 16:09:08 Image size of job updated: 4080892
	3087  -  MemoryUsage of job (MB)
	3161076  -  ResidentSetSize of job (KB)
...
006 (14460.003.000) 2025-01-12 16:14:09 Image size of job updated: 4080892
	3088  -  MemoryUsage of job (MB)
	3161208  -  ResidentSetSize of job (KB)
...
006 (14460.003.000) 2025-01-12 16:39:11 Image size of job updated: 4096256
	3088  -  MemoryUsage of job (MB)
	3161208  -  ResidentSetSize of job (KB)
...
006 (14460.003.000) 2025-01-12 17:29:17 Image size of job updated: 4103168
	3088  -  MemoryUsage of job (MB)
	3161208  -  ResidentSetSize of job (KB)
...
006 (14460.003.000) 2025-01-12 17:34:18 Image size of job updated: 4168720
	3088  -  MemoryUsage of job (MB)
	3161208  -  ResidentSetSize of job (KB)
...
006 (14460.003.000) 2025-01-12 17:54:20 Image size of job updated: 4175376
	3088  -  MemoryUsage of job (MB)
	3161208  -  ResidentSetSize of job (KB)
...
006 (14460.003.000) 2025-01-12 17:59:21 Image size of job updated: 4175376
	3132  -  MemoryUsage of job (MB)
	3206172  -  ResidentSetSize of job (KB)
...
006 (14460.003.000) 2025-01-12 18:24:22 Image size of job updated: 4175376
	3145  -  MemoryUsage of job (MB)
	3219836  -  ResidentSetSize of job (KB)
...
006 (14460.003.000) 2025-01-12 18:49:26 Image size of job updated: 4190736
	3145  -  MemoryUsage of job (MB)
	3219836  -  ResidentSetSize of job (KB)
...
006 (14460.003.000) 2025-01-12 18:59:26 Image size of job updated: 4190736
	3146  -  MemoryUsage of job (MB)
	3221052  -  ResidentSetSize of job (KB)
...
006 (14460.003.000) 2025-01-12 19:04:27 Image size of job updated: 4197616
	3146  -  MemoryUsage of job (MB)
	3221052  -  ResidentSetSize of job (KB)
...
006 (14460.003.000) 2025-01-12 19:14:27 Image size of job updated: 4203348
	3146  -  MemoryUsage of job (MB)
	3221052  -  ResidentSetSize of job (KB)
...
006 (14460.003.000) 2025-01-12 19:29:29 Image size of job updated: 4203348
	3215  -  MemoryUsage of job (MB)
	3292020  -  ResidentSetSize of job (KB)
...
006 (14460.003.000) 2025-01-12 19:49:30 Image size of job updated: 4206212
	3215  -  MemoryUsage of job (MB)
	3292020  -  ResidentSetSize of job (KB)
...
006 (14460.003.000) 2025-01-12 19:54:31 Image size of job updated: 4215392
	3215  -  MemoryUsage of job (MB)
	3292020  -  ResidentSetSize of job (KB)
...
006 (14460.003.000) 2025-01-12 20:09:33 Image size of job updated: 4223564
	3215  -  MemoryUsage of job (MB)
	3292020  -  ResidentSetSize of job (KB)
...
006 (14460.003.000) 2025-01-12 20:14:34 Image size of job updated: 4292288
	3215  -  MemoryUsage of job (MB)
	3292020  -  ResidentSetSize of job (KB)
...
006 (14460.003.000) 2025-01-15 05:00:27 Image size of job updated: 4292288
	3221  -  MemoryUsage of job (MB)
	3298140  -  ResidentSetSize of job (KB)
...
006 (14460.003.000) 2025-01-15 05:50:31 Image size of job updated: 4357840
	3221  -  MemoryUsage of job (MB)
	3298140  -  ResidentSetSize of job (KB)
...
006 (14460.003.000) 2025-01-15 06:05:33 Image size of job updated: 4357840
	3241  -  MemoryUsage of job (MB)
	3318772  -  ResidentSetSize of job (KB)
...
006 (14460.003.000) 2025-01-15 07:25:42 Image size of job updated: 4357840
	3312  -  MemoryUsage of job (MB)
	3391376  -  ResidentSetSize of job (KB)
...
006 (14460.003.000) 2025-01-15 10:10:59 Image size of job updated: 4423392
	3312  -  MemoryUsage of job (MB)
	3391376  -  ResidentSetSize of job (KB)
...
006 (14460.003.000) 2025-01-15 10:36:02 Image size of job updated: 4423392
	3364  -  MemoryUsage of job (MB)
	3444580  -  ResidentSetSize of job (KB)
...
006 (14460.003.000) 2025-01-15 10:41:02 Image size of job updated: 4423392
	3365  -  MemoryUsage of job (MB)
	3444844  -  ResidentSetSize of job (KB)
...
006 (14460.003.000) 2025-01-15 11:01:04 Image size of job updated: 4423392
	3370  -  MemoryUsage of job (MB)
	3450040  -  ResidentSetSize of job (KB)
...
006 (14460.003.000) 2025-01-15 11:36:08 Image size of job updated: 4488944
	3370  -  MemoryUsage of job (MB)
	3450040  -  ResidentSetSize of job (KB)
...
006 (14460.003.000) 2025-01-15 12:46:15 Image size of job updated: 4554496
	3370  -  MemoryUsage of job (MB)
	3450040  -  ResidentSetSize of job (KB)
...
006 (14460.003.000) 2025-01-15 12:56:16 Image size of job updated: 4554496
	3530  -  MemoryUsage of job (MB)
	3614676  -  ResidentSetSize of job (KB)
...
006 (14460.003.000) 2025-01-15 13:46:21 Image size of job updated: 4620416
	3530  -  MemoryUsage of job (MB)
	3614676  -  ResidentSetSize of job (KB)
...
006 (14460.003.000) 2025-01-15 14:11:24 Image size of job updated: 4620416
	3554  -  MemoryUsage of job (MB)
	3638996  -  ResidentSetSize of job (KB)
...
006 (14460.003.000) 2025-01-15 14:21:24 Image size of job updated: 4634752
	3554  -  MemoryUsage of job (MB)
	3638996  -  ResidentSetSize of job (KB)
...
006 (14460.003.000) 2025-01-15 14:46:28 Image size of job updated: 4634752
	3567  -  MemoryUsage of job (MB)
	3652016  -  ResidentSetSize of job (KB)
...
006 (14460.003.000) 2025-01-15 15:01:30 Image size of job updated: 4714640
	3567  -  MemoryUsage of job (MB)
	3652016  -  ResidentSetSize of job (KB)
...
006 (14460.003.000) 2025-01-15 15:36:34 Image size of job updated: 4728976
	3567  -  MemoryUsage of job (MB)
	3652016  -  ResidentSetSize of job (KB)
...
006 (14460.003.000) 2025-01-15 16:21:39 Image size of job updated: 4728976
	3630  -  MemoryUsage of job (MB)
	3716452  -  ResidentSetSize of job (KB)
...
006 (14460.003.000) 2025-01-15 16:26:39 Image size of job updated: 4728976
	3630  -  MemoryUsage of job (MB)
	3716584  -  ResidentSetSize of job (KB)
...
006 (14460.003.000) 2025-01-15 16:46:41 Image size of job updated: 4794528
	3630  -  MemoryUsage of job (MB)
	3716584  -  ResidentSetSize of job (KB)
...
006 (14460.003.000) 2025-01-15 17:06:44 Image size of job updated: 4825248
	3630  -  MemoryUsage of job (MB)
	3716584  -  ResidentSetSize of job (KB)
...
006 (14460.003.000) 2025-01-19 01:29:57 Image size of job updated: 4833652
	3630  -  MemoryUsage of job (MB)
	3716584  -  ResidentSetSize of job (KB)
...
006 (14460.003.000) 2025-01-19 04:35:18 Image size of job updated: 4854388
	3630  -  MemoryUsage of job (MB)
	3716584  -  ResidentSetSize of job (KB)
...
006 (14460.003.000) 2025-01-19 07:10:34 Image size of job updated: 4864628
	3630  -  MemoryUsage of job (MB)
	3716584  -  ResidentSetSize of job (KB)
...
006 (14460.003.000) 2025-01-19 09:10:47 Image size of job updated: 4874868
	3630  -  MemoryUsage of job (MB)
	3716584  -  ResidentSetSize of job (KB)
...
006 (14460.003.000) 2025-01-19 10:25:55 Image size of job updated: 4885108
	3630  -  MemoryUsage of job (MB)
	3716584  -  ResidentSetSize of job (KB)
...
006 (14460.003.000) 2025-01-19 11:05:59 Image size of job updated: 4895348
	3630  -  MemoryUsage of job (MB)
	3716584  -  ResidentSetSize of job (KB)
...
006 (14460.003.000) 2025-01-19 11:16:00 Image size of job updated: 4895348
	3685  -  MemoryUsage of job (MB)
	3772456  -  ResidentSetSize of job (KB)
...
006 (14460.003.000) 2025-01-19 12:01:04 Image size of job updated: 4905588
	3685  -  MemoryUsage of job (MB)
	3772456  -  ResidentSetSize of job (KB)
...
006 (14460.003.000) 2025-01-19 12:36:08 Image size of job updated: 4909992
	3685  -  MemoryUsage of job (MB)
	3772456  -  ResidentSetSize of job (KB)
...
006 (14460.003.000) 2025-01-19 12:51:10 Image size of job updated: 4913540
	3685  -  MemoryUsage of job (MB)
	3772456  -  ResidentSetSize of job (KB)
...
006 (14460.003.000) 2025-01-19 13:26:14 Image size of job updated: 4920196
	3685  -  MemoryUsage of job (MB)
	3772456  -  ResidentSetSize of job (KB)
...
006 (14460.003.000) 2025-01-19 14:06:19 Image size of job updated: 4920196
	3828  -  MemoryUsage of job (MB)
	3918948  -  ResidentSetSize of job (KB)
...
006 (14460.003.000) 2025-01-19 14:11:20 Image size of job updated: 4926856
	3828  -  MemoryUsage of job (MB)
	3918948  -  ResidentSetSize of job (KB)
...
006 (14460.003.000) 2025-01-19 14:41:22 Image size of job updated: 4926856
	3859  -  MemoryUsage of job (MB)
	3950896  -  ResidentSetSize of job (KB)
...
006 (14460.003.000) 2025-01-19 14:51:23 Image size of job updated: 4931976
	3859  -  MemoryUsage of job (MB)
	3950896  -  ResidentSetSize of job (KB)
...
006 (14460.003.000) 2025-01-19 15:36:28 Image size of job updated: 4938376
	3859  -  MemoryUsage of job (MB)
	3950896  -  ResidentSetSize of job (KB)
...
006 (14460.003.000) 2025-01-19 16:56:35 Image size of job updated: 4945288
	3859  -  MemoryUsage of job (MB)
	3950896  -  ResidentSetSize of job (KB)
...
006 (14460.003.000) 2025-01-19 17:56:41 Image size of job updated: 4951944
	3859  -  MemoryUsage of job (MB)
	3950896  -  ResidentSetSize of job (KB)
...
006 (14460.003.000) 2025-01-19 18:41:46 Image size of job updated: 4951944
	3887  -  MemoryUsage of job (MB)
	3980260  -  ResidentSetSize of job (KB)
...
006 (14460.003.000) 2025-01-19 18:46:46 Image size of job updated: 4951944
	3920  -  MemoryUsage of job (MB)
	4013680  -  ResidentSetSize of job (KB)
...
006 (14460.003.000) 2025-01-19 19:36:51 Image size of job updated: 4962312
	3920  -  MemoryUsage of job (MB)
	4013680  -  ResidentSetSize of job (KB)
...
006 (14460.003.000) 2025-01-19 21:17:00 Image size of job updated: 4968712
	3920  -  MemoryUsage of job (MB)
	4013680  -  ResidentSetSize of job (KB)
...
006 (14460.003.000) 2025-01-19 22:37:08 Image size of job updated: 4968712
	3929  -  MemoryUsage of job (MB)
	4022700  -  ResidentSetSize of job (KB)
...
006 (14460.003.000) 2025-01-20 00:47:20 Image size of job updated: 4975368
	3929  -  MemoryUsage of job (MB)
	4022700  -  ResidentSetSize of job (KB)
...
006 (14460.003.000) 2025-01-20 01:37:26 Image size of job updated: 4975368
	3938  -  MemoryUsage of job (MB)
	4032024  -  ResidentSetSize of job (KB)
...
006 (14460.003.000) 2025-01-20 01:42:27 Image size of job updated: 4975368
	3938  -  MemoryUsage of job (MB)
	4032156  -  ResidentSetSize of job (KB)
...
006 (14460.003.000) 2025-01-20 03:02:36 Image size of job updated: 4975368
	3941  -  MemoryUsage of job (MB)
	4034964  -  ResidentSetSize of job (KB)
...
006 (14460.003.000) 2025-01-20 03:32:39 Image size of job updated: 4982024
	3941  -  MemoryUsage of job (MB)
	4034964  -  ResidentSetSize of job (KB)
...
006 (14460.003.000) 2025-01-20 05:17:50 Image size of job updated: 4992392
	3941  -  MemoryUsage of job (MB)
	4034964  -  ResidentSetSize of job (KB)
...
006 (14460.003.000) 2025-01-20 07:03:00 Image size of job updated: 4997512
	3941  -  MemoryUsage of job (MB)
	4034964  -  ResidentSetSize of job (KB)
...
006 (14460.003.000) 2025-01-20 07:18:01 Image size of job updated: 4997512
	3978  -  MemoryUsage of job (MB)
	4073072  -  ResidentSetSize of job (KB)
...
006 (14460.003.000) 2025-01-20 07:48:04 Image size of job updated: 5063064
	3978  -  MemoryUsage of job (MB)
	4073072  -  ResidentSetSize of job (KB)
...
006 (14460.003.000) 2025-01-20 08:28:09 Image size of job updated: 5068184
	3978  -  MemoryUsage of job (MB)
	4073072  -  ResidentSetSize of job (KB)
...
006 (14460.003.000) 2025-01-20 09:58:18 Image size of job updated: 5068184
	4017  -  MemoryUsage of job (MB)
	4112672  -  ResidentSetSize of job (KB)
...
006 (14460.003.000) 2025-01-20 10:13:19 Image size of job updated: 5073304
	4017  -  MemoryUsage of job (MB)
	4112672  -  ResidentSetSize of job (KB)
...
006 (14460.003.000) 2025-01-20 11:48:28 Image size of job updated: 5078424
	4017  -  MemoryUsage of job (MB)
	4112672  -  ResidentSetSize of job (KB)
...
006 (14460.003.000) 2025-01-20 13:43:42 Image size of job updated: 5083544
	4017  -  MemoryUsage of job (MB)
	4112672  -  ResidentSetSize of job (KB)
...
006 (14460.003.000) 2025-01-20 14:53:49 Image size of job updated: 5083828
	4017  -  MemoryUsage of job (MB)
	4112672  -  ResidentSetSize of job (KB)
...
006 (14460.003.000) 2025-01-20 15:53:56 Image size of job updated: 5088664
	4028  -  MemoryUsage of job (MB)
	4123652  -  ResidentSetSize of job (KB)
...
006 (14460.003.000) 2025-01-20 16:54:01 Image size of job updated: 5093784
	4028  -  MemoryUsage of job (MB)
	4123652  -  ResidentSetSize of job (KB)
...
006 (14460.003.000) 2025-01-20 18:59:14 Image size of job updated: 5109144
	4028  -  MemoryUsage of job (MB)
	4123652  -  ResidentSetSize of job (KB)
...
006 (14460.003.000) 2025-01-26 20:34:01 Image size of job updated: 5126984
	4028  -  MemoryUsage of job (MB)
	4123652  -  ResidentSetSize of job (KB)
...
006 (14460.003.000) 2025-01-26 20:39:01 Image size of job updated: 5134596
	4028  -  MemoryUsage of job (MB)
	4123652  -  ResidentSetSize of job (KB)
...
006 (14460.003.000) 2025-01-26 20:54:03 Image size of job updated: 5135904
	4028  -  MemoryUsage of job (MB)
	4123652  -  ResidentSetSize of job (KB)
...
006 (14460.003.000) 2025-01-26 20:59:04 Image size of job updated: 5142172
	4028  -  MemoryUsage of job (MB)
	4123652  -  ResidentSetSize of job (KB)
...
006 (14460.003.000) 2025-01-26 23:09:18 Image size of job updated: 5149452
	4028  -  MemoryUsage of job (MB)
	4123652  -  ResidentSetSize of job (KB)
...
006 (14460.003.000) 2025-01-26 23:54:21 Image size of job updated: 5159692
	4028  -  MemoryUsage of job (MB)
	4123652  -  ResidentSetSize of job (KB)
...
006 (14460.003.000) 2025-01-27 00:39:26 Image size of job updated: 5169932
	4028  -  MemoryUsage of job (MB)
	4123652  -  ResidentSetSize of job (KB)
...
006 (14460.003.000) 2025-01-27 00:49:27 Image size of job updated: 5170904
	4028  -  MemoryUsage of job (MB)
	4123652  -  ResidentSetSize of job (KB)
...
006 (14460.003.000) 2025-01-27 00:59:28 Image size of job updated: 5171328
	4028  -  MemoryUsage of job (MB)
	4123652  -  ResidentSetSize of job (KB)
...
006 (14460.003.000) 2025-01-27 01:04:29 Image size of job updated: 5171328
	4109  -  MemoryUsage of job (MB)
	4206884  -  ResidentSetSize of job (KB)
...
006 (14460.003.000) 2025-01-27 01:09:30 Image size of job updated: 5236880
	4109  -  MemoryUsage of job (MB)
	4206884  -  ResidentSetSize of job (KB)
...
006 (14460.003.000) 2025-01-27 01:44:33 Image size of job updated: 5249820
	4109  -  MemoryUsage of job (MB)
	4206884  -  ResidentSetSize of job (KB)
...
006 (14460.003.000) 2025-01-27 01:49:33 Image size of job updated: 5249820
	4127  -  MemoryUsage of job (MB)
	4225648  -  ResidentSetSize of job (KB)
...
006 (14460.003.000) 2025-01-27 02:04:35 Image size of job updated: 5249820
	4139  -  MemoryUsage of job (MB)
	4237516  -  ResidentSetSize of job (KB)
...
006 (14460.003.000) 2025-01-27 02:09:36 Image size of job updated: 5249820
	4139  -  MemoryUsage of job (MB)
	4237780  -  ResidentSetSize of job (KB)
...
006 (14460.003.000) 2025-01-27 02:39:38 Image size of job updated: 5315372
	4256  -  MemoryUsage of job (MB)
	4357316  -  ResidentSetSize of job (KB)
...
006 (14460.003.000) 2025-01-27 02:44:39 Image size of job updated: 5315372
	4256  -  MemoryUsage of job (MB)
	4357448  -  ResidentSetSize of job (KB)
...
006 (14460.003.000) 2025-01-27 02:54:40 Image size of job updated: 5325612
	4256  -  MemoryUsage of job (MB)
	4357448  -  ResidentSetSize of job (KB)
...
006 (14460.003.000) 2025-01-27 04:39:51 Image size of job updated: 5335852
	4311  -  MemoryUsage of job (MB)
	4414224  -  ResidentSetSize of job (KB)
...
006 (14460.003.000) 2025-01-27 05:24:55 Image size of job updated: 5401404
	4311  -  MemoryUsage of job (MB)
	4414224  -  ResidentSetSize of job (KB)
...
006 (14460.003.000) 2025-01-27 05:49:58 Image size of job updated: 5411644
	4311  -  MemoryUsage of job (MB)
	4414224  -  ResidentSetSize of job (KB)
...
006 (14460.003.000) 2025-01-27 06:45:04 Image size of job updated: 5411644
	4338  -  MemoryUsage of job (MB)
	4441284  -  ResidentSetSize of job (KB)
...
006 (14460.003.000) 2025-01-27 09:15:20 Image size of job updated: 5422012
	4338  -  MemoryUsage of job (MB)
	4441284  -  ResidentSetSize of job (KB)
...
006 (14460.003.000) 2025-01-27 09:25:21 Image size of job updated: 5422012
	4375  -  MemoryUsage of job (MB)
	4479064  -  ResidentSetSize of job (KB)
...
006 (14460.003.000) 2025-01-27 11:35:34 Image size of job updated: 5427132
	4375  -  MemoryUsage of job (MB)
	4479064  -  ResidentSetSize of job (KB)
...
006 (14460.003.000) 2025-01-27 12:35:41 Image size of job updated: 5432256
	4375  -  MemoryUsage of job (MB)
	4479064  -  ResidentSetSize of job (KB)
...
006 (14460.003.000) 2025-01-27 13:25:46 Image size of job updated: 5443008
	4375  -  MemoryUsage of job (MB)
	4479064  -  ResidentSetSize of job (KB)
...
006 (14460.003.000) 2025-01-27 14:25:51 Image size of job updated: 5448128
	4375  -  MemoryUsage of job (MB)
	4479064  -  ResidentSetSize of job (KB)
...
006 (14460.003.000) 2025-01-27 15:45:59 Image size of job updated: 5453248
	4375  -  MemoryUsage of job (MB)
	4479064  -  ResidentSetSize of job (KB)
...
006 (14460.003.000) 2025-01-27 16:31:04 Image size of job updated: 5518800
	4375  -  MemoryUsage of job (MB)
	4479064  -  ResidentSetSize of job (KB)
...
006 (14460.003.000) 2025-01-27 16:46:06 Image size of job updated: 5522384
	4375  -  MemoryUsage of job (MB)
	4479064  -  ResidentSetSize of job (KB)
...
006 (14460.003.000) 2025-01-27 17:21:10 Image size of job updated: 5522384
	4422  -  MemoryUsage of job (MB)
	4527268  -  ResidentSetSize of job (KB)
...
006 (14460.003.000) 2025-01-27 17:26:10 Image size of job updated: 5522384
	4422  -  MemoryUsage of job (MB)
	4527400  -  ResidentSetSize of job (KB)
...
006 (14460.003.000) 2025-01-27 18:41:18 Image size of job updated: 5527504
	4422  -  MemoryUsage of job (MB)
	4527400  -  ResidentSetSize of job (KB)
...
006 (14460.003.000) 2025-01-27 19:41:24 Image size of job updated: 5527504
	4455  -  MemoryUsage of job (MB)
	4561648  -  ResidentSetSize of job (KB)
...
006 (14460.003.000) 2025-01-27 19:46:26 Image size of job updated: 5527504
	4455  -  MemoryUsage of job (MB)
	4561780  -  ResidentSetSize of job (KB)
...
006 (14460.003.000) 2025-01-27 20:51:32 Image size of job updated: 5534160
	4455  -  MemoryUsage of job (MB)
	4561780  -  ResidentSetSize of job (KB)
...
006 (14460.003.000) 2025-01-27 23:11:47 Image size of job updated: 5540816
	4455  -  MemoryUsage of job (MB)
	4561780  -  ResidentSetSize of job (KB)
...
006 (14460.003.000) 2025-01-27 23:16:47 Image size of job updated: 5540816
	4483  -  MemoryUsage of job (MB)
	4590108  -  ResidentSetSize of job (KB)
...
006 (14460.003.000) 2025-01-27 23:26:49 Image size of job updated: 5540816
	4521  -  MemoryUsage of job (MB)
	4628900  -  ResidentSetSize of job (KB)
...
006 (14460.003.000) 2025-01-28 03:07:11 Image size of job updated: 5545936
	4521  -  MemoryUsage of job (MB)
	4628900  -  ResidentSetSize of job (KB)
...
006 (14460.003.000) 2025-01-28 04:52:22 Image size of job updated: 5551056
	4521  -  MemoryUsage of job (MB)
	4628900  -  ResidentSetSize of job (KB)
...
006 (14460.003.000) 2025-01-28 07:32:38 Image size of job updated: 5556176
	4521  -  MemoryUsage of job (MB)
	4628900  -  ResidentSetSize of job (KB)
...
006 (14460.003.000) 2025-01-28 10:27:57 Image size of job updated: 5561296
	4521  -  MemoryUsage of job (MB)
	4628900  -  ResidentSetSize of job (KB)
...
006 (14460.003.000) 2025-01-28 12:03:07 Image size of job updated: 5567756
	4521  -  MemoryUsage of job (MB)
	4628900  -  ResidentSetSize of job (KB)
...
006 (14460.003.000) 2025-01-28 12:08:08 Image size of job updated: 5587976
	4521  -  MemoryUsage of job (MB)
	4628900  -  ResidentSetSize of job (KB)
...
006 (14460.003.000) 2025-01-28 12:13:08 Image size of job updated: 5605680
	4521  -  MemoryUsage of job (MB)
	4628900  -  ResidentSetSize of job (KB)
...
006 (14460.003.000) 2025-01-28 12:23:09 Image size of job updated: 5606104
	4521  -  MemoryUsage of job (MB)
	4628900  -  ResidentSetSize of job (KB)
...
006 (14460.003.000) 2025-01-28 13:43:18 Image size of job updated: 5606104
	4546  -  MemoryUsage of job (MB)
	4654588  -  ResidentSetSize of job (KB)
...
006 (14460.003.000) 2025-01-28 13:48:19 Image size of job updated: 5606104
	4546  -  MemoryUsage of job (MB)
	4654720  -  ResidentSetSize of job (KB)
...
006 (14460.003.000) 2025-01-28 16:38:38 Image size of job updated: 5671656
	4546  -  MemoryUsage of job (MB)
	4654720  -  ResidentSetSize of job (KB)
...
006 (14460.003.000) 2025-01-28 20:34:02 Image size of job updated: 5671656
	4616  -  MemoryUsage of job (MB)
	4726344  -  ResidentSetSize of job (KB)
...
006 (14460.003.000) 2025-01-29 01:29:29 Image size of job updated: 5737208
	4616  -  MemoryUsage of job (MB)
	4726344  -  ResidentSetSize of job (KB)
...
006 (14460.003.000) 2025-01-29 01:34:29 Image size of job updated: 5747448
	4616  -  MemoryUsage of job (MB)
	4726344  -  ResidentSetSize of job (KB)
...
006 (14460.003.000) 2025-02-01 18:28:40 Image size of job updated: 5752668
	4616  -  MemoryUsage of job (MB)
	4726344  -  ResidentSetSize of job (KB)
...
006 (14460.003.000) 2025-02-01 18:58:44 Image size of job updated: 5752668
	4653  -  MemoryUsage of job (MB)
	4763832  -  ResidentSetSize of job (KB)
...
006 (14460.003.000) 2025-02-01 19:03:44 Image size of job updated: 5752668
	4653  -  MemoryUsage of job (MB)
	4763964  -  ResidentSetSize of job (KB)
...
006 (14460.003.000) 2025-02-01 19:18:46 Image size of job updated: 5768028
	4653  -  MemoryUsage of job (MB)
	4763964  -  ResidentSetSize of job (KB)
...
006 (14460.003.000) 2025-02-01 20:43:54 Image size of job updated: 5774940
	4653  -  MemoryUsage of job (MB)
	4763964  -  ResidentSetSize of job (KB)
...
006 (14460.003.000) 2025-02-01 22:04:02 Image size of job updated: 5780060
	4653  -  MemoryUsage of job (MB)
	4763964  -  ResidentSetSize of job (KB)
...
006 (14460.003.000) 2025-02-01 22:24:04 Image size of job updated: 5780060
	4707  -  MemoryUsage of job (MB)
	4819960  -  ResidentSetSize of job (KB)
...
006 (14460.003.000) 2025-02-01 22:29:05 Image size of job updated: 5780060
	4725  -  MemoryUsage of job (MB)
	4837768  -  ResidentSetSize of job (KB)
...
006 (14460.003.000) 2025-02-01 23:34:12 Image size of job updated: 5786460
	4725  -  MemoryUsage of job (MB)
	4837768  -  ResidentSetSize of job (KB)
...
006 (14460.003.000) 2025-02-01 23:49:13 Image size of job updated: 5786460
	4755  -  MemoryUsage of job (MB)
	4868484  -  ResidentSetSize of job (KB)
...
006 (14460.003.000) 2025-02-02 01:04:21 Image size of job updated: 5793116
	4755  -  MemoryUsage of job (MB)
	4868484  -  ResidentSetSize of job (KB)
...
006 (14460.003.000) 2025-02-02 03:34:34 Image size of job updated: 5798236
	4755  -  MemoryUsage of job (MB)
	4868484  -  ResidentSetSize of job (KB)
...
006 (14460.003.000) 2025-02-02 04:49:43 Image size of job updated: 5805152
	4755  -  MemoryUsage of job (MB)
	4868484  -  ResidentSetSize of job (KB)
...
006 (14460.003.000) 2025-02-02 04:59:44 Image size of job updated: 5805152
	4774  -  MemoryUsage of job (MB)
	4888528  -  ResidentSetSize of job (KB)
...
006 (14460.003.000) 2025-02-02 06:59:57 Image size of job updated: 5812064
	4774  -  MemoryUsage of job (MB)
	4888528  -  ResidentSetSize of job (KB)
...
006 (14460.003.000) 2025-02-02 09:10:10 Image size of job updated: 5817184
	4774  -  MemoryUsage of job (MB)
	4888528  -  ResidentSetSize of job (KB)
...
006 (14460.003.000) 2025-02-02 11:25:24 Image size of job updated: 5823840
	4774  -  MemoryUsage of job (MB)
	4888528  -  ResidentSetSize of job (KB)
...
006 (14460.003.000) 2025-02-02 11:30:24 Image size of job updated: 5823840
	4792  -  MemoryUsage of job (MB)
	4907008  -  ResidentSetSize of job (KB)
...
006 (14460.003.000) 2025-02-02 13:10:35 Image size of job updated: 5889392
	4792  -  MemoryUsage of job (MB)
	4907008  -  ResidentSetSize of job (KB)
...
006 (14460.003.000) 2025-02-02 13:45:39 Image size of job updated: 5894512
	4792  -  MemoryUsage of job (MB)
	4907008  -  ResidentSetSize of job (KB)
...
006 (14460.003.000) 2025-02-02 14:30:44 Image size of job updated: 5901680
	4792  -  MemoryUsage of job (MB)
	4907008  -  ResidentSetSize of job (KB)
...
006 (14460.003.000) 2025-02-02 15:05:47 Image size of job updated: 5906800
	4792  -  MemoryUsage of job (MB)
	4907008  -  ResidentSetSize of job (KB)
...
006 (14460.003.000) 2025-02-02 16:05:55 Image size of job updated: 5906800
	4829  -  MemoryUsage of job (MB)
	4944624  -  ResidentSetSize of job (KB)
...
006 (14460.003.000) 2025-02-02 17:16:02 Image size of job updated: 5913456
	4829  -  MemoryUsage of job (MB)
	4944624  -  ResidentSetSize of job (KB)
...
006 (14460.003.000) 2025-02-02 18:06:07 Image size of job updated: 5913456
	4848  -  MemoryUsage of job (MB)
	4963432  -  ResidentSetSize of job (KB)
...
006 (14460.003.000) 2025-02-02 18:26:09 Image size of job updated: 5918576
	4848  -  MemoryUsage of job (MB)
	4963432  -  ResidentSetSize of job (KB)
...
006 (14460.003.000) 2025-02-02 19:11:13 Image size of job updated: 5923696
	4848  -  MemoryUsage of job (MB)
	4963432  -  ResidentSetSize of job (KB)
...
006 (14460.003.000) 2025-02-02 19:16:14 Image size of job updated: 5989248
	4848  -  MemoryUsage of job (MB)
	4963432  -  ResidentSetSize of job (KB)
...
006 (14460.003.000) 2025-02-02 19:26:15 Image size of job updated: 5989248
	4928  -  MemoryUsage of job (MB)
	5045456  -  ResidentSetSize of job (KB)
...
006 (14460.003.000) 2025-02-02 19:51:18 Image size of job updated: 5996160
	4928  -  MemoryUsage of job (MB)
	5045456  -  ResidentSetSize of job (KB)
...
006 (14460.003.000) 2025-02-02 22:11:32 Image size of job updated: 6003072
	4928  -  MemoryUsage of job (MB)
	5045456  -  ResidentSetSize of job (KB)
...
006 (14460.003.000) 2025-02-03 00:36:48 Image size of job updated: 6009728
	4928  -  MemoryUsage of job (MB)
	5045456  -  ResidentSetSize of job (KB)
...
006 (14460.003.000) 2025-02-03 02:46:59 Image size of job updated: 6016896
	4928  -  MemoryUsage of job (MB)
	5045456  -  ResidentSetSize of job (KB)
...
006 (14460.003.000) 2025-02-03 04:47:12 Image size of job updated: 6022016
	4928  -  MemoryUsage of job (MB)
	5045456  -  ResidentSetSize of job (KB)
...
006 (14460.003.000) 2025-02-03 05:57:20 Image size of job updated: 6027136
	4928  -  MemoryUsage of job (MB)
	5045456  -  ResidentSetSize of job (KB)
...
006 (14460.003.000) 2025-02-03 06:52:26 Image size of job updated: 6033792
	4928  -  MemoryUsage of job (MB)
	5045456  -  ResidentSetSize of job (KB)
...
006 (14460.003.000) 2025-02-03 06:57:27 Image size of job updated: 6033792
	4936  -  MemoryUsage of job (MB)
	5053472  -  ResidentSetSize of job (KB)
...
006 (14460.003.000) 2025-02-03 09:02:39 Image size of job updated: 6049152
	4936  -  MemoryUsage of job (MB)
	5053472  -  ResidentSetSize of job (KB)
...
006 (14460.003.000) 2025-02-03 09:42:43 Image size of job updated: 6114704
	4936  -  MemoryUsage of job (MB)
	5053472  -  ResidentSetSize of job (KB)
...
006 (14460.003.000) 2025-02-03 09:52:44 Image size of job updated: 6114704
	4965  -  MemoryUsage of job (MB)
	5083916  -  ResidentSetSize of job (KB)
...
006 (14460.003.000) 2025-02-03 09:57:45 Image size of job updated: 6121616
	4965  -  MemoryUsage of job (MB)
	5083916  -  ResidentSetSize of job (KB)
...
006 (14460.003.000) 2025-02-03 10:42:48 Image size of job updated: 6136980
	4965  -  MemoryUsage of job (MB)
	5083916  -  ResidentSetSize of job (KB)
...
006 (14460.003.000) 2025-02-03 11:07:52 Image size of job updated: 6136980
	4993  -  MemoryUsage of job (MB)
	5112732  -  ResidentSetSize of job (KB)
...
006 (14460.003.000) 2025-02-03 11:12:52 Image size of job updated: 6136980
	4994  -  MemoryUsage of job (MB)
	5113260  -  ResidentSetSize of job (KB)
...
006 (14460.003.000) 2025-02-03 11:32:53 Image size of job updated: 6143892
	4994  -  MemoryUsage of job (MB)
	5113260  -  ResidentSetSize of job (KB)
...
006 (14460.003.000) 2025-02-03 12:22:59 Image size of job updated: 6143892
	5045  -  MemoryUsage of job (MB)
	5165880  -  ResidentSetSize of job (KB)
...
006 (14460.003.000) 2025-02-03 12:33:01 Image size of job updated: 6149012
	5045  -  MemoryUsage of job (MB)
	5165880  -  ResidentSetSize of job (KB)
...
006 (14460.003.000) 2025-02-03 12:38:01 Image size of job updated: 6149012
	5065  -  MemoryUsage of job (MB)
	5185884  -  ResidentSetSize of job (KB)
...
006 (14460.003.000) 2025-02-03 12:43:02 Image size of job updated: 6149012
	5065  -  MemoryUsage of job (MB)
	5186280  -  ResidentSetSize of job (KB)
...
006 (14460.003.000) 2025-02-03 13:33:07 Image size of job updated: 6154132
	5065  -  MemoryUsage of job (MB)
	5186280  -  ResidentSetSize of job (KB)
...
006 (14460.003.000) 2025-02-03 13:38:08 Image size of job updated: 6219684
	5065  -  MemoryUsage of job (MB)
	5186280  -  ResidentSetSize of job (KB)
...
006 (14460.003.000) 2025-02-03 15:28:19 Image size of job updated: 6219684
	5107  -  MemoryUsage of job (MB)
	5229560  -  ResidentSetSize of job (KB)
...
006 (14460.003.000) 2025-02-03 15:33:19 Image size of job updated: 6219684
	5108  -  MemoryUsage of job (MB)
	5229692  -  ResidentSetSize of job (KB)
...
006 (14460.003.000) 2025-02-03 16:33:25 Image size of job updated: 6226596
	5108  -  MemoryUsage of job (MB)
	5229692  -  ResidentSetSize of job (KB)
...
006 (14460.003.000) 2025-02-03 17:38:33 Image size of job updated: 6241956
	5108  -  MemoryUsage of job (MB)
	5229692  -  ResidentSetSize of job (KB)
...
006 (14460.003.000) 2025-02-03 17:58:34 Image size of job updated: 6241956
	5121  -  MemoryUsage of job (MB)
	5243680  -  ResidentSetSize of job (KB)
...
006 (14460.003.000) 2025-02-03 18:03:34 Image size of job updated: 6241956
	5121  -  MemoryUsage of job (MB)
	5243812  -  ResidentSetSize of job (KB)
...
006 (14460.003.000) 2025-02-03 20:23:50 Image size of job updated: 6241956
	5130  -  MemoryUsage of job (MB)
	5252988  -  ResidentSetSize of job (KB)
...
006 (14460.003.000) 2025-02-03 22:14:01 Image size of job updated: 6257316
	5130  -  MemoryUsage of job (MB)
	5252988  -  ResidentSetSize of job (KB)
...
006 (14460.003.000) 2025-02-03 22:19:02 Image size of job updated: 6257316
	5136  -  MemoryUsage of job (MB)
	5259232  -  ResidentSetSize of job (KB)
...
006 (14460.003.000) 2025-02-03 23:59:12 Image size of job updated: 6257316
	5166  -  MemoryUsage of job (MB)
	5289804  -  ResidentSetSize of job (KB)
...
006 (14460.003.000) 2025-02-04 00:34:17 Image size of job updated: 6262436
	5166  -  MemoryUsage of job (MB)
	5289804  -  ResidentSetSize of job (KB)
...
006 (14460.003.000) 2025-02-04 01:49:24 Image size of job updated: 6262436
	5183  -  MemoryUsage of job (MB)
	5306564  -  ResidentSetSize of job (KB)
...
006 (14460.003.000) 2025-02-04 01:54:25 Image size of job updated: 6267556
	5183  -  MemoryUsage of job (MB)
	5306564  -  ResidentSetSize of job (KB)
...
006 (14460.003.000) 2025-02-04 03:44:36 Image size of job updated: 6333108
	5183  -  MemoryUsage of job (MB)
	5306564  -  ResidentSetSize of job (KB)
...
006 (14460.003.000) 2025-02-04 05:44:48 Image size of job updated: 6348468
	5183  -  MemoryUsage of job (MB)
	5306564  -  ResidentSetSize of job (KB)
...
006 (14460.003.000) 2025-02-04 06:14:51 Image size of job updated: 6348468
	5223  -  MemoryUsage of job (MB)
	5347712  -  ResidentSetSize of job (KB)
...
006 (14460.003.000) 2025-02-04 07:39:59 Image size of job updated: 6348468
	5270  -  MemoryUsage of job (MB)
	5395948  -  ResidentSetSize of job (KB)
...
006 (14460.003.000) 2025-02-04 10:00:13 Image size of job updated: 6355380
	5270  -  MemoryUsage of job (MB)
	5395948  -  ResidentSetSize of job (KB)
...
006 (14460.003.000) 2025-02-04 11:25:24 Image size of job updated: 6355380
	5275  -  MemoryUsage of job (MB)
	5401468  -  ResidentSetSize of job (KB)
...
006 (14460.003.000) 2025-02-04 14:30:44 Image size of job updated: 6362292
	5275  -  MemoryUsage of job (MB)
	5401468  -  ResidentSetSize of job (KB)
...
006 (14460.003.000) 2025-02-04 17:51:01 Image size of job updated: 6362292
	5286  -  MemoryUsage of job (MB)
	5412644  -  ResidentSetSize of job (KB)
...
006 (14460.003.000) 2025-02-04 20:41:20 Image size of job updated: 6369204
	5286  -  MemoryUsage of job (MB)
	5412644  -  ResidentSetSize of job (KB)
...
006 (14460.003.000) 2025-02-05 00:11:44 Image size of job updated: 6376116
	5286  -  MemoryUsage of job (MB)
	5412644  -  ResidentSetSize of job (KB)
...
006 (14460.003.000) 2025-02-05 01:21:50 Image size of job updated: 6441668
	5286  -  MemoryUsage of job (MB)
	5412644  -  ResidentSetSize of job (KB)
...
006 (14460.003.000) 2025-02-05 06:52:24 Image size of job updated: 6448324
	5286  -  MemoryUsage of job (MB)
	5412644  -  ResidentSetSize of job (KB)
...
006 (14460.003.000) 2025-02-05 12:33:02 Image size of job updated: 6448324
	5318  -  MemoryUsage of job (MB)
	5445152  -  ResidentSetSize of job (KB)
...
006 (14460.003.000) 2025-02-05 12:53:05 Image size of job updated: 6453444
	5318  -  MemoryUsage of job (MB)
	5445152  -  ResidentSetSize of job (KB)
...
006 (14460.003.000) 2025-02-05 18:03:37 Image size of job updated: 6458564
	5318  -  MemoryUsage of job (MB)
	5445152  -  ResidentSetSize of job (KB)
...
006 (14460.003.000) 2025-02-15 08:57:21 Image size of job updated: 6469168
	5318  -  MemoryUsage of job (MB)
	5445152  -  ResidentSetSize of job (KB)
...
006 (14460.003.000) 2025-02-15 09:57:25 Image size of job updated: 6474288
	5318  -  MemoryUsage of job (MB)
	5445152  -  ResidentSetSize of job (KB)
...
006 (14460.003.000) 2025-02-15 10:52:31 Image size of job updated: 6480944
	5318  -  MemoryUsage of job (MB)
	5445152  -  ResidentSetSize of job (KB)
...
006 (14460.003.000) 2025-02-15 15:33:02 Image size of job updated: 6496304
	5318  -  MemoryUsage of job (MB)
	5445152  -  ResidentSetSize of job (KB)
...
006 (14460.003.000) 2025-02-15 16:33:08 Image size of job updated: 6502960
	5318  -  MemoryUsage of job (MB)
	5445152  -  ResidentSetSize of job (KB)
...
006 (14460.003.000) 2025-02-15 18:33:20 Image size of job updated: 6508080
	5318  -  MemoryUsage of job (MB)
	5445152  -  ResidentSetSize of job (KB)
...
006 (14460.003.000) 2025-02-15 19:43:27 Image size of job updated: 6513200
	5318  -  MemoryUsage of job (MB)
	5445152  -  ResidentSetSize of job (KB)
...
006 (14460.003.000) 2025-02-15 20:03:29 Image size of job updated: 6513200
	5329  -  MemoryUsage of job (MB)
	5456016  -  ResidentSetSize of job (KB)
...
006 (14460.003.000) 2025-02-15 21:23:37 Image size of job updated: 6518320
	5329  -  MemoryUsage of job (MB)
	5456016  -  ResidentSetSize of job (KB)
...
006 (14460.003.000) 2025-02-15 22:13:43 Image size of job updated: 6518320
	5363  -  MemoryUsage of job (MB)
	5491260  -  ResidentSetSize of job (KB)
...
006 (14460.003.000) 2025-02-15 22:53:46 Image size of job updated: 6525232
	5363  -  MemoryUsage of job (MB)
	5491260  -  ResidentSetSize of job (KB)
...
006 (14460.003.000) 2025-02-15 23:53:52 Image size of job updated: 6530352
	5363  -  MemoryUsage of job (MB)
	5491260  -  ResidentSetSize of job (KB)
...
006 (14460.003.000) 2025-02-16 00:33:56 Image size of job updated: 6530352
	5371  -  MemoryUsage of job (MB)
	5499356  -  ResidentSetSize of job (KB)
...
006 (14460.003.000) 2025-02-16 00:48:58 Image size of job updated: 6535472
	5371  -  MemoryUsage of job (MB)
	5499356  -  ResidentSetSize of job (KB)
...
006 (14460.003.000) 2025-02-16 01:44:04 Image size of job updated: 6550832
	5371  -  MemoryUsage of job (MB)
	5499356  -  ResidentSetSize of job (KB)
...
006 (14460.003.000) 2025-02-16 02:29:08 Image size of job updated: 6566192
	5371  -  MemoryUsage of job (MB)
	5499356  -  ResidentSetSize of job (KB)
...
006 (14460.003.000) 2025-02-16 03:09:12 Image size of job updated: 6571312
	5371  -  MemoryUsage of job (MB)
	5499356  -  ResidentSetSize of job (KB)
...
006 (14460.003.000) 2025-02-16 03:14:13 Image size of job updated: 6571312
	5460  -  MemoryUsage of job (MB)
	5590436  -  ResidentSetSize of job (KB)
...
006 (14460.003.000) 2025-02-16 04:09:17 Image size of job updated: 6576432
	5460  -  MemoryUsage of job (MB)
	5590436  -  ResidentSetSize of job (KB)
...
006 (14460.003.000) 2025-02-16 04:59:22 Image size of job updated: 6581552
	5460  -  MemoryUsage of job (MB)
	5590436  -  ResidentSetSize of job (KB)
...
006 (14460.003.000) 2025-02-16 05:44:27 Image size of job updated: 6586672
	5460  -  MemoryUsage of job (MB)
	5590436  -  ResidentSetSize of job (KB)
...
006 (14460.003.000) 2025-02-16 07:34:38 Image size of job updated: 6591792
	5460  -  MemoryUsage of job (MB)
	5590436  -  ResidentSetSize of job (KB)
...
006 (14460.003.000) 2025-02-16 08:54:47 Image size of job updated: 6598708
	5460  -  MemoryUsage of job (MB)
	5590436  -  ResidentSetSize of job (KB)
...
006 (14460.003.000) 2025-02-16 10:04:54 Image size of job updated: 6603828
	5460  -  MemoryUsage of job (MB)
	5590436  -  ResidentSetSize of job (KB)
...
006 (14460.003.000) 2025-02-16 11:40:04 Image size of job updated: 6619188
	5460  -  MemoryUsage of job (MB)
	5590436  -  ResidentSetSize of job (KB)
...
006 (14460.003.000) 2025-02-16 12:20:08 Image size of job updated: 6626100
	5460  -  MemoryUsage of job (MB)
	5590436  -  ResidentSetSize of job (KB)
...
006 (14460.003.000) 2025-02-16 12:55:11 Image size of job updated: 6626100
	5522  -  MemoryUsage of job (MB)
	5653992  -  ResidentSetSize of job (KB)
...
006 (14460.003.000) 2025-02-16 13:00:11 Image size of job updated: 6626100
	5522  -  MemoryUsage of job (MB)
	5654256  -  ResidentSetSize of job (KB)
...
006 (14460.003.000) 2025-02-16 13:20:14 Image size of job updated: 14884956
	10149  -  MemoryUsage of job (MB)
	10392320  -  ResidentSetSize of job (KB)
...
005 (14460.003.000) 2025-02-16 13:22:47 Job terminated.
	(1) Normal termination (return value 1)
		Usr 57 14:58:47, Sys 0 19:42:31  -  Run Remote Usage
		Usr 0 00:00:00, Sys 0 00:00:00  -  Run Local Usage
		Usr 91 05:53:48, Sys 1 01:21:29  -  Total Remote Usage
		Usr 0 00:00:00, Sys 0 00:00:00  -  Total Local Usage
	0  -  Run Bytes Sent By Job
	0  -  Run Bytes Received By Job
	0  -  Total Bytes Sent By Job
	0  -  Total Bytes Received By Job
	Partitionable Resources :    Usage  Request Allocated 
	   Cpus                 :     1.00        1         1 
	   Disk (KB)            :    15          15      1237 
	   Memory (MB)          : 10149       10240     10240 

	Job terminated of its own accord at 2025-02-16T12:22:47Z with exit-code 1.
...
